[2022-08-04 00:01:28,985] {taskinstance.py:1179} INFO - Dependencies all met for <TaskInstance: secret_vars.transform_task manual__2022-08-03T21:01:26.234348+00:00 [queued]>
[2022-08-04 00:01:28,987] {taskinstance.py:1179} INFO - Dependencies all met for <TaskInstance: secret_vars.transform_task manual__2022-08-03T21:01:26.234348+00:00 [queued]>
[2022-08-04 00:01:28,988] {taskinstance.py:1376} INFO - 
--------------------------------------------------------------------------------
[2022-08-04 00:01:28,988] {taskinstance.py:1377} INFO - Starting attempt 1 of 2
[2022-08-04 00:01:28,988] {taskinstance.py:1378} INFO - 
--------------------------------------------------------------------------------
[2022-08-04 00:01:28,994] {taskinstance.py:1397} INFO - Executing <Task(CSVTransform): transform_task> on 2022-08-03 21:01:26.234348+00:00
[2022-08-04 00:01:28,997] {standard_task_runner.py:52} INFO - Started process 45068 to run task
[2022-08-04 00:01:28,999] {standard_task_runner.py:79} INFO - Running: ['airflow', 'tasks', 'run', 'secret_vars', 'transform_task', 'manual__2022-08-03T21:01:26.234348+00:00', '--job-id', '9', '--raw', '--subdir', 'DAGS_FOLDER/task_dag.py', '--cfg-path', '/tmp/tmpxsr7qvrw', '--error-file', '/tmp/tmprs91fn89']
[2022-08-04 00:01:29,000] {standard_task_runner.py:80} INFO - Job 9: Subtask transform_task
[2022-08-04 00:01:29,022] {task_command.py:371} INFO - Running <TaskInstance: secret_vars.transform_task manual__2022-08-03T21:01:26.234348+00:00 [running]> on host ndx-Victus
[2022-08-04 00:01:29,046] {taskinstance.py:1589} INFO - Exporting the following env vars:
AIRFLOW_CTX_DAG_OWNER=airflow
AIRFLOW_CTX_DAG_ID=secret_vars
AIRFLOW_CTX_TASK_ID=transform_task
AIRFLOW_CTX_EXECUTION_DATE=2022-08-03T21:01:26.234348+00:00
AIRFLOW_CTX_TRY_NUMBER=1
AIRFLOW_CTX_DAG_RUN_ID=manual__2022-08-03T21:01:26.234348+00:00
[2022-08-04 00:01:31,815] {taskinstance.py:1415} INFO - Marking task as SUCCESS. dag_id=secret_vars, task_id=transform_task, execution_date=20220803T210126, start_date=20220803T210128, end_date=20220803T210131
[2022-08-04 00:01:31,860] {local_task_job.py:156} INFO - Task exited with return code 0
[2022-08-04 00:01:31,873] {local_task_job.py:273} INFO - 1 downstream tasks scheduled from follow-on schedule check
