[2022-08-04 00:17:48,039] {taskinstance.py:1179} INFO - Dependencies all met for <TaskInstance: secret_vars.transform_task manual__2022-08-03T21:17:26.307024+00:00 [queued]>
[2022-08-04 00:17:48,043] {taskinstance.py:1179} INFO - Dependencies all met for <TaskInstance: secret_vars.transform_task manual__2022-08-03T21:17:26.307024+00:00 [queued]>
[2022-08-04 00:17:48,043] {taskinstance.py:1376} INFO - 
--------------------------------------------------------------------------------
[2022-08-04 00:17:48,043] {taskinstance.py:1377} INFO - Starting attempt 1 of 2
[2022-08-04 00:17:48,043] {taskinstance.py:1378} INFO - 
--------------------------------------------------------------------------------
[2022-08-04 00:17:48,049] {taskinstance.py:1397} INFO - Executing <Task(CSVTransform): transform_task> on 2022-08-03 21:17:26.307024+00:00
[2022-08-04 00:17:48,051] {standard_task_runner.py:52} INFO - Started process 47528 to run task
[2022-08-04 00:17:48,052] {standard_task_runner.py:79} INFO - Running: ['airflow', 'tasks', 'run', 'secret_vars', 'transform_task', 'manual__2022-08-03T21:17:26.307024+00:00', '--job-id', '17', '--raw', '--subdir', 'DAGS_FOLDER/task_dag.py', '--cfg-path', '/tmp/tmpkg4mqw32', '--error-file', '/tmp/tmp1kua7fcx']
[2022-08-04 00:17:48,053] {standard_task_runner.py:80} INFO - Job 17: Subtask transform_task
[2022-08-04 00:17:48,075] {task_command.py:371} INFO - Running <TaskInstance: secret_vars.transform_task manual__2022-08-03T21:17:26.307024+00:00 [running]> on host ndx-Victus
[2022-08-04 00:17:48,096] {taskinstance.py:1589} INFO - Exporting the following env vars:
AIRFLOW_CTX_DAG_OWNER=airflow
AIRFLOW_CTX_DAG_ID=secret_vars
AIRFLOW_CTX_TASK_ID=transform_task
AIRFLOW_CTX_EXECUTION_DATE=2022-08-03T21:17:26.307024+00:00
AIRFLOW_CTX_TRY_NUMBER=1
AIRFLOW_CTX_DAG_RUN_ID=manual__2022-08-03T21:17:26.307024+00:00
[2022-08-04 00:17:51,090] {taskinstance.py:1415} INFO - Marking task as SUCCESS. dag_id=secret_vars, task_id=transform_task, execution_date=20220803T211726, start_date=20220803T211748, end_date=20220803T211751
[2022-08-04 00:17:51,154] {local_task_job.py:156} INFO - Task exited with return code 0
[2022-08-04 00:17:51,167] {local_task_job.py:273} INFO - 1 downstream tasks scheduled from follow-on schedule check
