[2022-08-04 00:00:45,040] {processor.py:153} INFO - Started process (PID=44907) to work on /home/ndx/Innowise tasks/Innowise_task_5/airflow_env/lib/python3.8/site-packages/airflow/example_dags/plugins/workday.py
[2022-08-04 00:00:45,040] {processor.py:641} INFO - Processing file /home/ndx/Innowise tasks/Innowise_task_5/airflow_env/lib/python3.8/site-packages/airflow/example_dags/plugins/workday.py for tasks to queue
[2022-08-04 00:00:45,041] {logging_mixin.py:115} INFO - [2022-08-04 00:00:45,041] {dagbag.py:508} INFO - Filling up the DagBag from /home/ndx/Innowise tasks/Innowise_task_5/airflow_env/lib/python3.8/site-packages/airflow/example_dags/plugins/workday.py
[2022-08-04 00:00:45,042] {processor.py:653} WARNING - No viable dags retrieved from /home/ndx/Innowise tasks/Innowise_task_5/airflow_env/lib/python3.8/site-packages/airflow/example_dags/plugins/workday.py
[2022-08-04 00:00:45,049] {processor.py:161} INFO - Processing /home/ndx/Innowise tasks/Innowise_task_5/airflow_env/lib/python3.8/site-packages/airflow/example_dags/plugins/workday.py took 0.011 seconds
[2022-08-04 00:01:17,608] {processor.py:153} INFO - Started process (PID=45037) to work on /home/ndx/Innowise tasks/Innowise_task_5/airflow_env/lib/python3.8/site-packages/airflow/example_dags/plugins/workday.py
[2022-08-04 00:01:17,608] {processor.py:641} INFO - Processing file /home/ndx/Innowise tasks/Innowise_task_5/airflow_env/lib/python3.8/site-packages/airflow/example_dags/plugins/workday.py for tasks to queue
[2022-08-04 00:01:17,609] {logging_mixin.py:115} INFO - [2022-08-04 00:01:17,609] {dagbag.py:508} INFO - Filling up the DagBag from /home/ndx/Innowise tasks/Innowise_task_5/airflow_env/lib/python3.8/site-packages/airflow/example_dags/plugins/workday.py
[2022-08-04 00:01:17,610] {processor.py:653} WARNING - No viable dags retrieved from /home/ndx/Innowise tasks/Innowise_task_5/airflow_env/lib/python3.8/site-packages/airflow/example_dags/plugins/workday.py
[2022-08-04 00:01:17,618] {processor.py:161} INFO - Processing /home/ndx/Innowise tasks/Innowise_task_5/airflow_env/lib/python3.8/site-packages/airflow/example_dags/plugins/workday.py took 0.012 seconds
[2022-08-04 00:01:52,508] {processor.py:153} INFO - Started process (PID=45130) to work on /home/ndx/Innowise tasks/Innowise_task_5/airflow_env/lib/python3.8/site-packages/airflow/example_dags/plugins/workday.py
[2022-08-04 00:01:52,514] {processor.py:641} INFO - Processing file /home/ndx/Innowise tasks/Innowise_task_5/airflow_env/lib/python3.8/site-packages/airflow/example_dags/plugins/workday.py for tasks to queue
[2022-08-04 00:01:52,515] {logging_mixin.py:115} INFO - [2022-08-04 00:01:52,515] {dagbag.py:508} INFO - Filling up the DagBag from /home/ndx/Innowise tasks/Innowise_task_5/airflow_env/lib/python3.8/site-packages/airflow/example_dags/plugins/workday.py
[2022-08-04 00:01:52,516] {processor.py:653} WARNING - No viable dags retrieved from /home/ndx/Innowise tasks/Innowise_task_5/airflow_env/lib/python3.8/site-packages/airflow/example_dags/plugins/workday.py
[2022-08-04 00:01:52,523] {processor.py:161} INFO - Processing /home/ndx/Innowise tasks/Innowise_task_5/airflow_env/lib/python3.8/site-packages/airflow/example_dags/plugins/workday.py took 0.016 seconds
[2022-08-04 00:02:28,082] {processor.py:153} INFO - Started process (PID=45281) to work on /home/ndx/Innowise tasks/Innowise_task_5/airflow_env/lib/python3.8/site-packages/airflow/example_dags/plugins/workday.py
[2022-08-04 00:02:28,088] {processor.py:641} INFO - Processing file /home/ndx/Innowise tasks/Innowise_task_5/airflow_env/lib/python3.8/site-packages/airflow/example_dags/plugins/workday.py for tasks to queue
[2022-08-04 00:02:28,088] {logging_mixin.py:115} INFO - [2022-08-04 00:02:28,088] {dagbag.py:508} INFO - Filling up the DagBag from /home/ndx/Innowise tasks/Innowise_task_5/airflow_env/lib/python3.8/site-packages/airflow/example_dags/plugins/workday.py
[2022-08-04 00:02:28,090] {processor.py:653} WARNING - No viable dags retrieved from /home/ndx/Innowise tasks/Innowise_task_5/airflow_env/lib/python3.8/site-packages/airflow/example_dags/plugins/workday.py
[2022-08-04 00:02:28,096] {processor.py:161} INFO - Processing /home/ndx/Innowise tasks/Innowise_task_5/airflow_env/lib/python3.8/site-packages/airflow/example_dags/plugins/workday.py took 0.015 seconds
[2022-08-04 00:03:03,319] {processor.py:153} INFO - Started process (PID=45358) to work on /home/ndx/Innowise tasks/Innowise_task_5/airflow_env/lib/python3.8/site-packages/airflow/example_dags/plugins/workday.py
[2022-08-04 00:03:03,324] {processor.py:641} INFO - Processing file /home/ndx/Innowise tasks/Innowise_task_5/airflow_env/lib/python3.8/site-packages/airflow/example_dags/plugins/workday.py for tasks to queue
[2022-08-04 00:03:03,325] {logging_mixin.py:115} INFO - [2022-08-04 00:03:03,325] {dagbag.py:508} INFO - Filling up the DagBag from /home/ndx/Innowise tasks/Innowise_task_5/airflow_env/lib/python3.8/site-packages/airflow/example_dags/plugins/workday.py
[2022-08-04 00:03:03,327] {processor.py:653} WARNING - No viable dags retrieved from /home/ndx/Innowise tasks/Innowise_task_5/airflow_env/lib/python3.8/site-packages/airflow/example_dags/plugins/workday.py
[2022-08-04 00:03:03,332] {processor.py:161} INFO - Processing /home/ndx/Innowise tasks/Innowise_task_5/airflow_env/lib/python3.8/site-packages/airflow/example_dags/plugins/workday.py took 0.015 seconds
[2022-08-04 00:03:37,732] {processor.py:153} INFO - Started process (PID=45437) to work on /home/ndx/Innowise tasks/Innowise_task_5/airflow_env/lib/python3.8/site-packages/airflow/example_dags/plugins/workday.py
[2022-08-04 00:03:37,737] {processor.py:641} INFO - Processing file /home/ndx/Innowise tasks/Innowise_task_5/airflow_env/lib/python3.8/site-packages/airflow/example_dags/plugins/workday.py for tasks to queue
[2022-08-04 00:03:37,738] {logging_mixin.py:115} INFO - [2022-08-04 00:03:37,738] {dagbag.py:508} INFO - Filling up the DagBag from /home/ndx/Innowise tasks/Innowise_task_5/airflow_env/lib/python3.8/site-packages/airflow/example_dags/plugins/workday.py
[2022-08-04 00:03:37,740] {processor.py:653} WARNING - No viable dags retrieved from /home/ndx/Innowise tasks/Innowise_task_5/airflow_env/lib/python3.8/site-packages/airflow/example_dags/plugins/workday.py
[2022-08-04 00:03:37,746] {processor.py:161} INFO - Processing /home/ndx/Innowise tasks/Innowise_task_5/airflow_env/lib/python3.8/site-packages/airflow/example_dags/plugins/workday.py took 0.015 seconds
[2022-08-04 00:04:13,702] {processor.py:153} INFO - Started process (PID=45486) to work on /home/ndx/Innowise tasks/Innowise_task_5/airflow_env/lib/python3.8/site-packages/airflow/example_dags/plugins/workday.py
[2022-08-04 00:04:13,708] {processor.py:641} INFO - Processing file /home/ndx/Innowise tasks/Innowise_task_5/airflow_env/lib/python3.8/site-packages/airflow/example_dags/plugins/workday.py for tasks to queue
[2022-08-04 00:04:13,708] {logging_mixin.py:115} INFO - [2022-08-04 00:04:13,708] {dagbag.py:508} INFO - Filling up the DagBag from /home/ndx/Innowise tasks/Innowise_task_5/airflow_env/lib/python3.8/site-packages/airflow/example_dags/plugins/workday.py
[2022-08-04 00:04:13,710] {processor.py:653} WARNING - No viable dags retrieved from /home/ndx/Innowise tasks/Innowise_task_5/airflow_env/lib/python3.8/site-packages/airflow/example_dags/plugins/workday.py
[2022-08-04 00:04:13,716] {processor.py:161} INFO - Processing /home/ndx/Innowise tasks/Innowise_task_5/airflow_env/lib/python3.8/site-packages/airflow/example_dags/plugins/workday.py took 0.015 seconds
[2022-08-04 00:04:45,825] {processor.py:153} INFO - Started process (PID=45538) to work on /home/ndx/Innowise tasks/Innowise_task_5/airflow_env/lib/python3.8/site-packages/airflow/example_dags/plugins/workday.py
[2022-08-04 00:04:45,830] {processor.py:641} INFO - Processing file /home/ndx/Innowise tasks/Innowise_task_5/airflow_env/lib/python3.8/site-packages/airflow/example_dags/plugins/workday.py for tasks to queue
[2022-08-04 00:04:45,831] {logging_mixin.py:115} INFO - [2022-08-04 00:04:45,830] {dagbag.py:508} INFO - Filling up the DagBag from /home/ndx/Innowise tasks/Innowise_task_5/airflow_env/lib/python3.8/site-packages/airflow/example_dags/plugins/workday.py
[2022-08-04 00:04:45,832] {processor.py:653} WARNING - No viable dags retrieved from /home/ndx/Innowise tasks/Innowise_task_5/airflow_env/lib/python3.8/site-packages/airflow/example_dags/plugins/workday.py
[2022-08-04 00:04:45,839] {processor.py:161} INFO - Processing /home/ndx/Innowise tasks/Innowise_task_5/airflow_env/lib/python3.8/site-packages/airflow/example_dags/plugins/workday.py took 0.016 seconds
[2022-08-04 00:05:20,264] {processor.py:153} INFO - Started process (PID=45713) to work on /home/ndx/Innowise tasks/Innowise_task_5/airflow_env/lib/python3.8/site-packages/airflow/example_dags/plugins/workday.py
[2022-08-04 00:05:20,270] {processor.py:641} INFO - Processing file /home/ndx/Innowise tasks/Innowise_task_5/airflow_env/lib/python3.8/site-packages/airflow/example_dags/plugins/workday.py for tasks to queue
[2022-08-04 00:05:20,271] {logging_mixin.py:115} INFO - [2022-08-04 00:05:20,271] {dagbag.py:508} INFO - Filling up the DagBag from /home/ndx/Innowise tasks/Innowise_task_5/airflow_env/lib/python3.8/site-packages/airflow/example_dags/plugins/workday.py
[2022-08-04 00:05:20,272] {processor.py:653} WARNING - No viable dags retrieved from /home/ndx/Innowise tasks/Innowise_task_5/airflow_env/lib/python3.8/site-packages/airflow/example_dags/plugins/workday.py
[2022-08-04 00:05:20,278] {processor.py:161} INFO - Processing /home/ndx/Innowise tasks/Innowise_task_5/airflow_env/lib/python3.8/site-packages/airflow/example_dags/plugins/workday.py took 0.016 seconds
[2022-08-04 00:05:54,053] {processor.py:153} INFO - Started process (PID=45806) to work on /home/ndx/Innowise tasks/Innowise_task_5/airflow_env/lib/python3.8/site-packages/airflow/example_dags/plugins/workday.py
[2022-08-04 00:05:54,059] {processor.py:641} INFO - Processing file /home/ndx/Innowise tasks/Innowise_task_5/airflow_env/lib/python3.8/site-packages/airflow/example_dags/plugins/workday.py for tasks to queue
[2022-08-04 00:05:54,059] {logging_mixin.py:115} INFO - [2022-08-04 00:05:54,059] {dagbag.py:508} INFO - Filling up the DagBag from /home/ndx/Innowise tasks/Innowise_task_5/airflow_env/lib/python3.8/site-packages/airflow/example_dags/plugins/workday.py
[2022-08-04 00:05:54,061] {processor.py:653} WARNING - No viable dags retrieved from /home/ndx/Innowise tasks/Innowise_task_5/airflow_env/lib/python3.8/site-packages/airflow/example_dags/plugins/workday.py
[2022-08-04 00:05:54,067] {processor.py:161} INFO - Processing /home/ndx/Innowise tasks/Innowise_task_5/airflow_env/lib/python3.8/site-packages/airflow/example_dags/plugins/workday.py took 0.015 seconds
[2022-08-04 00:06:28,628] {processor.py:153} INFO - Started process (PID=45913) to work on /home/ndx/Innowise tasks/Innowise_task_5/airflow_env/lib/python3.8/site-packages/airflow/example_dags/plugins/workday.py
[2022-08-04 00:06:28,633] {processor.py:641} INFO - Processing file /home/ndx/Innowise tasks/Innowise_task_5/airflow_env/lib/python3.8/site-packages/airflow/example_dags/plugins/workday.py for tasks to queue
[2022-08-04 00:06:28,634] {logging_mixin.py:115} INFO - [2022-08-04 00:06:28,634] {dagbag.py:508} INFO - Filling up the DagBag from /home/ndx/Innowise tasks/Innowise_task_5/airflow_env/lib/python3.8/site-packages/airflow/example_dags/plugins/workday.py
[2022-08-04 00:06:28,636] {processor.py:653} WARNING - No viable dags retrieved from /home/ndx/Innowise tasks/Innowise_task_5/airflow_env/lib/python3.8/site-packages/airflow/example_dags/plugins/workday.py
[2022-08-04 00:06:28,641] {processor.py:161} INFO - Processing /home/ndx/Innowise tasks/Innowise_task_5/airflow_env/lib/python3.8/site-packages/airflow/example_dags/plugins/workday.py took 0.015 seconds
[2022-08-04 00:07:02,547] {processor.py:153} INFO - Started process (PID=45977) to work on /home/ndx/Innowise tasks/Innowise_task_5/airflow_env/lib/python3.8/site-packages/airflow/example_dags/plugins/workday.py
[2022-08-04 00:07:02,552] {processor.py:641} INFO - Processing file /home/ndx/Innowise tasks/Innowise_task_5/airflow_env/lib/python3.8/site-packages/airflow/example_dags/plugins/workday.py for tasks to queue
[2022-08-04 00:07:02,553] {logging_mixin.py:115} INFO - [2022-08-04 00:07:02,553] {dagbag.py:508} INFO - Filling up the DagBag from /home/ndx/Innowise tasks/Innowise_task_5/airflow_env/lib/python3.8/site-packages/airflow/example_dags/plugins/workday.py
[2022-08-04 00:07:02,555] {processor.py:653} WARNING - No viable dags retrieved from /home/ndx/Innowise tasks/Innowise_task_5/airflow_env/lib/python3.8/site-packages/airflow/example_dags/plugins/workday.py
[2022-08-04 00:07:02,561] {processor.py:161} INFO - Processing /home/ndx/Innowise tasks/Innowise_task_5/airflow_env/lib/python3.8/site-packages/airflow/example_dags/plugins/workday.py took 0.015 seconds
[2022-08-04 00:07:36,719] {processor.py:153} INFO - Started process (PID=46065) to work on /home/ndx/Innowise tasks/Innowise_task_5/airflow_env/lib/python3.8/site-packages/airflow/example_dags/plugins/workday.py
[2022-08-04 00:07:36,724] {processor.py:641} INFO - Processing file /home/ndx/Innowise tasks/Innowise_task_5/airflow_env/lib/python3.8/site-packages/airflow/example_dags/plugins/workday.py for tasks to queue
[2022-08-04 00:07:36,725] {logging_mixin.py:115} INFO - [2022-08-04 00:07:36,724] {dagbag.py:508} INFO - Filling up the DagBag from /home/ndx/Innowise tasks/Innowise_task_5/airflow_env/lib/python3.8/site-packages/airflow/example_dags/plugins/workday.py
[2022-08-04 00:07:36,727] {processor.py:653} WARNING - No viable dags retrieved from /home/ndx/Innowise tasks/Innowise_task_5/airflow_env/lib/python3.8/site-packages/airflow/example_dags/plugins/workday.py
[2022-08-04 00:07:36,733] {processor.py:161} INFO - Processing /home/ndx/Innowise tasks/Innowise_task_5/airflow_env/lib/python3.8/site-packages/airflow/example_dags/plugins/workday.py took 0.016 seconds
[2022-08-04 00:08:09,001] {processor.py:153} INFO - Started process (PID=46129) to work on /home/ndx/Innowise tasks/Innowise_task_5/airflow_env/lib/python3.8/site-packages/airflow/example_dags/plugins/workday.py
[2022-08-04 00:08:09,007] {processor.py:641} INFO - Processing file /home/ndx/Innowise tasks/Innowise_task_5/airflow_env/lib/python3.8/site-packages/airflow/example_dags/plugins/workday.py for tasks to queue
[2022-08-04 00:08:09,007] {logging_mixin.py:115} INFO - [2022-08-04 00:08:09,007] {dagbag.py:508} INFO - Filling up the DagBag from /home/ndx/Innowise tasks/Innowise_task_5/airflow_env/lib/python3.8/site-packages/airflow/example_dags/plugins/workday.py
[2022-08-04 00:08:09,009] {processor.py:653} WARNING - No viable dags retrieved from /home/ndx/Innowise tasks/Innowise_task_5/airflow_env/lib/python3.8/site-packages/airflow/example_dags/plugins/workday.py
[2022-08-04 00:08:09,015] {processor.py:161} INFO - Processing /home/ndx/Innowise tasks/Innowise_task_5/airflow_env/lib/python3.8/site-packages/airflow/example_dags/plugins/workday.py took 0.015 seconds
[2022-08-04 00:08:43,708] {processor.py:153} INFO - Started process (PID=46223) to work on /home/ndx/Innowise tasks/Innowise_task_5/airflow_env/lib/python3.8/site-packages/airflow/example_dags/plugins/workday.py
[2022-08-04 00:08:43,713] {processor.py:641} INFO - Processing file /home/ndx/Innowise tasks/Innowise_task_5/airflow_env/lib/python3.8/site-packages/airflow/example_dags/plugins/workday.py for tasks to queue
[2022-08-04 00:08:43,714] {logging_mixin.py:115} INFO - [2022-08-04 00:08:43,714] {dagbag.py:508} INFO - Filling up the DagBag from /home/ndx/Innowise tasks/Innowise_task_5/airflow_env/lib/python3.8/site-packages/airflow/example_dags/plugins/workday.py
[2022-08-04 00:08:43,716] {processor.py:653} WARNING - No viable dags retrieved from /home/ndx/Innowise tasks/Innowise_task_5/airflow_env/lib/python3.8/site-packages/airflow/example_dags/plugins/workday.py
[2022-08-04 00:08:43,723] {processor.py:161} INFO - Processing /home/ndx/Innowise tasks/Innowise_task_5/airflow_env/lib/python3.8/site-packages/airflow/example_dags/plugins/workday.py took 0.017 seconds
[2022-08-04 00:09:17,503] {processor.py:153} INFO - Started process (PID=46317) to work on /home/ndx/Innowise tasks/Innowise_task_5/airflow_env/lib/python3.8/site-packages/airflow/example_dags/plugins/workday.py
[2022-08-04 00:09:17,509] {processor.py:641} INFO - Processing file /home/ndx/Innowise tasks/Innowise_task_5/airflow_env/lib/python3.8/site-packages/airflow/example_dags/plugins/workday.py for tasks to queue
[2022-08-04 00:09:17,509] {logging_mixin.py:115} INFO - [2022-08-04 00:09:17,509] {dagbag.py:508} INFO - Filling up the DagBag from /home/ndx/Innowise tasks/Innowise_task_5/airflow_env/lib/python3.8/site-packages/airflow/example_dags/plugins/workday.py
[2022-08-04 00:09:17,510] {processor.py:653} WARNING - No viable dags retrieved from /home/ndx/Innowise tasks/Innowise_task_5/airflow_env/lib/python3.8/site-packages/airflow/example_dags/plugins/workday.py
[2022-08-04 00:09:17,517] {processor.py:161} INFO - Processing /home/ndx/Innowise tasks/Innowise_task_5/airflow_env/lib/python3.8/site-packages/airflow/example_dags/plugins/workday.py took 0.015 seconds
[2022-08-04 00:09:54,808] {processor.py:153} INFO - Started process (PID=46403) to work on /home/ndx/Innowise tasks/Innowise_task_5/airflow_env/lib/python3.8/site-packages/airflow/example_dags/plugins/workday.py
[2022-08-04 00:09:54,814] {processor.py:641} INFO - Processing file /home/ndx/Innowise tasks/Innowise_task_5/airflow_env/lib/python3.8/site-packages/airflow/example_dags/plugins/workday.py for tasks to queue
[2022-08-04 00:09:54,814] {logging_mixin.py:115} INFO - [2022-08-04 00:09:54,814] {dagbag.py:508} INFO - Filling up the DagBag from /home/ndx/Innowise tasks/Innowise_task_5/airflow_env/lib/python3.8/site-packages/airflow/example_dags/plugins/workday.py
[2022-08-04 00:09:54,816] {processor.py:653} WARNING - No viable dags retrieved from /home/ndx/Innowise tasks/Innowise_task_5/airflow_env/lib/python3.8/site-packages/airflow/example_dags/plugins/workday.py
[2022-08-04 00:09:54,822] {processor.py:161} INFO - Processing /home/ndx/Innowise tasks/Innowise_task_5/airflow_env/lib/python3.8/site-packages/airflow/example_dags/plugins/workday.py took 0.016 seconds
[2022-08-04 00:10:27,359] {processor.py:153} INFO - Started process (PID=46519) to work on /home/ndx/Innowise tasks/Innowise_task_5/airflow_env/lib/python3.8/site-packages/airflow/example_dags/plugins/workday.py
[2022-08-04 00:10:27,365] {processor.py:641} INFO - Processing file /home/ndx/Innowise tasks/Innowise_task_5/airflow_env/lib/python3.8/site-packages/airflow/example_dags/plugins/workday.py for tasks to queue
[2022-08-04 00:10:27,365] {logging_mixin.py:115} INFO - [2022-08-04 00:10:27,365] {dagbag.py:508} INFO - Filling up the DagBag from /home/ndx/Innowise tasks/Innowise_task_5/airflow_env/lib/python3.8/site-packages/airflow/example_dags/plugins/workday.py
[2022-08-04 00:10:27,367] {processor.py:653} WARNING - No viable dags retrieved from /home/ndx/Innowise tasks/Innowise_task_5/airflow_env/lib/python3.8/site-packages/airflow/example_dags/plugins/workday.py
[2022-08-04 00:10:27,372] {processor.py:161} INFO - Processing /home/ndx/Innowise tasks/Innowise_task_5/airflow_env/lib/python3.8/site-packages/airflow/example_dags/plugins/workday.py took 0.015 seconds
[2022-08-04 00:11:02,353] {processor.py:153} INFO - Started process (PID=46591) to work on /home/ndx/Innowise tasks/Innowise_task_5/airflow_env/lib/python3.8/site-packages/airflow/example_dags/plugins/workday.py
[2022-08-04 00:11:02,353] {processor.py:641} INFO - Processing file /home/ndx/Innowise tasks/Innowise_task_5/airflow_env/lib/python3.8/site-packages/airflow/example_dags/plugins/workday.py for tasks to queue
[2022-08-04 00:11:02,354] {logging_mixin.py:115} INFO - [2022-08-04 00:11:02,354] {dagbag.py:508} INFO - Filling up the DagBag from /home/ndx/Innowise tasks/Innowise_task_5/airflow_env/lib/python3.8/site-packages/airflow/example_dags/plugins/workday.py
[2022-08-04 00:11:02,355] {processor.py:653} WARNING - No viable dags retrieved from /home/ndx/Innowise tasks/Innowise_task_5/airflow_env/lib/python3.8/site-packages/airflow/example_dags/plugins/workday.py
[2022-08-04 00:11:02,360] {processor.py:161} INFO - Processing /home/ndx/Innowise tasks/Innowise_task_5/airflow_env/lib/python3.8/site-packages/airflow/example_dags/plugins/workday.py took 0.009 seconds
[2022-08-04 00:11:35,616] {processor.py:153} INFO - Started process (PID=46637) to work on /home/ndx/Innowise tasks/Innowise_task_5/airflow_env/lib/python3.8/site-packages/airflow/example_dags/plugins/workday.py
[2022-08-04 00:11:35,617] {processor.py:641} INFO - Processing file /home/ndx/Innowise tasks/Innowise_task_5/airflow_env/lib/python3.8/site-packages/airflow/example_dags/plugins/workday.py for tasks to queue
[2022-08-04 00:11:35,617] {logging_mixin.py:115} INFO - [2022-08-04 00:11:35,617] {dagbag.py:508} INFO - Filling up the DagBag from /home/ndx/Innowise tasks/Innowise_task_5/airflow_env/lib/python3.8/site-packages/airflow/example_dags/plugins/workday.py
[2022-08-04 00:11:35,618] {processor.py:653} WARNING - No viable dags retrieved from /home/ndx/Innowise tasks/Innowise_task_5/airflow_env/lib/python3.8/site-packages/airflow/example_dags/plugins/workday.py
[2022-08-04 00:11:35,624] {processor.py:161} INFO - Processing /home/ndx/Innowise tasks/Innowise_task_5/airflow_env/lib/python3.8/site-packages/airflow/example_dags/plugins/workday.py took 0.009 seconds
[2022-08-04 00:12:10,459] {processor.py:153} INFO - Started process (PID=46713) to work on /home/ndx/Innowise tasks/Innowise_task_5/airflow_env/lib/python3.8/site-packages/airflow/example_dags/plugins/workday.py
[2022-08-04 00:12:10,460] {processor.py:641} INFO - Processing file /home/ndx/Innowise tasks/Innowise_task_5/airflow_env/lib/python3.8/site-packages/airflow/example_dags/plugins/workday.py for tasks to queue
[2022-08-04 00:12:10,460] {logging_mixin.py:115} INFO - [2022-08-04 00:12:10,460] {dagbag.py:508} INFO - Filling up the DagBag from /home/ndx/Innowise tasks/Innowise_task_5/airflow_env/lib/python3.8/site-packages/airflow/example_dags/plugins/workday.py
[2022-08-04 00:12:10,461] {processor.py:653} WARNING - No viable dags retrieved from /home/ndx/Innowise tasks/Innowise_task_5/airflow_env/lib/python3.8/site-packages/airflow/example_dags/plugins/workday.py
[2022-08-04 00:12:10,468] {processor.py:161} INFO - Processing /home/ndx/Innowise tasks/Innowise_task_5/airflow_env/lib/python3.8/site-packages/airflow/example_dags/plugins/workday.py took 0.010 seconds
[2022-08-04 00:12:43,696] {processor.py:153} INFO - Started process (PID=46763) to work on /home/ndx/Innowise tasks/Innowise_task_5/airflow_env/lib/python3.8/site-packages/airflow/example_dags/plugins/workday.py
[2022-08-04 00:12:43,701] {processor.py:641} INFO - Processing file /home/ndx/Innowise tasks/Innowise_task_5/airflow_env/lib/python3.8/site-packages/airflow/example_dags/plugins/workday.py for tasks to queue
[2022-08-04 00:12:43,702] {logging_mixin.py:115} INFO - [2022-08-04 00:12:43,702] {dagbag.py:508} INFO - Filling up the DagBag from /home/ndx/Innowise tasks/Innowise_task_5/airflow_env/lib/python3.8/site-packages/airflow/example_dags/plugins/workday.py
[2022-08-04 00:12:43,704] {processor.py:653} WARNING - No viable dags retrieved from /home/ndx/Innowise tasks/Innowise_task_5/airflow_env/lib/python3.8/site-packages/airflow/example_dags/plugins/workday.py
[2022-08-04 00:12:43,710] {processor.py:161} INFO - Processing /home/ndx/Innowise tasks/Innowise_task_5/airflow_env/lib/python3.8/site-packages/airflow/example_dags/plugins/workday.py took 0.015 seconds
[2022-08-04 00:13:18,397] {processor.py:153} INFO - Started process (PID=46837) to work on /home/ndx/Innowise tasks/Innowise_task_5/airflow_env/lib/python3.8/site-packages/airflow/example_dags/plugins/workday.py
[2022-08-04 00:13:18,403] {processor.py:641} INFO - Processing file /home/ndx/Innowise tasks/Innowise_task_5/airflow_env/lib/python3.8/site-packages/airflow/example_dags/plugins/workday.py for tasks to queue
[2022-08-04 00:13:18,403] {logging_mixin.py:115} INFO - [2022-08-04 00:13:18,403] {dagbag.py:508} INFO - Filling up the DagBag from /home/ndx/Innowise tasks/Innowise_task_5/airflow_env/lib/python3.8/site-packages/airflow/example_dags/plugins/workday.py
[2022-08-04 00:13:18,405] {processor.py:653} WARNING - No viable dags retrieved from /home/ndx/Innowise tasks/Innowise_task_5/airflow_env/lib/python3.8/site-packages/airflow/example_dags/plugins/workday.py
[2022-08-04 00:13:18,412] {processor.py:161} INFO - Processing /home/ndx/Innowise tasks/Innowise_task_5/airflow_env/lib/python3.8/site-packages/airflow/example_dags/plugins/workday.py took 0.016 seconds
[2022-08-04 00:13:52,630] {processor.py:153} INFO - Started process (PID=46935) to work on /home/ndx/Innowise tasks/Innowise_task_5/airflow_env/lib/python3.8/site-packages/airflow/example_dags/plugins/workday.py
[2022-08-04 00:13:52,636] {processor.py:641} INFO - Processing file /home/ndx/Innowise tasks/Innowise_task_5/airflow_env/lib/python3.8/site-packages/airflow/example_dags/plugins/workday.py for tasks to queue
[2022-08-04 00:13:52,636] {logging_mixin.py:115} INFO - [2022-08-04 00:13:52,636] {dagbag.py:508} INFO - Filling up the DagBag from /home/ndx/Innowise tasks/Innowise_task_5/airflow_env/lib/python3.8/site-packages/airflow/example_dags/plugins/workday.py
[2022-08-04 00:13:52,638] {processor.py:653} WARNING - No viable dags retrieved from /home/ndx/Innowise tasks/Innowise_task_5/airflow_env/lib/python3.8/site-packages/airflow/example_dags/plugins/workday.py
[2022-08-04 00:13:52,644] {processor.py:161} INFO - Processing /home/ndx/Innowise tasks/Innowise_task_5/airflow_env/lib/python3.8/site-packages/airflow/example_dags/plugins/workday.py took 0.016 seconds
[2022-08-04 00:14:26,171] {processor.py:153} INFO - Started process (PID=47053) to work on /home/ndx/Innowise tasks/Innowise_task_5/airflow_env/lib/python3.8/site-packages/airflow/example_dags/plugins/workday.py
[2022-08-04 00:14:26,176] {processor.py:641} INFO - Processing file /home/ndx/Innowise tasks/Innowise_task_5/airflow_env/lib/python3.8/site-packages/airflow/example_dags/plugins/workday.py for tasks to queue
[2022-08-04 00:14:26,177] {logging_mixin.py:115} INFO - [2022-08-04 00:14:26,177] {dagbag.py:508} INFO - Filling up the DagBag from /home/ndx/Innowise tasks/Innowise_task_5/airflow_env/lib/python3.8/site-packages/airflow/example_dags/plugins/workday.py
[2022-08-04 00:14:26,179] {processor.py:653} WARNING - No viable dags retrieved from /home/ndx/Innowise tasks/Innowise_task_5/airflow_env/lib/python3.8/site-packages/airflow/example_dags/plugins/workday.py
[2022-08-04 00:14:26,185] {processor.py:161} INFO - Processing /home/ndx/Innowise tasks/Innowise_task_5/airflow_env/lib/python3.8/site-packages/airflow/example_dags/plugins/workday.py took 0.015 seconds
[2022-08-04 00:15:00,090] {processor.py:153} INFO - Started process (PID=47136) to work on /home/ndx/Innowise tasks/Innowise_task_5/airflow_env/lib/python3.8/site-packages/airflow/example_dags/plugins/workday.py
[2022-08-04 00:15:00,091] {processor.py:641} INFO - Processing file /home/ndx/Innowise tasks/Innowise_task_5/airflow_env/lib/python3.8/site-packages/airflow/example_dags/plugins/workday.py for tasks to queue
[2022-08-04 00:15:00,091] {logging_mixin.py:115} INFO - [2022-08-04 00:15:00,091] {dagbag.py:508} INFO - Filling up the DagBag from /home/ndx/Innowise tasks/Innowise_task_5/airflow_env/lib/python3.8/site-packages/airflow/example_dags/plugins/workday.py
[2022-08-04 00:15:00,092] {processor.py:653} WARNING - No viable dags retrieved from /home/ndx/Innowise tasks/Innowise_task_5/airflow_env/lib/python3.8/site-packages/airflow/example_dags/plugins/workday.py
[2022-08-04 00:15:00,099] {processor.py:161} INFO - Processing /home/ndx/Innowise tasks/Innowise_task_5/airflow_env/lib/python3.8/site-packages/airflow/example_dags/plugins/workday.py took 0.011 seconds
[2022-08-04 00:15:38,246] {processor.py:153} INFO - Started process (PID=47237) to work on /home/ndx/Innowise tasks/Innowise_task_5/airflow_env/lib/python3.8/site-packages/airflow/example_dags/plugins/workday.py
[2022-08-04 00:15:38,252] {processor.py:641} INFO - Processing file /home/ndx/Innowise tasks/Innowise_task_5/airflow_env/lib/python3.8/site-packages/airflow/example_dags/plugins/workday.py for tasks to queue
[2022-08-04 00:15:38,252] {logging_mixin.py:115} INFO - [2022-08-04 00:15:38,252] {dagbag.py:508} INFO - Filling up the DagBag from /home/ndx/Innowise tasks/Innowise_task_5/airflow_env/lib/python3.8/site-packages/airflow/example_dags/plugins/workday.py
[2022-08-04 00:15:38,254] {processor.py:653} WARNING - No viable dags retrieved from /home/ndx/Innowise tasks/Innowise_task_5/airflow_env/lib/python3.8/site-packages/airflow/example_dags/plugins/workday.py
[2022-08-04 00:15:38,260] {processor.py:161} INFO - Processing /home/ndx/Innowise tasks/Innowise_task_5/airflow_env/lib/python3.8/site-packages/airflow/example_dags/plugins/workday.py took 0.015 seconds
[2022-08-04 00:16:13,206] {processor.py:153} INFO - Started process (PID=47297) to work on /home/ndx/Innowise tasks/Innowise_task_5/airflow_env/lib/python3.8/site-packages/airflow/example_dags/plugins/workday.py
[2022-08-04 00:16:13,211] {processor.py:641} INFO - Processing file /home/ndx/Innowise tasks/Innowise_task_5/airflow_env/lib/python3.8/site-packages/airflow/example_dags/plugins/workday.py for tasks to queue
[2022-08-04 00:16:13,212] {logging_mixin.py:115} INFO - [2022-08-04 00:16:13,212] {dagbag.py:508} INFO - Filling up the DagBag from /home/ndx/Innowise tasks/Innowise_task_5/airflow_env/lib/python3.8/site-packages/airflow/example_dags/plugins/workday.py
[2022-08-04 00:16:13,214] {processor.py:653} WARNING - No viable dags retrieved from /home/ndx/Innowise tasks/Innowise_task_5/airflow_env/lib/python3.8/site-packages/airflow/example_dags/plugins/workday.py
[2022-08-04 00:16:13,219] {processor.py:161} INFO - Processing /home/ndx/Innowise tasks/Innowise_task_5/airflow_env/lib/python3.8/site-packages/airflow/example_dags/plugins/workday.py took 0.016 seconds
[2022-08-04 00:16:45,773] {processor.py:153} INFO - Started process (PID=47374) to work on /home/ndx/Innowise tasks/Innowise_task_5/airflow_env/lib/python3.8/site-packages/airflow/example_dags/plugins/workday.py
[2022-08-04 00:16:45,778] {processor.py:641} INFO - Processing file /home/ndx/Innowise tasks/Innowise_task_5/airflow_env/lib/python3.8/site-packages/airflow/example_dags/plugins/workday.py for tasks to queue
[2022-08-04 00:16:45,779] {logging_mixin.py:115} INFO - [2022-08-04 00:16:45,779] {dagbag.py:508} INFO - Filling up the DagBag from /home/ndx/Innowise tasks/Innowise_task_5/airflow_env/lib/python3.8/site-packages/airflow/example_dags/plugins/workday.py
[2022-08-04 00:16:45,780] {processor.py:653} WARNING - No viable dags retrieved from /home/ndx/Innowise tasks/Innowise_task_5/airflow_env/lib/python3.8/site-packages/airflow/example_dags/plugins/workday.py
[2022-08-04 00:16:45,786] {processor.py:161} INFO - Processing /home/ndx/Innowise tasks/Innowise_task_5/airflow_env/lib/python3.8/site-packages/airflow/example_dags/plugins/workday.py took 0.014 seconds
[2022-08-04 00:17:21,731] {processor.py:153} INFO - Started process (PID=47476) to work on /home/ndx/Innowise tasks/Innowise_task_5/airflow_env/lib/python3.8/site-packages/airflow/example_dags/plugins/workday.py
[2022-08-04 00:17:21,736] {processor.py:641} INFO - Processing file /home/ndx/Innowise tasks/Innowise_task_5/airflow_env/lib/python3.8/site-packages/airflow/example_dags/plugins/workday.py for tasks to queue
[2022-08-04 00:17:21,737] {logging_mixin.py:115} INFO - [2022-08-04 00:17:21,737] {dagbag.py:508} INFO - Filling up the DagBag from /home/ndx/Innowise tasks/Innowise_task_5/airflow_env/lib/python3.8/site-packages/airflow/example_dags/plugins/workday.py
[2022-08-04 00:17:21,739] {processor.py:653} WARNING - No viable dags retrieved from /home/ndx/Innowise tasks/Innowise_task_5/airflow_env/lib/python3.8/site-packages/airflow/example_dags/plugins/workday.py
[2022-08-04 00:17:21,746] {processor.py:161} INFO - Processing /home/ndx/Innowise tasks/Innowise_task_5/airflow_env/lib/python3.8/site-packages/airflow/example_dags/plugins/workday.py took 0.017 seconds
[2022-08-04 00:18:01,384] {processor.py:153} INFO - Started process (PID=47562) to work on /home/ndx/Innowise tasks/Innowise_task_5/airflow_env/lib/python3.8/site-packages/airflow/example_dags/plugins/workday.py
[2022-08-04 00:18:01,389] {processor.py:641} INFO - Processing file /home/ndx/Innowise tasks/Innowise_task_5/airflow_env/lib/python3.8/site-packages/airflow/example_dags/plugins/workday.py for tasks to queue
[2022-08-04 00:18:01,390] {logging_mixin.py:115} INFO - [2022-08-04 00:18:01,390] {dagbag.py:508} INFO - Filling up the DagBag from /home/ndx/Innowise tasks/Innowise_task_5/airflow_env/lib/python3.8/site-packages/airflow/example_dags/plugins/workday.py
[2022-08-04 00:18:01,391] {processor.py:653} WARNING - No viable dags retrieved from /home/ndx/Innowise tasks/Innowise_task_5/airflow_env/lib/python3.8/site-packages/airflow/example_dags/plugins/workday.py
[2022-08-04 00:18:01,397] {processor.py:161} INFO - Processing /home/ndx/Innowise tasks/Innowise_task_5/airflow_env/lib/python3.8/site-packages/airflow/example_dags/plugins/workday.py took 0.015 seconds
[2022-08-04 00:18:34,592] {processor.py:153} INFO - Started process (PID=47602) to work on /home/ndx/Innowise tasks/Innowise_task_5/airflow_env/lib/python3.8/site-packages/airflow/example_dags/plugins/workday.py
[2022-08-04 00:18:34,598] {processor.py:641} INFO - Processing file /home/ndx/Innowise tasks/Innowise_task_5/airflow_env/lib/python3.8/site-packages/airflow/example_dags/plugins/workday.py for tasks to queue
[2022-08-04 00:18:34,598] {logging_mixin.py:115} INFO - [2022-08-04 00:18:34,598] {dagbag.py:508} INFO - Filling up the DagBag from /home/ndx/Innowise tasks/Innowise_task_5/airflow_env/lib/python3.8/site-packages/airflow/example_dags/plugins/workday.py
[2022-08-04 00:18:34,600] {processor.py:653} WARNING - No viable dags retrieved from /home/ndx/Innowise tasks/Innowise_task_5/airflow_env/lib/python3.8/site-packages/airflow/example_dags/plugins/workday.py
[2022-08-04 00:18:34,606] {processor.py:161} INFO - Processing /home/ndx/Innowise tasks/Innowise_task_5/airflow_env/lib/python3.8/site-packages/airflow/example_dags/plugins/workday.py took 0.015 seconds
[2022-08-04 00:19:10,544] {processor.py:153} INFO - Started process (PID=47764) to work on /home/ndx/Innowise tasks/Innowise_task_5/airflow_env/lib/python3.8/site-packages/airflow/example_dags/plugins/workday.py
[2022-08-04 00:19:10,549] {processor.py:641} INFO - Processing file /home/ndx/Innowise tasks/Innowise_task_5/airflow_env/lib/python3.8/site-packages/airflow/example_dags/plugins/workday.py for tasks to queue
[2022-08-04 00:19:10,550] {logging_mixin.py:115} INFO - [2022-08-04 00:19:10,550] {dagbag.py:508} INFO - Filling up the DagBag from /home/ndx/Innowise tasks/Innowise_task_5/airflow_env/lib/python3.8/site-packages/airflow/example_dags/plugins/workday.py
[2022-08-04 00:19:10,551] {processor.py:653} WARNING - No viable dags retrieved from /home/ndx/Innowise tasks/Innowise_task_5/airflow_env/lib/python3.8/site-packages/airflow/example_dags/plugins/workday.py
[2022-08-04 00:19:10,557] {processor.py:161} INFO - Processing /home/ndx/Innowise tasks/Innowise_task_5/airflow_env/lib/python3.8/site-packages/airflow/example_dags/plugins/workday.py took 0.015 seconds
[2022-08-04 00:19:43,784] {processor.py:153} INFO - Started process (PID=47865) to work on /home/ndx/Innowise tasks/Innowise_task_5/airflow_env/lib/python3.8/site-packages/airflow/example_dags/plugins/workday.py
[2022-08-04 00:19:43,789] {processor.py:641} INFO - Processing file /home/ndx/Innowise tasks/Innowise_task_5/airflow_env/lib/python3.8/site-packages/airflow/example_dags/plugins/workday.py for tasks to queue
[2022-08-04 00:19:43,790] {logging_mixin.py:115} INFO - [2022-08-04 00:19:43,790] {dagbag.py:508} INFO - Filling up the DagBag from /home/ndx/Innowise tasks/Innowise_task_5/airflow_env/lib/python3.8/site-packages/airflow/example_dags/plugins/workday.py
[2022-08-04 00:19:43,792] {processor.py:653} WARNING - No viable dags retrieved from /home/ndx/Innowise tasks/Innowise_task_5/airflow_env/lib/python3.8/site-packages/airflow/example_dags/plugins/workday.py
[2022-08-04 00:19:43,797] {processor.py:161} INFO - Processing /home/ndx/Innowise tasks/Innowise_task_5/airflow_env/lib/python3.8/site-packages/airflow/example_dags/plugins/workday.py took 0.015 seconds
[2022-08-04 00:20:18,044] {processor.py:153} INFO - Started process (PID=47967) to work on /home/ndx/Innowise tasks/Innowise_task_5/airflow_env/lib/python3.8/site-packages/airflow/example_dags/plugins/workday.py
[2022-08-04 00:20:18,050] {processor.py:641} INFO - Processing file /home/ndx/Innowise tasks/Innowise_task_5/airflow_env/lib/python3.8/site-packages/airflow/example_dags/plugins/workday.py for tasks to queue
[2022-08-04 00:20:18,050] {logging_mixin.py:115} INFO - [2022-08-04 00:20:18,050] {dagbag.py:508} INFO - Filling up the DagBag from /home/ndx/Innowise tasks/Innowise_task_5/airflow_env/lib/python3.8/site-packages/airflow/example_dags/plugins/workday.py
[2022-08-04 00:20:18,051] {processor.py:653} WARNING - No viable dags retrieved from /home/ndx/Innowise tasks/Innowise_task_5/airflow_env/lib/python3.8/site-packages/airflow/example_dags/plugins/workday.py
[2022-08-04 00:20:18,056] {processor.py:161} INFO - Processing /home/ndx/Innowise tasks/Innowise_task_5/airflow_env/lib/python3.8/site-packages/airflow/example_dags/plugins/workday.py took 0.012 seconds
[2022-08-04 00:20:50,847] {processor.py:153} INFO - Started process (PID=48024) to work on /home/ndx/Innowise tasks/Innowise_task_5/airflow_env/lib/python3.8/site-packages/airflow/example_dags/plugins/workday.py
[2022-08-04 00:20:50,853] {processor.py:641} INFO - Processing file /home/ndx/Innowise tasks/Innowise_task_5/airflow_env/lib/python3.8/site-packages/airflow/example_dags/plugins/workday.py for tasks to queue
[2022-08-04 00:20:50,853] {logging_mixin.py:115} INFO - [2022-08-04 00:20:50,853] {dagbag.py:508} INFO - Filling up the DagBag from /home/ndx/Innowise tasks/Innowise_task_5/airflow_env/lib/python3.8/site-packages/airflow/example_dags/plugins/workday.py
[2022-08-04 00:20:50,855] {processor.py:653} WARNING - No viable dags retrieved from /home/ndx/Innowise tasks/Innowise_task_5/airflow_env/lib/python3.8/site-packages/airflow/example_dags/plugins/workday.py
[2022-08-04 00:20:50,861] {processor.py:161} INFO - Processing /home/ndx/Innowise tasks/Innowise_task_5/airflow_env/lib/python3.8/site-packages/airflow/example_dags/plugins/workday.py took 0.015 seconds
[2022-08-04 00:21:23,794] {processor.py:153} INFO - Started process (PID=48139) to work on /home/ndx/Innowise tasks/Innowise_task_5/airflow_env/lib/python3.8/site-packages/airflow/example_dags/plugins/workday.py
[2022-08-04 00:21:23,794] {processor.py:641} INFO - Processing file /home/ndx/Innowise tasks/Innowise_task_5/airflow_env/lib/python3.8/site-packages/airflow/example_dags/plugins/workday.py for tasks to queue
[2022-08-04 00:21:23,794] {logging_mixin.py:115} INFO - [2022-08-04 00:21:23,794] {dagbag.py:508} INFO - Filling up the DagBag from /home/ndx/Innowise tasks/Innowise_task_5/airflow_env/lib/python3.8/site-packages/airflow/example_dags/plugins/workday.py
[2022-08-04 00:21:23,795] {processor.py:653} WARNING - No viable dags retrieved from /home/ndx/Innowise tasks/Innowise_task_5/airflow_env/lib/python3.8/site-packages/airflow/example_dags/plugins/workday.py
[2022-08-04 00:21:23,801] {processor.py:161} INFO - Processing /home/ndx/Innowise tasks/Innowise_task_5/airflow_env/lib/python3.8/site-packages/airflow/example_dags/plugins/workday.py took 0.009 seconds
[2022-08-04 00:21:58,704] {processor.py:153} INFO - Started process (PID=48183) to work on /home/ndx/Innowise tasks/Innowise_task_5/airflow_env/lib/python3.8/site-packages/airflow/example_dags/plugins/workday.py
[2022-08-04 00:21:58,709] {processor.py:641} INFO - Processing file /home/ndx/Innowise tasks/Innowise_task_5/airflow_env/lib/python3.8/site-packages/airflow/example_dags/plugins/workday.py for tasks to queue
[2022-08-04 00:21:58,710] {logging_mixin.py:115} INFO - [2022-08-04 00:21:58,710] {dagbag.py:508} INFO - Filling up the DagBag from /home/ndx/Innowise tasks/Innowise_task_5/airflow_env/lib/python3.8/site-packages/airflow/example_dags/plugins/workday.py
[2022-08-04 00:21:58,711] {processor.py:653} WARNING - No viable dags retrieved from /home/ndx/Innowise tasks/Innowise_task_5/airflow_env/lib/python3.8/site-packages/airflow/example_dags/plugins/workday.py
[2022-08-04 00:21:58,716] {processor.py:161} INFO - Processing /home/ndx/Innowise tasks/Innowise_task_5/airflow_env/lib/python3.8/site-packages/airflow/example_dags/plugins/workday.py took 0.013 seconds
[2022-08-04 00:22:33,685] {processor.py:153} INFO - Started process (PID=48256) to work on /home/ndx/Innowise tasks/Innowise_task_5/airflow_env/lib/python3.8/site-packages/airflow/example_dags/plugins/workday.py
[2022-08-04 00:22:33,691] {processor.py:641} INFO - Processing file /home/ndx/Innowise tasks/Innowise_task_5/airflow_env/lib/python3.8/site-packages/airflow/example_dags/plugins/workday.py for tasks to queue
[2022-08-04 00:22:33,691] {logging_mixin.py:115} INFO - [2022-08-04 00:22:33,691] {dagbag.py:508} INFO - Filling up the DagBag from /home/ndx/Innowise tasks/Innowise_task_5/airflow_env/lib/python3.8/site-packages/airflow/example_dags/plugins/workday.py
[2022-08-04 00:22:33,692] {processor.py:653} WARNING - No viable dags retrieved from /home/ndx/Innowise tasks/Innowise_task_5/airflow_env/lib/python3.8/site-packages/airflow/example_dags/plugins/workday.py
[2022-08-04 00:22:33,698] {processor.py:161} INFO - Processing /home/ndx/Innowise tasks/Innowise_task_5/airflow_env/lib/python3.8/site-packages/airflow/example_dags/plugins/workday.py took 0.015 seconds
[2022-08-04 00:23:09,499] {processor.py:153} INFO - Started process (PID=48310) to work on /home/ndx/Innowise tasks/Innowise_task_5/airflow_env/lib/python3.8/site-packages/airflow/example_dags/plugins/workday.py
[2022-08-04 00:23:09,504] {processor.py:641} INFO - Processing file /home/ndx/Innowise tasks/Innowise_task_5/airflow_env/lib/python3.8/site-packages/airflow/example_dags/plugins/workday.py for tasks to queue
[2022-08-04 00:23:09,505] {logging_mixin.py:115} INFO - [2022-08-04 00:23:09,505] {dagbag.py:508} INFO - Filling up the DagBag from /home/ndx/Innowise tasks/Innowise_task_5/airflow_env/lib/python3.8/site-packages/airflow/example_dags/plugins/workday.py
[2022-08-04 00:23:09,507] {processor.py:653} WARNING - No viable dags retrieved from /home/ndx/Innowise tasks/Innowise_task_5/airflow_env/lib/python3.8/site-packages/airflow/example_dags/plugins/workday.py
[2022-08-04 00:23:09,512] {processor.py:161} INFO - Processing /home/ndx/Innowise tasks/Innowise_task_5/airflow_env/lib/python3.8/site-packages/airflow/example_dags/plugins/workday.py took 0.015 seconds
[2022-08-04 00:23:59,297] {processor.py:153} INFO - Started process (PID=48452) to work on /home/ndx/Innowise tasks/Innowise_task_5/airflow_env/lib/python3.8/site-packages/airflow/example_dags/plugins/workday.py
[2022-08-04 00:23:59,303] {processor.py:641} INFO - Processing file /home/ndx/Innowise tasks/Innowise_task_5/airflow_env/lib/python3.8/site-packages/airflow/example_dags/plugins/workday.py for tasks to queue
[2022-08-04 00:23:59,304] {logging_mixin.py:115} INFO - [2022-08-04 00:23:59,304] {dagbag.py:508} INFO - Filling up the DagBag from /home/ndx/Innowise tasks/Innowise_task_5/airflow_env/lib/python3.8/site-packages/airflow/example_dags/plugins/workday.py
[2022-08-04 00:23:59,305] {processor.py:653} WARNING - No viable dags retrieved from /home/ndx/Innowise tasks/Innowise_task_5/airflow_env/lib/python3.8/site-packages/airflow/example_dags/plugins/workday.py
[2022-08-04 00:23:59,311] {processor.py:161} INFO - Processing /home/ndx/Innowise tasks/Innowise_task_5/airflow_env/lib/python3.8/site-packages/airflow/example_dags/plugins/workday.py took 0.016 seconds
