[2022-08-04 00:00:43,912] {processor.py:153} INFO - Started process (PID=44906) to work on /home/ndx/Innowise tasks/Innowise_task_5/airflow_env/lib/python3.8/site-packages/airflow/example_dags/subdags/subdag.py
[2022-08-04 00:00:43,912] {processor.py:641} INFO - Processing file /home/ndx/Innowise tasks/Innowise_task_5/airflow_env/lib/python3.8/site-packages/airflow/example_dags/subdags/subdag.py for tasks to queue
[2022-08-04 00:00:43,912] {logging_mixin.py:115} INFO - [2022-08-04 00:00:43,912] {dagbag.py:508} INFO - Filling up the DagBag from /home/ndx/Innowise tasks/Innowise_task_5/airflow_env/lib/python3.8/site-packages/airflow/example_dags/subdags/subdag.py
[2022-08-04 00:00:43,913] {processor.py:653} WARNING - No viable dags retrieved from /home/ndx/Innowise tasks/Innowise_task_5/airflow_env/lib/python3.8/site-packages/airflow/example_dags/subdags/subdag.py
[2022-08-04 00:00:43,919] {processor.py:161} INFO - Processing /home/ndx/Innowise tasks/Innowise_task_5/airflow_env/lib/python3.8/site-packages/airflow/example_dags/subdags/subdag.py took 0.010 seconds
[2022-08-04 00:01:16,463] {processor.py:153} INFO - Started process (PID=45036) to work on /home/ndx/Innowise tasks/Innowise_task_5/airflow_env/lib/python3.8/site-packages/airflow/example_dags/subdags/subdag.py
[2022-08-04 00:01:16,469] {processor.py:641} INFO - Processing file /home/ndx/Innowise tasks/Innowise_task_5/airflow_env/lib/python3.8/site-packages/airflow/example_dags/subdags/subdag.py for tasks to queue
[2022-08-04 00:01:16,469] {logging_mixin.py:115} INFO - [2022-08-04 00:01:16,469] {dagbag.py:508} INFO - Filling up the DagBag from /home/ndx/Innowise tasks/Innowise_task_5/airflow_env/lib/python3.8/site-packages/airflow/example_dags/subdags/subdag.py
[2022-08-04 00:01:16,470] {processor.py:653} WARNING - No viable dags retrieved from /home/ndx/Innowise tasks/Innowise_task_5/airflow_env/lib/python3.8/site-packages/airflow/example_dags/subdags/subdag.py
[2022-08-04 00:01:16,476] {processor.py:161} INFO - Processing /home/ndx/Innowise tasks/Innowise_task_5/airflow_env/lib/python3.8/site-packages/airflow/example_dags/subdags/subdag.py took 0.014 seconds
[2022-08-04 00:01:52,212] {processor.py:153} INFO - Started process (PID=45129) to work on /home/ndx/Innowise tasks/Innowise_task_5/airflow_env/lib/python3.8/site-packages/airflow/example_dags/subdags/subdag.py
[2022-08-04 00:01:52,213] {processor.py:641} INFO - Processing file /home/ndx/Innowise tasks/Innowise_task_5/airflow_env/lib/python3.8/site-packages/airflow/example_dags/subdags/subdag.py for tasks to queue
[2022-08-04 00:01:52,213] {logging_mixin.py:115} INFO - [2022-08-04 00:01:52,213] {dagbag.py:508} INFO - Filling up the DagBag from /home/ndx/Innowise tasks/Innowise_task_5/airflow_env/lib/python3.8/site-packages/airflow/example_dags/subdags/subdag.py
[2022-08-04 00:01:52,214] {processor.py:653} WARNING - No viable dags retrieved from /home/ndx/Innowise tasks/Innowise_task_5/airflow_env/lib/python3.8/site-packages/airflow/example_dags/subdags/subdag.py
[2022-08-04 00:01:52,220] {processor.py:161} INFO - Processing /home/ndx/Innowise tasks/Innowise_task_5/airflow_env/lib/python3.8/site-packages/airflow/example_dags/subdags/subdag.py took 0.010 seconds
[2022-08-04 00:02:26,948] {processor.py:153} INFO - Started process (PID=45280) to work on /home/ndx/Innowise tasks/Innowise_task_5/airflow_env/lib/python3.8/site-packages/airflow/example_dags/subdags/subdag.py
[2022-08-04 00:02:26,953] {processor.py:641} INFO - Processing file /home/ndx/Innowise tasks/Innowise_task_5/airflow_env/lib/python3.8/site-packages/airflow/example_dags/subdags/subdag.py for tasks to queue
[2022-08-04 00:02:26,954] {logging_mixin.py:115} INFO - [2022-08-04 00:02:26,954] {dagbag.py:508} INFO - Filling up the DagBag from /home/ndx/Innowise tasks/Innowise_task_5/airflow_env/lib/python3.8/site-packages/airflow/example_dags/subdags/subdag.py
[2022-08-04 00:02:26,955] {processor.py:653} WARNING - No viable dags retrieved from /home/ndx/Innowise tasks/Innowise_task_5/airflow_env/lib/python3.8/site-packages/airflow/example_dags/subdags/subdag.py
[2022-08-04 00:02:26,961] {processor.py:161} INFO - Processing /home/ndx/Innowise tasks/Innowise_task_5/airflow_env/lib/python3.8/site-packages/airflow/example_dags/subdags/subdag.py took 0.015 seconds
[2022-08-04 00:03:02,882] {processor.py:153} INFO - Started process (PID=45357) to work on /home/ndx/Innowise tasks/Innowise_task_5/airflow_env/lib/python3.8/site-packages/airflow/example_dags/subdags/subdag.py
[2022-08-04 00:03:02,882] {processor.py:641} INFO - Processing file /home/ndx/Innowise tasks/Innowise_task_5/airflow_env/lib/python3.8/site-packages/airflow/example_dags/subdags/subdag.py for tasks to queue
[2022-08-04 00:03:02,883] {logging_mixin.py:115} INFO - [2022-08-04 00:03:02,882] {dagbag.py:508} INFO - Filling up the DagBag from /home/ndx/Innowise tasks/Innowise_task_5/airflow_env/lib/python3.8/site-packages/airflow/example_dags/subdags/subdag.py
[2022-08-04 00:03:02,883] {processor.py:653} WARNING - No viable dags retrieved from /home/ndx/Innowise tasks/Innowise_task_5/airflow_env/lib/python3.8/site-packages/airflow/example_dags/subdags/subdag.py
[2022-08-04 00:03:02,889] {processor.py:161} INFO - Processing /home/ndx/Innowise tasks/Innowise_task_5/airflow_env/lib/python3.8/site-packages/airflow/example_dags/subdags/subdag.py took 0.009 seconds
[2022-08-04 00:03:36,590] {processor.py:153} INFO - Started process (PID=45435) to work on /home/ndx/Innowise tasks/Innowise_task_5/airflow_env/lib/python3.8/site-packages/airflow/example_dags/subdags/subdag.py
[2022-08-04 00:03:36,595] {processor.py:641} INFO - Processing file /home/ndx/Innowise tasks/Innowise_task_5/airflow_env/lib/python3.8/site-packages/airflow/example_dags/subdags/subdag.py for tasks to queue
[2022-08-04 00:03:36,596] {logging_mixin.py:115} INFO - [2022-08-04 00:03:36,596] {dagbag.py:508} INFO - Filling up the DagBag from /home/ndx/Innowise tasks/Innowise_task_5/airflow_env/lib/python3.8/site-packages/airflow/example_dags/subdags/subdag.py
[2022-08-04 00:03:36,597] {processor.py:653} WARNING - No viable dags retrieved from /home/ndx/Innowise tasks/Innowise_task_5/airflow_env/lib/python3.8/site-packages/airflow/example_dags/subdags/subdag.py
[2022-08-04 00:03:36,603] {processor.py:161} INFO - Processing /home/ndx/Innowise tasks/Innowise_task_5/airflow_env/lib/python3.8/site-packages/airflow/example_dags/subdags/subdag.py took 0.015 seconds
[2022-08-04 00:04:12,562] {processor.py:153} INFO - Started process (PID=45485) to work on /home/ndx/Innowise tasks/Innowise_task_5/airflow_env/lib/python3.8/site-packages/airflow/example_dags/subdags/subdag.py
[2022-08-04 00:04:12,568] {processor.py:641} INFO - Processing file /home/ndx/Innowise tasks/Innowise_task_5/airflow_env/lib/python3.8/site-packages/airflow/example_dags/subdags/subdag.py for tasks to queue
[2022-08-04 00:04:12,568] {logging_mixin.py:115} INFO - [2022-08-04 00:04:12,568] {dagbag.py:508} INFO - Filling up the DagBag from /home/ndx/Innowise tasks/Innowise_task_5/airflow_env/lib/python3.8/site-packages/airflow/example_dags/subdags/subdag.py
[2022-08-04 00:04:12,570] {processor.py:653} WARNING - No viable dags retrieved from /home/ndx/Innowise tasks/Innowise_task_5/airflow_env/lib/python3.8/site-packages/airflow/example_dags/subdags/subdag.py
[2022-08-04 00:04:12,576] {processor.py:161} INFO - Processing /home/ndx/Innowise tasks/Innowise_task_5/airflow_env/lib/python3.8/site-packages/airflow/example_dags/subdags/subdag.py took 0.015 seconds
[2022-08-04 00:04:44,680] {processor.py:153} INFO - Started process (PID=45537) to work on /home/ndx/Innowise tasks/Innowise_task_5/airflow_env/lib/python3.8/site-packages/airflow/example_dags/subdags/subdag.py
[2022-08-04 00:04:44,681] {processor.py:641} INFO - Processing file /home/ndx/Innowise tasks/Innowise_task_5/airflow_env/lib/python3.8/site-packages/airflow/example_dags/subdags/subdag.py for tasks to queue
[2022-08-04 00:04:44,681] {logging_mixin.py:115} INFO - [2022-08-04 00:04:44,681] {dagbag.py:508} INFO - Filling up the DagBag from /home/ndx/Innowise tasks/Innowise_task_5/airflow_env/lib/python3.8/site-packages/airflow/example_dags/subdags/subdag.py
[2022-08-04 00:04:44,682] {processor.py:653} WARNING - No viable dags retrieved from /home/ndx/Innowise tasks/Innowise_task_5/airflow_env/lib/python3.8/site-packages/airflow/example_dags/subdags/subdag.py
[2022-08-04 00:04:44,687] {processor.py:161} INFO - Processing /home/ndx/Innowise tasks/Innowise_task_5/airflow_env/lib/python3.8/site-packages/airflow/example_dags/subdags/subdag.py took 0.009 seconds
[2022-08-04 00:05:19,394] {processor.py:153} INFO - Started process (PID=45712) to work on /home/ndx/Innowise tasks/Innowise_task_5/airflow_env/lib/python3.8/site-packages/airflow/example_dags/subdags/subdag.py
[2022-08-04 00:05:19,400] {processor.py:641} INFO - Processing file /home/ndx/Innowise tasks/Innowise_task_5/airflow_env/lib/python3.8/site-packages/airflow/example_dags/subdags/subdag.py for tasks to queue
[2022-08-04 00:05:19,400] {logging_mixin.py:115} INFO - [2022-08-04 00:05:19,400] {dagbag.py:508} INFO - Filling up the DagBag from /home/ndx/Innowise tasks/Innowise_task_5/airflow_env/lib/python3.8/site-packages/airflow/example_dags/subdags/subdag.py
[2022-08-04 00:05:19,402] {processor.py:653} WARNING - No viable dags retrieved from /home/ndx/Innowise tasks/Innowise_task_5/airflow_env/lib/python3.8/site-packages/airflow/example_dags/subdags/subdag.py
[2022-08-04 00:05:19,407] {processor.py:161} INFO - Processing /home/ndx/Innowise tasks/Innowise_task_5/airflow_env/lib/python3.8/site-packages/airflow/example_dags/subdags/subdag.py took 0.015 seconds
[2022-08-04 00:05:52,911] {processor.py:153} INFO - Started process (PID=45805) to work on /home/ndx/Innowise tasks/Innowise_task_5/airflow_env/lib/python3.8/site-packages/airflow/example_dags/subdags/subdag.py
[2022-08-04 00:05:52,911] {processor.py:641} INFO - Processing file /home/ndx/Innowise tasks/Innowise_task_5/airflow_env/lib/python3.8/site-packages/airflow/example_dags/subdags/subdag.py for tasks to queue
[2022-08-04 00:05:52,912] {logging_mixin.py:115} INFO - [2022-08-04 00:05:52,912] {dagbag.py:508} INFO - Filling up the DagBag from /home/ndx/Innowise tasks/Innowise_task_5/airflow_env/lib/python3.8/site-packages/airflow/example_dags/subdags/subdag.py
[2022-08-04 00:05:52,912] {processor.py:653} WARNING - No viable dags retrieved from /home/ndx/Innowise tasks/Innowise_task_5/airflow_env/lib/python3.8/site-packages/airflow/example_dags/subdags/subdag.py
[2022-08-04 00:05:52,918] {processor.py:161} INFO - Processing /home/ndx/Innowise tasks/Innowise_task_5/airflow_env/lib/python3.8/site-packages/airflow/example_dags/subdags/subdag.py took 0.009 seconds
[2022-08-04 00:06:27,488] {processor.py:153} INFO - Started process (PID=45912) to work on /home/ndx/Innowise tasks/Innowise_task_5/airflow_env/lib/python3.8/site-packages/airflow/example_dags/subdags/subdag.py
[2022-08-04 00:06:27,493] {processor.py:641} INFO - Processing file /home/ndx/Innowise tasks/Innowise_task_5/airflow_env/lib/python3.8/site-packages/airflow/example_dags/subdags/subdag.py for tasks to queue
[2022-08-04 00:06:27,494] {logging_mixin.py:115} INFO - [2022-08-04 00:06:27,494] {dagbag.py:508} INFO - Filling up the DagBag from /home/ndx/Innowise tasks/Innowise_task_5/airflow_env/lib/python3.8/site-packages/airflow/example_dags/subdags/subdag.py
[2022-08-04 00:06:27,496] {processor.py:653} WARNING - No viable dags retrieved from /home/ndx/Innowise tasks/Innowise_task_5/airflow_env/lib/python3.8/site-packages/airflow/example_dags/subdags/subdag.py
[2022-08-04 00:06:27,501] {processor.py:161} INFO - Processing /home/ndx/Innowise tasks/Innowise_task_5/airflow_env/lib/python3.8/site-packages/airflow/example_dags/subdags/subdag.py took 0.015 seconds
[2022-08-04 00:07:01,405] {processor.py:153} INFO - Started process (PID=45975) to work on /home/ndx/Innowise tasks/Innowise_task_5/airflow_env/lib/python3.8/site-packages/airflow/example_dags/subdags/subdag.py
[2022-08-04 00:07:01,411] {processor.py:641} INFO - Processing file /home/ndx/Innowise tasks/Innowise_task_5/airflow_env/lib/python3.8/site-packages/airflow/example_dags/subdags/subdag.py for tasks to queue
[2022-08-04 00:07:01,412] {logging_mixin.py:115} INFO - [2022-08-04 00:07:01,412] {dagbag.py:508} INFO - Filling up the DagBag from /home/ndx/Innowise tasks/Innowise_task_5/airflow_env/lib/python3.8/site-packages/airflow/example_dags/subdags/subdag.py
[2022-08-04 00:07:01,413] {processor.py:653} WARNING - No viable dags retrieved from /home/ndx/Innowise tasks/Innowise_task_5/airflow_env/lib/python3.8/site-packages/airflow/example_dags/subdags/subdag.py
[2022-08-04 00:07:01,419] {processor.py:161} INFO - Processing /home/ndx/Innowise tasks/Innowise_task_5/airflow_env/lib/python3.8/site-packages/airflow/example_dags/subdags/subdag.py took 0.016 seconds
[2022-08-04 00:07:35,587] {processor.py:153} INFO - Started process (PID=46064) to work on /home/ndx/Innowise tasks/Innowise_task_5/airflow_env/lib/python3.8/site-packages/airflow/example_dags/subdags/subdag.py
[2022-08-04 00:07:35,592] {processor.py:641} INFO - Processing file /home/ndx/Innowise tasks/Innowise_task_5/airflow_env/lib/python3.8/site-packages/airflow/example_dags/subdags/subdag.py for tasks to queue
[2022-08-04 00:07:35,593] {logging_mixin.py:115} INFO - [2022-08-04 00:07:35,593] {dagbag.py:508} INFO - Filling up the DagBag from /home/ndx/Innowise tasks/Innowise_task_5/airflow_env/lib/python3.8/site-packages/airflow/example_dags/subdags/subdag.py
[2022-08-04 00:07:35,594] {processor.py:653} WARNING - No viable dags retrieved from /home/ndx/Innowise tasks/Innowise_task_5/airflow_env/lib/python3.8/site-packages/airflow/example_dags/subdags/subdag.py
[2022-08-04 00:07:35,600] {processor.py:161} INFO - Processing /home/ndx/Innowise tasks/Innowise_task_5/airflow_env/lib/python3.8/site-packages/airflow/example_dags/subdags/subdag.py took 0.015 seconds
[2022-08-04 00:08:08,138] {processor.py:153} INFO - Started process (PID=46128) to work on /home/ndx/Innowise tasks/Innowise_task_5/airflow_env/lib/python3.8/site-packages/airflow/example_dags/subdags/subdag.py
[2022-08-04 00:08:08,143] {processor.py:641} INFO - Processing file /home/ndx/Innowise tasks/Innowise_task_5/airflow_env/lib/python3.8/site-packages/airflow/example_dags/subdags/subdag.py for tasks to queue
[2022-08-04 00:08:08,144] {logging_mixin.py:115} INFO - [2022-08-04 00:08:08,144] {dagbag.py:508} INFO - Filling up the DagBag from /home/ndx/Innowise tasks/Innowise_task_5/airflow_env/lib/python3.8/site-packages/airflow/example_dags/subdags/subdag.py
[2022-08-04 00:08:08,145] {processor.py:653} WARNING - No viable dags retrieved from /home/ndx/Innowise tasks/Innowise_task_5/airflow_env/lib/python3.8/site-packages/airflow/example_dags/subdags/subdag.py
[2022-08-04 00:08:08,151] {processor.py:161} INFO - Processing /home/ndx/Innowise tasks/Innowise_task_5/airflow_env/lib/python3.8/site-packages/airflow/example_dags/subdags/subdag.py took 0.015 seconds
[2022-08-04 00:08:42,579] {processor.py:153} INFO - Started process (PID=46216) to work on /home/ndx/Innowise tasks/Innowise_task_5/airflow_env/lib/python3.8/site-packages/airflow/example_dags/subdags/subdag.py
[2022-08-04 00:08:42,585] {processor.py:641} INFO - Processing file /home/ndx/Innowise tasks/Innowise_task_5/airflow_env/lib/python3.8/site-packages/airflow/example_dags/subdags/subdag.py for tasks to queue
[2022-08-04 00:08:42,586] {logging_mixin.py:115} INFO - [2022-08-04 00:08:42,585] {dagbag.py:508} INFO - Filling up the DagBag from /home/ndx/Innowise tasks/Innowise_task_5/airflow_env/lib/python3.8/site-packages/airflow/example_dags/subdags/subdag.py
[2022-08-04 00:08:42,587] {processor.py:653} WARNING - No viable dags retrieved from /home/ndx/Innowise tasks/Innowise_task_5/airflow_env/lib/python3.8/site-packages/airflow/example_dags/subdags/subdag.py
[2022-08-04 00:08:42,593] {processor.py:161} INFO - Processing /home/ndx/Innowise tasks/Innowise_task_5/airflow_env/lib/python3.8/site-packages/airflow/example_dags/subdags/subdag.py took 0.015 seconds
[2022-08-04 00:09:16,374] {processor.py:153} INFO - Started process (PID=46314) to work on /home/ndx/Innowise tasks/Innowise_task_5/airflow_env/lib/python3.8/site-packages/airflow/example_dags/subdags/subdag.py
[2022-08-04 00:09:16,379] {processor.py:641} INFO - Processing file /home/ndx/Innowise tasks/Innowise_task_5/airflow_env/lib/python3.8/site-packages/airflow/example_dags/subdags/subdag.py for tasks to queue
[2022-08-04 00:09:16,380] {logging_mixin.py:115} INFO - [2022-08-04 00:09:16,380] {dagbag.py:508} INFO - Filling up the DagBag from /home/ndx/Innowise tasks/Innowise_task_5/airflow_env/lib/python3.8/site-packages/airflow/example_dags/subdags/subdag.py
[2022-08-04 00:09:16,381] {processor.py:653} WARNING - No viable dags retrieved from /home/ndx/Innowise tasks/Innowise_task_5/airflow_env/lib/python3.8/site-packages/airflow/example_dags/subdags/subdag.py
[2022-08-04 00:09:16,387] {processor.py:161} INFO - Processing /home/ndx/Innowise tasks/Innowise_task_5/airflow_env/lib/python3.8/site-packages/airflow/example_dags/subdags/subdag.py took 0.014 seconds
[2022-08-04 00:09:53,960] {processor.py:153} INFO - Started process (PID=46402) to work on /home/ndx/Innowise tasks/Innowise_task_5/airflow_env/lib/python3.8/site-packages/airflow/example_dags/subdags/subdag.py
[2022-08-04 00:09:53,966] {processor.py:641} INFO - Processing file /home/ndx/Innowise tasks/Innowise_task_5/airflow_env/lib/python3.8/site-packages/airflow/example_dags/subdags/subdag.py for tasks to queue
[2022-08-04 00:09:53,966] {logging_mixin.py:115} INFO - [2022-08-04 00:09:53,966] {dagbag.py:508} INFO - Filling up the DagBag from /home/ndx/Innowise tasks/Innowise_task_5/airflow_env/lib/python3.8/site-packages/airflow/example_dags/subdags/subdag.py
[2022-08-04 00:09:53,967] {processor.py:653} WARNING - No viable dags retrieved from /home/ndx/Innowise tasks/Innowise_task_5/airflow_env/lib/python3.8/site-packages/airflow/example_dags/subdags/subdag.py
[2022-08-04 00:09:53,974] {processor.py:161} INFO - Processing /home/ndx/Innowise tasks/Innowise_task_5/airflow_env/lib/python3.8/site-packages/airflow/example_dags/subdags/subdag.py took 0.015 seconds
[2022-08-04 00:10:26,220] {processor.py:153} INFO - Started process (PID=46518) to work on /home/ndx/Innowise tasks/Innowise_task_5/airflow_env/lib/python3.8/site-packages/airflow/example_dags/subdags/subdag.py
[2022-08-04 00:10:26,225] {processor.py:641} INFO - Processing file /home/ndx/Innowise tasks/Innowise_task_5/airflow_env/lib/python3.8/site-packages/airflow/example_dags/subdags/subdag.py for tasks to queue
[2022-08-04 00:10:26,226] {logging_mixin.py:115} INFO - [2022-08-04 00:10:26,225] {dagbag.py:508} INFO - Filling up the DagBag from /home/ndx/Innowise tasks/Innowise_task_5/airflow_env/lib/python3.8/site-packages/airflow/example_dags/subdags/subdag.py
[2022-08-04 00:10:26,226] {processor.py:653} WARNING - No viable dags retrieved from /home/ndx/Innowise tasks/Innowise_task_5/airflow_env/lib/python3.8/site-packages/airflow/example_dags/subdags/subdag.py
[2022-08-04 00:10:26,232] {processor.py:161} INFO - Processing /home/ndx/Innowise tasks/Innowise_task_5/airflow_env/lib/python3.8/site-packages/airflow/example_dags/subdags/subdag.py took 0.014 seconds
[2022-08-04 00:11:01,910] {processor.py:153} INFO - Started process (PID=46590) to work on /home/ndx/Innowise tasks/Innowise_task_5/airflow_env/lib/python3.8/site-packages/airflow/example_dags/subdags/subdag.py
[2022-08-04 00:11:01,915] {processor.py:641} INFO - Processing file /home/ndx/Innowise tasks/Innowise_task_5/airflow_env/lib/python3.8/site-packages/airflow/example_dags/subdags/subdag.py for tasks to queue
[2022-08-04 00:11:01,916] {logging_mixin.py:115} INFO - [2022-08-04 00:11:01,916] {dagbag.py:508} INFO - Filling up the DagBag from /home/ndx/Innowise tasks/Innowise_task_5/airflow_env/lib/python3.8/site-packages/airflow/example_dags/subdags/subdag.py
[2022-08-04 00:11:01,917] {processor.py:653} WARNING - No viable dags retrieved from /home/ndx/Innowise tasks/Innowise_task_5/airflow_env/lib/python3.8/site-packages/airflow/example_dags/subdags/subdag.py
[2022-08-04 00:11:01,923] {processor.py:161} INFO - Processing /home/ndx/Innowise tasks/Innowise_task_5/airflow_env/lib/python3.8/site-packages/airflow/example_dags/subdags/subdag.py took 0.014 seconds
[2022-08-04 00:11:34,470] {processor.py:153} INFO - Started process (PID=46636) to work on /home/ndx/Innowise tasks/Innowise_task_5/airflow_env/lib/python3.8/site-packages/airflow/example_dags/subdags/subdag.py
[2022-08-04 00:11:34,475] {processor.py:641} INFO - Processing file /home/ndx/Innowise tasks/Innowise_task_5/airflow_env/lib/python3.8/site-packages/airflow/example_dags/subdags/subdag.py for tasks to queue
[2022-08-04 00:11:34,476] {logging_mixin.py:115} INFO - [2022-08-04 00:11:34,476] {dagbag.py:508} INFO - Filling up the DagBag from /home/ndx/Innowise tasks/Innowise_task_5/airflow_env/lib/python3.8/site-packages/airflow/example_dags/subdags/subdag.py
[2022-08-04 00:11:34,477] {processor.py:653} WARNING - No viable dags retrieved from /home/ndx/Innowise tasks/Innowise_task_5/airflow_env/lib/python3.8/site-packages/airflow/example_dags/subdags/subdag.py
[2022-08-04 00:11:34,483] {processor.py:161} INFO - Processing /home/ndx/Innowise tasks/Innowise_task_5/airflow_env/lib/python3.8/site-packages/airflow/example_dags/subdags/subdag.py took 0.014 seconds
[2022-08-04 00:12:09,862] {processor.py:153} INFO - Started process (PID=46712) to work on /home/ndx/Innowise tasks/Innowise_task_5/airflow_env/lib/python3.8/site-packages/airflow/example_dags/subdags/subdag.py
[2022-08-04 00:12:09,868] {processor.py:641} INFO - Processing file /home/ndx/Innowise tasks/Innowise_task_5/airflow_env/lib/python3.8/site-packages/airflow/example_dags/subdags/subdag.py for tasks to queue
[2022-08-04 00:12:09,868] {logging_mixin.py:115} INFO - [2022-08-04 00:12:09,868] {dagbag.py:508} INFO - Filling up the DagBag from /home/ndx/Innowise tasks/Innowise_task_5/airflow_env/lib/python3.8/site-packages/airflow/example_dags/subdags/subdag.py
[2022-08-04 00:12:09,869] {processor.py:653} WARNING - No viable dags retrieved from /home/ndx/Innowise tasks/Innowise_task_5/airflow_env/lib/python3.8/site-packages/airflow/example_dags/subdags/subdag.py
[2022-08-04 00:12:09,876] {processor.py:161} INFO - Processing /home/ndx/Innowise tasks/Innowise_task_5/airflow_env/lib/python3.8/site-packages/airflow/example_dags/subdags/subdag.py took 0.016 seconds
[2022-08-04 00:12:42,725] {processor.py:153} INFO - Started process (PID=46762) to work on /home/ndx/Innowise tasks/Innowise_task_5/airflow_env/lib/python3.8/site-packages/airflow/example_dags/subdags/subdag.py
[2022-08-04 00:12:42,731] {processor.py:641} INFO - Processing file /home/ndx/Innowise tasks/Innowise_task_5/airflow_env/lib/python3.8/site-packages/airflow/example_dags/subdags/subdag.py for tasks to queue
[2022-08-04 00:12:42,732] {logging_mixin.py:115} INFO - [2022-08-04 00:12:42,732] {dagbag.py:508} INFO - Filling up the DagBag from /home/ndx/Innowise tasks/Innowise_task_5/airflow_env/lib/python3.8/site-packages/airflow/example_dags/subdags/subdag.py
[2022-08-04 00:12:42,733] {processor.py:653} WARNING - No viable dags retrieved from /home/ndx/Innowise tasks/Innowise_task_5/airflow_env/lib/python3.8/site-packages/airflow/example_dags/subdags/subdag.py
[2022-08-04 00:12:42,739] {processor.py:161} INFO - Processing /home/ndx/Innowise tasks/Innowise_task_5/airflow_env/lib/python3.8/site-packages/airflow/example_dags/subdags/subdag.py took 0.016 seconds
[2022-08-04 00:13:17,251] {processor.py:153} INFO - Started process (PID=46835) to work on /home/ndx/Innowise tasks/Innowise_task_5/airflow_env/lib/python3.8/site-packages/airflow/example_dags/subdags/subdag.py
[2022-08-04 00:13:17,256] {processor.py:641} INFO - Processing file /home/ndx/Innowise tasks/Innowise_task_5/airflow_env/lib/python3.8/site-packages/airflow/example_dags/subdags/subdag.py for tasks to queue
[2022-08-04 00:13:17,257] {logging_mixin.py:115} INFO - [2022-08-04 00:13:17,257] {dagbag.py:508} INFO - Filling up the DagBag from /home/ndx/Innowise tasks/Innowise_task_5/airflow_env/lib/python3.8/site-packages/airflow/example_dags/subdags/subdag.py
[2022-08-04 00:13:17,258] {processor.py:653} WARNING - No viable dags retrieved from /home/ndx/Innowise tasks/Innowise_task_5/airflow_env/lib/python3.8/site-packages/airflow/example_dags/subdags/subdag.py
[2022-08-04 00:13:17,264] {processor.py:161} INFO - Processing /home/ndx/Innowise tasks/Innowise_task_5/airflow_env/lib/python3.8/site-packages/airflow/example_dags/subdags/subdag.py took 0.015 seconds
[2022-08-04 00:13:51,490] {processor.py:153} INFO - Started process (PID=46934) to work on /home/ndx/Innowise tasks/Innowise_task_5/airflow_env/lib/python3.8/site-packages/airflow/example_dags/subdags/subdag.py
[2022-08-04 00:13:51,496] {processor.py:641} INFO - Processing file /home/ndx/Innowise tasks/Innowise_task_5/airflow_env/lib/python3.8/site-packages/airflow/example_dags/subdags/subdag.py for tasks to queue
[2022-08-04 00:13:51,496] {logging_mixin.py:115} INFO - [2022-08-04 00:13:51,496] {dagbag.py:508} INFO - Filling up the DagBag from /home/ndx/Innowise tasks/Innowise_task_5/airflow_env/lib/python3.8/site-packages/airflow/example_dags/subdags/subdag.py
[2022-08-04 00:13:51,498] {processor.py:653} WARNING - No viable dags retrieved from /home/ndx/Innowise tasks/Innowise_task_5/airflow_env/lib/python3.8/site-packages/airflow/example_dags/subdags/subdag.py
[2022-08-04 00:13:51,504] {processor.py:161} INFO - Processing /home/ndx/Innowise tasks/Innowise_task_5/airflow_env/lib/python3.8/site-packages/airflow/example_dags/subdags/subdag.py took 0.015 seconds
[2022-08-04 00:14:25,031] {processor.py:153} INFO - Started process (PID=47045) to work on /home/ndx/Innowise tasks/Innowise_task_5/airflow_env/lib/python3.8/site-packages/airflow/example_dags/subdags/subdag.py
[2022-08-04 00:14:25,036] {processor.py:641} INFO - Processing file /home/ndx/Innowise tasks/Innowise_task_5/airflow_env/lib/python3.8/site-packages/airflow/example_dags/subdags/subdag.py for tasks to queue
[2022-08-04 00:14:25,037] {logging_mixin.py:115} INFO - [2022-08-04 00:14:25,037] {dagbag.py:508} INFO - Filling up the DagBag from /home/ndx/Innowise tasks/Innowise_task_5/airflow_env/lib/python3.8/site-packages/airflow/example_dags/subdags/subdag.py
[2022-08-04 00:14:25,038] {processor.py:653} WARNING - No viable dags retrieved from /home/ndx/Innowise tasks/Innowise_task_5/airflow_env/lib/python3.8/site-packages/airflow/example_dags/subdags/subdag.py
[2022-08-04 00:14:25,044] {processor.py:161} INFO - Processing /home/ndx/Innowise tasks/Innowise_task_5/airflow_env/lib/python3.8/site-packages/airflow/example_dags/subdags/subdag.py took 0.015 seconds
[2022-08-04 00:14:59,150] {processor.py:153} INFO - Started process (PID=47135) to work on /home/ndx/Innowise tasks/Innowise_task_5/airflow_env/lib/python3.8/site-packages/airflow/example_dags/subdags/subdag.py
[2022-08-04 00:14:59,155] {processor.py:641} INFO - Processing file /home/ndx/Innowise tasks/Innowise_task_5/airflow_env/lib/python3.8/site-packages/airflow/example_dags/subdags/subdag.py for tasks to queue
[2022-08-04 00:14:59,156] {logging_mixin.py:115} INFO - [2022-08-04 00:14:59,156] {dagbag.py:508} INFO - Filling up the DagBag from /home/ndx/Innowise tasks/Innowise_task_5/airflow_env/lib/python3.8/site-packages/airflow/example_dags/subdags/subdag.py
[2022-08-04 00:14:59,157] {processor.py:653} WARNING - No viable dags retrieved from /home/ndx/Innowise tasks/Innowise_task_5/airflow_env/lib/python3.8/site-packages/airflow/example_dags/subdags/subdag.py
[2022-08-04 00:14:59,166] {processor.py:161} INFO - Processing /home/ndx/Innowise tasks/Innowise_task_5/airflow_env/lib/python3.8/site-packages/airflow/example_dags/subdags/subdag.py took 0.018 seconds
[2022-08-04 00:15:37,105] {processor.py:153} INFO - Started process (PID=47236) to work on /home/ndx/Innowise tasks/Innowise_task_5/airflow_env/lib/python3.8/site-packages/airflow/example_dags/subdags/subdag.py
[2022-08-04 00:15:37,111] {processor.py:641} INFO - Processing file /home/ndx/Innowise tasks/Innowise_task_5/airflow_env/lib/python3.8/site-packages/airflow/example_dags/subdags/subdag.py for tasks to queue
[2022-08-04 00:15:37,111] {logging_mixin.py:115} INFO - [2022-08-04 00:15:37,111] {dagbag.py:508} INFO - Filling up the DagBag from /home/ndx/Innowise tasks/Innowise_task_5/airflow_env/lib/python3.8/site-packages/airflow/example_dags/subdags/subdag.py
[2022-08-04 00:15:37,113] {processor.py:653} WARNING - No viable dags retrieved from /home/ndx/Innowise tasks/Innowise_task_5/airflow_env/lib/python3.8/site-packages/airflow/example_dags/subdags/subdag.py
[2022-08-04 00:15:37,119] {processor.py:161} INFO - Processing /home/ndx/Innowise tasks/Innowise_task_5/airflow_env/lib/python3.8/site-packages/airflow/example_dags/subdags/subdag.py took 0.015 seconds
[2022-08-04 00:16:12,066] {processor.py:153} INFO - Started process (PID=47296) to work on /home/ndx/Innowise tasks/Innowise_task_5/airflow_env/lib/python3.8/site-packages/airflow/example_dags/subdags/subdag.py
[2022-08-04 00:16:12,071] {processor.py:641} INFO - Processing file /home/ndx/Innowise tasks/Innowise_task_5/airflow_env/lib/python3.8/site-packages/airflow/example_dags/subdags/subdag.py for tasks to queue
[2022-08-04 00:16:12,071] {logging_mixin.py:115} INFO - [2022-08-04 00:16:12,071] {dagbag.py:508} INFO - Filling up the DagBag from /home/ndx/Innowise tasks/Innowise_task_5/airflow_env/lib/python3.8/site-packages/airflow/example_dags/subdags/subdag.py
[2022-08-04 00:16:12,073] {processor.py:653} WARNING - No viable dags retrieved from /home/ndx/Innowise tasks/Innowise_task_5/airflow_env/lib/python3.8/site-packages/airflow/example_dags/subdags/subdag.py
[2022-08-04 00:16:12,078] {processor.py:161} INFO - Processing /home/ndx/Innowise tasks/Innowise_task_5/airflow_env/lib/python3.8/site-packages/airflow/example_dags/subdags/subdag.py took 0.014 seconds
[2022-08-04 00:16:45,183] {processor.py:153} INFO - Started process (PID=47373) to work on /home/ndx/Innowise tasks/Innowise_task_5/airflow_env/lib/python3.8/site-packages/airflow/example_dags/subdags/subdag.py
[2022-08-04 00:16:45,183] {processor.py:641} INFO - Processing file /home/ndx/Innowise tasks/Innowise_task_5/airflow_env/lib/python3.8/site-packages/airflow/example_dags/subdags/subdag.py for tasks to queue
[2022-08-04 00:16:45,183] {logging_mixin.py:115} INFO - [2022-08-04 00:16:45,183] {dagbag.py:508} INFO - Filling up the DagBag from /home/ndx/Innowise tasks/Innowise_task_5/airflow_env/lib/python3.8/site-packages/airflow/example_dags/subdags/subdag.py
[2022-08-04 00:16:45,184] {processor.py:653} WARNING - No viable dags retrieved from /home/ndx/Innowise tasks/Innowise_task_5/airflow_env/lib/python3.8/site-packages/airflow/example_dags/subdags/subdag.py
[2022-08-04 00:16:45,191] {processor.py:161} INFO - Processing /home/ndx/Innowise tasks/Innowise_task_5/airflow_env/lib/python3.8/site-packages/airflow/example_dags/subdags/subdag.py took 0.010 seconds
[2022-08-04 00:17:20,789] {processor.py:153} INFO - Started process (PID=47475) to work on /home/ndx/Innowise tasks/Innowise_task_5/airflow_env/lib/python3.8/site-packages/airflow/example_dags/subdags/subdag.py
[2022-08-04 00:17:20,795] {processor.py:641} INFO - Processing file /home/ndx/Innowise tasks/Innowise_task_5/airflow_env/lib/python3.8/site-packages/airflow/example_dags/subdags/subdag.py for tasks to queue
[2022-08-04 00:17:20,795] {logging_mixin.py:115} INFO - [2022-08-04 00:17:20,795] {dagbag.py:508} INFO - Filling up the DagBag from /home/ndx/Innowise tasks/Innowise_task_5/airflow_env/lib/python3.8/site-packages/airflow/example_dags/subdags/subdag.py
[2022-08-04 00:17:20,796] {processor.py:653} WARNING - No viable dags retrieved from /home/ndx/Innowise tasks/Innowise_task_5/airflow_env/lib/python3.8/site-packages/airflow/example_dags/subdags/subdag.py
[2022-08-04 00:17:20,803] {processor.py:161} INFO - Processing /home/ndx/Innowise tasks/Innowise_task_5/airflow_env/lib/python3.8/site-packages/airflow/example_dags/subdags/subdag.py took 0.016 seconds
[2022-08-04 00:18:00,743] {processor.py:153} INFO - Started process (PID=47561) to work on /home/ndx/Innowise tasks/Innowise_task_5/airflow_env/lib/python3.8/site-packages/airflow/example_dags/subdags/subdag.py
[2022-08-04 00:18:00,748] {processor.py:641} INFO - Processing file /home/ndx/Innowise tasks/Innowise_task_5/airflow_env/lib/python3.8/site-packages/airflow/example_dags/subdags/subdag.py for tasks to queue
[2022-08-04 00:18:00,749] {logging_mixin.py:115} INFO - [2022-08-04 00:18:00,749] {dagbag.py:508} INFO - Filling up the DagBag from /home/ndx/Innowise tasks/Innowise_task_5/airflow_env/lib/python3.8/site-packages/airflow/example_dags/subdags/subdag.py
[2022-08-04 00:18:00,750] {processor.py:653} WARNING - No viable dags retrieved from /home/ndx/Innowise tasks/Innowise_task_5/airflow_env/lib/python3.8/site-packages/airflow/example_dags/subdags/subdag.py
[2022-08-04 00:18:00,757] {processor.py:161} INFO - Processing /home/ndx/Innowise tasks/Innowise_task_5/airflow_env/lib/python3.8/site-packages/airflow/example_dags/subdags/subdag.py took 0.015 seconds
[2022-08-04 00:18:33,465] {processor.py:153} INFO - Started process (PID=47601) to work on /home/ndx/Innowise tasks/Innowise_task_5/airflow_env/lib/python3.8/site-packages/airflow/example_dags/subdags/subdag.py
[2022-08-04 00:18:33,471] {processor.py:641} INFO - Processing file /home/ndx/Innowise tasks/Innowise_task_5/airflow_env/lib/python3.8/site-packages/airflow/example_dags/subdags/subdag.py for tasks to queue
[2022-08-04 00:18:33,471] {logging_mixin.py:115} INFO - [2022-08-04 00:18:33,471] {dagbag.py:508} INFO - Filling up the DagBag from /home/ndx/Innowise tasks/Innowise_task_5/airflow_env/lib/python3.8/site-packages/airflow/example_dags/subdags/subdag.py
[2022-08-04 00:18:33,473] {processor.py:653} WARNING - No viable dags retrieved from /home/ndx/Innowise tasks/Innowise_task_5/airflow_env/lib/python3.8/site-packages/airflow/example_dags/subdags/subdag.py
[2022-08-04 00:18:33,479] {processor.py:161} INFO - Processing /home/ndx/Innowise tasks/Innowise_task_5/airflow_env/lib/python3.8/site-packages/airflow/example_dags/subdags/subdag.py took 0.015 seconds
[2022-08-04 00:19:09,413] {processor.py:153} INFO - Started process (PID=47761) to work on /home/ndx/Innowise tasks/Innowise_task_5/airflow_env/lib/python3.8/site-packages/airflow/example_dags/subdags/subdag.py
[2022-08-04 00:19:09,419] {processor.py:641} INFO - Processing file /home/ndx/Innowise tasks/Innowise_task_5/airflow_env/lib/python3.8/site-packages/airflow/example_dags/subdags/subdag.py for tasks to queue
[2022-08-04 00:19:09,419] {logging_mixin.py:115} INFO - [2022-08-04 00:19:09,419] {dagbag.py:508} INFO - Filling up the DagBag from /home/ndx/Innowise tasks/Innowise_task_5/airflow_env/lib/python3.8/site-packages/airflow/example_dags/subdags/subdag.py
[2022-08-04 00:19:09,421] {processor.py:653} WARNING - No viable dags retrieved from /home/ndx/Innowise tasks/Innowise_task_5/airflow_env/lib/python3.8/site-packages/airflow/example_dags/subdags/subdag.py
[2022-08-04 00:19:09,427] {processor.py:161} INFO - Processing /home/ndx/Innowise tasks/Innowise_task_5/airflow_env/lib/python3.8/site-packages/airflow/example_dags/subdags/subdag.py took 0.015 seconds
[2022-08-04 00:19:42,652] {processor.py:153} INFO - Started process (PID=47861) to work on /home/ndx/Innowise tasks/Innowise_task_5/airflow_env/lib/python3.8/site-packages/airflow/example_dags/subdags/subdag.py
[2022-08-04 00:19:42,657] {processor.py:641} INFO - Processing file /home/ndx/Innowise tasks/Innowise_task_5/airflow_env/lib/python3.8/site-packages/airflow/example_dags/subdags/subdag.py for tasks to queue
[2022-08-04 00:19:42,658] {logging_mixin.py:115} INFO - [2022-08-04 00:19:42,658] {dagbag.py:508} INFO - Filling up the DagBag from /home/ndx/Innowise tasks/Innowise_task_5/airflow_env/lib/python3.8/site-packages/airflow/example_dags/subdags/subdag.py
[2022-08-04 00:19:42,659] {processor.py:653} WARNING - No viable dags retrieved from /home/ndx/Innowise tasks/Innowise_task_5/airflow_env/lib/python3.8/site-packages/airflow/example_dags/subdags/subdag.py
[2022-08-04 00:19:42,665] {processor.py:161} INFO - Processing /home/ndx/Innowise tasks/Innowise_task_5/airflow_env/lib/python3.8/site-packages/airflow/example_dags/subdags/subdag.py took 0.015 seconds
[2022-08-04 00:20:16,918] {processor.py:153} INFO - Started process (PID=47962) to work on /home/ndx/Innowise tasks/Innowise_task_5/airflow_env/lib/python3.8/site-packages/airflow/example_dags/subdags/subdag.py
[2022-08-04 00:20:16,923] {processor.py:641} INFO - Processing file /home/ndx/Innowise tasks/Innowise_task_5/airflow_env/lib/python3.8/site-packages/airflow/example_dags/subdags/subdag.py for tasks to queue
[2022-08-04 00:20:16,923] {logging_mixin.py:115} INFO - [2022-08-04 00:20:16,923] {dagbag.py:508} INFO - Filling up the DagBag from /home/ndx/Innowise tasks/Innowise_task_5/airflow_env/lib/python3.8/site-packages/airflow/example_dags/subdags/subdag.py
[2022-08-04 00:20:16,924] {processor.py:653} WARNING - No viable dags retrieved from /home/ndx/Innowise tasks/Innowise_task_5/airflow_env/lib/python3.8/site-packages/airflow/example_dags/subdags/subdag.py
[2022-08-04 00:20:16,929] {processor.py:161} INFO - Processing /home/ndx/Innowise tasks/Innowise_task_5/airflow_env/lib/python3.8/site-packages/airflow/example_dags/subdags/subdag.py took 0.013 seconds
[2022-08-04 00:20:50,568] {processor.py:153} INFO - Started process (PID=48023) to work on /home/ndx/Innowise tasks/Innowise_task_5/airflow_env/lib/python3.8/site-packages/airflow/example_dags/subdags/subdag.py
[2022-08-04 00:20:50,574] {processor.py:641} INFO - Processing file /home/ndx/Innowise tasks/Innowise_task_5/airflow_env/lib/python3.8/site-packages/airflow/example_dags/subdags/subdag.py for tasks to queue
[2022-08-04 00:20:50,574] {logging_mixin.py:115} INFO - [2022-08-04 00:20:50,574] {dagbag.py:508} INFO - Filling up the DagBag from /home/ndx/Innowise tasks/Innowise_task_5/airflow_env/lib/python3.8/site-packages/airflow/example_dags/subdags/subdag.py
[2022-08-04 00:20:50,575] {processor.py:653} WARNING - No viable dags retrieved from /home/ndx/Innowise tasks/Innowise_task_5/airflow_env/lib/python3.8/site-packages/airflow/example_dags/subdags/subdag.py
[2022-08-04 00:20:50,581] {processor.py:161} INFO - Processing /home/ndx/Innowise tasks/Innowise_task_5/airflow_env/lib/python3.8/site-packages/airflow/example_dags/subdags/subdag.py took 0.015 seconds
[2022-08-04 00:21:22,798] {processor.py:153} INFO - Started process (PID=48137) to work on /home/ndx/Innowise tasks/Innowise_task_5/airflow_env/lib/python3.8/site-packages/airflow/example_dags/subdags/subdag.py
[2022-08-04 00:21:22,804] {processor.py:641} INFO - Processing file /home/ndx/Innowise tasks/Innowise_task_5/airflow_env/lib/python3.8/site-packages/airflow/example_dags/subdags/subdag.py for tasks to queue
[2022-08-04 00:21:22,804] {logging_mixin.py:115} INFO - [2022-08-04 00:21:22,804] {dagbag.py:508} INFO - Filling up the DagBag from /home/ndx/Innowise tasks/Innowise_task_5/airflow_env/lib/python3.8/site-packages/airflow/example_dags/subdags/subdag.py
[2022-08-04 00:21:22,806] {processor.py:653} WARNING - No viable dags retrieved from /home/ndx/Innowise tasks/Innowise_task_5/airflow_env/lib/python3.8/site-packages/airflow/example_dags/subdags/subdag.py
[2022-08-04 00:21:22,812] {processor.py:161} INFO - Processing /home/ndx/Innowise tasks/Innowise_task_5/airflow_env/lib/python3.8/site-packages/airflow/example_dags/subdags/subdag.py took 0.015 seconds
[2022-08-04 00:21:57,567] {processor.py:153} INFO - Started process (PID=48182) to work on /home/ndx/Innowise tasks/Innowise_task_5/airflow_env/lib/python3.8/site-packages/airflow/example_dags/subdags/subdag.py
[2022-08-04 00:21:57,572] {processor.py:641} INFO - Processing file /home/ndx/Innowise tasks/Innowise_task_5/airflow_env/lib/python3.8/site-packages/airflow/example_dags/subdags/subdag.py for tasks to queue
[2022-08-04 00:21:57,573] {logging_mixin.py:115} INFO - [2022-08-04 00:21:57,573] {dagbag.py:508} INFO - Filling up the DagBag from /home/ndx/Innowise tasks/Innowise_task_5/airflow_env/lib/python3.8/site-packages/airflow/example_dags/subdags/subdag.py
[2022-08-04 00:21:57,574] {processor.py:653} WARNING - No viable dags retrieved from /home/ndx/Innowise tasks/Innowise_task_5/airflow_env/lib/python3.8/site-packages/airflow/example_dags/subdags/subdag.py
[2022-08-04 00:21:57,579] {processor.py:161} INFO - Processing /home/ndx/Innowise tasks/Innowise_task_5/airflow_env/lib/python3.8/site-packages/airflow/example_dags/subdags/subdag.py took 0.014 seconds
[2022-08-04 00:22:32,972] {processor.py:153} INFO - Started process (PID=48255) to work on /home/ndx/Innowise tasks/Innowise_task_5/airflow_env/lib/python3.8/site-packages/airflow/example_dags/subdags/subdag.py
[2022-08-04 00:22:32,977] {processor.py:641} INFO - Processing file /home/ndx/Innowise tasks/Innowise_task_5/airflow_env/lib/python3.8/site-packages/airflow/example_dags/subdags/subdag.py for tasks to queue
[2022-08-04 00:22:32,978] {logging_mixin.py:115} INFO - [2022-08-04 00:22:32,978] {dagbag.py:508} INFO - Filling up the DagBag from /home/ndx/Innowise tasks/Innowise_task_5/airflow_env/lib/python3.8/site-packages/airflow/example_dags/subdags/subdag.py
[2022-08-04 00:22:32,979] {processor.py:653} WARNING - No viable dags retrieved from /home/ndx/Innowise tasks/Innowise_task_5/airflow_env/lib/python3.8/site-packages/airflow/example_dags/subdags/subdag.py
[2022-08-04 00:22:32,985] {processor.py:161} INFO - Processing /home/ndx/Innowise tasks/Innowise_task_5/airflow_env/lib/python3.8/site-packages/airflow/example_dags/subdags/subdag.py took 0.015 seconds
[2022-08-04 00:23:08,461] {processor.py:153} INFO - Started process (PID=48309) to work on /home/ndx/Innowise tasks/Innowise_task_5/airflow_env/lib/python3.8/site-packages/airflow/example_dags/subdags/subdag.py
[2022-08-04 00:23:08,466] {processor.py:641} INFO - Processing file /home/ndx/Innowise tasks/Innowise_task_5/airflow_env/lib/python3.8/site-packages/airflow/example_dags/subdags/subdag.py for tasks to queue
[2022-08-04 00:23:08,467] {logging_mixin.py:115} INFO - [2022-08-04 00:23:08,467] {dagbag.py:508} INFO - Filling up the DagBag from /home/ndx/Innowise tasks/Innowise_task_5/airflow_env/lib/python3.8/site-packages/airflow/example_dags/subdags/subdag.py
[2022-08-04 00:23:08,468] {processor.py:653} WARNING - No viable dags retrieved from /home/ndx/Innowise tasks/Innowise_task_5/airflow_env/lib/python3.8/site-packages/airflow/example_dags/subdags/subdag.py
[2022-08-04 00:23:08,475] {processor.py:161} INFO - Processing /home/ndx/Innowise tasks/Innowise_task_5/airflow_env/lib/python3.8/site-packages/airflow/example_dags/subdags/subdag.py took 0.016 seconds
[2022-08-04 00:23:58,168] {processor.py:153} INFO - Started process (PID=48451) to work on /home/ndx/Innowise tasks/Innowise_task_5/airflow_env/lib/python3.8/site-packages/airflow/example_dags/subdags/subdag.py
[2022-08-04 00:23:58,173] {processor.py:641} INFO - Processing file /home/ndx/Innowise tasks/Innowise_task_5/airflow_env/lib/python3.8/site-packages/airflow/example_dags/subdags/subdag.py for tasks to queue
[2022-08-04 00:23:58,174] {logging_mixin.py:115} INFO - [2022-08-04 00:23:58,174] {dagbag.py:508} INFO - Filling up the DagBag from /home/ndx/Innowise tasks/Innowise_task_5/airflow_env/lib/python3.8/site-packages/airflow/example_dags/subdags/subdag.py
[2022-08-04 00:23:58,175] {processor.py:653} WARNING - No viable dags retrieved from /home/ndx/Innowise tasks/Innowise_task_5/airflow_env/lib/python3.8/site-packages/airflow/example_dags/subdags/subdag.py
[2022-08-04 00:23:58,181] {processor.py:161} INFO - Processing /home/ndx/Innowise tasks/Innowise_task_5/airflow_env/lib/python3.8/site-packages/airflow/example_dags/subdags/subdag.py took 0.014 seconds
