[2022-08-04 11:26:00,301] {processor.py:153} INFO - Started process (PID=54077) to work on /home/ndx/Innowise tasks/Innowise_task_5/airflow_env/lib/python3.8/site-packages/airflow/example_dags/example_external_task_marker_dag.py
[2022-08-04 11:26:00,301] {processor.py:641} INFO - Processing file /home/ndx/Innowise tasks/Innowise_task_5/airflow_env/lib/python3.8/site-packages/airflow/example_dags/example_external_task_marker_dag.py for tasks to queue
[2022-08-04 11:26:00,302] {logging_mixin.py:115} INFO - [2022-08-04 11:26:00,301] {dagbag.py:508} INFO - Filling up the DagBag from /home/ndx/Innowise tasks/Innowise_task_5/airflow_env/lib/python3.8/site-packages/airflow/example_dags/example_external_task_marker_dag.py
[2022-08-04 11:26:00,303] {processor.py:651} INFO - DAG(s) dict_keys(['example_external_task_marker_parent', 'example_external_task_marker_child']) retrieved from /home/ndx/Innowise tasks/Innowise_task_5/airflow_env/lib/python3.8/site-packages/airflow/example_dags/example_external_task_marker_dag.py
[2022-08-04 11:26:00,315] {logging_mixin.py:115} INFO - [2022-08-04 11:26:00,315] {dag.py:2420} INFO - Sync 2 DAGs
[2022-08-04 11:26:00,322] {logging_mixin.py:115} INFO - [2022-08-04 11:26:00,322] {dag.py:2968} INFO - Setting next_dagrun for example_external_task_marker_child to None, run_after=None
[2022-08-04 11:26:00,322] {logging_mixin.py:115} INFO - [2022-08-04 11:26:00,322] {dag.py:2968} INFO - Setting next_dagrun for example_external_task_marker_parent to None, run_after=None
[2022-08-04 11:26:00,333] {processor.py:161} INFO - Processing /home/ndx/Innowise tasks/Innowise_task_5/airflow_env/lib/python3.8/site-packages/airflow/example_dags/example_external_task_marker_dag.py took 0.033 seconds
[2022-08-04 11:26:33,386] {processor.py:153} INFO - Started process (PID=54265) to work on /home/ndx/Innowise tasks/Innowise_task_5/airflow_env/lib/python3.8/site-packages/airflow/example_dags/example_external_task_marker_dag.py
[2022-08-04 11:26:33,392] {processor.py:641} INFO - Processing file /home/ndx/Innowise tasks/Innowise_task_5/airflow_env/lib/python3.8/site-packages/airflow/example_dags/example_external_task_marker_dag.py for tasks to queue
[2022-08-04 11:26:33,392] {logging_mixin.py:115} INFO - [2022-08-04 11:26:33,392] {dagbag.py:508} INFO - Filling up the DagBag from /home/ndx/Innowise tasks/Innowise_task_5/airflow_env/lib/python3.8/site-packages/airflow/example_dags/example_external_task_marker_dag.py
[2022-08-04 11:26:33,395] {processor.py:651} INFO - DAG(s) dict_keys(['example_external_task_marker_parent', 'example_external_task_marker_child']) retrieved from /home/ndx/Innowise tasks/Innowise_task_5/airflow_env/lib/python3.8/site-packages/airflow/example_dags/example_external_task_marker_dag.py
[2022-08-04 11:26:33,409] {logging_mixin.py:115} INFO - [2022-08-04 11:26:33,409] {dag.py:2420} INFO - Sync 2 DAGs
[2022-08-04 11:26:33,417] {logging_mixin.py:115} INFO - [2022-08-04 11:26:33,417] {dag.py:2968} INFO - Setting next_dagrun for example_external_task_marker_child to None, run_after=None
[2022-08-04 11:26:33,418] {logging_mixin.py:115} INFO - [2022-08-04 11:26:33,418] {dag.py:2968} INFO - Setting next_dagrun for example_external_task_marker_parent to None, run_after=None
[2022-08-04 11:26:33,424] {processor.py:161} INFO - Processing /home/ndx/Innowise tasks/Innowise_task_5/airflow_env/lib/python3.8/site-packages/airflow/example_dags/example_external_task_marker_dag.py took 0.040 seconds
[2022-08-04 11:27:08,103] {processor.py:153} INFO - Started process (PID=54338) to work on /home/ndx/Innowise tasks/Innowise_task_5/airflow_env/lib/python3.8/site-packages/airflow/example_dags/example_external_task_marker_dag.py
[2022-08-04 11:27:08,109] {processor.py:641} INFO - Processing file /home/ndx/Innowise tasks/Innowise_task_5/airflow_env/lib/python3.8/site-packages/airflow/example_dags/example_external_task_marker_dag.py for tasks to queue
[2022-08-04 11:27:08,109] {logging_mixin.py:115} INFO - [2022-08-04 11:27:08,109] {dagbag.py:508} INFO - Filling up the DagBag from /home/ndx/Innowise tasks/Innowise_task_5/airflow_env/lib/python3.8/site-packages/airflow/example_dags/example_external_task_marker_dag.py
[2022-08-04 11:27:08,112] {processor.py:651} INFO - DAG(s) dict_keys(['example_external_task_marker_parent', 'example_external_task_marker_child']) retrieved from /home/ndx/Innowise tasks/Innowise_task_5/airflow_env/lib/python3.8/site-packages/airflow/example_dags/example_external_task_marker_dag.py
[2022-08-04 11:27:08,126] {logging_mixin.py:115} INFO - [2022-08-04 11:27:08,126] {dag.py:2420} INFO - Sync 2 DAGs
[2022-08-04 11:27:08,135] {logging_mixin.py:115} INFO - [2022-08-04 11:27:08,135] {dag.py:2968} INFO - Setting next_dagrun for example_external_task_marker_child to None, run_after=None
[2022-08-04 11:27:08,135] {logging_mixin.py:115} INFO - [2022-08-04 11:27:08,135] {dag.py:2968} INFO - Setting next_dagrun for example_external_task_marker_parent to None, run_after=None
[2022-08-04 11:27:08,141] {processor.py:161} INFO - Processing /home/ndx/Innowise tasks/Innowise_task_5/airflow_env/lib/python3.8/site-packages/airflow/example_dags/example_external_task_marker_dag.py took 0.040 seconds
