[2022-08-04 11:25:53,418] {processor.py:153} INFO - Started process (PID=54057) to work on /home/ndx/Innowise tasks/Innowise_task_5/airflow_env/lib/python3.8/site-packages/airflow/example_dags/example_latest_only_with_trigger.py
[2022-08-04 11:25:53,418] {processor.py:641} INFO - Processing file /home/ndx/Innowise tasks/Innowise_task_5/airflow_env/lib/python3.8/site-packages/airflow/example_dags/example_latest_only_with_trigger.py for tasks to queue
[2022-08-04 11:25:53,418] {logging_mixin.py:115} INFO - [2022-08-04 11:25:53,418] {dagbag.py:508} INFO - Filling up the DagBag from /home/ndx/Innowise tasks/Innowise_task_5/airflow_env/lib/python3.8/site-packages/airflow/example_dags/example_latest_only_with_trigger.py
[2022-08-04 11:25:53,421] {processor.py:651} INFO - DAG(s) dict_keys(['latest_only_with_trigger']) retrieved from /home/ndx/Innowise tasks/Innowise_task_5/airflow_env/lib/python3.8/site-packages/airflow/example_dags/example_latest_only_with_trigger.py
[2022-08-04 11:25:53,427] {logging_mixin.py:115} INFO - [2022-08-04 11:25:53,427] {dag.py:2420} INFO - Sync 1 DAGs
[2022-08-04 11:25:53,435] {logging_mixin.py:115} INFO - [2022-08-04 11:25:53,435] {dag.py:2968} INFO - Setting next_dagrun for latest_only_with_trigger to 2022-08-04T04:25:53.435233+00:00, run_after=2022-08-04T08:25:53.435233+00:00
[2022-08-04 11:25:53,446] {processor.py:161} INFO - Processing /home/ndx/Innowise tasks/Innowise_task_5/airflow_env/lib/python3.8/site-packages/airflow/example_dags/example_latest_only_with_trigger.py took 0.029 seconds
[2022-08-04 11:26:24,246] {processor.py:153} INFO - Started process (PID=54230) to work on /home/ndx/Innowise tasks/Innowise_task_5/airflow_env/lib/python3.8/site-packages/airflow/example_dags/example_latest_only_with_trigger.py
[2022-08-04 11:26:24,252] {processor.py:641} INFO - Processing file /home/ndx/Innowise tasks/Innowise_task_5/airflow_env/lib/python3.8/site-packages/airflow/example_dags/example_latest_only_with_trigger.py for tasks to queue
[2022-08-04 11:26:24,252] {logging_mixin.py:115} INFO - [2022-08-04 11:26:24,252] {dagbag.py:508} INFO - Filling up the DagBag from /home/ndx/Innowise tasks/Innowise_task_5/airflow_env/lib/python3.8/site-packages/airflow/example_dags/example_latest_only_with_trigger.py
[2022-08-04 11:26:24,256] {processor.py:651} INFO - DAG(s) dict_keys(['latest_only_with_trigger']) retrieved from /home/ndx/Innowise tasks/Innowise_task_5/airflow_env/lib/python3.8/site-packages/airflow/example_dags/example_latest_only_with_trigger.py
[2022-08-04 11:26:24,265] {logging_mixin.py:115} INFO - [2022-08-04 11:26:24,265] {dag.py:2420} INFO - Sync 1 DAGs
[2022-08-04 11:26:24,274] {logging_mixin.py:115} INFO - [2022-08-04 11:26:24,274] {dag.py:2968} INFO - Setting next_dagrun for latest_only_with_trigger to 2022-08-04T04:26:24.274152+00:00, run_after=2022-08-04T08:26:24.274152+00:00
[2022-08-04 11:26:24,280] {processor.py:161} INFO - Processing /home/ndx/Innowise tasks/Innowise_task_5/airflow_env/lib/python3.8/site-packages/airflow/example_dags/example_latest_only_with_trigger.py took 0.036 seconds
[2022-08-04 11:26:58,959] {processor.py:153} INFO - Started process (PID=54329) to work on /home/ndx/Innowise tasks/Innowise_task_5/airflow_env/lib/python3.8/site-packages/airflow/example_dags/example_latest_only_with_trigger.py
[2022-08-04 11:26:58,965] {processor.py:641} INFO - Processing file /home/ndx/Innowise tasks/Innowise_task_5/airflow_env/lib/python3.8/site-packages/airflow/example_dags/example_latest_only_with_trigger.py for tasks to queue
[2022-08-04 11:26:58,965] {logging_mixin.py:115} INFO - [2022-08-04 11:26:58,965] {dagbag.py:508} INFO - Filling up the DagBag from /home/ndx/Innowise tasks/Innowise_task_5/airflow_env/lib/python3.8/site-packages/airflow/example_dags/example_latest_only_with_trigger.py
[2022-08-04 11:26:58,969] {processor.py:651} INFO - DAG(s) dict_keys(['latest_only_with_trigger']) retrieved from /home/ndx/Innowise tasks/Innowise_task_5/airflow_env/lib/python3.8/site-packages/airflow/example_dags/example_latest_only_with_trigger.py
[2022-08-04 11:26:58,977] {logging_mixin.py:115} INFO - [2022-08-04 11:26:58,977] {dag.py:2420} INFO - Sync 1 DAGs
[2022-08-04 11:26:58,986] {logging_mixin.py:115} INFO - [2022-08-04 11:26:58,986] {dag.py:2968} INFO - Setting next_dagrun for latest_only_with_trigger to 2022-08-04T04:26:58.986175+00:00, run_after=2022-08-04T08:26:58.986175+00:00
[2022-08-04 11:26:58,992] {processor.py:161} INFO - Processing /home/ndx/Innowise tasks/Innowise_task_5/airflow_env/lib/python3.8/site-packages/airflow/example_dags/example_latest_only_with_trigger.py took 0.035 seconds
