[2022-08-04 11:25:41,492] {processor.py:153} INFO - Started process (PID=54027) to work on /home/ndx/Innowise tasks/Innowise_task_5/airflow_env/lib/python3.8/site-packages/airflow/example_dags/example_task_group_decorator.py
[2022-08-04 11:25:41,492] {processor.py:641} INFO - Processing file /home/ndx/Innowise tasks/Innowise_task_5/airflow_env/lib/python3.8/site-packages/airflow/example_dags/example_task_group_decorator.py for tasks to queue
[2022-08-04 11:25:41,492] {logging_mixin.py:115} INFO - [2022-08-04 11:25:41,492] {dagbag.py:508} INFO - Filling up the DagBag from /home/ndx/Innowise tasks/Innowise_task_5/airflow_env/lib/python3.8/site-packages/airflow/example_dags/example_task_group_decorator.py
[2022-08-04 11:25:41,506] {processor.py:651} INFO - DAG(s) dict_keys(['example_task_group_decorator']) retrieved from /home/ndx/Innowise tasks/Innowise_task_5/airflow_env/lib/python3.8/site-packages/airflow/example_dags/example_task_group_decorator.py
[2022-08-04 11:25:41,531] {logging_mixin.py:115} INFO - [2022-08-04 11:25:41,530] {dag.py:2420} INFO - Sync 1 DAGs
[2022-08-04 11:25:41,538] {logging_mixin.py:115} INFO - [2022-08-04 11:25:41,538] {dag.py:2968} INFO - Setting next_dagrun for example_task_group_decorator to 2022-08-03T08:25:41.538502+00:00, run_after=2022-08-04T08:25:41.538502+00:00
[2022-08-04 11:25:41,550] {processor.py:161} INFO - Processing /home/ndx/Innowise tasks/Innowise_task_5/airflow_env/lib/python3.8/site-packages/airflow/example_dags/example_task_group_decorator.py took 0.060 seconds
[2022-08-04 11:26:13,238] {processor.py:153} INFO - Started process (PID=54196) to work on /home/ndx/Innowise tasks/Innowise_task_5/airflow_env/lib/python3.8/site-packages/airflow/example_dags/example_task_group_decorator.py
[2022-08-04 11:26:13,243] {processor.py:641} INFO - Processing file /home/ndx/Innowise tasks/Innowise_task_5/airflow_env/lib/python3.8/site-packages/airflow/example_dags/example_task_group_decorator.py for tasks to queue
[2022-08-04 11:26:13,244] {logging_mixin.py:115} INFO - [2022-08-04 11:26:13,244] {dagbag.py:508} INFO - Filling up the DagBag from /home/ndx/Innowise tasks/Innowise_task_5/airflow_env/lib/python3.8/site-packages/airflow/example_dags/example_task_group_decorator.py
[2022-08-04 11:26:13,259] {processor.py:651} INFO - DAG(s) dict_keys(['example_task_group_decorator']) retrieved from /home/ndx/Innowise tasks/Innowise_task_5/airflow_env/lib/python3.8/site-packages/airflow/example_dags/example_task_group_decorator.py
[2022-08-04 11:26:13,287] {logging_mixin.py:115} INFO - [2022-08-04 11:26:13,287] {dag.py:2420} INFO - Sync 1 DAGs
[2022-08-04 11:26:13,296] {logging_mixin.py:115} INFO - [2022-08-04 11:26:13,296] {dag.py:2968} INFO - Setting next_dagrun for example_task_group_decorator to 2022-08-03T08:26:13.296343+00:00, run_after=2022-08-04T08:26:13.296343+00:00
[2022-08-04 11:26:13,306] {processor.py:161} INFO - Processing /home/ndx/Innowise tasks/Innowise_task_5/airflow_env/lib/python3.8/site-packages/airflow/example_dags/example_task_group_decorator.py took 0.070 seconds
[2022-08-04 11:26:46,102] {processor.py:153} INFO - Started process (PID=54286) to work on /home/ndx/Innowise tasks/Innowise_task_5/airflow_env/lib/python3.8/site-packages/airflow/example_dags/example_task_group_decorator.py
[2022-08-04 11:26:46,107] {processor.py:641} INFO - Processing file /home/ndx/Innowise tasks/Innowise_task_5/airflow_env/lib/python3.8/site-packages/airflow/example_dags/example_task_group_decorator.py for tasks to queue
[2022-08-04 11:26:46,107] {logging_mixin.py:115} INFO - [2022-08-04 11:26:46,107] {dagbag.py:508} INFO - Filling up the DagBag from /home/ndx/Innowise tasks/Innowise_task_5/airflow_env/lib/python3.8/site-packages/airflow/example_dags/example_task_group_decorator.py
[2022-08-04 11:26:46,119] {processor.py:651} INFO - DAG(s) dict_keys(['example_task_group_decorator']) retrieved from /home/ndx/Innowise tasks/Innowise_task_5/airflow_env/lib/python3.8/site-packages/airflow/example_dags/example_task_group_decorator.py
[2022-08-04 11:26:46,141] {logging_mixin.py:115} INFO - [2022-08-04 11:26:46,141] {dag.py:2420} INFO - Sync 1 DAGs
[2022-08-04 11:26:46,148] {logging_mixin.py:115} INFO - [2022-08-04 11:26:46,148] {dag.py:2968} INFO - Setting next_dagrun for example_task_group_decorator to 2022-08-03T08:26:46.148045+00:00, run_after=2022-08-04T08:26:46.148045+00:00
[2022-08-04 11:26:46,159] {processor.py:161} INFO - Processing /home/ndx/Innowise tasks/Innowise_task_5/airflow_env/lib/python3.8/site-packages/airflow/example_dags/example_task_group_decorator.py took 0.059 seconds
