[2022-08-04 11:26:07,703] {processor.py:153} INFO - Started process (PID=54104) to work on /home/ndx/Innowise tasks/Innowise_task_5/airflow_env/lib/python3.8/site-packages/airflow/example_dags/example_branch_python_dop_operator_3.py
[2022-08-04 11:26:07,703] {processor.py:641} INFO - Processing file /home/ndx/Innowise tasks/Innowise_task_5/airflow_env/lib/python3.8/site-packages/airflow/example_dags/example_branch_python_dop_operator_3.py for tasks to queue
[2022-08-04 11:26:07,703] {logging_mixin.py:115} INFO - [2022-08-04 11:26:07,703] {dagbag.py:508} INFO - Filling up the DagBag from /home/ndx/Innowise tasks/Innowise_task_5/airflow_env/lib/python3.8/site-packages/airflow/example_dags/example_branch_python_dop_operator_3.py
[2022-08-04 11:26:07,708] {processor.py:651} INFO - DAG(s) dict_keys(['example_branch_dop_operator_v3']) retrieved from /home/ndx/Innowise tasks/Innowise_task_5/airflow_env/lib/python3.8/site-packages/airflow/example_dags/example_branch_python_dop_operator_3.py
[2022-08-04 11:26:07,716] {logging_mixin.py:115} INFO - [2022-08-04 11:26:07,716] {dag.py:2420} INFO - Sync 1 DAGs
[2022-08-04 11:26:07,728] {logging_mixin.py:115} INFO - [2022-08-04 11:26:07,728] {dag.py:2968} INFO - Setting next_dagrun for example_branch_dop_operator_v3 to 2022-08-04T08:25:00+00:00, run_after=2022-08-04T08:26:00+00:00
[2022-08-04 11:26:07,740] {processor.py:161} INFO - Processing /home/ndx/Innowise tasks/Innowise_task_5/airflow_env/lib/python3.8/site-packages/airflow/example_dags/example_branch_python_dop_operator_3.py took 0.039 seconds
[2022-08-04 11:26:40,432] {processor.py:153} INFO - Started process (PID=54273) to work on /home/ndx/Innowise tasks/Innowise_task_5/airflow_env/lib/python3.8/site-packages/airflow/example_dags/example_branch_python_dop_operator_3.py
[2022-08-04 11:26:40,438] {processor.py:641} INFO - Processing file /home/ndx/Innowise tasks/Innowise_task_5/airflow_env/lib/python3.8/site-packages/airflow/example_dags/example_branch_python_dop_operator_3.py for tasks to queue
[2022-08-04 11:26:40,439] {logging_mixin.py:115} INFO - [2022-08-04 11:26:40,439] {dagbag.py:508} INFO - Filling up the DagBag from /home/ndx/Innowise tasks/Innowise_task_5/airflow_env/lib/python3.8/site-packages/airflow/example_dags/example_branch_python_dop_operator_3.py
[2022-08-04 11:26:40,445] {processor.py:651} INFO - DAG(s) dict_keys(['example_branch_dop_operator_v3']) retrieved from /home/ndx/Innowise tasks/Innowise_task_5/airflow_env/lib/python3.8/site-packages/airflow/example_dags/example_branch_python_dop_operator_3.py
[2022-08-04 11:26:40,454] {logging_mixin.py:115} INFO - [2022-08-04 11:26:40,454] {dag.py:2420} INFO - Sync 1 DAGs
[2022-08-04 11:26:40,465] {logging_mixin.py:115} INFO - [2022-08-04 11:26:40,465] {dag.py:2968} INFO - Setting next_dagrun for example_branch_dop_operator_v3 to 2022-08-04T08:25:00+00:00, run_after=2022-08-04T08:26:00+00:00
[2022-08-04 11:26:40,471] {processor.py:161} INFO - Processing /home/ndx/Innowise tasks/Innowise_task_5/airflow_env/lib/python3.8/site-packages/airflow/example_dags/example_branch_python_dop_operator_3.py took 0.040 seconds
[2022-08-04 11:27:14,367] {processor.py:153} INFO - Started process (PID=54345) to work on /home/ndx/Innowise tasks/Innowise_task_5/airflow_env/lib/python3.8/site-packages/airflow/example_dags/example_branch_python_dop_operator_3.py
[2022-08-04 11:27:14,373] {processor.py:641} INFO - Processing file /home/ndx/Innowise tasks/Innowise_task_5/airflow_env/lib/python3.8/site-packages/airflow/example_dags/example_branch_python_dop_operator_3.py for tasks to queue
[2022-08-04 11:27:14,373] {logging_mixin.py:115} INFO - [2022-08-04 11:27:14,373] {dagbag.py:508} INFO - Filling up the DagBag from /home/ndx/Innowise tasks/Innowise_task_5/airflow_env/lib/python3.8/site-packages/airflow/example_dags/example_branch_python_dop_operator_3.py
[2022-08-04 11:27:14,379] {processor.py:651} INFO - DAG(s) dict_keys(['example_branch_dop_operator_v3']) retrieved from /home/ndx/Innowise tasks/Innowise_task_5/airflow_env/lib/python3.8/site-packages/airflow/example_dags/example_branch_python_dop_operator_3.py
[2022-08-04 11:27:14,388] {logging_mixin.py:115} INFO - [2022-08-04 11:27:14,388] {dag.py:2420} INFO - Sync 1 DAGs
[2022-08-04 11:27:14,399] {logging_mixin.py:115} INFO - [2022-08-04 11:27:14,399] {dag.py:2968} INFO - Setting next_dagrun for example_branch_dop_operator_v3 to 2022-08-04T08:26:00+00:00, run_after=2022-08-04T08:27:00+00:00
[2022-08-04 11:27:14,405] {processor.py:161} INFO - Processing /home/ndx/Innowise tasks/Innowise_task_5/airflow_env/lib/python3.8/site-packages/airflow/example_dags/example_branch_python_dop_operator_3.py took 0.040 seconds
