[2022-08-04 11:25:43,750] {processor.py:153} INFO - Started process (PID=54038) to work on /home/ndx/Innowise tasks/Innowise_task_5/airflow_env/lib/python3.8/site-packages/airflow/example_dags/example_time_delta_sensor_async.py
[2022-08-04 11:25:43,750] {processor.py:641} INFO - Processing file /home/ndx/Innowise tasks/Innowise_task_5/airflow_env/lib/python3.8/site-packages/airflow/example_dags/example_time_delta_sensor_async.py for tasks to queue
[2022-08-04 11:25:43,750] {logging_mixin.py:115} INFO - [2022-08-04 11:25:43,750] {dagbag.py:508} INFO - Filling up the DagBag from /home/ndx/Innowise tasks/Innowise_task_5/airflow_env/lib/python3.8/site-packages/airflow/example_dags/example_time_delta_sensor_async.py
[2022-08-04 11:25:43,753] {processor.py:651} INFO - DAG(s) dict_keys(['example_time_delta_sensor_async']) retrieved from /home/ndx/Innowise tasks/Innowise_task_5/airflow_env/lib/python3.8/site-packages/airflow/example_dags/example_time_delta_sensor_async.py
[2022-08-04 11:25:43,765] {logging_mixin.py:115} INFO - [2022-08-04 11:25:43,765] {dag.py:2420} INFO - Sync 1 DAGs
[2022-08-04 11:25:43,773] {logging_mixin.py:115} INFO - [2022-08-04 11:25:43,773] {dag.py:2968} INFO - Setting next_dagrun for example_time_delta_sensor_async to None, run_after=None
[2022-08-04 11:25:43,786] {processor.py:161} INFO - Processing /home/ndx/Innowise tasks/Innowise_task_5/airflow_env/lib/python3.8/site-packages/airflow/example_dags/example_time_delta_sensor_async.py took 0.038 seconds
[2022-08-04 11:26:15,496] {processor.py:153} INFO - Started process (PID=54198) to work on /home/ndx/Innowise tasks/Innowise_task_5/airflow_env/lib/python3.8/site-packages/airflow/example_dags/example_time_delta_sensor_async.py
[2022-08-04 11:26:15,502] {processor.py:641} INFO - Processing file /home/ndx/Innowise tasks/Innowise_task_5/airflow_env/lib/python3.8/site-packages/airflow/example_dags/example_time_delta_sensor_async.py for tasks to queue
[2022-08-04 11:26:15,503] {logging_mixin.py:115} INFO - [2022-08-04 11:26:15,503] {dagbag.py:508} INFO - Filling up the DagBag from /home/ndx/Innowise tasks/Innowise_task_5/airflow_env/lib/python3.8/site-packages/airflow/example_dags/example_time_delta_sensor_async.py
[2022-08-04 11:26:15,507] {processor.py:651} INFO - DAG(s) dict_keys(['example_time_delta_sensor_async']) retrieved from /home/ndx/Innowise tasks/Innowise_task_5/airflow_env/lib/python3.8/site-packages/airflow/example_dags/example_time_delta_sensor_async.py
[2022-08-04 11:26:15,519] {logging_mixin.py:115} INFO - [2022-08-04 11:26:15,519] {dag.py:2420} INFO - Sync 1 DAGs
[2022-08-04 11:26:15,527] {logging_mixin.py:115} INFO - [2022-08-04 11:26:15,527] {dag.py:2968} INFO - Setting next_dagrun for example_time_delta_sensor_async to None, run_after=None
[2022-08-04 11:26:15,533] {processor.py:161} INFO - Processing /home/ndx/Innowise tasks/Innowise_task_5/airflow_env/lib/python3.8/site-packages/airflow/example_dags/example_time_delta_sensor_async.py took 0.039 seconds
[2022-08-04 11:26:48,782] {processor.py:153} INFO - Started process (PID=54297) to work on /home/ndx/Innowise tasks/Innowise_task_5/airflow_env/lib/python3.8/site-packages/airflow/example_dags/example_time_delta_sensor_async.py
[2022-08-04 11:26:48,787] {processor.py:641} INFO - Processing file /home/ndx/Innowise tasks/Innowise_task_5/airflow_env/lib/python3.8/site-packages/airflow/example_dags/example_time_delta_sensor_async.py for tasks to queue
[2022-08-04 11:26:48,788] {logging_mixin.py:115} INFO - [2022-08-04 11:26:48,788] {dagbag.py:508} INFO - Filling up the DagBag from /home/ndx/Innowise tasks/Innowise_task_5/airflow_env/lib/python3.8/site-packages/airflow/example_dags/example_time_delta_sensor_async.py
[2022-08-04 11:26:48,790] {processor.py:651} INFO - DAG(s) dict_keys(['example_time_delta_sensor_async']) retrieved from /home/ndx/Innowise tasks/Innowise_task_5/airflow_env/lib/python3.8/site-packages/airflow/example_dags/example_time_delta_sensor_async.py
[2022-08-04 11:26:48,800] {logging_mixin.py:115} INFO - [2022-08-04 11:26:48,800] {dag.py:2420} INFO - Sync 1 DAGs
[2022-08-04 11:26:48,807] {logging_mixin.py:115} INFO - [2022-08-04 11:26:48,807] {dag.py:2968} INFO - Setting next_dagrun for example_time_delta_sensor_async to None, run_after=None
[2022-08-04 11:26:48,817] {processor.py:161} INFO - Processing /home/ndx/Innowise tasks/Innowise_task_5/airflow_env/lib/python3.8/site-packages/airflow/example_dags/example_time_delta_sensor_async.py took 0.036 seconds
