[2022-08-04 11:26:02,558] {processor.py:153} INFO - Started process (PID=54080) to work on /home/ndx/Innowise tasks/Innowise_task_5/airflow_env/lib/python3.8/site-packages/airflow/example_dags/example_short_circuit_operator.py
[2022-08-04 11:26:02,558] {processor.py:641} INFO - Processing file /home/ndx/Innowise tasks/Innowise_task_5/airflow_env/lib/python3.8/site-packages/airflow/example_dags/example_short_circuit_operator.py for tasks to queue
[2022-08-04 11:26:02,559] {logging_mixin.py:115} INFO - [2022-08-04 11:26:02,558] {dagbag.py:508} INFO - Filling up the DagBag from /home/ndx/Innowise tasks/Innowise_task_5/airflow_env/lib/python3.8/site-packages/airflow/example_dags/example_short_circuit_operator.py
[2022-08-04 11:26:02,562] {processor.py:651} INFO - DAG(s) dict_keys(['example_short_circuit_operator']) retrieved from /home/ndx/Innowise tasks/Innowise_task_5/airflow_env/lib/python3.8/site-packages/airflow/example_dags/example_short_circuit_operator.py
[2022-08-04 11:26:02,569] {logging_mixin.py:115} INFO - [2022-08-04 11:26:02,569] {dag.py:2420} INFO - Sync 1 DAGs
[2022-08-04 11:26:02,577] {logging_mixin.py:115} INFO - [2022-08-04 11:26:02,577] {dag.py:2968} INFO - Setting next_dagrun for example_short_circuit_operator to 2022-08-03T08:26:02.577125+00:00, run_after=2022-08-04T08:26:02.577125+00:00
[2022-08-04 11:26:02,587] {processor.py:161} INFO - Processing /home/ndx/Innowise tasks/Innowise_task_5/airflow_env/lib/python3.8/site-packages/airflow/example_dags/example_short_circuit_operator.py took 0.030 seconds
[2022-08-04 11:26:35,645] {processor.py:153} INFO - Started process (PID=54268) to work on /home/ndx/Innowise tasks/Innowise_task_5/airflow_env/lib/python3.8/site-packages/airflow/example_dags/example_short_circuit_operator.py
[2022-08-04 11:26:35,651] {processor.py:641} INFO - Processing file /home/ndx/Innowise tasks/Innowise_task_5/airflow_env/lib/python3.8/site-packages/airflow/example_dags/example_short_circuit_operator.py for tasks to queue
[2022-08-04 11:26:35,651] {logging_mixin.py:115} INFO - [2022-08-04 11:26:35,651] {dagbag.py:508} INFO - Filling up the DagBag from /home/ndx/Innowise tasks/Innowise_task_5/airflow_env/lib/python3.8/site-packages/airflow/example_dags/example_short_circuit_operator.py
[2022-08-04 11:26:35,657] {processor.py:651} INFO - DAG(s) dict_keys(['example_short_circuit_operator']) retrieved from /home/ndx/Innowise tasks/Innowise_task_5/airflow_env/lib/python3.8/site-packages/airflow/example_dags/example_short_circuit_operator.py
[2022-08-04 11:26:35,666] {logging_mixin.py:115} INFO - [2022-08-04 11:26:35,666] {dag.py:2420} INFO - Sync 1 DAGs
[2022-08-04 11:26:35,676] {logging_mixin.py:115} INFO - [2022-08-04 11:26:35,676] {dag.py:2968} INFO - Setting next_dagrun for example_short_circuit_operator to 2022-08-03T08:26:35.675823+00:00, run_after=2022-08-04T08:26:35.675823+00:00
[2022-08-04 11:26:35,682] {processor.py:161} INFO - Processing /home/ndx/Innowise tasks/Innowise_task_5/airflow_env/lib/python3.8/site-packages/airflow/example_dags/example_short_circuit_operator.py took 0.039 seconds
[2022-08-04 11:27:10,360] {processor.py:153} INFO - Started process (PID=54340) to work on /home/ndx/Innowise tasks/Innowise_task_5/airflow_env/lib/python3.8/site-packages/airflow/example_dags/example_short_circuit_operator.py
[2022-08-04 11:27:10,365] {processor.py:641} INFO - Processing file /home/ndx/Innowise tasks/Innowise_task_5/airflow_env/lib/python3.8/site-packages/airflow/example_dags/example_short_circuit_operator.py for tasks to queue
[2022-08-04 11:27:10,365] {logging_mixin.py:115} INFO - [2022-08-04 11:27:10,365] {dagbag.py:508} INFO - Filling up the DagBag from /home/ndx/Innowise tasks/Innowise_task_5/airflow_env/lib/python3.8/site-packages/airflow/example_dags/example_short_circuit_operator.py
[2022-08-04 11:27:10,370] {processor.py:651} INFO - DAG(s) dict_keys(['example_short_circuit_operator']) retrieved from /home/ndx/Innowise tasks/Innowise_task_5/airflow_env/lib/python3.8/site-packages/airflow/example_dags/example_short_circuit_operator.py
[2022-08-04 11:27:10,380] {logging_mixin.py:115} INFO - [2022-08-04 11:27:10,380] {dag.py:2420} INFO - Sync 1 DAGs
[2022-08-04 11:27:10,390] {logging_mixin.py:115} INFO - [2022-08-04 11:27:10,390] {dag.py:2968} INFO - Setting next_dagrun for example_short_circuit_operator to 2022-08-03T08:27:10.390256+00:00, run_after=2022-08-04T08:27:10.390256+00:00
[2022-08-04 11:27:10,397] {processor.py:161} INFO - Processing /home/ndx/Innowise tasks/Innowise_task_5/airflow_env/lib/python3.8/site-packages/airflow/example_dags/example_short_circuit_operator.py took 0.039 seconds
