[2022-08-04 11:25:48,425] {processor.py:153} INFO - Started process (PID=54046) to work on /home/ndx/Innowise tasks/Innowise_task_5/airflow_env/lib/python3.8/site-packages/airflow/example_dags/example_nested_branch_dag.py
[2022-08-04 11:25:48,425] {processor.py:641} INFO - Processing file /home/ndx/Innowise tasks/Innowise_task_5/airflow_env/lib/python3.8/site-packages/airflow/example_dags/example_nested_branch_dag.py for tasks to queue
[2022-08-04 11:25:48,426] {logging_mixin.py:115} INFO - [2022-08-04 11:25:48,426] {dagbag.py:508} INFO - Filling up the DagBag from /home/ndx/Innowise tasks/Innowise_task_5/airflow_env/lib/python3.8/site-packages/airflow/example_dags/example_nested_branch_dag.py
[2022-08-04 11:25:48,431] {processor.py:651} INFO - DAG(s) dict_keys(['example_nested_branch_dag']) retrieved from /home/ndx/Innowise tasks/Innowise_task_5/airflow_env/lib/python3.8/site-packages/airflow/example_dags/example_nested_branch_dag.py
[2022-08-04 11:25:48,439] {logging_mixin.py:115} INFO - [2022-08-04 11:25:48,439] {dag.py:2420} INFO - Sync 1 DAGs
[2022-08-04 11:25:48,449] {logging_mixin.py:115} INFO - [2022-08-04 11:25:48,449] {dag.py:2968} INFO - Setting next_dagrun for example_nested_branch_dag to 2022-08-03T00:00:00+00:00, run_after=2022-08-04T00:00:00+00:00
[2022-08-04 11:25:48,461] {processor.py:161} INFO - Processing /home/ndx/Innowise tasks/Innowise_task_5/airflow_env/lib/python3.8/site-packages/airflow/example_dags/example_nested_branch_dag.py took 0.038 seconds
[2022-08-04 11:26:20,237] {processor.py:153} INFO - Started process (PID=54215) to work on /home/ndx/Innowise tasks/Innowise_task_5/airflow_env/lib/python3.8/site-packages/airflow/example_dags/example_nested_branch_dag.py
[2022-08-04 11:26:20,242] {processor.py:641} INFO - Processing file /home/ndx/Innowise tasks/Innowise_task_5/airflow_env/lib/python3.8/site-packages/airflow/example_dags/example_nested_branch_dag.py for tasks to queue
[2022-08-04 11:26:20,243] {logging_mixin.py:115} INFO - [2022-08-04 11:26:20,242] {dagbag.py:508} INFO - Filling up the DagBag from /home/ndx/Innowise tasks/Innowise_task_5/airflow_env/lib/python3.8/site-packages/airflow/example_dags/example_nested_branch_dag.py
[2022-08-04 11:26:20,250] {processor.py:651} INFO - DAG(s) dict_keys(['example_nested_branch_dag']) retrieved from /home/ndx/Innowise tasks/Innowise_task_5/airflow_env/lib/python3.8/site-packages/airflow/example_dags/example_nested_branch_dag.py
[2022-08-04 11:26:20,262] {logging_mixin.py:115} INFO - [2022-08-04 11:26:20,262] {dag.py:2420} INFO - Sync 1 DAGs
[2022-08-04 11:26:20,274] {logging_mixin.py:115} INFO - [2022-08-04 11:26:20,274] {dag.py:2968} INFO - Setting next_dagrun for example_nested_branch_dag to 2022-08-03T00:00:00+00:00, run_after=2022-08-04T00:00:00+00:00
[2022-08-04 11:26:20,283] {processor.py:161} INFO - Processing /home/ndx/Innowise tasks/Innowise_task_5/airflow_env/lib/python3.8/site-packages/airflow/example_dags/example_nested_branch_dag.py took 0.048 seconds
[2022-08-04 11:26:53,927] {processor.py:153} INFO - Started process (PID=54324) to work on /home/ndx/Innowise tasks/Innowise_task_5/airflow_env/lib/python3.8/site-packages/airflow/example_dags/example_nested_branch_dag.py
[2022-08-04 11:26:53,932] {processor.py:641} INFO - Processing file /home/ndx/Innowise tasks/Innowise_task_5/airflow_env/lib/python3.8/site-packages/airflow/example_dags/example_nested_branch_dag.py for tasks to queue
[2022-08-04 11:26:53,933] {logging_mixin.py:115} INFO - [2022-08-04 11:26:53,932] {dagbag.py:508} INFO - Filling up the DagBag from /home/ndx/Innowise tasks/Innowise_task_5/airflow_env/lib/python3.8/site-packages/airflow/example_dags/example_nested_branch_dag.py
[2022-08-04 11:26:53,939] {processor.py:651} INFO - DAG(s) dict_keys(['example_nested_branch_dag']) retrieved from /home/ndx/Innowise tasks/Innowise_task_5/airflow_env/lib/python3.8/site-packages/airflow/example_dags/example_nested_branch_dag.py
[2022-08-04 11:26:53,947] {logging_mixin.py:115} INFO - [2022-08-04 11:26:53,947] {dag.py:2420} INFO - Sync 1 DAGs
[2022-08-04 11:26:53,956] {logging_mixin.py:115} INFO - [2022-08-04 11:26:53,956] {dag.py:2968} INFO - Setting next_dagrun for example_nested_branch_dag to 2022-08-03T00:00:00+00:00, run_after=2022-08-04T00:00:00+00:00
[2022-08-04 11:26:53,963] {processor.py:161} INFO - Processing /home/ndx/Innowise tasks/Innowise_task_5/airflow_env/lib/python3.8/site-packages/airflow/example_dags/example_nested_branch_dag.py took 0.038 seconds
