[2022-08-04 11:26:08,832] {processor.py:153} INFO - Started process (PID=54126) to work on /home/ndx/Innowise tasks/Innowise_task_5/airflow_env/lib/python3.8/site-packages/airflow/example_dags/example_branch_operator.py
[2022-08-04 11:26:08,833] {processor.py:641} INFO - Processing file /home/ndx/Innowise tasks/Innowise_task_5/airflow_env/lib/python3.8/site-packages/airflow/example_dags/example_branch_operator.py for tasks to queue
[2022-08-04 11:26:08,833] {logging_mixin.py:115} INFO - [2022-08-04 11:26:08,833] {dagbag.py:508} INFO - Filling up the DagBag from /home/ndx/Innowise tasks/Innowise_task_5/airflow_env/lib/python3.8/site-packages/airflow/example_dags/example_branch_operator.py
[2022-08-04 11:26:08,839] {processor.py:651} INFO - DAG(s) dict_keys(['example_branch_operator']) retrieved from /home/ndx/Innowise tasks/Innowise_task_5/airflow_env/lib/python3.8/site-packages/airflow/example_dags/example_branch_operator.py
[2022-08-04 11:26:08,848] {logging_mixin.py:115} INFO - [2022-08-04 11:26:08,848] {dag.py:2420} INFO - Sync 1 DAGs
[2022-08-04 11:26:08,860] {logging_mixin.py:115} INFO - [2022-08-04 11:26:08,860] {dag.py:2968} INFO - Setting next_dagrun for example_branch_operator to 2022-08-03T00:00:00+00:00, run_after=2022-08-04T00:00:00+00:00
[2022-08-04 11:26:08,873] {processor.py:161} INFO - Processing /home/ndx/Innowise tasks/Innowise_task_5/airflow_env/lib/python3.8/site-packages/airflow/example_dags/example_branch_operator.py took 0.042 seconds
[2022-08-04 11:26:40,638] {processor.py:153} INFO - Started process (PID=54274) to work on /home/ndx/Innowise tasks/Innowise_task_5/airflow_env/lib/python3.8/site-packages/airflow/example_dags/example_branch_operator.py
[2022-08-04 11:26:40,644] {processor.py:641} INFO - Processing file /home/ndx/Innowise tasks/Innowise_task_5/airflow_env/lib/python3.8/site-packages/airflow/example_dags/example_branch_operator.py for tasks to queue
[2022-08-04 11:26:40,644] {logging_mixin.py:115} INFO - [2022-08-04 11:26:40,644] {dagbag.py:508} INFO - Filling up the DagBag from /home/ndx/Innowise tasks/Innowise_task_5/airflow_env/lib/python3.8/site-packages/airflow/example_dags/example_branch_operator.py
[2022-08-04 11:26:40,651] {processor.py:651} INFO - DAG(s) dict_keys(['example_branch_operator']) retrieved from /home/ndx/Innowise tasks/Innowise_task_5/airflow_env/lib/python3.8/site-packages/airflow/example_dags/example_branch_operator.py
[2022-08-04 11:26:40,659] {logging_mixin.py:115} INFO - [2022-08-04 11:26:40,659] {dag.py:2420} INFO - Sync 1 DAGs
[2022-08-04 11:26:40,669] {logging_mixin.py:115} INFO - [2022-08-04 11:26:40,669] {dag.py:2968} INFO - Setting next_dagrun for example_branch_operator to 2022-08-03T00:00:00+00:00, run_after=2022-08-04T00:00:00+00:00
[2022-08-04 11:26:40,676] {processor.py:161} INFO - Processing /home/ndx/Innowise tasks/Innowise_task_5/airflow_env/lib/python3.8/site-packages/airflow/example_dags/example_branch_operator.py took 0.039 seconds
[2022-08-04 11:27:15,496] {processor.py:153} INFO - Started process (PID=54347) to work on /home/ndx/Innowise tasks/Innowise_task_5/airflow_env/lib/python3.8/site-packages/airflow/example_dags/example_branch_operator.py
[2022-08-04 11:27:15,501] {processor.py:641} INFO - Processing file /home/ndx/Innowise tasks/Innowise_task_5/airflow_env/lib/python3.8/site-packages/airflow/example_dags/example_branch_operator.py for tasks to queue
[2022-08-04 11:27:15,501] {logging_mixin.py:115} INFO - [2022-08-04 11:27:15,501] {dagbag.py:508} INFO - Filling up the DagBag from /home/ndx/Innowise tasks/Innowise_task_5/airflow_env/lib/python3.8/site-packages/airflow/example_dags/example_branch_operator.py
[2022-08-04 11:27:15,507] {processor.py:651} INFO - DAG(s) dict_keys(['example_branch_operator']) retrieved from /home/ndx/Innowise tasks/Innowise_task_5/airflow_env/lib/python3.8/site-packages/airflow/example_dags/example_branch_operator.py
[2022-08-04 11:27:15,516] {logging_mixin.py:115} INFO - [2022-08-04 11:27:15,516] {dag.py:2420} INFO - Sync 1 DAGs
[2022-08-04 11:27:15,525] {logging_mixin.py:115} INFO - [2022-08-04 11:27:15,525] {dag.py:2968} INFO - Setting next_dagrun for example_branch_operator to 2022-08-03T00:00:00+00:00, run_after=2022-08-04T00:00:00+00:00
[2022-08-04 11:27:15,532] {processor.py:161} INFO - Processing /home/ndx/Innowise tasks/Innowise_task_5/airflow_env/lib/python3.8/site-packages/airflow/example_dags/example_branch_operator.py took 0.037 seconds
