[2022-08-04 11:26:05,435] {processor.py:153} INFO - Started process (PID=54083) to work on /home/ndx/Innowise tasks/Innowise_task_5/airflow_env/lib/python3.8/site-packages/airflow/example_dags/example_branch_datetime_operator.py
[2022-08-04 11:26:05,436] {processor.py:641} INFO - Processing file /home/ndx/Innowise tasks/Innowise_task_5/airflow_env/lib/python3.8/site-packages/airflow/example_dags/example_branch_datetime_operator.py for tasks to queue
[2022-08-04 11:26:05,436] {logging_mixin.py:115} INFO - [2022-08-04 11:26:05,436] {dagbag.py:508} INFO - Filling up the DagBag from /home/ndx/Innowise tasks/Innowise_task_5/airflow_env/lib/python3.8/site-packages/airflow/example_dags/example_branch_datetime_operator.py
[2022-08-04 11:26:05,441] {processor.py:651} INFO - DAG(s) dict_keys(['example_branch_datetime_operator', 'example_branch_datetime_operator_2']) retrieved from /home/ndx/Innowise tasks/Innowise_task_5/airflow_env/lib/python3.8/site-packages/airflow/example_dags/example_branch_datetime_operator.py
[2022-08-04 11:26:05,450] {logging_mixin.py:115} INFO - [2022-08-04 11:26:05,450] {dag.py:2420} INFO - Sync 2 DAGs
[2022-08-04 11:26:05,460] {logging_mixin.py:115} INFO - [2022-08-04 11:26:05,460] {dag.py:2968} INFO - Setting next_dagrun for example_branch_datetime_operator to 2022-08-03T00:00:00+00:00, run_after=2022-08-04T00:00:00+00:00
[2022-08-04 11:26:05,461] {logging_mixin.py:115} INFO - [2022-08-04 11:26:05,460] {dag.py:2968} INFO - Setting next_dagrun for example_branch_datetime_operator_2 to 2022-08-03T00:00:00+00:00, run_after=2022-08-04T00:00:00+00:00
[2022-08-04 11:26:05,472] {processor.py:161} INFO - Processing /home/ndx/Innowise tasks/Innowise_task_5/airflow_env/lib/python3.8/site-packages/airflow/example_dags/example_branch_datetime_operator.py took 0.039 seconds
[2022-08-04 11:26:38,526] {processor.py:153} INFO - Started process (PID=54271) to work on /home/ndx/Innowise tasks/Innowise_task_5/airflow_env/lib/python3.8/site-packages/airflow/example_dags/example_branch_datetime_operator.py
[2022-08-04 11:26:38,532] {processor.py:641} INFO - Processing file /home/ndx/Innowise tasks/Innowise_task_5/airflow_env/lib/python3.8/site-packages/airflow/example_dags/example_branch_datetime_operator.py for tasks to queue
[2022-08-04 11:26:38,533] {logging_mixin.py:115} INFO - [2022-08-04 11:26:38,532] {dagbag.py:508} INFO - Filling up the DagBag from /home/ndx/Innowise tasks/Innowise_task_5/airflow_env/lib/python3.8/site-packages/airflow/example_dags/example_branch_datetime_operator.py
[2022-08-04 11:26:38,538] {processor.py:651} INFO - DAG(s) dict_keys(['example_branch_datetime_operator', 'example_branch_datetime_operator_2']) retrieved from /home/ndx/Innowise tasks/Innowise_task_5/airflow_env/lib/python3.8/site-packages/airflow/example_dags/example_branch_datetime_operator.py
[2022-08-04 11:26:38,548] {logging_mixin.py:115} INFO - [2022-08-04 11:26:38,548] {dag.py:2420} INFO - Sync 2 DAGs
[2022-08-04 11:26:38,558] {logging_mixin.py:115} INFO - [2022-08-04 11:26:38,558] {dag.py:2968} INFO - Setting next_dagrun for example_branch_datetime_operator to 2022-08-03T00:00:00+00:00, run_after=2022-08-04T00:00:00+00:00
[2022-08-04 11:26:38,558] {logging_mixin.py:115} INFO - [2022-08-04 11:26:38,558] {dag.py:2968} INFO - Setting next_dagrun for example_branch_datetime_operator_2 to 2022-08-03T00:00:00+00:00, run_after=2022-08-04T00:00:00+00:00
[2022-08-04 11:26:38,565] {processor.py:161} INFO - Processing /home/ndx/Innowise tasks/Innowise_task_5/airflow_env/lib/python3.8/site-packages/airflow/example_dags/example_branch_datetime_operator.py took 0.040 seconds
[2022-08-04 11:27:12,103] {processor.py:153} INFO - Started process (PID=54343) to work on /home/ndx/Innowise tasks/Innowise_task_5/airflow_env/lib/python3.8/site-packages/airflow/example_dags/example_branch_datetime_operator.py
[2022-08-04 11:27:12,108] {processor.py:641} INFO - Processing file /home/ndx/Innowise tasks/Innowise_task_5/airflow_env/lib/python3.8/site-packages/airflow/example_dags/example_branch_datetime_operator.py for tasks to queue
[2022-08-04 11:27:12,109] {logging_mixin.py:115} INFO - [2022-08-04 11:27:12,109] {dagbag.py:508} INFO - Filling up the DagBag from /home/ndx/Innowise tasks/Innowise_task_5/airflow_env/lib/python3.8/site-packages/airflow/example_dags/example_branch_datetime_operator.py
[2022-08-04 11:27:12,114] {processor.py:651} INFO - DAG(s) dict_keys(['example_branch_datetime_operator', 'example_branch_datetime_operator_2']) retrieved from /home/ndx/Innowise tasks/Innowise_task_5/airflow_env/lib/python3.8/site-packages/airflow/example_dags/example_branch_datetime_operator.py
[2022-08-04 11:27:12,124] {logging_mixin.py:115} INFO - [2022-08-04 11:27:12,124] {dag.py:2420} INFO - Sync 2 DAGs
[2022-08-04 11:27:12,134] {logging_mixin.py:115} INFO - [2022-08-04 11:27:12,134] {dag.py:2968} INFO - Setting next_dagrun for example_branch_datetime_operator to 2022-08-03T00:00:00+00:00, run_after=2022-08-04T00:00:00+00:00
[2022-08-04 11:27:12,134] {logging_mixin.py:115} INFO - [2022-08-04 11:27:12,134] {dag.py:2968} INFO - Setting next_dagrun for example_branch_datetime_operator_2 to 2022-08-03T00:00:00+00:00, run_after=2022-08-04T00:00:00+00:00
[2022-08-04 11:27:12,141] {processor.py:161} INFO - Processing /home/ndx/Innowise tasks/Innowise_task_5/airflow_env/lib/python3.8/site-packages/airflow/example_dags/example_branch_datetime_operator.py took 0.040 seconds
