[2022-08-04 11:26:09,959] {processor.py:153} INFO - Started process (PID=54129) to work on /home/ndx/Innowise tasks/Innowise_task_5/airflow_env/lib/python3.8/site-packages/airflow/example_dags/example_branch_operator_decorator.py
[2022-08-04 11:26:09,959] {processor.py:641} INFO - Processing file /home/ndx/Innowise tasks/Innowise_task_5/airflow_env/lib/python3.8/site-packages/airflow/example_dags/example_branch_operator_decorator.py for tasks to queue
[2022-08-04 11:26:09,959] {logging_mixin.py:115} INFO - [2022-08-04 11:26:09,959] {dagbag.py:508} INFO - Filling up the DagBag from /home/ndx/Innowise tasks/Innowise_task_5/airflow_env/lib/python3.8/site-packages/airflow/example_dags/example_branch_operator_decorator.py
[2022-08-04 11:26:09,967] {processor.py:651} INFO - DAG(s) dict_keys(['example_branch_python_operator_decorator']) retrieved from /home/ndx/Innowise tasks/Innowise_task_5/airflow_env/lib/python3.8/site-packages/airflow/example_dags/example_branch_operator_decorator.py
[2022-08-04 11:26:09,974] {logging_mixin.py:115} INFO - [2022-08-04 11:26:09,974] {dag.py:2420} INFO - Sync 1 DAGs
[2022-08-04 11:26:09,984] {logging_mixin.py:115} INFO - [2022-08-04 11:26:09,984] {dag.py:2968} INFO - Setting next_dagrun for example_branch_python_operator_decorator to 2022-08-03T00:00:00+00:00, run_after=2022-08-04T00:00:00+00:00
[2022-08-04 11:26:09,996] {processor.py:161} INFO - Processing /home/ndx/Innowise tasks/Innowise_task_5/airflow_env/lib/python3.8/site-packages/airflow/example_dags/example_branch_operator_decorator.py took 0.038 seconds
[2022-08-04 11:26:41,396] {processor.py:153} INFO - Started process (PID=54280) to work on /home/ndx/Innowise tasks/Innowise_task_5/airflow_env/lib/python3.8/site-packages/airflow/example_dags/example_branch_operator_decorator.py
[2022-08-04 11:26:41,401] {processor.py:641} INFO - Processing file /home/ndx/Innowise tasks/Innowise_task_5/airflow_env/lib/python3.8/site-packages/airflow/example_dags/example_branch_operator_decorator.py for tasks to queue
[2022-08-04 11:26:41,402] {logging_mixin.py:115} INFO - [2022-08-04 11:26:41,402] {dagbag.py:508} INFO - Filling up the DagBag from /home/ndx/Innowise tasks/Innowise_task_5/airflow_env/lib/python3.8/site-packages/airflow/example_dags/example_branch_operator_decorator.py
[2022-08-04 11:26:41,412] {processor.py:651} INFO - DAG(s) dict_keys(['example_branch_python_operator_decorator']) retrieved from /home/ndx/Innowise tasks/Innowise_task_5/airflow_env/lib/python3.8/site-packages/airflow/example_dags/example_branch_operator_decorator.py
[2022-08-04 11:26:41,420] {logging_mixin.py:115} INFO - [2022-08-04 11:26:41,420] {dag.py:2420} INFO - Sync 1 DAGs
[2022-08-04 11:26:41,431] {logging_mixin.py:115} INFO - [2022-08-04 11:26:41,431] {dag.py:2968} INFO - Setting next_dagrun for example_branch_python_operator_decorator to 2022-08-03T00:00:00+00:00, run_after=2022-08-04T00:00:00+00:00
[2022-08-04 11:26:41,449] {processor.py:161} INFO - Processing /home/ndx/Innowise tasks/Innowise_task_5/airflow_env/lib/python3.8/site-packages/airflow/example_dags/example_branch_operator_decorator.py took 0.054 seconds
[2022-08-04 11:27:16,625] {processor.py:153} INFO - Started process (PID=54350) to work on /home/ndx/Innowise tasks/Innowise_task_5/airflow_env/lib/python3.8/site-packages/airflow/example_dags/example_branch_operator_decorator.py
[2022-08-04 11:27:16,631] {processor.py:641} INFO - Processing file /home/ndx/Innowise tasks/Innowise_task_5/airflow_env/lib/python3.8/site-packages/airflow/example_dags/example_branch_operator_decorator.py for tasks to queue
[2022-08-04 11:27:16,632] {logging_mixin.py:115} INFO - [2022-08-04 11:27:16,632] {dagbag.py:508} INFO - Filling up the DagBag from /home/ndx/Innowise tasks/Innowise_task_5/airflow_env/lib/python3.8/site-packages/airflow/example_dags/example_branch_operator_decorator.py
[2022-08-04 11:27:16,642] {processor.py:651} INFO - DAG(s) dict_keys(['example_branch_python_operator_decorator']) retrieved from /home/ndx/Innowise tasks/Innowise_task_5/airflow_env/lib/python3.8/site-packages/airflow/example_dags/example_branch_operator_decorator.py
[2022-08-04 11:27:16,651] {logging_mixin.py:115} INFO - [2022-08-04 11:27:16,651] {dag.py:2420} INFO - Sync 1 DAGs
[2022-08-04 11:27:16,662] {logging_mixin.py:115} INFO - [2022-08-04 11:27:16,662] {dag.py:2968} INFO - Setting next_dagrun for example_branch_python_operator_decorator to 2022-08-03T00:00:00+00:00, run_after=2022-08-04T00:00:00+00:00
[2022-08-04 11:27:16,668] {processor.py:161} INFO - Processing /home/ndx/Innowise tasks/Innowise_task_5/airflow_env/lib/python3.8/site-packages/airflow/example_dags/example_branch_operator_decorator.py took 0.045 seconds
