[2022-08-04 11:26:06,572] {processor.py:153} INFO - Started process (PID=54086) to work on /home/ndx/Innowise tasks/Innowise_task_5/airflow_env/lib/python3.8/site-packages/airflow/example_dags/example_branch_day_of_week_operator.py
[2022-08-04 11:26:06,572] {processor.py:641} INFO - Processing file /home/ndx/Innowise tasks/Innowise_task_5/airflow_env/lib/python3.8/site-packages/airflow/example_dags/example_branch_day_of_week_operator.py for tasks to queue
[2022-08-04 11:26:06,573] {logging_mixin.py:115} INFO - [2022-08-04 11:26:06,573] {dagbag.py:508} INFO - Filling up the DagBag from /home/ndx/Innowise tasks/Innowise_task_5/airflow_env/lib/python3.8/site-packages/airflow/example_dags/example_branch_day_of_week_operator.py
[2022-08-04 11:26:06,577] {processor.py:651} INFO - DAG(s) dict_keys(['example_weekday_branch_operator']) retrieved from /home/ndx/Innowise tasks/Innowise_task_5/airflow_env/lib/python3.8/site-packages/airflow/example_dags/example_branch_day_of_week_operator.py
[2022-08-04 11:26:06,586] {logging_mixin.py:115} INFO - [2022-08-04 11:26:06,586] {dag.py:2420} INFO - Sync 1 DAGs
[2022-08-04 11:26:06,596] {logging_mixin.py:115} INFO - [2022-08-04 11:26:06,596] {dag.py:2968} INFO - Setting next_dagrun for example_weekday_branch_operator to 2022-08-03T00:00:00+00:00, run_after=2022-08-04T00:00:00+00:00
[2022-08-04 11:26:06,607] {processor.py:161} INFO - Processing /home/ndx/Innowise tasks/Innowise_task_5/airflow_env/lib/python3.8/site-packages/airflow/example_dags/example_branch_day_of_week_operator.py took 0.037 seconds
[2022-08-04 11:26:39,655] {processor.py:153} INFO - Started process (PID=54272) to work on /home/ndx/Innowise tasks/Innowise_task_5/airflow_env/lib/python3.8/site-packages/airflow/example_dags/example_branch_day_of_week_operator.py
[2022-08-04 11:26:39,660] {processor.py:641} INFO - Processing file /home/ndx/Innowise tasks/Innowise_task_5/airflow_env/lib/python3.8/site-packages/airflow/example_dags/example_branch_day_of_week_operator.py for tasks to queue
[2022-08-04 11:26:39,661] {logging_mixin.py:115} INFO - [2022-08-04 11:26:39,661] {dagbag.py:508} INFO - Filling up the DagBag from /home/ndx/Innowise tasks/Innowise_task_5/airflow_env/lib/python3.8/site-packages/airflow/example_dags/example_branch_day_of_week_operator.py
[2022-08-04 11:26:39,666] {processor.py:651} INFO - DAG(s) dict_keys(['example_weekday_branch_operator']) retrieved from /home/ndx/Innowise tasks/Innowise_task_5/airflow_env/lib/python3.8/site-packages/airflow/example_dags/example_branch_day_of_week_operator.py
[2022-08-04 11:26:39,675] {logging_mixin.py:115} INFO - [2022-08-04 11:26:39,675] {dag.py:2420} INFO - Sync 1 DAGs
[2022-08-04 11:26:39,684] {logging_mixin.py:115} INFO - [2022-08-04 11:26:39,684] {dag.py:2968} INFO - Setting next_dagrun for example_weekday_branch_operator to 2022-08-03T00:00:00+00:00, run_after=2022-08-04T00:00:00+00:00
[2022-08-04 11:26:39,691] {processor.py:161} INFO - Processing /home/ndx/Innowise tasks/Innowise_task_5/airflow_env/lib/python3.8/site-packages/airflow/example_dags/example_branch_day_of_week_operator.py took 0.038 seconds
[2022-08-04 11:27:13,239] {processor.py:153} INFO - Started process (PID=54344) to work on /home/ndx/Innowise tasks/Innowise_task_5/airflow_env/lib/python3.8/site-packages/airflow/example_dags/example_branch_day_of_week_operator.py
[2022-08-04 11:27:13,244] {processor.py:641} INFO - Processing file /home/ndx/Innowise tasks/Innowise_task_5/airflow_env/lib/python3.8/site-packages/airflow/example_dags/example_branch_day_of_week_operator.py for tasks to queue
[2022-08-04 11:27:13,245] {logging_mixin.py:115} INFO - [2022-08-04 11:27:13,245] {dagbag.py:508} INFO - Filling up the DagBag from /home/ndx/Innowise tasks/Innowise_task_5/airflow_env/lib/python3.8/site-packages/airflow/example_dags/example_branch_day_of_week_operator.py
[2022-08-04 11:27:13,250] {processor.py:651} INFO - DAG(s) dict_keys(['example_weekday_branch_operator']) retrieved from /home/ndx/Innowise tasks/Innowise_task_5/airflow_env/lib/python3.8/site-packages/airflow/example_dags/example_branch_day_of_week_operator.py
[2022-08-04 11:27:13,258] {logging_mixin.py:115} INFO - [2022-08-04 11:27:13,258] {dag.py:2420} INFO - Sync 1 DAGs
[2022-08-04 11:27:13,268] {logging_mixin.py:115} INFO - [2022-08-04 11:27:13,268] {dag.py:2968} INFO - Setting next_dagrun for example_weekday_branch_operator to 2022-08-03T00:00:00+00:00, run_after=2022-08-04T00:00:00+00:00
[2022-08-04 11:27:13,274] {processor.py:161} INFO - Processing /home/ndx/Innowise tasks/Innowise_task_5/airflow_env/lib/python3.8/site-packages/airflow/example_dags/example_branch_day_of_week_operator.py took 0.037 seconds
