[2022-08-04 11:26:00,168] {processor.py:153} INFO - Started process (PID=54076) to work on /home/ndx/Innowise tasks/Innowise_task_5/airflow_env/lib/python3.8/site-packages/airflow/example_dags/example_task_group.py
[2022-08-04 11:26:00,168] {processor.py:641} INFO - Processing file /home/ndx/Innowise tasks/Innowise_task_5/airflow_env/lib/python3.8/site-packages/airflow/example_dags/example_task_group.py for tasks to queue
[2022-08-04 11:26:00,169] {logging_mixin.py:115} INFO - [2022-08-04 11:26:00,169] {dagbag.py:508} INFO - Filling up the DagBag from /home/ndx/Innowise tasks/Innowise_task_5/airflow_env/lib/python3.8/site-packages/airflow/example_dags/example_task_group.py
[2022-08-04 11:26:00,172] {processor.py:651} INFO - DAG(s) dict_keys(['example_task_group']) retrieved from /home/ndx/Innowise tasks/Innowise_task_5/airflow_env/lib/python3.8/site-packages/airflow/example_dags/example_task_group.py
[2022-08-04 11:26:00,178] {logging_mixin.py:115} INFO - [2022-08-04 11:26:00,178] {dag.py:2420} INFO - Sync 1 DAGs
[2022-08-04 11:26:00,186] {logging_mixin.py:115} INFO - [2022-08-04 11:26:00,186] {dag.py:2968} INFO - Setting next_dagrun for example_task_group to 2022-08-03T08:26:00.186281+00:00, run_after=2022-08-04T08:26:00.186281+00:00
[2022-08-04 11:26:00,198] {processor.py:161} INFO - Processing /home/ndx/Innowise tasks/Innowise_task_5/airflow_env/lib/python3.8/site-packages/airflow/example_dags/example_task_group.py took 0.031 seconds
[2022-08-04 11:26:32,259] {processor.py:153} INFO - Started process (PID=54264) to work on /home/ndx/Innowise tasks/Innowise_task_5/airflow_env/lib/python3.8/site-packages/airflow/example_dags/example_task_group.py
[2022-08-04 11:26:32,264] {processor.py:641} INFO - Processing file /home/ndx/Innowise tasks/Innowise_task_5/airflow_env/lib/python3.8/site-packages/airflow/example_dags/example_task_group.py for tasks to queue
[2022-08-04 11:26:32,265] {logging_mixin.py:115} INFO - [2022-08-04 11:26:32,265] {dagbag.py:508} INFO - Filling up the DagBag from /home/ndx/Innowise tasks/Innowise_task_5/airflow_env/lib/python3.8/site-packages/airflow/example_dags/example_task_group.py
[2022-08-04 11:26:32,269] {processor.py:651} INFO - DAG(s) dict_keys(['example_task_group']) retrieved from /home/ndx/Innowise tasks/Innowise_task_5/airflow_env/lib/python3.8/site-packages/airflow/example_dags/example_task_group.py
[2022-08-04 11:26:32,278] {logging_mixin.py:115} INFO - [2022-08-04 11:26:32,278] {dag.py:2420} INFO - Sync 1 DAGs
[2022-08-04 11:26:32,287] {logging_mixin.py:115} INFO - [2022-08-04 11:26:32,287] {dag.py:2968} INFO - Setting next_dagrun for example_task_group to 2022-08-03T08:26:32.287110+00:00, run_after=2022-08-04T08:26:32.287110+00:00
[2022-08-04 11:26:32,294] {processor.py:161} INFO - Processing /home/ndx/Innowise tasks/Innowise_task_5/airflow_env/lib/python3.8/site-packages/airflow/example_dags/example_task_group.py took 0.037 seconds
[2022-08-04 11:27:06,966] {processor.py:153} INFO - Started process (PID=54337) to work on /home/ndx/Innowise tasks/Innowise_task_5/airflow_env/lib/python3.8/site-packages/airflow/example_dags/example_task_group.py
[2022-08-04 11:27:06,972] {processor.py:641} INFO - Processing file /home/ndx/Innowise tasks/Innowise_task_5/airflow_env/lib/python3.8/site-packages/airflow/example_dags/example_task_group.py for tasks to queue
[2022-08-04 11:27:06,972] {logging_mixin.py:115} INFO - [2022-08-04 11:27:06,972] {dagbag.py:508} INFO - Filling up the DagBag from /home/ndx/Innowise tasks/Innowise_task_5/airflow_env/lib/python3.8/site-packages/airflow/example_dags/example_task_group.py
[2022-08-04 11:27:06,977] {processor.py:651} INFO - DAG(s) dict_keys(['example_task_group']) retrieved from /home/ndx/Innowise tasks/Innowise_task_5/airflow_env/lib/python3.8/site-packages/airflow/example_dags/example_task_group.py
[2022-08-04 11:27:06,985] {logging_mixin.py:115} INFO - [2022-08-04 11:27:06,985] {dag.py:2420} INFO - Sync 1 DAGs
[2022-08-04 11:27:06,994] {logging_mixin.py:115} INFO - [2022-08-04 11:27:06,994] {dag.py:2968} INFO - Setting next_dagrun for example_task_group to 2022-08-03T08:27:06.994296+00:00, run_after=2022-08-04T08:27:06.994296+00:00
[2022-08-04 11:27:07,001] {processor.py:161} INFO - Processing /home/ndx/Innowise tasks/Innowise_task_5/airflow_env/lib/python3.8/site-packages/airflow/example_dags/example_task_group.py took 0.036 seconds
