[2022-08-04 11:25:51,170] {processor.py:153} INFO - Started process (PID=54055) to work on /home/ndx/Innowise tasks/Innowise_task_5/airflow_env/lib/python3.8/site-packages/airflow/example_dags/example_trigger_target_dag.py
[2022-08-04 11:25:51,170] {processor.py:641} INFO - Processing file /home/ndx/Innowise tasks/Innowise_task_5/airflow_env/lib/python3.8/site-packages/airflow/example_dags/example_trigger_target_dag.py for tasks to queue
[2022-08-04 11:25:51,170] {logging_mixin.py:115} INFO - [2022-08-04 11:25:51,170] {dagbag.py:508} INFO - Filling up the DagBag from /home/ndx/Innowise tasks/Innowise_task_5/airflow_env/lib/python3.8/site-packages/airflow/example_dags/example_trigger_target_dag.py
[2022-08-04 11:25:51,178] {processor.py:651} INFO - DAG(s) dict_keys(['example_trigger_target_dag']) retrieved from /home/ndx/Innowise tasks/Innowise_task_5/airflow_env/lib/python3.8/site-packages/airflow/example_dags/example_trigger_target_dag.py
[2022-08-04 11:25:51,184] {logging_mixin.py:115} INFO - [2022-08-04 11:25:51,184] {dag.py:2420} INFO - Sync 1 DAGs
[2022-08-04 11:25:51,193] {logging_mixin.py:115} INFO - [2022-08-04 11:25:51,193] {dag.py:2968} INFO - Setting next_dagrun for example_trigger_target_dag to None, run_after=None
[2022-08-04 11:25:51,205] {processor.py:161} INFO - Processing /home/ndx/Innowise tasks/Innowise_task_5/airflow_env/lib/python3.8/site-packages/airflow/example_dags/example_trigger_target_dag.py took 0.036 seconds
[2022-08-04 11:26:21,981] {processor.py:153} INFO - Started process (PID=54228) to work on /home/ndx/Innowise tasks/Innowise_task_5/airflow_env/lib/python3.8/site-packages/airflow/example_dags/example_trigger_target_dag.py
[2022-08-04 11:26:21,987] {processor.py:641} INFO - Processing file /home/ndx/Innowise tasks/Innowise_task_5/airflow_env/lib/python3.8/site-packages/airflow/example_dags/example_trigger_target_dag.py for tasks to queue
[2022-08-04 11:26:21,988] {logging_mixin.py:115} INFO - [2022-08-04 11:26:21,988] {dagbag.py:508} INFO - Filling up the DagBag from /home/ndx/Innowise tasks/Innowise_task_5/airflow_env/lib/python3.8/site-packages/airflow/example_dags/example_trigger_target_dag.py
[2022-08-04 11:26:21,997] {processor.py:651} INFO - DAG(s) dict_keys(['example_trigger_target_dag']) retrieved from /home/ndx/Innowise tasks/Innowise_task_5/airflow_env/lib/python3.8/site-packages/airflow/example_dags/example_trigger_target_dag.py
[2022-08-04 11:26:22,005] {logging_mixin.py:115} INFO - [2022-08-04 11:26:22,005] {dag.py:2420} INFO - Sync 1 DAGs
[2022-08-04 11:26:22,016] {logging_mixin.py:115} INFO - [2022-08-04 11:26:22,016] {dag.py:2968} INFO - Setting next_dagrun for example_trigger_target_dag to None, run_after=None
[2022-08-04 11:26:22,025] {processor.py:161} INFO - Processing /home/ndx/Innowise tasks/Innowise_task_5/airflow_env/lib/python3.8/site-packages/airflow/example_dags/example_trigger_target_dag.py took 0.045 seconds
[2022-08-04 11:26:56,695] {processor.py:153} INFO - Started process (PID=54327) to work on /home/ndx/Innowise tasks/Innowise_task_5/airflow_env/lib/python3.8/site-packages/airflow/example_dags/example_trigger_target_dag.py
[2022-08-04 11:26:56,701] {processor.py:641} INFO - Processing file /home/ndx/Innowise tasks/Innowise_task_5/airflow_env/lib/python3.8/site-packages/airflow/example_dags/example_trigger_target_dag.py for tasks to queue
[2022-08-04 11:26:56,701] {logging_mixin.py:115} INFO - [2022-08-04 11:26:56,701] {dagbag.py:508} INFO - Filling up the DagBag from /home/ndx/Innowise tasks/Innowise_task_5/airflow_env/lib/python3.8/site-packages/airflow/example_dags/example_trigger_target_dag.py
[2022-08-04 11:26:56,710] {processor.py:651} INFO - DAG(s) dict_keys(['example_trigger_target_dag']) retrieved from /home/ndx/Innowise tasks/Innowise_task_5/airflow_env/lib/python3.8/site-packages/airflow/example_dags/example_trigger_target_dag.py
[2022-08-04 11:26:56,718] {logging_mixin.py:115} INFO - [2022-08-04 11:26:56,718] {dag.py:2420} INFO - Sync 1 DAGs
[2022-08-04 11:26:56,728] {logging_mixin.py:115} INFO - [2022-08-04 11:26:56,728] {dag.py:2968} INFO - Setting next_dagrun for example_trigger_target_dag to None, run_after=None
[2022-08-04 11:26:56,735] {processor.py:161} INFO - Processing /home/ndx/Innowise tasks/Innowise_task_5/airflow_env/lib/python3.8/site-packages/airflow/example_dags/example_trigger_target_dag.py took 0.042 seconds
