[2022-08-04 12:52:49,106] {taskinstance.py:1179} INFO - Dependencies all met for <TaskInstance: secret_vars.transform_task manual__2022-08-04T09:52:47.749251+00:00 [queued]>
[2022-08-04 12:52:49,109] {taskinstance.py:1179} INFO - Dependencies all met for <TaskInstance: secret_vars.transform_task manual__2022-08-04T09:52:47.749251+00:00 [queued]>
[2022-08-04 12:52:49,109] {taskinstance.py:1376} INFO - 
--------------------------------------------------------------------------------
[2022-08-04 12:52:49,109] {taskinstance.py:1377} INFO - Starting attempt 1 of 2
[2022-08-04 12:52:49,109] {taskinstance.py:1378} INFO - 
--------------------------------------------------------------------------------
[2022-08-04 12:52:49,115] {taskinstance.py:1397} INFO - Executing <Task(CSVTransform): transform_task> on 2022-08-04 09:52:47.749251+00:00
[2022-08-04 12:52:49,117] {standard_task_runner.py:52} INFO - Started process 65326 to run task
[2022-08-04 12:52:49,119] {standard_task_runner.py:79} INFO - Running: ['airflow', 'tasks', 'run', 'secret_vars', 'transform_task', 'manual__2022-08-04T09:52:47.749251+00:00', '--job-id', '50', '--raw', '--subdir', 'DAGS_FOLDER/task_dag.py', '--cfg-path', '/tmp/tmpy3jz574_', '--error-file', '/tmp/tmpkl29z80d']
[2022-08-04 12:52:49,119] {standard_task_runner.py:80} INFO - Job 50: Subtask transform_task
[2022-08-04 12:52:49,138] {task_command.py:371} INFO - Running <TaskInstance: secret_vars.transform_task manual__2022-08-04T09:52:47.749251+00:00 [running]> on host ndx-Victus
[2022-08-04 12:52:49,157] {taskinstance.py:1589} INFO - Exporting the following env vars:
AIRFLOW_CTX_DAG_OWNER=airflow
AIRFLOW_CTX_DAG_ID=secret_vars
AIRFLOW_CTX_TASK_ID=transform_task
AIRFLOW_CTX_EXECUTION_DATE=2022-08-04T09:52:47.749251+00:00
AIRFLOW_CTX_TRY_NUMBER=1
AIRFLOW_CTX_DAG_RUN_ID=manual__2022-08-04T09:52:47.749251+00:00
[2022-08-04 12:52:52,041] {taskinstance.py:1415} INFO - Marking task as SUCCESS. dag_id=secret_vars, task_id=transform_task, execution_date=20220804T095247, start_date=20220804T095249, end_date=20220804T095252
[2022-08-04 12:52:52,059] {local_task_job.py:156} INFO - Task exited with return code 0
[2022-08-04 12:52:52,073] {local_task_job.py:273} INFO - 1 downstream tasks scheduled from follow-on schedule check
