[2022-08-04 12:22:09,233] {taskinstance.py:1179} INFO - Dependencies all met for <TaskInstance: secret_vars.transform_task manual__2022-08-04T09:22:07.889204+00:00 [queued]>
[2022-08-04 12:22:09,236] {taskinstance.py:1179} INFO - Dependencies all met for <TaskInstance: secret_vars.transform_task manual__2022-08-04T09:22:07.889204+00:00 [queued]>
[2022-08-04 12:22:09,236] {taskinstance.py:1376} INFO - 
--------------------------------------------------------------------------------
[2022-08-04 12:22:09,236] {taskinstance.py:1377} INFO - Starting attempt 1 of 2
[2022-08-04 12:22:09,236] {taskinstance.py:1378} INFO - 
--------------------------------------------------------------------------------
[2022-08-04 12:22:09,242] {taskinstance.py:1397} INFO - Executing <Task(CSVTransform): transform_task> on 2022-08-04 09:22:07.889204+00:00
[2022-08-04 12:22:09,245] {standard_task_runner.py:52} INFO - Started process 61299 to run task
[2022-08-04 12:22:09,247] {standard_task_runner.py:79} INFO - Running: ['airflow', 'tasks', 'run', 'secret_vars', 'transform_task', 'manual__2022-08-04T09:22:07.889204+00:00', '--job-id', '39', '--raw', '--subdir', 'DAGS_FOLDER/task_dag.py', '--cfg-path', '/tmp/tmpzg7dvtfh', '--error-file', '/tmp/tmph74evlj0']
[2022-08-04 12:22:09,248] {standard_task_runner.py:80} INFO - Job 39: Subtask transform_task
[2022-08-04 12:22:09,272] {task_command.py:371} INFO - Running <TaskInstance: secret_vars.transform_task manual__2022-08-04T09:22:07.889204+00:00 [running]> on host ndx-Victus
[2022-08-04 12:22:09,292] {taskinstance.py:1589} INFO - Exporting the following env vars:
AIRFLOW_CTX_DAG_OWNER=airflow
AIRFLOW_CTX_DAG_ID=secret_vars
AIRFLOW_CTX_TASK_ID=transform_task
AIRFLOW_CTX_EXECUTION_DATE=2022-08-04T09:22:07.889204+00:00
AIRFLOW_CTX_TRY_NUMBER=1
AIRFLOW_CTX_DAG_RUN_ID=manual__2022-08-04T09:22:07.889204+00:00
[2022-08-04 12:22:12,007] {taskinstance.py:1415} INFO - Marking task as SUCCESS. dag_id=secret_vars, task_id=transform_task, execution_date=20220804T092207, start_date=20220804T092209, end_date=20220804T092212
[2022-08-04 12:22:12,027] {local_task_job.py:156} INFO - Task exited with return code 0
[2022-08-04 12:22:12,039] {local_task_job.py:273} INFO - 1 downstream tasks scheduled from follow-on schedule check
