[2022-08-04 12:30:34,887] {taskinstance.py:1179} INFO - Dependencies all met for <TaskInstance: secret_vars.transform_task manual__2022-08-04T09:30:32.430444+00:00 [queued]>
[2022-08-04 12:30:34,890] {taskinstance.py:1179} INFO - Dependencies all met for <TaskInstance: secret_vars.transform_task manual__2022-08-04T09:30:32.430444+00:00 [queued]>
[2022-08-04 12:30:34,890] {taskinstance.py:1376} INFO - 
--------------------------------------------------------------------------------
[2022-08-04 12:30:34,890] {taskinstance.py:1377} INFO - Starting attempt 1 of 2
[2022-08-04 12:30:34,890] {taskinstance.py:1378} INFO - 
--------------------------------------------------------------------------------
[2022-08-04 12:30:34,896] {taskinstance.py:1397} INFO - Executing <Task(CSVTransform): transform_task> on 2022-08-04 09:30:32.430444+00:00
[2022-08-04 12:30:34,899] {standard_task_runner.py:52} INFO - Started process 62598 to run task
[2022-08-04 12:30:34,901] {standard_task_runner.py:79} INFO - Running: ['airflow', 'tasks', 'run', 'secret_vars', 'transform_task', 'manual__2022-08-04T09:30:32.430444+00:00', '--job-id', '46', '--raw', '--subdir', 'DAGS_FOLDER/task_dag.py', '--cfg-path', '/tmp/tmpxzq6tado', '--error-file', '/tmp/tmpf1typ8bk']
[2022-08-04 12:30:34,902] {standard_task_runner.py:80} INFO - Job 46: Subtask transform_task
[2022-08-04 12:30:34,924] {task_command.py:371} INFO - Running <TaskInstance: secret_vars.transform_task manual__2022-08-04T09:30:32.430444+00:00 [running]> on host ndx-Victus
[2022-08-04 12:30:34,945] {taskinstance.py:1589} INFO - Exporting the following env vars:
AIRFLOW_CTX_DAG_OWNER=airflow
AIRFLOW_CTX_DAG_ID=secret_vars
AIRFLOW_CTX_TASK_ID=transform_task
AIRFLOW_CTX_EXECUTION_DATE=2022-08-04T09:30:32.430444+00:00
AIRFLOW_CTX_TRY_NUMBER=1
AIRFLOW_CTX_DAG_RUN_ID=manual__2022-08-04T09:30:32.430444+00:00
[2022-08-04 12:30:37,802] {taskinstance.py:1415} INFO - Marking task as SUCCESS. dag_id=secret_vars, task_id=transform_task, execution_date=20220804T093032, start_date=20220804T093034, end_date=20220804T093037
[2022-08-04 12:30:37,844] {local_task_job.py:156} INFO - Task exited with return code 0
[2022-08-04 12:30:37,856] {local_task_job.py:273} INFO - 1 downstream tasks scheduled from follow-on schedule check
