[2022-08-04 00:09:28,213] {taskinstance.py:1179} INFO - Dependencies all met for <TaskInstance: secret_vars.transform_task manual__2022-08-03T21:09:26.332868+00:00 [queued]>
[2022-08-04 00:09:28,216] {taskinstance.py:1179} INFO - Dependencies all met for <TaskInstance: secret_vars.transform_task manual__2022-08-03T21:09:26.332868+00:00 [queued]>
[2022-08-04 00:09:28,216] {taskinstance.py:1376} INFO - 
--------------------------------------------------------------------------------
[2022-08-04 00:09:28,216] {taskinstance.py:1377} INFO - Starting attempt 1 of 2
[2022-08-04 00:09:28,216] {taskinstance.py:1378} INFO - 
--------------------------------------------------------------------------------
[2022-08-04 00:09:28,222] {taskinstance.py:1397} INFO - Executing <Task(CSVTransform): transform_task> on 2022-08-03 21:09:26.332868+00:00
[2022-08-04 00:09:28,224] {standard_task_runner.py:52} INFO - Started process 46346 to run task
[2022-08-04 00:09:28,225] {standard_task_runner.py:79} INFO - Running: ['airflow', 'tasks', 'run', 'secret_vars', 'transform_task', 'manual__2022-08-03T21:09:26.332868+00:00', '--job-id', '12', '--raw', '--subdir', 'DAGS_FOLDER/task_dag.py', '--cfg-path', '/tmp/tmp898m096l', '--error-file', '/tmp/tmp728_u44x']
[2022-08-04 00:09:28,226] {standard_task_runner.py:80} INFO - Job 12: Subtask transform_task
[2022-08-04 00:09:28,244] {task_command.py:371} INFO - Running <TaskInstance: secret_vars.transform_task manual__2022-08-03T21:09:26.332868+00:00 [running]> on host ndx-Victus
[2022-08-04 00:09:28,263] {taskinstance.py:1589} INFO - Exporting the following env vars:
AIRFLOW_CTX_DAG_OWNER=airflow
AIRFLOW_CTX_DAG_ID=secret_vars
AIRFLOW_CTX_TASK_ID=transform_task
AIRFLOW_CTX_EXECUTION_DATE=2022-08-03T21:09:26.332868+00:00
AIRFLOW_CTX_TRY_NUMBER=1
AIRFLOW_CTX_DAG_RUN_ID=manual__2022-08-03T21:09:26.332868+00:00
[2022-08-04 00:09:30,993] {taskinstance.py:1415} INFO - Marking task as SUCCESS. dag_id=secret_vars, task_id=transform_task, execution_date=20220803T210926, start_date=20220803T210928, end_date=20220803T210930
[2022-08-04 00:09:31,046] {local_task_job.py:156} INFO - Task exited with return code 0
[2022-08-04 00:09:31,059] {local_task_job.py:273} INFO - 1 downstream tasks scheduled from follow-on schedule check
