[2022-08-04 00:15:10,357] {taskinstance.py:1179} INFO - Dependencies all met for <TaskInstance: secret_vars.transform_task manual__2022-08-03T21:15:07.516793+00:00 [queued]>
[2022-08-04 00:15:10,360] {taskinstance.py:1179} INFO - Dependencies all met for <TaskInstance: secret_vars.transform_task manual__2022-08-03T21:15:07.516793+00:00 [queued]>
[2022-08-04 00:15:10,360] {taskinstance.py:1376} INFO - 
--------------------------------------------------------------------------------
[2022-08-04 00:15:10,360] {taskinstance.py:1377} INFO - Starting attempt 1 of 2
[2022-08-04 00:15:10,360] {taskinstance.py:1378} INFO - 
--------------------------------------------------------------------------------
[2022-08-04 00:15:10,367] {taskinstance.py:1397} INFO - Executing <Task(CSVTransform): transform_task> on 2022-08-03 21:15:07.516793+00:00
[2022-08-04 00:15:10,371] {standard_task_runner.py:52} INFO - Started process 47185 to run task
[2022-08-04 00:15:10,373] {standard_task_runner.py:79} INFO - Running: ['airflow', 'tasks', 'run', 'secret_vars', 'transform_task', 'manual__2022-08-03T21:15:07.516793+00:00', '--job-id', '15', '--raw', '--subdir', 'DAGS_FOLDER/task_dag.py', '--cfg-path', '/tmp/tmpu8d_tg6g', '--error-file', '/tmp/tmpjecd54ar']
[2022-08-04 00:15:10,374] {standard_task_runner.py:80} INFO - Job 15: Subtask transform_task
[2022-08-04 00:15:10,396] {task_command.py:371} INFO - Running <TaskInstance: secret_vars.transform_task manual__2022-08-03T21:15:07.516793+00:00 [running]> on host ndx-Victus
[2022-08-04 00:15:10,417] {taskinstance.py:1589} INFO - Exporting the following env vars:
AIRFLOW_CTX_DAG_OWNER=airflow
AIRFLOW_CTX_DAG_ID=secret_vars
AIRFLOW_CTX_TASK_ID=transform_task
AIRFLOW_CTX_EXECUTION_DATE=2022-08-03T21:15:07.516793+00:00
AIRFLOW_CTX_TRY_NUMBER=1
AIRFLOW_CTX_DAG_RUN_ID=manual__2022-08-03T21:15:07.516793+00:00
[2022-08-04 00:15:13,226] {taskinstance.py:1415} INFO - Marking task as SUCCESS. dag_id=secret_vars, task_id=transform_task, execution_date=20220803T211507, start_date=20220803T211510, end_date=20220803T211513
[2022-08-04 00:15:13,273] {local_task_job.py:156} INFO - Task exited with return code 0
[2022-08-04 00:15:13,287] {local_task_job.py:273} INFO - 1 downstream tasks scheduled from follow-on schedule check
