[2022-08-04 00:00:50,515] {processor.py:153} INFO - Started process (PID=44914) to work on /home/ndx/Innowise tasks/Innowise_task_5/airflow_env/lib/python3.8/site-packages/airflow/example_dags/example_bash_operator.py
[2022-08-04 00:00:50,516] {processor.py:641} INFO - Processing file /home/ndx/Innowise tasks/Innowise_task_5/airflow_env/lib/python3.8/site-packages/airflow/example_dags/example_bash_operator.py for tasks to queue
[2022-08-04 00:00:50,516] {logging_mixin.py:115} INFO - [2022-08-04 00:00:50,516] {dagbag.py:508} INFO - Filling up the DagBag from /home/ndx/Innowise tasks/Innowise_task_5/airflow_env/lib/python3.8/site-packages/airflow/example_dags/example_bash_operator.py
[2022-08-04 00:00:50,522] {processor.py:651} INFO - DAG(s) dict_keys(['example_bash_operator']) retrieved from /home/ndx/Innowise tasks/Innowise_task_5/airflow_env/lib/python3.8/site-packages/airflow/example_dags/example_bash_operator.py
[2022-08-04 00:00:50,530] {logging_mixin.py:115} INFO - [2022-08-04 00:00:50,530] {dag.py:2420} INFO - Sync 1 DAGs
[2022-08-04 00:00:50,540] {logging_mixin.py:115} INFO - [2022-08-04 00:00:50,539] {dag.py:2968} INFO - Setting next_dagrun for example_bash_operator to 2022-08-02T00:00:00+00:00, run_after=2022-08-03T00:00:00+00:00
[2022-08-04 00:00:50,553] {processor.py:161} INFO - Processing /home/ndx/Innowise tasks/Innowise_task_5/airflow_env/lib/python3.8/site-packages/airflow/example_dags/example_bash_operator.py took 0.040 seconds
[2022-08-04 00:01:23,870] {processor.py:153} INFO - Started process (PID=45044) to work on /home/ndx/Innowise tasks/Innowise_task_5/airflow_env/lib/python3.8/site-packages/airflow/example_dags/example_bash_operator.py
[2022-08-04 00:01:23,875] {processor.py:641} INFO - Processing file /home/ndx/Innowise tasks/Innowise_task_5/airflow_env/lib/python3.8/site-packages/airflow/example_dags/example_bash_operator.py for tasks to queue
[2022-08-04 00:01:23,875] {logging_mixin.py:115} INFO - [2022-08-04 00:01:23,875] {dagbag.py:508} INFO - Filling up the DagBag from /home/ndx/Innowise tasks/Innowise_task_5/airflow_env/lib/python3.8/site-packages/airflow/example_dags/example_bash_operator.py
[2022-08-04 00:01:23,882] {processor.py:651} INFO - DAG(s) dict_keys(['example_bash_operator']) retrieved from /home/ndx/Innowise tasks/Innowise_task_5/airflow_env/lib/python3.8/site-packages/airflow/example_dags/example_bash_operator.py
[2022-08-04 00:01:23,891] {logging_mixin.py:115} INFO - [2022-08-04 00:01:23,891] {dag.py:2420} INFO - Sync 1 DAGs
[2022-08-04 00:01:23,901] {logging_mixin.py:115} INFO - [2022-08-04 00:01:23,901] {dag.py:2968} INFO - Setting next_dagrun for example_bash_operator to 2022-08-02T00:00:00+00:00, run_after=2022-08-03T00:00:00+00:00
[2022-08-04 00:01:23,907] {processor.py:161} INFO - Processing /home/ndx/Innowise tasks/Innowise_task_5/airflow_env/lib/python3.8/site-packages/airflow/example_dags/example_bash_operator.py took 0.039 seconds
[2022-08-04 00:01:59,931] {processor.py:153} INFO - Started process (PID=45143) to work on /home/ndx/Innowise tasks/Innowise_task_5/airflow_env/lib/python3.8/site-packages/airflow/example_dags/example_bash_operator.py
[2022-08-04 00:01:59,936] {processor.py:641} INFO - Processing file /home/ndx/Innowise tasks/Innowise_task_5/airflow_env/lib/python3.8/site-packages/airflow/example_dags/example_bash_operator.py for tasks to queue
[2022-08-04 00:01:59,937] {logging_mixin.py:115} INFO - [2022-08-04 00:01:59,937] {dagbag.py:508} INFO - Filling up the DagBag from /home/ndx/Innowise tasks/Innowise_task_5/airflow_env/lib/python3.8/site-packages/airflow/example_dags/example_bash_operator.py
[2022-08-04 00:01:59,944] {processor.py:651} INFO - DAG(s) dict_keys(['example_bash_operator']) retrieved from /home/ndx/Innowise tasks/Innowise_task_5/airflow_env/lib/python3.8/site-packages/airflow/example_dags/example_bash_operator.py
[2022-08-04 00:01:59,952] {logging_mixin.py:115} INFO - [2022-08-04 00:01:59,952] {dag.py:2420} INFO - Sync 1 DAGs
[2022-08-04 00:01:59,962] {logging_mixin.py:115} INFO - [2022-08-04 00:01:59,962] {dag.py:2968} INFO - Setting next_dagrun for example_bash_operator to 2022-08-02T00:00:00+00:00, run_after=2022-08-03T00:00:00+00:00
[2022-08-04 00:01:59,968] {processor.py:161} INFO - Processing /home/ndx/Innowise tasks/Innowise_task_5/airflow_env/lib/python3.8/site-packages/airflow/example_dags/example_bash_operator.py took 0.039 seconds
[2022-08-04 00:02:34,956] {processor.py:153} INFO - Started process (PID=45313) to work on /home/ndx/Innowise tasks/Innowise_task_5/airflow_env/lib/python3.8/site-packages/airflow/example_dags/example_bash_operator.py
[2022-08-04 00:02:34,961] {processor.py:641} INFO - Processing file /home/ndx/Innowise tasks/Innowise_task_5/airflow_env/lib/python3.8/site-packages/airflow/example_dags/example_bash_operator.py for tasks to queue
[2022-08-04 00:02:34,962] {logging_mixin.py:115} INFO - [2022-08-04 00:02:34,962] {dagbag.py:508} INFO - Filling up the DagBag from /home/ndx/Innowise tasks/Innowise_task_5/airflow_env/lib/python3.8/site-packages/airflow/example_dags/example_bash_operator.py
[2022-08-04 00:02:34,969] {processor.py:651} INFO - DAG(s) dict_keys(['example_bash_operator']) retrieved from /home/ndx/Innowise tasks/Innowise_task_5/airflow_env/lib/python3.8/site-packages/airflow/example_dags/example_bash_operator.py
[2022-08-04 00:02:34,977] {logging_mixin.py:115} INFO - [2022-08-04 00:02:34,977] {dag.py:2420} INFO - Sync 1 DAGs
[2022-08-04 00:02:34,986] {logging_mixin.py:115} INFO - [2022-08-04 00:02:34,986] {dag.py:2968} INFO - Setting next_dagrun for example_bash_operator to 2022-08-02T00:00:00+00:00, run_after=2022-08-03T00:00:00+00:00
[2022-08-04 00:02:34,995] {processor.py:161} INFO - Processing /home/ndx/Innowise tasks/Innowise_task_5/airflow_env/lib/python3.8/site-packages/airflow/example_dags/example_bash_operator.py took 0.041 seconds
[2022-08-04 00:03:09,746] {processor.py:153} INFO - Started process (PID=45365) to work on /home/ndx/Innowise tasks/Innowise_task_5/airflow_env/lib/python3.8/site-packages/airflow/example_dags/example_bash_operator.py
[2022-08-04 00:03:09,752] {processor.py:641} INFO - Processing file /home/ndx/Innowise tasks/Innowise_task_5/airflow_env/lib/python3.8/site-packages/airflow/example_dags/example_bash_operator.py for tasks to queue
[2022-08-04 00:03:09,752] {logging_mixin.py:115} INFO - [2022-08-04 00:03:09,752] {dagbag.py:508} INFO - Filling up the DagBag from /home/ndx/Innowise tasks/Innowise_task_5/airflow_env/lib/python3.8/site-packages/airflow/example_dags/example_bash_operator.py
[2022-08-04 00:03:09,759] {processor.py:651} INFO - DAG(s) dict_keys(['example_bash_operator']) retrieved from /home/ndx/Innowise tasks/Innowise_task_5/airflow_env/lib/python3.8/site-packages/airflow/example_dags/example_bash_operator.py
[2022-08-04 00:03:09,768] {logging_mixin.py:115} INFO - [2022-08-04 00:03:09,768] {dag.py:2420} INFO - Sync 1 DAGs
[2022-08-04 00:03:09,777] {logging_mixin.py:115} INFO - [2022-08-04 00:03:09,777] {dag.py:2968} INFO - Setting next_dagrun for example_bash_operator to 2022-08-02T00:00:00+00:00, run_after=2022-08-03T00:00:00+00:00
[2022-08-04 00:03:09,783] {processor.py:161} INFO - Processing /home/ndx/Innowise tasks/Innowise_task_5/airflow_env/lib/python3.8/site-packages/airflow/example_dags/example_bash_operator.py took 0.039 seconds
[2022-08-04 00:03:44,992] {processor.py:153} INFO - Started process (PID=45446) to work on /home/ndx/Innowise tasks/Innowise_task_5/airflow_env/lib/python3.8/site-packages/airflow/example_dags/example_bash_operator.py
[2022-08-04 00:03:44,997] {processor.py:641} INFO - Processing file /home/ndx/Innowise tasks/Innowise_task_5/airflow_env/lib/python3.8/site-packages/airflow/example_dags/example_bash_operator.py for tasks to queue
[2022-08-04 00:03:44,998] {logging_mixin.py:115} INFO - [2022-08-04 00:03:44,998] {dagbag.py:508} INFO - Filling up the DagBag from /home/ndx/Innowise tasks/Innowise_task_5/airflow_env/lib/python3.8/site-packages/airflow/example_dags/example_bash_operator.py
[2022-08-04 00:03:45,005] {processor.py:651} INFO - DAG(s) dict_keys(['example_bash_operator']) retrieved from /home/ndx/Innowise tasks/Innowise_task_5/airflow_env/lib/python3.8/site-packages/airflow/example_dags/example_bash_operator.py
[2022-08-04 00:03:45,014] {logging_mixin.py:115} INFO - [2022-08-04 00:03:45,014] {dag.py:2420} INFO - Sync 1 DAGs
[2022-08-04 00:03:45,023] {logging_mixin.py:115} INFO - [2022-08-04 00:03:45,023] {dag.py:2968} INFO - Setting next_dagrun for example_bash_operator to 2022-08-02T00:00:00+00:00, run_after=2022-08-03T00:00:00+00:00
[2022-08-04 00:03:45,033] {processor.py:161} INFO - Processing /home/ndx/Innowise tasks/Innowise_task_5/airflow_env/lib/python3.8/site-packages/airflow/example_dags/example_bash_operator.py took 0.043 seconds
[2022-08-04 00:04:21,088] {processor.py:153} INFO - Started process (PID=45500) to work on /home/ndx/Innowise tasks/Innowise_task_5/airflow_env/lib/python3.8/site-packages/airflow/example_dags/example_bash_operator.py
[2022-08-04 00:04:21,094] {processor.py:641} INFO - Processing file /home/ndx/Innowise tasks/Innowise_task_5/airflow_env/lib/python3.8/site-packages/airflow/example_dags/example_bash_operator.py for tasks to queue
[2022-08-04 00:04:21,094] {logging_mixin.py:115} INFO - [2022-08-04 00:04:21,094] {dagbag.py:508} INFO - Filling up the DagBag from /home/ndx/Innowise tasks/Innowise_task_5/airflow_env/lib/python3.8/site-packages/airflow/example_dags/example_bash_operator.py
[2022-08-04 00:04:21,101] {processor.py:651} INFO - DAG(s) dict_keys(['example_bash_operator']) retrieved from /home/ndx/Innowise tasks/Innowise_task_5/airflow_env/lib/python3.8/site-packages/airflow/example_dags/example_bash_operator.py
[2022-08-04 00:04:21,110] {logging_mixin.py:115} INFO - [2022-08-04 00:04:21,110] {dag.py:2420} INFO - Sync 1 DAGs
[2022-08-04 00:04:21,119] {logging_mixin.py:115} INFO - [2022-08-04 00:04:21,119] {dag.py:2968} INFO - Setting next_dagrun for example_bash_operator to 2022-08-02T00:00:00+00:00, run_after=2022-08-03T00:00:00+00:00
[2022-08-04 00:04:21,126] {processor.py:161} INFO - Processing /home/ndx/Innowise tasks/Innowise_task_5/airflow_env/lib/python3.8/site-packages/airflow/example_dags/example_bash_operator.py took 0.040 seconds
[2022-08-04 00:04:52,528] {processor.py:153} INFO - Started process (PID=45557) to work on /home/ndx/Innowise tasks/Innowise_task_5/airflow_env/lib/python3.8/site-packages/airflow/example_dags/example_bash_operator.py
[2022-08-04 00:04:52,534] {processor.py:641} INFO - Processing file /home/ndx/Innowise tasks/Innowise_task_5/airflow_env/lib/python3.8/site-packages/airflow/example_dags/example_bash_operator.py for tasks to queue
[2022-08-04 00:04:52,534] {logging_mixin.py:115} INFO - [2022-08-04 00:04:52,534] {dagbag.py:508} INFO - Filling up the DagBag from /home/ndx/Innowise tasks/Innowise_task_5/airflow_env/lib/python3.8/site-packages/airflow/example_dags/example_bash_operator.py
[2022-08-04 00:04:52,542] {processor.py:651} INFO - DAG(s) dict_keys(['example_bash_operator']) retrieved from /home/ndx/Innowise tasks/Innowise_task_5/airflow_env/lib/python3.8/site-packages/airflow/example_dags/example_bash_operator.py
[2022-08-04 00:04:52,552] {logging_mixin.py:115} INFO - [2022-08-04 00:04:52,552] {dag.py:2420} INFO - Sync 1 DAGs
[2022-08-04 00:04:52,564] {logging_mixin.py:115} INFO - [2022-08-04 00:04:52,564] {dag.py:2968} INFO - Setting next_dagrun for example_bash_operator to 2022-08-02T00:00:00+00:00, run_after=2022-08-03T00:00:00+00:00
[2022-08-04 00:04:52,575] {processor.py:161} INFO - Processing /home/ndx/Innowise tasks/Innowise_task_5/airflow_env/lib/python3.8/site-packages/airflow/example_dags/example_bash_operator.py took 0.049 seconds
[2022-08-04 00:05:26,663] {processor.py:153} INFO - Started process (PID=45733) to work on /home/ndx/Innowise tasks/Innowise_task_5/airflow_env/lib/python3.8/site-packages/airflow/example_dags/example_bash_operator.py
[2022-08-04 00:05:26,663] {processor.py:641} INFO - Processing file /home/ndx/Innowise tasks/Innowise_task_5/airflow_env/lib/python3.8/site-packages/airflow/example_dags/example_bash_operator.py for tasks to queue
[2022-08-04 00:05:26,663] {logging_mixin.py:115} INFO - [2022-08-04 00:05:26,663] {dagbag.py:508} INFO - Filling up the DagBag from /home/ndx/Innowise tasks/Innowise_task_5/airflow_env/lib/python3.8/site-packages/airflow/example_dags/example_bash_operator.py
[2022-08-04 00:05:26,671] {processor.py:651} INFO - DAG(s) dict_keys(['example_bash_operator']) retrieved from /home/ndx/Innowise tasks/Innowise_task_5/airflow_env/lib/python3.8/site-packages/airflow/example_dags/example_bash_operator.py
[2022-08-04 00:05:26,681] {logging_mixin.py:115} INFO - [2022-08-04 00:05:26,681] {dag.py:2420} INFO - Sync 1 DAGs
[2022-08-04 00:05:26,691] {logging_mixin.py:115} INFO - [2022-08-04 00:05:26,691] {dag.py:2968} INFO - Setting next_dagrun for example_bash_operator to 2022-08-02T00:00:00+00:00, run_after=2022-08-03T00:00:00+00:00
[2022-08-04 00:05:26,699] {processor.py:161} INFO - Processing /home/ndx/Innowise tasks/Innowise_task_5/airflow_env/lib/python3.8/site-packages/airflow/example_dags/example_bash_operator.py took 0.039 seconds
[2022-08-04 00:05:59,784] {processor.py:153} INFO - Started process (PID=45813) to work on /home/ndx/Innowise tasks/Innowise_task_5/airflow_env/lib/python3.8/site-packages/airflow/example_dags/example_bash_operator.py
[2022-08-04 00:05:59,784] {processor.py:641} INFO - Processing file /home/ndx/Innowise tasks/Innowise_task_5/airflow_env/lib/python3.8/site-packages/airflow/example_dags/example_bash_operator.py for tasks to queue
[2022-08-04 00:05:59,784] {logging_mixin.py:115} INFO - [2022-08-04 00:05:59,784] {dagbag.py:508} INFO - Filling up the DagBag from /home/ndx/Innowise tasks/Innowise_task_5/airflow_env/lib/python3.8/site-packages/airflow/example_dags/example_bash_operator.py
[2022-08-04 00:05:59,791] {processor.py:651} INFO - DAG(s) dict_keys(['example_bash_operator']) retrieved from /home/ndx/Innowise tasks/Innowise_task_5/airflow_env/lib/python3.8/site-packages/airflow/example_dags/example_bash_operator.py
[2022-08-04 00:05:59,799] {logging_mixin.py:115} INFO - [2022-08-04 00:05:59,799] {dag.py:2420} INFO - Sync 1 DAGs
[2022-08-04 00:05:59,809] {logging_mixin.py:115} INFO - [2022-08-04 00:05:59,809] {dag.py:2968} INFO - Setting next_dagrun for example_bash_operator to 2022-08-02T00:00:00+00:00, run_after=2022-08-03T00:00:00+00:00
[2022-08-04 00:05:59,816] {processor.py:161} INFO - Processing /home/ndx/Innowise tasks/Innowise_task_5/airflow_env/lib/python3.8/site-packages/airflow/example_dags/example_bash_operator.py took 0.034 seconds
[2022-08-04 00:06:35,749] {processor.py:153} INFO - Started process (PID=45940) to work on /home/ndx/Innowise tasks/Innowise_task_5/airflow_env/lib/python3.8/site-packages/airflow/example_dags/example_bash_operator.py
[2022-08-04 00:06:35,754] {processor.py:641} INFO - Processing file /home/ndx/Innowise tasks/Innowise_task_5/airflow_env/lib/python3.8/site-packages/airflow/example_dags/example_bash_operator.py for tasks to queue
[2022-08-04 00:06:35,755] {logging_mixin.py:115} INFO - [2022-08-04 00:06:35,755] {dagbag.py:508} INFO - Filling up the DagBag from /home/ndx/Innowise tasks/Innowise_task_5/airflow_env/lib/python3.8/site-packages/airflow/example_dags/example_bash_operator.py
[2022-08-04 00:06:35,762] {processor.py:651} INFO - DAG(s) dict_keys(['example_bash_operator']) retrieved from /home/ndx/Innowise tasks/Innowise_task_5/airflow_env/lib/python3.8/site-packages/airflow/example_dags/example_bash_operator.py
[2022-08-04 00:06:35,770] {logging_mixin.py:115} INFO - [2022-08-04 00:06:35,770] {dag.py:2420} INFO - Sync 1 DAGs
[2022-08-04 00:06:35,779] {logging_mixin.py:115} INFO - [2022-08-04 00:06:35,779] {dag.py:2968} INFO - Setting next_dagrun for example_bash_operator to 2022-08-02T00:00:00+00:00, run_after=2022-08-03T00:00:00+00:00
[2022-08-04 00:06:35,787] {processor.py:161} INFO - Processing /home/ndx/Innowise tasks/Innowise_task_5/airflow_env/lib/python3.8/site-packages/airflow/example_dags/example_bash_operator.py took 0.040 seconds
[2022-08-04 00:07:08,532] {processor.py:153} INFO - Started process (PID=46005) to work on /home/ndx/Innowise tasks/Innowise_task_5/airflow_env/lib/python3.8/site-packages/airflow/example_dags/example_bash_operator.py
[2022-08-04 00:07:08,538] {processor.py:641} INFO - Processing file /home/ndx/Innowise tasks/Innowise_task_5/airflow_env/lib/python3.8/site-packages/airflow/example_dags/example_bash_operator.py for tasks to queue
[2022-08-04 00:07:08,538] {logging_mixin.py:115} INFO - [2022-08-04 00:07:08,538] {dagbag.py:508} INFO - Filling up the DagBag from /home/ndx/Innowise tasks/Innowise_task_5/airflow_env/lib/python3.8/site-packages/airflow/example_dags/example_bash_operator.py
[2022-08-04 00:07:08,547] {processor.py:651} INFO - DAG(s) dict_keys(['example_bash_operator']) retrieved from /home/ndx/Innowise tasks/Innowise_task_5/airflow_env/lib/python3.8/site-packages/airflow/example_dags/example_bash_operator.py
[2022-08-04 00:07:08,559] {logging_mixin.py:115} INFO - [2022-08-04 00:07:08,559] {dag.py:2420} INFO - Sync 1 DAGs
[2022-08-04 00:07:08,573] {logging_mixin.py:115} INFO - [2022-08-04 00:07:08,572] {dag.py:2968} INFO - Setting next_dagrun for example_bash_operator to 2022-08-02T00:00:00+00:00, run_after=2022-08-03T00:00:00+00:00
[2022-08-04 00:07:08,585] {processor.py:161} INFO - Processing /home/ndx/Innowise tasks/Innowise_task_5/airflow_env/lib/python3.8/site-packages/airflow/example_dags/example_bash_operator.py took 0.055 seconds
[2022-08-04 00:07:42,186] {processor.py:153} INFO - Started process (PID=46073) to work on /home/ndx/Innowise tasks/Innowise_task_5/airflow_env/lib/python3.8/site-packages/airflow/example_dags/example_bash_operator.py
[2022-08-04 00:07:42,192] {processor.py:641} INFO - Processing file /home/ndx/Innowise tasks/Innowise_task_5/airflow_env/lib/python3.8/site-packages/airflow/example_dags/example_bash_operator.py for tasks to queue
[2022-08-04 00:07:42,192] {logging_mixin.py:115} INFO - [2022-08-04 00:07:42,192] {dagbag.py:508} INFO - Filling up the DagBag from /home/ndx/Innowise tasks/Innowise_task_5/airflow_env/lib/python3.8/site-packages/airflow/example_dags/example_bash_operator.py
[2022-08-04 00:07:42,200] {processor.py:651} INFO - DAG(s) dict_keys(['example_bash_operator']) retrieved from /home/ndx/Innowise tasks/Innowise_task_5/airflow_env/lib/python3.8/site-packages/airflow/example_dags/example_bash_operator.py
[2022-08-04 00:07:42,208] {logging_mixin.py:115} INFO - [2022-08-04 00:07:42,208] {dag.py:2420} INFO - Sync 1 DAGs
[2022-08-04 00:07:42,218] {logging_mixin.py:115} INFO - [2022-08-04 00:07:42,218] {dag.py:2968} INFO - Setting next_dagrun for example_bash_operator to 2022-08-02T00:00:00+00:00, run_after=2022-08-03T00:00:00+00:00
[2022-08-04 00:07:42,225] {processor.py:161} INFO - Processing /home/ndx/Innowise tasks/Innowise_task_5/airflow_env/lib/python3.8/site-packages/airflow/example_dags/example_bash_operator.py took 0.040 seconds
[2022-08-04 00:08:16,669] {processor.py:153} INFO - Started process (PID=46136) to work on /home/ndx/Innowise tasks/Innowise_task_5/airflow_env/lib/python3.8/site-packages/airflow/example_dags/example_bash_operator.py
[2022-08-04 00:08:16,674] {processor.py:641} INFO - Processing file /home/ndx/Innowise tasks/Innowise_task_5/airflow_env/lib/python3.8/site-packages/airflow/example_dags/example_bash_operator.py for tasks to queue
[2022-08-04 00:08:16,675] {logging_mixin.py:115} INFO - [2022-08-04 00:08:16,675] {dagbag.py:508} INFO - Filling up the DagBag from /home/ndx/Innowise tasks/Innowise_task_5/airflow_env/lib/python3.8/site-packages/airflow/example_dags/example_bash_operator.py
[2022-08-04 00:08:16,682] {processor.py:651} INFO - DAG(s) dict_keys(['example_bash_operator']) retrieved from /home/ndx/Innowise tasks/Innowise_task_5/airflow_env/lib/python3.8/site-packages/airflow/example_dags/example_bash_operator.py
[2022-08-04 00:08:16,692] {logging_mixin.py:115} INFO - [2022-08-04 00:08:16,692] {dag.py:2420} INFO - Sync 1 DAGs
[2022-08-04 00:08:16,703] {logging_mixin.py:115} INFO - [2022-08-04 00:08:16,703] {dag.py:2968} INFO - Setting next_dagrun for example_bash_operator to 2022-08-02T00:00:00+00:00, run_after=2022-08-03T00:00:00+00:00
[2022-08-04 00:08:16,712] {processor.py:161} INFO - Processing /home/ndx/Innowise tasks/Innowise_task_5/airflow_env/lib/python3.8/site-packages/airflow/example_dags/example_bash_operator.py took 0.044 seconds
[2022-08-04 00:08:49,455] {processor.py:153} INFO - Started process (PID=46237) to work on /home/ndx/Innowise tasks/Innowise_task_5/airflow_env/lib/python3.8/site-packages/airflow/example_dags/example_bash_operator.py
[2022-08-04 00:08:49,461] {processor.py:641} INFO - Processing file /home/ndx/Innowise tasks/Innowise_task_5/airflow_env/lib/python3.8/site-packages/airflow/example_dags/example_bash_operator.py for tasks to queue
[2022-08-04 00:08:49,461] {logging_mixin.py:115} INFO - [2022-08-04 00:08:49,461] {dagbag.py:508} INFO - Filling up the DagBag from /home/ndx/Innowise tasks/Innowise_task_5/airflow_env/lib/python3.8/site-packages/airflow/example_dags/example_bash_operator.py
[2022-08-04 00:08:49,468] {processor.py:651} INFO - DAG(s) dict_keys(['example_bash_operator']) retrieved from /home/ndx/Innowise tasks/Innowise_task_5/airflow_env/lib/python3.8/site-packages/airflow/example_dags/example_bash_operator.py
[2022-08-04 00:08:49,477] {logging_mixin.py:115} INFO - [2022-08-04 00:08:49,477] {dag.py:2420} INFO - Sync 1 DAGs
[2022-08-04 00:08:49,486] {logging_mixin.py:115} INFO - [2022-08-04 00:08:49,486] {dag.py:2968} INFO - Setting next_dagrun for example_bash_operator to 2022-08-02T00:00:00+00:00, run_after=2022-08-03T00:00:00+00:00
[2022-08-04 00:08:49,494] {processor.py:161} INFO - Processing /home/ndx/Innowise tasks/Innowise_task_5/airflow_env/lib/python3.8/site-packages/airflow/example_dags/example_bash_operator.py took 0.040 seconds
[2022-08-04 00:09:24,545] {processor.py:153} INFO - Started process (PID=46324) to work on /home/ndx/Innowise tasks/Innowise_task_5/airflow_env/lib/python3.8/site-packages/airflow/example_dags/example_bash_operator.py
[2022-08-04 00:09:24,551] {processor.py:641} INFO - Processing file /home/ndx/Innowise tasks/Innowise_task_5/airflow_env/lib/python3.8/site-packages/airflow/example_dags/example_bash_operator.py for tasks to queue
[2022-08-04 00:09:24,551] {logging_mixin.py:115} INFO - [2022-08-04 00:09:24,551] {dagbag.py:508} INFO - Filling up the DagBag from /home/ndx/Innowise tasks/Innowise_task_5/airflow_env/lib/python3.8/site-packages/airflow/example_dags/example_bash_operator.py
[2022-08-04 00:09:24,558] {processor.py:651} INFO - DAG(s) dict_keys(['example_bash_operator']) retrieved from /home/ndx/Innowise tasks/Innowise_task_5/airflow_env/lib/python3.8/site-packages/airflow/example_dags/example_bash_operator.py
[2022-08-04 00:09:24,568] {logging_mixin.py:115} INFO - [2022-08-04 00:09:24,568] {dag.py:2420} INFO - Sync 1 DAGs
[2022-08-04 00:09:24,578] {logging_mixin.py:115} INFO - [2022-08-04 00:09:24,578] {dag.py:2968} INFO - Setting next_dagrun for example_bash_operator to 2022-08-02T00:00:00+00:00, run_after=2022-08-03T00:00:00+00:00
[2022-08-04 00:09:24,587] {processor.py:161} INFO - Processing /home/ndx/Innowise tasks/Innowise_task_5/airflow_env/lib/python3.8/site-packages/airflow/example_dags/example_bash_operator.py took 0.043 seconds
[2022-08-04 00:10:01,533] {processor.py:153} INFO - Started process (PID=46410) to work on /home/ndx/Innowise tasks/Innowise_task_5/airflow_env/lib/python3.8/site-packages/airflow/example_dags/example_bash_operator.py
[2022-08-04 00:10:01,533] {processor.py:641} INFO - Processing file /home/ndx/Innowise tasks/Innowise_task_5/airflow_env/lib/python3.8/site-packages/airflow/example_dags/example_bash_operator.py for tasks to queue
[2022-08-04 00:10:01,534] {logging_mixin.py:115} INFO - [2022-08-04 00:10:01,533] {dagbag.py:508} INFO - Filling up the DagBag from /home/ndx/Innowise tasks/Innowise_task_5/airflow_env/lib/python3.8/site-packages/airflow/example_dags/example_bash_operator.py
[2022-08-04 00:10:01,540] {processor.py:651} INFO - DAG(s) dict_keys(['example_bash_operator']) retrieved from /home/ndx/Innowise tasks/Innowise_task_5/airflow_env/lib/python3.8/site-packages/airflow/example_dags/example_bash_operator.py
[2022-08-04 00:10:01,549] {logging_mixin.py:115} INFO - [2022-08-04 00:10:01,549] {dag.py:2420} INFO - Sync 1 DAGs
[2022-08-04 00:10:01,559] {logging_mixin.py:115} INFO - [2022-08-04 00:10:01,559] {dag.py:2968} INFO - Setting next_dagrun for example_bash_operator to 2022-08-02T00:00:00+00:00, run_after=2022-08-03T00:00:00+00:00
[2022-08-04 00:10:01,567] {processor.py:161} INFO - Processing /home/ndx/Innowise tasks/Innowise_task_5/airflow_env/lib/python3.8/site-packages/airflow/example_dags/example_bash_operator.py took 0.036 seconds
[2022-08-04 00:10:33,948] {processor.py:153} INFO - Started process (PID=46532) to work on /home/ndx/Innowise tasks/Innowise_task_5/airflow_env/lib/python3.8/site-packages/airflow/example_dags/example_bash_operator.py
[2022-08-04 00:10:33,954] {processor.py:641} INFO - Processing file /home/ndx/Innowise tasks/Innowise_task_5/airflow_env/lib/python3.8/site-packages/airflow/example_dags/example_bash_operator.py for tasks to queue
[2022-08-04 00:10:33,954] {logging_mixin.py:115} INFO - [2022-08-04 00:10:33,954] {dagbag.py:508} INFO - Filling up the DagBag from /home/ndx/Innowise tasks/Innowise_task_5/airflow_env/lib/python3.8/site-packages/airflow/example_dags/example_bash_operator.py
[2022-08-04 00:10:33,962] {processor.py:651} INFO - DAG(s) dict_keys(['example_bash_operator']) retrieved from /home/ndx/Innowise tasks/Innowise_task_5/airflow_env/lib/python3.8/site-packages/airflow/example_dags/example_bash_operator.py
[2022-08-04 00:10:33,971] {logging_mixin.py:115} INFO - [2022-08-04 00:10:33,971] {dag.py:2420} INFO - Sync 1 DAGs
[2022-08-04 00:10:33,982] {logging_mixin.py:115} INFO - [2022-08-04 00:10:33,982] {dag.py:2968} INFO - Setting next_dagrun for example_bash_operator to 2022-08-02T00:00:00+00:00, run_after=2022-08-03T00:00:00+00:00
[2022-08-04 00:10:33,990] {processor.py:161} INFO - Processing /home/ndx/Innowise tasks/Innowise_task_5/airflow_env/lib/python3.8/site-packages/airflow/example_dags/example_bash_operator.py took 0.043 seconds
[2022-08-04 00:11:08,772] {processor.py:153} INFO - Started process (PID=46599) to work on /home/ndx/Innowise tasks/Innowise_task_5/airflow_env/lib/python3.8/site-packages/airflow/example_dags/example_bash_operator.py
[2022-08-04 00:11:08,772] {processor.py:641} INFO - Processing file /home/ndx/Innowise tasks/Innowise_task_5/airflow_env/lib/python3.8/site-packages/airflow/example_dags/example_bash_operator.py for tasks to queue
[2022-08-04 00:11:08,773] {logging_mixin.py:115} INFO - [2022-08-04 00:11:08,773] {dagbag.py:508} INFO - Filling up the DagBag from /home/ndx/Innowise tasks/Innowise_task_5/airflow_env/lib/python3.8/site-packages/airflow/example_dags/example_bash_operator.py
[2022-08-04 00:11:08,779] {processor.py:651} INFO - DAG(s) dict_keys(['example_bash_operator']) retrieved from /home/ndx/Innowise tasks/Innowise_task_5/airflow_env/lib/python3.8/site-packages/airflow/example_dags/example_bash_operator.py
[2022-08-04 00:11:08,787] {logging_mixin.py:115} INFO - [2022-08-04 00:11:08,787] {dag.py:2420} INFO - Sync 1 DAGs
[2022-08-04 00:11:08,798] {logging_mixin.py:115} INFO - [2022-08-04 00:11:08,798] {dag.py:2968} INFO - Setting next_dagrun for example_bash_operator to 2022-08-02T00:00:00+00:00, run_after=2022-08-03T00:00:00+00:00
[2022-08-04 00:11:08,804] {processor.py:161} INFO - Processing /home/ndx/Innowise tasks/Innowise_task_5/airflow_env/lib/python3.8/site-packages/airflow/example_dags/example_bash_operator.py took 0.034 seconds
[2022-08-04 00:11:42,215] {processor.py:153} INFO - Started process (PID=46660) to work on /home/ndx/Innowise tasks/Innowise_task_5/airflow_env/lib/python3.8/site-packages/airflow/example_dags/example_bash_operator.py
[2022-08-04 00:11:42,220] {processor.py:641} INFO - Processing file /home/ndx/Innowise tasks/Innowise_task_5/airflow_env/lib/python3.8/site-packages/airflow/example_dags/example_bash_operator.py for tasks to queue
[2022-08-04 00:11:42,221] {logging_mixin.py:115} INFO - [2022-08-04 00:11:42,221] {dagbag.py:508} INFO - Filling up the DagBag from /home/ndx/Innowise tasks/Innowise_task_5/airflow_env/lib/python3.8/site-packages/airflow/example_dags/example_bash_operator.py
[2022-08-04 00:11:42,228] {processor.py:651} INFO - DAG(s) dict_keys(['example_bash_operator']) retrieved from /home/ndx/Innowise tasks/Innowise_task_5/airflow_env/lib/python3.8/site-packages/airflow/example_dags/example_bash_operator.py
[2022-08-04 00:11:42,237] {logging_mixin.py:115} INFO - [2022-08-04 00:11:42,237] {dag.py:2420} INFO - Sync 1 DAGs
[2022-08-04 00:11:42,249] {logging_mixin.py:115} INFO - [2022-08-04 00:11:42,249] {dag.py:2968} INFO - Setting next_dagrun for example_bash_operator to 2022-08-02T00:00:00+00:00, run_after=2022-08-03T00:00:00+00:00
[2022-08-04 00:11:42,256] {processor.py:161} INFO - Processing /home/ndx/Innowise tasks/Innowise_task_5/airflow_env/lib/python3.8/site-packages/airflow/example_dags/example_bash_operator.py took 0.043 seconds
[2022-08-04 00:12:17,832] {processor.py:153} INFO - Started process (PID=46720) to work on /home/ndx/Innowise tasks/Innowise_task_5/airflow_env/lib/python3.8/site-packages/airflow/example_dags/example_bash_operator.py
[2022-08-04 00:12:17,837] {processor.py:641} INFO - Processing file /home/ndx/Innowise tasks/Innowise_task_5/airflow_env/lib/python3.8/site-packages/airflow/example_dags/example_bash_operator.py for tasks to queue
[2022-08-04 00:12:17,838] {logging_mixin.py:115} INFO - [2022-08-04 00:12:17,838] {dagbag.py:508} INFO - Filling up the DagBag from /home/ndx/Innowise tasks/Innowise_task_5/airflow_env/lib/python3.8/site-packages/airflow/example_dags/example_bash_operator.py
[2022-08-04 00:12:17,846] {processor.py:651} INFO - DAG(s) dict_keys(['example_bash_operator']) retrieved from /home/ndx/Innowise tasks/Innowise_task_5/airflow_env/lib/python3.8/site-packages/airflow/example_dags/example_bash_operator.py
[2022-08-04 00:12:17,858] {logging_mixin.py:115} INFO - [2022-08-04 00:12:17,858] {dag.py:2420} INFO - Sync 1 DAGs
[2022-08-04 00:12:17,871] {logging_mixin.py:115} INFO - [2022-08-04 00:12:17,871] {dag.py:2968} INFO - Setting next_dagrun for example_bash_operator to 2022-08-02T00:00:00+00:00, run_after=2022-08-03T00:00:00+00:00
[2022-08-04 00:12:17,877] {processor.py:161} INFO - Processing /home/ndx/Innowise tasks/Innowise_task_5/airflow_env/lib/python3.8/site-packages/airflow/example_dags/example_bash_operator.py took 0.047 seconds
[2022-08-04 00:12:50,950] {processor.py:153} INFO - Started process (PID=46782) to work on /home/ndx/Innowise tasks/Innowise_task_5/airflow_env/lib/python3.8/site-packages/airflow/example_dags/example_bash_operator.py
[2022-08-04 00:12:50,955] {processor.py:641} INFO - Processing file /home/ndx/Innowise tasks/Innowise_task_5/airflow_env/lib/python3.8/site-packages/airflow/example_dags/example_bash_operator.py for tasks to queue
[2022-08-04 00:12:50,956] {logging_mixin.py:115} INFO - [2022-08-04 00:12:50,956] {dagbag.py:508} INFO - Filling up the DagBag from /home/ndx/Innowise tasks/Innowise_task_5/airflow_env/lib/python3.8/site-packages/airflow/example_dags/example_bash_operator.py
[2022-08-04 00:12:50,963] {processor.py:651} INFO - DAG(s) dict_keys(['example_bash_operator']) retrieved from /home/ndx/Innowise tasks/Innowise_task_5/airflow_env/lib/python3.8/site-packages/airflow/example_dags/example_bash_operator.py
[2022-08-04 00:12:50,972] {logging_mixin.py:115} INFO - [2022-08-04 00:12:50,972] {dag.py:2420} INFO - Sync 1 DAGs
[2022-08-04 00:12:50,983] {logging_mixin.py:115} INFO - [2022-08-04 00:12:50,983] {dag.py:2968} INFO - Setting next_dagrun for example_bash_operator to 2022-08-02T00:00:00+00:00, run_after=2022-08-03T00:00:00+00:00
[2022-08-04 00:12:50,989] {processor.py:161} INFO - Processing /home/ndx/Innowise tasks/Innowise_task_5/airflow_env/lib/python3.8/site-packages/airflow/example_dags/example_bash_operator.py took 0.041 seconds
[2022-08-04 00:13:25,385] {processor.py:153} INFO - Started process (PID=46883) to work on /home/ndx/Innowise tasks/Innowise_task_5/airflow_env/lib/python3.8/site-packages/airflow/example_dags/example_bash_operator.py
[2022-08-04 00:13:25,390] {processor.py:641} INFO - Processing file /home/ndx/Innowise tasks/Innowise_task_5/airflow_env/lib/python3.8/site-packages/airflow/example_dags/example_bash_operator.py for tasks to queue
[2022-08-04 00:13:25,391] {logging_mixin.py:115} INFO - [2022-08-04 00:13:25,391] {dagbag.py:508} INFO - Filling up the DagBag from /home/ndx/Innowise tasks/Innowise_task_5/airflow_env/lib/python3.8/site-packages/airflow/example_dags/example_bash_operator.py
[2022-08-04 00:13:25,398] {processor.py:651} INFO - DAG(s) dict_keys(['example_bash_operator']) retrieved from /home/ndx/Innowise tasks/Innowise_task_5/airflow_env/lib/python3.8/site-packages/airflow/example_dags/example_bash_operator.py
[2022-08-04 00:13:25,407] {logging_mixin.py:115} INFO - [2022-08-04 00:13:25,407] {dag.py:2420} INFO - Sync 1 DAGs
[2022-08-04 00:13:25,419] {logging_mixin.py:115} INFO - [2022-08-04 00:13:25,419] {dag.py:2968} INFO - Setting next_dagrun for example_bash_operator to 2022-08-02T00:00:00+00:00, run_after=2022-08-03T00:00:00+00:00
[2022-08-04 00:13:25,428] {processor.py:161} INFO - Processing /home/ndx/Innowise tasks/Innowise_task_5/airflow_env/lib/python3.8/site-packages/airflow/example_dags/example_bash_operator.py took 0.045 seconds
[2022-08-04 00:13:58,357] {processor.py:153} INFO - Started process (PID=46944) to work on /home/ndx/Innowise tasks/Innowise_task_5/airflow_env/lib/python3.8/site-packages/airflow/example_dags/example_bash_operator.py
[2022-08-04 00:13:58,357] {processor.py:641} INFO - Processing file /home/ndx/Innowise tasks/Innowise_task_5/airflow_env/lib/python3.8/site-packages/airflow/example_dags/example_bash_operator.py for tasks to queue
[2022-08-04 00:13:58,358] {logging_mixin.py:115} INFO - [2022-08-04 00:13:58,358] {dagbag.py:508} INFO - Filling up the DagBag from /home/ndx/Innowise tasks/Innowise_task_5/airflow_env/lib/python3.8/site-packages/airflow/example_dags/example_bash_operator.py
[2022-08-04 00:13:58,364] {processor.py:651} INFO - DAG(s) dict_keys(['example_bash_operator']) retrieved from /home/ndx/Innowise tasks/Innowise_task_5/airflow_env/lib/python3.8/site-packages/airflow/example_dags/example_bash_operator.py
[2022-08-04 00:13:58,373] {logging_mixin.py:115} INFO - [2022-08-04 00:13:58,373] {dag.py:2420} INFO - Sync 1 DAGs
[2022-08-04 00:13:58,383] {logging_mixin.py:115} INFO - [2022-08-04 00:13:58,383] {dag.py:2968} INFO - Setting next_dagrun for example_bash_operator to 2022-08-02T00:00:00+00:00, run_after=2022-08-03T00:00:00+00:00
[2022-08-04 00:13:58,389] {processor.py:161} INFO - Processing /home/ndx/Innowise tasks/Innowise_task_5/airflow_env/lib/python3.8/site-packages/airflow/example_dags/example_bash_operator.py took 0.034 seconds
[2022-08-04 00:14:32,588] {processor.py:153} INFO - Started process (PID=47060) to work on /home/ndx/Innowise tasks/Innowise_task_5/airflow_env/lib/python3.8/site-packages/airflow/example_dags/example_bash_operator.py
[2022-08-04 00:14:32,593] {processor.py:641} INFO - Processing file /home/ndx/Innowise tasks/Innowise_task_5/airflow_env/lib/python3.8/site-packages/airflow/example_dags/example_bash_operator.py for tasks to queue
[2022-08-04 00:14:32,593] {logging_mixin.py:115} INFO - [2022-08-04 00:14:32,593] {dagbag.py:508} INFO - Filling up the DagBag from /home/ndx/Innowise tasks/Innowise_task_5/airflow_env/lib/python3.8/site-packages/airflow/example_dags/example_bash_operator.py
[2022-08-04 00:14:32,601] {processor.py:651} INFO - DAG(s) dict_keys(['example_bash_operator']) retrieved from /home/ndx/Innowise tasks/Innowise_task_5/airflow_env/lib/python3.8/site-packages/airflow/example_dags/example_bash_operator.py
[2022-08-04 00:14:32,610] {logging_mixin.py:115} INFO - [2022-08-04 00:14:32,610] {dag.py:2420} INFO - Sync 1 DAGs
[2022-08-04 00:14:32,621] {logging_mixin.py:115} INFO - [2022-08-04 00:14:32,621] {dag.py:2968} INFO - Setting next_dagrun for example_bash_operator to 2022-08-02T00:00:00+00:00, run_after=2022-08-03T00:00:00+00:00
[2022-08-04 00:14:32,628] {processor.py:161} INFO - Processing /home/ndx/Innowise tasks/Innowise_task_5/airflow_env/lib/python3.8/site-packages/airflow/example_dags/example_bash_operator.py took 0.042 seconds
[2022-08-04 00:15:06,693] {processor.py:153} INFO - Started process (PID=47163) to work on /home/ndx/Innowise tasks/Innowise_task_5/airflow_env/lib/python3.8/site-packages/airflow/example_dags/example_bash_operator.py
[2022-08-04 00:15:06,698] {processor.py:641} INFO - Processing file /home/ndx/Innowise tasks/Innowise_task_5/airflow_env/lib/python3.8/site-packages/airflow/example_dags/example_bash_operator.py for tasks to queue
[2022-08-04 00:15:06,699] {logging_mixin.py:115} INFO - [2022-08-04 00:15:06,699] {dagbag.py:508} INFO - Filling up the DagBag from /home/ndx/Innowise tasks/Innowise_task_5/airflow_env/lib/python3.8/site-packages/airflow/example_dags/example_bash_operator.py
[2022-08-04 00:15:06,706] {processor.py:651} INFO - DAG(s) dict_keys(['example_bash_operator']) retrieved from /home/ndx/Innowise tasks/Innowise_task_5/airflow_env/lib/python3.8/site-packages/airflow/example_dags/example_bash_operator.py
[2022-08-04 00:15:06,715] {logging_mixin.py:115} INFO - [2022-08-04 00:15:06,715] {dag.py:2420} INFO - Sync 1 DAGs
[2022-08-04 00:15:06,726] {logging_mixin.py:115} INFO - [2022-08-04 00:15:06,726] {dag.py:2968} INFO - Setting next_dagrun for example_bash_operator to 2022-08-02T00:00:00+00:00, run_after=2022-08-03T00:00:00+00:00
[2022-08-04 00:15:06,733] {processor.py:161} INFO - Processing /home/ndx/Innowise tasks/Innowise_task_5/airflow_env/lib/python3.8/site-packages/airflow/example_dags/example_bash_operator.py took 0.042 seconds
[2022-08-04 00:15:45,340] {processor.py:153} INFO - Started process (PID=47244) to work on /home/ndx/Innowise tasks/Innowise_task_5/airflow_env/lib/python3.8/site-packages/airflow/example_dags/example_bash_operator.py
[2022-08-04 00:15:45,345] {processor.py:641} INFO - Processing file /home/ndx/Innowise tasks/Innowise_task_5/airflow_env/lib/python3.8/site-packages/airflow/example_dags/example_bash_operator.py for tasks to queue
[2022-08-04 00:15:45,346] {logging_mixin.py:115} INFO - [2022-08-04 00:15:45,345] {dagbag.py:508} INFO - Filling up the DagBag from /home/ndx/Innowise tasks/Innowise_task_5/airflow_env/lib/python3.8/site-packages/airflow/example_dags/example_bash_operator.py
[2022-08-04 00:15:45,353] {processor.py:651} INFO - DAG(s) dict_keys(['example_bash_operator']) retrieved from /home/ndx/Innowise tasks/Innowise_task_5/airflow_env/lib/python3.8/site-packages/airflow/example_dags/example_bash_operator.py
[2022-08-04 00:15:45,362] {logging_mixin.py:115} INFO - [2022-08-04 00:15:45,362] {dag.py:2420} INFO - Sync 1 DAGs
[2022-08-04 00:15:45,372] {logging_mixin.py:115} INFO - [2022-08-04 00:15:45,372] {dag.py:2968} INFO - Setting next_dagrun for example_bash_operator to 2022-08-02T00:00:00+00:00, run_after=2022-08-03T00:00:00+00:00
[2022-08-04 00:15:45,379] {processor.py:161} INFO - Processing /home/ndx/Innowise tasks/Innowise_task_5/airflow_env/lib/python3.8/site-packages/airflow/example_dags/example_bash_operator.py took 0.041 seconds
[2022-08-04 00:16:19,920] {processor.py:153} INFO - Started process (PID=47325) to work on /home/ndx/Innowise tasks/Innowise_task_5/airflow_env/lib/python3.8/site-packages/airflow/example_dags/example_bash_operator.py
[2022-08-04 00:16:19,925] {processor.py:641} INFO - Processing file /home/ndx/Innowise tasks/Innowise_task_5/airflow_env/lib/python3.8/site-packages/airflow/example_dags/example_bash_operator.py for tasks to queue
[2022-08-04 00:16:19,925] {logging_mixin.py:115} INFO - [2022-08-04 00:16:19,925] {dagbag.py:508} INFO - Filling up the DagBag from /home/ndx/Innowise tasks/Innowise_task_5/airflow_env/lib/python3.8/site-packages/airflow/example_dags/example_bash_operator.py
[2022-08-04 00:16:19,933] {processor.py:651} INFO - DAG(s) dict_keys(['example_bash_operator']) retrieved from /home/ndx/Innowise tasks/Innowise_task_5/airflow_env/lib/python3.8/site-packages/airflow/example_dags/example_bash_operator.py
[2022-08-04 00:16:19,941] {logging_mixin.py:115} INFO - [2022-08-04 00:16:19,941] {dag.py:2420} INFO - Sync 1 DAGs
[2022-08-04 00:16:19,951] {logging_mixin.py:115} INFO - [2022-08-04 00:16:19,951] {dag.py:2968} INFO - Setting next_dagrun for example_bash_operator to 2022-08-02T00:00:00+00:00, run_after=2022-08-03T00:00:00+00:00
[2022-08-04 00:16:19,958] {processor.py:161} INFO - Processing /home/ndx/Innowise tasks/Innowise_task_5/airflow_env/lib/python3.8/site-packages/airflow/example_dags/example_bash_operator.py took 0.039 seconds
[2022-08-04 00:16:53,192] {processor.py:153} INFO - Started process (PID=47398) to work on /home/ndx/Innowise tasks/Innowise_task_5/airflow_env/lib/python3.8/site-packages/airflow/example_dags/example_bash_operator.py
[2022-08-04 00:16:53,197] {processor.py:641} INFO - Processing file /home/ndx/Innowise tasks/Innowise_task_5/airflow_env/lib/python3.8/site-packages/airflow/example_dags/example_bash_operator.py for tasks to queue
[2022-08-04 00:16:53,198] {logging_mixin.py:115} INFO - [2022-08-04 00:16:53,198] {dagbag.py:508} INFO - Filling up the DagBag from /home/ndx/Innowise tasks/Innowise_task_5/airflow_env/lib/python3.8/site-packages/airflow/example_dags/example_bash_operator.py
[2022-08-04 00:16:53,205] {processor.py:651} INFO - DAG(s) dict_keys(['example_bash_operator']) retrieved from /home/ndx/Innowise tasks/Innowise_task_5/airflow_env/lib/python3.8/site-packages/airflow/example_dags/example_bash_operator.py
[2022-08-04 00:16:53,213] {logging_mixin.py:115} INFO - [2022-08-04 00:16:53,213] {dag.py:2420} INFO - Sync 1 DAGs
[2022-08-04 00:16:53,223] {logging_mixin.py:115} INFO - [2022-08-04 00:16:53,223] {dag.py:2968} INFO - Setting next_dagrun for example_bash_operator to 2022-08-02T00:00:00+00:00, run_after=2022-08-03T00:00:00+00:00
[2022-08-04 00:16:53,229] {processor.py:161} INFO - Processing /home/ndx/Innowise tasks/Innowise_task_5/airflow_env/lib/python3.8/site-packages/airflow/example_dags/example_bash_operator.py took 0.038 seconds
[2022-08-04 00:17:28,651] {processor.py:153} INFO - Started process (PID=47484) to work on /home/ndx/Innowise tasks/Innowise_task_5/airflow_env/lib/python3.8/site-packages/airflow/example_dags/example_bash_operator.py
[2022-08-04 00:17:28,656] {processor.py:641} INFO - Processing file /home/ndx/Innowise tasks/Innowise_task_5/airflow_env/lib/python3.8/site-packages/airflow/example_dags/example_bash_operator.py for tasks to queue
[2022-08-04 00:17:28,657] {logging_mixin.py:115} INFO - [2022-08-04 00:17:28,657] {dagbag.py:508} INFO - Filling up the DagBag from /home/ndx/Innowise tasks/Innowise_task_5/airflow_env/lib/python3.8/site-packages/airflow/example_dags/example_bash_operator.py
[2022-08-04 00:17:28,663] {processor.py:651} INFO - DAG(s) dict_keys(['example_bash_operator']) retrieved from /home/ndx/Innowise tasks/Innowise_task_5/airflow_env/lib/python3.8/site-packages/airflow/example_dags/example_bash_operator.py
[2022-08-04 00:17:28,671] {logging_mixin.py:115} INFO - [2022-08-04 00:17:28,671] {dag.py:2420} INFO - Sync 1 DAGs
[2022-08-04 00:17:28,682] {logging_mixin.py:115} INFO - [2022-08-04 00:17:28,682] {dag.py:2968} INFO - Setting next_dagrun for example_bash_operator to 2022-08-02T00:00:00+00:00, run_after=2022-08-03T00:00:00+00:00
[2022-08-04 00:17:28,689] {processor.py:161} INFO - Processing /home/ndx/Innowise tasks/Innowise_task_5/airflow_env/lib/python3.8/site-packages/airflow/example_dags/example_bash_operator.py took 0.040 seconds
[2022-08-04 00:18:07,786] {processor.py:153} INFO - Started process (PID=47570) to work on /home/ndx/Innowise tasks/Innowise_task_5/airflow_env/lib/python3.8/site-packages/airflow/example_dags/example_bash_operator.py
[2022-08-04 00:18:07,792] {processor.py:641} INFO - Processing file /home/ndx/Innowise tasks/Innowise_task_5/airflow_env/lib/python3.8/site-packages/airflow/example_dags/example_bash_operator.py for tasks to queue
[2022-08-04 00:18:07,792] {logging_mixin.py:115} INFO - [2022-08-04 00:18:07,792] {dagbag.py:508} INFO - Filling up the DagBag from /home/ndx/Innowise tasks/Innowise_task_5/airflow_env/lib/python3.8/site-packages/airflow/example_dags/example_bash_operator.py
[2022-08-04 00:18:07,800] {processor.py:651} INFO - DAG(s) dict_keys(['example_bash_operator']) retrieved from /home/ndx/Innowise tasks/Innowise_task_5/airflow_env/lib/python3.8/site-packages/airflow/example_dags/example_bash_operator.py
[2022-08-04 00:18:07,809] {logging_mixin.py:115} INFO - [2022-08-04 00:18:07,809] {dag.py:2420} INFO - Sync 1 DAGs
[2022-08-04 00:18:07,821] {logging_mixin.py:115} INFO - [2022-08-04 00:18:07,821] {dag.py:2968} INFO - Setting next_dagrun for example_bash_operator to 2022-08-02T00:00:00+00:00, run_after=2022-08-03T00:00:00+00:00
[2022-08-04 00:18:07,827] {processor.py:161} INFO - Processing /home/ndx/Innowise tasks/Innowise_task_5/airflow_env/lib/python3.8/site-packages/airflow/example_dags/example_bash_operator.py took 0.042 seconds
[2022-08-04 00:18:41,864] {processor.py:153} INFO - Started process (PID=47610) to work on /home/ndx/Innowise tasks/Innowise_task_5/airflow_env/lib/python3.8/site-packages/airflow/example_dags/example_bash_operator.py
[2022-08-04 00:18:41,870] {processor.py:641} INFO - Processing file /home/ndx/Innowise tasks/Innowise_task_5/airflow_env/lib/python3.8/site-packages/airflow/example_dags/example_bash_operator.py for tasks to queue
[2022-08-04 00:18:41,870] {logging_mixin.py:115} INFO - [2022-08-04 00:18:41,870] {dagbag.py:508} INFO - Filling up the DagBag from /home/ndx/Innowise tasks/Innowise_task_5/airflow_env/lib/python3.8/site-packages/airflow/example_dags/example_bash_operator.py
[2022-08-04 00:18:41,878] {processor.py:651} INFO - DAG(s) dict_keys(['example_bash_operator']) retrieved from /home/ndx/Innowise tasks/Innowise_task_5/airflow_env/lib/python3.8/site-packages/airflow/example_dags/example_bash_operator.py
[2022-08-04 00:18:41,887] {logging_mixin.py:115} INFO - [2022-08-04 00:18:41,887] {dag.py:2420} INFO - Sync 1 DAGs
[2022-08-04 00:18:41,899] {logging_mixin.py:115} INFO - [2022-08-04 00:18:41,899] {dag.py:2968} INFO - Setting next_dagrun for example_bash_operator to 2022-08-02T00:00:00+00:00, run_after=2022-08-03T00:00:00+00:00
[2022-08-04 00:18:41,907] {processor.py:161} INFO - Processing /home/ndx/Innowise tasks/Innowise_task_5/airflow_env/lib/python3.8/site-packages/airflow/example_dags/example_bash_operator.py took 0.044 seconds
[2022-08-04 00:19:17,530] {processor.py:153} INFO - Started process (PID=47806) to work on /home/ndx/Innowise tasks/Innowise_task_5/airflow_env/lib/python3.8/site-packages/airflow/example_dags/example_bash_operator.py
[2022-08-04 00:19:17,535] {processor.py:641} INFO - Processing file /home/ndx/Innowise tasks/Innowise_task_5/airflow_env/lib/python3.8/site-packages/airflow/example_dags/example_bash_operator.py for tasks to queue
[2022-08-04 00:19:17,536] {logging_mixin.py:115} INFO - [2022-08-04 00:19:17,536] {dagbag.py:508} INFO - Filling up the DagBag from /home/ndx/Innowise tasks/Innowise_task_5/airflow_env/lib/python3.8/site-packages/airflow/example_dags/example_bash_operator.py
[2022-08-04 00:19:17,543] {processor.py:651} INFO - DAG(s) dict_keys(['example_bash_operator']) retrieved from /home/ndx/Innowise tasks/Innowise_task_5/airflow_env/lib/python3.8/site-packages/airflow/example_dags/example_bash_operator.py
[2022-08-04 00:19:17,551] {logging_mixin.py:115} INFO - [2022-08-04 00:19:17,551] {dag.py:2420} INFO - Sync 1 DAGs
[2022-08-04 00:19:17,562] {logging_mixin.py:115} INFO - [2022-08-04 00:19:17,562] {dag.py:2968} INFO - Setting next_dagrun for example_bash_operator to 2022-08-02T00:00:00+00:00, run_after=2022-08-03T00:00:00+00:00
[2022-08-04 00:19:17,568] {processor.py:161} INFO - Processing /home/ndx/Innowise tasks/Innowise_task_5/airflow_env/lib/python3.8/site-packages/airflow/example_dags/example_bash_operator.py took 0.040 seconds
[2022-08-04 00:19:49,338] {processor.py:153} INFO - Started process (PID=47885) to work on /home/ndx/Innowise tasks/Innowise_task_5/airflow_env/lib/python3.8/site-packages/airflow/example_dags/example_bash_operator.py
[2022-08-04 00:19:49,343] {processor.py:641} INFO - Processing file /home/ndx/Innowise tasks/Innowise_task_5/airflow_env/lib/python3.8/site-packages/airflow/example_dags/example_bash_operator.py for tasks to queue
[2022-08-04 00:19:49,344] {logging_mixin.py:115} INFO - [2022-08-04 00:19:49,344] {dagbag.py:508} INFO - Filling up the DagBag from /home/ndx/Innowise tasks/Innowise_task_5/airflow_env/lib/python3.8/site-packages/airflow/example_dags/example_bash_operator.py
[2022-08-04 00:19:49,351] {processor.py:651} INFO - DAG(s) dict_keys(['example_bash_operator']) retrieved from /home/ndx/Innowise tasks/Innowise_task_5/airflow_env/lib/python3.8/site-packages/airflow/example_dags/example_bash_operator.py
[2022-08-04 00:19:49,360] {logging_mixin.py:115} INFO - [2022-08-04 00:19:49,360] {dag.py:2420} INFO - Sync 1 DAGs
[2022-08-04 00:19:49,371] {logging_mixin.py:115} INFO - [2022-08-04 00:19:49,371] {dag.py:2968} INFO - Setting next_dagrun for example_bash_operator to 2022-08-02T00:00:00+00:00, run_after=2022-08-03T00:00:00+00:00
[2022-08-04 00:19:49,377] {processor.py:161} INFO - Processing /home/ndx/Innowise tasks/Innowise_task_5/airflow_env/lib/python3.8/site-packages/airflow/example_dags/example_bash_operator.py took 0.041 seconds
[2022-08-04 00:20:24,306] {processor.py:153} INFO - Started process (PID=47978) to work on /home/ndx/Innowise tasks/Innowise_task_5/airflow_env/lib/python3.8/site-packages/airflow/example_dags/example_bash_operator.py
[2022-08-04 00:20:24,311] {processor.py:641} INFO - Processing file /home/ndx/Innowise tasks/Innowise_task_5/airflow_env/lib/python3.8/site-packages/airflow/example_dags/example_bash_operator.py for tasks to queue
[2022-08-04 00:20:24,312] {logging_mixin.py:115} INFO - [2022-08-04 00:20:24,312] {dagbag.py:508} INFO - Filling up the DagBag from /home/ndx/Innowise tasks/Innowise_task_5/airflow_env/lib/python3.8/site-packages/airflow/example_dags/example_bash_operator.py
[2022-08-04 00:20:24,319] {processor.py:651} INFO - DAG(s) dict_keys(['example_bash_operator']) retrieved from /home/ndx/Innowise tasks/Innowise_task_5/airflow_env/lib/python3.8/site-packages/airflow/example_dags/example_bash_operator.py
[2022-08-04 00:20:24,327] {logging_mixin.py:115} INFO - [2022-08-04 00:20:24,327] {dag.py:2420} INFO - Sync 1 DAGs
[2022-08-04 00:20:24,337] {logging_mixin.py:115} INFO - [2022-08-04 00:20:24,337] {dag.py:2968} INFO - Setting next_dagrun for example_bash_operator to 2022-08-02T00:00:00+00:00, run_after=2022-08-03T00:00:00+00:00
[2022-08-04 00:20:24,343] {processor.py:161} INFO - Processing /home/ndx/Innowise tasks/Innowise_task_5/airflow_env/lib/python3.8/site-packages/airflow/example_dags/example_bash_operator.py took 0.039 seconds
[2022-08-04 00:20:57,125] {processor.py:153} INFO - Started process (PID=48033) to work on /home/ndx/Innowise tasks/Innowise_task_5/airflow_env/lib/python3.8/site-packages/airflow/example_dags/example_bash_operator.py
[2022-08-04 00:20:57,130] {processor.py:641} INFO - Processing file /home/ndx/Innowise tasks/Innowise_task_5/airflow_env/lib/python3.8/site-packages/airflow/example_dags/example_bash_operator.py for tasks to queue
[2022-08-04 00:20:57,131] {logging_mixin.py:115} INFO - [2022-08-04 00:20:57,131] {dagbag.py:508} INFO - Filling up the DagBag from /home/ndx/Innowise tasks/Innowise_task_5/airflow_env/lib/python3.8/site-packages/airflow/example_dags/example_bash_operator.py
[2022-08-04 00:20:57,138] {processor.py:651} INFO - DAG(s) dict_keys(['example_bash_operator']) retrieved from /home/ndx/Innowise tasks/Innowise_task_5/airflow_env/lib/python3.8/site-packages/airflow/example_dags/example_bash_operator.py
[2022-08-04 00:20:57,146] {logging_mixin.py:115} INFO - [2022-08-04 00:20:57,146] {dag.py:2420} INFO - Sync 1 DAGs
[2022-08-04 00:20:57,157] {logging_mixin.py:115} INFO - [2022-08-04 00:20:57,157] {dag.py:2968} INFO - Setting next_dagrun for example_bash_operator to 2022-08-02T00:00:00+00:00, run_after=2022-08-03T00:00:00+00:00
[2022-08-04 00:20:57,163] {processor.py:161} INFO - Processing /home/ndx/Innowise tasks/Innowise_task_5/airflow_env/lib/python3.8/site-packages/airflow/example_dags/example_bash_operator.py took 0.040 seconds
[2022-08-04 00:21:31,333] {processor.py:153} INFO - Started process (PID=48146) to work on /home/ndx/Innowise tasks/Innowise_task_5/airflow_env/lib/python3.8/site-packages/airflow/example_dags/example_bash_operator.py
[2022-08-04 00:21:31,338] {processor.py:641} INFO - Processing file /home/ndx/Innowise tasks/Innowise_task_5/airflow_env/lib/python3.8/site-packages/airflow/example_dags/example_bash_operator.py for tasks to queue
[2022-08-04 00:21:31,339] {logging_mixin.py:115} INFO - [2022-08-04 00:21:31,339] {dagbag.py:508} INFO - Filling up the DagBag from /home/ndx/Innowise tasks/Innowise_task_5/airflow_env/lib/python3.8/site-packages/airflow/example_dags/example_bash_operator.py
[2022-08-04 00:21:31,345] {processor.py:651} INFO - DAG(s) dict_keys(['example_bash_operator']) retrieved from /home/ndx/Innowise tasks/Innowise_task_5/airflow_env/lib/python3.8/site-packages/airflow/example_dags/example_bash_operator.py
[2022-08-04 00:21:31,353] {logging_mixin.py:115} INFO - [2022-08-04 00:21:31,353] {dag.py:2420} INFO - Sync 1 DAGs
[2022-08-04 00:21:31,364] {logging_mixin.py:115} INFO - [2022-08-04 00:21:31,364] {dag.py:2968} INFO - Setting next_dagrun for example_bash_operator to 2022-08-02T00:00:00+00:00, run_after=2022-08-03T00:00:00+00:00
[2022-08-04 00:21:31,370] {processor.py:161} INFO - Processing /home/ndx/Innowise tasks/Innowise_task_5/airflow_env/lib/python3.8/site-packages/airflow/example_dags/example_bash_operator.py took 0.039 seconds
[2022-08-04 00:22:05,449] {processor.py:153} INFO - Started process (PID=48195) to work on /home/ndx/Innowise tasks/Innowise_task_5/airflow_env/lib/python3.8/site-packages/airflow/example_dags/example_bash_operator.py
[2022-08-04 00:22:05,454] {processor.py:641} INFO - Processing file /home/ndx/Innowise tasks/Innowise_task_5/airflow_env/lib/python3.8/site-packages/airflow/example_dags/example_bash_operator.py for tasks to queue
[2022-08-04 00:22:05,455] {logging_mixin.py:115} INFO - [2022-08-04 00:22:05,455] {dagbag.py:508} INFO - Filling up the DagBag from /home/ndx/Innowise tasks/Innowise_task_5/airflow_env/lib/python3.8/site-packages/airflow/example_dags/example_bash_operator.py
[2022-08-04 00:22:05,462] {processor.py:651} INFO - DAG(s) dict_keys(['example_bash_operator']) retrieved from /home/ndx/Innowise tasks/Innowise_task_5/airflow_env/lib/python3.8/site-packages/airflow/example_dags/example_bash_operator.py
[2022-08-04 00:22:05,472] {logging_mixin.py:115} INFO - [2022-08-04 00:22:05,472] {dag.py:2420} INFO - Sync 1 DAGs
[2022-08-04 00:22:05,484] {logging_mixin.py:115} INFO - [2022-08-04 00:22:05,484] {dag.py:2968} INFO - Setting next_dagrun for example_bash_operator to 2022-08-02T00:00:00+00:00, run_after=2022-08-03T00:00:00+00:00
[2022-08-04 00:22:05,491] {processor.py:161} INFO - Processing /home/ndx/Innowise tasks/Innowise_task_5/airflow_env/lib/python3.8/site-packages/airflow/example_dags/example_bash_operator.py took 0.044 seconds
[2022-08-04 00:22:41,081] {processor.py:153} INFO - Started process (PID=48265) to work on /home/ndx/Innowise tasks/Innowise_task_5/airflow_env/lib/python3.8/site-packages/airflow/example_dags/example_bash_operator.py
[2022-08-04 00:22:41,086] {processor.py:641} INFO - Processing file /home/ndx/Innowise tasks/Innowise_task_5/airflow_env/lib/python3.8/site-packages/airflow/example_dags/example_bash_operator.py for tasks to queue
[2022-08-04 00:22:41,087] {logging_mixin.py:115} INFO - [2022-08-04 00:22:41,087] {dagbag.py:508} INFO - Filling up the DagBag from /home/ndx/Innowise tasks/Innowise_task_5/airflow_env/lib/python3.8/site-packages/airflow/example_dags/example_bash_operator.py
[2022-08-04 00:22:41,097] {processor.py:651} INFO - DAG(s) dict_keys(['example_bash_operator']) retrieved from /home/ndx/Innowise tasks/Innowise_task_5/airflow_env/lib/python3.8/site-packages/airflow/example_dags/example_bash_operator.py
[2022-08-04 00:22:41,107] {logging_mixin.py:115} INFO - [2022-08-04 00:22:41,107] {dag.py:2420} INFO - Sync 1 DAGs
[2022-08-04 00:22:41,119] {logging_mixin.py:115} INFO - [2022-08-04 00:22:41,119] {dag.py:2968} INFO - Setting next_dagrun for example_bash_operator to 2022-08-02T00:00:00+00:00, run_after=2022-08-03T00:00:00+00:00
[2022-08-04 00:22:41,127] {processor.py:161} INFO - Processing /home/ndx/Innowise tasks/Innowise_task_5/airflow_env/lib/python3.8/site-packages/airflow/example_dags/example_bash_operator.py took 0.048 seconds
[2022-08-04 00:23:16,338] {processor.py:153} INFO - Started process (PID=48319) to work on /home/ndx/Innowise tasks/Innowise_task_5/airflow_env/lib/python3.8/site-packages/airflow/example_dags/example_bash_operator.py
[2022-08-04 00:23:16,343] {processor.py:641} INFO - Processing file /home/ndx/Innowise tasks/Innowise_task_5/airflow_env/lib/python3.8/site-packages/airflow/example_dags/example_bash_operator.py for tasks to queue
[2022-08-04 00:23:16,343] {logging_mixin.py:115} INFO - [2022-08-04 00:23:16,343] {dagbag.py:508} INFO - Filling up the DagBag from /home/ndx/Innowise tasks/Innowise_task_5/airflow_env/lib/python3.8/site-packages/airflow/example_dags/example_bash_operator.py
[2022-08-04 00:23:16,351] {processor.py:651} INFO - DAG(s) dict_keys(['example_bash_operator']) retrieved from /home/ndx/Innowise tasks/Innowise_task_5/airflow_env/lib/python3.8/site-packages/airflow/example_dags/example_bash_operator.py
[2022-08-04 00:23:16,360] {logging_mixin.py:115} INFO - [2022-08-04 00:23:16,360] {dag.py:2420} INFO - Sync 1 DAGs
[2022-08-04 00:23:16,370] {logging_mixin.py:115} INFO - [2022-08-04 00:23:16,370] {dag.py:2968} INFO - Setting next_dagrun for example_bash_operator to 2022-08-02T00:00:00+00:00, run_after=2022-08-03T00:00:00+00:00
[2022-08-04 00:23:16,377] {processor.py:161} INFO - Processing /home/ndx/Innowise tasks/Innowise_task_5/airflow_env/lib/python3.8/site-packages/airflow/example_dags/example_bash_operator.py took 0.041 seconds
[2022-08-04 00:24:05,756] {processor.py:153} INFO - Started process (PID=48474) to work on /home/ndx/Innowise tasks/Innowise_task_5/airflow_env/lib/python3.8/site-packages/airflow/example_dags/example_bash_operator.py
[2022-08-04 00:24:05,762] {processor.py:641} INFO - Processing file /home/ndx/Innowise tasks/Innowise_task_5/airflow_env/lib/python3.8/site-packages/airflow/example_dags/example_bash_operator.py for tasks to queue
[2022-08-04 00:24:05,762] {logging_mixin.py:115} INFO - [2022-08-04 00:24:05,762] {dagbag.py:508} INFO - Filling up the DagBag from /home/ndx/Innowise tasks/Innowise_task_5/airflow_env/lib/python3.8/site-packages/airflow/example_dags/example_bash_operator.py
[2022-08-04 00:24:05,769] {processor.py:651} INFO - DAG(s) dict_keys(['example_bash_operator']) retrieved from /home/ndx/Innowise tasks/Innowise_task_5/airflow_env/lib/python3.8/site-packages/airflow/example_dags/example_bash_operator.py
[2022-08-04 00:24:05,778] {logging_mixin.py:115} INFO - [2022-08-04 00:24:05,778] {dag.py:2420} INFO - Sync 1 DAGs
[2022-08-04 00:24:05,788] {logging_mixin.py:115} INFO - [2022-08-04 00:24:05,788] {dag.py:2968} INFO - Setting next_dagrun for example_bash_operator to 2022-08-02T00:00:00+00:00, run_after=2022-08-03T00:00:00+00:00
[2022-08-04 00:24:05,794] {processor.py:161} INFO - Processing /home/ndx/Innowise tasks/Innowise_task_5/airflow_env/lib/python3.8/site-packages/airflow/example_dags/example_bash_operator.py took 0.039 seconds
