[2022-08-04 00:00:40,521] {processor.py:153} INFO - Started process (PID=44896) to work on /home/ndx/Innowise tasks/Innowise_task_5/airflow_env/lib/python3.8/site-packages/airflow/example_dags/example_external_task_marker_dag.py
[2022-08-04 00:00:40,521] {processor.py:641} INFO - Processing file /home/ndx/Innowise tasks/Innowise_task_5/airflow_env/lib/python3.8/site-packages/airflow/example_dags/example_external_task_marker_dag.py for tasks to queue
[2022-08-04 00:00:40,521] {logging_mixin.py:115} INFO - [2022-08-04 00:00:40,521] {dagbag.py:508} INFO - Filling up the DagBag from /home/ndx/Innowise tasks/Innowise_task_5/airflow_env/lib/python3.8/site-packages/airflow/example_dags/example_external_task_marker_dag.py
[2022-08-04 00:00:40,524] {processor.py:651} INFO - DAG(s) dict_keys(['example_external_task_marker_parent', 'example_external_task_marker_child']) retrieved from /home/ndx/Innowise tasks/Innowise_task_5/airflow_env/lib/python3.8/site-packages/airflow/example_dags/example_external_task_marker_dag.py
[2022-08-04 00:00:40,539] {logging_mixin.py:115} INFO - [2022-08-04 00:00:40,539] {dag.py:2420} INFO - Sync 2 DAGs
[2022-08-04 00:00:40,551] {logging_mixin.py:115} INFO - [2022-08-04 00:00:40,551] {dag.py:2968} INFO - Setting next_dagrun for example_external_task_marker_child to None, run_after=None
[2022-08-04 00:00:40,551] {logging_mixin.py:115} INFO - [2022-08-04 00:00:40,551] {dag.py:2968} INFO - Setting next_dagrun for example_external_task_marker_parent to None, run_after=None
[2022-08-04 00:00:40,564] {processor.py:161} INFO - Processing /home/ndx/Innowise tasks/Innowise_task_5/airflow_env/lib/python3.8/site-packages/airflow/example_dags/example_external_task_marker_dag.py took 0.046 seconds
[2022-08-04 00:01:13,592] {processor.py:153} INFO - Started process (PID=45032) to work on /home/ndx/Innowise tasks/Innowise_task_5/airflow_env/lib/python3.8/site-packages/airflow/example_dags/example_external_task_marker_dag.py
[2022-08-04 00:01:13,592] {processor.py:641} INFO - Processing file /home/ndx/Innowise tasks/Innowise_task_5/airflow_env/lib/python3.8/site-packages/airflow/example_dags/example_external_task_marker_dag.py for tasks to queue
[2022-08-04 00:01:13,592] {logging_mixin.py:115} INFO - [2022-08-04 00:01:13,592] {dagbag.py:508} INFO - Filling up the DagBag from /home/ndx/Innowise tasks/Innowise_task_5/airflow_env/lib/python3.8/site-packages/airflow/example_dags/example_external_task_marker_dag.py
[2022-08-04 00:01:13,595] {processor.py:651} INFO - DAG(s) dict_keys(['example_external_task_marker_parent', 'example_external_task_marker_child']) retrieved from /home/ndx/Innowise tasks/Innowise_task_5/airflow_env/lib/python3.8/site-packages/airflow/example_dags/example_external_task_marker_dag.py
[2022-08-04 00:01:13,611] {logging_mixin.py:115} INFO - [2022-08-04 00:01:13,611] {dag.py:2420} INFO - Sync 2 DAGs
[2022-08-04 00:01:13,622] {logging_mixin.py:115} INFO - [2022-08-04 00:01:13,622] {dag.py:2968} INFO - Setting next_dagrun for example_external_task_marker_child to None, run_after=None
[2022-08-04 00:01:13,622] {logging_mixin.py:115} INFO - [2022-08-04 00:01:13,622] {dag.py:2968} INFO - Setting next_dagrun for example_external_task_marker_parent to None, run_after=None
[2022-08-04 00:01:13,630] {processor.py:161} INFO - Processing /home/ndx/Innowise tasks/Innowise_task_5/airflow_env/lib/python3.8/site-packages/airflow/example_dags/example_external_task_marker_dag.py took 0.040 seconds
[2022-08-04 00:01:49,644] {processor.py:153} INFO - Started process (PID=45107) to work on /home/ndx/Innowise tasks/Innowise_task_5/airflow_env/lib/python3.8/site-packages/airflow/example_dags/example_external_task_marker_dag.py
[2022-08-04 00:01:49,649] {processor.py:641} INFO - Processing file /home/ndx/Innowise tasks/Innowise_task_5/airflow_env/lib/python3.8/site-packages/airflow/example_dags/example_external_task_marker_dag.py for tasks to queue
[2022-08-04 00:01:49,649] {logging_mixin.py:115} INFO - [2022-08-04 00:01:49,649] {dagbag.py:508} INFO - Filling up the DagBag from /home/ndx/Innowise tasks/Innowise_task_5/airflow_env/lib/python3.8/site-packages/airflow/example_dags/example_external_task_marker_dag.py
[2022-08-04 00:01:49,652] {processor.py:651} INFO - DAG(s) dict_keys(['example_external_task_marker_parent', 'example_external_task_marker_child']) retrieved from /home/ndx/Innowise tasks/Innowise_task_5/airflow_env/lib/python3.8/site-packages/airflow/example_dags/example_external_task_marker_dag.py
[2022-08-04 00:01:49,667] {logging_mixin.py:115} INFO - [2022-08-04 00:01:49,667] {dag.py:2420} INFO - Sync 2 DAGs
[2022-08-04 00:01:49,677] {logging_mixin.py:115} INFO - [2022-08-04 00:01:49,677] {dag.py:2968} INFO - Setting next_dagrun for example_external_task_marker_child to None, run_after=None
[2022-08-04 00:01:49,677] {logging_mixin.py:115} INFO - [2022-08-04 00:01:49,677] {dag.py:2968} INFO - Setting next_dagrun for example_external_task_marker_parent to None, run_after=None
[2022-08-04 00:01:49,684] {processor.py:161} INFO - Processing /home/ndx/Innowise tasks/Innowise_task_5/airflow_env/lib/python3.8/site-packages/airflow/example_dags/example_external_task_marker_dag.py took 0.042 seconds
[2022-08-04 00:02:23,532] {processor.py:153} INFO - Started process (PID=45277) to work on /home/ndx/Innowise tasks/Innowise_task_5/airflow_env/lib/python3.8/site-packages/airflow/example_dags/example_external_task_marker_dag.py
[2022-08-04 00:02:23,537] {processor.py:641} INFO - Processing file /home/ndx/Innowise tasks/Innowise_task_5/airflow_env/lib/python3.8/site-packages/airflow/example_dags/example_external_task_marker_dag.py for tasks to queue
[2022-08-04 00:02:23,538] {logging_mixin.py:115} INFO - [2022-08-04 00:02:23,538] {dagbag.py:508} INFO - Filling up the DagBag from /home/ndx/Innowise tasks/Innowise_task_5/airflow_env/lib/python3.8/site-packages/airflow/example_dags/example_external_task_marker_dag.py
[2022-08-04 00:02:23,540] {processor.py:651} INFO - DAG(s) dict_keys(['example_external_task_marker_parent', 'example_external_task_marker_child']) retrieved from /home/ndx/Innowise tasks/Innowise_task_5/airflow_env/lib/python3.8/site-packages/airflow/example_dags/example_external_task_marker_dag.py
[2022-08-04 00:02:23,557] {logging_mixin.py:115} INFO - [2022-08-04 00:02:23,557] {dag.py:2420} INFO - Sync 2 DAGs
[2022-08-04 00:02:23,566] {logging_mixin.py:115} INFO - [2022-08-04 00:02:23,566] {dag.py:2968} INFO - Setting next_dagrun for example_external_task_marker_child to None, run_after=None
[2022-08-04 00:02:23,566] {logging_mixin.py:115} INFO - [2022-08-04 00:02:23,566] {dag.py:2968} INFO - Setting next_dagrun for example_external_task_marker_parent to None, run_after=None
[2022-08-04 00:02:23,573] {processor.py:161} INFO - Processing /home/ndx/Innowise tasks/Innowise_task_5/airflow_env/lib/python3.8/site-packages/airflow/example_dags/example_external_task_marker_dag.py took 0.043 seconds
[2022-08-04 00:02:59,465] {processor.py:153} INFO - Started process (PID=45353) to work on /home/ndx/Innowise tasks/Innowise_task_5/airflow_env/lib/python3.8/site-packages/airflow/example_dags/example_external_task_marker_dag.py
[2022-08-04 00:02:59,470] {processor.py:641} INFO - Processing file /home/ndx/Innowise tasks/Innowise_task_5/airflow_env/lib/python3.8/site-packages/airflow/example_dags/example_external_task_marker_dag.py for tasks to queue
[2022-08-04 00:02:59,471] {logging_mixin.py:115} INFO - [2022-08-04 00:02:59,471] {dagbag.py:508} INFO - Filling up the DagBag from /home/ndx/Innowise tasks/Innowise_task_5/airflow_env/lib/python3.8/site-packages/airflow/example_dags/example_external_task_marker_dag.py
[2022-08-04 00:02:59,474] {processor.py:651} INFO - DAG(s) dict_keys(['example_external_task_marker_parent', 'example_external_task_marker_child']) retrieved from /home/ndx/Innowise tasks/Innowise_task_5/airflow_env/lib/python3.8/site-packages/airflow/example_dags/example_external_task_marker_dag.py
[2022-08-04 00:02:59,487] {logging_mixin.py:115} INFO - [2022-08-04 00:02:59,487] {dag.py:2420} INFO - Sync 2 DAGs
[2022-08-04 00:02:59,496] {logging_mixin.py:115} INFO - [2022-08-04 00:02:59,496] {dag.py:2968} INFO - Setting next_dagrun for example_external_task_marker_child to None, run_after=None
[2022-08-04 00:02:59,496] {logging_mixin.py:115} INFO - [2022-08-04 00:02:59,496] {dag.py:2968} INFO - Setting next_dagrun for example_external_task_marker_parent to None, run_after=None
[2022-08-04 00:02:59,503] {processor.py:161} INFO - Processing /home/ndx/Innowise tasks/Innowise_task_5/airflow_env/lib/python3.8/site-packages/airflow/example_dags/example_external_task_marker_dag.py took 0.039 seconds
[2022-08-04 00:03:33,717] {processor.py:153} INFO - Started process (PID=45407) to work on /home/ndx/Innowise tasks/Innowise_task_5/airflow_env/lib/python3.8/site-packages/airflow/example_dags/example_external_task_marker_dag.py
[2022-08-04 00:03:33,722] {processor.py:641} INFO - Processing file /home/ndx/Innowise tasks/Innowise_task_5/airflow_env/lib/python3.8/site-packages/airflow/example_dags/example_external_task_marker_dag.py for tasks to queue
[2022-08-04 00:03:33,722] {logging_mixin.py:115} INFO - [2022-08-04 00:03:33,722] {dagbag.py:508} INFO - Filling up the DagBag from /home/ndx/Innowise tasks/Innowise_task_5/airflow_env/lib/python3.8/site-packages/airflow/example_dags/example_external_task_marker_dag.py
[2022-08-04 00:03:33,725] {processor.py:651} INFO - DAG(s) dict_keys(['example_external_task_marker_parent', 'example_external_task_marker_child']) retrieved from /home/ndx/Innowise tasks/Innowise_task_5/airflow_env/lib/python3.8/site-packages/airflow/example_dags/example_external_task_marker_dag.py
[2022-08-04 00:03:33,739] {logging_mixin.py:115} INFO - [2022-08-04 00:03:33,739] {dag.py:2420} INFO - Sync 2 DAGs
[2022-08-04 00:03:33,747] {logging_mixin.py:115} INFO - [2022-08-04 00:03:33,747] {dag.py:2968} INFO - Setting next_dagrun for example_external_task_marker_child to None, run_after=None
[2022-08-04 00:03:33,747] {logging_mixin.py:115} INFO - [2022-08-04 00:03:33,747] {dag.py:2968} INFO - Setting next_dagrun for example_external_task_marker_parent to None, run_after=None
[2022-08-04 00:03:33,757] {processor.py:161} INFO - Processing /home/ndx/Innowise tasks/Innowise_task_5/airflow_env/lib/python3.8/site-packages/airflow/example_dags/example_external_task_marker_dag.py took 0.041 seconds
[2022-08-04 00:04:09,146] {processor.py:153} INFO - Started process (PID=45482) to work on /home/ndx/Innowise tasks/Innowise_task_5/airflow_env/lib/python3.8/site-packages/airflow/example_dags/example_external_task_marker_dag.py
[2022-08-04 00:04:09,151] {processor.py:641} INFO - Processing file /home/ndx/Innowise tasks/Innowise_task_5/airflow_env/lib/python3.8/site-packages/airflow/example_dags/example_external_task_marker_dag.py for tasks to queue
[2022-08-04 00:04:09,152] {logging_mixin.py:115} INFO - [2022-08-04 00:04:09,152] {dagbag.py:508} INFO - Filling up the DagBag from /home/ndx/Innowise tasks/Innowise_task_5/airflow_env/lib/python3.8/site-packages/airflow/example_dags/example_external_task_marker_dag.py
[2022-08-04 00:04:09,155] {processor.py:651} INFO - DAG(s) dict_keys(['example_external_task_marker_parent', 'example_external_task_marker_child']) retrieved from /home/ndx/Innowise tasks/Innowise_task_5/airflow_env/lib/python3.8/site-packages/airflow/example_dags/example_external_task_marker_dag.py
[2022-08-04 00:04:09,169] {logging_mixin.py:115} INFO - [2022-08-04 00:04:09,169] {dag.py:2420} INFO - Sync 2 DAGs
[2022-08-04 00:04:09,178] {logging_mixin.py:115} INFO - [2022-08-04 00:04:09,178] {dag.py:2968} INFO - Setting next_dagrun for example_external_task_marker_child to None, run_after=None
[2022-08-04 00:04:09,178] {logging_mixin.py:115} INFO - [2022-08-04 00:04:09,178] {dag.py:2968} INFO - Setting next_dagrun for example_external_task_marker_parent to None, run_after=None
[2022-08-04 00:04:09,185] {processor.py:161} INFO - Processing /home/ndx/Innowise tasks/Innowise_task_5/airflow_env/lib/python3.8/site-packages/airflow/example_dags/example_external_task_marker_dag.py took 0.041 seconds
[2022-08-04 00:04:42,247] {processor.py:153} INFO - Started process (PID=45534) to work on /home/ndx/Innowise tasks/Innowise_task_5/airflow_env/lib/python3.8/site-packages/airflow/example_dags/example_external_task_marker_dag.py
[2022-08-04 00:04:42,247] {processor.py:641} INFO - Processing file /home/ndx/Innowise tasks/Innowise_task_5/airflow_env/lib/python3.8/site-packages/airflow/example_dags/example_external_task_marker_dag.py for tasks to queue
[2022-08-04 00:04:42,247] {logging_mixin.py:115} INFO - [2022-08-04 00:04:42,247] {dagbag.py:508} INFO - Filling up the DagBag from /home/ndx/Innowise tasks/Innowise_task_5/airflow_env/lib/python3.8/site-packages/airflow/example_dags/example_external_task_marker_dag.py
[2022-08-04 00:04:42,250] {processor.py:651} INFO - DAG(s) dict_keys(['example_external_task_marker_parent', 'example_external_task_marker_child']) retrieved from /home/ndx/Innowise tasks/Innowise_task_5/airflow_env/lib/python3.8/site-packages/airflow/example_dags/example_external_task_marker_dag.py
[2022-08-04 00:04:42,264] {logging_mixin.py:115} INFO - [2022-08-04 00:04:42,264] {dag.py:2420} INFO - Sync 2 DAGs
[2022-08-04 00:04:42,273] {logging_mixin.py:115} INFO - [2022-08-04 00:04:42,272] {dag.py:2968} INFO - Setting next_dagrun for example_external_task_marker_child to None, run_after=None
[2022-08-04 00:04:42,273] {logging_mixin.py:115} INFO - [2022-08-04 00:04:42,273] {dag.py:2968} INFO - Setting next_dagrun for example_external_task_marker_parent to None, run_after=None
[2022-08-04 00:04:42,279] {processor.py:161} INFO - Processing /home/ndx/Innowise tasks/Innowise_task_5/airflow_env/lib/python3.8/site-packages/airflow/example_dags/example_external_task_marker_dag.py took 0.034 seconds
[2022-08-04 00:05:16,524] {processor.py:153} INFO - Started process (PID=45693) to work on /home/ndx/Innowise tasks/Innowise_task_5/airflow_env/lib/python3.8/site-packages/airflow/example_dags/example_external_task_marker_dag.py
[2022-08-04 00:05:16,529] {processor.py:641} INFO - Processing file /home/ndx/Innowise tasks/Innowise_task_5/airflow_env/lib/python3.8/site-packages/airflow/example_dags/example_external_task_marker_dag.py for tasks to queue
[2022-08-04 00:05:16,530] {logging_mixin.py:115} INFO - [2022-08-04 00:05:16,529] {dagbag.py:508} INFO - Filling up the DagBag from /home/ndx/Innowise tasks/Innowise_task_5/airflow_env/lib/python3.8/site-packages/airflow/example_dags/example_external_task_marker_dag.py
[2022-08-04 00:05:16,533] {processor.py:651} INFO - DAG(s) dict_keys(['example_external_task_marker_parent', 'example_external_task_marker_child']) retrieved from /home/ndx/Innowise tasks/Innowise_task_5/airflow_env/lib/python3.8/site-packages/airflow/example_dags/example_external_task_marker_dag.py
[2022-08-04 00:05:16,546] {logging_mixin.py:115} INFO - [2022-08-04 00:05:16,546] {dag.py:2420} INFO - Sync 2 DAGs
[2022-08-04 00:05:16,554] {logging_mixin.py:115} INFO - [2022-08-04 00:05:16,554] {dag.py:2968} INFO - Setting next_dagrun for example_external_task_marker_child to None, run_after=None
[2022-08-04 00:05:16,554] {logging_mixin.py:115} INFO - [2022-08-04 00:05:16,554] {dag.py:2968} INFO - Setting next_dagrun for example_external_task_marker_parent to None, run_after=None
[2022-08-04 00:05:16,564] {processor.py:161} INFO - Processing /home/ndx/Innowise tasks/Innowise_task_5/airflow_env/lib/python3.8/site-packages/airflow/example_dags/example_external_task_marker_dag.py took 0.042 seconds
[2022-08-04 00:05:49,498] {processor.py:153} INFO - Started process (PID=45801) to work on /home/ndx/Innowise tasks/Innowise_task_5/airflow_env/lib/python3.8/site-packages/airflow/example_dags/example_external_task_marker_dag.py
[2022-08-04 00:05:49,503] {processor.py:641} INFO - Processing file /home/ndx/Innowise tasks/Innowise_task_5/airflow_env/lib/python3.8/site-packages/airflow/example_dags/example_external_task_marker_dag.py for tasks to queue
[2022-08-04 00:05:49,503] {logging_mixin.py:115} INFO - [2022-08-04 00:05:49,503] {dagbag.py:508} INFO - Filling up the DagBag from /home/ndx/Innowise tasks/Innowise_task_5/airflow_env/lib/python3.8/site-packages/airflow/example_dags/example_external_task_marker_dag.py
[2022-08-04 00:05:49,506] {processor.py:651} INFO - DAG(s) dict_keys(['example_external_task_marker_parent', 'example_external_task_marker_child']) retrieved from /home/ndx/Innowise tasks/Innowise_task_5/airflow_env/lib/python3.8/site-packages/airflow/example_dags/example_external_task_marker_dag.py
[2022-08-04 00:05:49,521] {logging_mixin.py:115} INFO - [2022-08-04 00:05:49,521] {dag.py:2420} INFO - Sync 2 DAGs
[2022-08-04 00:05:49,529] {logging_mixin.py:115} INFO - [2022-08-04 00:05:49,529] {dag.py:2968} INFO - Setting next_dagrun for example_external_task_marker_child to None, run_after=None
[2022-08-04 00:05:49,530] {logging_mixin.py:115} INFO - [2022-08-04 00:05:49,530] {dag.py:2968} INFO - Setting next_dagrun for example_external_task_marker_parent to None, run_after=None
[2022-08-04 00:05:49,537] {processor.py:161} INFO - Processing /home/ndx/Innowise tasks/Innowise_task_5/airflow_env/lib/python3.8/site-packages/airflow/example_dags/example_external_task_marker_dag.py took 0.041 seconds
[2022-08-04 00:06:24,328] {processor.py:153} INFO - Started process (PID=45902) to work on /home/ndx/Innowise tasks/Innowise_task_5/airflow_env/lib/python3.8/site-packages/airflow/example_dags/example_external_task_marker_dag.py
[2022-08-04 00:06:24,334] {processor.py:641} INFO - Processing file /home/ndx/Innowise tasks/Innowise_task_5/airflow_env/lib/python3.8/site-packages/airflow/example_dags/example_external_task_marker_dag.py for tasks to queue
[2022-08-04 00:06:24,334] {logging_mixin.py:115} INFO - [2022-08-04 00:06:24,334] {dagbag.py:508} INFO - Filling up the DagBag from /home/ndx/Innowise tasks/Innowise_task_5/airflow_env/lib/python3.8/site-packages/airflow/example_dags/example_external_task_marker_dag.py
[2022-08-04 00:06:24,337] {processor.py:651} INFO - DAG(s) dict_keys(['example_external_task_marker_parent', 'example_external_task_marker_child']) retrieved from /home/ndx/Innowise tasks/Innowise_task_5/airflow_env/lib/python3.8/site-packages/airflow/example_dags/example_external_task_marker_dag.py
[2022-08-04 00:06:24,351] {logging_mixin.py:115} INFO - [2022-08-04 00:06:24,351] {dag.py:2420} INFO - Sync 2 DAGs
[2022-08-04 00:06:24,360] {logging_mixin.py:115} INFO - [2022-08-04 00:06:24,360] {dag.py:2968} INFO - Setting next_dagrun for example_external_task_marker_child to None, run_after=None
[2022-08-04 00:06:24,360] {logging_mixin.py:115} INFO - [2022-08-04 00:06:24,360] {dag.py:2968} INFO - Setting next_dagrun for example_external_task_marker_parent to None, run_after=None
[2022-08-04 00:06:24,368] {processor.py:161} INFO - Processing /home/ndx/Innowise tasks/Innowise_task_5/airflow_env/lib/python3.8/site-packages/airflow/example_dags/example_external_task_marker_dag.py took 0.041 seconds
[2022-08-04 00:06:59,009] {processor.py:153} INFO - Started process (PID=45972) to work on /home/ndx/Innowise tasks/Innowise_task_5/airflow_env/lib/python3.8/site-packages/airflow/example_dags/example_external_task_marker_dag.py
[2022-08-04 00:06:59,014] {processor.py:641} INFO - Processing file /home/ndx/Innowise tasks/Innowise_task_5/airflow_env/lib/python3.8/site-packages/airflow/example_dags/example_external_task_marker_dag.py for tasks to queue
[2022-08-04 00:06:59,015] {logging_mixin.py:115} INFO - [2022-08-04 00:06:59,014] {dagbag.py:508} INFO - Filling up the DagBag from /home/ndx/Innowise tasks/Innowise_task_5/airflow_env/lib/python3.8/site-packages/airflow/example_dags/example_external_task_marker_dag.py
[2022-08-04 00:06:59,018] {processor.py:651} INFO - DAG(s) dict_keys(['example_external_task_marker_parent', 'example_external_task_marker_child']) retrieved from /home/ndx/Innowise tasks/Innowise_task_5/airflow_env/lib/python3.8/site-packages/airflow/example_dags/example_external_task_marker_dag.py
[2022-08-04 00:06:59,033] {logging_mixin.py:115} INFO - [2022-08-04 00:06:59,033] {dag.py:2420} INFO - Sync 2 DAGs
[2022-08-04 00:06:59,043] {logging_mixin.py:115} INFO - [2022-08-04 00:06:59,043] {dag.py:2968} INFO - Setting next_dagrun for example_external_task_marker_child to None, run_after=None
[2022-08-04 00:06:59,043] {logging_mixin.py:115} INFO - [2022-08-04 00:06:59,043] {dag.py:2968} INFO - Setting next_dagrun for example_external_task_marker_parent to None, run_after=None
[2022-08-04 00:06:59,053] {processor.py:161} INFO - Processing /home/ndx/Innowise tasks/Innowise_task_5/airflow_env/lib/python3.8/site-packages/airflow/example_dags/example_external_task_marker_dag.py took 0.046 seconds
[2022-08-04 00:07:32,194] {processor.py:153} INFO - Started process (PID=46060) to work on /home/ndx/Innowise tasks/Innowise_task_5/airflow_env/lib/python3.8/site-packages/airflow/example_dags/example_external_task_marker_dag.py
[2022-08-04 00:07:32,194] {processor.py:641} INFO - Processing file /home/ndx/Innowise tasks/Innowise_task_5/airflow_env/lib/python3.8/site-packages/airflow/example_dags/example_external_task_marker_dag.py for tasks to queue
[2022-08-04 00:07:32,195] {logging_mixin.py:115} INFO - [2022-08-04 00:07:32,194] {dagbag.py:508} INFO - Filling up the DagBag from /home/ndx/Innowise tasks/Innowise_task_5/airflow_env/lib/python3.8/site-packages/airflow/example_dags/example_external_task_marker_dag.py
[2022-08-04 00:07:32,197] {processor.py:651} INFO - DAG(s) dict_keys(['example_external_task_marker_parent', 'example_external_task_marker_child']) retrieved from /home/ndx/Innowise tasks/Innowise_task_5/airflow_env/lib/python3.8/site-packages/airflow/example_dags/example_external_task_marker_dag.py
[2022-08-04 00:07:32,211] {logging_mixin.py:115} INFO - [2022-08-04 00:07:32,211] {dag.py:2420} INFO - Sync 2 DAGs
[2022-08-04 00:07:32,220] {logging_mixin.py:115} INFO - [2022-08-04 00:07:32,220] {dag.py:2968} INFO - Setting next_dagrun for example_external_task_marker_child to None, run_after=None
[2022-08-04 00:07:32,220] {logging_mixin.py:115} INFO - [2022-08-04 00:07:32,220] {dag.py:2968} INFO - Setting next_dagrun for example_external_task_marker_parent to None, run_after=None
[2022-08-04 00:07:32,232] {processor.py:161} INFO - Processing /home/ndx/Innowise tasks/Innowise_task_5/airflow_env/lib/python3.8/site-packages/airflow/example_dags/example_external_task_marker_dag.py took 0.040 seconds
[2022-08-04 00:08:05,267] {processor.py:153} INFO - Started process (PID=46125) to work on /home/ndx/Innowise tasks/Innowise_task_5/airflow_env/lib/python3.8/site-packages/airflow/example_dags/example_external_task_marker_dag.py
[2022-08-04 00:08:05,272] {processor.py:641} INFO - Processing file /home/ndx/Innowise tasks/Innowise_task_5/airflow_env/lib/python3.8/site-packages/airflow/example_dags/example_external_task_marker_dag.py for tasks to queue
[2022-08-04 00:08:05,272] {logging_mixin.py:115} INFO - [2022-08-04 00:08:05,272] {dagbag.py:508} INFO - Filling up the DagBag from /home/ndx/Innowise tasks/Innowise_task_5/airflow_env/lib/python3.8/site-packages/airflow/example_dags/example_external_task_marker_dag.py
[2022-08-04 00:08:05,275] {processor.py:651} INFO - DAG(s) dict_keys(['example_external_task_marker_parent', 'example_external_task_marker_child']) retrieved from /home/ndx/Innowise tasks/Innowise_task_5/airflow_env/lib/python3.8/site-packages/airflow/example_dags/example_external_task_marker_dag.py
[2022-08-04 00:08:05,292] {logging_mixin.py:115} INFO - [2022-08-04 00:08:05,292] {dag.py:2420} INFO - Sync 2 DAGs
[2022-08-04 00:08:05,302] {logging_mixin.py:115} INFO - [2022-08-04 00:08:05,302] {dag.py:2968} INFO - Setting next_dagrun for example_external_task_marker_child to None, run_after=None
[2022-08-04 00:08:05,303] {logging_mixin.py:115} INFO - [2022-08-04 00:08:05,303] {dag.py:2968} INFO - Setting next_dagrun for example_external_task_marker_parent to None, run_after=None
[2022-08-04 00:08:05,311] {processor.py:161} INFO - Processing /home/ndx/Innowise tasks/Innowise_task_5/airflow_env/lib/python3.8/site-packages/airflow/example_dags/example_external_task_marker_dag.py took 0.046 seconds
[2022-08-04 00:08:39,187] {processor.py:153} INFO - Started process (PID=46195) to work on /home/ndx/Innowise tasks/Innowise_task_5/airflow_env/lib/python3.8/site-packages/airflow/example_dags/example_external_task_marker_dag.py
[2022-08-04 00:08:39,192] {processor.py:641} INFO - Processing file /home/ndx/Innowise tasks/Innowise_task_5/airflow_env/lib/python3.8/site-packages/airflow/example_dags/example_external_task_marker_dag.py for tasks to queue
[2022-08-04 00:08:39,193] {logging_mixin.py:115} INFO - [2022-08-04 00:08:39,193] {dagbag.py:508} INFO - Filling up the DagBag from /home/ndx/Innowise tasks/Innowise_task_5/airflow_env/lib/python3.8/site-packages/airflow/example_dags/example_external_task_marker_dag.py
[2022-08-04 00:08:39,196] {processor.py:651} INFO - DAG(s) dict_keys(['example_external_task_marker_parent', 'example_external_task_marker_child']) retrieved from /home/ndx/Innowise tasks/Innowise_task_5/airflow_env/lib/python3.8/site-packages/airflow/example_dags/example_external_task_marker_dag.py
[2022-08-04 00:08:39,210] {logging_mixin.py:115} INFO - [2022-08-04 00:08:39,210] {dag.py:2420} INFO - Sync 2 DAGs
[2022-08-04 00:08:39,219] {logging_mixin.py:115} INFO - [2022-08-04 00:08:39,219] {dag.py:2968} INFO - Setting next_dagrun for example_external_task_marker_child to None, run_after=None
[2022-08-04 00:08:39,219] {logging_mixin.py:115} INFO - [2022-08-04 00:08:39,219] {dag.py:2968} INFO - Setting next_dagrun for example_external_task_marker_parent to None, run_after=None
[2022-08-04 00:08:39,227] {processor.py:161} INFO - Processing /home/ndx/Innowise tasks/Innowise_task_5/airflow_env/lib/python3.8/site-packages/airflow/example_dags/example_external_task_marker_dag.py took 0.042 seconds
[2022-08-04 00:09:13,392] {processor.py:153} INFO - Started process (PID=46306) to work on /home/ndx/Innowise tasks/Innowise_task_5/airflow_env/lib/python3.8/site-packages/airflow/example_dags/example_external_task_marker_dag.py
[2022-08-04 00:09:13,398] {processor.py:641} INFO - Processing file /home/ndx/Innowise tasks/Innowise_task_5/airflow_env/lib/python3.8/site-packages/airflow/example_dags/example_external_task_marker_dag.py for tasks to queue
[2022-08-04 00:09:13,398] {logging_mixin.py:115} INFO - [2022-08-04 00:09:13,398] {dagbag.py:508} INFO - Filling up the DagBag from /home/ndx/Innowise tasks/Innowise_task_5/airflow_env/lib/python3.8/site-packages/airflow/example_dags/example_external_task_marker_dag.py
[2022-08-04 00:09:13,402] {processor.py:651} INFO - DAG(s) dict_keys(['example_external_task_marker_parent', 'example_external_task_marker_child']) retrieved from /home/ndx/Innowise tasks/Innowise_task_5/airflow_env/lib/python3.8/site-packages/airflow/example_dags/example_external_task_marker_dag.py
[2022-08-04 00:09:13,416] {logging_mixin.py:115} INFO - [2022-08-04 00:09:13,416] {dag.py:2420} INFO - Sync 2 DAGs
[2022-08-04 00:09:13,425] {logging_mixin.py:115} INFO - [2022-08-04 00:09:13,425] {dag.py:2968} INFO - Setting next_dagrun for example_external_task_marker_child to None, run_after=None
[2022-08-04 00:09:13,425] {logging_mixin.py:115} INFO - [2022-08-04 00:09:13,425] {dag.py:2968} INFO - Setting next_dagrun for example_external_task_marker_parent to None, run_after=None
[2022-08-04 00:09:13,433] {processor.py:161} INFO - Processing /home/ndx/Innowise tasks/Innowise_task_5/airflow_env/lib/python3.8/site-packages/airflow/example_dags/example_external_task_marker_dag.py took 0.042 seconds
[2022-08-04 00:09:51,396] {processor.py:153} INFO - Started process (PID=46397) to work on /home/ndx/Innowise tasks/Innowise_task_5/airflow_env/lib/python3.8/site-packages/airflow/example_dags/example_external_task_marker_dag.py
[2022-08-04 00:09:51,402] {processor.py:641} INFO - Processing file /home/ndx/Innowise tasks/Innowise_task_5/airflow_env/lib/python3.8/site-packages/airflow/example_dags/example_external_task_marker_dag.py for tasks to queue
[2022-08-04 00:09:51,402] {logging_mixin.py:115} INFO - [2022-08-04 00:09:51,402] {dagbag.py:508} INFO - Filling up the DagBag from /home/ndx/Innowise tasks/Innowise_task_5/airflow_env/lib/python3.8/site-packages/airflow/example_dags/example_external_task_marker_dag.py
[2022-08-04 00:09:51,405] {processor.py:651} INFO - DAG(s) dict_keys(['example_external_task_marker_parent', 'example_external_task_marker_child']) retrieved from /home/ndx/Innowise tasks/Innowise_task_5/airflow_env/lib/python3.8/site-packages/airflow/example_dags/example_external_task_marker_dag.py
[2022-08-04 00:09:51,419] {logging_mixin.py:115} INFO - [2022-08-04 00:09:51,419] {dag.py:2420} INFO - Sync 2 DAGs
[2022-08-04 00:09:51,428] {logging_mixin.py:115} INFO - [2022-08-04 00:09:51,428] {dag.py:2968} INFO - Setting next_dagrun for example_external_task_marker_child to None, run_after=None
[2022-08-04 00:09:51,428] {logging_mixin.py:115} INFO - [2022-08-04 00:09:51,428] {dag.py:2968} INFO - Setting next_dagrun for example_external_task_marker_parent to None, run_after=None
[2022-08-04 00:09:51,436] {processor.py:161} INFO - Processing /home/ndx/Innowise tasks/Innowise_task_5/airflow_env/lib/python3.8/site-packages/airflow/example_dags/example_external_task_marker_dag.py took 0.041 seconds
[2022-08-04 00:10:23,669] {processor.py:153} INFO - Started process (PID=46496) to work on /home/ndx/Innowise tasks/Innowise_task_5/airflow_env/lib/python3.8/site-packages/airflow/example_dags/example_external_task_marker_dag.py
[2022-08-04 00:10:23,674] {processor.py:641} INFO - Processing file /home/ndx/Innowise tasks/Innowise_task_5/airflow_env/lib/python3.8/site-packages/airflow/example_dags/example_external_task_marker_dag.py for tasks to queue
[2022-08-04 00:10:23,675] {logging_mixin.py:115} INFO - [2022-08-04 00:10:23,675] {dagbag.py:508} INFO - Filling up the DagBag from /home/ndx/Innowise tasks/Innowise_task_5/airflow_env/lib/python3.8/site-packages/airflow/example_dags/example_external_task_marker_dag.py
[2022-08-04 00:10:23,677] {processor.py:651} INFO - DAG(s) dict_keys(['example_external_task_marker_parent', 'example_external_task_marker_child']) retrieved from /home/ndx/Innowise tasks/Innowise_task_5/airflow_env/lib/python3.8/site-packages/airflow/example_dags/example_external_task_marker_dag.py
[2022-08-04 00:10:23,693] {logging_mixin.py:115} INFO - [2022-08-04 00:10:23,693] {dag.py:2420} INFO - Sync 2 DAGs
[2022-08-04 00:10:23,702] {logging_mixin.py:115} INFO - [2022-08-04 00:10:23,702] {dag.py:2968} INFO - Setting next_dagrun for example_external_task_marker_child to None, run_after=None
[2022-08-04 00:10:23,702] {logging_mixin.py:115} INFO - [2022-08-04 00:10:23,702] {dag.py:2968} INFO - Setting next_dagrun for example_external_task_marker_parent to None, run_after=None
[2022-08-04 00:10:23,712] {processor.py:161} INFO - Processing /home/ndx/Innowise tasks/Innowise_task_5/airflow_env/lib/python3.8/site-packages/airflow/example_dags/example_external_task_marker_dag.py took 0.045 seconds
[2022-08-04 00:10:58,491] {processor.py:153} INFO - Started process (PID=46574) to work on /home/ndx/Innowise tasks/Innowise_task_5/airflow_env/lib/python3.8/site-packages/airflow/example_dags/example_external_task_marker_dag.py
[2022-08-04 00:10:58,496] {processor.py:641} INFO - Processing file /home/ndx/Innowise tasks/Innowise_task_5/airflow_env/lib/python3.8/site-packages/airflow/example_dags/example_external_task_marker_dag.py for tasks to queue
[2022-08-04 00:10:58,496] {logging_mixin.py:115} INFO - [2022-08-04 00:10:58,496] {dagbag.py:508} INFO - Filling up the DagBag from /home/ndx/Innowise tasks/Innowise_task_5/airflow_env/lib/python3.8/site-packages/airflow/example_dags/example_external_task_marker_dag.py
[2022-08-04 00:10:58,499] {processor.py:651} INFO - DAG(s) dict_keys(['example_external_task_marker_parent', 'example_external_task_marker_child']) retrieved from /home/ndx/Innowise tasks/Innowise_task_5/airflow_env/lib/python3.8/site-packages/airflow/example_dags/example_external_task_marker_dag.py
[2022-08-04 00:10:58,512] {logging_mixin.py:115} INFO - [2022-08-04 00:10:58,512] {dag.py:2420} INFO - Sync 2 DAGs
[2022-08-04 00:10:58,520] {logging_mixin.py:115} INFO - [2022-08-04 00:10:58,520] {dag.py:2968} INFO - Setting next_dagrun for example_external_task_marker_child to None, run_after=None
[2022-08-04 00:10:58,521] {logging_mixin.py:115} INFO - [2022-08-04 00:10:58,521] {dag.py:2968} INFO - Setting next_dagrun for example_external_task_marker_parent to None, run_after=None
[2022-08-04 00:10:58,528] {processor.py:161} INFO - Processing /home/ndx/Innowise tasks/Innowise_task_5/airflow_env/lib/python3.8/site-packages/airflow/example_dags/example_external_task_marker_dag.py took 0.038 seconds
[2022-08-04 00:11:31,607] {processor.py:153} INFO - Started process (PID=46633) to work on /home/ndx/Innowise tasks/Innowise_task_5/airflow_env/lib/python3.8/site-packages/airflow/example_dags/example_external_task_marker_dag.py
[2022-08-04 00:11:31,612] {processor.py:641} INFO - Processing file /home/ndx/Innowise tasks/Innowise_task_5/airflow_env/lib/python3.8/site-packages/airflow/example_dags/example_external_task_marker_dag.py for tasks to queue
[2022-08-04 00:11:31,613] {logging_mixin.py:115} INFO - [2022-08-04 00:11:31,613] {dagbag.py:508} INFO - Filling up the DagBag from /home/ndx/Innowise tasks/Innowise_task_5/airflow_env/lib/python3.8/site-packages/airflow/example_dags/example_external_task_marker_dag.py
[2022-08-04 00:11:31,616] {processor.py:651} INFO - DAG(s) dict_keys(['example_external_task_marker_parent', 'example_external_task_marker_child']) retrieved from /home/ndx/Innowise tasks/Innowise_task_5/airflow_env/lib/python3.8/site-packages/airflow/example_dags/example_external_task_marker_dag.py
[2022-08-04 00:11:31,631] {logging_mixin.py:115} INFO - [2022-08-04 00:11:31,631] {dag.py:2420} INFO - Sync 2 DAGs
[2022-08-04 00:11:31,640] {logging_mixin.py:115} INFO - [2022-08-04 00:11:31,640] {dag.py:2968} INFO - Setting next_dagrun for example_external_task_marker_child to None, run_after=None
[2022-08-04 00:11:31,640] {logging_mixin.py:115} INFO - [2022-08-04 00:11:31,640] {dag.py:2968} INFO - Setting next_dagrun for example_external_task_marker_parent to None, run_after=None
[2022-08-04 00:11:31,649] {processor.py:161} INFO - Processing /home/ndx/Innowise tasks/Innowise_task_5/airflow_env/lib/python3.8/site-packages/airflow/example_dags/example_external_task_marker_dag.py took 0.043 seconds
[2022-08-04 00:12:06,459] {processor.py:153} INFO - Started process (PID=46694) to work on /home/ndx/Innowise tasks/Innowise_task_5/airflow_env/lib/python3.8/site-packages/airflow/example_dags/example_external_task_marker_dag.py
[2022-08-04 00:12:06,465] {processor.py:641} INFO - Processing file /home/ndx/Innowise tasks/Innowise_task_5/airflow_env/lib/python3.8/site-packages/airflow/example_dags/example_external_task_marker_dag.py for tasks to queue
[2022-08-04 00:12:06,465] {logging_mixin.py:115} INFO - [2022-08-04 00:12:06,465] {dagbag.py:508} INFO - Filling up the DagBag from /home/ndx/Innowise tasks/Innowise_task_5/airflow_env/lib/python3.8/site-packages/airflow/example_dags/example_external_task_marker_dag.py
[2022-08-04 00:12:06,468] {processor.py:651} INFO - DAG(s) dict_keys(['example_external_task_marker_parent', 'example_external_task_marker_child']) retrieved from /home/ndx/Innowise tasks/Innowise_task_5/airflow_env/lib/python3.8/site-packages/airflow/example_dags/example_external_task_marker_dag.py
[2022-08-04 00:12:06,482] {logging_mixin.py:115} INFO - [2022-08-04 00:12:06,482] {dag.py:2420} INFO - Sync 2 DAGs
[2022-08-04 00:12:06,491] {logging_mixin.py:115} INFO - [2022-08-04 00:12:06,490] {dag.py:2968} INFO - Setting next_dagrun for example_external_task_marker_child to None, run_after=None
[2022-08-04 00:12:06,491] {logging_mixin.py:115} INFO - [2022-08-04 00:12:06,491] {dag.py:2968} INFO - Setting next_dagrun for example_external_task_marker_parent to None, run_after=None
[2022-08-04 00:12:06,499] {processor.py:161} INFO - Processing /home/ndx/Innowise tasks/Innowise_task_5/airflow_env/lib/python3.8/site-packages/airflow/example_dags/example_external_task_marker_dag.py took 0.041 seconds
[2022-08-04 00:12:40,664] {processor.py:153} INFO - Started process (PID=46759) to work on /home/ndx/Innowise tasks/Innowise_task_5/airflow_env/lib/python3.8/site-packages/airflow/example_dags/example_external_task_marker_dag.py
[2022-08-04 00:12:40,670] {processor.py:641} INFO - Processing file /home/ndx/Innowise tasks/Innowise_task_5/airflow_env/lib/python3.8/site-packages/airflow/example_dags/example_external_task_marker_dag.py for tasks to queue
[2022-08-04 00:12:40,670] {logging_mixin.py:115} INFO - [2022-08-04 00:12:40,670] {dagbag.py:508} INFO - Filling up the DagBag from /home/ndx/Innowise tasks/Innowise_task_5/airflow_env/lib/python3.8/site-packages/airflow/example_dags/example_external_task_marker_dag.py
[2022-08-04 00:12:40,673] {processor.py:651} INFO - DAG(s) dict_keys(['example_external_task_marker_parent', 'example_external_task_marker_child']) retrieved from /home/ndx/Innowise tasks/Innowise_task_5/airflow_env/lib/python3.8/site-packages/airflow/example_dags/example_external_task_marker_dag.py
[2022-08-04 00:12:40,689] {logging_mixin.py:115} INFO - [2022-08-04 00:12:40,689] {dag.py:2420} INFO - Sync 2 DAGs
[2022-08-04 00:12:40,699] {logging_mixin.py:115} INFO - [2022-08-04 00:12:40,699] {dag.py:2968} INFO - Setting next_dagrun for example_external_task_marker_child to None, run_after=None
[2022-08-04 00:12:40,699] {logging_mixin.py:115} INFO - [2022-08-04 00:12:40,699] {dag.py:2968} INFO - Setting next_dagrun for example_external_task_marker_parent to None, run_after=None
[2022-08-04 00:12:40,708] {processor.py:161} INFO - Processing /home/ndx/Innowise tasks/Innowise_task_5/airflow_env/lib/python3.8/site-packages/airflow/example_dags/example_external_task_marker_dag.py took 0.046 seconds
[2022-08-04 00:13:14,111] {processor.py:153} INFO - Started process (PID=46832) to work on /home/ndx/Innowise tasks/Innowise_task_5/airflow_env/lib/python3.8/site-packages/airflow/example_dags/example_external_task_marker_dag.py
[2022-08-04 00:13:14,112] {processor.py:641} INFO - Processing file /home/ndx/Innowise tasks/Innowise_task_5/airflow_env/lib/python3.8/site-packages/airflow/example_dags/example_external_task_marker_dag.py for tasks to queue
[2022-08-04 00:13:14,112] {logging_mixin.py:115} INFO - [2022-08-04 00:13:14,112] {dagbag.py:508} INFO - Filling up the DagBag from /home/ndx/Innowise tasks/Innowise_task_5/airflow_env/lib/python3.8/site-packages/airflow/example_dags/example_external_task_marker_dag.py
[2022-08-04 00:13:14,114] {processor.py:651} INFO - DAG(s) dict_keys(['example_external_task_marker_parent', 'example_external_task_marker_child']) retrieved from /home/ndx/Innowise tasks/Innowise_task_5/airflow_env/lib/python3.8/site-packages/airflow/example_dags/example_external_task_marker_dag.py
[2022-08-04 00:13:14,131] {logging_mixin.py:115} INFO - [2022-08-04 00:13:14,131] {dag.py:2420} INFO - Sync 2 DAGs
[2022-08-04 00:13:14,142] {logging_mixin.py:115} INFO - [2022-08-04 00:13:14,142] {dag.py:2968} INFO - Setting next_dagrun for example_external_task_marker_child to None, run_after=None
[2022-08-04 00:13:14,142] {logging_mixin.py:115} INFO - [2022-08-04 00:13:14,142] {dag.py:2968} INFO - Setting next_dagrun for example_external_task_marker_parent to None, run_after=None
[2022-08-04 00:13:14,151] {processor.py:161} INFO - Processing /home/ndx/Innowise tasks/Innowise_task_5/airflow_env/lib/python3.8/site-packages/airflow/example_dags/example_external_task_marker_dag.py took 0.041 seconds
[2022-08-04 00:13:48,074] {processor.py:153} INFO - Started process (PID=46929) to work on /home/ndx/Innowise tasks/Innowise_task_5/airflow_env/lib/python3.8/site-packages/airflow/example_dags/example_external_task_marker_dag.py
[2022-08-04 00:13:48,074] {processor.py:641} INFO - Processing file /home/ndx/Innowise tasks/Innowise_task_5/airflow_env/lib/python3.8/site-packages/airflow/example_dags/example_external_task_marker_dag.py for tasks to queue
[2022-08-04 00:13:48,074] {logging_mixin.py:115} INFO - [2022-08-04 00:13:48,074] {dagbag.py:508} INFO - Filling up the DagBag from /home/ndx/Innowise tasks/Innowise_task_5/airflow_env/lib/python3.8/site-packages/airflow/example_dags/example_external_task_marker_dag.py
[2022-08-04 00:13:48,077] {processor.py:651} INFO - DAG(s) dict_keys(['example_external_task_marker_parent', 'example_external_task_marker_child']) retrieved from /home/ndx/Innowise tasks/Innowise_task_5/airflow_env/lib/python3.8/site-packages/airflow/example_dags/example_external_task_marker_dag.py
[2022-08-04 00:13:48,091] {logging_mixin.py:115} INFO - [2022-08-04 00:13:48,091] {dag.py:2420} INFO - Sync 2 DAGs
[2022-08-04 00:13:48,100] {logging_mixin.py:115} INFO - [2022-08-04 00:13:48,100] {dag.py:2968} INFO - Setting next_dagrun for example_external_task_marker_child to None, run_after=None
[2022-08-04 00:13:48,100] {logging_mixin.py:115} INFO - [2022-08-04 00:13:48,100] {dag.py:2968} INFO - Setting next_dagrun for example_external_task_marker_parent to None, run_after=None
[2022-08-04 00:13:48,108] {processor.py:161} INFO - Processing /home/ndx/Innowise tasks/Innowise_task_5/airflow_env/lib/python3.8/site-packages/airflow/example_dags/example_external_task_marker_dag.py took 0.035 seconds
[2022-08-04 00:14:22,301] {processor.py:153} INFO - Started process (PID=47042) to work on /home/ndx/Innowise tasks/Innowise_task_5/airflow_env/lib/python3.8/site-packages/airflow/example_dags/example_external_task_marker_dag.py
[2022-08-04 00:14:22,307] {processor.py:641} INFO - Processing file /home/ndx/Innowise tasks/Innowise_task_5/airflow_env/lib/python3.8/site-packages/airflow/example_dags/example_external_task_marker_dag.py for tasks to queue
[2022-08-04 00:14:22,307] {logging_mixin.py:115} INFO - [2022-08-04 00:14:22,307] {dagbag.py:508} INFO - Filling up the DagBag from /home/ndx/Innowise tasks/Innowise_task_5/airflow_env/lib/python3.8/site-packages/airflow/example_dags/example_external_task_marker_dag.py
[2022-08-04 00:14:22,310] {processor.py:651} INFO - DAG(s) dict_keys(['example_external_task_marker_parent', 'example_external_task_marker_child']) retrieved from /home/ndx/Innowise tasks/Innowise_task_5/airflow_env/lib/python3.8/site-packages/airflow/example_dags/example_external_task_marker_dag.py
[2022-08-04 00:14:22,324] {logging_mixin.py:115} INFO - [2022-08-04 00:14:22,324] {dag.py:2420} INFO - Sync 2 DAGs
[2022-08-04 00:14:22,333] {logging_mixin.py:115} INFO - [2022-08-04 00:14:22,333] {dag.py:2968} INFO - Setting next_dagrun for example_external_task_marker_child to None, run_after=None
[2022-08-04 00:14:22,333] {logging_mixin.py:115} INFO - [2022-08-04 00:14:22,333] {dag.py:2968} INFO - Setting next_dagrun for example_external_task_marker_parent to None, run_after=None
[2022-08-04 00:14:22,342] {processor.py:161} INFO - Processing /home/ndx/Innowise tasks/Innowise_task_5/airflow_env/lib/python3.8/site-packages/airflow/example_dags/example_external_task_marker_dag.py took 0.042 seconds
[2022-08-04 00:14:56,560] {processor.py:153} INFO - Started process (PID=47128) to work on /home/ndx/Innowise tasks/Innowise_task_5/airflow_env/lib/python3.8/site-packages/airflow/example_dags/example_external_task_marker_dag.py
[2022-08-04 00:14:56,566] {processor.py:641} INFO - Processing file /home/ndx/Innowise tasks/Innowise_task_5/airflow_env/lib/python3.8/site-packages/airflow/example_dags/example_external_task_marker_dag.py for tasks to queue
[2022-08-04 00:14:56,566] {logging_mixin.py:115} INFO - [2022-08-04 00:14:56,566] {dagbag.py:508} INFO - Filling up the DagBag from /home/ndx/Innowise tasks/Innowise_task_5/airflow_env/lib/python3.8/site-packages/airflow/example_dags/example_external_task_marker_dag.py
[2022-08-04 00:14:56,569] {processor.py:651} INFO - DAG(s) dict_keys(['example_external_task_marker_parent', 'example_external_task_marker_child']) retrieved from /home/ndx/Innowise tasks/Innowise_task_5/airflow_env/lib/python3.8/site-packages/airflow/example_dags/example_external_task_marker_dag.py
[2022-08-04 00:14:56,586] {logging_mixin.py:115} INFO - [2022-08-04 00:14:56,585] {dag.py:2420} INFO - Sync 2 DAGs
[2022-08-04 00:14:56,595] {logging_mixin.py:115} INFO - [2022-08-04 00:14:56,595] {dag.py:2968} INFO - Setting next_dagrun for example_external_task_marker_child to None, run_after=None
[2022-08-04 00:14:56,595] {logging_mixin.py:115} INFO - [2022-08-04 00:14:56,595] {dag.py:2968} INFO - Setting next_dagrun for example_external_task_marker_parent to None, run_after=None
[2022-08-04 00:14:56,604] {processor.py:161} INFO - Processing /home/ndx/Innowise tasks/Innowise_task_5/airflow_env/lib/python3.8/site-packages/airflow/example_dags/example_external_task_marker_dag.py took 0.045 seconds
[2022-08-04 00:15:33,911] {processor.py:153} INFO - Started process (PID=47233) to work on /home/ndx/Innowise tasks/Innowise_task_5/airflow_env/lib/python3.8/site-packages/airflow/example_dags/example_external_task_marker_dag.py
[2022-08-04 00:15:33,917] {processor.py:641} INFO - Processing file /home/ndx/Innowise tasks/Innowise_task_5/airflow_env/lib/python3.8/site-packages/airflow/example_dags/example_external_task_marker_dag.py for tasks to queue
[2022-08-04 00:15:33,917] {logging_mixin.py:115} INFO - [2022-08-04 00:15:33,917] {dagbag.py:508} INFO - Filling up the DagBag from /home/ndx/Innowise tasks/Innowise_task_5/airflow_env/lib/python3.8/site-packages/airflow/example_dags/example_external_task_marker_dag.py
[2022-08-04 00:15:33,920] {processor.py:651} INFO - DAG(s) dict_keys(['example_external_task_marker_parent', 'example_external_task_marker_child']) retrieved from /home/ndx/Innowise tasks/Innowise_task_5/airflow_env/lib/python3.8/site-packages/airflow/example_dags/example_external_task_marker_dag.py
[2022-08-04 00:15:33,934] {logging_mixin.py:115} INFO - [2022-08-04 00:15:33,934] {dag.py:2420} INFO - Sync 2 DAGs
[2022-08-04 00:15:33,944] {logging_mixin.py:115} INFO - [2022-08-04 00:15:33,944] {dag.py:2968} INFO - Setting next_dagrun for example_external_task_marker_child to None, run_after=None
[2022-08-04 00:15:33,944] {logging_mixin.py:115} INFO - [2022-08-04 00:15:33,944] {dag.py:2968} INFO - Setting next_dagrun for example_external_task_marker_parent to None, run_after=None
[2022-08-04 00:15:33,950] {processor.py:161} INFO - Processing /home/ndx/Innowise tasks/Innowise_task_5/airflow_env/lib/python3.8/site-packages/airflow/example_dags/example_external_task_marker_dag.py took 0.041 seconds
[2022-08-04 00:16:08,650] {processor.py:153} INFO - Started process (PID=47273) to work on /home/ndx/Innowise tasks/Innowise_task_5/airflow_env/lib/python3.8/site-packages/airflow/example_dags/example_external_task_marker_dag.py
[2022-08-04 00:16:08,655] {processor.py:641} INFO - Processing file /home/ndx/Innowise tasks/Innowise_task_5/airflow_env/lib/python3.8/site-packages/airflow/example_dags/example_external_task_marker_dag.py for tasks to queue
[2022-08-04 00:16:08,656] {logging_mixin.py:115} INFO - [2022-08-04 00:16:08,656] {dagbag.py:508} INFO - Filling up the DagBag from /home/ndx/Innowise tasks/Innowise_task_5/airflow_env/lib/python3.8/site-packages/airflow/example_dags/example_external_task_marker_dag.py
[2022-08-04 00:16:08,658] {processor.py:651} INFO - DAG(s) dict_keys(['example_external_task_marker_parent', 'example_external_task_marker_child']) retrieved from /home/ndx/Innowise tasks/Innowise_task_5/airflow_env/lib/python3.8/site-packages/airflow/example_dags/example_external_task_marker_dag.py
[2022-08-04 00:16:08,673] {logging_mixin.py:115} INFO - [2022-08-04 00:16:08,673] {dag.py:2420} INFO - Sync 2 DAGs
[2022-08-04 00:16:08,683] {logging_mixin.py:115} INFO - [2022-08-04 00:16:08,683] {dag.py:2968} INFO - Setting next_dagrun for example_external_task_marker_child to None, run_after=None
[2022-08-04 00:16:08,683] {logging_mixin.py:115} INFO - [2022-08-04 00:16:08,683] {dag.py:2968} INFO - Setting next_dagrun for example_external_task_marker_parent to None, run_after=None
[2022-08-04 00:16:08,689] {processor.py:161} INFO - Processing /home/ndx/Innowise tasks/Innowise_task_5/airflow_env/lib/python3.8/site-packages/airflow/example_dags/example_external_task_marker_dag.py took 0.041 seconds
[2022-08-04 00:16:41,772] {processor.py:153} INFO - Started process (PID=47369) to work on /home/ndx/Innowise tasks/Innowise_task_5/airflow_env/lib/python3.8/site-packages/airflow/example_dags/example_external_task_marker_dag.py
[2022-08-04 00:16:41,778] {processor.py:641} INFO - Processing file /home/ndx/Innowise tasks/Innowise_task_5/airflow_env/lib/python3.8/site-packages/airflow/example_dags/example_external_task_marker_dag.py for tasks to queue
[2022-08-04 00:16:41,778] {logging_mixin.py:115} INFO - [2022-08-04 00:16:41,778] {dagbag.py:508} INFO - Filling up the DagBag from /home/ndx/Innowise tasks/Innowise_task_5/airflow_env/lib/python3.8/site-packages/airflow/example_dags/example_external_task_marker_dag.py
[2022-08-04 00:16:41,781] {processor.py:651} INFO - DAG(s) dict_keys(['example_external_task_marker_parent', 'example_external_task_marker_child']) retrieved from /home/ndx/Innowise tasks/Innowise_task_5/airflow_env/lib/python3.8/site-packages/airflow/example_dags/example_external_task_marker_dag.py
[2022-08-04 00:16:41,795] {logging_mixin.py:115} INFO - [2022-08-04 00:16:41,795] {dag.py:2420} INFO - Sync 2 DAGs
[2022-08-04 00:16:41,805] {logging_mixin.py:115} INFO - [2022-08-04 00:16:41,805] {dag.py:2968} INFO - Setting next_dagrun for example_external_task_marker_child to None, run_after=None
[2022-08-04 00:16:41,805] {logging_mixin.py:115} INFO - [2022-08-04 00:16:41,805] {dag.py:2968} INFO - Setting next_dagrun for example_external_task_marker_parent to None, run_after=None
[2022-08-04 00:16:41,811] {processor.py:161} INFO - Processing /home/ndx/Innowise tasks/Innowise_task_5/airflow_env/lib/python3.8/site-packages/airflow/example_dags/example_external_task_marker_dag.py took 0.041 seconds
[2022-08-04 00:17:17,378] {processor.py:153} INFO - Started process (PID=47460) to work on /home/ndx/Innowise tasks/Innowise_task_5/airflow_env/lib/python3.8/site-packages/airflow/example_dags/example_external_task_marker_dag.py
[2022-08-04 00:17:17,384] {processor.py:641} INFO - Processing file /home/ndx/Innowise tasks/Innowise_task_5/airflow_env/lib/python3.8/site-packages/airflow/example_dags/example_external_task_marker_dag.py for tasks to queue
[2022-08-04 00:17:17,384] {logging_mixin.py:115} INFO - [2022-08-04 00:17:17,384] {dagbag.py:508} INFO - Filling up the DagBag from /home/ndx/Innowise tasks/Innowise_task_5/airflow_env/lib/python3.8/site-packages/airflow/example_dags/example_external_task_marker_dag.py
[2022-08-04 00:17:17,387] {processor.py:651} INFO - DAG(s) dict_keys(['example_external_task_marker_parent', 'example_external_task_marker_child']) retrieved from /home/ndx/Innowise tasks/Innowise_task_5/airflow_env/lib/python3.8/site-packages/airflow/example_dags/example_external_task_marker_dag.py
[2022-08-04 00:17:17,401] {logging_mixin.py:115} INFO - [2022-08-04 00:17:17,401] {dag.py:2420} INFO - Sync 2 DAGs
[2022-08-04 00:17:17,412] {logging_mixin.py:115} INFO - [2022-08-04 00:17:17,412] {dag.py:2968} INFO - Setting next_dagrun for example_external_task_marker_child to None, run_after=None
[2022-08-04 00:17:17,412] {logging_mixin.py:115} INFO - [2022-08-04 00:17:17,412] {dag.py:2968} INFO - Setting next_dagrun for example_external_task_marker_parent to None, run_after=None
[2022-08-04 00:17:17,419] {processor.py:161} INFO - Processing /home/ndx/Innowise tasks/Innowise_task_5/airflow_env/lib/python3.8/site-packages/airflow/example_dags/example_external_task_marker_dag.py took 0.042 seconds
[2022-08-04 00:17:57,517] {processor.py:153} INFO - Started process (PID=47558) to work on /home/ndx/Innowise tasks/Innowise_task_5/airflow_env/lib/python3.8/site-packages/airflow/example_dags/example_external_task_marker_dag.py
[2022-08-04 00:17:57,522] {processor.py:641} INFO - Processing file /home/ndx/Innowise tasks/Innowise_task_5/airflow_env/lib/python3.8/site-packages/airflow/example_dags/example_external_task_marker_dag.py for tasks to queue
[2022-08-04 00:17:57,523] {logging_mixin.py:115} INFO - [2022-08-04 00:17:57,523] {dagbag.py:508} INFO - Filling up the DagBag from /home/ndx/Innowise tasks/Innowise_task_5/airflow_env/lib/python3.8/site-packages/airflow/example_dags/example_external_task_marker_dag.py
[2022-08-04 00:17:57,526] {processor.py:651} INFO - DAG(s) dict_keys(['example_external_task_marker_parent', 'example_external_task_marker_child']) retrieved from /home/ndx/Innowise tasks/Innowise_task_5/airflow_env/lib/python3.8/site-packages/airflow/example_dags/example_external_task_marker_dag.py
[2022-08-04 00:17:57,540] {logging_mixin.py:115} INFO - [2022-08-04 00:17:57,540] {dag.py:2420} INFO - Sync 2 DAGs
[2022-08-04 00:17:57,550] {logging_mixin.py:115} INFO - [2022-08-04 00:17:57,550] {dag.py:2968} INFO - Setting next_dagrun for example_external_task_marker_child to None, run_after=None
[2022-08-04 00:17:57,550] {logging_mixin.py:115} INFO - [2022-08-04 00:17:57,550] {dag.py:2968} INFO - Setting next_dagrun for example_external_task_marker_parent to None, run_after=None
[2022-08-04 00:17:57,559] {processor.py:161} INFO - Processing /home/ndx/Innowise tasks/Innowise_task_5/airflow_env/lib/python3.8/site-packages/airflow/example_dags/example_external_task_marker_dag.py took 0.044 seconds
[2022-08-04 00:18:31,007] {processor.py:153} INFO - Started process (PID=47598) to work on /home/ndx/Innowise tasks/Innowise_task_5/airflow_env/lib/python3.8/site-packages/airflow/example_dags/example_external_task_marker_dag.py
[2022-08-04 00:18:31,013] {processor.py:641} INFO - Processing file /home/ndx/Innowise tasks/Innowise_task_5/airflow_env/lib/python3.8/site-packages/airflow/example_dags/example_external_task_marker_dag.py for tasks to queue
[2022-08-04 00:18:31,013] {logging_mixin.py:115} INFO - [2022-08-04 00:18:31,013] {dagbag.py:508} INFO - Filling up the DagBag from /home/ndx/Innowise tasks/Innowise_task_5/airflow_env/lib/python3.8/site-packages/airflow/example_dags/example_external_task_marker_dag.py
[2022-08-04 00:18:31,016] {processor.py:651} INFO - DAG(s) dict_keys(['example_external_task_marker_parent', 'example_external_task_marker_child']) retrieved from /home/ndx/Innowise tasks/Innowise_task_5/airflow_env/lib/python3.8/site-packages/airflow/example_dags/example_external_task_marker_dag.py
[2022-08-04 00:18:31,030] {logging_mixin.py:115} INFO - [2022-08-04 00:18:31,030] {dag.py:2420} INFO - Sync 2 DAGs
[2022-08-04 00:18:31,042] {logging_mixin.py:115} INFO - [2022-08-04 00:18:31,042] {dag.py:2968} INFO - Setting next_dagrun for example_external_task_marker_child to None, run_after=None
[2022-08-04 00:18:31,042] {logging_mixin.py:115} INFO - [2022-08-04 00:18:31,042] {dag.py:2968} INFO - Setting next_dagrun for example_external_task_marker_parent to None, run_after=None
[2022-08-04 00:18:31,049] {processor.py:161} INFO - Processing /home/ndx/Innowise tasks/Innowise_task_5/airflow_env/lib/python3.8/site-packages/airflow/example_dags/example_external_task_marker_dag.py took 0.044 seconds
[2022-08-04 00:19:06,535] {processor.py:153} INFO - Started process (PID=47758) to work on /home/ndx/Innowise tasks/Innowise_task_5/airflow_env/lib/python3.8/site-packages/airflow/example_dags/example_external_task_marker_dag.py
[2022-08-04 00:19:06,540] {processor.py:641} INFO - Processing file /home/ndx/Innowise tasks/Innowise_task_5/airflow_env/lib/python3.8/site-packages/airflow/example_dags/example_external_task_marker_dag.py for tasks to queue
[2022-08-04 00:19:06,541] {logging_mixin.py:115} INFO - [2022-08-04 00:19:06,540] {dagbag.py:508} INFO - Filling up the DagBag from /home/ndx/Innowise tasks/Innowise_task_5/airflow_env/lib/python3.8/site-packages/airflow/example_dags/example_external_task_marker_dag.py
[2022-08-04 00:19:06,543] {processor.py:651} INFO - DAG(s) dict_keys(['example_external_task_marker_parent', 'example_external_task_marker_child']) retrieved from /home/ndx/Innowise tasks/Innowise_task_5/airflow_env/lib/python3.8/site-packages/airflow/example_dags/example_external_task_marker_dag.py
[2022-08-04 00:19:06,558] {logging_mixin.py:115} INFO - [2022-08-04 00:19:06,558] {dag.py:2420} INFO - Sync 2 DAGs
[2022-08-04 00:19:06,568] {logging_mixin.py:115} INFO - [2022-08-04 00:19:06,568] {dag.py:2968} INFO - Setting next_dagrun for example_external_task_marker_child to None, run_after=None
[2022-08-04 00:19:06,569] {logging_mixin.py:115} INFO - [2022-08-04 00:19:06,569] {dag.py:2968} INFO - Setting next_dagrun for example_external_task_marker_parent to None, run_after=None
[2022-08-04 00:19:06,576] {processor.py:161} INFO - Processing /home/ndx/Innowise tasks/Innowise_task_5/airflow_env/lib/python3.8/site-packages/airflow/example_dags/example_external_task_marker_dag.py took 0.042 seconds
[2022-08-04 00:19:40,205] {processor.py:153} INFO - Started process (PID=47857) to work on /home/ndx/Innowise tasks/Innowise_task_5/airflow_env/lib/python3.8/site-packages/airflow/example_dags/example_external_task_marker_dag.py
[2022-08-04 00:19:40,211] {processor.py:641} INFO - Processing file /home/ndx/Innowise tasks/Innowise_task_5/airflow_env/lib/python3.8/site-packages/airflow/example_dags/example_external_task_marker_dag.py for tasks to queue
[2022-08-04 00:19:40,211] {logging_mixin.py:115} INFO - [2022-08-04 00:19:40,211] {dagbag.py:508} INFO - Filling up the DagBag from /home/ndx/Innowise tasks/Innowise_task_5/airflow_env/lib/python3.8/site-packages/airflow/example_dags/example_external_task_marker_dag.py
[2022-08-04 00:19:40,214] {processor.py:651} INFO - DAG(s) dict_keys(['example_external_task_marker_parent', 'example_external_task_marker_child']) retrieved from /home/ndx/Innowise tasks/Innowise_task_5/airflow_env/lib/python3.8/site-packages/airflow/example_dags/example_external_task_marker_dag.py
[2022-08-04 00:19:40,228] {logging_mixin.py:115} INFO - [2022-08-04 00:19:40,228] {dag.py:2420} INFO - Sync 2 DAGs
[2022-08-04 00:19:40,239] {logging_mixin.py:115} INFO - [2022-08-04 00:19:40,239] {dag.py:2968} INFO - Setting next_dagrun for example_external_task_marker_child to None, run_after=None
[2022-08-04 00:19:40,239] {logging_mixin.py:115} INFO - [2022-08-04 00:19:40,239] {dag.py:2968} INFO - Setting next_dagrun for example_external_task_marker_parent to None, run_after=None
[2022-08-04 00:19:40,245] {processor.py:161} INFO - Processing /home/ndx/Innowise tasks/Innowise_task_5/airflow_env/lib/python3.8/site-packages/airflow/example_dags/example_external_task_marker_dag.py took 0.042 seconds
[2022-08-04 00:20:14,177] {processor.py:153} INFO - Started process (PID=47956) to work on /home/ndx/Innowise tasks/Innowise_task_5/airflow_env/lib/python3.8/site-packages/airflow/example_dags/example_external_task_marker_dag.py
[2022-08-04 00:20:14,183] {processor.py:641} INFO - Processing file /home/ndx/Innowise tasks/Innowise_task_5/airflow_env/lib/python3.8/site-packages/airflow/example_dags/example_external_task_marker_dag.py for tasks to queue
[2022-08-04 00:20:14,183] {logging_mixin.py:115} INFO - [2022-08-04 00:20:14,183] {dagbag.py:508} INFO - Filling up the DagBag from /home/ndx/Innowise tasks/Innowise_task_5/airflow_env/lib/python3.8/site-packages/airflow/example_dags/example_external_task_marker_dag.py
[2022-08-04 00:20:14,186] {processor.py:651} INFO - DAG(s) dict_keys(['example_external_task_marker_parent', 'example_external_task_marker_child']) retrieved from /home/ndx/Innowise tasks/Innowise_task_5/airflow_env/lib/python3.8/site-packages/airflow/example_dags/example_external_task_marker_dag.py
[2022-08-04 00:20:14,201] {logging_mixin.py:115} INFO - [2022-08-04 00:20:14,201] {dag.py:2420} INFO - Sync 2 DAGs
[2022-08-04 00:20:14,213] {logging_mixin.py:115} INFO - [2022-08-04 00:20:14,212] {dag.py:2968} INFO - Setting next_dagrun for example_external_task_marker_child to None, run_after=None
[2022-08-04 00:20:14,213] {logging_mixin.py:115} INFO - [2022-08-04 00:20:14,213] {dag.py:2968} INFO - Setting next_dagrun for example_external_task_marker_parent to None, run_after=None
[2022-08-04 00:20:14,221] {processor.py:161} INFO - Processing /home/ndx/Innowise tasks/Innowise_task_5/airflow_env/lib/python3.8/site-packages/airflow/example_dags/example_external_task_marker_dag.py took 0.045 seconds
[2022-08-04 00:20:47,183] {processor.py:153} INFO - Started process (PID=48016) to work on /home/ndx/Innowise tasks/Innowise_task_5/airflow_env/lib/python3.8/site-packages/airflow/example_dags/example_external_task_marker_dag.py
[2022-08-04 00:20:47,184] {processor.py:641} INFO - Processing file /home/ndx/Innowise tasks/Innowise_task_5/airflow_env/lib/python3.8/site-packages/airflow/example_dags/example_external_task_marker_dag.py for tasks to queue
[2022-08-04 00:20:47,184] {logging_mixin.py:115} INFO - [2022-08-04 00:20:47,184] {dagbag.py:508} INFO - Filling up the DagBag from /home/ndx/Innowise tasks/Innowise_task_5/airflow_env/lib/python3.8/site-packages/airflow/example_dags/example_external_task_marker_dag.py
[2022-08-04 00:20:47,187] {processor.py:651} INFO - DAG(s) dict_keys(['example_external_task_marker_parent', 'example_external_task_marker_child']) retrieved from /home/ndx/Innowise tasks/Innowise_task_5/airflow_env/lib/python3.8/site-packages/airflow/example_dags/example_external_task_marker_dag.py
[2022-08-04 00:20:47,201] {logging_mixin.py:115} INFO - [2022-08-04 00:20:47,201] {dag.py:2420} INFO - Sync 2 DAGs
[2022-08-04 00:20:47,212] {logging_mixin.py:115} INFO - [2022-08-04 00:20:47,212] {dag.py:2968} INFO - Setting next_dagrun for example_external_task_marker_child to None, run_after=None
[2022-08-04 00:20:47,212] {logging_mixin.py:115} INFO - [2022-08-04 00:20:47,212] {dag.py:2968} INFO - Setting next_dagrun for example_external_task_marker_parent to None, run_after=None
[2022-08-04 00:20:47,219] {processor.py:161} INFO - Processing /home/ndx/Innowise tasks/Innowise_task_5/airflow_env/lib/python3.8/site-packages/airflow/example_dags/example_external_task_marker_dag.py took 0.037 seconds
[2022-08-04 00:21:19,924] {processor.py:153} INFO - Started process (PID=48133) to work on /home/ndx/Innowise tasks/Innowise_task_5/airflow_env/lib/python3.8/site-packages/airflow/example_dags/example_external_task_marker_dag.py
[2022-08-04 00:21:19,930] {processor.py:641} INFO - Processing file /home/ndx/Innowise tasks/Innowise_task_5/airflow_env/lib/python3.8/site-packages/airflow/example_dags/example_external_task_marker_dag.py for tasks to queue
[2022-08-04 00:21:19,930] {logging_mixin.py:115} INFO - [2022-08-04 00:21:19,930] {dagbag.py:508} INFO - Filling up the DagBag from /home/ndx/Innowise tasks/Innowise_task_5/airflow_env/lib/python3.8/site-packages/airflow/example_dags/example_external_task_marker_dag.py
[2022-08-04 00:21:19,933] {processor.py:651} INFO - DAG(s) dict_keys(['example_external_task_marker_parent', 'example_external_task_marker_child']) retrieved from /home/ndx/Innowise tasks/Innowise_task_5/airflow_env/lib/python3.8/site-packages/airflow/example_dags/example_external_task_marker_dag.py
[2022-08-04 00:21:19,947] {logging_mixin.py:115} INFO - [2022-08-04 00:21:19,947] {dag.py:2420} INFO - Sync 2 DAGs
[2022-08-04 00:21:19,957] {logging_mixin.py:115} INFO - [2022-08-04 00:21:19,957] {dag.py:2968} INFO - Setting next_dagrun for example_external_task_marker_child to None, run_after=None
[2022-08-04 00:21:19,957] {logging_mixin.py:115} INFO - [2022-08-04 00:21:19,957] {dag.py:2968} INFO - Setting next_dagrun for example_external_task_marker_parent to None, run_after=None
[2022-08-04 00:21:19,964] {processor.py:161} INFO - Processing /home/ndx/Innowise tasks/Innowise_task_5/airflow_env/lib/python3.8/site-packages/airflow/example_dags/example_external_task_marker_dag.py took 0.042 seconds
[2022-08-04 00:21:54,185] {processor.py:153} INFO - Started process (PID=48178) to work on /home/ndx/Innowise tasks/Innowise_task_5/airflow_env/lib/python3.8/site-packages/airflow/example_dags/example_external_task_marker_dag.py
[2022-08-04 00:21:54,190] {processor.py:641} INFO - Processing file /home/ndx/Innowise tasks/Innowise_task_5/airflow_env/lib/python3.8/site-packages/airflow/example_dags/example_external_task_marker_dag.py for tasks to queue
[2022-08-04 00:21:54,190] {logging_mixin.py:115} INFO - [2022-08-04 00:21:54,190] {dagbag.py:508} INFO - Filling up the DagBag from /home/ndx/Innowise tasks/Innowise_task_5/airflow_env/lib/python3.8/site-packages/airflow/example_dags/example_external_task_marker_dag.py
[2022-08-04 00:21:54,193] {processor.py:651} INFO - DAG(s) dict_keys(['example_external_task_marker_parent', 'example_external_task_marker_child']) retrieved from /home/ndx/Innowise tasks/Innowise_task_5/airflow_env/lib/python3.8/site-packages/airflow/example_dags/example_external_task_marker_dag.py
[2022-08-04 00:21:54,207] {logging_mixin.py:115} INFO - [2022-08-04 00:21:54,207] {dag.py:2420} INFO - Sync 2 DAGs
[2022-08-04 00:21:54,218] {logging_mixin.py:115} INFO - [2022-08-04 00:21:54,218] {dag.py:2968} INFO - Setting next_dagrun for example_external_task_marker_child to None, run_after=None
[2022-08-04 00:21:54,218] {logging_mixin.py:115} INFO - [2022-08-04 00:21:54,218] {dag.py:2968} INFO - Setting next_dagrun for example_external_task_marker_parent to None, run_after=None
[2022-08-04 00:21:54,225] {processor.py:161} INFO - Processing /home/ndx/Innowise tasks/Innowise_task_5/airflow_env/lib/python3.8/site-packages/airflow/example_dags/example_external_task_marker_dag.py took 0.042 seconds
[2022-08-04 00:22:29,685] {processor.py:153} INFO - Started process (PID=48252) to work on /home/ndx/Innowise tasks/Innowise_task_5/airflow_env/lib/python3.8/site-packages/airflow/example_dags/example_external_task_marker_dag.py
[2022-08-04 00:22:29,690] {processor.py:641} INFO - Processing file /home/ndx/Innowise tasks/Innowise_task_5/airflow_env/lib/python3.8/site-packages/airflow/example_dags/example_external_task_marker_dag.py for tasks to queue
[2022-08-04 00:22:29,690] {logging_mixin.py:115} INFO - [2022-08-04 00:22:29,690] {dagbag.py:508} INFO - Filling up the DagBag from /home/ndx/Innowise tasks/Innowise_task_5/airflow_env/lib/python3.8/site-packages/airflow/example_dags/example_external_task_marker_dag.py
[2022-08-04 00:22:29,693] {processor.py:651} INFO - DAG(s) dict_keys(['example_external_task_marker_parent', 'example_external_task_marker_child']) retrieved from /home/ndx/Innowise tasks/Innowise_task_5/airflow_env/lib/python3.8/site-packages/airflow/example_dags/example_external_task_marker_dag.py
[2022-08-04 00:22:29,707] {logging_mixin.py:115} INFO - [2022-08-04 00:22:29,707] {dag.py:2420} INFO - Sync 2 DAGs
[2022-08-04 00:22:29,717] {logging_mixin.py:115} INFO - [2022-08-04 00:22:29,717] {dag.py:2968} INFO - Setting next_dagrun for example_external_task_marker_child to None, run_after=None
[2022-08-04 00:22:29,717] {logging_mixin.py:115} INFO - [2022-08-04 00:22:29,717] {dag.py:2968} INFO - Setting next_dagrun for example_external_task_marker_parent to None, run_after=None
[2022-08-04 00:22:29,723] {processor.py:161} INFO - Processing /home/ndx/Innowise tasks/Innowise_task_5/airflow_env/lib/python3.8/site-packages/airflow/example_dags/example_external_task_marker_dag.py took 0.040 seconds
[2022-08-04 00:23:05,076] {processor.py:153} INFO - Started process (PID=48302) to work on /home/ndx/Innowise tasks/Innowise_task_5/airflow_env/lib/python3.8/site-packages/airflow/example_dags/example_external_task_marker_dag.py
[2022-08-04 00:23:05,081] {processor.py:641} INFO - Processing file /home/ndx/Innowise tasks/Innowise_task_5/airflow_env/lib/python3.8/site-packages/airflow/example_dags/example_external_task_marker_dag.py for tasks to queue
[2022-08-04 00:23:05,082] {logging_mixin.py:115} INFO - [2022-08-04 00:23:05,082] {dagbag.py:508} INFO - Filling up the DagBag from /home/ndx/Innowise tasks/Innowise_task_5/airflow_env/lib/python3.8/site-packages/airflow/example_dags/example_external_task_marker_dag.py
[2022-08-04 00:23:05,085] {processor.py:651} INFO - DAG(s) dict_keys(['example_external_task_marker_parent', 'example_external_task_marker_child']) retrieved from /home/ndx/Innowise tasks/Innowise_task_5/airflow_env/lib/python3.8/site-packages/airflow/example_dags/example_external_task_marker_dag.py
[2022-08-04 00:23:05,099] {logging_mixin.py:115} INFO - [2022-08-04 00:23:05,099] {dag.py:2420} INFO - Sync 2 DAGs
[2022-08-04 00:23:05,109] {logging_mixin.py:115} INFO - [2022-08-04 00:23:05,109] {dag.py:2968} INFO - Setting next_dagrun for example_external_task_marker_child to None, run_after=None
[2022-08-04 00:23:05,109] {logging_mixin.py:115} INFO - [2022-08-04 00:23:05,109] {dag.py:2968} INFO - Setting next_dagrun for example_external_task_marker_parent to None, run_after=None
[2022-08-04 00:23:05,116] {processor.py:161} INFO - Processing /home/ndx/Innowise tasks/Innowise_task_5/airflow_env/lib/python3.8/site-packages/airflow/example_dags/example_external_task_marker_dag.py took 0.042 seconds
[2022-08-04 00:23:55,627] {processor.py:153} INFO - Started process (PID=48447) to work on /home/ndx/Innowise tasks/Innowise_task_5/airflow_env/lib/python3.8/site-packages/airflow/example_dags/example_external_task_marker_dag.py
[2022-08-04 00:23:55,632] {processor.py:641} INFO - Processing file /home/ndx/Innowise tasks/Innowise_task_5/airflow_env/lib/python3.8/site-packages/airflow/example_dags/example_external_task_marker_dag.py for tasks to queue
[2022-08-04 00:23:55,632] {logging_mixin.py:115} INFO - [2022-08-04 00:23:55,632] {dagbag.py:508} INFO - Filling up the DagBag from /home/ndx/Innowise tasks/Innowise_task_5/airflow_env/lib/python3.8/site-packages/airflow/example_dags/example_external_task_marker_dag.py
[2022-08-04 00:23:55,635] {processor.py:651} INFO - DAG(s) dict_keys(['example_external_task_marker_parent', 'example_external_task_marker_child']) retrieved from /home/ndx/Innowise tasks/Innowise_task_5/airflow_env/lib/python3.8/site-packages/airflow/example_dags/example_external_task_marker_dag.py
[2022-08-04 00:23:55,650] {logging_mixin.py:115} INFO - [2022-08-04 00:23:55,650] {dag.py:2420} INFO - Sync 2 DAGs
[2022-08-04 00:23:55,660] {logging_mixin.py:115} INFO - [2022-08-04 00:23:55,660] {dag.py:2968} INFO - Setting next_dagrun for example_external_task_marker_child to None, run_after=None
[2022-08-04 00:23:55,660] {logging_mixin.py:115} INFO - [2022-08-04 00:23:55,660] {dag.py:2968} INFO - Setting next_dagrun for example_external_task_marker_parent to None, run_after=None
[2022-08-04 00:23:55,667] {processor.py:161} INFO - Processing /home/ndx/Innowise tasks/Innowise_task_5/airflow_env/lib/python3.8/site-packages/airflow/example_dags/example_external_task_marker_dag.py took 0.042 seconds
