[2022-08-04 00:00:21,705] {processor.py:153} INFO - Started process (PID=44766) to work on /home/ndx/Innowise tasks/Innowise_task_5/airflow_env/lib/python3.8/site-packages/airflow/example_dags/example_task_group_decorator.py
[2022-08-04 00:00:21,705] {processor.py:641} INFO - Processing file /home/ndx/Innowise tasks/Innowise_task_5/airflow_env/lib/python3.8/site-packages/airflow/example_dags/example_task_group_decorator.py for tasks to queue
[2022-08-04 00:00:21,705] {logging_mixin.py:115} INFO - [2022-08-04 00:00:21,705] {dagbag.py:508} INFO - Filling up the DagBag from /home/ndx/Innowise tasks/Innowise_task_5/airflow_env/lib/python3.8/site-packages/airflow/example_dags/example_task_group_decorator.py
[2022-08-04 00:00:21,717] {processor.py:651} INFO - DAG(s) dict_keys(['example_task_group_decorator']) retrieved from /home/ndx/Innowise tasks/Innowise_task_5/airflow_env/lib/python3.8/site-packages/airflow/example_dags/example_task_group_decorator.py
[2022-08-04 00:00:21,738] {logging_mixin.py:115} INFO - [2022-08-04 00:00:21,738] {dag.py:2420} INFO - Sync 1 DAGs
[2022-08-04 00:00:21,745] {logging_mixin.py:115} INFO - [2022-08-04 00:00:21,745] {dag.py:2968} INFO - Setting next_dagrun for example_task_group_decorator to 2022-08-02T21:00:21.745221+00:00, run_after=2022-08-03T21:00:21.745221+00:00
[2022-08-04 00:00:21,759] {processor.py:161} INFO - Processing /home/ndx/Innowise tasks/Innowise_task_5/airflow_env/lib/python3.8/site-packages/airflow/example_dags/example_task_group_decorator.py took 0.055 seconds
[2022-08-04 00:00:53,358] {processor.py:153} INFO - Started process (PID=44918) to work on /home/ndx/Innowise tasks/Innowise_task_5/airflow_env/lib/python3.8/site-packages/airflow/example_dags/example_task_group_decorator.py
[2022-08-04 00:00:53,364] {processor.py:641} INFO - Processing file /home/ndx/Innowise tasks/Innowise_task_5/airflow_env/lib/python3.8/site-packages/airflow/example_dags/example_task_group_decorator.py for tasks to queue
[2022-08-04 00:00:53,365] {logging_mixin.py:115} INFO - [2022-08-04 00:00:53,364] {dagbag.py:508} INFO - Filling up the DagBag from /home/ndx/Innowise tasks/Innowise_task_5/airflow_env/lib/python3.8/site-packages/airflow/example_dags/example_task_group_decorator.py
[2022-08-04 00:00:53,378] {processor.py:651} INFO - DAG(s) dict_keys(['example_task_group_decorator']) retrieved from /home/ndx/Innowise tasks/Innowise_task_5/airflow_env/lib/python3.8/site-packages/airflow/example_dags/example_task_group_decorator.py
[2022-08-04 00:00:53,403] {logging_mixin.py:115} INFO - [2022-08-04 00:00:53,403] {dag.py:2420} INFO - Sync 1 DAGs
[2022-08-04 00:00:53,410] {logging_mixin.py:115} INFO - [2022-08-04 00:00:53,410] {dag.py:2968} INFO - Setting next_dagrun for example_task_group_decorator to 2022-08-02T21:00:53.410333+00:00, run_after=2022-08-03T21:00:53.410333+00:00
[2022-08-04 00:00:53,417] {processor.py:161} INFO - Processing /home/ndx/Innowise tasks/Innowise_task_5/airflow_env/lib/python3.8/site-packages/airflow/example_dags/example_task_group_decorator.py took 0.061 seconds
[2022-08-04 00:01:26,741] {processor.py:153} INFO - Started process (PID=45048) to work on /home/ndx/Innowise tasks/Innowise_task_5/airflow_env/lib/python3.8/site-packages/airflow/example_dags/example_task_group_decorator.py
[2022-08-04 00:01:26,742] {processor.py:641} INFO - Processing file /home/ndx/Innowise tasks/Innowise_task_5/airflow_env/lib/python3.8/site-packages/airflow/example_dags/example_task_group_decorator.py for tasks to queue
[2022-08-04 00:01:26,742] {logging_mixin.py:115} INFO - [2022-08-04 00:01:26,742] {dagbag.py:508} INFO - Filling up the DagBag from /home/ndx/Innowise tasks/Innowise_task_5/airflow_env/lib/python3.8/site-packages/airflow/example_dags/example_task_group_decorator.py
[2022-08-04 00:01:26,757] {processor.py:651} INFO - DAG(s) dict_keys(['example_task_group_decorator']) retrieved from /home/ndx/Innowise tasks/Innowise_task_5/airflow_env/lib/python3.8/site-packages/airflow/example_dags/example_task_group_decorator.py
[2022-08-04 00:01:26,786] {logging_mixin.py:115} INFO - [2022-08-04 00:01:26,785] {dag.py:2420} INFO - Sync 1 DAGs
[2022-08-04 00:01:26,794] {logging_mixin.py:115} INFO - [2022-08-04 00:01:26,793] {dag.py:2968} INFO - Setting next_dagrun for example_task_group_decorator to 2022-08-02T21:01:26.793775+00:00, run_after=2022-08-03T21:01:26.793775+00:00
[2022-08-04 00:01:26,801] {processor.py:161} INFO - Processing /home/ndx/Innowise tasks/Innowise_task_5/airflow_env/lib/python3.8/site-packages/airflow/example_dags/example_task_group_decorator.py took 0.062 seconds
[2022-08-04 00:02:02,798] {processor.py:153} INFO - Started process (PID=45152) to work on /home/ndx/Innowise tasks/Innowise_task_5/airflow_env/lib/python3.8/site-packages/airflow/example_dags/example_task_group_decorator.py
[2022-08-04 00:02:02,804] {processor.py:641} INFO - Processing file /home/ndx/Innowise tasks/Innowise_task_5/airflow_env/lib/python3.8/site-packages/airflow/example_dags/example_task_group_decorator.py for tasks to queue
[2022-08-04 00:02:02,804] {logging_mixin.py:115} INFO - [2022-08-04 00:02:02,804] {dagbag.py:508} INFO - Filling up the DagBag from /home/ndx/Innowise tasks/Innowise_task_5/airflow_env/lib/python3.8/site-packages/airflow/example_dags/example_task_group_decorator.py
[2022-08-04 00:02:02,821] {processor.py:651} INFO - DAG(s) dict_keys(['example_task_group_decorator']) retrieved from /home/ndx/Innowise tasks/Innowise_task_5/airflow_env/lib/python3.8/site-packages/airflow/example_dags/example_task_group_decorator.py
[2022-08-04 00:02:02,853] {logging_mixin.py:115} INFO - [2022-08-04 00:02:02,853] {dag.py:2420} INFO - Sync 1 DAGs
[2022-08-04 00:02:02,863] {logging_mixin.py:115} INFO - [2022-08-04 00:02:02,863] {dag.py:2968} INFO - Setting next_dagrun for example_task_group_decorator to 2022-08-02T21:02:02.862819+00:00, run_after=2022-08-03T21:02:02.862819+00:00
[2022-08-04 00:02:02,871] {processor.py:161} INFO - Processing /home/ndx/Innowise tasks/Innowise_task_5/airflow_env/lib/python3.8/site-packages/airflow/example_dags/example_task_group_decorator.py took 0.076 seconds
[2022-08-04 00:02:38,667] {processor.py:153} INFO - Started process (PID=45317) to work on /home/ndx/Innowise tasks/Innowise_task_5/airflow_env/lib/python3.8/site-packages/airflow/example_dags/example_task_group_decorator.py
[2022-08-04 00:02:38,672] {processor.py:641} INFO - Processing file /home/ndx/Innowise tasks/Innowise_task_5/airflow_env/lib/python3.8/site-packages/airflow/example_dags/example_task_group_decorator.py for tasks to queue
[2022-08-04 00:02:38,673] {logging_mixin.py:115} INFO - [2022-08-04 00:02:38,672] {dagbag.py:508} INFO - Filling up the DagBag from /home/ndx/Innowise tasks/Innowise_task_5/airflow_env/lib/python3.8/site-packages/airflow/example_dags/example_task_group_decorator.py
[2022-08-04 00:02:38,686] {processor.py:651} INFO - DAG(s) dict_keys(['example_task_group_decorator']) retrieved from /home/ndx/Innowise tasks/Innowise_task_5/airflow_env/lib/python3.8/site-packages/airflow/example_dags/example_task_group_decorator.py
[2022-08-04 00:02:38,710] {logging_mixin.py:115} INFO - [2022-08-04 00:02:38,710] {dag.py:2420} INFO - Sync 1 DAGs
[2022-08-04 00:02:38,718] {logging_mixin.py:115} INFO - [2022-08-04 00:02:38,718] {dag.py:2968} INFO - Setting next_dagrun for example_task_group_decorator to 2022-08-02T21:02:38.717804+00:00, run_after=2022-08-03T21:02:38.717804+00:00
[2022-08-04 00:02:38,725] {processor.py:161} INFO - Processing /home/ndx/Innowise tasks/Innowise_task_5/airflow_env/lib/python3.8/site-packages/airflow/example_dags/example_task_group_decorator.py took 0.060 seconds
[2022-08-04 00:03:13,462] {processor.py:153} INFO - Started process (PID=45370) to work on /home/ndx/Innowise tasks/Innowise_task_5/airflow_env/lib/python3.8/site-packages/airflow/example_dags/example_task_group_decorator.py
[2022-08-04 00:03:13,467] {processor.py:641} INFO - Processing file /home/ndx/Innowise tasks/Innowise_task_5/airflow_env/lib/python3.8/site-packages/airflow/example_dags/example_task_group_decorator.py for tasks to queue
[2022-08-04 00:03:13,468] {logging_mixin.py:115} INFO - [2022-08-04 00:03:13,468] {dagbag.py:508} INFO - Filling up the DagBag from /home/ndx/Innowise tasks/Innowise_task_5/airflow_env/lib/python3.8/site-packages/airflow/example_dags/example_task_group_decorator.py
[2022-08-04 00:03:13,481] {processor.py:651} INFO - DAG(s) dict_keys(['example_task_group_decorator']) retrieved from /home/ndx/Innowise tasks/Innowise_task_5/airflow_env/lib/python3.8/site-packages/airflow/example_dags/example_task_group_decorator.py
[2022-08-04 00:03:13,491] {logging_mixin.py:115} INFO - [2022-08-04 00:03:13,491] {dag.py:2420} INFO - Sync 1 DAGs
[2022-08-04 00:03:13,501] {logging_mixin.py:115} INFO - [2022-08-04 00:03:13,501] {dag.py:2968} INFO - Setting next_dagrun for example_task_group_decorator to 2022-08-02T21:03:13.501492+00:00, run_after=2022-08-03T21:03:13.501492+00:00
[2022-08-04 00:03:13,511] {processor.py:161} INFO - Processing /home/ndx/Innowise tasks/Innowise_task_5/airflow_env/lib/python3.8/site-packages/airflow/example_dags/example_task_group_decorator.py took 0.051 seconds
[2022-08-04 00:03:48,311] {processor.py:153} INFO - Started process (PID=45450) to work on /home/ndx/Innowise tasks/Innowise_task_5/airflow_env/lib/python3.8/site-packages/airflow/example_dags/example_task_group_decorator.py
[2022-08-04 00:03:48,317] {processor.py:641} INFO - Processing file /home/ndx/Innowise tasks/Innowise_task_5/airflow_env/lib/python3.8/site-packages/airflow/example_dags/example_task_group_decorator.py for tasks to queue
[2022-08-04 00:03:48,317] {logging_mixin.py:115} INFO - [2022-08-04 00:03:48,317] {dagbag.py:508} INFO - Filling up the DagBag from /home/ndx/Innowise tasks/Innowise_task_5/airflow_env/lib/python3.8/site-packages/airflow/example_dags/example_task_group_decorator.py
[2022-08-04 00:03:48,331] {processor.py:651} INFO - DAG(s) dict_keys(['example_task_group_decorator']) retrieved from /home/ndx/Innowise tasks/Innowise_task_5/airflow_env/lib/python3.8/site-packages/airflow/example_dags/example_task_group_decorator.py
[2022-08-04 00:03:48,356] {logging_mixin.py:115} INFO - [2022-08-04 00:03:48,356] {dag.py:2420} INFO - Sync 1 DAGs
[2022-08-04 00:03:48,364] {logging_mixin.py:115} INFO - [2022-08-04 00:03:48,364] {dag.py:2968} INFO - Setting next_dagrun for example_task_group_decorator to 2022-08-02T21:03:48.363888+00:00, run_after=2022-08-03T21:03:48.363888+00:00
[2022-08-04 00:03:48,371] {processor.py:161} INFO - Processing /home/ndx/Innowise tasks/Innowise_task_5/airflow_env/lib/python3.8/site-packages/airflow/example_dags/example_task_group_decorator.py took 0.061 seconds
[2022-08-04 00:04:23,446] {processor.py:153} INFO - Started process (PID=45507) to work on /home/ndx/Innowise tasks/Innowise_task_5/airflow_env/lib/python3.8/site-packages/airflow/example_dags/example_task_group_decorator.py
[2022-08-04 00:04:23,451] {processor.py:641} INFO - Processing file /home/ndx/Innowise tasks/Innowise_task_5/airflow_env/lib/python3.8/site-packages/airflow/example_dags/example_task_group_decorator.py for tasks to queue
[2022-08-04 00:04:23,451] {logging_mixin.py:115} INFO - [2022-08-04 00:04:23,451] {dagbag.py:508} INFO - Filling up the DagBag from /home/ndx/Innowise tasks/Innowise_task_5/airflow_env/lib/python3.8/site-packages/airflow/example_dags/example_task_group_decorator.py
[2022-08-04 00:04:23,465] {processor.py:651} INFO - DAG(s) dict_keys(['example_task_group_decorator']) retrieved from /home/ndx/Innowise tasks/Innowise_task_5/airflow_env/lib/python3.8/site-packages/airflow/example_dags/example_task_group_decorator.py
[2022-08-04 00:04:23,474] {logging_mixin.py:115} INFO - [2022-08-04 00:04:23,474] {dag.py:2420} INFO - Sync 1 DAGs
[2022-08-04 00:04:23,485] {logging_mixin.py:115} INFO - [2022-08-04 00:04:23,485] {dag.py:2968} INFO - Setting next_dagrun for example_task_group_decorator to 2022-08-02T21:04:23.485117+00:00, run_after=2022-08-03T21:04:23.485117+00:00
[2022-08-04 00:04:23,492] {processor.py:161} INFO - Processing /home/ndx/Innowise tasks/Innowise_task_5/airflow_env/lib/python3.8/site-packages/airflow/example_dags/example_task_group_decorator.py took 0.048 seconds
[2022-08-04 00:04:56,363] {processor.py:153} INFO - Started process (PID=45613) to work on /home/ndx/Innowise tasks/Innowise_task_5/airflow_env/lib/python3.8/site-packages/airflow/example_dags/example_task_group_decorator.py
[2022-08-04 00:04:56,368] {processor.py:641} INFO - Processing file /home/ndx/Innowise tasks/Innowise_task_5/airflow_env/lib/python3.8/site-packages/airflow/example_dags/example_task_group_decorator.py for tasks to queue
[2022-08-04 00:04:56,369] {logging_mixin.py:115} INFO - [2022-08-04 00:04:56,369] {dagbag.py:508} INFO - Filling up the DagBag from /home/ndx/Innowise tasks/Innowise_task_5/airflow_env/lib/python3.8/site-packages/airflow/example_dags/example_task_group_decorator.py
[2022-08-04 00:04:56,382] {processor.py:651} INFO - DAG(s) dict_keys(['example_task_group_decorator']) retrieved from /home/ndx/Innowise tasks/Innowise_task_5/airflow_env/lib/python3.8/site-packages/airflow/example_dags/example_task_group_decorator.py
[2022-08-04 00:04:56,405] {logging_mixin.py:115} INFO - [2022-08-04 00:04:56,405] {dag.py:2420} INFO - Sync 1 DAGs
[2022-08-04 00:04:56,412] {logging_mixin.py:115} INFO - [2022-08-04 00:04:56,412] {dag.py:2968} INFO - Setting next_dagrun for example_task_group_decorator to 2022-08-02T21:04:56.412639+00:00, run_after=2022-08-03T21:04:56.412639+00:00
[2022-08-04 00:04:56,419] {processor.py:161} INFO - Processing /home/ndx/Innowise tasks/Innowise_task_5/airflow_env/lib/python3.8/site-packages/airflow/example_dags/example_task_group_decorator.py took 0.058 seconds
[2022-08-04 00:05:30,077] {processor.py:153} INFO - Started process (PID=45750) to work on /home/ndx/Innowise tasks/Innowise_task_5/airflow_env/lib/python3.8/site-packages/airflow/example_dags/example_task_group_decorator.py
[2022-08-04 00:05:30,078] {processor.py:641} INFO - Processing file /home/ndx/Innowise tasks/Innowise_task_5/airflow_env/lib/python3.8/site-packages/airflow/example_dags/example_task_group_decorator.py for tasks to queue
[2022-08-04 00:05:30,078] {logging_mixin.py:115} INFO - [2022-08-04 00:05:30,078] {dagbag.py:508} INFO - Filling up the DagBag from /home/ndx/Innowise tasks/Innowise_task_5/airflow_env/lib/python3.8/site-packages/airflow/example_dags/example_task_group_decorator.py
[2022-08-04 00:05:30,092] {processor.py:651} INFO - DAG(s) dict_keys(['example_task_group_decorator']) retrieved from /home/ndx/Innowise tasks/Innowise_task_5/airflow_env/lib/python3.8/site-packages/airflow/example_dags/example_task_group_decorator.py
[2022-08-04 00:05:30,120] {logging_mixin.py:115} INFO - [2022-08-04 00:05:30,120] {dag.py:2420} INFO - Sync 1 DAGs
[2022-08-04 00:05:30,128] {logging_mixin.py:115} INFO - [2022-08-04 00:05:30,128] {dag.py:2968} INFO - Setting next_dagrun for example_task_group_decorator to 2022-08-02T21:05:30.128417+00:00, run_after=2022-08-03T21:05:30.128417+00:00
[2022-08-04 00:05:30,136] {processor.py:161} INFO - Processing /home/ndx/Innowise tasks/Innowise_task_5/airflow_env/lib/python3.8/site-packages/airflow/example_dags/example_task_group_decorator.py took 0.060 seconds
[2022-08-04 00:06:03,496] {processor.py:153} INFO - Started process (PID=45818) to work on /home/ndx/Innowise tasks/Innowise_task_5/airflow_env/lib/python3.8/site-packages/airflow/example_dags/example_task_group_decorator.py
[2022-08-04 00:06:03,501] {processor.py:641} INFO - Processing file /home/ndx/Innowise tasks/Innowise_task_5/airflow_env/lib/python3.8/site-packages/airflow/example_dags/example_task_group_decorator.py for tasks to queue
[2022-08-04 00:06:03,502] {logging_mixin.py:115} INFO - [2022-08-04 00:06:03,502] {dagbag.py:508} INFO - Filling up the DagBag from /home/ndx/Innowise tasks/Innowise_task_5/airflow_env/lib/python3.8/site-packages/airflow/example_dags/example_task_group_decorator.py
[2022-08-04 00:06:03,516] {processor.py:651} INFO - DAG(s) dict_keys(['example_task_group_decorator']) retrieved from /home/ndx/Innowise tasks/Innowise_task_5/airflow_env/lib/python3.8/site-packages/airflow/example_dags/example_task_group_decorator.py
[2022-08-04 00:06:03,526] {logging_mixin.py:115} INFO - [2022-08-04 00:06:03,526] {dag.py:2420} INFO - Sync 1 DAGs
[2022-08-04 00:06:03,537] {logging_mixin.py:115} INFO - [2022-08-04 00:06:03,537] {dag.py:2968} INFO - Setting next_dagrun for example_task_group_decorator to 2022-08-02T21:06:03.537422+00:00, run_after=2022-08-03T21:06:03.537422+00:00
[2022-08-04 00:06:03,544] {processor.py:161} INFO - Processing /home/ndx/Innowise tasks/Innowise_task_5/airflow_env/lib/python3.8/site-packages/airflow/example_dags/example_task_group_decorator.py took 0.050 seconds
[2022-08-04 00:06:38,327] {processor.py:153} INFO - Started process (PID=45944) to work on /home/ndx/Innowise tasks/Innowise_task_5/airflow_env/lib/python3.8/site-packages/airflow/example_dags/example_task_group_decorator.py
[2022-08-04 00:06:38,333] {processor.py:641} INFO - Processing file /home/ndx/Innowise tasks/Innowise_task_5/airflow_env/lib/python3.8/site-packages/airflow/example_dags/example_task_group_decorator.py for tasks to queue
[2022-08-04 00:06:38,333] {logging_mixin.py:115} INFO - [2022-08-04 00:06:38,333] {dagbag.py:508} INFO - Filling up the DagBag from /home/ndx/Innowise tasks/Innowise_task_5/airflow_env/lib/python3.8/site-packages/airflow/example_dags/example_task_group_decorator.py
[2022-08-04 00:06:38,347] {processor.py:651} INFO - DAG(s) dict_keys(['example_task_group_decorator']) retrieved from /home/ndx/Innowise tasks/Innowise_task_5/airflow_env/lib/python3.8/site-packages/airflow/example_dags/example_task_group_decorator.py
[2022-08-04 00:06:38,357] {logging_mixin.py:115} INFO - [2022-08-04 00:06:38,357] {dag.py:2420} INFO - Sync 1 DAGs
[2022-08-04 00:06:38,367] {logging_mixin.py:115} INFO - [2022-08-04 00:06:38,367] {dag.py:2968} INFO - Setting next_dagrun for example_task_group_decorator to 2022-08-02T21:06:38.367101+00:00, run_after=2022-08-03T21:06:38.367101+00:00
[2022-08-04 00:06:38,373] {processor.py:161} INFO - Processing /home/ndx/Innowise tasks/Innowise_task_5/airflow_env/lib/python3.8/site-packages/airflow/example_dags/example_task_group_decorator.py took 0.047 seconds
[2022-08-04 00:07:11,683] {processor.py:153} INFO - Started process (PID=46009) to work on /home/ndx/Innowise tasks/Innowise_task_5/airflow_env/lib/python3.8/site-packages/airflow/example_dags/example_task_group_decorator.py
[2022-08-04 00:07:11,688] {processor.py:641} INFO - Processing file /home/ndx/Innowise tasks/Innowise_task_5/airflow_env/lib/python3.8/site-packages/airflow/example_dags/example_task_group_decorator.py for tasks to queue
[2022-08-04 00:07:11,689] {logging_mixin.py:115} INFO - [2022-08-04 00:07:11,689] {dagbag.py:508} INFO - Filling up the DagBag from /home/ndx/Innowise tasks/Innowise_task_5/airflow_env/lib/python3.8/site-packages/airflow/example_dags/example_task_group_decorator.py
[2022-08-04 00:07:11,704] {processor.py:651} INFO - DAG(s) dict_keys(['example_task_group_decorator']) retrieved from /home/ndx/Innowise tasks/Innowise_task_5/airflow_env/lib/python3.8/site-packages/airflow/example_dags/example_task_group_decorator.py
[2022-08-04 00:07:11,716] {logging_mixin.py:115} INFO - [2022-08-04 00:07:11,716] {dag.py:2420} INFO - Sync 1 DAGs
[2022-08-04 00:07:11,732] {logging_mixin.py:115} INFO - [2022-08-04 00:07:11,731] {dag.py:2968} INFO - Setting next_dagrun for example_task_group_decorator to 2022-08-02T21:07:11.731725+00:00, run_after=2022-08-03T21:07:11.731725+00:00
[2022-08-04 00:07:11,741] {processor.py:161} INFO - Processing /home/ndx/Innowise tasks/Innowise_task_5/airflow_env/lib/python3.8/site-packages/airflow/example_dags/example_task_group_decorator.py took 0.060 seconds
[2022-08-04 00:07:45,031] {processor.py:153} INFO - Started process (PID=46077) to work on /home/ndx/Innowise tasks/Innowise_task_5/airflow_env/lib/python3.8/site-packages/airflow/example_dags/example_task_group_decorator.py
[2022-08-04 00:07:45,037] {processor.py:641} INFO - Processing file /home/ndx/Innowise tasks/Innowise_task_5/airflow_env/lib/python3.8/site-packages/airflow/example_dags/example_task_group_decorator.py for tasks to queue
[2022-08-04 00:07:45,037] {logging_mixin.py:115} INFO - [2022-08-04 00:07:45,037] {dagbag.py:508} INFO - Filling up the DagBag from /home/ndx/Innowise tasks/Innowise_task_5/airflow_env/lib/python3.8/site-packages/airflow/example_dags/example_task_group_decorator.py
[2022-08-04 00:07:45,051] {processor.py:651} INFO - DAG(s) dict_keys(['example_task_group_decorator']) retrieved from /home/ndx/Innowise tasks/Innowise_task_5/airflow_env/lib/python3.8/site-packages/airflow/example_dags/example_task_group_decorator.py
[2022-08-04 00:07:45,061] {logging_mixin.py:115} INFO - [2022-08-04 00:07:45,061] {dag.py:2420} INFO - Sync 1 DAGs
[2022-08-04 00:07:45,071] {logging_mixin.py:115} INFO - [2022-08-04 00:07:45,071] {dag.py:2968} INFO - Setting next_dagrun for example_task_group_decorator to 2022-08-02T21:07:45.071068+00:00, run_after=2022-08-03T21:07:45.071068+00:00
[2022-08-04 00:07:45,080] {processor.py:161} INFO - Processing /home/ndx/Innowise tasks/Innowise_task_5/airflow_env/lib/python3.8/site-packages/airflow/example_dags/example_task_group_decorator.py took 0.050 seconds
[2022-08-04 00:08:19,848] {processor.py:153} INFO - Started process (PID=46140) to work on /home/ndx/Innowise tasks/Innowise_task_5/airflow_env/lib/python3.8/site-packages/airflow/example_dags/example_task_group_decorator.py
[2022-08-04 00:08:19,849] {processor.py:641} INFO - Processing file /home/ndx/Innowise tasks/Innowise_task_5/airflow_env/lib/python3.8/site-packages/airflow/example_dags/example_task_group_decorator.py for tasks to queue
[2022-08-04 00:08:19,849] {logging_mixin.py:115} INFO - [2022-08-04 00:08:19,849] {dagbag.py:508} INFO - Filling up the DagBag from /home/ndx/Innowise tasks/Innowise_task_5/airflow_env/lib/python3.8/site-packages/airflow/example_dags/example_task_group_decorator.py
[2022-08-04 00:08:19,862] {processor.py:651} INFO - DAG(s) dict_keys(['example_task_group_decorator']) retrieved from /home/ndx/Innowise tasks/Innowise_task_5/airflow_env/lib/python3.8/site-packages/airflow/example_dags/example_task_group_decorator.py
[2022-08-04 00:08:19,872] {logging_mixin.py:115} INFO - [2022-08-04 00:08:19,872] {dag.py:2420} INFO - Sync 1 DAGs
[2022-08-04 00:08:19,882] {logging_mixin.py:115} INFO - [2022-08-04 00:08:19,882] {dag.py:2968} INFO - Setting next_dagrun for example_task_group_decorator to 2022-08-02T21:08:19.882284+00:00, run_after=2022-08-03T21:08:19.882284+00:00
[2022-08-04 00:08:19,889] {processor.py:161} INFO - Processing /home/ndx/Innowise tasks/Innowise_task_5/airflow_env/lib/python3.8/site-packages/airflow/example_dags/example_task_group_decorator.py took 0.042 seconds
[2022-08-04 00:08:53,149] {processor.py:153} INFO - Started process (PID=46255) to work on /home/ndx/Innowise tasks/Innowise_task_5/airflow_env/lib/python3.8/site-packages/airflow/example_dags/example_task_group_decorator.py
[2022-08-04 00:08:53,155] {processor.py:641} INFO - Processing file /home/ndx/Innowise tasks/Innowise_task_5/airflow_env/lib/python3.8/site-packages/airflow/example_dags/example_task_group_decorator.py for tasks to queue
[2022-08-04 00:08:53,155] {logging_mixin.py:115} INFO - [2022-08-04 00:08:53,155] {dagbag.py:508} INFO - Filling up the DagBag from /home/ndx/Innowise tasks/Innowise_task_5/airflow_env/lib/python3.8/site-packages/airflow/example_dags/example_task_group_decorator.py
[2022-08-04 00:08:53,169] {processor.py:651} INFO - DAG(s) dict_keys(['example_task_group_decorator']) retrieved from /home/ndx/Innowise tasks/Innowise_task_5/airflow_env/lib/python3.8/site-packages/airflow/example_dags/example_task_group_decorator.py
[2022-08-04 00:08:53,193] {logging_mixin.py:115} INFO - [2022-08-04 00:08:53,193] {dag.py:2420} INFO - Sync 1 DAGs
[2022-08-04 00:08:53,200] {logging_mixin.py:115} INFO - [2022-08-04 00:08:53,200] {dag.py:2968} INFO - Setting next_dagrun for example_task_group_decorator to 2022-08-02T21:08:53.200435+00:00, run_after=2022-08-03T21:08:53.200435+00:00
[2022-08-04 00:08:53,210] {processor.py:161} INFO - Processing /home/ndx/Innowise tasks/Innowise_task_5/airflow_env/lib/python3.8/site-packages/airflow/example_dags/example_task_group_decorator.py took 0.063 seconds
[2022-08-04 00:09:31,256] {processor.py:153} INFO - Started process (PID=46347) to work on /home/ndx/Innowise tasks/Innowise_task_5/airflow_env/lib/python3.8/site-packages/airflow/example_dags/example_task_group_decorator.py
[2022-08-04 00:09:31,257] {processor.py:641} INFO - Processing file /home/ndx/Innowise tasks/Innowise_task_5/airflow_env/lib/python3.8/site-packages/airflow/example_dags/example_task_group_decorator.py for tasks to queue
[2022-08-04 00:09:31,257] {logging_mixin.py:115} INFO - [2022-08-04 00:09:31,257] {dagbag.py:508} INFO - Filling up the DagBag from /home/ndx/Innowise tasks/Innowise_task_5/airflow_env/lib/python3.8/site-packages/airflow/example_dags/example_task_group_decorator.py
[2022-08-04 00:09:31,268] {processor.py:651} INFO - DAG(s) dict_keys(['example_task_group_decorator']) retrieved from /home/ndx/Innowise tasks/Innowise_task_5/airflow_env/lib/python3.8/site-packages/airflow/example_dags/example_task_group_decorator.py
[2022-08-04 00:09:31,276] {logging_mixin.py:115} INFO - [2022-08-04 00:09:31,276] {dag.py:2420} INFO - Sync 1 DAGs
[2022-08-04 00:09:31,285] {logging_mixin.py:115} INFO - [2022-08-04 00:09:31,285] {dag.py:2968} INFO - Setting next_dagrun for example_task_group_decorator to 2022-08-02T21:09:31.285062+00:00, run_after=2022-08-03T21:09:31.285062+00:00
[2022-08-04 00:09:31,292] {processor.py:161} INFO - Processing /home/ndx/Innowise tasks/Innowise_task_5/airflow_env/lib/python3.8/site-packages/airflow/example_dags/example_task_group_decorator.py took 0.037 seconds
[2022-08-04 00:10:04,542] {processor.py:153} INFO - Started process (PID=46417) to work on /home/ndx/Innowise tasks/Innowise_task_5/airflow_env/lib/python3.8/site-packages/airflow/example_dags/example_task_group_decorator.py
[2022-08-04 00:10:04,548] {processor.py:641} INFO - Processing file /home/ndx/Innowise tasks/Innowise_task_5/airflow_env/lib/python3.8/site-packages/airflow/example_dags/example_task_group_decorator.py for tasks to queue
[2022-08-04 00:10:04,548] {logging_mixin.py:115} INFO - [2022-08-04 00:10:04,548] {dagbag.py:508} INFO - Filling up the DagBag from /home/ndx/Innowise tasks/Innowise_task_5/airflow_env/lib/python3.8/site-packages/airflow/example_dags/example_task_group_decorator.py
[2022-08-04 00:10:04,562] {processor.py:651} INFO - DAG(s) dict_keys(['example_task_group_decorator']) retrieved from /home/ndx/Innowise tasks/Innowise_task_5/airflow_env/lib/python3.8/site-packages/airflow/example_dags/example_task_group_decorator.py
[2022-08-04 00:10:04,571] {logging_mixin.py:115} INFO - [2022-08-04 00:10:04,571] {dag.py:2420} INFO - Sync 1 DAGs
[2022-08-04 00:10:04,581] {logging_mixin.py:115} INFO - [2022-08-04 00:10:04,581] {dag.py:2968} INFO - Setting next_dagrun for example_task_group_decorator to 2022-08-02T21:10:04.581529+00:00, run_after=2022-08-03T21:10:04.581529+00:00
[2022-08-04 00:10:04,590] {processor.py:161} INFO - Processing /home/ndx/Innowise tasks/Innowise_task_5/airflow_env/lib/python3.8/site-packages/airflow/example_dags/example_task_group_decorator.py took 0.050 seconds
[2022-08-04 00:10:37,657] {processor.py:153} INFO - Started process (PID=46537) to work on /home/ndx/Innowise tasks/Innowise_task_5/airflow_env/lib/python3.8/site-packages/airflow/example_dags/example_task_group_decorator.py
[2022-08-04 00:10:37,663] {processor.py:641} INFO - Processing file /home/ndx/Innowise tasks/Innowise_task_5/airflow_env/lib/python3.8/site-packages/airflow/example_dags/example_task_group_decorator.py for tasks to queue
[2022-08-04 00:10:37,663] {logging_mixin.py:115} INFO - [2022-08-04 00:10:37,663] {dagbag.py:508} INFO - Filling up the DagBag from /home/ndx/Innowise tasks/Innowise_task_5/airflow_env/lib/python3.8/site-packages/airflow/example_dags/example_task_group_decorator.py
[2022-08-04 00:10:37,676] {processor.py:651} INFO - DAG(s) dict_keys(['example_task_group_decorator']) retrieved from /home/ndx/Innowise tasks/Innowise_task_5/airflow_env/lib/python3.8/site-packages/airflow/example_dags/example_task_group_decorator.py
[2022-08-04 00:10:37,703] {logging_mixin.py:115} INFO - [2022-08-04 00:10:37,703] {dag.py:2420} INFO - Sync 1 DAGs
[2022-08-04 00:10:37,712] {logging_mixin.py:115} INFO - [2022-08-04 00:10:37,711] {dag.py:2968} INFO - Setting next_dagrun for example_task_group_decorator to 2022-08-02T21:10:37.711731+00:00, run_after=2022-08-03T21:10:37.711731+00:00
[2022-08-04 00:10:37,720] {processor.py:161} INFO - Processing /home/ndx/Innowise tasks/Innowise_task_5/airflow_env/lib/python3.8/site-packages/airflow/example_dags/example_task_group_decorator.py took 0.064 seconds
[2022-08-04 00:11:11,944] {processor.py:153} INFO - Started process (PID=46611) to work on /home/ndx/Innowise tasks/Innowise_task_5/airflow_env/lib/python3.8/site-packages/airflow/example_dags/example_task_group_decorator.py
[2022-08-04 00:11:11,949] {processor.py:641} INFO - Processing file /home/ndx/Innowise tasks/Innowise_task_5/airflow_env/lib/python3.8/site-packages/airflow/example_dags/example_task_group_decorator.py for tasks to queue
[2022-08-04 00:11:11,950] {logging_mixin.py:115} INFO - [2022-08-04 00:11:11,950] {dagbag.py:508} INFO - Filling up the DagBag from /home/ndx/Innowise tasks/Innowise_task_5/airflow_env/lib/python3.8/site-packages/airflow/example_dags/example_task_group_decorator.py
[2022-08-04 00:11:11,963] {processor.py:651} INFO - DAG(s) dict_keys(['example_task_group_decorator']) retrieved from /home/ndx/Innowise tasks/Innowise_task_5/airflow_env/lib/python3.8/site-packages/airflow/example_dags/example_task_group_decorator.py
[2022-08-04 00:11:11,972] {logging_mixin.py:115} INFO - [2022-08-04 00:11:11,972] {dag.py:2420} INFO - Sync 1 DAGs
[2022-08-04 00:11:11,982] {logging_mixin.py:115} INFO - [2022-08-04 00:11:11,982] {dag.py:2968} INFO - Setting next_dagrun for example_task_group_decorator to 2022-08-02T21:11:11.982616+00:00, run_after=2022-08-03T21:11:11.982616+00:00
[2022-08-04 00:11:11,989] {processor.py:161} INFO - Processing /home/ndx/Innowise tasks/Innowise_task_5/airflow_env/lib/python3.8/site-packages/airflow/example_dags/example_task_group_decorator.py took 0.046 seconds
[2022-08-04 00:11:44,757] {processor.py:153} INFO - Started process (PID=46664) to work on /home/ndx/Innowise tasks/Innowise_task_5/airflow_env/lib/python3.8/site-packages/airflow/example_dags/example_task_group_decorator.py
[2022-08-04 00:11:44,763] {processor.py:641} INFO - Processing file /home/ndx/Innowise tasks/Innowise_task_5/airflow_env/lib/python3.8/site-packages/airflow/example_dags/example_task_group_decorator.py for tasks to queue
[2022-08-04 00:11:44,763] {logging_mixin.py:115} INFO - [2022-08-04 00:11:44,763] {dagbag.py:508} INFO - Filling up the DagBag from /home/ndx/Innowise tasks/Innowise_task_5/airflow_env/lib/python3.8/site-packages/airflow/example_dags/example_task_group_decorator.py
[2022-08-04 00:11:44,780] {processor.py:651} INFO - DAG(s) dict_keys(['example_task_group_decorator']) retrieved from /home/ndx/Innowise tasks/Innowise_task_5/airflow_env/lib/python3.8/site-packages/airflow/example_dags/example_task_group_decorator.py
[2022-08-04 00:11:44,795] {logging_mixin.py:115} INFO - [2022-08-04 00:11:44,795] {dag.py:2420} INFO - Sync 1 DAGs
[2022-08-04 00:11:44,810] {logging_mixin.py:115} INFO - [2022-08-04 00:11:44,810] {dag.py:2968} INFO - Setting next_dagrun for example_task_group_decorator to 2022-08-02T21:11:44.810058+00:00, run_after=2022-08-03T21:11:44.810058+00:00
[2022-08-04 00:11:44,818] {processor.py:161} INFO - Processing /home/ndx/Innowise tasks/Innowise_task_5/airflow_env/lib/python3.8/site-packages/airflow/example_dags/example_task_group_decorator.py took 0.063 seconds
[2022-08-04 00:12:20,698] {processor.py:153} INFO - Started process (PID=46724) to work on /home/ndx/Innowise tasks/Innowise_task_5/airflow_env/lib/python3.8/site-packages/airflow/example_dags/example_task_group_decorator.py
[2022-08-04 00:12:20,698] {processor.py:641} INFO - Processing file /home/ndx/Innowise tasks/Innowise_task_5/airflow_env/lib/python3.8/site-packages/airflow/example_dags/example_task_group_decorator.py for tasks to queue
[2022-08-04 00:12:20,698] {logging_mixin.py:115} INFO - [2022-08-04 00:12:20,698] {dagbag.py:508} INFO - Filling up the DagBag from /home/ndx/Innowise tasks/Innowise_task_5/airflow_env/lib/python3.8/site-packages/airflow/example_dags/example_task_group_decorator.py
[2022-08-04 00:12:20,712] {processor.py:651} INFO - DAG(s) dict_keys(['example_task_group_decorator']) retrieved from /home/ndx/Innowise tasks/Innowise_task_5/airflow_env/lib/python3.8/site-packages/airflow/example_dags/example_task_group_decorator.py
[2022-08-04 00:12:20,724] {logging_mixin.py:115} INFO - [2022-08-04 00:12:20,724] {dag.py:2420} INFO - Sync 1 DAGs
[2022-08-04 00:12:20,735] {logging_mixin.py:115} INFO - [2022-08-04 00:12:20,735] {dag.py:2968} INFO - Setting next_dagrun for example_task_group_decorator to 2022-08-02T21:12:20.735636+00:00, run_after=2022-08-03T21:12:20.735636+00:00
[2022-08-04 00:12:20,742] {processor.py:161} INFO - Processing /home/ndx/Innowise tasks/Innowise_task_5/airflow_env/lib/python3.8/site-packages/airflow/example_dags/example_task_group_decorator.py took 0.046 seconds
[2022-08-04 00:12:53,836] {processor.py:153} INFO - Started process (PID=46794) to work on /home/ndx/Innowise tasks/Innowise_task_5/airflow_env/lib/python3.8/site-packages/airflow/example_dags/example_task_group_decorator.py
[2022-08-04 00:12:53,842] {processor.py:641} INFO - Processing file /home/ndx/Innowise tasks/Innowise_task_5/airflow_env/lib/python3.8/site-packages/airflow/example_dags/example_task_group_decorator.py for tasks to queue
[2022-08-04 00:12:53,842] {logging_mixin.py:115} INFO - [2022-08-04 00:12:53,842] {dagbag.py:508} INFO - Filling up the DagBag from /home/ndx/Innowise tasks/Innowise_task_5/airflow_env/lib/python3.8/site-packages/airflow/example_dags/example_task_group_decorator.py
[2022-08-04 00:12:53,857] {processor.py:651} INFO - DAG(s) dict_keys(['example_task_group_decorator']) retrieved from /home/ndx/Innowise tasks/Innowise_task_5/airflow_env/lib/python3.8/site-packages/airflow/example_dags/example_task_group_decorator.py
[2022-08-04 00:12:53,867] {logging_mixin.py:115} INFO - [2022-08-04 00:12:53,867] {dag.py:2420} INFO - Sync 1 DAGs
[2022-08-04 00:12:53,879] {logging_mixin.py:115} INFO - [2022-08-04 00:12:53,879] {dag.py:2968} INFO - Setting next_dagrun for example_task_group_decorator to 2022-08-02T21:12:53.879068+00:00, run_after=2022-08-03T21:12:53.879068+00:00
[2022-08-04 00:12:53,886] {processor.py:161} INFO - Processing /home/ndx/Innowise tasks/Innowise_task_5/airflow_env/lib/python3.8/site-packages/airflow/example_dags/example_task_group_decorator.py took 0.051 seconds
[2022-08-04 00:13:27,534] {processor.py:153} INFO - Started process (PID=46887) to work on /home/ndx/Innowise tasks/Innowise_task_5/airflow_env/lib/python3.8/site-packages/airflow/example_dags/example_task_group_decorator.py
[2022-08-04 00:13:27,540] {processor.py:641} INFO - Processing file /home/ndx/Innowise tasks/Innowise_task_5/airflow_env/lib/python3.8/site-packages/airflow/example_dags/example_task_group_decorator.py for tasks to queue
[2022-08-04 00:13:27,541] {logging_mixin.py:115} INFO - [2022-08-04 00:13:27,540] {dagbag.py:508} INFO - Filling up the DagBag from /home/ndx/Innowise tasks/Innowise_task_5/airflow_env/lib/python3.8/site-packages/airflow/example_dags/example_task_group_decorator.py
[2022-08-04 00:13:27,555] {processor.py:651} INFO - DAG(s) dict_keys(['example_task_group_decorator']) retrieved from /home/ndx/Innowise tasks/Innowise_task_5/airflow_env/lib/python3.8/site-packages/airflow/example_dags/example_task_group_decorator.py
[2022-08-04 00:13:27,564] {logging_mixin.py:115} INFO - [2022-08-04 00:13:27,564] {dag.py:2420} INFO - Sync 1 DAGs
[2022-08-04 00:13:27,574] {logging_mixin.py:115} INFO - [2022-08-04 00:13:27,574] {dag.py:2968} INFO - Setting next_dagrun for example_task_group_decorator to 2022-08-02T21:13:27.574621+00:00, run_after=2022-08-03T21:13:27.574621+00:00
[2022-08-04 00:13:27,581] {processor.py:161} INFO - Processing /home/ndx/Innowise tasks/Innowise_task_5/airflow_env/lib/python3.8/site-packages/airflow/example_dags/example_task_group_decorator.py took 0.048 seconds
[2022-08-04 00:14:02,069] {processor.py:153} INFO - Started process (PID=46952) to work on /home/ndx/Innowise tasks/Innowise_task_5/airflow_env/lib/python3.8/site-packages/airflow/example_dags/example_task_group_decorator.py
[2022-08-04 00:14:02,074] {processor.py:641} INFO - Processing file /home/ndx/Innowise tasks/Innowise_task_5/airflow_env/lib/python3.8/site-packages/airflow/example_dags/example_task_group_decorator.py for tasks to queue
[2022-08-04 00:14:02,075] {logging_mixin.py:115} INFO - [2022-08-04 00:14:02,075] {dagbag.py:508} INFO - Filling up the DagBag from /home/ndx/Innowise tasks/Innowise_task_5/airflow_env/lib/python3.8/site-packages/airflow/example_dags/example_task_group_decorator.py
[2022-08-04 00:14:02,088] {processor.py:651} INFO - DAG(s) dict_keys(['example_task_group_decorator']) retrieved from /home/ndx/Innowise tasks/Innowise_task_5/airflow_env/lib/python3.8/site-packages/airflow/example_dags/example_task_group_decorator.py
[2022-08-04 00:14:02,098] {logging_mixin.py:115} INFO - [2022-08-04 00:14:02,098] {dag.py:2420} INFO - Sync 1 DAGs
[2022-08-04 00:14:02,109] {logging_mixin.py:115} INFO - [2022-08-04 00:14:02,109] {dag.py:2968} INFO - Setting next_dagrun for example_task_group_decorator to 2022-08-02T21:14:02.109118+00:00, run_after=2022-08-03T21:14:02.109118+00:00
[2022-08-04 00:14:02,115] {processor.py:161} INFO - Processing /home/ndx/Innowise tasks/Innowise_task_5/airflow_env/lib/python3.8/site-packages/airflow/example_dags/example_task_group_decorator.py took 0.048 seconds
[2022-08-04 00:14:35,167] {processor.py:153} INFO - Started process (PID=47083) to work on /home/ndx/Innowise tasks/Innowise_task_5/airflow_env/lib/python3.8/site-packages/airflow/example_dags/example_task_group_decorator.py
[2022-08-04 00:14:35,173] {processor.py:641} INFO - Processing file /home/ndx/Innowise tasks/Innowise_task_5/airflow_env/lib/python3.8/site-packages/airflow/example_dags/example_task_group_decorator.py for tasks to queue
[2022-08-04 00:14:35,173] {logging_mixin.py:115} INFO - [2022-08-04 00:14:35,173] {dagbag.py:508} INFO - Filling up the DagBag from /home/ndx/Innowise tasks/Innowise_task_5/airflow_env/lib/python3.8/site-packages/airflow/example_dags/example_task_group_decorator.py
[2022-08-04 00:14:35,186] {processor.py:651} INFO - DAG(s) dict_keys(['example_task_group_decorator']) retrieved from /home/ndx/Innowise tasks/Innowise_task_5/airflow_env/lib/python3.8/site-packages/airflow/example_dags/example_task_group_decorator.py
[2022-08-04 00:14:35,194] {logging_mixin.py:115} INFO - [2022-08-04 00:14:35,194] {dag.py:2420} INFO - Sync 1 DAGs
[2022-08-04 00:14:35,203] {logging_mixin.py:115} INFO - [2022-08-04 00:14:35,203] {dag.py:2968} INFO - Setting next_dagrun for example_task_group_decorator to 2022-08-02T21:14:35.203302+00:00, run_after=2022-08-03T21:14:35.203302+00:00
[2022-08-04 00:14:35,209] {processor.py:161} INFO - Processing /home/ndx/Innowise tasks/Innowise_task_5/airflow_env/lib/python3.8/site-packages/airflow/example_dags/example_task_group_decorator.py took 0.043 seconds
[2022-08-04 00:15:13,486] {processor.py:153} INFO - Started process (PID=47187) to work on /home/ndx/Innowise tasks/Innowise_task_5/airflow_env/lib/python3.8/site-packages/airflow/example_dags/example_task_group_decorator.py
[2022-08-04 00:15:13,487] {processor.py:641} INFO - Processing file /home/ndx/Innowise tasks/Innowise_task_5/airflow_env/lib/python3.8/site-packages/airflow/example_dags/example_task_group_decorator.py for tasks to queue
[2022-08-04 00:15:13,487] {logging_mixin.py:115} INFO - [2022-08-04 00:15:13,487] {dagbag.py:508} INFO - Filling up the DagBag from /home/ndx/Innowise tasks/Innowise_task_5/airflow_env/lib/python3.8/site-packages/airflow/example_dags/example_task_group_decorator.py
[2022-08-04 00:15:13,499] {processor.py:651} INFO - DAG(s) dict_keys(['example_task_group_decorator']) retrieved from /home/ndx/Innowise tasks/Innowise_task_5/airflow_env/lib/python3.8/site-packages/airflow/example_dags/example_task_group_decorator.py
[2022-08-04 00:15:13,506] {logging_mixin.py:115} INFO - [2022-08-04 00:15:13,506] {dag.py:2420} INFO - Sync 1 DAGs
[2022-08-04 00:15:13,515] {logging_mixin.py:115} INFO - [2022-08-04 00:15:13,515] {dag.py:2968} INFO - Setting next_dagrun for example_task_group_decorator to 2022-08-02T21:15:13.515315+00:00, run_after=2022-08-03T21:15:13.515315+00:00
[2022-08-04 00:15:13,521] {processor.py:161} INFO - Processing /home/ndx/Innowise tasks/Innowise_task_5/airflow_env/lib/python3.8/site-packages/airflow/example_dags/example_task_group_decorator.py took 0.036 seconds
[2022-08-04 00:15:48,679] {processor.py:153} INFO - Started process (PID=47248) to work on /home/ndx/Innowise tasks/Innowise_task_5/airflow_env/lib/python3.8/site-packages/airflow/example_dags/example_task_group_decorator.py
[2022-08-04 00:15:48,684] {processor.py:641} INFO - Processing file /home/ndx/Innowise tasks/Innowise_task_5/airflow_env/lib/python3.8/site-packages/airflow/example_dags/example_task_group_decorator.py for tasks to queue
[2022-08-04 00:15:48,685] {logging_mixin.py:115} INFO - [2022-08-04 00:15:48,685] {dagbag.py:508} INFO - Filling up the DagBag from /home/ndx/Innowise tasks/Innowise_task_5/airflow_env/lib/python3.8/site-packages/airflow/example_dags/example_task_group_decorator.py
[2022-08-04 00:15:48,699] {processor.py:651} INFO - DAG(s) dict_keys(['example_task_group_decorator']) retrieved from /home/ndx/Innowise tasks/Innowise_task_5/airflow_env/lib/python3.8/site-packages/airflow/example_dags/example_task_group_decorator.py
[2022-08-04 00:15:48,723] {logging_mixin.py:115} INFO - [2022-08-04 00:15:48,723] {dag.py:2420} INFO - Sync 1 DAGs
[2022-08-04 00:15:48,732] {logging_mixin.py:115} INFO - [2022-08-04 00:15:48,732] {dag.py:2968} INFO - Setting next_dagrun for example_task_group_decorator to 2022-08-02T21:15:48.731977+00:00, run_after=2022-08-03T21:15:48.731977+00:00
[2022-08-04 00:15:48,740] {processor.py:161} INFO - Processing /home/ndx/Innowise tasks/Innowise_task_5/airflow_env/lib/python3.8/site-packages/airflow/example_dags/example_task_group_decorator.py took 0.062 seconds
[2022-08-04 00:16:22,643] {processor.py:153} INFO - Started process (PID=47329) to work on /home/ndx/Innowise tasks/Innowise_task_5/airflow_env/lib/python3.8/site-packages/airflow/example_dags/example_task_group_decorator.py
[2022-08-04 00:16:22,648] {processor.py:641} INFO - Processing file /home/ndx/Innowise tasks/Innowise_task_5/airflow_env/lib/python3.8/site-packages/airflow/example_dags/example_task_group_decorator.py for tasks to queue
[2022-08-04 00:16:22,649] {logging_mixin.py:115} INFO - [2022-08-04 00:16:22,648] {dagbag.py:508} INFO - Filling up the DagBag from /home/ndx/Innowise tasks/Innowise_task_5/airflow_env/lib/python3.8/site-packages/airflow/example_dags/example_task_group_decorator.py
[2022-08-04 00:16:22,663] {processor.py:651} INFO - DAG(s) dict_keys(['example_task_group_decorator']) retrieved from /home/ndx/Innowise tasks/Innowise_task_5/airflow_env/lib/python3.8/site-packages/airflow/example_dags/example_task_group_decorator.py
[2022-08-04 00:16:22,674] {logging_mixin.py:115} INFO - [2022-08-04 00:16:22,674] {dag.py:2420} INFO - Sync 1 DAGs
[2022-08-04 00:16:22,685] {logging_mixin.py:115} INFO - [2022-08-04 00:16:22,685] {dag.py:2968} INFO - Setting next_dagrun for example_task_group_decorator to 2022-08-02T21:16:22.685010+00:00, run_after=2022-08-03T21:16:22.685010+00:00
[2022-08-04 00:16:22,692] {processor.py:161} INFO - Processing /home/ndx/Innowise tasks/Innowise_task_5/airflow_env/lib/python3.8/site-packages/airflow/example_dags/example_task_group_decorator.py took 0.051 seconds
[2022-08-04 00:16:56,060] {processor.py:153} INFO - Started process (PID=47403) to work on /home/ndx/Innowise tasks/Innowise_task_5/airflow_env/lib/python3.8/site-packages/airflow/example_dags/example_task_group_decorator.py
[2022-08-04 00:16:56,061] {processor.py:641} INFO - Processing file /home/ndx/Innowise tasks/Innowise_task_5/airflow_env/lib/python3.8/site-packages/airflow/example_dags/example_task_group_decorator.py for tasks to queue
[2022-08-04 00:16:56,061] {logging_mixin.py:115} INFO - [2022-08-04 00:16:56,061] {dagbag.py:508} INFO - Filling up the DagBag from /home/ndx/Innowise tasks/Innowise_task_5/airflow_env/lib/python3.8/site-packages/airflow/example_dags/example_task_group_decorator.py
[2022-08-04 00:16:56,076] {processor.py:651} INFO - DAG(s) dict_keys(['example_task_group_decorator']) retrieved from /home/ndx/Innowise tasks/Innowise_task_5/airflow_env/lib/python3.8/site-packages/airflow/example_dags/example_task_group_decorator.py
[2022-08-04 00:16:56,107] {logging_mixin.py:115} INFO - [2022-08-04 00:16:56,107] {dag.py:2420} INFO - Sync 1 DAGs
[2022-08-04 00:16:56,117] {logging_mixin.py:115} INFO - [2022-08-04 00:16:56,117] {dag.py:2968} INFO - Setting next_dagrun for example_task_group_decorator to 2022-08-02T21:16:56.117031+00:00, run_after=2022-08-03T21:16:56.117031+00:00
[2022-08-04 00:16:56,126] {processor.py:161} INFO - Processing /home/ndx/Innowise tasks/Innowise_task_5/airflow_env/lib/python3.8/site-packages/airflow/example_dags/example_task_group_decorator.py took 0.068 seconds
[2022-08-04 00:17:32,020] {processor.py:153} INFO - Started process (PID=47488) to work on /home/ndx/Innowise tasks/Innowise_task_5/airflow_env/lib/python3.8/site-packages/airflow/example_dags/example_task_group_decorator.py
[2022-08-04 00:17:32,020] {processor.py:641} INFO - Processing file /home/ndx/Innowise tasks/Innowise_task_5/airflow_env/lib/python3.8/site-packages/airflow/example_dags/example_task_group_decorator.py for tasks to queue
[2022-08-04 00:17:32,020] {logging_mixin.py:115} INFO - [2022-08-04 00:17:32,020] {dagbag.py:508} INFO - Filling up the DagBag from /home/ndx/Innowise tasks/Innowise_task_5/airflow_env/lib/python3.8/site-packages/airflow/example_dags/example_task_group_decorator.py
[2022-08-04 00:17:32,033] {processor.py:651} INFO - DAG(s) dict_keys(['example_task_group_decorator']) retrieved from /home/ndx/Innowise tasks/Innowise_task_5/airflow_env/lib/python3.8/site-packages/airflow/example_dags/example_task_group_decorator.py
[2022-08-04 00:17:32,057] {logging_mixin.py:115} INFO - [2022-08-04 00:17:32,057] {dag.py:2420} INFO - Sync 1 DAGs
[2022-08-04 00:17:32,064] {logging_mixin.py:115} INFO - [2022-08-04 00:17:32,064] {dag.py:2968} INFO - Setting next_dagrun for example_task_group_decorator to 2022-08-02T21:17:32.064708+00:00, run_after=2022-08-03T21:17:32.064708+00:00
[2022-08-04 00:17:32,071] {processor.py:161} INFO - Processing /home/ndx/Innowise tasks/Innowise_task_5/airflow_env/lib/python3.8/site-packages/airflow/example_dags/example_task_group_decorator.py took 0.053 seconds
[2022-08-04 00:18:11,475] {processor.py:153} INFO - Started process (PID=47574) to work on /home/ndx/Innowise tasks/Innowise_task_5/airflow_env/lib/python3.8/site-packages/airflow/example_dags/example_task_group_decorator.py
[2022-08-04 00:18:11,475] {processor.py:641} INFO - Processing file /home/ndx/Innowise tasks/Innowise_task_5/airflow_env/lib/python3.8/site-packages/airflow/example_dags/example_task_group_decorator.py for tasks to queue
[2022-08-04 00:18:11,476] {logging_mixin.py:115} INFO - [2022-08-04 00:18:11,476] {dagbag.py:508} INFO - Filling up the DagBag from /home/ndx/Innowise tasks/Innowise_task_5/airflow_env/lib/python3.8/site-packages/airflow/example_dags/example_task_group_decorator.py
[2022-08-04 00:18:11,490] {processor.py:651} INFO - DAG(s) dict_keys(['example_task_group_decorator']) retrieved from /home/ndx/Innowise tasks/Innowise_task_5/airflow_env/lib/python3.8/site-packages/airflow/example_dags/example_task_group_decorator.py
[2022-08-04 00:18:11,501] {logging_mixin.py:115} INFO - [2022-08-04 00:18:11,501] {dag.py:2420} INFO - Sync 1 DAGs
[2022-08-04 00:18:11,513] {logging_mixin.py:115} INFO - [2022-08-04 00:18:11,513] {dag.py:2968} INFO - Setting next_dagrun for example_task_group_decorator to 2022-08-02T21:18:11.513454+00:00, run_after=2022-08-03T21:18:11.513454+00:00
[2022-08-04 00:18:11,520] {processor.py:161} INFO - Processing /home/ndx/Innowise tasks/Innowise_task_5/airflow_env/lib/python3.8/site-packages/airflow/example_dags/example_task_group_decorator.py took 0.047 seconds
[2022-08-04 00:18:45,005] {processor.py:153} INFO - Started process (PID=47614) to work on /home/ndx/Innowise tasks/Innowise_task_5/airflow_env/lib/python3.8/site-packages/airflow/example_dags/example_task_group_decorator.py
[2022-08-04 00:18:45,010] {processor.py:641} INFO - Processing file /home/ndx/Innowise tasks/Innowise_task_5/airflow_env/lib/python3.8/site-packages/airflow/example_dags/example_task_group_decorator.py for tasks to queue
[2022-08-04 00:18:45,011] {logging_mixin.py:115} INFO - [2022-08-04 00:18:45,011] {dagbag.py:508} INFO - Filling up the DagBag from /home/ndx/Innowise tasks/Innowise_task_5/airflow_env/lib/python3.8/site-packages/airflow/example_dags/example_task_group_decorator.py
[2022-08-04 00:18:45,026] {processor.py:651} INFO - DAG(s) dict_keys(['example_task_group_decorator']) retrieved from /home/ndx/Innowise tasks/Innowise_task_5/airflow_env/lib/python3.8/site-packages/airflow/example_dags/example_task_group_decorator.py
[2022-08-04 00:18:45,036] {logging_mixin.py:115} INFO - [2022-08-04 00:18:45,036] {dag.py:2420} INFO - Sync 1 DAGs
[2022-08-04 00:18:45,047] {logging_mixin.py:115} INFO - [2022-08-04 00:18:45,047] {dag.py:2968} INFO - Setting next_dagrun for example_task_group_decorator to 2022-08-02T21:18:45.047189+00:00, run_after=2022-08-03T21:18:45.047189+00:00
[2022-08-04 00:18:45,053] {processor.py:161} INFO - Processing /home/ndx/Innowise tasks/Innowise_task_5/airflow_env/lib/python3.8/site-packages/airflow/example_dags/example_task_group_decorator.py took 0.050 seconds
[2022-08-04 00:19:21,092] {processor.py:153} INFO - Started process (PID=47812) to work on /home/ndx/Innowise tasks/Innowise_task_5/airflow_env/lib/python3.8/site-packages/airflow/example_dags/example_task_group_decorator.py
[2022-08-04 00:19:21,098] {processor.py:641} INFO - Processing file /home/ndx/Innowise tasks/Innowise_task_5/airflow_env/lib/python3.8/site-packages/airflow/example_dags/example_task_group_decorator.py for tasks to queue
[2022-08-04 00:19:21,098] {logging_mixin.py:115} INFO - [2022-08-04 00:19:21,098] {dagbag.py:508} INFO - Filling up the DagBag from /home/ndx/Innowise tasks/Innowise_task_5/airflow_env/lib/python3.8/site-packages/airflow/example_dags/example_task_group_decorator.py
[2022-08-04 00:19:21,112] {processor.py:651} INFO - DAG(s) dict_keys(['example_task_group_decorator']) retrieved from /home/ndx/Innowise tasks/Innowise_task_5/airflow_env/lib/python3.8/site-packages/airflow/example_dags/example_task_group_decorator.py
[2022-08-04 00:19:21,122] {logging_mixin.py:115} INFO - [2022-08-04 00:19:21,122] {dag.py:2420} INFO - Sync 1 DAGs
[2022-08-04 00:19:21,133] {logging_mixin.py:115} INFO - [2022-08-04 00:19:21,133] {dag.py:2968} INFO - Setting next_dagrun for example_task_group_decorator to 2022-08-02T21:19:21.133130+00:00, run_after=2022-08-03T21:19:21.133130+00:00
[2022-08-04 00:19:21,139] {processor.py:161} INFO - Processing /home/ndx/Innowise tasks/Innowise_task_5/airflow_env/lib/python3.8/site-packages/airflow/example_dags/example_task_group_decorator.py took 0.049 seconds
[2022-08-04 00:19:52,784] {processor.py:153} INFO - Started process (PID=47892) to work on /home/ndx/Innowise tasks/Innowise_task_5/airflow_env/lib/python3.8/site-packages/airflow/example_dags/example_task_group_decorator.py
[2022-08-04 00:19:52,789] {processor.py:641} INFO - Processing file /home/ndx/Innowise tasks/Innowise_task_5/airflow_env/lib/python3.8/site-packages/airflow/example_dags/example_task_group_decorator.py for tasks to queue
[2022-08-04 00:19:52,790] {logging_mixin.py:115} INFO - [2022-08-04 00:19:52,790] {dagbag.py:508} INFO - Filling up the DagBag from /home/ndx/Innowise tasks/Innowise_task_5/airflow_env/lib/python3.8/site-packages/airflow/example_dags/example_task_group_decorator.py
[2022-08-04 00:19:52,804] {processor.py:651} INFO - DAG(s) dict_keys(['example_task_group_decorator']) retrieved from /home/ndx/Innowise tasks/Innowise_task_5/airflow_env/lib/python3.8/site-packages/airflow/example_dags/example_task_group_decorator.py
[2022-08-04 00:19:52,813] {logging_mixin.py:115} INFO - [2022-08-04 00:19:52,813] {dag.py:2420} INFO - Sync 1 DAGs
[2022-08-04 00:19:52,824] {logging_mixin.py:115} INFO - [2022-08-04 00:19:52,824] {dag.py:2968} INFO - Setting next_dagrun for example_task_group_decorator to 2022-08-02T21:19:52.823925+00:00, run_after=2022-08-03T21:19:52.823925+00:00
[2022-08-04 00:19:52,830] {processor.py:161} INFO - Processing /home/ndx/Innowise tasks/Innowise_task_5/airflow_env/lib/python3.8/site-packages/airflow/example_dags/example_task_group_decorator.py took 0.048 seconds
[2022-08-04 00:20:27,863] {processor.py:153} INFO - Started process (PID=47982) to work on /home/ndx/Innowise tasks/Innowise_task_5/airflow_env/lib/python3.8/site-packages/airflow/example_dags/example_task_group_decorator.py
[2022-08-04 00:20:27,868] {processor.py:641} INFO - Processing file /home/ndx/Innowise tasks/Innowise_task_5/airflow_env/lib/python3.8/site-packages/airflow/example_dags/example_task_group_decorator.py for tasks to queue
[2022-08-04 00:20:27,868] {logging_mixin.py:115} INFO - [2022-08-04 00:20:27,868] {dagbag.py:508} INFO - Filling up the DagBag from /home/ndx/Innowise tasks/Innowise_task_5/airflow_env/lib/python3.8/site-packages/airflow/example_dags/example_task_group_decorator.py
[2022-08-04 00:20:27,884] {processor.py:651} INFO - DAG(s) dict_keys(['example_task_group_decorator']) retrieved from /home/ndx/Innowise tasks/Innowise_task_5/airflow_env/lib/python3.8/site-packages/airflow/example_dags/example_task_group_decorator.py
[2022-08-04 00:20:27,916] {logging_mixin.py:115} INFO - [2022-08-04 00:20:27,916] {dag.py:2420} INFO - Sync 1 DAGs
[2022-08-04 00:20:27,925] {logging_mixin.py:115} INFO - [2022-08-04 00:20:27,925] {dag.py:2968} INFO - Setting next_dagrun for example_task_group_decorator to 2022-08-02T21:20:27.924823+00:00, run_after=2022-08-03T21:20:27.924823+00:00
[2022-08-04 00:20:27,933] {processor.py:161} INFO - Processing /home/ndx/Innowise tasks/Innowise_task_5/airflow_env/lib/python3.8/site-packages/airflow/example_dags/example_task_group_decorator.py took 0.072 seconds
[2022-08-04 00:21:00,822] {processor.py:153} INFO - Started process (PID=48053) to work on /home/ndx/Innowise tasks/Innowise_task_5/airflow_env/lib/python3.8/site-packages/airflow/example_dags/example_task_group_decorator.py
[2022-08-04 00:21:00,827] {processor.py:641} INFO - Processing file /home/ndx/Innowise tasks/Innowise_task_5/airflow_env/lib/python3.8/site-packages/airflow/example_dags/example_task_group_decorator.py for tasks to queue
[2022-08-04 00:21:00,828] {logging_mixin.py:115} INFO - [2022-08-04 00:21:00,828] {dagbag.py:508} INFO - Filling up the DagBag from /home/ndx/Innowise tasks/Innowise_task_5/airflow_env/lib/python3.8/site-packages/airflow/example_dags/example_task_group_decorator.py
[2022-08-04 00:21:00,845] {processor.py:651} INFO - DAG(s) dict_keys(['example_task_group_decorator']) retrieved from /home/ndx/Innowise tasks/Innowise_task_5/airflow_env/lib/python3.8/site-packages/airflow/example_dags/example_task_group_decorator.py
[2022-08-04 00:21:00,855] {logging_mixin.py:115} INFO - [2022-08-04 00:21:00,855] {dag.py:2420} INFO - Sync 1 DAGs
[2022-08-04 00:21:00,869] {logging_mixin.py:115} INFO - [2022-08-04 00:21:00,869] {dag.py:2968} INFO - Setting next_dagrun for example_task_group_decorator to 2022-08-02T21:21:00.869094+00:00, run_after=2022-08-03T21:21:00.869094+00:00
[2022-08-04 00:21:00,877] {processor.py:161} INFO - Processing /home/ndx/Innowise tasks/Innowise_task_5/airflow_env/lib/python3.8/site-packages/airflow/example_dags/example_task_group_decorator.py took 0.058 seconds
[2022-08-04 00:21:33,924] {processor.py:153} INFO - Started process (PID=48150) to work on /home/ndx/Innowise tasks/Innowise_task_5/airflow_env/lib/python3.8/site-packages/airflow/example_dags/example_task_group_decorator.py
[2022-08-04 00:21:33,930] {processor.py:641} INFO - Processing file /home/ndx/Innowise tasks/Innowise_task_5/airflow_env/lib/python3.8/site-packages/airflow/example_dags/example_task_group_decorator.py for tasks to queue
[2022-08-04 00:21:33,930] {logging_mixin.py:115} INFO - [2022-08-04 00:21:33,930] {dagbag.py:508} INFO - Filling up the DagBag from /home/ndx/Innowise tasks/Innowise_task_5/airflow_env/lib/python3.8/site-packages/airflow/example_dags/example_task_group_decorator.py
[2022-08-04 00:21:33,944] {processor.py:651} INFO - DAG(s) dict_keys(['example_task_group_decorator']) retrieved from /home/ndx/Innowise tasks/Innowise_task_5/airflow_env/lib/python3.8/site-packages/airflow/example_dags/example_task_group_decorator.py
[2022-08-04 00:21:33,953] {logging_mixin.py:115} INFO - [2022-08-04 00:21:33,953] {dag.py:2420} INFO - Sync 1 DAGs
[2022-08-04 00:21:33,964] {logging_mixin.py:115} INFO - [2022-08-04 00:21:33,964] {dag.py:2968} INFO - Setting next_dagrun for example_task_group_decorator to 2022-08-02T21:21:33.964057+00:00, run_after=2022-08-03T21:21:33.964057+00:00
[2022-08-04 00:21:33,970] {processor.py:161} INFO - Processing /home/ndx/Innowise tasks/Innowise_task_5/airflow_env/lib/python3.8/site-packages/airflow/example_dags/example_task_group_decorator.py took 0.048 seconds
[2022-08-04 00:22:09,146] {processor.py:153} INFO - Started process (PID=48200) to work on /home/ndx/Innowise tasks/Innowise_task_5/airflow_env/lib/python3.8/site-packages/airflow/example_dags/example_task_group_decorator.py
[2022-08-04 00:22:09,151] {processor.py:641} INFO - Processing file /home/ndx/Innowise tasks/Innowise_task_5/airflow_env/lib/python3.8/site-packages/airflow/example_dags/example_task_group_decorator.py for tasks to queue
[2022-08-04 00:22:09,152] {logging_mixin.py:115} INFO - [2022-08-04 00:22:09,152] {dagbag.py:508} INFO - Filling up the DagBag from /home/ndx/Innowise tasks/Innowise_task_5/airflow_env/lib/python3.8/site-packages/airflow/example_dags/example_task_group_decorator.py
[2022-08-04 00:22:09,166] {processor.py:651} INFO - DAG(s) dict_keys(['example_task_group_decorator']) retrieved from /home/ndx/Innowise tasks/Innowise_task_5/airflow_env/lib/python3.8/site-packages/airflow/example_dags/example_task_group_decorator.py
[2022-08-04 00:22:09,177] {logging_mixin.py:115} INFO - [2022-08-04 00:22:09,177] {dag.py:2420} INFO - Sync 1 DAGs
[2022-08-04 00:22:09,188] {logging_mixin.py:115} INFO - [2022-08-04 00:22:09,188] {dag.py:2968} INFO - Setting next_dagrun for example_task_group_decorator to 2022-08-02T21:22:09.188656+00:00, run_after=2022-08-03T21:22:09.188656+00:00
[2022-08-04 00:22:09,195] {processor.py:161} INFO - Processing /home/ndx/Innowise tasks/Innowise_task_5/airflow_env/lib/python3.8/site-packages/airflow/example_dags/example_task_group_decorator.py took 0.052 seconds
[2022-08-04 00:22:43,952] {processor.py:153} INFO - Started process (PID=48270) to work on /home/ndx/Innowise tasks/Innowise_task_5/airflow_env/lib/python3.8/site-packages/airflow/example_dags/example_task_group_decorator.py
[2022-08-04 00:22:43,957] {processor.py:641} INFO - Processing file /home/ndx/Innowise tasks/Innowise_task_5/airflow_env/lib/python3.8/site-packages/airflow/example_dags/example_task_group_decorator.py for tasks to queue
[2022-08-04 00:22:43,958] {logging_mixin.py:115} INFO - [2022-08-04 00:22:43,958] {dagbag.py:508} INFO - Filling up the DagBag from /home/ndx/Innowise tasks/Innowise_task_5/airflow_env/lib/python3.8/site-packages/airflow/example_dags/example_task_group_decorator.py
[2022-08-04 00:22:43,971] {processor.py:651} INFO - DAG(s) dict_keys(['example_task_group_decorator']) retrieved from /home/ndx/Innowise tasks/Innowise_task_5/airflow_env/lib/python3.8/site-packages/airflow/example_dags/example_task_group_decorator.py
[2022-08-04 00:22:43,980] {logging_mixin.py:115} INFO - [2022-08-04 00:22:43,980] {dag.py:2420} INFO - Sync 1 DAGs
[2022-08-04 00:22:43,990] {logging_mixin.py:115} INFO - [2022-08-04 00:22:43,990] {dag.py:2968} INFO - Setting next_dagrun for example_task_group_decorator to 2022-08-02T21:22:43.990643+00:00, run_after=2022-08-03T21:22:43.990643+00:00
[2022-08-04 00:22:43,997] {processor.py:161} INFO - Processing /home/ndx/Innowise tasks/Innowise_task_5/airflow_env/lib/python3.8/site-packages/airflow/example_dags/example_task_group_decorator.py took 0.046 seconds
[2022-08-04 00:23:19,774] {processor.py:153} INFO - Started process (PID=48324) to work on /home/ndx/Innowise tasks/Innowise_task_5/airflow_env/lib/python3.8/site-packages/airflow/example_dags/example_task_group_decorator.py
[2022-08-04 00:23:19,780] {processor.py:641} INFO - Processing file /home/ndx/Innowise tasks/Innowise_task_5/airflow_env/lib/python3.8/site-packages/airflow/example_dags/example_task_group_decorator.py for tasks to queue
[2022-08-04 00:23:19,780] {logging_mixin.py:115} INFO - [2022-08-04 00:23:19,780] {dagbag.py:508} INFO - Filling up the DagBag from /home/ndx/Innowise tasks/Innowise_task_5/airflow_env/lib/python3.8/site-packages/airflow/example_dags/example_task_group_decorator.py
[2022-08-04 00:23:19,794] {processor.py:651} INFO - DAG(s) dict_keys(['example_task_group_decorator']) retrieved from /home/ndx/Innowise tasks/Innowise_task_5/airflow_env/lib/python3.8/site-packages/airflow/example_dags/example_task_group_decorator.py
[2022-08-04 00:23:19,819] {logging_mixin.py:115} INFO - [2022-08-04 00:23:19,819] {dag.py:2420} INFO - Sync 1 DAGs
[2022-08-04 00:23:19,826] {logging_mixin.py:115} INFO - [2022-08-04 00:23:19,826] {dag.py:2968} INFO - Setting next_dagrun for example_task_group_decorator to 2022-08-02T21:23:19.826769+00:00, run_after=2022-08-03T21:23:19.826769+00:00
[2022-08-04 00:23:19,834] {processor.py:161} INFO - Processing /home/ndx/Innowise tasks/Innowise_task_5/airflow_env/lib/python3.8/site-packages/airflow/example_dags/example_task_group_decorator.py took 0.061 seconds
[2022-08-04 00:23:36,658] {processor.py:153} INFO - Started process (PID=48363) to work on /home/ndx/Innowise tasks/Innowise_task_5/airflow_env/lib/python3.8/site-packages/airflow/example_dags/example_task_group_decorator.py
[2022-08-04 00:23:36,664] {processor.py:641} INFO - Processing file /home/ndx/Innowise tasks/Innowise_task_5/airflow_env/lib/python3.8/site-packages/airflow/example_dags/example_task_group_decorator.py for tasks to queue
[2022-08-04 00:23:36,664] {logging_mixin.py:115} INFO - [2022-08-04 00:23:36,664] {dagbag.py:508} INFO - Filling up the DagBag from /home/ndx/Innowise tasks/Innowise_task_5/airflow_env/lib/python3.8/site-packages/airflow/example_dags/example_task_group_decorator.py
[2022-08-04 00:23:36,678] {processor.py:651} INFO - DAG(s) dict_keys(['example_task_group_decorator']) retrieved from /home/ndx/Innowise tasks/Innowise_task_5/airflow_env/lib/python3.8/site-packages/airflow/example_dags/example_task_group_decorator.py
[2022-08-04 00:23:36,683] {logging_mixin.py:115} INFO - [2022-08-04 00:23:36,683] {dag.py:2420} INFO - Sync 1 DAGs
[2022-08-04 00:23:36,693] {logging_mixin.py:115} INFO - [2022-08-04 00:23:36,693] {dag.py:2968} INFO - Setting next_dagrun for example_task_group_decorator to 2022-08-02T21:23:36.692846+00:00, run_after=2022-08-03T21:23:36.692846+00:00
[2022-08-04 00:23:36,705] {processor.py:161} INFO - Processing /home/ndx/Innowise tasks/Innowise_task_5/airflow_env/lib/python3.8/site-packages/airflow/example_dags/example_task_group_decorator.py took 0.048 seconds
[2022-08-04 00:24:08,437] {processor.py:153} INFO - Started process (PID=48480) to work on /home/ndx/Innowise tasks/Innowise_task_5/airflow_env/lib/python3.8/site-packages/airflow/example_dags/example_task_group_decorator.py
[2022-08-04 00:24:08,443] {processor.py:641} INFO - Processing file /home/ndx/Innowise tasks/Innowise_task_5/airflow_env/lib/python3.8/site-packages/airflow/example_dags/example_task_group_decorator.py for tasks to queue
[2022-08-04 00:24:08,443] {logging_mixin.py:115} INFO - [2022-08-04 00:24:08,443] {dagbag.py:508} INFO - Filling up the DagBag from /home/ndx/Innowise tasks/Innowise_task_5/airflow_env/lib/python3.8/site-packages/airflow/example_dags/example_task_group_decorator.py
[2022-08-04 00:24:08,458] {processor.py:651} INFO - DAG(s) dict_keys(['example_task_group_decorator']) retrieved from /home/ndx/Innowise tasks/Innowise_task_5/airflow_env/lib/python3.8/site-packages/airflow/example_dags/example_task_group_decorator.py
[2022-08-04 00:24:08,483] {logging_mixin.py:115} INFO - [2022-08-04 00:24:08,483] {dag.py:2420} INFO - Sync 1 DAGs
[2022-08-04 00:24:08,490] {logging_mixin.py:115} INFO - [2022-08-04 00:24:08,490] {dag.py:2968} INFO - Setting next_dagrun for example_task_group_decorator to 2022-08-02T21:24:08.490568+00:00, run_after=2022-08-03T21:24:08.490568+00:00
[2022-08-04 00:24:08,497] {processor.py:161} INFO - Processing /home/ndx/Innowise tasks/Innowise_task_5/airflow_env/lib/python3.8/site-packages/airflow/example_dags/example_task_group_decorator.py took 0.062 seconds
[2022-08-04 00:24:24,606] {processor.py:153} INFO - Started process (PID=48517) to work on /home/ndx/Innowise tasks/Innowise_task_5/airflow_env/lib/python3.8/site-packages/airflow/example_dags/example_task_group_decorator.py
[2022-08-04 00:24:24,611] {processor.py:641} INFO - Processing file /home/ndx/Innowise tasks/Innowise_task_5/airflow_env/lib/python3.8/site-packages/airflow/example_dags/example_task_group_decorator.py for tasks to queue
[2022-08-04 00:24:24,612] {logging_mixin.py:115} INFO - [2022-08-04 00:24:24,612] {dagbag.py:508} INFO - Filling up the DagBag from /home/ndx/Innowise tasks/Innowise_task_5/airflow_env/lib/python3.8/site-packages/airflow/example_dags/example_task_group_decorator.py
[2022-08-04 00:24:24,626] {processor.py:651} INFO - DAG(s) dict_keys(['example_task_group_decorator']) retrieved from /home/ndx/Innowise tasks/Innowise_task_5/airflow_env/lib/python3.8/site-packages/airflow/example_dags/example_task_group_decorator.py
[2022-08-04 00:24:24,631] {logging_mixin.py:115} INFO - [2022-08-04 00:24:24,631] {dag.py:2420} INFO - Sync 1 DAGs
[2022-08-04 00:24:24,640] {logging_mixin.py:115} INFO - [2022-08-04 00:24:24,640] {dag.py:2968} INFO - Setting next_dagrun for example_task_group_decorator to 2022-08-02T21:24:24.640352+00:00, run_after=2022-08-03T21:24:24.640352+00:00
[2022-08-04 00:24:24,648] {processor.py:161} INFO - Processing /home/ndx/Innowise tasks/Innowise_task_5/airflow_env/lib/python3.8/site-packages/airflow/example_dags/example_task_group_decorator.py took 0.044 seconds
[2022-08-04 00:24:42,335] {processor.py:153} INFO - Started process (PID=48558) to work on /home/ndx/Innowise tasks/Innowise_task_5/airflow_env/lib/python3.8/site-packages/airflow/example_dags/example_task_group_decorator.py
[2022-08-04 00:24:42,341] {processor.py:641} INFO - Processing file /home/ndx/Innowise tasks/Innowise_task_5/airflow_env/lib/python3.8/site-packages/airflow/example_dags/example_task_group_decorator.py for tasks to queue
[2022-08-04 00:24:42,341] {logging_mixin.py:115} INFO - [2022-08-04 00:24:42,341] {dagbag.py:508} INFO - Filling up the DagBag from /home/ndx/Innowise tasks/Innowise_task_5/airflow_env/lib/python3.8/site-packages/airflow/example_dags/example_task_group_decorator.py
[2022-08-04 00:24:42,355] {processor.py:651} INFO - DAG(s) dict_keys(['example_task_group_decorator']) retrieved from /home/ndx/Innowise tasks/Innowise_task_5/airflow_env/lib/python3.8/site-packages/airflow/example_dags/example_task_group_decorator.py
[2022-08-04 00:24:42,380] {logging_mixin.py:115} INFO - [2022-08-04 00:24:42,380] {dag.py:2420} INFO - Sync 1 DAGs
[2022-08-04 00:24:42,387] {logging_mixin.py:115} INFO - [2022-08-04 00:24:42,387] {dag.py:2968} INFO - Setting next_dagrun for example_task_group_decorator to 2022-08-02T21:24:42.387753+00:00, run_after=2022-08-03T21:24:42.387753+00:00
[2022-08-04 00:24:42,395] {processor.py:161} INFO - Processing /home/ndx/Innowise tasks/Innowise_task_5/airflow_env/lib/python3.8/site-packages/airflow/example_dags/example_task_group_decorator.py took 0.061 seconds
