[2022-08-04 00:00:35,248] {processor.py:153} INFO - Started process (PID=44871) to work on /home/ndx/Innowise tasks/Innowise_task_5/airflow_env/lib/python3.8/site-packages/airflow/example_dags/example_dag_decorator.py
[2022-08-04 00:00:35,248] {processor.py:641} INFO - Processing file /home/ndx/Innowise tasks/Innowise_task_5/airflow_env/lib/python3.8/site-packages/airflow/example_dags/example_dag_decorator.py for tasks to queue
[2022-08-04 00:00:35,249] {logging_mixin.py:115} INFO - [2022-08-04 00:00:35,248] {dagbag.py:508} INFO - Filling up the DagBag from /home/ndx/Innowise tasks/Innowise_task_5/airflow_env/lib/python3.8/site-packages/airflow/example_dags/example_dag_decorator.py
[2022-08-04 00:00:35,260] {processor.py:651} INFO - DAG(s) dict_keys(['example_dag_decorator']) retrieved from /home/ndx/Innowise tasks/Innowise_task_5/airflow_env/lib/python3.8/site-packages/airflow/example_dags/example_dag_decorator.py
[2022-08-04 00:00:35,284] {logging_mixin.py:115} INFO - [2022-08-04 00:00:35,284] {dag.py:2420} INFO - Sync 1 DAGs
[2022-08-04 00:00:35,291] {logging_mixin.py:115} INFO - [2022-08-04 00:00:35,291] {dag.py:2968} INFO - Setting next_dagrun for example_dag_decorator to None, run_after=None
[2022-08-04 00:00:35,299] {processor.py:161} INFO - Processing /home/ndx/Innowise tasks/Innowise_task_5/airflow_env/lib/python3.8/site-packages/airflow/example_dags/example_dag_decorator.py took 0.052 seconds
[2022-08-04 00:01:06,188] {processor.py:153} INFO - Started process (PID=45012) to work on /home/ndx/Innowise tasks/Innowise_task_5/airflow_env/lib/python3.8/site-packages/airflow/example_dags/example_dag_decorator.py
[2022-08-04 00:01:06,194] {processor.py:641} INFO - Processing file /home/ndx/Innowise tasks/Innowise_task_5/airflow_env/lib/python3.8/site-packages/airflow/example_dags/example_dag_decorator.py for tasks to queue
[2022-08-04 00:01:06,194] {logging_mixin.py:115} INFO - [2022-08-04 00:01:06,194] {dagbag.py:508} INFO - Filling up the DagBag from /home/ndx/Innowise tasks/Innowise_task_5/airflow_env/lib/python3.8/site-packages/airflow/example_dags/example_dag_decorator.py
[2022-08-04 00:01:06,207] {processor.py:651} INFO - DAG(s) dict_keys(['example_dag_decorator']) retrieved from /home/ndx/Innowise tasks/Innowise_task_5/airflow_env/lib/python3.8/site-packages/airflow/example_dags/example_dag_decorator.py
[2022-08-04 00:01:06,230] {logging_mixin.py:115} INFO - [2022-08-04 00:01:06,230] {dag.py:2420} INFO - Sync 1 DAGs
[2022-08-04 00:01:06,237] {logging_mixin.py:115} INFO - [2022-08-04 00:01:06,237] {dag.py:2968} INFO - Setting next_dagrun for example_dag_decorator to None, run_after=None
[2022-08-04 00:01:06,244] {processor.py:161} INFO - Processing /home/ndx/Innowise tasks/Innowise_task_5/airflow_env/lib/python3.8/site-packages/airflow/example_dags/example_dag_decorator.py took 0.058 seconds
[2022-08-04 00:01:42,223] {processor.py:153} INFO - Started process (PID=45100) to work on /home/ndx/Innowise tasks/Innowise_task_5/airflow_env/lib/python3.8/site-packages/airflow/example_dags/example_dag_decorator.py
[2022-08-04 00:01:42,224] {processor.py:641} INFO - Processing file /home/ndx/Innowise tasks/Innowise_task_5/airflow_env/lib/python3.8/site-packages/airflow/example_dags/example_dag_decorator.py for tasks to queue
[2022-08-04 00:01:42,224] {logging_mixin.py:115} INFO - [2022-08-04 00:01:42,224] {dagbag.py:508} INFO - Filling up the DagBag from /home/ndx/Innowise tasks/Innowise_task_5/airflow_env/lib/python3.8/site-packages/airflow/example_dags/example_dag_decorator.py
[2022-08-04 00:01:42,236] {processor.py:651} INFO - DAG(s) dict_keys(['example_dag_decorator']) retrieved from /home/ndx/Innowise tasks/Innowise_task_5/airflow_env/lib/python3.8/site-packages/airflow/example_dags/example_dag_decorator.py
[2022-08-04 00:01:42,261] {logging_mixin.py:115} INFO - [2022-08-04 00:01:42,261] {dag.py:2420} INFO - Sync 1 DAGs
[2022-08-04 00:01:42,269] {logging_mixin.py:115} INFO - [2022-08-04 00:01:42,269] {dag.py:2968} INFO - Setting next_dagrun for example_dag_decorator to None, run_after=None
[2022-08-04 00:01:42,276] {processor.py:161} INFO - Processing /home/ndx/Innowise tasks/Innowise_task_5/airflow_env/lib/python3.8/site-packages/airflow/example_dags/example_dag_decorator.py took 0.054 seconds
[2022-08-04 00:02:17,797] {processor.py:153} INFO - Started process (PID=45262) to work on /home/ndx/Innowise tasks/Innowise_task_5/airflow_env/lib/python3.8/site-packages/airflow/example_dags/example_dag_decorator.py
[2022-08-04 00:02:17,798] {processor.py:641} INFO - Processing file /home/ndx/Innowise tasks/Innowise_task_5/airflow_env/lib/python3.8/site-packages/airflow/example_dags/example_dag_decorator.py for tasks to queue
[2022-08-04 00:02:17,798] {logging_mixin.py:115} INFO - [2022-08-04 00:02:17,798] {dagbag.py:508} INFO - Filling up the DagBag from /home/ndx/Innowise tasks/Innowise_task_5/airflow_env/lib/python3.8/site-packages/airflow/example_dags/example_dag_decorator.py
[2022-08-04 00:02:17,809] {processor.py:651} INFO - DAG(s) dict_keys(['example_dag_decorator']) retrieved from /home/ndx/Innowise tasks/Innowise_task_5/airflow_env/lib/python3.8/site-packages/airflow/example_dags/example_dag_decorator.py
[2022-08-04 00:02:17,832] {logging_mixin.py:115} INFO - [2022-08-04 00:02:17,832] {dag.py:2420} INFO - Sync 1 DAGs
[2022-08-04 00:02:17,839] {logging_mixin.py:115} INFO - [2022-08-04 00:02:17,839] {dag.py:2968} INFO - Setting next_dagrun for example_dag_decorator to None, run_after=None
[2022-08-04 00:02:17,846] {processor.py:161} INFO - Processing /home/ndx/Innowise tasks/Innowise_task_5/airflow_env/lib/python3.8/site-packages/airflow/example_dags/example_dag_decorator.py took 0.050 seconds
[2022-08-04 00:02:52,363] {processor.py:153} INFO - Started process (PID=45344) to work on /home/ndx/Innowise tasks/Innowise_task_5/airflow_env/lib/python3.8/site-packages/airflow/example_dags/example_dag_decorator.py
[2022-08-04 00:02:52,369] {processor.py:641} INFO - Processing file /home/ndx/Innowise tasks/Innowise_task_5/airflow_env/lib/python3.8/site-packages/airflow/example_dags/example_dag_decorator.py for tasks to queue
[2022-08-04 00:02:52,369] {logging_mixin.py:115} INFO - [2022-08-04 00:02:52,369] {dagbag.py:508} INFO - Filling up the DagBag from /home/ndx/Innowise tasks/Innowise_task_5/airflow_env/lib/python3.8/site-packages/airflow/example_dags/example_dag_decorator.py
[2022-08-04 00:02:52,382] {processor.py:651} INFO - DAG(s) dict_keys(['example_dag_decorator']) retrieved from /home/ndx/Innowise tasks/Innowise_task_5/airflow_env/lib/python3.8/site-packages/airflow/example_dags/example_dag_decorator.py
[2022-08-04 00:02:52,404] {logging_mixin.py:115} INFO - [2022-08-04 00:02:52,404] {dag.py:2420} INFO - Sync 1 DAGs
[2022-08-04 00:02:52,411] {logging_mixin.py:115} INFO - [2022-08-04 00:02:52,411] {dag.py:2968} INFO - Setting next_dagrun for example_dag_decorator to None, run_after=None
[2022-08-04 00:02:52,418] {processor.py:161} INFO - Processing /home/ndx/Innowise tasks/Innowise_task_5/airflow_env/lib/python3.8/site-packages/airflow/example_dags/example_dag_decorator.py took 0.056 seconds
[2022-08-04 00:03:26,303] {processor.py:153} INFO - Started process (PID=45399) to work on /home/ndx/Innowise tasks/Innowise_task_5/airflow_env/lib/python3.8/site-packages/airflow/example_dags/example_dag_decorator.py
[2022-08-04 00:03:26,309] {processor.py:641} INFO - Processing file /home/ndx/Innowise tasks/Innowise_task_5/airflow_env/lib/python3.8/site-packages/airflow/example_dags/example_dag_decorator.py for tasks to queue
[2022-08-04 00:03:26,309] {logging_mixin.py:115} INFO - [2022-08-04 00:03:26,309] {dagbag.py:508} INFO - Filling up the DagBag from /home/ndx/Innowise tasks/Innowise_task_5/airflow_env/lib/python3.8/site-packages/airflow/example_dags/example_dag_decorator.py
[2022-08-04 00:03:26,320] {processor.py:651} INFO - DAG(s) dict_keys(['example_dag_decorator']) retrieved from /home/ndx/Innowise tasks/Innowise_task_5/airflow_env/lib/python3.8/site-packages/airflow/example_dags/example_dag_decorator.py
[2022-08-04 00:03:26,341] {logging_mixin.py:115} INFO - [2022-08-04 00:03:26,341] {dag.py:2420} INFO - Sync 1 DAGs
[2022-08-04 00:03:26,347] {logging_mixin.py:115} INFO - [2022-08-04 00:03:26,347] {dag.py:2968} INFO - Setting next_dagrun for example_dag_decorator to None, run_after=None
[2022-08-04 00:03:26,354] {processor.py:161} INFO - Processing /home/ndx/Innowise tasks/Innowise_task_5/airflow_env/lib/python3.8/site-packages/airflow/example_dags/example_dag_decorator.py took 0.051 seconds
[2022-08-04 00:04:02,303] {processor.py:153} INFO - Started process (PID=45474) to work on /home/ndx/Innowise tasks/Innowise_task_5/airflow_env/lib/python3.8/site-packages/airflow/example_dags/example_dag_decorator.py
[2022-08-04 00:04:02,304] {processor.py:641} INFO - Processing file /home/ndx/Innowise tasks/Innowise_task_5/airflow_env/lib/python3.8/site-packages/airflow/example_dags/example_dag_decorator.py for tasks to queue
[2022-08-04 00:04:02,304] {logging_mixin.py:115} INFO - [2022-08-04 00:04:02,304] {dagbag.py:508} INFO - Filling up the DagBag from /home/ndx/Innowise tasks/Innowise_task_5/airflow_env/lib/python3.8/site-packages/airflow/example_dags/example_dag_decorator.py
[2022-08-04 00:04:02,316] {processor.py:651} INFO - DAG(s) dict_keys(['example_dag_decorator']) retrieved from /home/ndx/Innowise tasks/Innowise_task_5/airflow_env/lib/python3.8/site-packages/airflow/example_dags/example_dag_decorator.py
[2022-08-04 00:04:02,339] {logging_mixin.py:115} INFO - [2022-08-04 00:04:02,339] {dag.py:2420} INFO - Sync 1 DAGs
[2022-08-04 00:04:02,346] {logging_mixin.py:115} INFO - [2022-08-04 00:04:02,346] {dag.py:2968} INFO - Setting next_dagrun for example_dag_decorator to None, run_after=None
[2022-08-04 00:04:02,352] {processor.py:161} INFO - Processing /home/ndx/Innowise tasks/Innowise_task_5/airflow_env/lib/python3.8/site-packages/airflow/example_dags/example_dag_decorator.py took 0.051 seconds
[2022-08-04 00:04:36,813] {processor.py:153} INFO - Started process (PID=45525) to work on /home/ndx/Innowise tasks/Innowise_task_5/airflow_env/lib/python3.8/site-packages/airflow/example_dags/example_dag_decorator.py
[2022-08-04 00:04:36,818] {processor.py:641} INFO - Processing file /home/ndx/Innowise tasks/Innowise_task_5/airflow_env/lib/python3.8/site-packages/airflow/example_dags/example_dag_decorator.py for tasks to queue
[2022-08-04 00:04:36,819] {logging_mixin.py:115} INFO - [2022-08-04 00:04:36,819] {dagbag.py:508} INFO - Filling up the DagBag from /home/ndx/Innowise tasks/Innowise_task_5/airflow_env/lib/python3.8/site-packages/airflow/example_dags/example_dag_decorator.py
[2022-08-04 00:04:36,832] {processor.py:651} INFO - DAG(s) dict_keys(['example_dag_decorator']) retrieved from /home/ndx/Innowise tasks/Innowise_task_5/airflow_env/lib/python3.8/site-packages/airflow/example_dags/example_dag_decorator.py
[2022-08-04 00:04:36,857] {logging_mixin.py:115} INFO - [2022-08-04 00:04:36,857] {dag.py:2420} INFO - Sync 1 DAGs
[2022-08-04 00:04:36,865] {logging_mixin.py:115} INFO - [2022-08-04 00:04:36,865] {dag.py:2968} INFO - Setting next_dagrun for example_dag_decorator to None, run_after=None
[2022-08-04 00:04:36,872] {processor.py:161} INFO - Processing /home/ndx/Innowise tasks/Innowise_task_5/airflow_env/lib/python3.8/site-packages/airflow/example_dags/example_dag_decorator.py took 0.060 seconds
[2022-08-04 00:05:09,116] {processor.py:153} INFO - Started process (PID=45673) to work on /home/ndx/Innowise tasks/Innowise_task_5/airflow_env/lib/python3.8/site-packages/airflow/example_dags/example_dag_decorator.py
[2022-08-04 00:05:09,116] {processor.py:641} INFO - Processing file /home/ndx/Innowise tasks/Innowise_task_5/airflow_env/lib/python3.8/site-packages/airflow/example_dags/example_dag_decorator.py for tasks to queue
[2022-08-04 00:05:09,116] {logging_mixin.py:115} INFO - [2022-08-04 00:05:09,116] {dagbag.py:508} INFO - Filling up the DagBag from /home/ndx/Innowise tasks/Innowise_task_5/airflow_env/lib/python3.8/site-packages/airflow/example_dags/example_dag_decorator.py
[2022-08-04 00:05:09,129] {processor.py:651} INFO - DAG(s) dict_keys(['example_dag_decorator']) retrieved from /home/ndx/Innowise tasks/Innowise_task_5/airflow_env/lib/python3.8/site-packages/airflow/example_dags/example_dag_decorator.py
[2022-08-04 00:05:09,144] {logging_mixin.py:115} INFO - [2022-08-04 00:05:09,144] {dag.py:2420} INFO - Sync 1 DAGs
[2022-08-04 00:05:09,159] {logging_mixin.py:115} INFO - [2022-08-04 00:05:09,159] {dag.py:2968} INFO - Setting next_dagrun for example_dag_decorator to None, run_after=None
[2022-08-04 00:05:09,168] {processor.py:161} INFO - Processing /home/ndx/Innowise tasks/Innowise_task_5/airflow_env/lib/python3.8/site-packages/airflow/example_dags/example_dag_decorator.py took 0.055 seconds
[2022-08-04 00:05:43,761] {processor.py:153} INFO - Started process (PID=45794) to work on /home/ndx/Innowise tasks/Innowise_task_5/airflow_env/lib/python3.8/site-packages/airflow/example_dags/example_dag_decorator.py
[2022-08-04 00:05:43,761] {processor.py:641} INFO - Processing file /home/ndx/Innowise tasks/Innowise_task_5/airflow_env/lib/python3.8/site-packages/airflow/example_dags/example_dag_decorator.py for tasks to queue
[2022-08-04 00:05:43,761] {logging_mixin.py:115} INFO - [2022-08-04 00:05:43,761] {dagbag.py:508} INFO - Filling up the DagBag from /home/ndx/Innowise tasks/Innowise_task_5/airflow_env/lib/python3.8/site-packages/airflow/example_dags/example_dag_decorator.py
[2022-08-04 00:05:43,773] {processor.py:651} INFO - DAG(s) dict_keys(['example_dag_decorator']) retrieved from /home/ndx/Innowise tasks/Innowise_task_5/airflow_env/lib/python3.8/site-packages/airflow/example_dags/example_dag_decorator.py
[2022-08-04 00:05:43,797] {logging_mixin.py:115} INFO - [2022-08-04 00:05:43,797] {dag.py:2420} INFO - Sync 1 DAGs
[2022-08-04 00:05:43,804] {logging_mixin.py:115} INFO - [2022-08-04 00:05:43,804] {dag.py:2968} INFO - Setting next_dagrun for example_dag_decorator to None, run_after=None
[2022-08-04 00:05:43,811] {processor.py:161} INFO - Processing /home/ndx/Innowise tasks/Innowise_task_5/airflow_env/lib/python3.8/site-packages/airflow/example_dags/example_dag_decorator.py took 0.051 seconds
[2022-08-04 00:06:17,352] {processor.py:153} INFO - Started process (PID=45876) to work on /home/ndx/Innowise tasks/Innowise_task_5/airflow_env/lib/python3.8/site-packages/airflow/example_dags/example_dag_decorator.py
[2022-08-04 00:06:17,357] {processor.py:641} INFO - Processing file /home/ndx/Innowise tasks/Innowise_task_5/airflow_env/lib/python3.8/site-packages/airflow/example_dags/example_dag_decorator.py for tasks to queue
[2022-08-04 00:06:17,357] {logging_mixin.py:115} INFO - [2022-08-04 00:06:17,357] {dagbag.py:508} INFO - Filling up the DagBag from /home/ndx/Innowise tasks/Innowise_task_5/airflow_env/lib/python3.8/site-packages/airflow/example_dags/example_dag_decorator.py
[2022-08-04 00:06:17,370] {processor.py:651} INFO - DAG(s) dict_keys(['example_dag_decorator']) retrieved from /home/ndx/Innowise tasks/Innowise_task_5/airflow_env/lib/python3.8/site-packages/airflow/example_dags/example_dag_decorator.py
[2022-08-04 00:06:17,379] {logging_mixin.py:115} INFO - [2022-08-04 00:06:17,379] {dag.py:2420} INFO - Sync 1 DAGs
[2022-08-04 00:06:17,389] {logging_mixin.py:115} INFO - [2022-08-04 00:06:17,389] {dag.py:2968} INFO - Setting next_dagrun for example_dag_decorator to None, run_after=None
[2022-08-04 00:06:17,396] {processor.py:161} INFO - Processing /home/ndx/Innowise tasks/Innowise_task_5/airflow_env/lib/python3.8/site-packages/airflow/example_dags/example_dag_decorator.py took 0.046 seconds
[2022-08-04 00:06:52,272] {processor.py:153} INFO - Started process (PID=45958) to work on /home/ndx/Innowise tasks/Innowise_task_5/airflow_env/lib/python3.8/site-packages/airflow/example_dags/example_dag_decorator.py
[2022-08-04 00:06:52,277] {processor.py:641} INFO - Processing file /home/ndx/Innowise tasks/Innowise_task_5/airflow_env/lib/python3.8/site-packages/airflow/example_dags/example_dag_decorator.py for tasks to queue
[2022-08-04 00:06:52,278] {logging_mixin.py:115} INFO - [2022-08-04 00:06:52,278] {dagbag.py:508} INFO - Filling up the DagBag from /home/ndx/Innowise tasks/Innowise_task_5/airflow_env/lib/python3.8/site-packages/airflow/example_dags/example_dag_decorator.py
[2022-08-04 00:06:52,290] {processor.py:651} INFO - DAG(s) dict_keys(['example_dag_decorator']) retrieved from /home/ndx/Innowise tasks/Innowise_task_5/airflow_env/lib/python3.8/site-packages/airflow/example_dags/example_dag_decorator.py
[2022-08-04 00:06:52,299] {logging_mixin.py:115} INFO - [2022-08-04 00:06:52,299] {dag.py:2420} INFO - Sync 1 DAGs
[2022-08-04 00:06:52,309] {logging_mixin.py:115} INFO - [2022-08-04 00:06:52,309] {dag.py:2968} INFO - Setting next_dagrun for example_dag_decorator to None, run_after=None
[2022-08-04 00:06:52,315] {processor.py:161} INFO - Processing /home/ndx/Innowise tasks/Innowise_task_5/airflow_env/lib/python3.8/site-packages/airflow/example_dags/example_dag_decorator.py took 0.045 seconds
[2022-08-04 00:07:24,798] {processor.py:153} INFO - Started process (PID=46033) to work on /home/ndx/Innowise tasks/Innowise_task_5/airflow_env/lib/python3.8/site-packages/airflow/example_dags/example_dag_decorator.py
[2022-08-04 00:07:24,803] {processor.py:641} INFO - Processing file /home/ndx/Innowise tasks/Innowise_task_5/airflow_env/lib/python3.8/site-packages/airflow/example_dags/example_dag_decorator.py for tasks to queue
[2022-08-04 00:07:24,804] {logging_mixin.py:115} INFO - [2022-08-04 00:07:24,804] {dagbag.py:508} INFO - Filling up the DagBag from /home/ndx/Innowise tasks/Innowise_task_5/airflow_env/lib/python3.8/site-packages/airflow/example_dags/example_dag_decorator.py
[2022-08-04 00:07:24,816] {processor.py:651} INFO - DAG(s) dict_keys(['example_dag_decorator']) retrieved from /home/ndx/Innowise tasks/Innowise_task_5/airflow_env/lib/python3.8/site-packages/airflow/example_dags/example_dag_decorator.py
[2022-08-04 00:07:24,825] {logging_mixin.py:115} INFO - [2022-08-04 00:07:24,825] {dag.py:2420} INFO - Sync 1 DAGs
[2022-08-04 00:07:24,835] {logging_mixin.py:115} INFO - [2022-08-04 00:07:24,835] {dag.py:2968} INFO - Setting next_dagrun for example_dag_decorator to None, run_after=None
[2022-08-04 00:07:24,842] {processor.py:161} INFO - Processing /home/ndx/Innowise tasks/Innowise_task_5/airflow_env/lib/python3.8/site-packages/airflow/example_dags/example_dag_decorator.py took 0.045 seconds
[2022-08-04 00:07:57,870] {processor.py:153} INFO - Started process (PID=46114) to work on /home/ndx/Innowise tasks/Innowise_task_5/airflow_env/lib/python3.8/site-packages/airflow/example_dags/example_dag_decorator.py
[2022-08-04 00:07:57,875] {processor.py:641} INFO - Processing file /home/ndx/Innowise tasks/Innowise_task_5/airflow_env/lib/python3.8/site-packages/airflow/example_dags/example_dag_decorator.py for tasks to queue
[2022-08-04 00:07:57,876] {logging_mixin.py:115} INFO - [2022-08-04 00:07:57,876] {dagbag.py:508} INFO - Filling up the DagBag from /home/ndx/Innowise tasks/Innowise_task_5/airflow_env/lib/python3.8/site-packages/airflow/example_dags/example_dag_decorator.py
[2022-08-04 00:07:57,888] {processor.py:651} INFO - DAG(s) dict_keys(['example_dag_decorator']) retrieved from /home/ndx/Innowise tasks/Innowise_task_5/airflow_env/lib/python3.8/site-packages/airflow/example_dags/example_dag_decorator.py
[2022-08-04 00:07:57,896] {logging_mixin.py:115} INFO - [2022-08-04 00:07:57,896] {dag.py:2420} INFO - Sync 1 DAGs
[2022-08-04 00:07:57,906] {logging_mixin.py:115} INFO - [2022-08-04 00:07:57,906] {dag.py:2968} INFO - Setting next_dagrun for example_dag_decorator to None, run_after=None
[2022-08-04 00:07:57,912] {processor.py:161} INFO - Processing /home/ndx/Innowise tasks/Innowise_task_5/airflow_env/lib/python3.8/site-packages/airflow/example_dags/example_dag_decorator.py took 0.044 seconds
[2022-08-04 00:08:33,440] {processor.py:153} INFO - Started process (PID=46171) to work on /home/ndx/Innowise tasks/Innowise_task_5/airflow_env/lib/python3.8/site-packages/airflow/example_dags/example_dag_decorator.py
[2022-08-04 00:08:33,446] {processor.py:641} INFO - Processing file /home/ndx/Innowise tasks/Innowise_task_5/airflow_env/lib/python3.8/site-packages/airflow/example_dags/example_dag_decorator.py for tasks to queue
[2022-08-04 00:08:33,446] {logging_mixin.py:115} INFO - [2022-08-04 00:08:33,446] {dagbag.py:508} INFO - Filling up the DagBag from /home/ndx/Innowise tasks/Innowise_task_5/airflow_env/lib/python3.8/site-packages/airflow/example_dags/example_dag_decorator.py
[2022-08-04 00:08:33,458] {processor.py:651} INFO - DAG(s) dict_keys(['example_dag_decorator']) retrieved from /home/ndx/Innowise tasks/Innowise_task_5/airflow_env/lib/python3.8/site-packages/airflow/example_dags/example_dag_decorator.py
[2022-08-04 00:08:33,482] {logging_mixin.py:115} INFO - [2022-08-04 00:08:33,482] {dag.py:2420} INFO - Sync 1 DAGs
[2022-08-04 00:08:33,490] {logging_mixin.py:115} INFO - [2022-08-04 00:08:33,490] {dag.py:2968} INFO - Setting next_dagrun for example_dag_decorator to None, run_after=None
[2022-08-04 00:08:33,497] {processor.py:161} INFO - Processing /home/ndx/Innowise tasks/Innowise_task_5/airflow_env/lib/python3.8/site-packages/airflow/example_dags/example_dag_decorator.py took 0.058 seconds
[2022-08-04 00:09:06,001] {processor.py:153} INFO - Started process (PID=46299) to work on /home/ndx/Innowise tasks/Innowise_task_5/airflow_env/lib/python3.8/site-packages/airflow/example_dags/example_dag_decorator.py
[2022-08-04 00:09:06,006] {processor.py:641} INFO - Processing file /home/ndx/Innowise tasks/Innowise_task_5/airflow_env/lib/python3.8/site-packages/airflow/example_dags/example_dag_decorator.py for tasks to queue
[2022-08-04 00:09:06,007] {logging_mixin.py:115} INFO - [2022-08-04 00:09:06,007] {dagbag.py:508} INFO - Filling up the DagBag from /home/ndx/Innowise tasks/Innowise_task_5/airflow_env/lib/python3.8/site-packages/airflow/example_dags/example_dag_decorator.py
[2022-08-04 00:09:06,020] {processor.py:651} INFO - DAG(s) dict_keys(['example_dag_decorator']) retrieved from /home/ndx/Innowise tasks/Innowise_task_5/airflow_env/lib/python3.8/site-packages/airflow/example_dags/example_dag_decorator.py
[2022-08-04 00:09:06,051] {logging_mixin.py:115} INFO - [2022-08-04 00:09:06,051] {dag.py:2420} INFO - Sync 1 DAGs
[2022-08-04 00:09:06,059] {logging_mixin.py:115} INFO - [2022-08-04 00:09:06,059] {dag.py:2968} INFO - Setting next_dagrun for example_dag_decorator to None, run_after=None
[2022-08-04 00:09:06,067] {processor.py:161} INFO - Processing /home/ndx/Innowise tasks/Innowise_task_5/airflow_env/lib/python3.8/site-packages/airflow/example_dags/example_dag_decorator.py took 0.068 seconds
[2022-08-04 00:09:44,811] {processor.py:153} INFO - Started process (PID=46387) to work on /home/ndx/Innowise tasks/Innowise_task_5/airflow_env/lib/python3.8/site-packages/airflow/example_dags/example_dag_decorator.py
[2022-08-04 00:09:44,816] {processor.py:641} INFO - Processing file /home/ndx/Innowise tasks/Innowise_task_5/airflow_env/lib/python3.8/site-packages/airflow/example_dags/example_dag_decorator.py for tasks to queue
[2022-08-04 00:09:44,817] {logging_mixin.py:115} INFO - [2022-08-04 00:09:44,817] {dagbag.py:508} INFO - Filling up the DagBag from /home/ndx/Innowise tasks/Innowise_task_5/airflow_env/lib/python3.8/site-packages/airflow/example_dags/example_dag_decorator.py
[2022-08-04 00:09:44,830] {processor.py:651} INFO - DAG(s) dict_keys(['example_dag_decorator']) retrieved from /home/ndx/Innowise tasks/Innowise_task_5/airflow_env/lib/python3.8/site-packages/airflow/example_dags/example_dag_decorator.py
[2022-08-04 00:09:44,839] {logging_mixin.py:115} INFO - [2022-08-04 00:09:44,839] {dag.py:2420} INFO - Sync 1 DAGs
[2022-08-04 00:09:44,849] {logging_mixin.py:115} INFO - [2022-08-04 00:09:44,849] {dag.py:2968} INFO - Setting next_dagrun for example_dag_decorator to None, run_after=None
[2022-08-04 00:09:44,857] {processor.py:161} INFO - Processing /home/ndx/Innowise tasks/Innowise_task_5/airflow_env/lib/python3.8/site-packages/airflow/example_dags/example_dag_decorator.py took 0.047 seconds
[2022-08-04 00:10:17,393] {processor.py:153} INFO - Started process (PID=46473) to work on /home/ndx/Innowise tasks/Innowise_task_5/airflow_env/lib/python3.8/site-packages/airflow/example_dags/example_dag_decorator.py
[2022-08-04 00:10:17,398] {processor.py:641} INFO - Processing file /home/ndx/Innowise tasks/Innowise_task_5/airflow_env/lib/python3.8/site-packages/airflow/example_dags/example_dag_decorator.py for tasks to queue
[2022-08-04 00:10:17,399] {logging_mixin.py:115} INFO - [2022-08-04 00:10:17,399] {dagbag.py:508} INFO - Filling up the DagBag from /home/ndx/Innowise tasks/Innowise_task_5/airflow_env/lib/python3.8/site-packages/airflow/example_dags/example_dag_decorator.py
[2022-08-04 00:10:17,411] {processor.py:651} INFO - DAG(s) dict_keys(['example_dag_decorator']) retrieved from /home/ndx/Innowise tasks/Innowise_task_5/airflow_env/lib/python3.8/site-packages/airflow/example_dags/example_dag_decorator.py
[2022-08-04 00:10:17,421] {logging_mixin.py:115} INFO - [2022-08-04 00:10:17,420] {dag.py:2420} INFO - Sync 1 DAGs
[2022-08-04 00:10:17,432] {logging_mixin.py:115} INFO - [2022-08-04 00:10:17,432] {dag.py:2968} INFO - Setting next_dagrun for example_dag_decorator to None, run_after=None
[2022-08-04 00:10:17,439] {processor.py:161} INFO - Processing /home/ndx/Innowise tasks/Innowise_task_5/airflow_env/lib/python3.8/site-packages/airflow/example_dags/example_dag_decorator.py took 0.047 seconds
[2022-08-04 00:10:51,639] {processor.py:153} INFO - Started process (PID=46555) to work on /home/ndx/Innowise tasks/Innowise_task_5/airflow_env/lib/python3.8/site-packages/airflow/example_dags/example_dag_decorator.py
[2022-08-04 00:10:51,644] {processor.py:641} INFO - Processing file /home/ndx/Innowise tasks/Innowise_task_5/airflow_env/lib/python3.8/site-packages/airflow/example_dags/example_dag_decorator.py for tasks to queue
[2022-08-04 00:10:51,645] {logging_mixin.py:115} INFO - [2022-08-04 00:10:51,645] {dagbag.py:508} INFO - Filling up the DagBag from /home/ndx/Innowise tasks/Innowise_task_5/airflow_env/lib/python3.8/site-packages/airflow/example_dags/example_dag_decorator.py
[2022-08-04 00:10:51,658] {processor.py:651} INFO - DAG(s) dict_keys(['example_dag_decorator']) retrieved from /home/ndx/Innowise tasks/Innowise_task_5/airflow_env/lib/python3.8/site-packages/airflow/example_dags/example_dag_decorator.py
[2022-08-04 00:10:51,680] {logging_mixin.py:115} INFO - [2022-08-04 00:10:51,680] {dag.py:2420} INFO - Sync 1 DAGs
[2022-08-04 00:10:51,687] {logging_mixin.py:115} INFO - [2022-08-04 00:10:51,687] {dag.py:2968} INFO - Setting next_dagrun for example_dag_decorator to None, run_after=None
[2022-08-04 00:10:51,694] {processor.py:161} INFO - Processing /home/ndx/Innowise tasks/Innowise_task_5/airflow_env/lib/python3.8/site-packages/airflow/example_dags/example_dag_decorator.py took 0.057 seconds
[2022-08-04 00:11:24,190] {processor.py:153} INFO - Started process (PID=46625) to work on /home/ndx/Innowise tasks/Innowise_task_5/airflow_env/lib/python3.8/site-packages/airflow/example_dags/example_dag_decorator.py
[2022-08-04 00:11:24,190] {processor.py:641} INFO - Processing file /home/ndx/Innowise tasks/Innowise_task_5/airflow_env/lib/python3.8/site-packages/airflow/example_dags/example_dag_decorator.py for tasks to queue
[2022-08-04 00:11:24,190] {logging_mixin.py:115} INFO - [2022-08-04 00:11:24,190] {dagbag.py:508} INFO - Filling up the DagBag from /home/ndx/Innowise tasks/Innowise_task_5/airflow_env/lib/python3.8/site-packages/airflow/example_dags/example_dag_decorator.py
[2022-08-04 00:11:24,202] {processor.py:651} INFO - DAG(s) dict_keys(['example_dag_decorator']) retrieved from /home/ndx/Innowise tasks/Innowise_task_5/airflow_env/lib/python3.8/site-packages/airflow/example_dags/example_dag_decorator.py
[2022-08-04 00:11:24,210] {logging_mixin.py:115} INFO - [2022-08-04 00:11:24,210] {dag.py:2420} INFO - Sync 1 DAGs
[2022-08-04 00:11:24,220] {logging_mixin.py:115} INFO - [2022-08-04 00:11:24,220] {dag.py:2968} INFO - Setting next_dagrun for example_dag_decorator to None, run_after=None
[2022-08-04 00:11:24,226] {processor.py:161} INFO - Processing /home/ndx/Innowise tasks/Innowise_task_5/airflow_env/lib/python3.8/site-packages/airflow/example_dags/example_dag_decorator.py took 0.038 seconds
[2022-08-04 00:11:59,585] {processor.py:153} INFO - Started process (PID=46686) to work on /home/ndx/Innowise tasks/Innowise_task_5/airflow_env/lib/python3.8/site-packages/airflow/example_dags/example_dag_decorator.py
[2022-08-04 00:11:59,591] {processor.py:641} INFO - Processing file /home/ndx/Innowise tasks/Innowise_task_5/airflow_env/lib/python3.8/site-packages/airflow/example_dags/example_dag_decorator.py for tasks to queue
[2022-08-04 00:11:59,591] {logging_mixin.py:115} INFO - [2022-08-04 00:11:59,591] {dagbag.py:508} INFO - Filling up the DagBag from /home/ndx/Innowise tasks/Innowise_task_5/airflow_env/lib/python3.8/site-packages/airflow/example_dags/example_dag_decorator.py
[2022-08-04 00:11:59,604] {processor.py:651} INFO - DAG(s) dict_keys(['example_dag_decorator']) retrieved from /home/ndx/Innowise tasks/Innowise_task_5/airflow_env/lib/python3.8/site-packages/airflow/example_dags/example_dag_decorator.py
[2022-08-04 00:11:59,612] {logging_mixin.py:115} INFO - [2022-08-04 00:11:59,612] {dag.py:2420} INFO - Sync 1 DAGs
[2022-08-04 00:11:59,622] {logging_mixin.py:115} INFO - [2022-08-04 00:11:59,622] {dag.py:2968} INFO - Setting next_dagrun for example_dag_decorator to None, run_after=None
[2022-08-04 00:11:59,628] {processor.py:161} INFO - Processing /home/ndx/Innowise tasks/Innowise_task_5/airflow_env/lib/python3.8/site-packages/airflow/example_dags/example_dag_decorator.py took 0.044 seconds
[2022-08-04 00:12:33,560] {processor.py:153} INFO - Started process (PID=46739) to work on /home/ndx/Innowise tasks/Innowise_task_5/airflow_env/lib/python3.8/site-packages/airflow/example_dags/example_dag_decorator.py
[2022-08-04 00:12:33,566] {processor.py:641} INFO - Processing file /home/ndx/Innowise tasks/Innowise_task_5/airflow_env/lib/python3.8/site-packages/airflow/example_dags/example_dag_decorator.py for tasks to queue
[2022-08-04 00:12:33,566] {logging_mixin.py:115} INFO - [2022-08-04 00:12:33,566] {dagbag.py:508} INFO - Filling up the DagBag from /home/ndx/Innowise tasks/Innowise_task_5/airflow_env/lib/python3.8/site-packages/airflow/example_dags/example_dag_decorator.py
[2022-08-04 00:12:33,579] {processor.py:651} INFO - DAG(s) dict_keys(['example_dag_decorator']) retrieved from /home/ndx/Innowise tasks/Innowise_task_5/airflow_env/lib/python3.8/site-packages/airflow/example_dags/example_dag_decorator.py
[2022-08-04 00:12:33,587] {logging_mixin.py:115} INFO - [2022-08-04 00:12:33,587] {dag.py:2420} INFO - Sync 1 DAGs
[2022-08-04 00:12:33,597] {logging_mixin.py:115} INFO - [2022-08-04 00:12:33,597] {dag.py:2968} INFO - Setting next_dagrun for example_dag_decorator to None, run_after=None
[2022-08-04 00:12:33,604] {processor.py:161} INFO - Processing /home/ndx/Innowise tasks/Innowise_task_5/airflow_env/lib/python3.8/site-packages/airflow/example_dags/example_dag_decorator.py took 0.046 seconds
[2022-08-04 00:13:08,106] {processor.py:153} INFO - Started process (PID=46809) to work on /home/ndx/Innowise tasks/Innowise_task_5/airflow_env/lib/python3.8/site-packages/airflow/example_dags/example_dag_decorator.py
[2022-08-04 00:13:08,112] {processor.py:641} INFO - Processing file /home/ndx/Innowise tasks/Innowise_task_5/airflow_env/lib/python3.8/site-packages/airflow/example_dags/example_dag_decorator.py for tasks to queue
[2022-08-04 00:13:08,112] {logging_mixin.py:115} INFO - [2022-08-04 00:13:08,112] {dagbag.py:508} INFO - Filling up the DagBag from /home/ndx/Innowise tasks/Innowise_task_5/airflow_env/lib/python3.8/site-packages/airflow/example_dags/example_dag_decorator.py
[2022-08-04 00:13:08,124] {processor.py:651} INFO - DAG(s) dict_keys(['example_dag_decorator']) retrieved from /home/ndx/Innowise tasks/Innowise_task_5/airflow_env/lib/python3.8/site-packages/airflow/example_dags/example_dag_decorator.py
[2022-08-04 00:13:08,133] {logging_mixin.py:115} INFO - [2022-08-04 00:13:08,133] {dag.py:2420} INFO - Sync 1 DAGs
[2022-08-04 00:13:08,143] {logging_mixin.py:115} INFO - [2022-08-04 00:13:08,143] {dag.py:2968} INFO - Setting next_dagrun for example_dag_decorator to None, run_after=None
[2022-08-04 00:13:08,149] {processor.py:161} INFO - Processing /home/ndx/Innowise tasks/Innowise_task_5/airflow_env/lib/python3.8/site-packages/airflow/example_dags/example_dag_decorator.py took 0.044 seconds
[2022-08-04 00:13:42,338] {processor.py:153} INFO - Started process (PID=46922) to work on /home/ndx/Innowise tasks/Innowise_task_5/airflow_env/lib/python3.8/site-packages/airflow/example_dags/example_dag_decorator.py
[2022-08-04 00:13:42,343] {processor.py:641} INFO - Processing file /home/ndx/Innowise tasks/Innowise_task_5/airflow_env/lib/python3.8/site-packages/airflow/example_dags/example_dag_decorator.py for tasks to queue
[2022-08-04 00:13:42,343] {logging_mixin.py:115} INFO - [2022-08-04 00:13:42,343] {dagbag.py:508} INFO - Filling up the DagBag from /home/ndx/Innowise tasks/Innowise_task_5/airflow_env/lib/python3.8/site-packages/airflow/example_dags/example_dag_decorator.py
[2022-08-04 00:13:42,355] {processor.py:651} INFO - DAG(s) dict_keys(['example_dag_decorator']) retrieved from /home/ndx/Innowise tasks/Innowise_task_5/airflow_env/lib/python3.8/site-packages/airflow/example_dags/example_dag_decorator.py
[2022-08-04 00:13:42,364] {logging_mixin.py:115} INFO - [2022-08-04 00:13:42,364] {dag.py:2420} INFO - Sync 1 DAGs
[2022-08-04 00:13:42,373] {logging_mixin.py:115} INFO - [2022-08-04 00:13:42,373] {dag.py:2968} INFO - Setting next_dagrun for example_dag_decorator to None, run_after=None
[2022-08-04 00:13:42,380] {processor.py:161} INFO - Processing /home/ndx/Innowise tasks/Innowise_task_5/airflow_env/lib/python3.8/site-packages/airflow/example_dags/example_dag_decorator.py took 0.044 seconds
[2022-08-04 00:14:14,891] {processor.py:153} INFO - Started process (PID=47010) to work on /home/ndx/Innowise tasks/Innowise_task_5/airflow_env/lib/python3.8/site-packages/airflow/example_dags/example_dag_decorator.py
[2022-08-04 00:14:14,897] {processor.py:641} INFO - Processing file /home/ndx/Innowise tasks/Innowise_task_5/airflow_env/lib/python3.8/site-packages/airflow/example_dags/example_dag_decorator.py for tasks to queue
[2022-08-04 00:14:14,897] {logging_mixin.py:115} INFO - [2022-08-04 00:14:14,897] {dagbag.py:508} INFO - Filling up the DagBag from /home/ndx/Innowise tasks/Innowise_task_5/airflow_env/lib/python3.8/site-packages/airflow/example_dags/example_dag_decorator.py
[2022-08-04 00:14:14,910] {processor.py:651} INFO - DAG(s) dict_keys(['example_dag_decorator']) retrieved from /home/ndx/Innowise tasks/Innowise_task_5/airflow_env/lib/python3.8/site-packages/airflow/example_dags/example_dag_decorator.py
[2022-08-04 00:14:14,920] {logging_mixin.py:115} INFO - [2022-08-04 00:14:14,920] {dag.py:2420} INFO - Sync 1 DAGs
[2022-08-04 00:14:14,934] {logging_mixin.py:115} INFO - [2022-08-04 00:14:14,934] {dag.py:2968} INFO - Setting next_dagrun for example_dag_decorator to None, run_after=None
[2022-08-04 00:14:14,948] {processor.py:161} INFO - Processing /home/ndx/Innowise tasks/Innowise_task_5/airflow_env/lib/python3.8/site-packages/airflow/example_dags/example_dag_decorator.py took 0.058 seconds
[2022-08-04 00:14:49,818] {processor.py:153} INFO - Started process (PID=47115) to work on /home/ndx/Innowise tasks/Innowise_task_5/airflow_env/lib/python3.8/site-packages/airflow/example_dags/example_dag_decorator.py
[2022-08-04 00:14:49,823] {processor.py:641} INFO - Processing file /home/ndx/Innowise tasks/Innowise_task_5/airflow_env/lib/python3.8/site-packages/airflow/example_dags/example_dag_decorator.py for tasks to queue
[2022-08-04 00:14:49,824] {logging_mixin.py:115} INFO - [2022-08-04 00:14:49,823] {dagbag.py:508} INFO - Filling up the DagBag from /home/ndx/Innowise tasks/Innowise_task_5/airflow_env/lib/python3.8/site-packages/airflow/example_dags/example_dag_decorator.py
[2022-08-04 00:14:49,836] {processor.py:651} INFO - DAG(s) dict_keys(['example_dag_decorator']) retrieved from /home/ndx/Innowise tasks/Innowise_task_5/airflow_env/lib/python3.8/site-packages/airflow/example_dags/example_dag_decorator.py
[2022-08-04 00:14:49,845] {logging_mixin.py:115} INFO - [2022-08-04 00:14:49,845] {dag.py:2420} INFO - Sync 1 DAGs
[2022-08-04 00:14:49,855] {logging_mixin.py:115} INFO - [2022-08-04 00:14:49,855] {dag.py:2968} INFO - Setting next_dagrun for example_dag_decorator to None, run_after=None
[2022-08-04 00:14:49,863] {processor.py:161} INFO - Processing /home/ndx/Innowise tasks/Innowise_task_5/airflow_env/lib/python3.8/site-packages/airflow/example_dags/example_dag_decorator.py took 0.047 seconds
[2022-08-04 00:15:28,102] {processor.py:153} INFO - Started process (PID=47226) to work on /home/ndx/Innowise tasks/Innowise_task_5/airflow_env/lib/python3.8/site-packages/airflow/example_dags/example_dag_decorator.py
[2022-08-04 00:15:28,107] {processor.py:641} INFO - Processing file /home/ndx/Innowise tasks/Innowise_task_5/airflow_env/lib/python3.8/site-packages/airflow/example_dags/example_dag_decorator.py for tasks to queue
[2022-08-04 00:15:28,108] {logging_mixin.py:115} INFO - [2022-08-04 00:15:28,108] {dagbag.py:508} INFO - Filling up the DagBag from /home/ndx/Innowise tasks/Innowise_task_5/airflow_env/lib/python3.8/site-packages/airflow/example_dags/example_dag_decorator.py
[2022-08-04 00:15:28,120] {processor.py:651} INFO - DAG(s) dict_keys(['example_dag_decorator']) retrieved from /home/ndx/Innowise tasks/Innowise_task_5/airflow_env/lib/python3.8/site-packages/airflow/example_dags/example_dag_decorator.py
[2022-08-04 00:15:28,143] {logging_mixin.py:115} INFO - [2022-08-04 00:15:28,143] {dag.py:2420} INFO - Sync 1 DAGs
[2022-08-04 00:15:28,150] {logging_mixin.py:115} INFO - [2022-08-04 00:15:28,150] {dag.py:2968} INFO - Setting next_dagrun for example_dag_decorator to None, run_after=None
[2022-08-04 00:15:28,157] {processor.py:161} INFO - Processing /home/ndx/Innowise tasks/Innowise_task_5/airflow_env/lib/python3.8/site-packages/airflow/example_dags/example_dag_decorator.py took 0.057 seconds
[2022-08-04 00:16:01,904] {processor.py:153} INFO - Started process (PID=47265) to work on /home/ndx/Innowise tasks/Innowise_task_5/airflow_env/lib/python3.8/site-packages/airflow/example_dags/example_dag_decorator.py
[2022-08-04 00:16:01,909] {processor.py:641} INFO - Processing file /home/ndx/Innowise tasks/Innowise_task_5/airflow_env/lib/python3.8/site-packages/airflow/example_dags/example_dag_decorator.py for tasks to queue
[2022-08-04 00:16:01,910] {logging_mixin.py:115} INFO - [2022-08-04 00:16:01,910] {dagbag.py:508} INFO - Filling up the DagBag from /home/ndx/Innowise tasks/Innowise_task_5/airflow_env/lib/python3.8/site-packages/airflow/example_dags/example_dag_decorator.py
[2022-08-04 00:16:01,922] {processor.py:651} INFO - DAG(s) dict_keys(['example_dag_decorator']) retrieved from /home/ndx/Innowise tasks/Innowise_task_5/airflow_env/lib/python3.8/site-packages/airflow/example_dags/example_dag_decorator.py
[2022-08-04 00:16:01,945] {logging_mixin.py:115} INFO - [2022-08-04 00:16:01,945] {dag.py:2420} INFO - Sync 1 DAGs
[2022-08-04 00:16:01,952] {logging_mixin.py:115} INFO - [2022-08-04 00:16:01,952] {dag.py:2968} INFO - Setting next_dagrun for example_dag_decorator to None, run_after=None
[2022-08-04 00:16:01,962] {processor.py:161} INFO - Processing /home/ndx/Innowise tasks/Innowise_task_5/airflow_env/lib/python3.8/site-packages/airflow/example_dags/example_dag_decorator.py took 0.059 seconds
[2022-08-04 00:16:35,488] {processor.py:153} INFO - Started process (PID=47358) to work on /home/ndx/Innowise tasks/Innowise_task_5/airflow_env/lib/python3.8/site-packages/airflow/example_dags/example_dag_decorator.py
[2022-08-04 00:16:35,494] {processor.py:641} INFO - Processing file /home/ndx/Innowise tasks/Innowise_task_5/airflow_env/lib/python3.8/site-packages/airflow/example_dags/example_dag_decorator.py for tasks to queue
[2022-08-04 00:16:35,494] {logging_mixin.py:115} INFO - [2022-08-04 00:16:35,494] {dagbag.py:508} INFO - Filling up the DagBag from /home/ndx/Innowise tasks/Innowise_task_5/airflow_env/lib/python3.8/site-packages/airflow/example_dags/example_dag_decorator.py
[2022-08-04 00:16:35,508] {processor.py:651} INFO - DAG(s) dict_keys(['example_dag_decorator']) retrieved from /home/ndx/Innowise tasks/Innowise_task_5/airflow_env/lib/python3.8/site-packages/airflow/example_dags/example_dag_decorator.py
[2022-08-04 00:16:35,538] {logging_mixin.py:115} INFO - [2022-08-04 00:16:35,538] {dag.py:2420} INFO - Sync 1 DAGs
[2022-08-04 00:16:35,548] {logging_mixin.py:115} INFO - [2022-08-04 00:16:35,548] {dag.py:2968} INFO - Setting next_dagrun for example_dag_decorator to None, run_after=None
[2022-08-04 00:16:35,557] {processor.py:161} INFO - Processing /home/ndx/Innowise tasks/Innowise_task_5/airflow_env/lib/python3.8/site-packages/airflow/example_dags/example_dag_decorator.py took 0.071 seconds
[2022-08-04 00:17:10,645] {processor.py:153} INFO - Started process (PID=47453) to work on /home/ndx/Innowise tasks/Innowise_task_5/airflow_env/lib/python3.8/site-packages/airflow/example_dags/example_dag_decorator.py
[2022-08-04 00:17:10,650] {processor.py:641} INFO - Processing file /home/ndx/Innowise tasks/Innowise_task_5/airflow_env/lib/python3.8/site-packages/airflow/example_dags/example_dag_decorator.py for tasks to queue
[2022-08-04 00:17:10,651] {logging_mixin.py:115} INFO - [2022-08-04 00:17:10,651] {dagbag.py:508} INFO - Filling up the DagBag from /home/ndx/Innowise tasks/Innowise_task_5/airflow_env/lib/python3.8/site-packages/airflow/example_dags/example_dag_decorator.py
[2022-08-04 00:17:10,666] {processor.py:651} INFO - DAG(s) dict_keys(['example_dag_decorator']) retrieved from /home/ndx/Innowise tasks/Innowise_task_5/airflow_env/lib/python3.8/site-packages/airflow/example_dags/example_dag_decorator.py
[2022-08-04 00:17:10,701] {logging_mixin.py:115} INFO - [2022-08-04 00:17:10,701] {dag.py:2420} INFO - Sync 1 DAGs
[2022-08-04 00:17:10,713] {logging_mixin.py:115} INFO - [2022-08-04 00:17:10,713] {dag.py:2968} INFO - Setting next_dagrun for example_dag_decorator to None, run_after=None
[2022-08-04 00:17:10,722] {processor.py:161} INFO - Processing /home/ndx/Innowise tasks/Innowise_task_5/airflow_env/lib/python3.8/site-packages/airflow/example_dags/example_dag_decorator.py took 0.079 seconds
[2022-08-04 00:17:46,747] {processor.py:153} INFO - Started process (PID=47509) to work on /home/ndx/Innowise tasks/Innowise_task_5/airflow_env/lib/python3.8/site-packages/airflow/example_dags/example_dag_decorator.py
[2022-08-04 00:17:46,753] {processor.py:641} INFO - Processing file /home/ndx/Innowise tasks/Innowise_task_5/airflow_env/lib/python3.8/site-packages/airflow/example_dags/example_dag_decorator.py for tasks to queue
[2022-08-04 00:17:46,753] {logging_mixin.py:115} INFO - [2022-08-04 00:17:46,753] {dagbag.py:508} INFO - Filling up the DagBag from /home/ndx/Innowise tasks/Innowise_task_5/airflow_env/lib/python3.8/site-packages/airflow/example_dags/example_dag_decorator.py
[2022-08-04 00:17:46,767] {processor.py:651} INFO - DAG(s) dict_keys(['example_dag_decorator']) retrieved from /home/ndx/Innowise tasks/Innowise_task_5/airflow_env/lib/python3.8/site-packages/airflow/example_dags/example_dag_decorator.py
[2022-08-04 00:17:46,777] {logging_mixin.py:115} INFO - [2022-08-04 00:17:46,777] {dag.py:2420} INFO - Sync 1 DAGs
[2022-08-04 00:17:46,788] {logging_mixin.py:115} INFO - [2022-08-04 00:17:46,788] {dag.py:2968} INFO - Setting next_dagrun for example_dag_decorator to None, run_after=None
[2022-08-04 00:17:46,795] {processor.py:161} INFO - Processing /home/ndx/Innowise tasks/Innowise_task_5/airflow_env/lib/python3.8/site-packages/airflow/example_dags/example_dag_decorator.py took 0.050 seconds
[2022-08-04 00:18:24,320] {processor.py:153} INFO - Started process (PID=47591) to work on /home/ndx/Innowise tasks/Innowise_task_5/airflow_env/lib/python3.8/site-packages/airflow/example_dags/example_dag_decorator.py
[2022-08-04 00:18:24,326] {processor.py:641} INFO - Processing file /home/ndx/Innowise tasks/Innowise_task_5/airflow_env/lib/python3.8/site-packages/airflow/example_dags/example_dag_decorator.py for tasks to queue
[2022-08-04 00:18:24,326] {logging_mixin.py:115} INFO - [2022-08-04 00:18:24,326] {dagbag.py:508} INFO - Filling up the DagBag from /home/ndx/Innowise tasks/Innowise_task_5/airflow_env/lib/python3.8/site-packages/airflow/example_dags/example_dag_decorator.py
[2022-08-04 00:18:24,338] {processor.py:651} INFO - DAG(s) dict_keys(['example_dag_decorator']) retrieved from /home/ndx/Innowise tasks/Innowise_task_5/airflow_env/lib/python3.8/site-packages/airflow/example_dags/example_dag_decorator.py
[2022-08-04 00:18:24,346] {logging_mixin.py:115} INFO - [2022-08-04 00:18:24,346] {dag.py:2420} INFO - Sync 1 DAGs
[2022-08-04 00:18:24,356] {logging_mixin.py:115} INFO - [2022-08-04 00:18:24,356] {dag.py:2968} INFO - Setting next_dagrun for example_dag_decorator to None, run_after=None
[2022-08-04 00:18:24,363] {processor.py:161} INFO - Processing /home/ndx/Innowise tasks/Innowise_task_5/airflow_env/lib/python3.8/site-packages/airflow/example_dags/example_dag_decorator.py took 0.044 seconds
[2022-08-04 00:18:59,138] {processor.py:153} INFO - Started process (PID=47746) to work on /home/ndx/Innowise tasks/Innowise_task_5/airflow_env/lib/python3.8/site-packages/airflow/example_dags/example_dag_decorator.py
[2022-08-04 00:18:59,143] {processor.py:641} INFO - Processing file /home/ndx/Innowise tasks/Innowise_task_5/airflow_env/lib/python3.8/site-packages/airflow/example_dags/example_dag_decorator.py for tasks to queue
[2022-08-04 00:18:59,144] {logging_mixin.py:115} INFO - [2022-08-04 00:18:59,144] {dagbag.py:508} INFO - Filling up the DagBag from /home/ndx/Innowise tasks/Innowise_task_5/airflow_env/lib/python3.8/site-packages/airflow/example_dags/example_dag_decorator.py
[2022-08-04 00:18:59,158] {processor.py:651} INFO - DAG(s) dict_keys(['example_dag_decorator']) retrieved from /home/ndx/Innowise tasks/Innowise_task_5/airflow_env/lib/python3.8/site-packages/airflow/example_dags/example_dag_decorator.py
[2022-08-04 00:18:59,167] {logging_mixin.py:115} INFO - [2022-08-04 00:18:59,167] {dag.py:2420} INFO - Sync 1 DAGs
[2022-08-04 00:18:59,178] {logging_mixin.py:115} INFO - [2022-08-04 00:18:59,178] {dag.py:2968} INFO - Setting next_dagrun for example_dag_decorator to None, run_after=None
[2022-08-04 00:18:59,185] {processor.py:161} INFO - Processing /home/ndx/Innowise tasks/Innowise_task_5/airflow_env/lib/python3.8/site-packages/airflow/example_dags/example_dag_decorator.py took 0.049 seconds
[2022-08-04 00:19:33,652] {processor.py:153} INFO - Started process (PID=47844) to work on /home/ndx/Innowise tasks/Innowise_task_5/airflow_env/lib/python3.8/site-packages/airflow/example_dags/example_dag_decorator.py
[2022-08-04 00:19:33,658] {processor.py:641} INFO - Processing file /home/ndx/Innowise tasks/Innowise_task_5/airflow_env/lib/python3.8/site-packages/airflow/example_dags/example_dag_decorator.py for tasks to queue
[2022-08-04 00:19:33,658] {logging_mixin.py:115} INFO - [2022-08-04 00:19:33,658] {dagbag.py:508} INFO - Filling up the DagBag from /home/ndx/Innowise tasks/Innowise_task_5/airflow_env/lib/python3.8/site-packages/airflow/example_dags/example_dag_decorator.py
[2022-08-04 00:19:33,671] {processor.py:651} INFO - DAG(s) dict_keys(['example_dag_decorator']) retrieved from /home/ndx/Innowise tasks/Innowise_task_5/airflow_env/lib/python3.8/site-packages/airflow/example_dags/example_dag_decorator.py
[2022-08-04 00:19:33,679] {logging_mixin.py:115} INFO - [2022-08-04 00:19:33,679] {dag.py:2420} INFO - Sync 1 DAGs
[2022-08-04 00:19:33,690] {logging_mixin.py:115} INFO - [2022-08-04 00:19:33,690] {dag.py:2968} INFO - Setting next_dagrun for example_dag_decorator to None, run_after=None
[2022-08-04 00:19:33,696] {processor.py:161} INFO - Processing /home/ndx/Innowise tasks/Innowise_task_5/airflow_env/lib/python3.8/site-packages/airflow/example_dags/example_dag_decorator.py took 0.045 seconds
[2022-08-04 00:20:07,008] {processor.py:153} INFO - Started process (PID=47909) to work on /home/ndx/Innowise tasks/Innowise_task_5/airflow_env/lib/python3.8/site-packages/airflow/example_dags/example_dag_decorator.py
[2022-08-04 00:20:07,013] {processor.py:641} INFO - Processing file /home/ndx/Innowise tasks/Innowise_task_5/airflow_env/lib/python3.8/site-packages/airflow/example_dags/example_dag_decorator.py for tasks to queue
[2022-08-04 00:20:07,014] {logging_mixin.py:115} INFO - [2022-08-04 00:20:07,014] {dagbag.py:508} INFO - Filling up the DagBag from /home/ndx/Innowise tasks/Innowise_task_5/airflow_env/lib/python3.8/site-packages/airflow/example_dags/example_dag_decorator.py
[2022-08-04 00:20:07,027] {processor.py:651} INFO - DAG(s) dict_keys(['example_dag_decorator']) retrieved from /home/ndx/Innowise tasks/Innowise_task_5/airflow_env/lib/python3.8/site-packages/airflow/example_dags/example_dag_decorator.py
[2022-08-04 00:20:07,035] {logging_mixin.py:115} INFO - [2022-08-04 00:20:07,035] {dag.py:2420} INFO - Sync 1 DAGs
[2022-08-04 00:20:07,045] {logging_mixin.py:115} INFO - [2022-08-04 00:20:07,045] {dag.py:2968} INFO - Setting next_dagrun for example_dag_decorator to None, run_after=None
[2022-08-04 00:20:07,051] {processor.py:161} INFO - Processing /home/ndx/Innowise tasks/Innowise_task_5/airflow_env/lib/python3.8/site-packages/airflow/example_dags/example_dag_decorator.py took 0.045 seconds
[2022-08-04 00:20:41,712] {processor.py:153} INFO - Started process (PID=48007) to work on /home/ndx/Innowise tasks/Innowise_task_5/airflow_env/lib/python3.8/site-packages/airflow/example_dags/example_dag_decorator.py
[2022-08-04 00:20:41,712] {processor.py:641} INFO - Processing file /home/ndx/Innowise tasks/Innowise_task_5/airflow_env/lib/python3.8/site-packages/airflow/example_dags/example_dag_decorator.py for tasks to queue
[2022-08-04 00:20:41,713] {logging_mixin.py:115} INFO - [2022-08-04 00:20:41,713] {dagbag.py:508} INFO - Filling up the DagBag from /home/ndx/Innowise tasks/Innowise_task_5/airflow_env/lib/python3.8/site-packages/airflow/example_dags/example_dag_decorator.py
[2022-08-04 00:20:41,725] {processor.py:651} INFO - DAG(s) dict_keys(['example_dag_decorator']) retrieved from /home/ndx/Innowise tasks/Innowise_task_5/airflow_env/lib/python3.8/site-packages/airflow/example_dags/example_dag_decorator.py
[2022-08-04 00:20:41,748] {logging_mixin.py:115} INFO - [2022-08-04 00:20:41,748] {dag.py:2420} INFO - Sync 1 DAGs
[2022-08-04 00:20:41,755] {logging_mixin.py:115} INFO - [2022-08-04 00:20:41,755] {dag.py:2968} INFO - Setting next_dagrun for example_dag_decorator to None, run_after=None
[2022-08-04 00:20:41,761] {processor.py:161} INFO - Processing /home/ndx/Innowise tasks/Innowise_task_5/airflow_env/lib/python3.8/site-packages/airflow/example_dags/example_dag_decorator.py took 0.051 seconds
[2022-08-04 00:21:13,661] {processor.py:153} INFO - Started process (PID=48125) to work on /home/ndx/Innowise tasks/Innowise_task_5/airflow_env/lib/python3.8/site-packages/airflow/example_dags/example_dag_decorator.py
[2022-08-04 00:21:13,667] {processor.py:641} INFO - Processing file /home/ndx/Innowise tasks/Innowise_task_5/airflow_env/lib/python3.8/site-packages/airflow/example_dags/example_dag_decorator.py for tasks to queue
[2022-08-04 00:21:13,667] {logging_mixin.py:115} INFO - [2022-08-04 00:21:13,667] {dagbag.py:508} INFO - Filling up the DagBag from /home/ndx/Innowise tasks/Innowise_task_5/airflow_env/lib/python3.8/site-packages/airflow/example_dags/example_dag_decorator.py
[2022-08-04 00:21:13,681] {processor.py:651} INFO - DAG(s) dict_keys(['example_dag_decorator']) retrieved from /home/ndx/Innowise tasks/Innowise_task_5/airflow_env/lib/python3.8/site-packages/airflow/example_dags/example_dag_decorator.py
[2022-08-04 00:21:13,690] {logging_mixin.py:115} INFO - [2022-08-04 00:21:13,690] {dag.py:2420} INFO - Sync 1 DAGs
[2022-08-04 00:21:13,702] {logging_mixin.py:115} INFO - [2022-08-04 00:21:13,702] {dag.py:2968} INFO - Setting next_dagrun for example_dag_decorator to None, run_after=None
[2022-08-04 00:21:13,709] {processor.py:161} INFO - Processing /home/ndx/Innowise tasks/Innowise_task_5/airflow_env/lib/python3.8/site-packages/airflow/example_dags/example_dag_decorator.py took 0.049 seconds
[2022-08-04 00:21:47,340] {processor.py:153} INFO - Started process (PID=48164) to work on /home/ndx/Innowise tasks/Innowise_task_5/airflow_env/lib/python3.8/site-packages/airflow/example_dags/example_dag_decorator.py
[2022-08-04 00:21:47,345] {processor.py:641} INFO - Processing file /home/ndx/Innowise tasks/Innowise_task_5/airflow_env/lib/python3.8/site-packages/airflow/example_dags/example_dag_decorator.py for tasks to queue
[2022-08-04 00:21:47,346] {logging_mixin.py:115} INFO - [2022-08-04 00:21:47,346] {dagbag.py:508} INFO - Filling up the DagBag from /home/ndx/Innowise tasks/Innowise_task_5/airflow_env/lib/python3.8/site-packages/airflow/example_dags/example_dag_decorator.py
[2022-08-04 00:21:47,359] {processor.py:651} INFO - DAG(s) dict_keys(['example_dag_decorator']) retrieved from /home/ndx/Innowise tasks/Innowise_task_5/airflow_env/lib/python3.8/site-packages/airflow/example_dags/example_dag_decorator.py
[2022-08-04 00:21:47,367] {logging_mixin.py:115} INFO - [2022-08-04 00:21:47,367] {dag.py:2420} INFO - Sync 1 DAGs
[2022-08-04 00:21:47,378] {logging_mixin.py:115} INFO - [2022-08-04 00:21:47,378] {dag.py:2968} INFO - Setting next_dagrun for example_dag_decorator to None, run_after=None
[2022-08-04 00:21:47,384] {processor.py:161} INFO - Processing /home/ndx/Innowise tasks/Innowise_task_5/airflow_env/lib/python3.8/site-packages/airflow/example_dags/example_dag_decorator.py took 0.046 seconds
[2022-08-04 00:22:22,799] {processor.py:153} INFO - Started process (PID=48233) to work on /home/ndx/Innowise tasks/Innowise_task_5/airflow_env/lib/python3.8/site-packages/airflow/example_dags/example_dag_decorator.py
[2022-08-04 00:22:22,805] {processor.py:641} INFO - Processing file /home/ndx/Innowise tasks/Innowise_task_5/airflow_env/lib/python3.8/site-packages/airflow/example_dags/example_dag_decorator.py for tasks to queue
[2022-08-04 00:22:22,805] {logging_mixin.py:115} INFO - [2022-08-04 00:22:22,805] {dagbag.py:508} INFO - Filling up the DagBag from /home/ndx/Innowise tasks/Innowise_task_5/airflow_env/lib/python3.8/site-packages/airflow/example_dags/example_dag_decorator.py
[2022-08-04 00:22:22,818] {processor.py:651} INFO - DAG(s) dict_keys(['example_dag_decorator']) retrieved from /home/ndx/Innowise tasks/Innowise_task_5/airflow_env/lib/python3.8/site-packages/airflow/example_dags/example_dag_decorator.py
[2022-08-04 00:22:22,827] {logging_mixin.py:115} INFO - [2022-08-04 00:22:22,826] {dag.py:2420} INFO - Sync 1 DAGs
[2022-08-04 00:22:22,836] {logging_mixin.py:115} INFO - [2022-08-04 00:22:22,836] {dag.py:2968} INFO - Setting next_dagrun for example_dag_decorator to None, run_after=None
[2022-08-04 00:22:22,843] {processor.py:161} INFO - Processing /home/ndx/Innowise tasks/Innowise_task_5/airflow_env/lib/python3.8/site-packages/airflow/example_dags/example_dag_decorator.py took 0.045 seconds
[2022-08-04 00:22:58,332] {processor.py:153} INFO - Started process (PID=48290) to work on /home/ndx/Innowise tasks/Innowise_task_5/airflow_env/lib/python3.8/site-packages/airflow/example_dags/example_dag_decorator.py
[2022-08-04 00:22:58,338] {processor.py:641} INFO - Processing file /home/ndx/Innowise tasks/Innowise_task_5/airflow_env/lib/python3.8/site-packages/airflow/example_dags/example_dag_decorator.py for tasks to queue
[2022-08-04 00:22:58,338] {logging_mixin.py:115} INFO - [2022-08-04 00:22:58,338] {dagbag.py:508} INFO - Filling up the DagBag from /home/ndx/Innowise tasks/Innowise_task_5/airflow_env/lib/python3.8/site-packages/airflow/example_dags/example_dag_decorator.py
[2022-08-04 00:22:58,351] {processor.py:651} INFO - DAG(s) dict_keys(['example_dag_decorator']) retrieved from /home/ndx/Innowise tasks/Innowise_task_5/airflow_env/lib/python3.8/site-packages/airflow/example_dags/example_dag_decorator.py
[2022-08-04 00:22:58,359] {logging_mixin.py:115} INFO - [2022-08-04 00:22:58,359] {dag.py:2420} INFO - Sync 1 DAGs
[2022-08-04 00:22:58,369] {logging_mixin.py:115} INFO - [2022-08-04 00:22:58,369] {dag.py:2968} INFO - Setting next_dagrun for example_dag_decorator to None, run_after=None
[2022-08-04 00:22:58,376] {processor.py:161} INFO - Processing /home/ndx/Innowise tasks/Innowise_task_5/airflow_env/lib/python3.8/site-packages/airflow/example_dags/example_dag_decorator.py took 0.045 seconds
[2022-08-04 00:23:50,153] {processor.py:153} INFO - Started process (PID=48421) to work on /home/ndx/Innowise tasks/Innowise_task_5/airflow_env/lib/python3.8/site-packages/airflow/example_dags/example_dag_decorator.py
[2022-08-04 00:23:50,158] {processor.py:641} INFO - Processing file /home/ndx/Innowise tasks/Innowise_task_5/airflow_env/lib/python3.8/site-packages/airflow/example_dags/example_dag_decorator.py for tasks to queue
[2022-08-04 00:23:50,159] {logging_mixin.py:115} INFO - [2022-08-04 00:23:50,159] {dagbag.py:508} INFO - Filling up the DagBag from /home/ndx/Innowise tasks/Innowise_task_5/airflow_env/lib/python3.8/site-packages/airflow/example_dags/example_dag_decorator.py
[2022-08-04 00:23:50,172] {processor.py:651} INFO - DAG(s) dict_keys(['example_dag_decorator']) retrieved from /home/ndx/Innowise tasks/Innowise_task_5/airflow_env/lib/python3.8/site-packages/airflow/example_dags/example_dag_decorator.py
[2022-08-04 00:23:50,197] {logging_mixin.py:115} INFO - [2022-08-04 00:23:50,197] {dag.py:2420} INFO - Sync 1 DAGs
[2022-08-04 00:23:50,204] {logging_mixin.py:115} INFO - [2022-08-04 00:23:50,204] {dag.py:2968} INFO - Setting next_dagrun for example_dag_decorator to None, run_after=None
[2022-08-04 00:23:50,211] {processor.py:161} INFO - Processing /home/ndx/Innowise tasks/Innowise_task_5/airflow_env/lib/python3.8/site-packages/airflow/example_dags/example_dag_decorator.py took 0.060 seconds
[2022-08-04 00:24:55,878] {processor.py:153} INFO - Started process (PID=48579) to work on /home/ndx/Innowise tasks/Innowise_task_5/airflow_env/lib/python3.8/site-packages/airflow/example_dags/example_dag_decorator.py
[2022-08-04 00:24:55,883] {processor.py:641} INFO - Processing file /home/ndx/Innowise tasks/Innowise_task_5/airflow_env/lib/python3.8/site-packages/airflow/example_dags/example_dag_decorator.py for tasks to queue
[2022-08-04 00:24:55,884] {logging_mixin.py:115} INFO - [2022-08-04 00:24:55,884] {dagbag.py:508} INFO - Filling up the DagBag from /home/ndx/Innowise tasks/Innowise_task_5/airflow_env/lib/python3.8/site-packages/airflow/example_dags/example_dag_decorator.py
[2022-08-04 00:24:55,896] {processor.py:651} INFO - DAG(s) dict_keys(['example_dag_decorator']) retrieved from /home/ndx/Innowise tasks/Innowise_task_5/airflow_env/lib/python3.8/site-packages/airflow/example_dags/example_dag_decorator.py
[2022-08-04 00:24:55,919] {logging_mixin.py:115} INFO - [2022-08-04 00:24:55,919] {dag.py:2420} INFO - Sync 1 DAGs
[2022-08-04 00:24:55,926] {logging_mixin.py:115} INFO - [2022-08-04 00:24:55,926] {dag.py:2968} INFO - Setting next_dagrun for example_dag_decorator to None, run_after=None
[2022-08-04 00:24:55,933] {processor.py:161} INFO - Processing /home/ndx/Innowise tasks/Innowise_task_5/airflow_env/lib/python3.8/site-packages/airflow/example_dags/example_dag_decorator.py took 0.056 seconds
