[2022-08-04 00:00:47,920] {processor.py:153} INFO - Started process (PID=44910) to work on /home/ndx/Innowise tasks/Innowise_task_5/airflow_env/lib/python3.8/site-packages/airflow/example_dags/example_branch_python_dop_operator_3.py
[2022-08-04 00:00:47,921] {processor.py:641} INFO - Processing file /home/ndx/Innowise tasks/Innowise_task_5/airflow_env/lib/python3.8/site-packages/airflow/example_dags/example_branch_python_dop_operator_3.py for tasks to queue
[2022-08-04 00:00:47,921] {logging_mixin.py:115} INFO - [2022-08-04 00:00:47,921] {dagbag.py:508} INFO - Filling up the DagBag from /home/ndx/Innowise tasks/Innowise_task_5/airflow_env/lib/python3.8/site-packages/airflow/example_dags/example_branch_python_dop_operator_3.py
[2022-08-04 00:00:47,926] {processor.py:651} INFO - DAG(s) dict_keys(['example_branch_dop_operator_v3']) retrieved from /home/ndx/Innowise tasks/Innowise_task_5/airflow_env/lib/python3.8/site-packages/airflow/example_dags/example_branch_python_dop_operator_3.py
[2022-08-04 00:00:47,935] {logging_mixin.py:115} INFO - [2022-08-04 00:00:47,935] {dag.py:2420} INFO - Sync 1 DAGs
[2022-08-04 00:00:47,951] {logging_mixin.py:115} INFO - [2022-08-04 00:00:47,950] {dag.py:2968} INFO - Setting next_dagrun for example_branch_dop_operator_v3 to 2022-08-03T20:59:00+00:00, run_after=2022-08-03T21:00:00+00:00
[2022-08-04 00:00:47,964] {processor.py:161} INFO - Processing /home/ndx/Innowise tasks/Innowise_task_5/airflow_env/lib/python3.8/site-packages/airflow/example_dags/example_branch_python_dop_operator_3.py took 0.046 seconds
[2022-08-04 00:01:20,646] {processor.py:153} INFO - Started process (PID=45040) to work on /home/ndx/Innowise tasks/Innowise_task_5/airflow_env/lib/python3.8/site-packages/airflow/example_dags/example_branch_python_dop_operator_3.py
[2022-08-04 00:01:20,652] {processor.py:641} INFO - Processing file /home/ndx/Innowise tasks/Innowise_task_5/airflow_env/lib/python3.8/site-packages/airflow/example_dags/example_branch_python_dop_operator_3.py for tasks to queue
[2022-08-04 00:01:20,653] {logging_mixin.py:115} INFO - [2022-08-04 00:01:20,653] {dagbag.py:508} INFO - Filling up the DagBag from /home/ndx/Innowise tasks/Innowise_task_5/airflow_env/lib/python3.8/site-packages/airflow/example_dags/example_branch_python_dop_operator_3.py
[2022-08-04 00:01:20,659] {processor.py:651} INFO - DAG(s) dict_keys(['example_branch_dop_operator_v3']) retrieved from /home/ndx/Innowise tasks/Innowise_task_5/airflow_env/lib/python3.8/site-packages/airflow/example_dags/example_branch_python_dop_operator_3.py
[2022-08-04 00:01:20,667] {logging_mixin.py:115} INFO - [2022-08-04 00:01:20,667] {dag.py:2420} INFO - Sync 1 DAGs
[2022-08-04 00:01:20,680] {logging_mixin.py:115} INFO - [2022-08-04 00:01:20,680] {dag.py:2968} INFO - Setting next_dagrun for example_branch_dop_operator_v3 to 2022-08-03T21:00:00+00:00, run_after=2022-08-03T21:01:00+00:00
[2022-08-04 00:01:20,688] {processor.py:161} INFO - Processing /home/ndx/Innowise tasks/Innowise_task_5/airflow_env/lib/python3.8/site-packages/airflow/example_dags/example_branch_python_dop_operator_3.py took 0.045 seconds
[2022-08-04 00:01:55,924] {processor.py:153} INFO - Started process (PID=45139) to work on /home/ndx/Innowise tasks/Innowise_task_5/airflow_env/lib/python3.8/site-packages/airflow/example_dags/example_branch_python_dop_operator_3.py
[2022-08-04 00:01:55,930] {processor.py:641} INFO - Processing file /home/ndx/Innowise tasks/Innowise_task_5/airflow_env/lib/python3.8/site-packages/airflow/example_dags/example_branch_python_dop_operator_3.py for tasks to queue
[2022-08-04 00:01:55,931] {logging_mixin.py:115} INFO - [2022-08-04 00:01:55,931] {dagbag.py:508} INFO - Filling up the DagBag from /home/ndx/Innowise tasks/Innowise_task_5/airflow_env/lib/python3.8/site-packages/airflow/example_dags/example_branch_python_dop_operator_3.py
[2022-08-04 00:01:55,937] {processor.py:651} INFO - DAG(s) dict_keys(['example_branch_dop_operator_v3']) retrieved from /home/ndx/Innowise tasks/Innowise_task_5/airflow_env/lib/python3.8/site-packages/airflow/example_dags/example_branch_python_dop_operator_3.py
[2022-08-04 00:01:55,945] {logging_mixin.py:115} INFO - [2022-08-04 00:01:55,945] {dag.py:2420} INFO - Sync 1 DAGs
[2022-08-04 00:01:55,957] {logging_mixin.py:115} INFO - [2022-08-04 00:01:55,957] {dag.py:2968} INFO - Setting next_dagrun for example_branch_dop_operator_v3 to 2022-08-03T21:00:00+00:00, run_after=2022-08-03T21:01:00+00:00
[2022-08-04 00:01:55,963] {processor.py:161} INFO - Processing /home/ndx/Innowise tasks/Innowise_task_5/airflow_env/lib/python3.8/site-packages/airflow/example_dags/example_branch_python_dop_operator_3.py took 0.040 seconds
[2022-08-04 00:02:30,949] {processor.py:153} INFO - Started process (PID=45284) to work on /home/ndx/Innowise tasks/Innowise_task_5/airflow_env/lib/python3.8/site-packages/airflow/example_dags/example_branch_python_dop_operator_3.py
[2022-08-04 00:02:30,954] {processor.py:641} INFO - Processing file /home/ndx/Innowise tasks/Innowise_task_5/airflow_env/lib/python3.8/site-packages/airflow/example_dags/example_branch_python_dop_operator_3.py for tasks to queue
[2022-08-04 00:02:30,955] {logging_mixin.py:115} INFO - [2022-08-04 00:02:30,955] {dagbag.py:508} INFO - Filling up the DagBag from /home/ndx/Innowise tasks/Innowise_task_5/airflow_env/lib/python3.8/site-packages/airflow/example_dags/example_branch_python_dop_operator_3.py
[2022-08-04 00:02:30,960] {processor.py:651} INFO - DAG(s) dict_keys(['example_branch_dop_operator_v3']) retrieved from /home/ndx/Innowise tasks/Innowise_task_5/airflow_env/lib/python3.8/site-packages/airflow/example_dags/example_branch_python_dop_operator_3.py
[2022-08-04 00:02:30,971] {logging_mixin.py:115} INFO - [2022-08-04 00:02:30,971] {dag.py:2420} INFO - Sync 1 DAGs
[2022-08-04 00:02:30,985] {logging_mixin.py:115} INFO - [2022-08-04 00:02:30,985] {dag.py:2968} INFO - Setting next_dagrun for example_branch_dop_operator_v3 to 2022-08-03T21:01:00+00:00, run_after=2022-08-03T21:02:00+00:00
[2022-08-04 00:02:30,992] {processor.py:161} INFO - Processing /home/ndx/Innowise tasks/Innowise_task_5/airflow_env/lib/python3.8/site-packages/airflow/example_dags/example_branch_python_dop_operator_3.py took 0.045 seconds
[2022-08-04 00:03:05,745] {processor.py:153} INFO - Started process (PID=45361) to work on /home/ndx/Innowise tasks/Innowise_task_5/airflow_env/lib/python3.8/site-packages/airflow/example_dags/example_branch_python_dop_operator_3.py
[2022-08-04 00:03:05,750] {processor.py:641} INFO - Processing file /home/ndx/Innowise tasks/Innowise_task_5/airflow_env/lib/python3.8/site-packages/airflow/example_dags/example_branch_python_dop_operator_3.py for tasks to queue
[2022-08-04 00:03:05,751] {logging_mixin.py:115} INFO - [2022-08-04 00:03:05,751] {dagbag.py:508} INFO - Filling up the DagBag from /home/ndx/Innowise tasks/Innowise_task_5/airflow_env/lib/python3.8/site-packages/airflow/example_dags/example_branch_python_dop_operator_3.py
[2022-08-04 00:03:05,757] {processor.py:651} INFO - DAG(s) dict_keys(['example_branch_dop_operator_v3']) retrieved from /home/ndx/Innowise tasks/Innowise_task_5/airflow_env/lib/python3.8/site-packages/airflow/example_dags/example_branch_python_dop_operator_3.py
[2022-08-04 00:03:05,765] {logging_mixin.py:115} INFO - [2022-08-04 00:03:05,765] {dag.py:2420} INFO - Sync 1 DAGs
[2022-08-04 00:03:05,776] {logging_mixin.py:115} INFO - [2022-08-04 00:03:05,776] {dag.py:2968} INFO - Setting next_dagrun for example_branch_dop_operator_v3 to 2022-08-03T21:02:00+00:00, run_after=2022-08-03T21:03:00+00:00
[2022-08-04 00:03:05,785] {processor.py:161} INFO - Processing /home/ndx/Innowise tasks/Innowise_task_5/airflow_env/lib/python3.8/site-packages/airflow/example_dags/example_branch_python_dop_operator_3.py took 0.042 seconds
[2022-08-04 00:03:40,590] {processor.py:153} INFO - Started process (PID=45442) to work on /home/ndx/Innowise tasks/Innowise_task_5/airflow_env/lib/python3.8/site-packages/airflow/example_dags/example_branch_python_dop_operator_3.py
[2022-08-04 00:03:40,595] {processor.py:641} INFO - Processing file /home/ndx/Innowise tasks/Innowise_task_5/airflow_env/lib/python3.8/site-packages/airflow/example_dags/example_branch_python_dop_operator_3.py for tasks to queue
[2022-08-04 00:03:40,596] {logging_mixin.py:115} INFO - [2022-08-04 00:03:40,596] {dagbag.py:508} INFO - Filling up the DagBag from /home/ndx/Innowise tasks/Innowise_task_5/airflow_env/lib/python3.8/site-packages/airflow/example_dags/example_branch_python_dop_operator_3.py
[2022-08-04 00:03:40,602] {processor.py:651} INFO - DAG(s) dict_keys(['example_branch_dop_operator_v3']) retrieved from /home/ndx/Innowise tasks/Innowise_task_5/airflow_env/lib/python3.8/site-packages/airflow/example_dags/example_branch_python_dop_operator_3.py
[2022-08-04 00:03:40,610] {logging_mixin.py:115} INFO - [2022-08-04 00:03:40,610] {dag.py:2420} INFO - Sync 1 DAGs
[2022-08-04 00:03:40,621] {logging_mixin.py:115} INFO - [2022-08-04 00:03:40,621] {dag.py:2968} INFO - Setting next_dagrun for example_branch_dop_operator_v3 to 2022-08-03T21:02:00+00:00, run_after=2022-08-03T21:03:00+00:00
[2022-08-04 00:03:40,627] {processor.py:161} INFO - Processing /home/ndx/Innowise tasks/Innowise_task_5/airflow_env/lib/python3.8/site-packages/airflow/example_dags/example_branch_python_dop_operator_3.py took 0.040 seconds
[2022-08-04 00:04:16,542] {processor.py:153} INFO - Started process (PID=45496) to work on /home/ndx/Innowise tasks/Innowise_task_5/airflow_env/lib/python3.8/site-packages/airflow/example_dags/example_branch_python_dop_operator_3.py
[2022-08-04 00:04:16,547] {processor.py:641} INFO - Processing file /home/ndx/Innowise tasks/Innowise_task_5/airflow_env/lib/python3.8/site-packages/airflow/example_dags/example_branch_python_dop_operator_3.py for tasks to queue
[2022-08-04 00:04:16,548] {logging_mixin.py:115} INFO - [2022-08-04 00:04:16,548] {dagbag.py:508} INFO - Filling up the DagBag from /home/ndx/Innowise tasks/Innowise_task_5/airflow_env/lib/python3.8/site-packages/airflow/example_dags/example_branch_python_dop_operator_3.py
[2022-08-04 00:04:16,554] {processor.py:651} INFO - DAG(s) dict_keys(['example_branch_dop_operator_v3']) retrieved from /home/ndx/Innowise tasks/Innowise_task_5/airflow_env/lib/python3.8/site-packages/airflow/example_dags/example_branch_python_dop_operator_3.py
[2022-08-04 00:04:16,562] {logging_mixin.py:115} INFO - [2022-08-04 00:04:16,562] {dag.py:2420} INFO - Sync 1 DAGs
[2022-08-04 00:04:16,573] {logging_mixin.py:115} INFO - [2022-08-04 00:04:16,573] {dag.py:2968} INFO - Setting next_dagrun for example_branch_dop_operator_v3 to 2022-08-03T21:03:00+00:00, run_after=2022-08-03T21:04:00+00:00
[2022-08-04 00:04:16,583] {processor.py:161} INFO - Processing /home/ndx/Innowise tasks/Innowise_task_5/airflow_env/lib/python3.8/site-packages/airflow/example_dags/example_branch_python_dop_operator_3.py took 0.043 seconds
[2022-08-04 00:04:48,529] {processor.py:153} INFO - Started process (PID=45544) to work on /home/ndx/Innowise tasks/Innowise_task_5/airflow_env/lib/python3.8/site-packages/airflow/example_dags/example_branch_python_dop_operator_3.py
[2022-08-04 00:04:48,529] {processor.py:641} INFO - Processing file /home/ndx/Innowise tasks/Innowise_task_5/airflow_env/lib/python3.8/site-packages/airflow/example_dags/example_branch_python_dop_operator_3.py for tasks to queue
[2022-08-04 00:04:48,530] {logging_mixin.py:115} INFO - [2022-08-04 00:04:48,529] {dagbag.py:508} INFO - Filling up the DagBag from /home/ndx/Innowise tasks/Innowise_task_5/airflow_env/lib/python3.8/site-packages/airflow/example_dags/example_branch_python_dop_operator_3.py
[2022-08-04 00:04:48,535] {processor.py:651} INFO - DAG(s) dict_keys(['example_branch_dop_operator_v3']) retrieved from /home/ndx/Innowise tasks/Innowise_task_5/airflow_env/lib/python3.8/site-packages/airflow/example_dags/example_branch_python_dop_operator_3.py
[2022-08-04 00:04:48,544] {logging_mixin.py:115} INFO - [2022-08-04 00:04:48,544] {dag.py:2420} INFO - Sync 1 DAGs
[2022-08-04 00:04:48,555] {logging_mixin.py:115} INFO - [2022-08-04 00:04:48,555] {dag.py:2968} INFO - Setting next_dagrun for example_branch_dop_operator_v3 to 2022-08-03T21:03:00+00:00, run_after=2022-08-03T21:04:00+00:00
[2022-08-04 00:04:48,562] {processor.py:161} INFO - Processing /home/ndx/Innowise tasks/Innowise_task_5/airflow_env/lib/python3.8/site-packages/airflow/example_dags/example_branch_python_dop_operator_3.py took 0.035 seconds
[2022-08-04 00:05:22,769] {processor.py:153} INFO - Started process (PID=45716) to work on /home/ndx/Innowise tasks/Innowise_task_5/airflow_env/lib/python3.8/site-packages/airflow/example_dags/example_branch_python_dop_operator_3.py
[2022-08-04 00:05:22,769] {processor.py:641} INFO - Processing file /home/ndx/Innowise tasks/Innowise_task_5/airflow_env/lib/python3.8/site-packages/airflow/example_dags/example_branch_python_dop_operator_3.py for tasks to queue
[2022-08-04 00:05:22,769] {logging_mixin.py:115} INFO - [2022-08-04 00:05:22,769] {dagbag.py:508} INFO - Filling up the DagBag from /home/ndx/Innowise tasks/Innowise_task_5/airflow_env/lib/python3.8/site-packages/airflow/example_dags/example_branch_python_dop_operator_3.py
[2022-08-04 00:05:22,775] {processor.py:651} INFO - DAG(s) dict_keys(['example_branch_dop_operator_v3']) retrieved from /home/ndx/Innowise tasks/Innowise_task_5/airflow_env/lib/python3.8/site-packages/airflow/example_dags/example_branch_python_dop_operator_3.py
[2022-08-04 00:05:22,783] {logging_mixin.py:115} INFO - [2022-08-04 00:05:22,783] {dag.py:2420} INFO - Sync 1 DAGs
[2022-08-04 00:05:22,795] {logging_mixin.py:115} INFO - [2022-08-04 00:05:22,795] {dag.py:2968} INFO - Setting next_dagrun for example_branch_dop_operator_v3 to 2022-08-03T21:04:00+00:00, run_after=2022-08-03T21:05:00+00:00
[2022-08-04 00:05:22,802] {processor.py:161} INFO - Processing /home/ndx/Innowise tasks/Innowise_task_5/airflow_env/lib/python3.8/site-packages/airflow/example_dags/example_branch_python_dop_operator_3.py took 0.036 seconds
[2022-08-04 00:05:55,940] {processor.py:153} INFO - Started process (PID=45809) to work on /home/ndx/Innowise tasks/Innowise_task_5/airflow_env/lib/python3.8/site-packages/airflow/example_dags/example_branch_python_dop_operator_3.py
[2022-08-04 00:05:55,941] {processor.py:641} INFO - Processing file /home/ndx/Innowise tasks/Innowise_task_5/airflow_env/lib/python3.8/site-packages/airflow/example_dags/example_branch_python_dop_operator_3.py for tasks to queue
[2022-08-04 00:05:55,941] {logging_mixin.py:115} INFO - [2022-08-04 00:05:55,941] {dagbag.py:508} INFO - Filling up the DagBag from /home/ndx/Innowise tasks/Innowise_task_5/airflow_env/lib/python3.8/site-packages/airflow/example_dags/example_branch_python_dop_operator_3.py
[2022-08-04 00:05:55,946] {processor.py:651} INFO - DAG(s) dict_keys(['example_branch_dop_operator_v3']) retrieved from /home/ndx/Innowise tasks/Innowise_task_5/airflow_env/lib/python3.8/site-packages/airflow/example_dags/example_branch_python_dop_operator_3.py
[2022-08-04 00:05:55,955] {logging_mixin.py:115} INFO - [2022-08-04 00:05:55,955] {dag.py:2420} INFO - Sync 1 DAGs
[2022-08-04 00:05:55,967] {logging_mixin.py:115} INFO - [2022-08-04 00:05:55,967] {dag.py:2968} INFO - Setting next_dagrun for example_branch_dop_operator_v3 to 2022-08-03T21:04:00+00:00, run_after=2022-08-03T21:05:00+00:00
[2022-08-04 00:05:55,974] {processor.py:161} INFO - Processing /home/ndx/Innowise tasks/Innowise_task_5/airflow_env/lib/python3.8/site-packages/airflow/example_dags/example_branch_python_dop_operator_3.py took 0.035 seconds
[2022-08-04 00:06:31,745] {processor.py:153} INFO - Started process (PID=45916) to work on /home/ndx/Innowise tasks/Innowise_task_5/airflow_env/lib/python3.8/site-packages/airflow/example_dags/example_branch_python_dop_operator_3.py
[2022-08-04 00:06:31,750] {processor.py:641} INFO - Processing file /home/ndx/Innowise tasks/Innowise_task_5/airflow_env/lib/python3.8/site-packages/airflow/example_dags/example_branch_python_dop_operator_3.py for tasks to queue
[2022-08-04 00:06:31,751] {logging_mixin.py:115} INFO - [2022-08-04 00:06:31,751] {dagbag.py:508} INFO - Filling up the DagBag from /home/ndx/Innowise tasks/Innowise_task_5/airflow_env/lib/python3.8/site-packages/airflow/example_dags/example_branch_python_dop_operator_3.py
[2022-08-04 00:06:31,755] {processor.py:651} INFO - DAG(s) dict_keys(['example_branch_dop_operator_v3']) retrieved from /home/ndx/Innowise tasks/Innowise_task_5/airflow_env/lib/python3.8/site-packages/airflow/example_dags/example_branch_python_dop_operator_3.py
[2022-08-04 00:06:31,762] {logging_mixin.py:115} INFO - [2022-08-04 00:06:31,762] {dag.py:2420} INFO - Sync 1 DAGs
[2022-08-04 00:06:31,773] {logging_mixin.py:115} INFO - [2022-08-04 00:06:31,773] {dag.py:2968} INFO - Setting next_dagrun for example_branch_dop_operator_v3 to 2022-08-03T21:05:00+00:00, run_after=2022-08-03T21:06:00+00:00
[2022-08-04 00:06:31,781] {processor.py:161} INFO - Processing /home/ndx/Innowise tasks/Innowise_task_5/airflow_env/lib/python3.8/site-packages/airflow/example_dags/example_branch_python_dop_operator_3.py took 0.038 seconds
[2022-08-04 00:07:05,937] {processor.py:153} INFO - Started process (PID=46001) to work on /home/ndx/Innowise tasks/Innowise_task_5/airflow_env/lib/python3.8/site-packages/airflow/example_dags/example_branch_python_dop_operator_3.py
[2022-08-04 00:07:05,942] {processor.py:641} INFO - Processing file /home/ndx/Innowise tasks/Innowise_task_5/airflow_env/lib/python3.8/site-packages/airflow/example_dags/example_branch_python_dop_operator_3.py for tasks to queue
[2022-08-04 00:07:05,943] {logging_mixin.py:115} INFO - [2022-08-04 00:07:05,942] {dagbag.py:508} INFO - Filling up the DagBag from /home/ndx/Innowise tasks/Innowise_task_5/airflow_env/lib/python3.8/site-packages/airflow/example_dags/example_branch_python_dop_operator_3.py
[2022-08-04 00:07:05,949] {processor.py:651} INFO - DAG(s) dict_keys(['example_branch_dop_operator_v3']) retrieved from /home/ndx/Innowise tasks/Innowise_task_5/airflow_env/lib/python3.8/site-packages/airflow/example_dags/example_branch_python_dop_operator_3.py
[2022-08-04 00:07:05,957] {logging_mixin.py:115} INFO - [2022-08-04 00:07:05,957] {dag.py:2420} INFO - Sync 1 DAGs
[2022-08-04 00:07:05,968] {logging_mixin.py:115} INFO - [2022-08-04 00:07:05,968] {dag.py:2968} INFO - Setting next_dagrun for example_branch_dop_operator_v3 to 2022-08-03T21:06:00+00:00, run_after=2022-08-03T21:07:00+00:00
[2022-08-04 00:07:05,979] {processor.py:161} INFO - Processing /home/ndx/Innowise tasks/Innowise_task_5/airflow_env/lib/python3.8/site-packages/airflow/example_dags/example_branch_python_dop_operator_3.py took 0.044 seconds
[2022-08-04 00:07:38,466] {processor.py:153} INFO - Started process (PID=46069) to work on /home/ndx/Innowise tasks/Innowise_task_5/airflow_env/lib/python3.8/site-packages/airflow/example_dags/example_branch_python_dop_operator_3.py
[2022-08-04 00:07:38,471] {processor.py:641} INFO - Processing file /home/ndx/Innowise tasks/Innowise_task_5/airflow_env/lib/python3.8/site-packages/airflow/example_dags/example_branch_python_dop_operator_3.py for tasks to queue
[2022-08-04 00:07:38,472] {logging_mixin.py:115} INFO - [2022-08-04 00:07:38,472] {dagbag.py:508} INFO - Filling up the DagBag from /home/ndx/Innowise tasks/Innowise_task_5/airflow_env/lib/python3.8/site-packages/airflow/example_dags/example_branch_python_dop_operator_3.py
[2022-08-04 00:07:38,479] {processor.py:651} INFO - DAG(s) dict_keys(['example_branch_dop_operator_v3']) retrieved from /home/ndx/Innowise tasks/Innowise_task_5/airflow_env/lib/python3.8/site-packages/airflow/example_dags/example_branch_python_dop_operator_3.py
[2022-08-04 00:07:38,489] {logging_mixin.py:115} INFO - [2022-08-04 00:07:38,489] {dag.py:2420} INFO - Sync 1 DAGs
[2022-08-04 00:07:38,503] {logging_mixin.py:115} INFO - [2022-08-04 00:07:38,503] {dag.py:2968} INFO - Setting next_dagrun for example_branch_dop_operator_v3 to 2022-08-03T21:06:00+00:00, run_after=2022-08-03T21:07:00+00:00
[2022-08-04 00:07:38,511] {processor.py:161} INFO - Processing /home/ndx/Innowise tasks/Innowise_task_5/airflow_env/lib/python3.8/site-packages/airflow/example_dags/example_branch_python_dop_operator_3.py took 0.047 seconds
[2022-08-04 00:08:12,390] {processor.py:153} INFO - Started process (PID=46132) to work on /home/ndx/Innowise tasks/Innowise_task_5/airflow_env/lib/python3.8/site-packages/airflow/example_dags/example_branch_python_dop_operator_3.py
[2022-08-04 00:08:12,396] {processor.py:641} INFO - Processing file /home/ndx/Innowise tasks/Innowise_task_5/airflow_env/lib/python3.8/site-packages/airflow/example_dags/example_branch_python_dop_operator_3.py for tasks to queue
[2022-08-04 00:08:12,396] {logging_mixin.py:115} INFO - [2022-08-04 00:08:12,396] {dagbag.py:508} INFO - Filling up the DagBag from /home/ndx/Innowise tasks/Innowise_task_5/airflow_env/lib/python3.8/site-packages/airflow/example_dags/example_branch_python_dop_operator_3.py
[2022-08-04 00:08:12,402] {processor.py:651} INFO - DAG(s) dict_keys(['example_branch_dop_operator_v3']) retrieved from /home/ndx/Innowise tasks/Innowise_task_5/airflow_env/lib/python3.8/site-packages/airflow/example_dags/example_branch_python_dop_operator_3.py
[2022-08-04 00:08:12,411] {logging_mixin.py:115} INFO - [2022-08-04 00:08:12,411] {dag.py:2420} INFO - Sync 1 DAGs
[2022-08-04 00:08:12,422] {logging_mixin.py:115} INFO - [2022-08-04 00:08:12,422] {dag.py:2968} INFO - Setting next_dagrun for example_branch_dop_operator_v3 to 2022-08-03T21:07:00+00:00, run_after=2022-08-03T21:08:00+00:00
[2022-08-04 00:08:12,431] {processor.py:161} INFO - Processing /home/ndx/Innowise tasks/Innowise_task_5/airflow_env/lib/python3.8/site-packages/airflow/example_dags/example_branch_python_dop_operator_3.py took 0.042 seconds
[2022-08-04 00:08:46,586] {processor.py:153} INFO - Started process (PID=46226) to work on /home/ndx/Innowise tasks/Innowise_task_5/airflow_env/lib/python3.8/site-packages/airflow/example_dags/example_branch_python_dop_operator_3.py
[2022-08-04 00:08:46,591] {processor.py:641} INFO - Processing file /home/ndx/Innowise tasks/Innowise_task_5/airflow_env/lib/python3.8/site-packages/airflow/example_dags/example_branch_python_dop_operator_3.py for tasks to queue
[2022-08-04 00:08:46,592] {logging_mixin.py:115} INFO - [2022-08-04 00:08:46,592] {dagbag.py:508} INFO - Filling up the DagBag from /home/ndx/Innowise tasks/Innowise_task_5/airflow_env/lib/python3.8/site-packages/airflow/example_dags/example_branch_python_dop_operator_3.py
[2022-08-04 00:08:46,598] {processor.py:651} INFO - DAG(s) dict_keys(['example_branch_dop_operator_v3']) retrieved from /home/ndx/Innowise tasks/Innowise_task_5/airflow_env/lib/python3.8/site-packages/airflow/example_dags/example_branch_python_dop_operator_3.py
[2022-08-04 00:08:46,606] {logging_mixin.py:115} INFO - [2022-08-04 00:08:46,606] {dag.py:2420} INFO - Sync 1 DAGs
[2022-08-04 00:08:46,618] {logging_mixin.py:115} INFO - [2022-08-04 00:08:46,618] {dag.py:2968} INFO - Setting next_dagrun for example_branch_dop_operator_v3 to 2022-08-03T21:07:00+00:00, run_after=2022-08-03T21:08:00+00:00
[2022-08-04 00:08:46,628] {processor.py:161} INFO - Processing /home/ndx/Innowise tasks/Innowise_task_5/airflow_env/lib/python3.8/site-packages/airflow/example_dags/example_branch_python_dop_operator_3.py took 0.043 seconds
[2022-08-04 00:09:20,374] {processor.py:153} INFO - Started process (PID=46320) to work on /home/ndx/Innowise tasks/Innowise_task_5/airflow_env/lib/python3.8/site-packages/airflow/example_dags/example_branch_python_dop_operator_3.py
[2022-08-04 00:09:20,380] {processor.py:641} INFO - Processing file /home/ndx/Innowise tasks/Innowise_task_5/airflow_env/lib/python3.8/site-packages/airflow/example_dags/example_branch_python_dop_operator_3.py for tasks to queue
[2022-08-04 00:09:20,380] {logging_mixin.py:115} INFO - [2022-08-04 00:09:20,380] {dagbag.py:508} INFO - Filling up the DagBag from /home/ndx/Innowise tasks/Innowise_task_5/airflow_env/lib/python3.8/site-packages/airflow/example_dags/example_branch_python_dop_operator_3.py
[2022-08-04 00:09:20,386] {processor.py:651} INFO - DAG(s) dict_keys(['example_branch_dop_operator_v3']) retrieved from /home/ndx/Innowise tasks/Innowise_task_5/airflow_env/lib/python3.8/site-packages/airflow/example_dags/example_branch_python_dop_operator_3.py
[2022-08-04 00:09:20,394] {logging_mixin.py:115} INFO - [2022-08-04 00:09:20,394] {dag.py:2420} INFO - Sync 1 DAGs
[2022-08-04 00:09:20,406] {logging_mixin.py:115} INFO - [2022-08-04 00:09:20,406] {dag.py:2968} INFO - Setting next_dagrun for example_branch_dop_operator_v3 to 2022-08-03T21:08:00+00:00, run_after=2022-08-03T21:09:00+00:00
[2022-08-04 00:09:20,415] {processor.py:161} INFO - Processing /home/ndx/Innowise tasks/Innowise_task_5/airflow_env/lib/python3.8/site-packages/airflow/example_dags/example_branch_python_dop_operator_3.py took 0.042 seconds
[2022-08-04 00:09:57,967] {processor.py:153} INFO - Started process (PID=46406) to work on /home/ndx/Innowise tasks/Innowise_task_5/airflow_env/lib/python3.8/site-packages/airflow/example_dags/example_branch_python_dop_operator_3.py
[2022-08-04 00:09:57,972] {processor.py:641} INFO - Processing file /home/ndx/Innowise tasks/Innowise_task_5/airflow_env/lib/python3.8/site-packages/airflow/example_dags/example_branch_python_dop_operator_3.py for tasks to queue
[2022-08-04 00:09:57,973] {logging_mixin.py:115} INFO - [2022-08-04 00:09:57,973] {dagbag.py:508} INFO - Filling up the DagBag from /home/ndx/Innowise tasks/Innowise_task_5/airflow_env/lib/python3.8/site-packages/airflow/example_dags/example_branch_python_dop_operator_3.py
[2022-08-04 00:09:57,979] {processor.py:651} INFO - DAG(s) dict_keys(['example_branch_dop_operator_v3']) retrieved from /home/ndx/Innowise tasks/Innowise_task_5/airflow_env/lib/python3.8/site-packages/airflow/example_dags/example_branch_python_dop_operator_3.py
[2022-08-04 00:09:57,988] {logging_mixin.py:115} INFO - [2022-08-04 00:09:57,988] {dag.py:2420} INFO - Sync 1 DAGs
[2022-08-04 00:09:58,000] {logging_mixin.py:115} INFO - [2022-08-04 00:09:58,000] {dag.py:2968} INFO - Setting next_dagrun for example_branch_dop_operator_v3 to 2022-08-03T21:08:00+00:00, run_after=2022-08-03T21:09:00+00:00
[2022-08-04 00:09:58,010] {processor.py:161} INFO - Processing /home/ndx/Innowise tasks/Innowise_task_5/airflow_env/lib/python3.8/site-packages/airflow/example_dags/example_branch_python_dop_operator_3.py took 0.045 seconds
[2022-08-04 00:10:29,944] {processor.py:153} INFO - Started process (PID=46522) to work on /home/ndx/Innowise tasks/Innowise_task_5/airflow_env/lib/python3.8/site-packages/airflow/example_dags/example_branch_python_dop_operator_3.py
[2022-08-04 00:10:29,949] {processor.py:641} INFO - Processing file /home/ndx/Innowise tasks/Innowise_task_5/airflow_env/lib/python3.8/site-packages/airflow/example_dags/example_branch_python_dop_operator_3.py for tasks to queue
[2022-08-04 00:10:29,950] {logging_mixin.py:115} INFO - [2022-08-04 00:10:29,950] {dagbag.py:508} INFO - Filling up the DagBag from /home/ndx/Innowise tasks/Innowise_task_5/airflow_env/lib/python3.8/site-packages/airflow/example_dags/example_branch_python_dop_operator_3.py
[2022-08-04 00:10:29,956] {processor.py:651} INFO - DAG(s) dict_keys(['example_branch_dop_operator_v3']) retrieved from /home/ndx/Innowise tasks/Innowise_task_5/airflow_env/lib/python3.8/site-packages/airflow/example_dags/example_branch_python_dop_operator_3.py
[2022-08-04 00:10:29,965] {logging_mixin.py:115} INFO - [2022-08-04 00:10:29,965] {dag.py:2420} INFO - Sync 1 DAGs
[2022-08-04 00:10:29,977] {logging_mixin.py:115} INFO - [2022-08-04 00:10:29,977] {dag.py:2968} INFO - Setting next_dagrun for example_branch_dop_operator_v3 to 2022-08-03T21:09:00+00:00, run_after=2022-08-03T21:10:00+00:00
[2022-08-04 00:10:29,985] {processor.py:161} INFO - Processing /home/ndx/Innowise tasks/Innowise_task_5/airflow_env/lib/python3.8/site-packages/airflow/example_dags/example_branch_python_dop_operator_3.py took 0.043 seconds
[2022-08-04 00:11:04,772] {processor.py:153} INFO - Started process (PID=46595) to work on /home/ndx/Innowise tasks/Innowise_task_5/airflow_env/lib/python3.8/site-packages/airflow/example_dags/example_branch_python_dop_operator_3.py
[2022-08-04 00:11:04,777] {processor.py:641} INFO - Processing file /home/ndx/Innowise tasks/Innowise_task_5/airflow_env/lib/python3.8/site-packages/airflow/example_dags/example_branch_python_dop_operator_3.py for tasks to queue
[2022-08-04 00:11:04,778] {logging_mixin.py:115} INFO - [2022-08-04 00:11:04,778] {dagbag.py:508} INFO - Filling up the DagBag from /home/ndx/Innowise tasks/Innowise_task_5/airflow_env/lib/python3.8/site-packages/airflow/example_dags/example_branch_python_dop_operator_3.py
[2022-08-04 00:11:04,784] {processor.py:651} INFO - DAG(s) dict_keys(['example_branch_dop_operator_v3']) retrieved from /home/ndx/Innowise tasks/Innowise_task_5/airflow_env/lib/python3.8/site-packages/airflow/example_dags/example_branch_python_dop_operator_3.py
[2022-08-04 00:11:04,793] {logging_mixin.py:115} INFO - [2022-08-04 00:11:04,792] {dag.py:2420} INFO - Sync 1 DAGs
[2022-08-04 00:11:04,804] {logging_mixin.py:115} INFO - [2022-08-04 00:11:04,804] {dag.py:2968} INFO - Setting next_dagrun for example_branch_dop_operator_v3 to 2022-08-03T21:10:00+00:00, run_after=2022-08-03T21:11:00+00:00
[2022-08-04 00:11:04,813] {processor.py:161} INFO - Processing /home/ndx/Innowise tasks/Innowise_task_5/airflow_env/lib/python3.8/site-packages/airflow/example_dags/example_branch_python_dop_operator_3.py took 0.043 seconds
[2022-08-04 00:11:39,027] {processor.py:153} INFO - Started process (PID=46641) to work on /home/ndx/Innowise tasks/Innowise_task_5/airflow_env/lib/python3.8/site-packages/airflow/example_dags/example_branch_python_dop_operator_3.py
[2022-08-04 00:11:39,032] {processor.py:641} INFO - Processing file /home/ndx/Innowise tasks/Innowise_task_5/airflow_env/lib/python3.8/site-packages/airflow/example_dags/example_branch_python_dop_operator_3.py for tasks to queue
[2022-08-04 00:11:39,033] {logging_mixin.py:115} INFO - [2022-08-04 00:11:39,033] {dagbag.py:508} INFO - Filling up the DagBag from /home/ndx/Innowise tasks/Innowise_task_5/airflow_env/lib/python3.8/site-packages/airflow/example_dags/example_branch_python_dop_operator_3.py
[2022-08-04 00:11:39,040] {processor.py:651} INFO - DAG(s) dict_keys(['example_branch_dop_operator_v3']) retrieved from /home/ndx/Innowise tasks/Innowise_task_5/airflow_env/lib/python3.8/site-packages/airflow/example_dags/example_branch_python_dop_operator_3.py
[2022-08-04 00:11:39,050] {logging_mixin.py:115} INFO - [2022-08-04 00:11:39,050] {dag.py:2420} INFO - Sync 1 DAGs
[2022-08-04 00:11:39,062] {logging_mixin.py:115} INFO - [2022-08-04 00:11:39,062] {dag.py:2968} INFO - Setting next_dagrun for example_branch_dop_operator_v3 to 2022-08-03T21:10:00+00:00, run_after=2022-08-03T21:11:00+00:00
[2022-08-04 00:11:39,071] {processor.py:161} INFO - Processing /home/ndx/Innowise tasks/Innowise_task_5/airflow_env/lib/python3.8/site-packages/airflow/example_dags/example_branch_python_dop_operator_3.py took 0.047 seconds
[2022-08-04 00:12:13,288] {processor.py:153} INFO - Started process (PID=46716) to work on /home/ndx/Innowise tasks/Innowise_task_5/airflow_env/lib/python3.8/site-packages/airflow/example_dags/example_branch_python_dop_operator_3.py
[2022-08-04 00:12:13,293] {processor.py:641} INFO - Processing file /home/ndx/Innowise tasks/Innowise_task_5/airflow_env/lib/python3.8/site-packages/airflow/example_dags/example_branch_python_dop_operator_3.py for tasks to queue
[2022-08-04 00:12:13,294] {logging_mixin.py:115} INFO - [2022-08-04 00:12:13,294] {dagbag.py:508} INFO - Filling up the DagBag from /home/ndx/Innowise tasks/Innowise_task_5/airflow_env/lib/python3.8/site-packages/airflow/example_dags/example_branch_python_dop_operator_3.py
[2022-08-04 00:12:13,300] {processor.py:651} INFO - DAG(s) dict_keys(['example_branch_dop_operator_v3']) retrieved from /home/ndx/Innowise tasks/Innowise_task_5/airflow_env/lib/python3.8/site-packages/airflow/example_dags/example_branch_python_dop_operator_3.py
[2022-08-04 00:12:13,309] {logging_mixin.py:115} INFO - [2022-08-04 00:12:13,309] {dag.py:2420} INFO - Sync 1 DAGs
[2022-08-04 00:12:13,322] {logging_mixin.py:115} INFO - [2022-08-04 00:12:13,322] {dag.py:2968} INFO - Setting next_dagrun for example_branch_dop_operator_v3 to 2022-08-03T21:11:00+00:00, run_after=2022-08-03T21:12:00+00:00
[2022-08-04 00:12:13,331] {processor.py:161} INFO - Processing /home/ndx/Innowise tasks/Innowise_task_5/airflow_env/lib/python3.8/site-packages/airflow/example_dags/example_branch_python_dop_operator_3.py took 0.045 seconds
[2022-08-04 00:12:46,407] {processor.py:153} INFO - Started process (PID=46766) to work on /home/ndx/Innowise tasks/Innowise_task_5/airflow_env/lib/python3.8/site-packages/airflow/example_dags/example_branch_python_dop_operator_3.py
[2022-08-04 00:12:46,412] {processor.py:641} INFO - Processing file /home/ndx/Innowise tasks/Innowise_task_5/airflow_env/lib/python3.8/site-packages/airflow/example_dags/example_branch_python_dop_operator_3.py for tasks to queue
[2022-08-04 00:12:46,413] {logging_mixin.py:115} INFO - [2022-08-04 00:12:46,413] {dagbag.py:508} INFO - Filling up the DagBag from /home/ndx/Innowise tasks/Innowise_task_5/airflow_env/lib/python3.8/site-packages/airflow/example_dags/example_branch_python_dop_operator_3.py
[2022-08-04 00:12:46,420] {processor.py:651} INFO - DAG(s) dict_keys(['example_branch_dop_operator_v3']) retrieved from /home/ndx/Innowise tasks/Innowise_task_5/airflow_env/lib/python3.8/site-packages/airflow/example_dags/example_branch_python_dop_operator_3.py
[2022-08-04 00:12:46,429] {logging_mixin.py:115} INFO - [2022-08-04 00:12:46,429] {dag.py:2420} INFO - Sync 1 DAGs
[2022-08-04 00:12:46,441] {logging_mixin.py:115} INFO - [2022-08-04 00:12:46,441] {dag.py:2968} INFO - Setting next_dagrun for example_branch_dop_operator_v3 to 2022-08-03T21:11:00+00:00, run_after=2022-08-03T21:12:00+00:00
[2022-08-04 00:12:46,451] {processor.py:161} INFO - Processing /home/ndx/Innowise tasks/Innowise_task_5/airflow_env/lib/python3.8/site-packages/airflow/example_dags/example_branch_python_dop_operator_3.py took 0.045 seconds
[2022-08-04 00:13:21,809] {processor.py:153} INFO - Started process (PID=46858) to work on /home/ndx/Innowise tasks/Innowise_task_5/airflow_env/lib/python3.8/site-packages/airflow/example_dags/example_branch_python_dop_operator_3.py
[2022-08-04 00:13:21,814] {processor.py:641} INFO - Processing file /home/ndx/Innowise tasks/Innowise_task_5/airflow_env/lib/python3.8/site-packages/airflow/example_dags/example_branch_python_dop_operator_3.py for tasks to queue
[2022-08-04 00:13:21,815] {logging_mixin.py:115} INFO - [2022-08-04 00:13:21,815] {dagbag.py:508} INFO - Filling up the DagBag from /home/ndx/Innowise tasks/Innowise_task_5/airflow_env/lib/python3.8/site-packages/airflow/example_dags/example_branch_python_dop_operator_3.py
[2022-08-04 00:13:21,821] {processor.py:651} INFO - DAG(s) dict_keys(['example_branch_dop_operator_v3']) retrieved from /home/ndx/Innowise tasks/Innowise_task_5/airflow_env/lib/python3.8/site-packages/airflow/example_dags/example_branch_python_dop_operator_3.py
[2022-08-04 00:13:21,831] {logging_mixin.py:115} INFO - [2022-08-04 00:13:21,831] {dag.py:2420} INFO - Sync 1 DAGs
[2022-08-04 00:13:21,843] {logging_mixin.py:115} INFO - [2022-08-04 00:13:21,843] {dag.py:2968} INFO - Setting next_dagrun for example_branch_dop_operator_v3 to 2022-08-03T21:12:00+00:00, run_after=2022-08-03T21:13:00+00:00
[2022-08-04 00:13:21,852] {processor.py:161} INFO - Processing /home/ndx/Innowise tasks/Innowise_task_5/airflow_env/lib/python3.8/site-packages/airflow/example_dags/example_branch_python_dop_operator_3.py took 0.045 seconds
[2022-08-04 00:13:54,665] {processor.py:153} INFO - Started process (PID=46940) to work on /home/ndx/Innowise tasks/Innowise_task_5/airflow_env/lib/python3.8/site-packages/airflow/example_dags/example_branch_python_dop_operator_3.py
[2022-08-04 00:13:54,670] {processor.py:641} INFO - Processing file /home/ndx/Innowise tasks/Innowise_task_5/airflow_env/lib/python3.8/site-packages/airflow/example_dags/example_branch_python_dop_operator_3.py for tasks to queue
[2022-08-04 00:13:54,671] {logging_mixin.py:115} INFO - [2022-08-04 00:13:54,671] {dagbag.py:508} INFO - Filling up the DagBag from /home/ndx/Innowise tasks/Innowise_task_5/airflow_env/lib/python3.8/site-packages/airflow/example_dags/example_branch_python_dop_operator_3.py
[2022-08-04 00:13:54,677] {processor.py:651} INFO - DAG(s) dict_keys(['example_branch_dop_operator_v3']) retrieved from /home/ndx/Innowise tasks/Innowise_task_5/airflow_env/lib/python3.8/site-packages/airflow/example_dags/example_branch_python_dop_operator_3.py
[2022-08-04 00:13:54,685] {logging_mixin.py:115} INFO - [2022-08-04 00:13:54,685] {dag.py:2420} INFO - Sync 1 DAGs
[2022-08-04 00:13:54,696] {logging_mixin.py:115} INFO - [2022-08-04 00:13:54,696] {dag.py:2968} INFO - Setting next_dagrun for example_branch_dop_operator_v3 to 2022-08-03T21:12:00+00:00, run_after=2022-08-03T21:13:00+00:00
[2022-08-04 00:13:54,703] {processor.py:161} INFO - Processing /home/ndx/Innowise tasks/Innowise_task_5/airflow_env/lib/python3.8/site-packages/airflow/example_dags/example_branch_python_dop_operator_3.py took 0.040 seconds
[2022-08-04 00:14:28,885] {processor.py:153} INFO - Started process (PID=47056) to work on /home/ndx/Innowise tasks/Innowise_task_5/airflow_env/lib/python3.8/site-packages/airflow/example_dags/example_branch_python_dop_operator_3.py
[2022-08-04 00:14:28,890] {processor.py:641} INFO - Processing file /home/ndx/Innowise tasks/Innowise_task_5/airflow_env/lib/python3.8/site-packages/airflow/example_dags/example_branch_python_dop_operator_3.py for tasks to queue
[2022-08-04 00:14:28,891] {logging_mixin.py:115} INFO - [2022-08-04 00:14:28,890] {dagbag.py:508} INFO - Filling up the DagBag from /home/ndx/Innowise tasks/Innowise_task_5/airflow_env/lib/python3.8/site-packages/airflow/example_dags/example_branch_python_dop_operator_3.py
[2022-08-04 00:14:28,896] {processor.py:651} INFO - DAG(s) dict_keys(['example_branch_dop_operator_v3']) retrieved from /home/ndx/Innowise tasks/Innowise_task_5/airflow_env/lib/python3.8/site-packages/airflow/example_dags/example_branch_python_dop_operator_3.py
[2022-08-04 00:14:28,904] {logging_mixin.py:115} INFO - [2022-08-04 00:14:28,904] {dag.py:2420} INFO - Sync 1 DAGs
[2022-08-04 00:14:28,915] {logging_mixin.py:115} INFO - [2022-08-04 00:14:28,915] {dag.py:2968} INFO - Setting next_dagrun for example_branch_dop_operator_v3 to 2022-08-03T21:13:00+00:00, run_after=2022-08-03T21:14:00+00:00
[2022-08-04 00:14:28,923] {processor.py:161} INFO - Processing /home/ndx/Innowise tasks/Innowise_task_5/airflow_env/lib/python3.8/site-packages/airflow/example_dags/example_branch_python_dop_operator_3.py took 0.040 seconds
[2022-08-04 00:15:03,482] {processor.py:153} INFO - Started process (PID=47144) to work on /home/ndx/Innowise tasks/Innowise_task_5/airflow_env/lib/python3.8/site-packages/airflow/example_dags/example_branch_python_dop_operator_3.py
[2022-08-04 00:15:03,487] {processor.py:641} INFO - Processing file /home/ndx/Innowise tasks/Innowise_task_5/airflow_env/lib/python3.8/site-packages/airflow/example_dags/example_branch_python_dop_operator_3.py for tasks to queue
[2022-08-04 00:15:03,488] {logging_mixin.py:115} INFO - [2022-08-04 00:15:03,487] {dagbag.py:508} INFO - Filling up the DagBag from /home/ndx/Innowise tasks/Innowise_task_5/airflow_env/lib/python3.8/site-packages/airflow/example_dags/example_branch_python_dop_operator_3.py
[2022-08-04 00:15:03,494] {processor.py:651} INFO - DAG(s) dict_keys(['example_branch_dop_operator_v3']) retrieved from /home/ndx/Innowise tasks/Innowise_task_5/airflow_env/lib/python3.8/site-packages/airflow/example_dags/example_branch_python_dop_operator_3.py
[2022-08-04 00:15:03,502] {logging_mixin.py:115} INFO - [2022-08-04 00:15:03,502] {dag.py:2420} INFO - Sync 1 DAGs
[2022-08-04 00:15:03,513] {logging_mixin.py:115} INFO - [2022-08-04 00:15:03,513] {dag.py:2968} INFO - Setting next_dagrun for example_branch_dop_operator_v3 to 2022-08-03T21:14:00+00:00, run_after=2022-08-03T21:15:00+00:00
[2022-08-04 00:15:03,520] {processor.py:161} INFO - Processing /home/ndx/Innowise tasks/Innowise_task_5/airflow_env/lib/python3.8/site-packages/airflow/example_dags/example_branch_python_dop_operator_3.py took 0.041 seconds
[2022-08-04 00:15:41,329] {processor.py:153} INFO - Started process (PID=47240) to work on /home/ndx/Innowise tasks/Innowise_task_5/airflow_env/lib/python3.8/site-packages/airflow/example_dags/example_branch_python_dop_operator_3.py
[2022-08-04 00:15:41,334] {processor.py:641} INFO - Processing file /home/ndx/Innowise tasks/Innowise_task_5/airflow_env/lib/python3.8/site-packages/airflow/example_dags/example_branch_python_dop_operator_3.py for tasks to queue
[2022-08-04 00:15:41,335] {logging_mixin.py:115} INFO - [2022-08-04 00:15:41,334] {dagbag.py:508} INFO - Filling up the DagBag from /home/ndx/Innowise tasks/Innowise_task_5/airflow_env/lib/python3.8/site-packages/airflow/example_dags/example_branch_python_dop_operator_3.py
[2022-08-04 00:15:41,341] {processor.py:651} INFO - DAG(s) dict_keys(['example_branch_dop_operator_v3']) retrieved from /home/ndx/Innowise tasks/Innowise_task_5/airflow_env/lib/python3.8/site-packages/airflow/example_dags/example_branch_python_dop_operator_3.py
[2022-08-04 00:15:41,349] {logging_mixin.py:115} INFO - [2022-08-04 00:15:41,349] {dag.py:2420} INFO - Sync 1 DAGs
[2022-08-04 00:15:41,362] {logging_mixin.py:115} INFO - [2022-08-04 00:15:41,362] {dag.py:2968} INFO - Setting next_dagrun for example_branch_dop_operator_v3 to 2022-08-03T21:14:00+00:00, run_after=2022-08-03T21:15:00+00:00
[2022-08-04 00:15:41,368] {processor.py:161} INFO - Processing /home/ndx/Innowise tasks/Innowise_task_5/airflow_env/lib/python3.8/site-packages/airflow/example_dags/example_branch_python_dop_operator_3.py took 0.041 seconds
[2022-08-04 00:16:16,070] {processor.py:153} INFO - Started process (PID=47306) to work on /home/ndx/Innowise tasks/Innowise_task_5/airflow_env/lib/python3.8/site-packages/airflow/example_dags/example_branch_python_dop_operator_3.py
[2022-08-04 00:16:16,076] {processor.py:641} INFO - Processing file /home/ndx/Innowise tasks/Innowise_task_5/airflow_env/lib/python3.8/site-packages/airflow/example_dags/example_branch_python_dop_operator_3.py for tasks to queue
[2022-08-04 00:16:16,076] {logging_mixin.py:115} INFO - [2022-08-04 00:16:16,076] {dagbag.py:508} INFO - Filling up the DagBag from /home/ndx/Innowise tasks/Innowise_task_5/airflow_env/lib/python3.8/site-packages/airflow/example_dags/example_branch_python_dop_operator_3.py
[2022-08-04 00:16:16,082] {processor.py:651} INFO - DAG(s) dict_keys(['example_branch_dop_operator_v3']) retrieved from /home/ndx/Innowise tasks/Innowise_task_5/airflow_env/lib/python3.8/site-packages/airflow/example_dags/example_branch_python_dop_operator_3.py
[2022-08-04 00:16:16,091] {logging_mixin.py:115} INFO - [2022-08-04 00:16:16,091] {dag.py:2420} INFO - Sync 1 DAGs
[2022-08-04 00:16:16,105] {logging_mixin.py:115} INFO - [2022-08-04 00:16:16,104] {dag.py:2968} INFO - Setting next_dagrun for example_branch_dop_operator_v3 to 2022-08-03T21:15:00+00:00, run_after=2022-08-03T21:16:00+00:00
[2022-08-04 00:16:16,111] {processor.py:161} INFO - Processing /home/ndx/Innowise tasks/Innowise_task_5/airflow_env/lib/python3.8/site-packages/airflow/example_dags/example_branch_python_dop_operator_3.py took 0.043 seconds
[2022-08-04 00:16:49,190] {processor.py:153} INFO - Started process (PID=47378) to work on /home/ndx/Innowise tasks/Innowise_task_5/airflow_env/lib/python3.8/site-packages/airflow/example_dags/example_branch_python_dop_operator_3.py
[2022-08-04 00:16:49,196] {processor.py:641} INFO - Processing file /home/ndx/Innowise tasks/Innowise_task_5/airflow_env/lib/python3.8/site-packages/airflow/example_dags/example_branch_python_dop_operator_3.py for tasks to queue
[2022-08-04 00:16:49,196] {logging_mixin.py:115} INFO - [2022-08-04 00:16:49,196] {dagbag.py:508} INFO - Filling up the DagBag from /home/ndx/Innowise tasks/Innowise_task_5/airflow_env/lib/python3.8/site-packages/airflow/example_dags/example_branch_python_dop_operator_3.py
[2022-08-04 00:16:49,202] {processor.py:651} INFO - DAG(s) dict_keys(['example_branch_dop_operator_v3']) retrieved from /home/ndx/Innowise tasks/Innowise_task_5/airflow_env/lib/python3.8/site-packages/airflow/example_dags/example_branch_python_dop_operator_3.py
[2022-08-04 00:16:49,210] {logging_mixin.py:115} INFO - [2022-08-04 00:16:49,210] {dag.py:2420} INFO - Sync 1 DAGs
[2022-08-04 00:16:49,223] {logging_mixin.py:115} INFO - [2022-08-04 00:16:49,223] {dag.py:2968} INFO - Setting next_dagrun for example_branch_dop_operator_v3 to 2022-08-03T21:15:00+00:00, run_after=2022-08-03T21:16:00+00:00
[2022-08-04 00:16:49,229] {processor.py:161} INFO - Processing /home/ndx/Innowise tasks/Innowise_task_5/airflow_env/lib/python3.8/site-packages/airflow/example_dags/example_branch_python_dop_operator_3.py took 0.040 seconds
[2022-08-04 00:17:25,149] {processor.py:153} INFO - Started process (PID=47479) to work on /home/ndx/Innowise tasks/Innowise_task_5/airflow_env/lib/python3.8/site-packages/airflow/example_dags/example_branch_python_dop_operator_3.py
[2022-08-04 00:17:25,154] {processor.py:641} INFO - Processing file /home/ndx/Innowise tasks/Innowise_task_5/airflow_env/lib/python3.8/site-packages/airflow/example_dags/example_branch_python_dop_operator_3.py for tasks to queue
[2022-08-04 00:17:25,155] {logging_mixin.py:115} INFO - [2022-08-04 00:17:25,155] {dagbag.py:508} INFO - Filling up the DagBag from /home/ndx/Innowise tasks/Innowise_task_5/airflow_env/lib/python3.8/site-packages/airflow/example_dags/example_branch_python_dop_operator_3.py
[2022-08-04 00:17:25,161] {processor.py:651} INFO - DAG(s) dict_keys(['example_branch_dop_operator_v3']) retrieved from /home/ndx/Innowise tasks/Innowise_task_5/airflow_env/lib/python3.8/site-packages/airflow/example_dags/example_branch_python_dop_operator_3.py
[2022-08-04 00:17:25,170] {logging_mixin.py:115} INFO - [2022-08-04 00:17:25,170] {dag.py:2420} INFO - Sync 1 DAGs
[2022-08-04 00:17:25,183] {logging_mixin.py:115} INFO - [2022-08-04 00:17:25,183] {dag.py:2968} INFO - Setting next_dagrun for example_branch_dop_operator_v3 to 2022-08-03T21:16:00+00:00, run_after=2022-08-03T21:17:00+00:00
[2022-08-04 00:17:25,190] {processor.py:161} INFO - Processing /home/ndx/Innowise tasks/Innowise_task_5/airflow_env/lib/python3.8/site-packages/airflow/example_dags/example_branch_python_dop_operator_3.py took 0.043 seconds
[2022-08-04 00:18:03,780] {processor.py:153} INFO - Started process (PID=47566) to work on /home/ndx/Innowise tasks/Innowise_task_5/airflow_env/lib/python3.8/site-packages/airflow/example_dags/example_branch_python_dop_operator_3.py
[2022-08-04 00:18:03,785] {processor.py:641} INFO - Processing file /home/ndx/Innowise tasks/Innowise_task_5/airflow_env/lib/python3.8/site-packages/airflow/example_dags/example_branch_python_dop_operator_3.py for tasks to queue
[2022-08-04 00:18:03,786] {logging_mixin.py:115} INFO - [2022-08-04 00:18:03,786] {dagbag.py:508} INFO - Filling up the DagBag from /home/ndx/Innowise tasks/Innowise_task_5/airflow_env/lib/python3.8/site-packages/airflow/example_dags/example_branch_python_dop_operator_3.py
[2022-08-04 00:18:03,792] {processor.py:651} INFO - DAG(s) dict_keys(['example_branch_dop_operator_v3']) retrieved from /home/ndx/Innowise tasks/Innowise_task_5/airflow_env/lib/python3.8/site-packages/airflow/example_dags/example_branch_python_dop_operator_3.py
[2022-08-04 00:18:03,801] {logging_mixin.py:115} INFO - [2022-08-04 00:18:03,801] {dag.py:2420} INFO - Sync 1 DAGs
[2022-08-04 00:18:03,813] {logging_mixin.py:115} INFO - [2022-08-04 00:18:03,813] {dag.py:2968} INFO - Setting next_dagrun for example_branch_dop_operator_v3 to 2022-08-03T21:17:00+00:00, run_after=2022-08-03T21:18:00+00:00
[2022-08-04 00:18:03,822] {processor.py:161} INFO - Processing /home/ndx/Innowise tasks/Innowise_task_5/airflow_env/lib/python3.8/site-packages/airflow/example_dags/example_branch_python_dop_operator_3.py took 0.044 seconds
[2022-08-04 00:18:37,464] {processor.py:153} INFO - Started process (PID=47606) to work on /home/ndx/Innowise tasks/Innowise_task_5/airflow_env/lib/python3.8/site-packages/airflow/example_dags/example_branch_python_dop_operator_3.py
[2022-08-04 00:18:37,470] {processor.py:641} INFO - Processing file /home/ndx/Innowise tasks/Innowise_task_5/airflow_env/lib/python3.8/site-packages/airflow/example_dags/example_branch_python_dop_operator_3.py for tasks to queue
[2022-08-04 00:18:37,470] {logging_mixin.py:115} INFO - [2022-08-04 00:18:37,470] {dagbag.py:508} INFO - Filling up the DagBag from /home/ndx/Innowise tasks/Innowise_task_5/airflow_env/lib/python3.8/site-packages/airflow/example_dags/example_branch_python_dop_operator_3.py
[2022-08-04 00:18:37,476] {processor.py:651} INFO - DAG(s) dict_keys(['example_branch_dop_operator_v3']) retrieved from /home/ndx/Innowise tasks/Innowise_task_5/airflow_env/lib/python3.8/site-packages/airflow/example_dags/example_branch_python_dop_operator_3.py
[2022-08-04 00:18:37,485] {logging_mixin.py:115} INFO - [2022-08-04 00:18:37,485] {dag.py:2420} INFO - Sync 1 DAGs
[2022-08-04 00:18:37,497] {logging_mixin.py:115} INFO - [2022-08-04 00:18:37,497] {dag.py:2968} INFO - Setting next_dagrun for example_branch_dop_operator_v3 to 2022-08-03T21:17:00+00:00, run_after=2022-08-03T21:18:00+00:00
[2022-08-04 00:18:37,504] {processor.py:161} INFO - Processing /home/ndx/Innowise tasks/Innowise_task_5/airflow_env/lib/python3.8/site-packages/airflow/example_dags/example_branch_python_dop_operator_3.py took 0.041 seconds
[2022-08-04 00:19:13,388] {processor.py:153} INFO - Started process (PID=47786) to work on /home/ndx/Innowise tasks/Innowise_task_5/airflow_env/lib/python3.8/site-packages/airflow/example_dags/example_branch_python_dop_operator_3.py
[2022-08-04 00:19:13,394] {processor.py:641} INFO - Processing file /home/ndx/Innowise tasks/Innowise_task_5/airflow_env/lib/python3.8/site-packages/airflow/example_dags/example_branch_python_dop_operator_3.py for tasks to queue
[2022-08-04 00:19:13,394] {logging_mixin.py:115} INFO - [2022-08-04 00:19:13,394] {dagbag.py:508} INFO - Filling up the DagBag from /home/ndx/Innowise tasks/Innowise_task_5/airflow_env/lib/python3.8/site-packages/airflow/example_dags/example_branch_python_dop_operator_3.py
[2022-08-04 00:19:13,400] {processor.py:651} INFO - DAG(s) dict_keys(['example_branch_dop_operator_v3']) retrieved from /home/ndx/Innowise tasks/Innowise_task_5/airflow_env/lib/python3.8/site-packages/airflow/example_dags/example_branch_python_dop_operator_3.py
[2022-08-04 00:19:13,408] {logging_mixin.py:115} INFO - [2022-08-04 00:19:13,408] {dag.py:2420} INFO - Sync 1 DAGs
[2022-08-04 00:19:13,420] {logging_mixin.py:115} INFO - [2022-08-04 00:19:13,420] {dag.py:2968} INFO - Setting next_dagrun for example_branch_dop_operator_v3 to 2022-08-03T21:18:00+00:00, run_after=2022-08-03T21:19:00+00:00
[2022-08-04 00:19:13,428] {processor.py:161} INFO - Processing /home/ndx/Innowise tasks/Innowise_task_5/airflow_env/lib/python3.8/site-packages/airflow/example_dags/example_branch_python_dop_operator_3.py took 0.041 seconds
[2022-08-04 00:19:45,532] {processor.py:153} INFO - Started process (PID=47880) to work on /home/ndx/Innowise tasks/Innowise_task_5/airflow_env/lib/python3.8/site-packages/airflow/example_dags/example_branch_python_dop_operator_3.py
[2022-08-04 00:19:45,537] {processor.py:641} INFO - Processing file /home/ndx/Innowise tasks/Innowise_task_5/airflow_env/lib/python3.8/site-packages/airflow/example_dags/example_branch_python_dop_operator_3.py for tasks to queue
[2022-08-04 00:19:45,538] {logging_mixin.py:115} INFO - [2022-08-04 00:19:45,537] {dagbag.py:508} INFO - Filling up the DagBag from /home/ndx/Innowise tasks/Innowise_task_5/airflow_env/lib/python3.8/site-packages/airflow/example_dags/example_branch_python_dop_operator_3.py
[2022-08-04 00:19:45,544] {processor.py:651} INFO - DAG(s) dict_keys(['example_branch_dop_operator_v3']) retrieved from /home/ndx/Innowise tasks/Innowise_task_5/airflow_env/lib/python3.8/site-packages/airflow/example_dags/example_branch_python_dop_operator_3.py
[2022-08-04 00:19:45,552] {logging_mixin.py:115} INFO - [2022-08-04 00:19:45,552] {dag.py:2420} INFO - Sync 1 DAGs
[2022-08-04 00:19:45,565] {logging_mixin.py:115} INFO - [2022-08-04 00:19:45,565] {dag.py:2968} INFO - Setting next_dagrun for example_branch_dop_operator_v3 to 2022-08-03T21:18:00+00:00, run_after=2022-08-03T21:19:00+00:00
[2022-08-04 00:19:45,572] {processor.py:161} INFO - Processing /home/ndx/Innowise tasks/Innowise_task_5/airflow_env/lib/python3.8/site-packages/airflow/example_dags/example_branch_python_dop_operator_3.py took 0.042 seconds
[2022-08-04 00:20:20,721] {processor.py:153} INFO - Started process (PID=47971) to work on /home/ndx/Innowise tasks/Innowise_task_5/airflow_env/lib/python3.8/site-packages/airflow/example_dags/example_branch_python_dop_operator_3.py
[2022-08-04 00:20:20,726] {processor.py:641} INFO - Processing file /home/ndx/Innowise tasks/Innowise_task_5/airflow_env/lib/python3.8/site-packages/airflow/example_dags/example_branch_python_dop_operator_3.py for tasks to queue
[2022-08-04 00:20:20,727] {logging_mixin.py:115} INFO - [2022-08-04 00:20:20,727] {dagbag.py:508} INFO - Filling up the DagBag from /home/ndx/Innowise tasks/Innowise_task_5/airflow_env/lib/python3.8/site-packages/airflow/example_dags/example_branch_python_dop_operator_3.py
[2022-08-04 00:20:20,733] {processor.py:651} INFO - DAG(s) dict_keys(['example_branch_dop_operator_v3']) retrieved from /home/ndx/Innowise tasks/Innowise_task_5/airflow_env/lib/python3.8/site-packages/airflow/example_dags/example_branch_python_dop_operator_3.py
[2022-08-04 00:20:20,741] {logging_mixin.py:115} INFO - [2022-08-04 00:20:20,741] {dag.py:2420} INFO - Sync 1 DAGs
[2022-08-04 00:20:20,754] {logging_mixin.py:115} INFO - [2022-08-04 00:20:20,754] {dag.py:2968} INFO - Setting next_dagrun for example_branch_dop_operator_v3 to 2022-08-03T21:19:00+00:00, run_after=2022-08-03T21:20:00+00:00
[2022-08-04 00:20:20,762] {processor.py:161} INFO - Processing /home/ndx/Innowise tasks/Innowise_task_5/airflow_env/lib/python3.8/site-packages/airflow/example_dags/example_branch_python_dop_operator_3.py took 0.043 seconds
[2022-08-04 00:20:53,441] {processor.py:153} INFO - Started process (PID=48027) to work on /home/ndx/Innowise tasks/Innowise_task_5/airflow_env/lib/python3.8/site-packages/airflow/example_dags/example_branch_python_dop_operator_3.py
[2022-08-04 00:20:53,447] {processor.py:641} INFO - Processing file /home/ndx/Innowise tasks/Innowise_task_5/airflow_env/lib/python3.8/site-packages/airflow/example_dags/example_branch_python_dop_operator_3.py for tasks to queue
[2022-08-04 00:20:53,447] {logging_mixin.py:115} INFO - [2022-08-04 00:20:53,447] {dagbag.py:508} INFO - Filling up the DagBag from /home/ndx/Innowise tasks/Innowise_task_5/airflow_env/lib/python3.8/site-packages/airflow/example_dags/example_branch_python_dop_operator_3.py
[2022-08-04 00:20:53,453] {processor.py:651} INFO - DAG(s) dict_keys(['example_branch_dop_operator_v3']) retrieved from /home/ndx/Innowise tasks/Innowise_task_5/airflow_env/lib/python3.8/site-packages/airflow/example_dags/example_branch_python_dop_operator_3.py
[2022-08-04 00:20:53,463] {logging_mixin.py:115} INFO - [2022-08-04 00:20:53,463] {dag.py:2420} INFO - Sync 1 DAGs
[2022-08-04 00:20:53,478] {logging_mixin.py:115} INFO - [2022-08-04 00:20:53,478] {dag.py:2968} INFO - Setting next_dagrun for example_branch_dop_operator_v3 to 2022-08-03T21:19:00+00:00, run_after=2022-08-03T21:20:00+00:00
[2022-08-04 00:20:53,485] {processor.py:161} INFO - Processing /home/ndx/Innowise tasks/Innowise_task_5/airflow_env/lib/python3.8/site-packages/airflow/example_dags/example_branch_python_dop_operator_3.py took 0.045 seconds
[2022-08-04 00:21:26,799] {processor.py:153} INFO - Started process (PID=48142) to work on /home/ndx/Innowise tasks/Innowise_task_5/airflow_env/lib/python3.8/site-packages/airflow/example_dags/example_branch_python_dop_operator_3.py
[2022-08-04 00:21:26,799] {processor.py:641} INFO - Processing file /home/ndx/Innowise tasks/Innowise_task_5/airflow_env/lib/python3.8/site-packages/airflow/example_dags/example_branch_python_dop_operator_3.py for tasks to queue
[2022-08-04 00:21:26,799] {logging_mixin.py:115} INFO - [2022-08-04 00:21:26,799] {dagbag.py:508} INFO - Filling up the DagBag from /home/ndx/Innowise tasks/Innowise_task_5/airflow_env/lib/python3.8/site-packages/airflow/example_dags/example_branch_python_dop_operator_3.py
[2022-08-04 00:21:26,805] {processor.py:651} INFO - DAG(s) dict_keys(['example_branch_dop_operator_v3']) retrieved from /home/ndx/Innowise tasks/Innowise_task_5/airflow_env/lib/python3.8/site-packages/airflow/example_dags/example_branch_python_dop_operator_3.py
[2022-08-04 00:21:26,813] {logging_mixin.py:115} INFO - [2022-08-04 00:21:26,813] {dag.py:2420} INFO - Sync 1 DAGs
[2022-08-04 00:21:26,825] {logging_mixin.py:115} INFO - [2022-08-04 00:21:26,825] {dag.py:2968} INFO - Setting next_dagrun for example_branch_dop_operator_v3 to 2022-08-03T21:20:00+00:00, run_after=2022-08-03T21:21:00+00:00
[2022-08-04 00:21:26,832] {processor.py:161} INFO - Processing /home/ndx/Innowise tasks/Innowise_task_5/airflow_env/lib/python3.8/site-packages/airflow/example_dags/example_branch_python_dop_operator_3.py took 0.036 seconds
[2022-08-04 00:22:01,592] {processor.py:153} INFO - Started process (PID=48186) to work on /home/ndx/Innowise tasks/Innowise_task_5/airflow_env/lib/python3.8/site-packages/airflow/example_dags/example_branch_python_dop_operator_3.py
[2022-08-04 00:22:01,598] {processor.py:641} INFO - Processing file /home/ndx/Innowise tasks/Innowise_task_5/airflow_env/lib/python3.8/site-packages/airflow/example_dags/example_branch_python_dop_operator_3.py for tasks to queue
[2022-08-04 00:22:01,598] {logging_mixin.py:115} INFO - [2022-08-04 00:22:01,598] {dagbag.py:508} INFO - Filling up the DagBag from /home/ndx/Innowise tasks/Innowise_task_5/airflow_env/lib/python3.8/site-packages/airflow/example_dags/example_branch_python_dop_operator_3.py
[2022-08-04 00:22:01,604] {processor.py:651} INFO - DAG(s) dict_keys(['example_branch_dop_operator_v3']) retrieved from /home/ndx/Innowise tasks/Innowise_task_5/airflow_env/lib/python3.8/site-packages/airflow/example_dags/example_branch_python_dop_operator_3.py
[2022-08-04 00:22:01,614] {logging_mixin.py:115} INFO - [2022-08-04 00:22:01,613] {dag.py:2420} INFO - Sync 1 DAGs
[2022-08-04 00:22:01,628] {logging_mixin.py:115} INFO - [2022-08-04 00:22:01,628] {dag.py:2968} INFO - Setting next_dagrun for example_branch_dop_operator_v3 to 2022-08-03T21:21:00+00:00, run_after=2022-08-03T21:22:00+00:00
[2022-08-04 00:22:01,635] {processor.py:161} INFO - Processing /home/ndx/Innowise tasks/Innowise_task_5/airflow_env/lib/python3.8/site-packages/airflow/example_dags/example_branch_python_dop_operator_3.py took 0.044 seconds
[2022-08-04 00:22:36,940] {processor.py:153} INFO - Started process (PID=48259) to work on /home/ndx/Innowise tasks/Innowise_task_5/airflow_env/lib/python3.8/site-packages/airflow/example_dags/example_branch_python_dop_operator_3.py
[2022-08-04 00:22:36,945] {processor.py:641} INFO - Processing file /home/ndx/Innowise tasks/Innowise_task_5/airflow_env/lib/python3.8/site-packages/airflow/example_dags/example_branch_python_dop_operator_3.py for tasks to queue
[2022-08-04 00:22:36,946] {logging_mixin.py:115} INFO - [2022-08-04 00:22:36,945] {dagbag.py:508} INFO - Filling up the DagBag from /home/ndx/Innowise tasks/Innowise_task_5/airflow_env/lib/python3.8/site-packages/airflow/example_dags/example_branch_python_dop_operator_3.py
[2022-08-04 00:22:36,952] {processor.py:651} INFO - DAG(s) dict_keys(['example_branch_dop_operator_v3']) retrieved from /home/ndx/Innowise tasks/Innowise_task_5/airflow_env/lib/python3.8/site-packages/airflow/example_dags/example_branch_python_dop_operator_3.py
[2022-08-04 00:22:36,961] {logging_mixin.py:115} INFO - [2022-08-04 00:22:36,961] {dag.py:2420} INFO - Sync 1 DAGs
[2022-08-04 00:22:36,974] {logging_mixin.py:115} INFO - [2022-08-04 00:22:36,973] {dag.py:2968} INFO - Setting next_dagrun for example_branch_dop_operator_v3 to 2022-08-03T21:21:00+00:00, run_after=2022-08-03T21:22:00+00:00
[2022-08-04 00:22:36,983] {processor.py:161} INFO - Processing /home/ndx/Innowise tasks/Innowise_task_5/airflow_env/lib/python3.8/site-packages/airflow/example_dags/example_branch_python_dop_operator_3.py took 0.045 seconds
[2022-08-04 00:23:12,899] {processor.py:153} INFO - Started process (PID=48313) to work on /home/ndx/Innowise tasks/Innowise_task_5/airflow_env/lib/python3.8/site-packages/airflow/example_dags/example_branch_python_dop_operator_3.py
[2022-08-04 00:23:12,905] {processor.py:641} INFO - Processing file /home/ndx/Innowise tasks/Innowise_task_5/airflow_env/lib/python3.8/site-packages/airflow/example_dags/example_branch_python_dop_operator_3.py for tasks to queue
[2022-08-04 00:23:12,905] {logging_mixin.py:115} INFO - [2022-08-04 00:23:12,905] {dagbag.py:508} INFO - Filling up the DagBag from /home/ndx/Innowise tasks/Innowise_task_5/airflow_env/lib/python3.8/site-packages/airflow/example_dags/example_branch_python_dop_operator_3.py
[2022-08-04 00:23:12,912] {processor.py:651} INFO - DAG(s) dict_keys(['example_branch_dop_operator_v3']) retrieved from /home/ndx/Innowise tasks/Innowise_task_5/airflow_env/lib/python3.8/site-packages/airflow/example_dags/example_branch_python_dop_operator_3.py
[2022-08-04 00:23:12,920] {logging_mixin.py:115} INFO - [2022-08-04 00:23:12,920] {dag.py:2420} INFO - Sync 1 DAGs
[2022-08-04 00:23:12,932] {logging_mixin.py:115} INFO - [2022-08-04 00:23:12,932] {dag.py:2968} INFO - Setting next_dagrun for example_branch_dop_operator_v3 to 2022-08-03T21:22:00+00:00, run_after=2022-08-03T21:23:00+00:00
[2022-08-04 00:23:12,939] {processor.py:161} INFO - Processing /home/ndx/Innowise tasks/Innowise_task_5/airflow_env/lib/python3.8/site-packages/airflow/example_dags/example_branch_python_dop_operator_3.py took 0.041 seconds
[2022-08-04 00:24:02,174] {processor.py:153} INFO - Started process (PID=48463) to work on /home/ndx/Innowise tasks/Innowise_task_5/airflow_env/lib/python3.8/site-packages/airflow/example_dags/example_branch_python_dop_operator_3.py
[2022-08-04 00:24:02,179] {processor.py:641} INFO - Processing file /home/ndx/Innowise tasks/Innowise_task_5/airflow_env/lib/python3.8/site-packages/airflow/example_dags/example_branch_python_dop_operator_3.py for tasks to queue
[2022-08-04 00:24:02,180] {logging_mixin.py:115} INFO - [2022-08-04 00:24:02,180] {dagbag.py:508} INFO - Filling up the DagBag from /home/ndx/Innowise tasks/Innowise_task_5/airflow_env/lib/python3.8/site-packages/airflow/example_dags/example_branch_python_dop_operator_3.py
[2022-08-04 00:24:02,186] {processor.py:651} INFO - DAG(s) dict_keys(['example_branch_dop_operator_v3']) retrieved from /home/ndx/Innowise tasks/Innowise_task_5/airflow_env/lib/python3.8/site-packages/airflow/example_dags/example_branch_python_dop_operator_3.py
[2022-08-04 00:24:02,194] {logging_mixin.py:115} INFO - [2022-08-04 00:24:02,194] {dag.py:2420} INFO - Sync 1 DAGs
[2022-08-04 00:24:02,206] {logging_mixin.py:115} INFO - [2022-08-04 00:24:02,206] {dag.py:2968} INFO - Setting next_dagrun for example_branch_dop_operator_v3 to 2022-08-03T21:23:00+00:00, run_after=2022-08-03T21:24:00+00:00
[2022-08-04 00:24:02,212] {processor.py:161} INFO - Processing /home/ndx/Innowise tasks/Innowise_task_5/airflow_env/lib/python3.8/site-packages/airflow/example_dags/example_branch_python_dop_operator_3.py took 0.040 seconds
