[2022-08-04 00:00:50,378] {processor.py:153} INFO - Started process (PID=44913) to work on /home/ndx/Innowise tasks/Innowise_task_5/airflow_env/lib/python3.8/site-packages/airflow/example_dags/example_branch_labels.py
[2022-08-04 00:00:50,378] {processor.py:641} INFO - Processing file /home/ndx/Innowise tasks/Innowise_task_5/airflow_env/lib/python3.8/site-packages/airflow/example_dags/example_branch_labels.py for tasks to queue
[2022-08-04 00:00:50,378] {logging_mixin.py:115} INFO - [2022-08-04 00:00:50,378] {dagbag.py:508} INFO - Filling up the DagBag from /home/ndx/Innowise tasks/Innowise_task_5/airflow_env/lib/python3.8/site-packages/airflow/example_dags/example_branch_labels.py
[2022-08-04 00:00:50,382] {processor.py:651} INFO - DAG(s) dict_keys(['example_branch_labels']) retrieved from /home/ndx/Innowise tasks/Innowise_task_5/airflow_env/lib/python3.8/site-packages/airflow/example_dags/example_branch_labels.py
[2022-08-04 00:00:50,391] {logging_mixin.py:115} INFO - [2022-08-04 00:00:50,391] {dag.py:2420} INFO - Sync 1 DAGs
[2022-08-04 00:00:50,401] {logging_mixin.py:115} INFO - [2022-08-04 00:00:50,401] {dag.py:2968} INFO - Setting next_dagrun for example_branch_labels to 2022-08-02T00:00:00+00:00, run_after=2022-08-03T00:00:00+00:00
[2022-08-04 00:00:50,413] {processor.py:161} INFO - Processing /home/ndx/Innowise tasks/Innowise_task_5/airflow_env/lib/python3.8/site-packages/airflow/example_dags/example_branch_labels.py took 0.037 seconds
[2022-08-04 00:01:22,741] {processor.py:153} INFO - Started process (PID=45043) to work on /home/ndx/Innowise tasks/Innowise_task_5/airflow_env/lib/python3.8/site-packages/airflow/example_dags/example_branch_labels.py
[2022-08-04 00:01:22,747] {processor.py:641} INFO - Processing file /home/ndx/Innowise tasks/Innowise_task_5/airflow_env/lib/python3.8/site-packages/airflow/example_dags/example_branch_labels.py for tasks to queue
[2022-08-04 00:01:22,748] {logging_mixin.py:115} INFO - [2022-08-04 00:01:22,748] {dagbag.py:508} INFO - Filling up the DagBag from /home/ndx/Innowise tasks/Innowise_task_5/airflow_env/lib/python3.8/site-packages/airflow/example_dags/example_branch_labels.py
[2022-08-04 00:01:22,752] {processor.py:651} INFO - DAG(s) dict_keys(['example_branch_labels']) retrieved from /home/ndx/Innowise tasks/Innowise_task_5/airflow_env/lib/python3.8/site-packages/airflow/example_dags/example_branch_labels.py
[2022-08-04 00:01:22,761] {logging_mixin.py:115} INFO - [2022-08-04 00:01:22,761] {dag.py:2420} INFO - Sync 1 DAGs
[2022-08-04 00:01:22,771] {logging_mixin.py:115} INFO - [2022-08-04 00:01:22,771] {dag.py:2968} INFO - Setting next_dagrun for example_branch_labels to 2022-08-02T00:00:00+00:00, run_after=2022-08-03T00:00:00+00:00
[2022-08-04 00:01:22,776] {processor.py:161} INFO - Processing /home/ndx/Innowise tasks/Innowise_task_5/airflow_env/lib/python3.8/site-packages/airflow/example_dags/example_branch_labels.py took 0.037 seconds
[2022-08-04 00:01:58,796] {processor.py:153} INFO - Started process (PID=45142) to work on /home/ndx/Innowise tasks/Innowise_task_5/airflow_env/lib/python3.8/site-packages/airflow/example_dags/example_branch_labels.py
[2022-08-04 00:01:58,802] {processor.py:641} INFO - Processing file /home/ndx/Innowise tasks/Innowise_task_5/airflow_env/lib/python3.8/site-packages/airflow/example_dags/example_branch_labels.py for tasks to queue
[2022-08-04 00:01:58,802] {logging_mixin.py:115} INFO - [2022-08-04 00:01:58,802] {dagbag.py:508} INFO - Filling up the DagBag from /home/ndx/Innowise tasks/Innowise_task_5/airflow_env/lib/python3.8/site-packages/airflow/example_dags/example_branch_labels.py
[2022-08-04 00:01:58,807] {processor.py:651} INFO - DAG(s) dict_keys(['example_branch_labels']) retrieved from /home/ndx/Innowise tasks/Innowise_task_5/airflow_env/lib/python3.8/site-packages/airflow/example_dags/example_branch_labels.py
[2022-08-04 00:01:58,816] {logging_mixin.py:115} INFO - [2022-08-04 00:01:58,816] {dag.py:2420} INFO - Sync 1 DAGs
[2022-08-04 00:01:58,825] {logging_mixin.py:115} INFO - [2022-08-04 00:01:58,825] {dag.py:2968} INFO - Setting next_dagrun for example_branch_labels to 2022-08-02T00:00:00+00:00, run_after=2022-08-03T00:00:00+00:00
[2022-08-04 00:01:58,831] {processor.py:161} INFO - Processing /home/ndx/Innowise tasks/Innowise_task_5/airflow_env/lib/python3.8/site-packages/airflow/example_dags/example_branch_labels.py took 0.037 seconds
[2022-08-04 00:02:33,815] {processor.py:153} INFO - Started process (PID=45312) to work on /home/ndx/Innowise tasks/Innowise_task_5/airflow_env/lib/python3.8/site-packages/airflow/example_dags/example_branch_labels.py
[2022-08-04 00:02:33,820] {processor.py:641} INFO - Processing file /home/ndx/Innowise tasks/Innowise_task_5/airflow_env/lib/python3.8/site-packages/airflow/example_dags/example_branch_labels.py for tasks to queue
[2022-08-04 00:02:33,821] {logging_mixin.py:115} INFO - [2022-08-04 00:02:33,820] {dagbag.py:508} INFO - Filling up the DagBag from /home/ndx/Innowise tasks/Innowise_task_5/airflow_env/lib/python3.8/site-packages/airflow/example_dags/example_branch_labels.py
[2022-08-04 00:02:33,825] {processor.py:651} INFO - DAG(s) dict_keys(['example_branch_labels']) retrieved from /home/ndx/Innowise tasks/Innowise_task_5/airflow_env/lib/python3.8/site-packages/airflow/example_dags/example_branch_labels.py
[2022-08-04 00:02:33,833] {logging_mixin.py:115} INFO - [2022-08-04 00:02:33,833] {dag.py:2420} INFO - Sync 1 DAGs
[2022-08-04 00:02:33,842] {logging_mixin.py:115} INFO - [2022-08-04 00:02:33,842] {dag.py:2968} INFO - Setting next_dagrun for example_branch_labels to 2022-08-02T00:00:00+00:00, run_after=2022-08-03T00:00:00+00:00
[2022-08-04 00:02:33,851] {processor.py:161} INFO - Processing /home/ndx/Innowise tasks/Innowise_task_5/airflow_env/lib/python3.8/site-packages/airflow/example_dags/example_branch_labels.py took 0.038 seconds
[2022-08-04 00:03:08,637] {processor.py:153} INFO - Started process (PID=45364) to work on /home/ndx/Innowise tasks/Innowise_task_5/airflow_env/lib/python3.8/site-packages/airflow/example_dags/example_branch_labels.py
[2022-08-04 00:03:08,642] {processor.py:641} INFO - Processing file /home/ndx/Innowise tasks/Innowise_task_5/airflow_env/lib/python3.8/site-packages/airflow/example_dags/example_branch_labels.py for tasks to queue
[2022-08-04 00:03:08,643] {logging_mixin.py:115} INFO - [2022-08-04 00:03:08,643] {dagbag.py:508} INFO - Filling up the DagBag from /home/ndx/Innowise tasks/Innowise_task_5/airflow_env/lib/python3.8/site-packages/airflow/example_dags/example_branch_labels.py
[2022-08-04 00:03:08,647] {processor.py:651} INFO - DAG(s) dict_keys(['example_branch_labels']) retrieved from /home/ndx/Innowise tasks/Innowise_task_5/airflow_env/lib/python3.8/site-packages/airflow/example_dags/example_branch_labels.py
[2022-08-04 00:03:08,655] {logging_mixin.py:115} INFO - [2022-08-04 00:03:08,655] {dag.py:2420} INFO - Sync 1 DAGs
[2022-08-04 00:03:08,665] {logging_mixin.py:115} INFO - [2022-08-04 00:03:08,665] {dag.py:2968} INFO - Setting next_dagrun for example_branch_labels to 2022-08-02T00:00:00+00:00, run_after=2022-08-03T00:00:00+00:00
[2022-08-04 00:03:08,671] {processor.py:161} INFO - Processing /home/ndx/Innowise tasks/Innowise_task_5/airflow_env/lib/python3.8/site-packages/airflow/example_dags/example_branch_labels.py took 0.036 seconds
[2022-08-04 00:03:43,855] {processor.py:153} INFO - Started process (PID=45445) to work on /home/ndx/Innowise tasks/Innowise_task_5/airflow_env/lib/python3.8/site-packages/airflow/example_dags/example_branch_labels.py
[2022-08-04 00:03:43,860] {processor.py:641} INFO - Processing file /home/ndx/Innowise tasks/Innowise_task_5/airflow_env/lib/python3.8/site-packages/airflow/example_dags/example_branch_labels.py for tasks to queue
[2022-08-04 00:03:43,861] {logging_mixin.py:115} INFO - [2022-08-04 00:03:43,861] {dagbag.py:508} INFO - Filling up the DagBag from /home/ndx/Innowise tasks/Innowise_task_5/airflow_env/lib/python3.8/site-packages/airflow/example_dags/example_branch_labels.py
[2022-08-04 00:03:43,865] {processor.py:651} INFO - DAG(s) dict_keys(['example_branch_labels']) retrieved from /home/ndx/Innowise tasks/Innowise_task_5/airflow_env/lib/python3.8/site-packages/airflow/example_dags/example_branch_labels.py
[2022-08-04 00:03:43,874] {logging_mixin.py:115} INFO - [2022-08-04 00:03:43,874] {dag.py:2420} INFO - Sync 1 DAGs
[2022-08-04 00:03:43,884] {logging_mixin.py:115} INFO - [2022-08-04 00:03:43,884] {dag.py:2968} INFO - Setting next_dagrun for example_branch_labels to 2022-08-02T00:00:00+00:00, run_after=2022-08-03T00:00:00+00:00
[2022-08-04 00:03:43,890] {processor.py:161} INFO - Processing /home/ndx/Innowise tasks/Innowise_task_5/airflow_env/lib/python3.8/site-packages/airflow/example_dags/example_branch_labels.py took 0.036 seconds
[2022-08-04 00:04:19,954] {processor.py:153} INFO - Started process (PID=45499) to work on /home/ndx/Innowise tasks/Innowise_task_5/airflow_env/lib/python3.8/site-packages/airflow/example_dags/example_branch_labels.py
[2022-08-04 00:04:19,959] {processor.py:641} INFO - Processing file /home/ndx/Innowise tasks/Innowise_task_5/airflow_env/lib/python3.8/site-packages/airflow/example_dags/example_branch_labels.py for tasks to queue
[2022-08-04 00:04:19,960] {logging_mixin.py:115} INFO - [2022-08-04 00:04:19,960] {dagbag.py:508} INFO - Filling up the DagBag from /home/ndx/Innowise tasks/Innowise_task_5/airflow_env/lib/python3.8/site-packages/airflow/example_dags/example_branch_labels.py
[2022-08-04 00:04:19,964] {processor.py:651} INFO - DAG(s) dict_keys(['example_branch_labels']) retrieved from /home/ndx/Innowise tasks/Innowise_task_5/airflow_env/lib/python3.8/site-packages/airflow/example_dags/example_branch_labels.py
[2022-08-04 00:04:19,973] {logging_mixin.py:115} INFO - [2022-08-04 00:04:19,973] {dag.py:2420} INFO - Sync 1 DAGs
[2022-08-04 00:04:19,982] {logging_mixin.py:115} INFO - [2022-08-04 00:04:19,982] {dag.py:2968} INFO - Setting next_dagrun for example_branch_labels to 2022-08-02T00:00:00+00:00, run_after=2022-08-03T00:00:00+00:00
[2022-08-04 00:04:19,990] {processor.py:161} INFO - Processing /home/ndx/Innowise tasks/Innowise_task_5/airflow_env/lib/python3.8/site-packages/airflow/example_dags/example_branch_labels.py took 0.037 seconds
[2022-08-04 00:04:51,935] {processor.py:153} INFO - Started process (PID=45553) to work on /home/ndx/Innowise tasks/Innowise_task_5/airflow_env/lib/python3.8/site-packages/airflow/example_dags/example_branch_labels.py
[2022-08-04 00:04:51,940] {processor.py:641} INFO - Processing file /home/ndx/Innowise tasks/Innowise_task_5/airflow_env/lib/python3.8/site-packages/airflow/example_dags/example_branch_labels.py for tasks to queue
[2022-08-04 00:04:51,940] {logging_mixin.py:115} INFO - [2022-08-04 00:04:51,940] {dagbag.py:508} INFO - Filling up the DagBag from /home/ndx/Innowise tasks/Innowise_task_5/airflow_env/lib/python3.8/site-packages/airflow/example_dags/example_branch_labels.py
[2022-08-04 00:04:51,945] {processor.py:651} INFO - DAG(s) dict_keys(['example_branch_labels']) retrieved from /home/ndx/Innowise tasks/Innowise_task_5/airflow_env/lib/python3.8/site-packages/airflow/example_dags/example_branch_labels.py
[2022-08-04 00:04:51,953] {logging_mixin.py:115} INFO - [2022-08-04 00:04:51,953] {dag.py:2420} INFO - Sync 1 DAGs
[2022-08-04 00:04:51,963] {logging_mixin.py:115} INFO - [2022-08-04 00:04:51,963] {dag.py:2968} INFO - Setting next_dagrun for example_branch_labels to 2022-08-02T00:00:00+00:00, run_after=2022-08-03T00:00:00+00:00
[2022-08-04 00:04:51,969] {processor.py:161} INFO - Processing /home/ndx/Innowise tasks/Innowise_task_5/airflow_env/lib/python3.8/site-packages/airflow/example_dags/example_branch_labels.py took 0.036 seconds
[2022-08-04 00:05:25,523] {processor.py:153} INFO - Started process (PID=45719) to work on /home/ndx/Innowise tasks/Innowise_task_5/airflow_env/lib/python3.8/site-packages/airflow/example_dags/example_branch_labels.py
[2022-08-04 00:05:25,524] {processor.py:641} INFO - Processing file /home/ndx/Innowise tasks/Innowise_task_5/airflow_env/lib/python3.8/site-packages/airflow/example_dags/example_branch_labels.py for tasks to queue
[2022-08-04 00:05:25,524] {logging_mixin.py:115} INFO - [2022-08-04 00:05:25,524] {dagbag.py:508} INFO - Filling up the DagBag from /home/ndx/Innowise tasks/Innowise_task_5/airflow_env/lib/python3.8/site-packages/airflow/example_dags/example_branch_labels.py
[2022-08-04 00:05:25,529] {processor.py:651} INFO - DAG(s) dict_keys(['example_branch_labels']) retrieved from /home/ndx/Innowise tasks/Innowise_task_5/airflow_env/lib/python3.8/site-packages/airflow/example_dags/example_branch_labels.py
[2022-08-04 00:05:25,538] {logging_mixin.py:115} INFO - [2022-08-04 00:05:25,538] {dag.py:2420} INFO - Sync 1 DAGs
[2022-08-04 00:05:25,548] {logging_mixin.py:115} INFO - [2022-08-04 00:05:25,548] {dag.py:2968} INFO - Setting next_dagrun for example_branch_labels to 2022-08-02T00:00:00+00:00, run_after=2022-08-03T00:00:00+00:00
[2022-08-04 00:05:25,554] {processor.py:161} INFO - Processing /home/ndx/Innowise tasks/Innowise_task_5/airflow_env/lib/python3.8/site-packages/airflow/example_dags/example_branch_labels.py took 0.033 seconds
[2022-08-04 00:05:59,346] {processor.py:153} INFO - Started process (PID=45812) to work on /home/ndx/Innowise tasks/Innowise_task_5/airflow_env/lib/python3.8/site-packages/airflow/example_dags/example_branch_labels.py
[2022-08-04 00:05:59,351] {processor.py:641} INFO - Processing file /home/ndx/Innowise tasks/Innowise_task_5/airflow_env/lib/python3.8/site-packages/airflow/example_dags/example_branch_labels.py for tasks to queue
[2022-08-04 00:05:59,352] {logging_mixin.py:115} INFO - [2022-08-04 00:05:59,352] {dagbag.py:508} INFO - Filling up the DagBag from /home/ndx/Innowise tasks/Innowise_task_5/airflow_env/lib/python3.8/site-packages/airflow/example_dags/example_branch_labels.py
[2022-08-04 00:05:59,356] {processor.py:651} INFO - DAG(s) dict_keys(['example_branch_labels']) retrieved from /home/ndx/Innowise tasks/Innowise_task_5/airflow_env/lib/python3.8/site-packages/airflow/example_dags/example_branch_labels.py
[2022-08-04 00:05:59,365] {logging_mixin.py:115} INFO - [2022-08-04 00:05:59,365] {dag.py:2420} INFO - Sync 1 DAGs
[2022-08-04 00:05:59,375] {logging_mixin.py:115} INFO - [2022-08-04 00:05:59,375] {dag.py:2968} INFO - Setting next_dagrun for example_branch_labels to 2022-08-02T00:00:00+00:00, run_after=2022-08-03T00:00:00+00:00
[2022-08-04 00:05:59,381] {processor.py:161} INFO - Processing /home/ndx/Innowise tasks/Innowise_task_5/airflow_env/lib/python3.8/site-packages/airflow/example_dags/example_branch_labels.py took 0.036 seconds
[2022-08-04 00:06:35,532] {processor.py:153} INFO - Started process (PID=45939) to work on /home/ndx/Innowise tasks/Innowise_task_5/airflow_env/lib/python3.8/site-packages/airflow/example_dags/example_branch_labels.py
[2022-08-04 00:06:35,533] {processor.py:641} INFO - Processing file /home/ndx/Innowise tasks/Innowise_task_5/airflow_env/lib/python3.8/site-packages/airflow/example_dags/example_branch_labels.py for tasks to queue
[2022-08-04 00:06:35,533] {logging_mixin.py:115} INFO - [2022-08-04 00:06:35,533] {dagbag.py:508} INFO - Filling up the DagBag from /home/ndx/Innowise tasks/Innowise_task_5/airflow_env/lib/python3.8/site-packages/airflow/example_dags/example_branch_labels.py
[2022-08-04 00:06:35,537] {processor.py:651} INFO - DAG(s) dict_keys(['example_branch_labels']) retrieved from /home/ndx/Innowise tasks/Innowise_task_5/airflow_env/lib/python3.8/site-packages/airflow/example_dags/example_branch_labels.py
[2022-08-04 00:06:35,546] {logging_mixin.py:115} INFO - [2022-08-04 00:06:35,546] {dag.py:2420} INFO - Sync 1 DAGs
[2022-08-04 00:06:35,555] {logging_mixin.py:115} INFO - [2022-08-04 00:06:35,555] {dag.py:2968} INFO - Setting next_dagrun for example_branch_labels to 2022-08-02T00:00:00+00:00, run_after=2022-08-03T00:00:00+00:00
[2022-08-04 00:06:35,563] {processor.py:161} INFO - Processing /home/ndx/Innowise tasks/Innowise_task_5/airflow_env/lib/python3.8/site-packages/airflow/example_dags/example_branch_labels.py took 0.032 seconds
[2022-08-04 00:07:08,011] {processor.py:153} INFO - Started process (PID=46004) to work on /home/ndx/Innowise tasks/Innowise_task_5/airflow_env/lib/python3.8/site-packages/airflow/example_dags/example_branch_labels.py
[2022-08-04 00:07:08,016] {processor.py:641} INFO - Processing file /home/ndx/Innowise tasks/Innowise_task_5/airflow_env/lib/python3.8/site-packages/airflow/example_dags/example_branch_labels.py for tasks to queue
[2022-08-04 00:07:08,017] {logging_mixin.py:115} INFO - [2022-08-04 00:07:08,017] {dagbag.py:508} INFO - Filling up the DagBag from /home/ndx/Innowise tasks/Innowise_task_5/airflow_env/lib/python3.8/site-packages/airflow/example_dags/example_branch_labels.py
[2022-08-04 00:07:08,021] {processor.py:651} INFO - DAG(s) dict_keys(['example_branch_labels']) retrieved from /home/ndx/Innowise tasks/Innowise_task_5/airflow_env/lib/python3.8/site-packages/airflow/example_dags/example_branch_labels.py
[2022-08-04 00:07:08,031] {logging_mixin.py:115} INFO - [2022-08-04 00:07:08,031] {dag.py:2420} INFO - Sync 1 DAGs
[2022-08-04 00:07:08,041] {logging_mixin.py:115} INFO - [2022-08-04 00:07:08,041] {dag.py:2968} INFO - Setting next_dagrun for example_branch_labels to 2022-08-02T00:00:00+00:00, run_after=2022-08-03T00:00:00+00:00
[2022-08-04 00:07:08,048] {processor.py:161} INFO - Processing /home/ndx/Innowise tasks/Innowise_task_5/airflow_env/lib/python3.8/site-packages/airflow/example_dags/example_branch_labels.py took 0.039 seconds
[2022-08-04 00:07:41,058] {processor.py:153} INFO - Started process (PID=46072) to work on /home/ndx/Innowise tasks/Innowise_task_5/airflow_env/lib/python3.8/site-packages/airflow/example_dags/example_branch_labels.py
[2022-08-04 00:07:41,064] {processor.py:641} INFO - Processing file /home/ndx/Innowise tasks/Innowise_task_5/airflow_env/lib/python3.8/site-packages/airflow/example_dags/example_branch_labels.py for tasks to queue
[2022-08-04 00:07:41,064] {logging_mixin.py:115} INFO - [2022-08-04 00:07:41,064] {dagbag.py:508} INFO - Filling up the DagBag from /home/ndx/Innowise tasks/Innowise_task_5/airflow_env/lib/python3.8/site-packages/airflow/example_dags/example_branch_labels.py
[2022-08-04 00:07:41,068] {processor.py:651} INFO - DAG(s) dict_keys(['example_branch_labels']) retrieved from /home/ndx/Innowise tasks/Innowise_task_5/airflow_env/lib/python3.8/site-packages/airflow/example_dags/example_branch_labels.py
[2022-08-04 00:07:41,077] {logging_mixin.py:115} INFO - [2022-08-04 00:07:41,077] {dag.py:2420} INFO - Sync 1 DAGs
[2022-08-04 00:07:41,087] {logging_mixin.py:115} INFO - [2022-08-04 00:07:41,087] {dag.py:2968} INFO - Setting next_dagrun for example_branch_labels to 2022-08-02T00:00:00+00:00, run_after=2022-08-03T00:00:00+00:00
[2022-08-04 00:07:41,096] {processor.py:161} INFO - Processing /home/ndx/Innowise tasks/Innowise_task_5/airflow_env/lib/python3.8/site-packages/airflow/example_dags/example_branch_labels.py took 0.039 seconds
[2022-08-04 00:08:15,540] {processor.py:153} INFO - Started process (PID=46135) to work on /home/ndx/Innowise tasks/Innowise_task_5/airflow_env/lib/python3.8/site-packages/airflow/example_dags/example_branch_labels.py
[2022-08-04 00:08:15,545] {processor.py:641} INFO - Processing file /home/ndx/Innowise tasks/Innowise_task_5/airflow_env/lib/python3.8/site-packages/airflow/example_dags/example_branch_labels.py for tasks to queue
[2022-08-04 00:08:15,546] {logging_mixin.py:115} INFO - [2022-08-04 00:08:15,545] {dagbag.py:508} INFO - Filling up the DagBag from /home/ndx/Innowise tasks/Innowise_task_5/airflow_env/lib/python3.8/site-packages/airflow/example_dags/example_branch_labels.py
[2022-08-04 00:08:15,550] {processor.py:651} INFO - DAG(s) dict_keys(['example_branch_labels']) retrieved from /home/ndx/Innowise tasks/Innowise_task_5/airflow_env/lib/python3.8/site-packages/airflow/example_dags/example_branch_labels.py
[2022-08-04 00:08:15,559] {logging_mixin.py:115} INFO - [2022-08-04 00:08:15,559] {dag.py:2420} INFO - Sync 1 DAGs
[2022-08-04 00:08:15,568] {logging_mixin.py:115} INFO - [2022-08-04 00:08:15,568] {dag.py:2968} INFO - Setting next_dagrun for example_branch_labels to 2022-08-02T00:00:00+00:00, run_after=2022-08-03T00:00:00+00:00
[2022-08-04 00:08:15,574] {processor.py:161} INFO - Processing /home/ndx/Innowise tasks/Innowise_task_5/airflow_env/lib/python3.8/site-packages/airflow/example_dags/example_branch_labels.py took 0.036 seconds
[2022-08-04 00:08:49,179] {processor.py:153} INFO - Started process (PID=46236) to work on /home/ndx/Innowise tasks/Innowise_task_5/airflow_env/lib/python3.8/site-packages/airflow/example_dags/example_branch_labels.py
[2022-08-04 00:08:49,184] {processor.py:641} INFO - Processing file /home/ndx/Innowise tasks/Innowise_task_5/airflow_env/lib/python3.8/site-packages/airflow/example_dags/example_branch_labels.py for tasks to queue
[2022-08-04 00:08:49,185] {logging_mixin.py:115} INFO - [2022-08-04 00:08:49,185] {dagbag.py:508} INFO - Filling up the DagBag from /home/ndx/Innowise tasks/Innowise_task_5/airflow_env/lib/python3.8/site-packages/airflow/example_dags/example_branch_labels.py
[2022-08-04 00:08:49,189] {processor.py:651} INFO - DAG(s) dict_keys(['example_branch_labels']) retrieved from /home/ndx/Innowise tasks/Innowise_task_5/airflow_env/lib/python3.8/site-packages/airflow/example_dags/example_branch_labels.py
[2022-08-04 00:08:49,198] {logging_mixin.py:115} INFO - [2022-08-04 00:08:49,198] {dag.py:2420} INFO - Sync 1 DAGs
[2022-08-04 00:08:49,207] {logging_mixin.py:115} INFO - [2022-08-04 00:08:49,207] {dag.py:2968} INFO - Setting next_dagrun for example_branch_labels to 2022-08-02T00:00:00+00:00, run_after=2022-08-03T00:00:00+00:00
[2022-08-04 00:08:49,213] {processor.py:161} INFO - Processing /home/ndx/Innowise tasks/Innowise_task_5/airflow_env/lib/python3.8/site-packages/airflow/example_dags/example_branch_labels.py took 0.036 seconds
[2022-08-04 00:09:23,811] {processor.py:153} INFO - Started process (PID=46323) to work on /home/ndx/Innowise tasks/Innowise_task_5/airflow_env/lib/python3.8/site-packages/airflow/example_dags/example_branch_labels.py
[2022-08-04 00:09:23,816] {processor.py:641} INFO - Processing file /home/ndx/Innowise tasks/Innowise_task_5/airflow_env/lib/python3.8/site-packages/airflow/example_dags/example_branch_labels.py for tasks to queue
[2022-08-04 00:09:23,816] {logging_mixin.py:115} INFO - [2022-08-04 00:09:23,816] {dagbag.py:508} INFO - Filling up the DagBag from /home/ndx/Innowise tasks/Innowise_task_5/airflow_env/lib/python3.8/site-packages/airflow/example_dags/example_branch_labels.py
[2022-08-04 00:09:23,820] {processor.py:651} INFO - DAG(s) dict_keys(['example_branch_labels']) retrieved from /home/ndx/Innowise tasks/Innowise_task_5/airflow_env/lib/python3.8/site-packages/airflow/example_dags/example_branch_labels.py
[2022-08-04 00:09:23,828] {logging_mixin.py:115} INFO - [2022-08-04 00:09:23,828] {dag.py:2420} INFO - Sync 1 DAGs
[2022-08-04 00:09:23,838] {logging_mixin.py:115} INFO - [2022-08-04 00:09:23,838] {dag.py:2968} INFO - Setting next_dagrun for example_branch_labels to 2022-08-02T00:00:00+00:00, run_after=2022-08-03T00:00:00+00:00
[2022-08-04 00:09:23,845] {processor.py:161} INFO - Processing /home/ndx/Innowise tasks/Innowise_task_5/airflow_env/lib/python3.8/site-packages/airflow/example_dags/example_branch_labels.py took 0.036 seconds
[2022-08-04 00:10:01,371] {processor.py:153} INFO - Started process (PID=46409) to work on /home/ndx/Innowise tasks/Innowise_task_5/airflow_env/lib/python3.8/site-packages/airflow/example_dags/example_branch_labels.py
[2022-08-04 00:10:01,377] {processor.py:641} INFO - Processing file /home/ndx/Innowise tasks/Innowise_task_5/airflow_env/lib/python3.8/site-packages/airflow/example_dags/example_branch_labels.py for tasks to queue
[2022-08-04 00:10:01,377] {logging_mixin.py:115} INFO - [2022-08-04 00:10:01,377] {dagbag.py:508} INFO - Filling up the DagBag from /home/ndx/Innowise tasks/Innowise_task_5/airflow_env/lib/python3.8/site-packages/airflow/example_dags/example_branch_labels.py
[2022-08-04 00:10:01,382] {processor.py:651} INFO - DAG(s) dict_keys(['example_branch_labels']) retrieved from /home/ndx/Innowise tasks/Innowise_task_5/airflow_env/lib/python3.8/site-packages/airflow/example_dags/example_branch_labels.py
[2022-08-04 00:10:01,392] {logging_mixin.py:115} INFO - [2022-08-04 00:10:01,392] {dag.py:2420} INFO - Sync 1 DAGs
[2022-08-04 00:10:01,403] {logging_mixin.py:115} INFO - [2022-08-04 00:10:01,403] {dag.py:2968} INFO - Setting next_dagrun for example_branch_labels to 2022-08-02T00:00:00+00:00, run_after=2022-08-03T00:00:00+00:00
[2022-08-04 00:10:01,410] {processor.py:161} INFO - Processing /home/ndx/Innowise tasks/Innowise_task_5/airflow_env/lib/python3.8/site-packages/airflow/example_dags/example_branch_labels.py took 0.040 seconds
[2022-08-04 00:10:32,810] {processor.py:153} INFO - Started process (PID=46525) to work on /home/ndx/Innowise tasks/Innowise_task_5/airflow_env/lib/python3.8/site-packages/airflow/example_dags/example_branch_labels.py
[2022-08-04 00:10:32,810] {processor.py:641} INFO - Processing file /home/ndx/Innowise tasks/Innowise_task_5/airflow_env/lib/python3.8/site-packages/airflow/example_dags/example_branch_labels.py for tasks to queue
[2022-08-04 00:10:32,811] {logging_mixin.py:115} INFO - [2022-08-04 00:10:32,811] {dagbag.py:508} INFO - Filling up the DagBag from /home/ndx/Innowise tasks/Innowise_task_5/airflow_env/lib/python3.8/site-packages/airflow/example_dags/example_branch_labels.py
[2022-08-04 00:10:32,815] {processor.py:651} INFO - DAG(s) dict_keys(['example_branch_labels']) retrieved from /home/ndx/Innowise tasks/Innowise_task_5/airflow_env/lib/python3.8/site-packages/airflow/example_dags/example_branch_labels.py
[2022-08-04 00:10:32,824] {logging_mixin.py:115} INFO - [2022-08-04 00:10:32,823] {dag.py:2420} INFO - Sync 1 DAGs
[2022-08-04 00:10:32,833] {logging_mixin.py:115} INFO - [2022-08-04 00:10:32,833] {dag.py:2968} INFO - Setting next_dagrun for example_branch_labels to 2022-08-02T00:00:00+00:00, run_after=2022-08-03T00:00:00+00:00
[2022-08-04 00:10:32,841] {processor.py:161} INFO - Processing /home/ndx/Innowise tasks/Innowise_task_5/airflow_env/lib/python3.8/site-packages/airflow/example_dags/example_branch_labels.py took 0.033 seconds
[2022-08-04 00:11:08,181] {processor.py:153} INFO - Started process (PID=46598) to work on /home/ndx/Innowise tasks/Innowise_task_5/airflow_env/lib/python3.8/site-packages/airflow/example_dags/example_branch_labels.py
[2022-08-04 00:11:08,181] {processor.py:641} INFO - Processing file /home/ndx/Innowise tasks/Innowise_task_5/airflow_env/lib/python3.8/site-packages/airflow/example_dags/example_branch_labels.py for tasks to queue
[2022-08-04 00:11:08,182] {logging_mixin.py:115} INFO - [2022-08-04 00:11:08,182] {dagbag.py:508} INFO - Filling up the DagBag from /home/ndx/Innowise tasks/Innowise_task_5/airflow_env/lib/python3.8/site-packages/airflow/example_dags/example_branch_labels.py
[2022-08-04 00:11:08,185] {processor.py:651} INFO - DAG(s) dict_keys(['example_branch_labels']) retrieved from /home/ndx/Innowise tasks/Innowise_task_5/airflow_env/lib/python3.8/site-packages/airflow/example_dags/example_branch_labels.py
[2022-08-04 00:11:08,194] {logging_mixin.py:115} INFO - [2022-08-04 00:11:08,194] {dag.py:2420} INFO - Sync 1 DAGs
[2022-08-04 00:11:08,203] {logging_mixin.py:115} INFO - [2022-08-04 00:11:08,203] {dag.py:2968} INFO - Setting next_dagrun for example_branch_labels to 2022-08-02T00:00:00+00:00, run_after=2022-08-03T00:00:00+00:00
[2022-08-04 00:11:08,211] {processor.py:161} INFO - Processing /home/ndx/Innowise tasks/Innowise_task_5/airflow_env/lib/python3.8/site-packages/airflow/example_dags/example_branch_labels.py took 0.032 seconds
[2022-08-04 00:11:41,078] {processor.py:153} INFO - Started process (PID=46659) to work on /home/ndx/Innowise tasks/Innowise_task_5/airflow_env/lib/python3.8/site-packages/airflow/example_dags/example_branch_labels.py
[2022-08-04 00:11:41,083] {processor.py:641} INFO - Processing file /home/ndx/Innowise tasks/Innowise_task_5/airflow_env/lib/python3.8/site-packages/airflow/example_dags/example_branch_labels.py for tasks to queue
[2022-08-04 00:11:41,084] {logging_mixin.py:115} INFO - [2022-08-04 00:11:41,084] {dagbag.py:508} INFO - Filling up the DagBag from /home/ndx/Innowise tasks/Innowise_task_5/airflow_env/lib/python3.8/site-packages/airflow/example_dags/example_branch_labels.py
[2022-08-04 00:11:41,088] {processor.py:651} INFO - DAG(s) dict_keys(['example_branch_labels']) retrieved from /home/ndx/Innowise tasks/Innowise_task_5/airflow_env/lib/python3.8/site-packages/airflow/example_dags/example_branch_labels.py
[2022-08-04 00:11:41,096] {logging_mixin.py:115} INFO - [2022-08-04 00:11:41,096] {dag.py:2420} INFO - Sync 1 DAGs
[2022-08-04 00:11:41,106] {logging_mixin.py:115} INFO - [2022-08-04 00:11:41,105] {dag.py:2968} INFO - Setting next_dagrun for example_branch_labels to 2022-08-02T00:00:00+00:00, run_after=2022-08-03T00:00:00+00:00
[2022-08-04 00:11:41,113] {processor.py:161} INFO - Processing /home/ndx/Innowise tasks/Innowise_task_5/airflow_env/lib/python3.8/site-packages/airflow/example_dags/example_branch_labels.py took 0.037 seconds
[2022-08-04 00:12:16,700] {processor.py:153} INFO - Started process (PID=46719) to work on /home/ndx/Innowise tasks/Innowise_task_5/airflow_env/lib/python3.8/site-packages/airflow/example_dags/example_branch_labels.py
[2022-08-04 00:12:16,705] {processor.py:641} INFO - Processing file /home/ndx/Innowise tasks/Innowise_task_5/airflow_env/lib/python3.8/site-packages/airflow/example_dags/example_branch_labels.py for tasks to queue
[2022-08-04 00:12:16,706] {logging_mixin.py:115} INFO - [2022-08-04 00:12:16,706] {dagbag.py:508} INFO - Filling up the DagBag from /home/ndx/Innowise tasks/Innowise_task_5/airflow_env/lib/python3.8/site-packages/airflow/example_dags/example_branch_labels.py
[2022-08-04 00:12:16,711] {processor.py:651} INFO - DAG(s) dict_keys(['example_branch_labels']) retrieved from /home/ndx/Innowise tasks/Innowise_task_5/airflow_env/lib/python3.8/site-packages/airflow/example_dags/example_branch_labels.py
[2022-08-04 00:12:16,720] {logging_mixin.py:115} INFO - [2022-08-04 00:12:16,720] {dag.py:2420} INFO - Sync 1 DAGs
[2022-08-04 00:12:16,730] {logging_mixin.py:115} INFO - [2022-08-04 00:12:16,730] {dag.py:2968} INFO - Setting next_dagrun for example_branch_labels to 2022-08-02T00:00:00+00:00, run_after=2022-08-03T00:00:00+00:00
[2022-08-04 00:12:16,737] {processor.py:161} INFO - Processing /home/ndx/Innowise tasks/Innowise_task_5/airflow_env/lib/python3.8/site-packages/airflow/example_dags/example_branch_labels.py took 0.040 seconds
[2022-08-04 00:12:49,815] {processor.py:153} INFO - Started process (PID=46770) to work on /home/ndx/Innowise tasks/Innowise_task_5/airflow_env/lib/python3.8/site-packages/airflow/example_dags/example_branch_labels.py
[2022-08-04 00:12:49,821] {processor.py:641} INFO - Processing file /home/ndx/Innowise tasks/Innowise_task_5/airflow_env/lib/python3.8/site-packages/airflow/example_dags/example_branch_labels.py for tasks to queue
[2022-08-04 00:12:49,821] {logging_mixin.py:115} INFO - [2022-08-04 00:12:49,821] {dagbag.py:508} INFO - Filling up the DagBag from /home/ndx/Innowise tasks/Innowise_task_5/airflow_env/lib/python3.8/site-packages/airflow/example_dags/example_branch_labels.py
[2022-08-04 00:12:49,826] {processor.py:651} INFO - DAG(s) dict_keys(['example_branch_labels']) retrieved from /home/ndx/Innowise tasks/Innowise_task_5/airflow_env/lib/python3.8/site-packages/airflow/example_dags/example_branch_labels.py
[2022-08-04 00:12:49,834] {logging_mixin.py:115} INFO - [2022-08-04 00:12:49,834] {dag.py:2420} INFO - Sync 1 DAGs
[2022-08-04 00:12:49,844] {logging_mixin.py:115} INFO - [2022-08-04 00:12:49,844] {dag.py:2968} INFO - Setting next_dagrun for example_branch_labels to 2022-08-02T00:00:00+00:00, run_after=2022-08-03T00:00:00+00:00
[2022-08-04 00:12:49,851] {processor.py:161} INFO - Processing /home/ndx/Innowise tasks/Innowise_task_5/airflow_env/lib/python3.8/site-packages/airflow/example_dags/example_branch_labels.py took 0.038 seconds
[2022-08-04 00:13:24,249] {processor.py:153} INFO - Started process (PID=46863) to work on /home/ndx/Innowise tasks/Innowise_task_5/airflow_env/lib/python3.8/site-packages/airflow/example_dags/example_branch_labels.py
[2022-08-04 00:13:24,254] {processor.py:641} INFO - Processing file /home/ndx/Innowise tasks/Innowise_task_5/airflow_env/lib/python3.8/site-packages/airflow/example_dags/example_branch_labels.py for tasks to queue
[2022-08-04 00:13:24,255] {logging_mixin.py:115} INFO - [2022-08-04 00:13:24,255] {dagbag.py:508} INFO - Filling up the DagBag from /home/ndx/Innowise tasks/Innowise_task_5/airflow_env/lib/python3.8/site-packages/airflow/example_dags/example_branch_labels.py
[2022-08-04 00:13:24,259] {processor.py:651} INFO - DAG(s) dict_keys(['example_branch_labels']) retrieved from /home/ndx/Innowise tasks/Innowise_task_5/airflow_env/lib/python3.8/site-packages/airflow/example_dags/example_branch_labels.py
[2022-08-04 00:13:24,267] {logging_mixin.py:115} INFO - [2022-08-04 00:13:24,267] {dag.py:2420} INFO - Sync 1 DAGs
[2022-08-04 00:13:24,277] {logging_mixin.py:115} INFO - [2022-08-04 00:13:24,277] {dag.py:2968} INFO - Setting next_dagrun for example_branch_labels to 2022-08-02T00:00:00+00:00, run_after=2022-08-03T00:00:00+00:00
[2022-08-04 00:13:24,288] {processor.py:161} INFO - Processing /home/ndx/Innowise tasks/Innowise_task_5/airflow_env/lib/python3.8/site-packages/airflow/example_dags/example_branch_labels.py took 0.041 seconds
[2022-08-04 00:13:57,476] {processor.py:153} INFO - Started process (PID=46943) to work on /home/ndx/Innowise tasks/Innowise_task_5/airflow_env/lib/python3.8/site-packages/airflow/example_dags/example_branch_labels.py
[2022-08-04 00:13:57,482] {processor.py:641} INFO - Processing file /home/ndx/Innowise tasks/Innowise_task_5/airflow_env/lib/python3.8/site-packages/airflow/example_dags/example_branch_labels.py for tasks to queue
[2022-08-04 00:13:57,482] {logging_mixin.py:115} INFO - [2022-08-04 00:13:57,482] {dagbag.py:508} INFO - Filling up the DagBag from /home/ndx/Innowise tasks/Innowise_task_5/airflow_env/lib/python3.8/site-packages/airflow/example_dags/example_branch_labels.py
[2022-08-04 00:13:57,487] {processor.py:651} INFO - DAG(s) dict_keys(['example_branch_labels']) retrieved from /home/ndx/Innowise tasks/Innowise_task_5/airflow_env/lib/python3.8/site-packages/airflow/example_dags/example_branch_labels.py
[2022-08-04 00:13:57,495] {logging_mixin.py:115} INFO - [2022-08-04 00:13:57,495] {dag.py:2420} INFO - Sync 1 DAGs
[2022-08-04 00:13:57,504] {logging_mixin.py:115} INFO - [2022-08-04 00:13:57,504] {dag.py:2968} INFO - Setting next_dagrun for example_branch_labels to 2022-08-02T00:00:00+00:00, run_after=2022-08-03T00:00:00+00:00
[2022-08-04 00:13:57,511] {processor.py:161} INFO - Processing /home/ndx/Innowise tasks/Innowise_task_5/airflow_env/lib/python3.8/site-packages/airflow/example_dags/example_branch_labels.py took 0.037 seconds
[2022-08-04 00:14:31,453] {processor.py:153} INFO - Started process (PID=47059) to work on /home/ndx/Innowise tasks/Innowise_task_5/airflow_env/lib/python3.8/site-packages/airflow/example_dags/example_branch_labels.py
[2022-08-04 00:14:31,459] {processor.py:641} INFO - Processing file /home/ndx/Innowise tasks/Innowise_task_5/airflow_env/lib/python3.8/site-packages/airflow/example_dags/example_branch_labels.py for tasks to queue
[2022-08-04 00:14:31,459] {logging_mixin.py:115} INFO - [2022-08-04 00:14:31,459] {dagbag.py:508} INFO - Filling up the DagBag from /home/ndx/Innowise tasks/Innowise_task_5/airflow_env/lib/python3.8/site-packages/airflow/example_dags/example_branch_labels.py
[2022-08-04 00:14:31,464] {processor.py:651} INFO - DAG(s) dict_keys(['example_branch_labels']) retrieved from /home/ndx/Innowise tasks/Innowise_task_5/airflow_env/lib/python3.8/site-packages/airflow/example_dags/example_branch_labels.py
[2022-08-04 00:14:31,473] {logging_mixin.py:115} INFO - [2022-08-04 00:14:31,473] {dag.py:2420} INFO - Sync 1 DAGs
[2022-08-04 00:14:31,483] {logging_mixin.py:115} INFO - [2022-08-04 00:14:31,483] {dag.py:2968} INFO - Setting next_dagrun for example_branch_labels to 2022-08-02T00:00:00+00:00, run_after=2022-08-03T00:00:00+00:00
[2022-08-04 00:14:31,490] {processor.py:161} INFO - Processing /home/ndx/Innowise tasks/Innowise_task_5/airflow_env/lib/python3.8/site-packages/airflow/example_dags/example_branch_labels.py took 0.039 seconds
[2022-08-04 00:15:05,561] {processor.py:153} INFO - Started process (PID=47162) to work on /home/ndx/Innowise tasks/Innowise_task_5/airflow_env/lib/python3.8/site-packages/airflow/example_dags/example_branch_labels.py
[2022-08-04 00:15:05,566] {processor.py:641} INFO - Processing file /home/ndx/Innowise tasks/Innowise_task_5/airflow_env/lib/python3.8/site-packages/airflow/example_dags/example_branch_labels.py for tasks to queue
[2022-08-04 00:15:05,566] {logging_mixin.py:115} INFO - [2022-08-04 00:15:05,566] {dagbag.py:508} INFO - Filling up the DagBag from /home/ndx/Innowise tasks/Innowise_task_5/airflow_env/lib/python3.8/site-packages/airflow/example_dags/example_branch_labels.py
[2022-08-04 00:15:05,571] {processor.py:651} INFO - DAG(s) dict_keys(['example_branch_labels']) retrieved from /home/ndx/Innowise tasks/Innowise_task_5/airflow_env/lib/python3.8/site-packages/airflow/example_dags/example_branch_labels.py
[2022-08-04 00:15:05,579] {logging_mixin.py:115} INFO - [2022-08-04 00:15:05,579] {dag.py:2420} INFO - Sync 1 DAGs
[2022-08-04 00:15:05,589] {logging_mixin.py:115} INFO - [2022-08-04 00:15:05,589] {dag.py:2968} INFO - Setting next_dagrun for example_branch_labels to 2022-08-02T00:00:00+00:00, run_after=2022-08-03T00:00:00+00:00
[2022-08-04 00:15:05,597] {processor.py:161} INFO - Processing /home/ndx/Innowise tasks/Innowise_task_5/airflow_env/lib/python3.8/site-packages/airflow/example_dags/example_branch_labels.py took 0.038 seconds
[2022-08-04 00:15:44,194] {processor.py:153} INFO - Started process (PID=47243) to work on /home/ndx/Innowise tasks/Innowise_task_5/airflow_env/lib/python3.8/site-packages/airflow/example_dags/example_branch_labels.py
[2022-08-04 00:15:44,200] {processor.py:641} INFO - Processing file /home/ndx/Innowise tasks/Innowise_task_5/airflow_env/lib/python3.8/site-packages/airflow/example_dags/example_branch_labels.py for tasks to queue
[2022-08-04 00:15:44,200] {logging_mixin.py:115} INFO - [2022-08-04 00:15:44,200] {dagbag.py:508} INFO - Filling up the DagBag from /home/ndx/Innowise tasks/Innowise_task_5/airflow_env/lib/python3.8/site-packages/airflow/example_dags/example_branch_labels.py
[2022-08-04 00:15:44,205] {processor.py:651} INFO - DAG(s) dict_keys(['example_branch_labels']) retrieved from /home/ndx/Innowise tasks/Innowise_task_5/airflow_env/lib/python3.8/site-packages/airflow/example_dags/example_branch_labels.py
[2022-08-04 00:15:44,213] {logging_mixin.py:115} INFO - [2022-08-04 00:15:44,213] {dag.py:2420} INFO - Sync 1 DAGs
[2022-08-04 00:15:44,223] {logging_mixin.py:115} INFO - [2022-08-04 00:15:44,223] {dag.py:2968} INFO - Setting next_dagrun for example_branch_labels to 2022-08-02T00:00:00+00:00, run_after=2022-08-03T00:00:00+00:00
[2022-08-04 00:15:44,233] {processor.py:161} INFO - Processing /home/ndx/Innowise tasks/Innowise_task_5/airflow_env/lib/python3.8/site-packages/airflow/example_dags/example_branch_labels.py took 0.040 seconds
[2022-08-04 00:16:18,785] {processor.py:153} INFO - Started process (PID=47324) to work on /home/ndx/Innowise tasks/Innowise_task_5/airflow_env/lib/python3.8/site-packages/airflow/example_dags/example_branch_labels.py
[2022-08-04 00:16:18,790] {processor.py:641} INFO - Processing file /home/ndx/Innowise tasks/Innowise_task_5/airflow_env/lib/python3.8/site-packages/airflow/example_dags/example_branch_labels.py for tasks to queue
[2022-08-04 00:16:18,790] {logging_mixin.py:115} INFO - [2022-08-04 00:16:18,790] {dagbag.py:508} INFO - Filling up the DagBag from /home/ndx/Innowise tasks/Innowise_task_5/airflow_env/lib/python3.8/site-packages/airflow/example_dags/example_branch_labels.py
[2022-08-04 00:16:18,794] {processor.py:651} INFO - DAG(s) dict_keys(['example_branch_labels']) retrieved from /home/ndx/Innowise tasks/Innowise_task_5/airflow_env/lib/python3.8/site-packages/airflow/example_dags/example_branch_labels.py
[2022-08-04 00:16:18,804] {logging_mixin.py:115} INFO - [2022-08-04 00:16:18,804] {dag.py:2420} INFO - Sync 1 DAGs
[2022-08-04 00:16:18,814] {logging_mixin.py:115} INFO - [2022-08-04 00:16:18,814] {dag.py:2968} INFO - Setting next_dagrun for example_branch_labels to 2022-08-02T00:00:00+00:00, run_after=2022-08-03T00:00:00+00:00
[2022-08-04 00:16:18,823] {processor.py:161} INFO - Processing /home/ndx/Innowise tasks/Innowise_task_5/airflow_env/lib/python3.8/site-packages/airflow/example_dags/example_branch_labels.py took 0.040 seconds
[2022-08-04 00:16:52,059] {processor.py:153} INFO - Started process (PID=47397) to work on /home/ndx/Innowise tasks/Innowise_task_5/airflow_env/lib/python3.8/site-packages/airflow/example_dags/example_branch_labels.py
[2022-08-04 00:16:52,065] {processor.py:641} INFO - Processing file /home/ndx/Innowise tasks/Innowise_task_5/airflow_env/lib/python3.8/site-packages/airflow/example_dags/example_branch_labels.py for tasks to queue
[2022-08-04 00:16:52,065] {logging_mixin.py:115} INFO - [2022-08-04 00:16:52,065] {dagbag.py:508} INFO - Filling up the DagBag from /home/ndx/Innowise tasks/Innowise_task_5/airflow_env/lib/python3.8/site-packages/airflow/example_dags/example_branch_labels.py
[2022-08-04 00:16:52,069] {processor.py:651} INFO - DAG(s) dict_keys(['example_branch_labels']) retrieved from /home/ndx/Innowise tasks/Innowise_task_5/airflow_env/lib/python3.8/site-packages/airflow/example_dags/example_branch_labels.py
[2022-08-04 00:16:52,078] {logging_mixin.py:115} INFO - [2022-08-04 00:16:52,078] {dag.py:2420} INFO - Sync 1 DAGs
[2022-08-04 00:16:52,087] {logging_mixin.py:115} INFO - [2022-08-04 00:16:52,087] {dag.py:2968} INFO - Setting next_dagrun for example_branch_labels to 2022-08-02T00:00:00+00:00, run_after=2022-08-03T00:00:00+00:00
[2022-08-04 00:16:52,094] {processor.py:161} INFO - Processing /home/ndx/Innowise tasks/Innowise_task_5/airflow_env/lib/python3.8/site-packages/airflow/example_dags/example_branch_labels.py took 0.036 seconds
[2022-08-04 00:17:27,514] {processor.py:153} INFO - Started process (PID=47483) to work on /home/ndx/Innowise tasks/Innowise_task_5/airflow_env/lib/python3.8/site-packages/airflow/example_dags/example_branch_labels.py
[2022-08-04 00:17:27,519] {processor.py:641} INFO - Processing file /home/ndx/Innowise tasks/Innowise_task_5/airflow_env/lib/python3.8/site-packages/airflow/example_dags/example_branch_labels.py for tasks to queue
[2022-08-04 00:17:27,520] {logging_mixin.py:115} INFO - [2022-08-04 00:17:27,520] {dagbag.py:508} INFO - Filling up the DagBag from /home/ndx/Innowise tasks/Innowise_task_5/airflow_env/lib/python3.8/site-packages/airflow/example_dags/example_branch_labels.py
[2022-08-04 00:17:27,524] {processor.py:651} INFO - DAG(s) dict_keys(['example_branch_labels']) retrieved from /home/ndx/Innowise tasks/Innowise_task_5/airflow_env/lib/python3.8/site-packages/airflow/example_dags/example_branch_labels.py
[2022-08-04 00:17:27,533] {logging_mixin.py:115} INFO - [2022-08-04 00:17:27,533] {dag.py:2420} INFO - Sync 1 DAGs
[2022-08-04 00:17:27,543] {logging_mixin.py:115} INFO - [2022-08-04 00:17:27,542] {dag.py:2968} INFO - Setting next_dagrun for example_branch_labels to 2022-08-02T00:00:00+00:00, run_after=2022-08-03T00:00:00+00:00
[2022-08-04 00:17:27,551] {processor.py:161} INFO - Processing /home/ndx/Innowise tasks/Innowise_task_5/airflow_env/lib/python3.8/site-packages/airflow/example_dags/example_branch_labels.py took 0.038 seconds
[2022-08-04 00:18:06,650] {processor.py:153} INFO - Started process (PID=47569) to work on /home/ndx/Innowise tasks/Innowise_task_5/airflow_env/lib/python3.8/site-packages/airflow/example_dags/example_branch_labels.py
[2022-08-04 00:18:06,655] {processor.py:641} INFO - Processing file /home/ndx/Innowise tasks/Innowise_task_5/airflow_env/lib/python3.8/site-packages/airflow/example_dags/example_branch_labels.py for tasks to queue
[2022-08-04 00:18:06,655] {logging_mixin.py:115} INFO - [2022-08-04 00:18:06,655] {dagbag.py:508} INFO - Filling up the DagBag from /home/ndx/Innowise tasks/Innowise_task_5/airflow_env/lib/python3.8/site-packages/airflow/example_dags/example_branch_labels.py
[2022-08-04 00:18:06,659] {processor.py:651} INFO - DAG(s) dict_keys(['example_branch_labels']) retrieved from /home/ndx/Innowise tasks/Innowise_task_5/airflow_env/lib/python3.8/site-packages/airflow/example_dags/example_branch_labels.py
[2022-08-04 00:18:06,668] {logging_mixin.py:115} INFO - [2022-08-04 00:18:06,668] {dag.py:2420} INFO - Sync 1 DAGs
[2022-08-04 00:18:06,678] {logging_mixin.py:115} INFO - [2022-08-04 00:18:06,678] {dag.py:2968} INFO - Setting next_dagrun for example_branch_labels to 2022-08-02T00:00:00+00:00, run_after=2022-08-03T00:00:00+00:00
[2022-08-04 00:18:06,685] {processor.py:161} INFO - Processing /home/ndx/Innowise tasks/Innowise_task_5/airflow_env/lib/python3.8/site-packages/airflow/example_dags/example_branch_labels.py took 0.037 seconds
[2022-08-04 00:18:40,859] {processor.py:153} INFO - Started process (PID=47609) to work on /home/ndx/Innowise tasks/Innowise_task_5/airflow_env/lib/python3.8/site-packages/airflow/example_dags/example_branch_labels.py
[2022-08-04 00:18:40,865] {processor.py:641} INFO - Processing file /home/ndx/Innowise tasks/Innowise_task_5/airflow_env/lib/python3.8/site-packages/airflow/example_dags/example_branch_labels.py for tasks to queue
[2022-08-04 00:18:40,865] {logging_mixin.py:115} INFO - [2022-08-04 00:18:40,865] {dagbag.py:508} INFO - Filling up the DagBag from /home/ndx/Innowise tasks/Innowise_task_5/airflow_env/lib/python3.8/site-packages/airflow/example_dags/example_branch_labels.py
[2022-08-04 00:18:40,869] {processor.py:651} INFO - DAG(s) dict_keys(['example_branch_labels']) retrieved from /home/ndx/Innowise tasks/Innowise_task_5/airflow_env/lib/python3.8/site-packages/airflow/example_dags/example_branch_labels.py
[2022-08-04 00:18:40,880] {logging_mixin.py:115} INFO - [2022-08-04 00:18:40,880] {dag.py:2420} INFO - Sync 1 DAGs
[2022-08-04 00:18:40,891] {logging_mixin.py:115} INFO - [2022-08-04 00:18:40,891] {dag.py:2968} INFO - Setting next_dagrun for example_branch_labels to 2022-08-02T00:00:00+00:00, run_after=2022-08-03T00:00:00+00:00
[2022-08-04 00:18:40,899] {processor.py:161} INFO - Processing /home/ndx/Innowise tasks/Innowise_task_5/airflow_env/lib/python3.8/site-packages/airflow/example_dags/example_branch_labels.py took 0.041 seconds
[2022-08-04 00:19:16,400] {processor.py:153} INFO - Started process (PID=47805) to work on /home/ndx/Innowise tasks/Innowise_task_5/airflow_env/lib/python3.8/site-packages/airflow/example_dags/example_branch_labels.py
[2022-08-04 00:19:16,406] {processor.py:641} INFO - Processing file /home/ndx/Innowise tasks/Innowise_task_5/airflow_env/lib/python3.8/site-packages/airflow/example_dags/example_branch_labels.py for tasks to queue
[2022-08-04 00:19:16,406] {logging_mixin.py:115} INFO - [2022-08-04 00:19:16,406] {dagbag.py:508} INFO - Filling up the DagBag from /home/ndx/Innowise tasks/Innowise_task_5/airflow_env/lib/python3.8/site-packages/airflow/example_dags/example_branch_labels.py
[2022-08-04 00:19:16,410] {processor.py:651} INFO - DAG(s) dict_keys(['example_branch_labels']) retrieved from /home/ndx/Innowise tasks/Innowise_task_5/airflow_env/lib/python3.8/site-packages/airflow/example_dags/example_branch_labels.py
[2022-08-04 00:19:16,419] {logging_mixin.py:115} INFO - [2022-08-04 00:19:16,419] {dag.py:2420} INFO - Sync 1 DAGs
[2022-08-04 00:19:16,429] {logging_mixin.py:115} INFO - [2022-08-04 00:19:16,429] {dag.py:2968} INFO - Setting next_dagrun for example_branch_labels to 2022-08-02T00:00:00+00:00, run_after=2022-08-03T00:00:00+00:00
[2022-08-04 00:19:16,437] {processor.py:161} INFO - Processing /home/ndx/Innowise tasks/Innowise_task_5/airflow_env/lib/python3.8/site-packages/airflow/example_dags/example_branch_labels.py took 0.039 seconds
[2022-08-04 00:19:48,920] {processor.py:153} INFO - Started process (PID=47884) to work on /home/ndx/Innowise tasks/Innowise_task_5/airflow_env/lib/python3.8/site-packages/airflow/example_dags/example_branch_labels.py
[2022-08-04 00:19:48,926] {processor.py:641} INFO - Processing file /home/ndx/Innowise tasks/Innowise_task_5/airflow_env/lib/python3.8/site-packages/airflow/example_dags/example_branch_labels.py for tasks to queue
[2022-08-04 00:19:48,926] {logging_mixin.py:115} INFO - [2022-08-04 00:19:48,926] {dagbag.py:508} INFO - Filling up the DagBag from /home/ndx/Innowise tasks/Innowise_task_5/airflow_env/lib/python3.8/site-packages/airflow/example_dags/example_branch_labels.py
[2022-08-04 00:19:48,931] {processor.py:651} INFO - DAG(s) dict_keys(['example_branch_labels']) retrieved from /home/ndx/Innowise tasks/Innowise_task_5/airflow_env/lib/python3.8/site-packages/airflow/example_dags/example_branch_labels.py
[2022-08-04 00:19:48,940] {logging_mixin.py:115} INFO - [2022-08-04 00:19:48,940] {dag.py:2420} INFO - Sync 1 DAGs
[2022-08-04 00:19:48,949] {logging_mixin.py:115} INFO - [2022-08-04 00:19:48,949] {dag.py:2968} INFO - Setting next_dagrun for example_branch_labels to 2022-08-02T00:00:00+00:00, run_after=2022-08-03T00:00:00+00:00
[2022-08-04 00:19:48,957] {processor.py:161} INFO - Processing /home/ndx/Innowise tasks/Innowise_task_5/airflow_env/lib/python3.8/site-packages/airflow/example_dags/example_branch_labels.py took 0.038 seconds
[2022-08-04 00:20:23,175] {processor.py:153} INFO - Started process (PID=47977) to work on /home/ndx/Innowise tasks/Innowise_task_5/airflow_env/lib/python3.8/site-packages/airflow/example_dags/example_branch_labels.py
[2022-08-04 00:20:23,180] {processor.py:641} INFO - Processing file /home/ndx/Innowise tasks/Innowise_task_5/airflow_env/lib/python3.8/site-packages/airflow/example_dags/example_branch_labels.py for tasks to queue
[2022-08-04 00:20:23,180] {logging_mixin.py:115} INFO - [2022-08-04 00:20:23,180] {dagbag.py:508} INFO - Filling up the DagBag from /home/ndx/Innowise tasks/Innowise_task_5/airflow_env/lib/python3.8/site-packages/airflow/example_dags/example_branch_labels.py
[2022-08-04 00:20:23,185] {processor.py:651} INFO - DAG(s) dict_keys(['example_branch_labels']) retrieved from /home/ndx/Innowise tasks/Innowise_task_5/airflow_env/lib/python3.8/site-packages/airflow/example_dags/example_branch_labels.py
[2022-08-04 00:20:23,193] {logging_mixin.py:115} INFO - [2022-08-04 00:20:23,193] {dag.py:2420} INFO - Sync 1 DAGs
[2022-08-04 00:20:23,204] {logging_mixin.py:115} INFO - [2022-08-04 00:20:23,204] {dag.py:2968} INFO - Setting next_dagrun for example_branch_labels to 2022-08-02T00:00:00+00:00, run_after=2022-08-03T00:00:00+00:00
[2022-08-04 00:20:23,210] {processor.py:161} INFO - Processing /home/ndx/Innowise tasks/Innowise_task_5/airflow_env/lib/python3.8/site-packages/airflow/example_dags/example_branch_labels.py took 0.037 seconds
[2022-08-04 00:20:55,989] {processor.py:153} INFO - Started process (PID=48032) to work on /home/ndx/Innowise tasks/Innowise_task_5/airflow_env/lib/python3.8/site-packages/airflow/example_dags/example_branch_labels.py
[2022-08-04 00:20:55,994] {processor.py:641} INFO - Processing file /home/ndx/Innowise tasks/Innowise_task_5/airflow_env/lib/python3.8/site-packages/airflow/example_dags/example_branch_labels.py for tasks to queue
[2022-08-04 00:20:55,994] {logging_mixin.py:115} INFO - [2022-08-04 00:20:55,994] {dagbag.py:508} INFO - Filling up the DagBag from /home/ndx/Innowise tasks/Innowise_task_5/airflow_env/lib/python3.8/site-packages/airflow/example_dags/example_branch_labels.py
[2022-08-04 00:20:55,999] {processor.py:651} INFO - DAG(s) dict_keys(['example_branch_labels']) retrieved from /home/ndx/Innowise tasks/Innowise_task_5/airflow_env/lib/python3.8/site-packages/airflow/example_dags/example_branch_labels.py
[2022-08-04 00:20:56,010] {logging_mixin.py:115} INFO - [2022-08-04 00:20:56,010] {dag.py:2420} INFO - Sync 1 DAGs
[2022-08-04 00:20:56,021] {logging_mixin.py:115} INFO - [2022-08-04 00:20:56,021] {dag.py:2968} INFO - Setting next_dagrun for example_branch_labels to 2022-08-02T00:00:00+00:00, run_after=2022-08-03T00:00:00+00:00
[2022-08-04 00:20:56,028] {processor.py:161} INFO - Processing /home/ndx/Innowise tasks/Innowise_task_5/airflow_env/lib/python3.8/site-packages/airflow/example_dags/example_branch_labels.py took 0.041 seconds
[2022-08-04 00:21:30,204] {processor.py:153} INFO - Started process (PID=48145) to work on /home/ndx/Innowise tasks/Innowise_task_5/airflow_env/lib/python3.8/site-packages/airflow/example_dags/example_branch_labels.py
[2022-08-04 00:21:30,209] {processor.py:641} INFO - Processing file /home/ndx/Innowise tasks/Innowise_task_5/airflow_env/lib/python3.8/site-packages/airflow/example_dags/example_branch_labels.py for tasks to queue
[2022-08-04 00:21:30,210] {logging_mixin.py:115} INFO - [2022-08-04 00:21:30,210] {dagbag.py:508} INFO - Filling up the DagBag from /home/ndx/Innowise tasks/Innowise_task_5/airflow_env/lib/python3.8/site-packages/airflow/example_dags/example_branch_labels.py
[2022-08-04 00:21:30,214] {processor.py:651} INFO - DAG(s) dict_keys(['example_branch_labels']) retrieved from /home/ndx/Innowise tasks/Innowise_task_5/airflow_env/lib/python3.8/site-packages/airflow/example_dags/example_branch_labels.py
[2022-08-04 00:21:30,223] {logging_mixin.py:115} INFO - [2022-08-04 00:21:30,223] {dag.py:2420} INFO - Sync 1 DAGs
[2022-08-04 00:21:30,235] {logging_mixin.py:115} INFO - [2022-08-04 00:21:30,235] {dag.py:2968} INFO - Setting next_dagrun for example_branch_labels to 2022-08-02T00:00:00+00:00, run_after=2022-08-03T00:00:00+00:00
[2022-08-04 00:21:30,242] {processor.py:161} INFO - Processing /home/ndx/Innowise tasks/Innowise_task_5/airflow_env/lib/python3.8/site-packages/airflow/example_dags/example_branch_labels.py took 0.040 seconds
[2022-08-04 00:22:04,316] {processor.py:153} INFO - Started process (PID=48192) to work on /home/ndx/Innowise tasks/Innowise_task_5/airflow_env/lib/python3.8/site-packages/airflow/example_dags/example_branch_labels.py
[2022-08-04 00:22:04,321] {processor.py:641} INFO - Processing file /home/ndx/Innowise tasks/Innowise_task_5/airflow_env/lib/python3.8/site-packages/airflow/example_dags/example_branch_labels.py for tasks to queue
[2022-08-04 00:22:04,321] {logging_mixin.py:115} INFO - [2022-08-04 00:22:04,321] {dagbag.py:508} INFO - Filling up the DagBag from /home/ndx/Innowise tasks/Innowise_task_5/airflow_env/lib/python3.8/site-packages/airflow/example_dags/example_branch_labels.py
[2022-08-04 00:22:04,326] {processor.py:651} INFO - DAG(s) dict_keys(['example_branch_labels']) retrieved from /home/ndx/Innowise tasks/Innowise_task_5/airflow_env/lib/python3.8/site-packages/airflow/example_dags/example_branch_labels.py
[2022-08-04 00:22:04,336] {logging_mixin.py:115} INFO - [2022-08-04 00:22:04,336] {dag.py:2420} INFO - Sync 1 DAGs
[2022-08-04 00:22:04,349] {logging_mixin.py:115} INFO - [2022-08-04 00:22:04,348] {dag.py:2968} INFO - Setting next_dagrun for example_branch_labels to 2022-08-02T00:00:00+00:00, run_after=2022-08-03T00:00:00+00:00
[2022-08-04 00:22:04,355] {processor.py:161} INFO - Processing /home/ndx/Innowise tasks/Innowise_task_5/airflow_env/lib/python3.8/site-packages/airflow/example_dags/example_branch_labels.py took 0.042 seconds
[2022-08-04 00:22:39,953] {processor.py:153} INFO - Started process (PID=48264) to work on /home/ndx/Innowise tasks/Innowise_task_5/airflow_env/lib/python3.8/site-packages/airflow/example_dags/example_branch_labels.py
[2022-08-04 00:22:39,958] {processor.py:641} INFO - Processing file /home/ndx/Innowise tasks/Innowise_task_5/airflow_env/lib/python3.8/site-packages/airflow/example_dags/example_branch_labels.py for tasks to queue
[2022-08-04 00:22:39,959] {logging_mixin.py:115} INFO - [2022-08-04 00:22:39,959] {dagbag.py:508} INFO - Filling up the DagBag from /home/ndx/Innowise tasks/Innowise_task_5/airflow_env/lib/python3.8/site-packages/airflow/example_dags/example_branch_labels.py
[2022-08-04 00:22:39,963] {processor.py:651} INFO - DAG(s) dict_keys(['example_branch_labels']) retrieved from /home/ndx/Innowise tasks/Innowise_task_5/airflow_env/lib/python3.8/site-packages/airflow/example_dags/example_branch_labels.py
[2022-08-04 00:22:39,972] {logging_mixin.py:115} INFO - [2022-08-04 00:22:39,972] {dag.py:2420} INFO - Sync 1 DAGs
[2022-08-04 00:22:39,984] {logging_mixin.py:115} INFO - [2022-08-04 00:22:39,984] {dag.py:2968} INFO - Setting next_dagrun for example_branch_labels to 2022-08-02T00:00:00+00:00, run_after=2022-08-03T00:00:00+00:00
[2022-08-04 00:22:39,990] {processor.py:161} INFO - Processing /home/ndx/Innowise tasks/Innowise_task_5/airflow_env/lib/python3.8/site-packages/airflow/example_dags/example_branch_labels.py took 0.040 seconds
[2022-08-04 00:23:15,205] {processor.py:153} INFO - Started process (PID=48318) to work on /home/ndx/Innowise tasks/Innowise_task_5/airflow_env/lib/python3.8/site-packages/airflow/example_dags/example_branch_labels.py
[2022-08-04 00:23:15,211] {processor.py:641} INFO - Processing file /home/ndx/Innowise tasks/Innowise_task_5/airflow_env/lib/python3.8/site-packages/airflow/example_dags/example_branch_labels.py for tasks to queue
[2022-08-04 00:23:15,211] {logging_mixin.py:115} INFO - [2022-08-04 00:23:15,211] {dagbag.py:508} INFO - Filling up the DagBag from /home/ndx/Innowise tasks/Innowise_task_5/airflow_env/lib/python3.8/site-packages/airflow/example_dags/example_branch_labels.py
[2022-08-04 00:23:15,216] {processor.py:651} INFO - DAG(s) dict_keys(['example_branch_labels']) retrieved from /home/ndx/Innowise tasks/Innowise_task_5/airflow_env/lib/python3.8/site-packages/airflow/example_dags/example_branch_labels.py
[2022-08-04 00:23:15,226] {logging_mixin.py:115} INFO - [2022-08-04 00:23:15,225] {dag.py:2420} INFO - Sync 1 DAGs
[2022-08-04 00:23:15,238] {logging_mixin.py:115} INFO - [2022-08-04 00:23:15,237] {dag.py:2968} INFO - Setting next_dagrun for example_branch_labels to 2022-08-02T00:00:00+00:00, run_after=2022-08-03T00:00:00+00:00
[2022-08-04 00:23:15,244] {processor.py:161} INFO - Processing /home/ndx/Innowise tasks/Innowise_task_5/airflow_env/lib/python3.8/site-packages/airflow/example_dags/example_branch_labels.py took 0.041 seconds
[2022-08-04 00:24:05,559] {processor.py:153} INFO - Started process (PID=48472) to work on /home/ndx/Innowise tasks/Innowise_task_5/airflow_env/lib/python3.8/site-packages/airflow/example_dags/example_branch_labels.py
[2022-08-04 00:24:05,565] {processor.py:641} INFO - Processing file /home/ndx/Innowise tasks/Innowise_task_5/airflow_env/lib/python3.8/site-packages/airflow/example_dags/example_branch_labels.py for tasks to queue
[2022-08-04 00:24:05,565] {logging_mixin.py:115} INFO - [2022-08-04 00:24:05,565] {dagbag.py:508} INFO - Filling up the DagBag from /home/ndx/Innowise tasks/Innowise_task_5/airflow_env/lib/python3.8/site-packages/airflow/example_dags/example_branch_labels.py
[2022-08-04 00:24:05,569] {processor.py:651} INFO - DAG(s) dict_keys(['example_branch_labels']) retrieved from /home/ndx/Innowise tasks/Innowise_task_5/airflow_env/lib/python3.8/site-packages/airflow/example_dags/example_branch_labels.py
[2022-08-04 00:24:05,580] {logging_mixin.py:115} INFO - [2022-08-04 00:24:05,580] {dag.py:2420} INFO - Sync 1 DAGs
[2022-08-04 00:24:05,593] {logging_mixin.py:115} INFO - [2022-08-04 00:24:05,593] {dag.py:2968} INFO - Setting next_dagrun for example_branch_labels to 2022-08-02T00:00:00+00:00, run_after=2022-08-03T00:00:00+00:00
[2022-08-04 00:24:05,601] {processor.py:161} INFO - Processing /home/ndx/Innowise tasks/Innowise_task_5/airflow_env/lib/python3.8/site-packages/airflow/example_dags/example_branch_labels.py took 0.044 seconds
