[2022-08-04 00:00:45,654] {processor.py:153} INFO - Started process (PID=44908) to work on /home/ndx/Innowise tasks/Innowise_task_5/airflow_env/lib/python3.8/site-packages/airflow/example_dags/example_branch_datetime_operator.py
[2022-08-04 00:00:45,654] {processor.py:641} INFO - Processing file /home/ndx/Innowise tasks/Innowise_task_5/airflow_env/lib/python3.8/site-packages/airflow/example_dags/example_branch_datetime_operator.py for tasks to queue
[2022-08-04 00:00:45,654] {logging_mixin.py:115} INFO - [2022-08-04 00:00:45,654] {dagbag.py:508} INFO - Filling up the DagBag from /home/ndx/Innowise tasks/Innowise_task_5/airflow_env/lib/python3.8/site-packages/airflow/example_dags/example_branch_datetime_operator.py
[2022-08-04 00:00:45,659] {processor.py:651} INFO - DAG(s) dict_keys(['example_branch_datetime_operator', 'example_branch_datetime_operator_2']) retrieved from /home/ndx/Innowise tasks/Innowise_task_5/airflow_env/lib/python3.8/site-packages/airflow/example_dags/example_branch_datetime_operator.py
[2022-08-04 00:00:45,669] {logging_mixin.py:115} INFO - [2022-08-04 00:00:45,669] {dag.py:2420} INFO - Sync 2 DAGs
[2022-08-04 00:00:45,678] {logging_mixin.py:115} INFO - [2022-08-04 00:00:45,678] {dag.py:2968} INFO - Setting next_dagrun for example_branch_datetime_operator to 2022-08-02T00:00:00+00:00, run_after=2022-08-03T00:00:00+00:00
[2022-08-04 00:00:45,679] {logging_mixin.py:115} INFO - [2022-08-04 00:00:45,679] {dag.py:2968} INFO - Setting next_dagrun for example_branch_datetime_operator_2 to 2022-08-02T00:00:00+00:00, run_after=2022-08-03T00:00:00+00:00
[2022-08-04 00:00:45,694] {processor.py:161} INFO - Processing /home/ndx/Innowise tasks/Innowise_task_5/airflow_env/lib/python3.8/site-packages/airflow/example_dags/example_branch_datetime_operator.py took 0.042 seconds
[2022-08-04 00:01:18,737] {processor.py:153} INFO - Started process (PID=45038) to work on /home/ndx/Innowise tasks/Innowise_task_5/airflow_env/lib/python3.8/site-packages/airflow/example_dags/example_branch_datetime_operator.py
[2022-08-04 00:01:18,743] {processor.py:641} INFO - Processing file /home/ndx/Innowise tasks/Innowise_task_5/airflow_env/lib/python3.8/site-packages/airflow/example_dags/example_branch_datetime_operator.py for tasks to queue
[2022-08-04 00:01:18,743] {logging_mixin.py:115} INFO - [2022-08-04 00:01:18,743] {dagbag.py:508} INFO - Filling up the DagBag from /home/ndx/Innowise tasks/Innowise_task_5/airflow_env/lib/python3.8/site-packages/airflow/example_dags/example_branch_datetime_operator.py
[2022-08-04 00:01:18,749] {processor.py:651} INFO - DAG(s) dict_keys(['example_branch_datetime_operator', 'example_branch_datetime_operator_2']) retrieved from /home/ndx/Innowise tasks/Innowise_task_5/airflow_env/lib/python3.8/site-packages/airflow/example_dags/example_branch_datetime_operator.py
[2022-08-04 00:01:18,761] {logging_mixin.py:115} INFO - [2022-08-04 00:01:18,761] {dag.py:2420} INFO - Sync 2 DAGs
[2022-08-04 00:01:18,772] {logging_mixin.py:115} INFO - [2022-08-04 00:01:18,772] {dag.py:2968} INFO - Setting next_dagrun for example_branch_datetime_operator to 2022-08-02T00:00:00+00:00, run_after=2022-08-03T00:00:00+00:00
[2022-08-04 00:01:18,773] {logging_mixin.py:115} INFO - [2022-08-04 00:01:18,773] {dag.py:2968} INFO - Setting next_dagrun for example_branch_datetime_operator_2 to 2022-08-02T00:00:00+00:00, run_after=2022-08-03T00:00:00+00:00
[2022-08-04 00:01:18,781] {processor.py:161} INFO - Processing /home/ndx/Innowise tasks/Innowise_task_5/airflow_env/lib/python3.8/site-packages/airflow/example_dags/example_branch_datetime_operator.py took 0.045 seconds
[2022-08-04 00:01:53,655] {processor.py:153} INFO - Started process (PID=45131) to work on /home/ndx/Innowise tasks/Innowise_task_5/airflow_env/lib/python3.8/site-packages/airflow/example_dags/example_branch_datetime_operator.py
[2022-08-04 00:01:53,661] {processor.py:641} INFO - Processing file /home/ndx/Innowise tasks/Innowise_task_5/airflow_env/lib/python3.8/site-packages/airflow/example_dags/example_branch_datetime_operator.py for tasks to queue
[2022-08-04 00:01:53,662] {logging_mixin.py:115} INFO - [2022-08-04 00:01:53,662] {dagbag.py:508} INFO - Filling up the DagBag from /home/ndx/Innowise tasks/Innowise_task_5/airflow_env/lib/python3.8/site-packages/airflow/example_dags/example_branch_datetime_operator.py
[2022-08-04 00:01:53,668] {processor.py:651} INFO - DAG(s) dict_keys(['example_branch_datetime_operator', 'example_branch_datetime_operator_2']) retrieved from /home/ndx/Innowise tasks/Innowise_task_5/airflow_env/lib/python3.8/site-packages/airflow/example_dags/example_branch_datetime_operator.py
[2022-08-04 00:01:53,678] {logging_mixin.py:115} INFO - [2022-08-04 00:01:53,678] {dag.py:2420} INFO - Sync 2 DAGs
[2022-08-04 00:01:53,688] {logging_mixin.py:115} INFO - [2022-08-04 00:01:53,688] {dag.py:2968} INFO - Setting next_dagrun for example_branch_datetime_operator to 2022-08-02T00:00:00+00:00, run_after=2022-08-03T00:00:00+00:00
[2022-08-04 00:01:53,688] {logging_mixin.py:115} INFO - [2022-08-04 00:01:53,688] {dag.py:2968} INFO - Setting next_dagrun for example_branch_datetime_operator_2 to 2022-08-02T00:00:00+00:00, run_after=2022-08-03T00:00:00+00:00
[2022-08-04 00:01:53,698] {processor.py:161} INFO - Processing /home/ndx/Innowise tasks/Innowise_task_5/airflow_env/lib/python3.8/site-packages/airflow/example_dags/example_branch_datetime_operator.py took 0.044 seconds
[2022-08-04 00:02:28,674] {processor.py:153} INFO - Started process (PID=45282) to work on /home/ndx/Innowise tasks/Innowise_task_5/airflow_env/lib/python3.8/site-packages/airflow/example_dags/example_branch_datetime_operator.py
[2022-08-04 00:02:28,675] {processor.py:641} INFO - Processing file /home/ndx/Innowise tasks/Innowise_task_5/airflow_env/lib/python3.8/site-packages/airflow/example_dags/example_branch_datetime_operator.py for tasks to queue
[2022-08-04 00:02:28,675] {logging_mixin.py:115} INFO - [2022-08-04 00:02:28,675] {dagbag.py:508} INFO - Filling up the DagBag from /home/ndx/Innowise tasks/Innowise_task_5/airflow_env/lib/python3.8/site-packages/airflow/example_dags/example_branch_datetime_operator.py
[2022-08-04 00:02:28,680] {processor.py:651} INFO - DAG(s) dict_keys(['example_branch_datetime_operator', 'example_branch_datetime_operator_2']) retrieved from /home/ndx/Innowise tasks/Innowise_task_5/airflow_env/lib/python3.8/site-packages/airflow/example_dags/example_branch_datetime_operator.py
[2022-08-04 00:02:28,690] {logging_mixin.py:115} INFO - [2022-08-04 00:02:28,690] {dag.py:2420} INFO - Sync 2 DAGs
[2022-08-04 00:02:28,699] {logging_mixin.py:115} INFO - [2022-08-04 00:02:28,699] {dag.py:2968} INFO - Setting next_dagrun for example_branch_datetime_operator to 2022-08-02T00:00:00+00:00, run_after=2022-08-03T00:00:00+00:00
[2022-08-04 00:02:28,700] {logging_mixin.py:115} INFO - [2022-08-04 00:02:28,700] {dag.py:2968} INFO - Setting next_dagrun for example_branch_datetime_operator_2 to 2022-08-02T00:00:00+00:00, run_after=2022-08-03T00:00:00+00:00
[2022-08-04 00:02:28,706] {processor.py:161} INFO - Processing /home/ndx/Innowise tasks/Innowise_task_5/airflow_env/lib/python3.8/site-packages/airflow/example_dags/example_branch_datetime_operator.py took 0.034 seconds
[2022-08-04 00:03:04,464] {processor.py:153} INFO - Started process (PID=45359) to work on /home/ndx/Innowise tasks/Innowise_task_5/airflow_env/lib/python3.8/site-packages/airflow/example_dags/example_branch_datetime_operator.py
[2022-08-04 00:03:04,470] {processor.py:641} INFO - Processing file /home/ndx/Innowise tasks/Innowise_task_5/airflow_env/lib/python3.8/site-packages/airflow/example_dags/example_branch_datetime_operator.py for tasks to queue
[2022-08-04 00:03:04,470] {logging_mixin.py:115} INFO - [2022-08-04 00:03:04,470] {dagbag.py:508} INFO - Filling up the DagBag from /home/ndx/Innowise tasks/Innowise_task_5/airflow_env/lib/python3.8/site-packages/airflow/example_dags/example_branch_datetime_operator.py
[2022-08-04 00:03:04,476] {processor.py:651} INFO - DAG(s) dict_keys(['example_branch_datetime_operator', 'example_branch_datetime_operator_2']) retrieved from /home/ndx/Innowise tasks/Innowise_task_5/airflow_env/lib/python3.8/site-packages/airflow/example_dags/example_branch_datetime_operator.py
[2022-08-04 00:03:04,485] {logging_mixin.py:115} INFO - [2022-08-04 00:03:04,485] {dag.py:2420} INFO - Sync 2 DAGs
[2022-08-04 00:03:04,495] {logging_mixin.py:115} INFO - [2022-08-04 00:03:04,495] {dag.py:2968} INFO - Setting next_dagrun for example_branch_datetime_operator to 2022-08-02T00:00:00+00:00, run_after=2022-08-03T00:00:00+00:00
[2022-08-04 00:03:04,496] {logging_mixin.py:115} INFO - [2022-08-04 00:03:04,496] {dag.py:2968} INFO - Setting next_dagrun for example_branch_datetime_operator_2 to 2022-08-02T00:00:00+00:00, run_after=2022-08-03T00:00:00+00:00
[2022-08-04 00:03:04,505] {processor.py:161} INFO - Processing /home/ndx/Innowise tasks/Innowise_task_5/airflow_env/lib/python3.8/site-packages/airflow/example_dags/example_branch_datetime_operator.py took 0.042 seconds
[2022-08-04 00:03:38,872] {processor.py:153} INFO - Started process (PID=45438) to work on /home/ndx/Innowise tasks/Innowise_task_5/airflow_env/lib/python3.8/site-packages/airflow/example_dags/example_branch_datetime_operator.py
[2022-08-04 00:03:38,877] {processor.py:641} INFO - Processing file /home/ndx/Innowise tasks/Innowise_task_5/airflow_env/lib/python3.8/site-packages/airflow/example_dags/example_branch_datetime_operator.py for tasks to queue
[2022-08-04 00:03:38,878] {logging_mixin.py:115} INFO - [2022-08-04 00:03:38,878] {dagbag.py:508} INFO - Filling up the DagBag from /home/ndx/Innowise tasks/Innowise_task_5/airflow_env/lib/python3.8/site-packages/airflow/example_dags/example_branch_datetime_operator.py
[2022-08-04 00:03:38,883] {processor.py:651} INFO - DAG(s) dict_keys(['example_branch_datetime_operator', 'example_branch_datetime_operator_2']) retrieved from /home/ndx/Innowise tasks/Innowise_task_5/airflow_env/lib/python3.8/site-packages/airflow/example_dags/example_branch_datetime_operator.py
[2022-08-04 00:03:38,893] {logging_mixin.py:115} INFO - [2022-08-04 00:03:38,893] {dag.py:2420} INFO - Sync 2 DAGs
[2022-08-04 00:03:38,903] {logging_mixin.py:115} INFO - [2022-08-04 00:03:38,903] {dag.py:2968} INFO - Setting next_dagrun for example_branch_datetime_operator to 2022-08-02T00:00:00+00:00, run_after=2022-08-03T00:00:00+00:00
[2022-08-04 00:03:38,903] {logging_mixin.py:115} INFO - [2022-08-04 00:03:38,903] {dag.py:2968} INFO - Setting next_dagrun for example_branch_datetime_operator_2 to 2022-08-02T00:00:00+00:00, run_after=2022-08-03T00:00:00+00:00
[2022-08-04 00:03:38,910] {processor.py:161} INFO - Processing /home/ndx/Innowise tasks/Innowise_task_5/airflow_env/lib/python3.8/site-packages/airflow/example_dags/example_branch_datetime_operator.py took 0.040 seconds
[2022-08-04 00:04:14,269] {processor.py:153} INFO - Started process (PID=45487) to work on /home/ndx/Innowise tasks/Innowise_task_5/airflow_env/lib/python3.8/site-packages/airflow/example_dags/example_branch_datetime_operator.py
[2022-08-04 00:04:14,275] {processor.py:641} INFO - Processing file /home/ndx/Innowise tasks/Innowise_task_5/airflow_env/lib/python3.8/site-packages/airflow/example_dags/example_branch_datetime_operator.py for tasks to queue
[2022-08-04 00:04:14,275] {logging_mixin.py:115} INFO - [2022-08-04 00:04:14,275] {dagbag.py:508} INFO - Filling up the DagBag from /home/ndx/Innowise tasks/Innowise_task_5/airflow_env/lib/python3.8/site-packages/airflow/example_dags/example_branch_datetime_operator.py
[2022-08-04 00:04:14,281] {processor.py:651} INFO - DAG(s) dict_keys(['example_branch_datetime_operator', 'example_branch_datetime_operator_2']) retrieved from /home/ndx/Innowise tasks/Innowise_task_5/airflow_env/lib/python3.8/site-packages/airflow/example_dags/example_branch_datetime_operator.py
[2022-08-04 00:04:14,291] {logging_mixin.py:115} INFO - [2022-08-04 00:04:14,291] {dag.py:2420} INFO - Sync 2 DAGs
[2022-08-04 00:04:14,301] {logging_mixin.py:115} INFO - [2022-08-04 00:04:14,300] {dag.py:2968} INFO - Setting next_dagrun for example_branch_datetime_operator to 2022-08-02T00:00:00+00:00, run_after=2022-08-03T00:00:00+00:00
[2022-08-04 00:04:14,301] {logging_mixin.py:115} INFO - [2022-08-04 00:04:14,301] {dag.py:2968} INFO - Setting next_dagrun for example_branch_datetime_operator_2 to 2022-08-02T00:00:00+00:00, run_after=2022-08-03T00:00:00+00:00
[2022-08-04 00:04:14,310] {processor.py:161} INFO - Processing /home/ndx/Innowise tasks/Innowise_task_5/airflow_env/lib/python3.8/site-packages/airflow/example_dags/example_branch_datetime_operator.py took 0.043 seconds
[2022-08-04 00:04:46,967] {processor.py:153} INFO - Started process (PID=45542) to work on /home/ndx/Innowise tasks/Innowise_task_5/airflow_env/lib/python3.8/site-packages/airflow/example_dags/example_branch_datetime_operator.py
[2022-08-04 00:04:46,973] {processor.py:641} INFO - Processing file /home/ndx/Innowise tasks/Innowise_task_5/airflow_env/lib/python3.8/site-packages/airflow/example_dags/example_branch_datetime_operator.py for tasks to queue
[2022-08-04 00:04:46,974] {logging_mixin.py:115} INFO - [2022-08-04 00:04:46,974] {dagbag.py:508} INFO - Filling up the DagBag from /home/ndx/Innowise tasks/Innowise_task_5/airflow_env/lib/python3.8/site-packages/airflow/example_dags/example_branch_datetime_operator.py
[2022-08-04 00:04:46,980] {processor.py:651} INFO - DAG(s) dict_keys(['example_branch_datetime_operator', 'example_branch_datetime_operator_2']) retrieved from /home/ndx/Innowise tasks/Innowise_task_5/airflow_env/lib/python3.8/site-packages/airflow/example_dags/example_branch_datetime_operator.py
[2022-08-04 00:04:46,990] {logging_mixin.py:115} INFO - [2022-08-04 00:04:46,990] {dag.py:2420} INFO - Sync 2 DAGs
[2022-08-04 00:04:47,001] {logging_mixin.py:115} INFO - [2022-08-04 00:04:47,001] {dag.py:2968} INFO - Setting next_dagrun for example_branch_datetime_operator to 2022-08-02T00:00:00+00:00, run_after=2022-08-03T00:00:00+00:00
[2022-08-04 00:04:47,002] {logging_mixin.py:115} INFO - [2022-08-04 00:04:47,002] {dag.py:2968} INFO - Setting next_dagrun for example_branch_datetime_operator_2 to 2022-08-02T00:00:00+00:00, run_after=2022-08-03T00:00:00+00:00
[2022-08-04 00:04:47,009] {processor.py:161} INFO - Processing /home/ndx/Innowise tasks/Innowise_task_5/airflow_env/lib/python3.8/site-packages/airflow/example_dags/example_branch_datetime_operator.py took 0.044 seconds
[2022-08-04 00:05:21,410] {processor.py:153} INFO - Started process (PID=45714) to work on /home/ndx/Innowise tasks/Innowise_task_5/airflow_env/lib/python3.8/site-packages/airflow/example_dags/example_branch_datetime_operator.py
[2022-08-04 00:05:21,415] {processor.py:641} INFO - Processing file /home/ndx/Innowise tasks/Innowise_task_5/airflow_env/lib/python3.8/site-packages/airflow/example_dags/example_branch_datetime_operator.py for tasks to queue
[2022-08-04 00:05:21,416] {logging_mixin.py:115} INFO - [2022-08-04 00:05:21,416] {dagbag.py:508} INFO - Filling up the DagBag from /home/ndx/Innowise tasks/Innowise_task_5/airflow_env/lib/python3.8/site-packages/airflow/example_dags/example_branch_datetime_operator.py
[2022-08-04 00:05:21,422] {processor.py:651} INFO - DAG(s) dict_keys(['example_branch_datetime_operator', 'example_branch_datetime_operator_2']) retrieved from /home/ndx/Innowise tasks/Innowise_task_5/airflow_env/lib/python3.8/site-packages/airflow/example_dags/example_branch_datetime_operator.py
[2022-08-04 00:05:21,432] {logging_mixin.py:115} INFO - [2022-08-04 00:05:21,432] {dag.py:2420} INFO - Sync 2 DAGs
[2022-08-04 00:05:21,442] {logging_mixin.py:115} INFO - [2022-08-04 00:05:21,442] {dag.py:2968} INFO - Setting next_dagrun for example_branch_datetime_operator to 2022-08-02T00:00:00+00:00, run_after=2022-08-03T00:00:00+00:00
[2022-08-04 00:05:21,443] {logging_mixin.py:115} INFO - [2022-08-04 00:05:21,443] {dag.py:2968} INFO - Setting next_dagrun for example_branch_datetime_operator_2 to 2022-08-02T00:00:00+00:00, run_after=2022-08-03T00:00:00+00:00
[2022-08-04 00:05:21,451] {processor.py:161} INFO - Processing /home/ndx/Innowise tasks/Innowise_task_5/airflow_env/lib/python3.8/site-packages/airflow/example_dags/example_branch_datetime_operator.py took 0.044 seconds
[2022-08-04 00:05:54,637] {processor.py:153} INFO - Started process (PID=45807) to work on /home/ndx/Innowise tasks/Innowise_task_5/airflow_env/lib/python3.8/site-packages/airflow/example_dags/example_branch_datetime_operator.py
[2022-08-04 00:05:54,642] {processor.py:641} INFO - Processing file /home/ndx/Innowise tasks/Innowise_task_5/airflow_env/lib/python3.8/site-packages/airflow/example_dags/example_branch_datetime_operator.py for tasks to queue
[2022-08-04 00:05:54,643] {logging_mixin.py:115} INFO - [2022-08-04 00:05:54,643] {dagbag.py:508} INFO - Filling up the DagBag from /home/ndx/Innowise tasks/Innowise_task_5/airflow_env/lib/python3.8/site-packages/airflow/example_dags/example_branch_datetime_operator.py
[2022-08-04 00:05:54,648] {processor.py:651} INFO - DAG(s) dict_keys(['example_branch_datetime_operator', 'example_branch_datetime_operator_2']) retrieved from /home/ndx/Innowise tasks/Innowise_task_5/airflow_env/lib/python3.8/site-packages/airflow/example_dags/example_branch_datetime_operator.py
[2022-08-04 00:05:54,658] {logging_mixin.py:115} INFO - [2022-08-04 00:05:54,658] {dag.py:2420} INFO - Sync 2 DAGs
[2022-08-04 00:05:54,668] {logging_mixin.py:115} INFO - [2022-08-04 00:05:54,668] {dag.py:2968} INFO - Setting next_dagrun for example_branch_datetime_operator to 2022-08-02T00:00:00+00:00, run_after=2022-08-03T00:00:00+00:00
[2022-08-04 00:05:54,669] {logging_mixin.py:115} INFO - [2022-08-04 00:05:54,669] {dag.py:2968} INFO - Setting next_dagrun for example_branch_datetime_operator_2 to 2022-08-02T00:00:00+00:00, run_after=2022-08-03T00:00:00+00:00
[2022-08-04 00:05:54,677] {processor.py:161} INFO - Processing /home/ndx/Innowise tasks/Innowise_task_5/airflow_env/lib/python3.8/site-packages/airflow/example_dags/example_branch_datetime_operator.py took 0.041 seconds
[2022-08-04 00:06:29,769] {processor.py:153} INFO - Started process (PID=45914) to work on /home/ndx/Innowise tasks/Innowise_task_5/airflow_env/lib/python3.8/site-packages/airflow/example_dags/example_branch_datetime_operator.py
[2022-08-04 00:06:29,774] {processor.py:641} INFO - Processing file /home/ndx/Innowise tasks/Innowise_task_5/airflow_env/lib/python3.8/site-packages/airflow/example_dags/example_branch_datetime_operator.py for tasks to queue
[2022-08-04 00:06:29,775] {logging_mixin.py:115} INFO - [2022-08-04 00:06:29,774] {dagbag.py:508} INFO - Filling up the DagBag from /home/ndx/Innowise tasks/Innowise_task_5/airflow_env/lib/python3.8/site-packages/airflow/example_dags/example_branch_datetime_operator.py
[2022-08-04 00:06:29,780] {processor.py:651} INFO - DAG(s) dict_keys(['example_branch_datetime_operator', 'example_branch_datetime_operator_2']) retrieved from /home/ndx/Innowise tasks/Innowise_task_5/airflow_env/lib/python3.8/site-packages/airflow/example_dags/example_branch_datetime_operator.py
[2022-08-04 00:06:29,790] {logging_mixin.py:115} INFO - [2022-08-04 00:06:29,790] {dag.py:2420} INFO - Sync 2 DAGs
[2022-08-04 00:06:29,800] {logging_mixin.py:115} INFO - [2022-08-04 00:06:29,800] {dag.py:2968} INFO - Setting next_dagrun for example_branch_datetime_operator to 2022-08-02T00:00:00+00:00, run_after=2022-08-03T00:00:00+00:00
[2022-08-04 00:06:29,801] {logging_mixin.py:115} INFO - [2022-08-04 00:06:29,801] {dag.py:2968} INFO - Setting next_dagrun for example_branch_datetime_operator_2 to 2022-08-02T00:00:00+00:00, run_after=2022-08-03T00:00:00+00:00
[2022-08-04 00:06:29,811] {processor.py:161} INFO - Processing /home/ndx/Innowise tasks/Innowise_task_5/airflow_env/lib/python3.8/site-packages/airflow/example_dags/example_branch_datetime_operator.py took 0.044 seconds
[2022-08-04 00:07:03,677] {processor.py:153} INFO - Started process (PID=45978) to work on /home/ndx/Innowise tasks/Innowise_task_5/airflow_env/lib/python3.8/site-packages/airflow/example_dags/example_branch_datetime_operator.py
[2022-08-04 00:07:03,677] {processor.py:641} INFO - Processing file /home/ndx/Innowise tasks/Innowise_task_5/airflow_env/lib/python3.8/site-packages/airflow/example_dags/example_branch_datetime_operator.py for tasks to queue
[2022-08-04 00:07:03,677] {logging_mixin.py:115} INFO - [2022-08-04 00:07:03,677] {dagbag.py:508} INFO - Filling up the DagBag from /home/ndx/Innowise tasks/Innowise_task_5/airflow_env/lib/python3.8/site-packages/airflow/example_dags/example_branch_datetime_operator.py
[2022-08-04 00:07:03,683] {processor.py:651} INFO - DAG(s) dict_keys(['example_branch_datetime_operator', 'example_branch_datetime_operator_2']) retrieved from /home/ndx/Innowise tasks/Innowise_task_5/airflow_env/lib/python3.8/site-packages/airflow/example_dags/example_branch_datetime_operator.py
[2022-08-04 00:07:03,695] {logging_mixin.py:115} INFO - [2022-08-04 00:07:03,695] {dag.py:2420} INFO - Sync 2 DAGs
[2022-08-04 00:07:03,707] {logging_mixin.py:115} INFO - [2022-08-04 00:07:03,707] {dag.py:2968} INFO - Setting next_dagrun for example_branch_datetime_operator to 2022-08-02T00:00:00+00:00, run_after=2022-08-03T00:00:00+00:00
[2022-08-04 00:07:03,708] {logging_mixin.py:115} INFO - [2022-08-04 00:07:03,708] {dag.py:2968} INFO - Setting next_dagrun for example_branch_datetime_operator_2 to 2022-08-02T00:00:00+00:00, run_after=2022-08-03T00:00:00+00:00
[2022-08-04 00:07:03,719] {processor.py:161} INFO - Processing /home/ndx/Innowise tasks/Innowise_task_5/airflow_env/lib/python3.8/site-packages/airflow/example_dags/example_branch_datetime_operator.py took 0.044 seconds
[2022-08-04 00:07:37,196] {processor.py:153} INFO - Started process (PID=46067) to work on /home/ndx/Innowise tasks/Innowise_task_5/airflow_env/lib/python3.8/site-packages/airflow/example_dags/example_branch_datetime_operator.py
[2022-08-04 00:07:37,201] {processor.py:641} INFO - Processing file /home/ndx/Innowise tasks/Innowise_task_5/airflow_env/lib/python3.8/site-packages/airflow/example_dags/example_branch_datetime_operator.py for tasks to queue
[2022-08-04 00:07:37,202] {logging_mixin.py:115} INFO - [2022-08-04 00:07:37,202] {dagbag.py:508} INFO - Filling up the DagBag from /home/ndx/Innowise tasks/Innowise_task_5/airflow_env/lib/python3.8/site-packages/airflow/example_dags/example_branch_datetime_operator.py
[2022-08-04 00:07:37,208] {processor.py:651} INFO - DAG(s) dict_keys(['example_branch_datetime_operator', 'example_branch_datetime_operator_2']) retrieved from /home/ndx/Innowise tasks/Innowise_task_5/airflow_env/lib/python3.8/site-packages/airflow/example_dags/example_branch_datetime_operator.py
[2022-08-04 00:07:37,217] {logging_mixin.py:115} INFO - [2022-08-04 00:07:37,217] {dag.py:2420} INFO - Sync 2 DAGs
[2022-08-04 00:07:37,227] {logging_mixin.py:115} INFO - [2022-08-04 00:07:37,227] {dag.py:2968} INFO - Setting next_dagrun for example_branch_datetime_operator to 2022-08-02T00:00:00+00:00, run_after=2022-08-03T00:00:00+00:00
[2022-08-04 00:07:37,228] {logging_mixin.py:115} INFO - [2022-08-04 00:07:37,228] {dag.py:2968} INFO - Setting next_dagrun for example_branch_datetime_operator_2 to 2022-08-02T00:00:00+00:00, run_after=2022-08-03T00:00:00+00:00
[2022-08-04 00:07:37,237] {processor.py:161} INFO - Processing /home/ndx/Innowise tasks/Innowise_task_5/airflow_env/lib/python3.8/site-packages/airflow/example_dags/example_branch_datetime_operator.py took 0.043 seconds
[2022-08-04 00:08:10,134] {processor.py:153} INFO - Started process (PID=46130) to work on /home/ndx/Innowise tasks/Innowise_task_5/airflow_env/lib/python3.8/site-packages/airflow/example_dags/example_branch_datetime_operator.py
[2022-08-04 00:08:10,134] {processor.py:641} INFO - Processing file /home/ndx/Innowise tasks/Innowise_task_5/airflow_env/lib/python3.8/site-packages/airflow/example_dags/example_branch_datetime_operator.py for tasks to queue
[2022-08-04 00:08:10,135] {logging_mixin.py:115} INFO - [2022-08-04 00:08:10,134] {dagbag.py:508} INFO - Filling up the DagBag from /home/ndx/Innowise tasks/Innowise_task_5/airflow_env/lib/python3.8/site-packages/airflow/example_dags/example_branch_datetime_operator.py
[2022-08-04 00:08:10,140] {processor.py:651} INFO - DAG(s) dict_keys(['example_branch_datetime_operator', 'example_branch_datetime_operator_2']) retrieved from /home/ndx/Innowise tasks/Innowise_task_5/airflow_env/lib/python3.8/site-packages/airflow/example_dags/example_branch_datetime_operator.py
[2022-08-04 00:08:10,151] {logging_mixin.py:115} INFO - [2022-08-04 00:08:10,151] {dag.py:2420} INFO - Sync 2 DAGs
[2022-08-04 00:08:10,163] {logging_mixin.py:115} INFO - [2022-08-04 00:08:10,163] {dag.py:2968} INFO - Setting next_dagrun for example_branch_datetime_operator to 2022-08-02T00:00:00+00:00, run_after=2022-08-03T00:00:00+00:00
[2022-08-04 00:08:10,164] {logging_mixin.py:115} INFO - [2022-08-04 00:08:10,164] {dag.py:2968} INFO - Setting next_dagrun for example_branch_datetime_operator_2 to 2022-08-02T00:00:00+00:00, run_after=2022-08-03T00:00:00+00:00
[2022-08-04 00:08:10,172] {processor.py:161} INFO - Processing /home/ndx/Innowise tasks/Innowise_task_5/airflow_env/lib/python3.8/site-packages/airflow/example_dags/example_branch_datetime_operator.py took 0.041 seconds
[2022-08-04 00:08:44,320] {processor.py:153} INFO - Started process (PID=46224) to work on /home/ndx/Innowise tasks/Innowise_task_5/airflow_env/lib/python3.8/site-packages/airflow/example_dags/example_branch_datetime_operator.py
[2022-08-04 00:08:44,326] {processor.py:641} INFO - Processing file /home/ndx/Innowise tasks/Innowise_task_5/airflow_env/lib/python3.8/site-packages/airflow/example_dags/example_branch_datetime_operator.py for tasks to queue
[2022-08-04 00:08:44,326] {logging_mixin.py:115} INFO - [2022-08-04 00:08:44,326] {dagbag.py:508} INFO - Filling up the DagBag from /home/ndx/Innowise tasks/Innowise_task_5/airflow_env/lib/python3.8/site-packages/airflow/example_dags/example_branch_datetime_operator.py
[2022-08-04 00:08:44,332] {processor.py:651} INFO - DAG(s) dict_keys(['example_branch_datetime_operator', 'example_branch_datetime_operator_2']) retrieved from /home/ndx/Innowise tasks/Innowise_task_5/airflow_env/lib/python3.8/site-packages/airflow/example_dags/example_branch_datetime_operator.py
[2022-08-04 00:08:44,342] {logging_mixin.py:115} INFO - [2022-08-04 00:08:44,342] {dag.py:2420} INFO - Sync 2 DAGs
[2022-08-04 00:08:44,351] {logging_mixin.py:115} INFO - [2022-08-04 00:08:44,351] {dag.py:2968} INFO - Setting next_dagrun for example_branch_datetime_operator to 2022-08-02T00:00:00+00:00, run_after=2022-08-03T00:00:00+00:00
[2022-08-04 00:08:44,352] {logging_mixin.py:115} INFO - [2022-08-04 00:08:44,352] {dag.py:2968} INFO - Setting next_dagrun for example_branch_datetime_operator_2 to 2022-08-02T00:00:00+00:00, run_after=2022-08-03T00:00:00+00:00
[2022-08-04 00:08:44,359] {processor.py:161} INFO - Processing /home/ndx/Innowise tasks/Innowise_task_5/airflow_env/lib/python3.8/site-packages/airflow/example_dags/example_branch_datetime_operator.py took 0.041 seconds
[2022-08-04 00:09:18,387] {processor.py:153} INFO - Started process (PID=46318) to work on /home/ndx/Innowise tasks/Innowise_task_5/airflow_env/lib/python3.8/site-packages/airflow/example_dags/example_branch_datetime_operator.py
[2022-08-04 00:09:18,393] {processor.py:641} INFO - Processing file /home/ndx/Innowise tasks/Innowise_task_5/airflow_env/lib/python3.8/site-packages/airflow/example_dags/example_branch_datetime_operator.py for tasks to queue
[2022-08-04 00:09:18,393] {logging_mixin.py:115} INFO - [2022-08-04 00:09:18,393] {dagbag.py:508} INFO - Filling up the DagBag from /home/ndx/Innowise tasks/Innowise_task_5/airflow_env/lib/python3.8/site-packages/airflow/example_dags/example_branch_datetime_operator.py
[2022-08-04 00:09:18,399] {processor.py:651} INFO - DAG(s) dict_keys(['example_branch_datetime_operator', 'example_branch_datetime_operator_2']) retrieved from /home/ndx/Innowise tasks/Innowise_task_5/airflow_env/lib/python3.8/site-packages/airflow/example_dags/example_branch_datetime_operator.py
[2022-08-04 00:09:18,409] {logging_mixin.py:115} INFO - [2022-08-04 00:09:18,409] {dag.py:2420} INFO - Sync 2 DAGs
[2022-08-04 00:09:18,419] {logging_mixin.py:115} INFO - [2022-08-04 00:09:18,419] {dag.py:2968} INFO - Setting next_dagrun for example_branch_datetime_operator to 2022-08-02T00:00:00+00:00, run_after=2022-08-03T00:00:00+00:00
[2022-08-04 00:09:18,420] {logging_mixin.py:115} INFO - [2022-08-04 00:09:18,419] {dag.py:2968} INFO - Setting next_dagrun for example_branch_datetime_operator_2 to 2022-08-02T00:00:00+00:00, run_after=2022-08-03T00:00:00+00:00
[2022-08-04 00:09:18,427] {processor.py:161} INFO - Processing /home/ndx/Innowise tasks/Innowise_task_5/airflow_env/lib/python3.8/site-packages/airflow/example_dags/example_branch_datetime_operator.py took 0.042 seconds
[2022-08-04 00:09:55,949] {processor.py:153} INFO - Started process (PID=46404) to work on /home/ndx/Innowise tasks/Innowise_task_5/airflow_env/lib/python3.8/site-packages/airflow/example_dags/example_branch_datetime_operator.py
[2022-08-04 00:09:55,954] {processor.py:641} INFO - Processing file /home/ndx/Innowise tasks/Innowise_task_5/airflow_env/lib/python3.8/site-packages/airflow/example_dags/example_branch_datetime_operator.py for tasks to queue
[2022-08-04 00:09:55,954] {logging_mixin.py:115} INFO - [2022-08-04 00:09:55,954] {dagbag.py:508} INFO - Filling up the DagBag from /home/ndx/Innowise tasks/Innowise_task_5/airflow_env/lib/python3.8/site-packages/airflow/example_dags/example_branch_datetime_operator.py
[2022-08-04 00:09:55,960] {processor.py:651} INFO - DAG(s) dict_keys(['example_branch_datetime_operator', 'example_branch_datetime_operator_2']) retrieved from /home/ndx/Innowise tasks/Innowise_task_5/airflow_env/lib/python3.8/site-packages/airflow/example_dags/example_branch_datetime_operator.py
[2022-08-04 00:09:55,970] {logging_mixin.py:115} INFO - [2022-08-04 00:09:55,970] {dag.py:2420} INFO - Sync 2 DAGs
[2022-08-04 00:09:55,980] {logging_mixin.py:115} INFO - [2022-08-04 00:09:55,980] {dag.py:2968} INFO - Setting next_dagrun for example_branch_datetime_operator to 2022-08-02T00:00:00+00:00, run_after=2022-08-03T00:00:00+00:00
[2022-08-04 00:09:55,981] {logging_mixin.py:115} INFO - [2022-08-04 00:09:55,981] {dag.py:2968} INFO - Setting next_dagrun for example_branch_datetime_operator_2 to 2022-08-02T00:00:00+00:00, run_after=2022-08-03T00:00:00+00:00
[2022-08-04 00:09:55,991] {processor.py:161} INFO - Processing /home/ndx/Innowise tasks/Innowise_task_5/airflow_env/lib/python3.8/site-packages/airflow/example_dags/example_branch_datetime_operator.py took 0.044 seconds
[2022-08-04 00:10:27,668] {processor.py:153} INFO - Started process (PID=46520) to work on /home/ndx/Innowise tasks/Innowise_task_5/airflow_env/lib/python3.8/site-packages/airflow/example_dags/example_branch_datetime_operator.py
[2022-08-04 00:10:27,674] {processor.py:641} INFO - Processing file /home/ndx/Innowise tasks/Innowise_task_5/airflow_env/lib/python3.8/site-packages/airflow/example_dags/example_branch_datetime_operator.py for tasks to queue
[2022-08-04 00:10:27,674] {logging_mixin.py:115} INFO - [2022-08-04 00:10:27,674] {dagbag.py:508} INFO - Filling up the DagBag from /home/ndx/Innowise tasks/Innowise_task_5/airflow_env/lib/python3.8/site-packages/airflow/example_dags/example_branch_datetime_operator.py
[2022-08-04 00:10:27,680] {processor.py:651} INFO - DAG(s) dict_keys(['example_branch_datetime_operator', 'example_branch_datetime_operator_2']) retrieved from /home/ndx/Innowise tasks/Innowise_task_5/airflow_env/lib/python3.8/site-packages/airflow/example_dags/example_branch_datetime_operator.py
[2022-08-04 00:10:27,689] {logging_mixin.py:115} INFO - [2022-08-04 00:10:27,689] {dag.py:2420} INFO - Sync 2 DAGs
[2022-08-04 00:10:27,698] {logging_mixin.py:115} INFO - [2022-08-04 00:10:27,698] {dag.py:2968} INFO - Setting next_dagrun for example_branch_datetime_operator to 2022-08-02T00:00:00+00:00, run_after=2022-08-03T00:00:00+00:00
[2022-08-04 00:10:27,699] {logging_mixin.py:115} INFO - [2022-08-04 00:10:27,699] {dag.py:2968} INFO - Setting next_dagrun for example_branch_datetime_operator_2 to 2022-08-02T00:00:00+00:00, run_after=2022-08-03T00:00:00+00:00
[2022-08-04 00:10:27,706] {processor.py:161} INFO - Processing /home/ndx/Innowise tasks/Innowise_task_5/airflow_env/lib/python3.8/site-packages/airflow/example_dags/example_branch_datetime_operator.py took 0.040 seconds
[2022-08-04 00:11:03,496] {processor.py:153} INFO - Started process (PID=46593) to work on /home/ndx/Innowise tasks/Innowise_task_5/airflow_env/lib/python3.8/site-packages/airflow/example_dags/example_branch_datetime_operator.py
[2022-08-04 00:11:03,496] {processor.py:641} INFO - Processing file /home/ndx/Innowise tasks/Innowise_task_5/airflow_env/lib/python3.8/site-packages/airflow/example_dags/example_branch_datetime_operator.py for tasks to queue
[2022-08-04 00:11:03,496] {logging_mixin.py:115} INFO - [2022-08-04 00:11:03,496] {dagbag.py:508} INFO - Filling up the DagBag from /home/ndx/Innowise tasks/Innowise_task_5/airflow_env/lib/python3.8/site-packages/airflow/example_dags/example_branch_datetime_operator.py
[2022-08-04 00:11:03,501] {processor.py:651} INFO - DAG(s) dict_keys(['example_branch_datetime_operator', 'example_branch_datetime_operator_2']) retrieved from /home/ndx/Innowise tasks/Innowise_task_5/airflow_env/lib/python3.8/site-packages/airflow/example_dags/example_branch_datetime_operator.py
[2022-08-04 00:11:03,510] {logging_mixin.py:115} INFO - [2022-08-04 00:11:03,510] {dag.py:2420} INFO - Sync 2 DAGs
[2022-08-04 00:11:03,519] {logging_mixin.py:115} INFO - [2022-08-04 00:11:03,519] {dag.py:2968} INFO - Setting next_dagrun for example_branch_datetime_operator to 2022-08-02T00:00:00+00:00, run_after=2022-08-03T00:00:00+00:00
[2022-08-04 00:11:03,520] {logging_mixin.py:115} INFO - [2022-08-04 00:11:03,520] {dag.py:2968} INFO - Setting next_dagrun for example_branch_datetime_operator_2 to 2022-08-02T00:00:00+00:00, run_after=2022-08-03T00:00:00+00:00
[2022-08-04 00:11:03,528] {processor.py:161} INFO - Processing /home/ndx/Innowise tasks/Innowise_task_5/airflow_env/lib/python3.8/site-packages/airflow/example_dags/example_branch_datetime_operator.py took 0.034 seconds
[2022-08-04 00:11:36,757] {processor.py:153} INFO - Started process (PID=46638) to work on /home/ndx/Innowise tasks/Innowise_task_5/airflow_env/lib/python3.8/site-packages/airflow/example_dags/example_branch_datetime_operator.py
[2022-08-04 00:11:36,762] {processor.py:641} INFO - Processing file /home/ndx/Innowise tasks/Innowise_task_5/airflow_env/lib/python3.8/site-packages/airflow/example_dags/example_branch_datetime_operator.py for tasks to queue
[2022-08-04 00:11:36,763] {logging_mixin.py:115} INFO - [2022-08-04 00:11:36,763] {dagbag.py:508} INFO - Filling up the DagBag from /home/ndx/Innowise tasks/Innowise_task_5/airflow_env/lib/python3.8/site-packages/airflow/example_dags/example_branch_datetime_operator.py
[2022-08-04 00:11:36,768] {processor.py:651} INFO - DAG(s) dict_keys(['example_branch_datetime_operator', 'example_branch_datetime_operator_2']) retrieved from /home/ndx/Innowise tasks/Innowise_task_5/airflow_env/lib/python3.8/site-packages/airflow/example_dags/example_branch_datetime_operator.py
[2022-08-04 00:11:36,778] {logging_mixin.py:115} INFO - [2022-08-04 00:11:36,778] {dag.py:2420} INFO - Sync 2 DAGs
[2022-08-04 00:11:36,788] {logging_mixin.py:115} INFO - [2022-08-04 00:11:36,788] {dag.py:2968} INFO - Setting next_dagrun for example_branch_datetime_operator to 2022-08-02T00:00:00+00:00, run_after=2022-08-03T00:00:00+00:00
[2022-08-04 00:11:36,789] {logging_mixin.py:115} INFO - [2022-08-04 00:11:36,789] {dag.py:2968} INFO - Setting next_dagrun for example_branch_datetime_operator_2 to 2022-08-02T00:00:00+00:00, run_after=2022-08-03T00:00:00+00:00
[2022-08-04 00:11:36,797] {processor.py:161} INFO - Processing /home/ndx/Innowise tasks/Innowise_task_5/airflow_env/lib/python3.8/site-packages/airflow/example_dags/example_branch_datetime_operator.py took 0.042 seconds
[2022-08-04 00:12:11,317] {processor.py:153} INFO - Started process (PID=46714) to work on /home/ndx/Innowise tasks/Innowise_task_5/airflow_env/lib/python3.8/site-packages/airflow/example_dags/example_branch_datetime_operator.py
[2022-08-04 00:12:11,322] {processor.py:641} INFO - Processing file /home/ndx/Innowise tasks/Innowise_task_5/airflow_env/lib/python3.8/site-packages/airflow/example_dags/example_branch_datetime_operator.py for tasks to queue
[2022-08-04 00:12:11,322] {logging_mixin.py:115} INFO - [2022-08-04 00:12:11,322] {dagbag.py:508} INFO - Filling up the DagBag from /home/ndx/Innowise tasks/Innowise_task_5/airflow_env/lib/python3.8/site-packages/airflow/example_dags/example_branch_datetime_operator.py
[2022-08-04 00:12:11,328] {processor.py:651} INFO - DAG(s) dict_keys(['example_branch_datetime_operator', 'example_branch_datetime_operator_2']) retrieved from /home/ndx/Innowise tasks/Innowise_task_5/airflow_env/lib/python3.8/site-packages/airflow/example_dags/example_branch_datetime_operator.py
[2022-08-04 00:12:11,338] {logging_mixin.py:115} INFO - [2022-08-04 00:12:11,338] {dag.py:2420} INFO - Sync 2 DAGs
[2022-08-04 00:12:11,348] {logging_mixin.py:115} INFO - [2022-08-04 00:12:11,348] {dag.py:2968} INFO - Setting next_dagrun for example_branch_datetime_operator to 2022-08-02T00:00:00+00:00, run_after=2022-08-03T00:00:00+00:00
[2022-08-04 00:12:11,349] {logging_mixin.py:115} INFO - [2022-08-04 00:12:11,349] {dag.py:2968} INFO - Setting next_dagrun for example_branch_datetime_operator_2 to 2022-08-02T00:00:00+00:00, run_after=2022-08-03T00:00:00+00:00
[2022-08-04 00:12:11,357] {processor.py:161} INFO - Processing /home/ndx/Innowise tasks/Innowise_task_5/airflow_env/lib/python3.8/site-packages/airflow/example_dags/example_branch_datetime_operator.py took 0.042 seconds
[2022-08-04 00:12:44,837] {processor.py:153} INFO - Started process (PID=46764) to work on /home/ndx/Innowise tasks/Innowise_task_5/airflow_env/lib/python3.8/site-packages/airflow/example_dags/example_branch_datetime_operator.py
[2022-08-04 00:12:44,842] {processor.py:641} INFO - Processing file /home/ndx/Innowise tasks/Innowise_task_5/airflow_env/lib/python3.8/site-packages/airflow/example_dags/example_branch_datetime_operator.py for tasks to queue
[2022-08-04 00:12:44,842] {logging_mixin.py:115} INFO - [2022-08-04 00:12:44,842] {dagbag.py:508} INFO - Filling up the DagBag from /home/ndx/Innowise tasks/Innowise_task_5/airflow_env/lib/python3.8/site-packages/airflow/example_dags/example_branch_datetime_operator.py
[2022-08-04 00:12:44,847] {processor.py:651} INFO - DAG(s) dict_keys(['example_branch_datetime_operator', 'example_branch_datetime_operator_2']) retrieved from /home/ndx/Innowise tasks/Innowise_task_5/airflow_env/lib/python3.8/site-packages/airflow/example_dags/example_branch_datetime_operator.py
[2022-08-04 00:12:44,857] {logging_mixin.py:115} INFO - [2022-08-04 00:12:44,857] {dag.py:2420} INFO - Sync 2 DAGs
[2022-08-04 00:12:44,867] {logging_mixin.py:115} INFO - [2022-08-04 00:12:44,867] {dag.py:2968} INFO - Setting next_dagrun for example_branch_datetime_operator to 2022-08-02T00:00:00+00:00, run_after=2022-08-03T00:00:00+00:00
[2022-08-04 00:12:44,868] {logging_mixin.py:115} INFO - [2022-08-04 00:12:44,868] {dag.py:2968} INFO - Setting next_dagrun for example_branch_datetime_operator_2 to 2022-08-02T00:00:00+00:00, run_after=2022-08-03T00:00:00+00:00
[2022-08-04 00:12:44,877] {processor.py:161} INFO - Processing /home/ndx/Innowise tasks/Innowise_task_5/airflow_env/lib/python3.8/site-packages/airflow/example_dags/example_branch_datetime_operator.py took 0.042 seconds
[2022-08-04 00:13:19,537] {processor.py:153} INFO - Started process (PID=46839) to work on /home/ndx/Innowise tasks/Innowise_task_5/airflow_env/lib/python3.8/site-packages/airflow/example_dags/example_branch_datetime_operator.py
[2022-08-04 00:13:19,543] {processor.py:641} INFO - Processing file /home/ndx/Innowise tasks/Innowise_task_5/airflow_env/lib/python3.8/site-packages/airflow/example_dags/example_branch_datetime_operator.py for tasks to queue
[2022-08-04 00:13:19,543] {logging_mixin.py:115} INFO - [2022-08-04 00:13:19,543] {dagbag.py:508} INFO - Filling up the DagBag from /home/ndx/Innowise tasks/Innowise_task_5/airflow_env/lib/python3.8/site-packages/airflow/example_dags/example_branch_datetime_operator.py
[2022-08-04 00:13:19,549] {processor.py:651} INFO - DAG(s) dict_keys(['example_branch_datetime_operator', 'example_branch_datetime_operator_2']) retrieved from /home/ndx/Innowise tasks/Innowise_task_5/airflow_env/lib/python3.8/site-packages/airflow/example_dags/example_branch_datetime_operator.py
[2022-08-04 00:13:19,558] {logging_mixin.py:115} INFO - [2022-08-04 00:13:19,558] {dag.py:2420} INFO - Sync 2 DAGs
[2022-08-04 00:13:19,567] {logging_mixin.py:115} INFO - [2022-08-04 00:13:19,567] {dag.py:2968} INFO - Setting next_dagrun for example_branch_datetime_operator to 2022-08-02T00:00:00+00:00, run_after=2022-08-03T00:00:00+00:00
[2022-08-04 00:13:19,568] {logging_mixin.py:115} INFO - [2022-08-04 00:13:19,568] {dag.py:2968} INFO - Setting next_dagrun for example_branch_datetime_operator_2 to 2022-08-02T00:00:00+00:00, run_after=2022-08-03T00:00:00+00:00
[2022-08-04 00:13:19,576] {processor.py:161} INFO - Processing /home/ndx/Innowise tasks/Innowise_task_5/airflow_env/lib/python3.8/site-packages/airflow/example_dags/example_branch_datetime_operator.py took 0.040 seconds
[2022-08-04 00:13:53,216] {processor.py:153} INFO - Started process (PID=46936) to work on /home/ndx/Innowise tasks/Innowise_task_5/airflow_env/lib/python3.8/site-packages/airflow/example_dags/example_branch_datetime_operator.py
[2022-08-04 00:13:53,222] {processor.py:641} INFO - Processing file /home/ndx/Innowise tasks/Innowise_task_5/airflow_env/lib/python3.8/site-packages/airflow/example_dags/example_branch_datetime_operator.py for tasks to queue
[2022-08-04 00:13:53,222] {logging_mixin.py:115} INFO - [2022-08-04 00:13:53,222] {dagbag.py:508} INFO - Filling up the DagBag from /home/ndx/Innowise tasks/Innowise_task_5/airflow_env/lib/python3.8/site-packages/airflow/example_dags/example_branch_datetime_operator.py
[2022-08-04 00:13:53,228] {processor.py:651} INFO - DAG(s) dict_keys(['example_branch_datetime_operator', 'example_branch_datetime_operator_2']) retrieved from /home/ndx/Innowise tasks/Innowise_task_5/airflow_env/lib/python3.8/site-packages/airflow/example_dags/example_branch_datetime_operator.py
[2022-08-04 00:13:53,238] {logging_mixin.py:115} INFO - [2022-08-04 00:13:53,238] {dag.py:2420} INFO - Sync 2 DAGs
[2022-08-04 00:13:53,247] {logging_mixin.py:115} INFO - [2022-08-04 00:13:53,247] {dag.py:2968} INFO - Setting next_dagrun for example_branch_datetime_operator to 2022-08-02T00:00:00+00:00, run_after=2022-08-03T00:00:00+00:00
[2022-08-04 00:13:53,248] {logging_mixin.py:115} INFO - [2022-08-04 00:13:53,248] {dag.py:2968} INFO - Setting next_dagrun for example_branch_datetime_operator_2 to 2022-08-02T00:00:00+00:00, run_after=2022-08-03T00:00:00+00:00
[2022-08-04 00:13:53,256] {processor.py:161} INFO - Processing /home/ndx/Innowise tasks/Innowise_task_5/airflow_env/lib/python3.8/site-packages/airflow/example_dags/example_branch_datetime_operator.py took 0.042 seconds
[2022-08-04 00:14:27,314] {processor.py:153} INFO - Started process (PID=47054) to work on /home/ndx/Innowise tasks/Innowise_task_5/airflow_env/lib/python3.8/site-packages/airflow/example_dags/example_branch_datetime_operator.py
[2022-08-04 00:14:27,319] {processor.py:641} INFO - Processing file /home/ndx/Innowise tasks/Innowise_task_5/airflow_env/lib/python3.8/site-packages/airflow/example_dags/example_branch_datetime_operator.py for tasks to queue
[2022-08-04 00:14:27,320] {logging_mixin.py:115} INFO - [2022-08-04 00:14:27,319] {dagbag.py:508} INFO - Filling up the DagBag from /home/ndx/Innowise tasks/Innowise_task_5/airflow_env/lib/python3.8/site-packages/airflow/example_dags/example_branch_datetime_operator.py
[2022-08-04 00:14:27,325] {processor.py:651} INFO - DAG(s) dict_keys(['example_branch_datetime_operator', 'example_branch_datetime_operator_2']) retrieved from /home/ndx/Innowise tasks/Innowise_task_5/airflow_env/lib/python3.8/site-packages/airflow/example_dags/example_branch_datetime_operator.py
[2022-08-04 00:14:27,333] {logging_mixin.py:115} INFO - [2022-08-04 00:14:27,333] {dag.py:2420} INFO - Sync 2 DAGs
[2022-08-04 00:14:27,344] {logging_mixin.py:115} INFO - [2022-08-04 00:14:27,344] {dag.py:2968} INFO - Setting next_dagrun for example_branch_datetime_operator to 2022-08-02T00:00:00+00:00, run_after=2022-08-03T00:00:00+00:00
[2022-08-04 00:14:27,345] {logging_mixin.py:115} INFO - [2022-08-04 00:14:27,345] {dag.py:2968} INFO - Setting next_dagrun for example_branch_datetime_operator_2 to 2022-08-02T00:00:00+00:00, run_after=2022-08-03T00:00:00+00:00
[2022-08-04 00:14:27,353] {processor.py:161} INFO - Processing /home/ndx/Innowise tasks/Innowise_task_5/airflow_env/lib/python3.8/site-packages/airflow/example_dags/example_branch_datetime_operator.py took 0.041 seconds
[2022-08-04 00:15:01,225] {processor.py:153} INFO - Started process (PID=47137) to work on /home/ndx/Innowise tasks/Innowise_task_5/airflow_env/lib/python3.8/site-packages/airflow/example_dags/example_branch_datetime_operator.py
[2022-08-04 00:15:01,231] {processor.py:641} INFO - Processing file /home/ndx/Innowise tasks/Innowise_task_5/airflow_env/lib/python3.8/site-packages/airflow/example_dags/example_branch_datetime_operator.py for tasks to queue
[2022-08-04 00:15:01,231] {logging_mixin.py:115} INFO - [2022-08-04 00:15:01,231] {dagbag.py:508} INFO - Filling up the DagBag from /home/ndx/Innowise tasks/Innowise_task_5/airflow_env/lib/python3.8/site-packages/airflow/example_dags/example_branch_datetime_operator.py
[2022-08-04 00:15:01,238] {processor.py:651} INFO - DAG(s) dict_keys(['example_branch_datetime_operator', 'example_branch_datetime_operator_2']) retrieved from /home/ndx/Innowise tasks/Innowise_task_5/airflow_env/lib/python3.8/site-packages/airflow/example_dags/example_branch_datetime_operator.py
[2022-08-04 00:15:01,250] {logging_mixin.py:115} INFO - [2022-08-04 00:15:01,250] {dag.py:2420} INFO - Sync 2 DAGs
[2022-08-04 00:15:01,260] {logging_mixin.py:115} INFO - [2022-08-04 00:15:01,260] {dag.py:2968} INFO - Setting next_dagrun for example_branch_datetime_operator to 2022-08-02T00:00:00+00:00, run_after=2022-08-03T00:00:00+00:00
[2022-08-04 00:15:01,261] {logging_mixin.py:115} INFO - [2022-08-04 00:15:01,261] {dag.py:2968} INFO - Setting next_dagrun for example_branch_datetime_operator_2 to 2022-08-02T00:00:00+00:00, run_after=2022-08-03T00:00:00+00:00
[2022-08-04 00:15:01,269] {processor.py:161} INFO - Processing /home/ndx/Innowise tasks/Innowise_task_5/airflow_env/lib/python3.8/site-packages/airflow/example_dags/example_branch_datetime_operator.py took 0.046 seconds
[2022-08-04 00:15:39,051] {processor.py:153} INFO - Started process (PID=47238) to work on /home/ndx/Innowise tasks/Innowise_task_5/airflow_env/lib/python3.8/site-packages/airflow/example_dags/example_branch_datetime_operator.py
[2022-08-04 00:15:39,056] {processor.py:641} INFO - Processing file /home/ndx/Innowise tasks/Innowise_task_5/airflow_env/lib/python3.8/site-packages/airflow/example_dags/example_branch_datetime_operator.py for tasks to queue
[2022-08-04 00:15:39,057] {logging_mixin.py:115} INFO - [2022-08-04 00:15:39,057] {dagbag.py:508} INFO - Filling up the DagBag from /home/ndx/Innowise tasks/Innowise_task_5/airflow_env/lib/python3.8/site-packages/airflow/example_dags/example_branch_datetime_operator.py
[2022-08-04 00:15:39,063] {processor.py:651} INFO - DAG(s) dict_keys(['example_branch_datetime_operator', 'example_branch_datetime_operator_2']) retrieved from /home/ndx/Innowise tasks/Innowise_task_5/airflow_env/lib/python3.8/site-packages/airflow/example_dags/example_branch_datetime_operator.py
[2022-08-04 00:15:39,072] {logging_mixin.py:115} INFO - [2022-08-04 00:15:39,072] {dag.py:2420} INFO - Sync 2 DAGs
[2022-08-04 00:15:39,083] {logging_mixin.py:115} INFO - [2022-08-04 00:15:39,083] {dag.py:2968} INFO - Setting next_dagrun for example_branch_datetime_operator to 2022-08-02T00:00:00+00:00, run_after=2022-08-03T00:00:00+00:00
[2022-08-04 00:15:39,084] {logging_mixin.py:115} INFO - [2022-08-04 00:15:39,084] {dag.py:2968} INFO - Setting next_dagrun for example_branch_datetime_operator_2 to 2022-08-02T00:00:00+00:00, run_after=2022-08-03T00:00:00+00:00
[2022-08-04 00:15:39,093] {processor.py:161} INFO - Processing /home/ndx/Innowise tasks/Innowise_task_5/airflow_env/lib/python3.8/site-packages/airflow/example_dags/example_branch_datetime_operator.py took 0.044 seconds
[2022-08-04 00:16:13,879] {processor.py:153} INFO - Started process (PID=47298) to work on /home/ndx/Innowise tasks/Innowise_task_5/airflow_env/lib/python3.8/site-packages/airflow/example_dags/example_branch_datetime_operator.py
[2022-08-04 00:16:13,884] {processor.py:641} INFO - Processing file /home/ndx/Innowise tasks/Innowise_task_5/airflow_env/lib/python3.8/site-packages/airflow/example_dags/example_branch_datetime_operator.py for tasks to queue
[2022-08-04 00:16:13,885] {logging_mixin.py:115} INFO - [2022-08-04 00:16:13,885] {dagbag.py:508} INFO - Filling up the DagBag from /home/ndx/Innowise tasks/Innowise_task_5/airflow_env/lib/python3.8/site-packages/airflow/example_dags/example_branch_datetime_operator.py
[2022-08-04 00:16:13,891] {processor.py:651} INFO - DAG(s) dict_keys(['example_branch_datetime_operator', 'example_branch_datetime_operator_2']) retrieved from /home/ndx/Innowise tasks/Innowise_task_5/airflow_env/lib/python3.8/site-packages/airflow/example_dags/example_branch_datetime_operator.py
[2022-08-04 00:16:13,904] {logging_mixin.py:115} INFO - [2022-08-04 00:16:13,904] {dag.py:2420} INFO - Sync 2 DAGs
[2022-08-04 00:16:13,924] {logging_mixin.py:115} INFO - [2022-08-04 00:16:13,924] {dag.py:2968} INFO - Setting next_dagrun for example_branch_datetime_operator to 2022-08-02T00:00:00+00:00, run_after=2022-08-03T00:00:00+00:00
[2022-08-04 00:16:13,925] {logging_mixin.py:115} INFO - [2022-08-04 00:16:13,925] {dag.py:2968} INFO - Setting next_dagrun for example_branch_datetime_operator_2 to 2022-08-02T00:00:00+00:00, run_after=2022-08-03T00:00:00+00:00
[2022-08-04 00:16:13,934] {processor.py:161} INFO - Processing /home/ndx/Innowise tasks/Innowise_task_5/airflow_env/lib/python3.8/site-packages/airflow/example_dags/example_branch_datetime_operator.py took 0.058 seconds
[2022-08-04 00:16:46,919] {processor.py:153} INFO - Started process (PID=47375) to work on /home/ndx/Innowise tasks/Innowise_task_5/airflow_env/lib/python3.8/site-packages/airflow/example_dags/example_branch_datetime_operator.py
[2022-08-04 00:16:46,924] {processor.py:641} INFO - Processing file /home/ndx/Innowise tasks/Innowise_task_5/airflow_env/lib/python3.8/site-packages/airflow/example_dags/example_branch_datetime_operator.py for tasks to queue
[2022-08-04 00:16:46,925] {logging_mixin.py:115} INFO - [2022-08-04 00:16:46,925] {dagbag.py:508} INFO - Filling up the DagBag from /home/ndx/Innowise tasks/Innowise_task_5/airflow_env/lib/python3.8/site-packages/airflow/example_dags/example_branch_datetime_operator.py
[2022-08-04 00:16:46,930] {processor.py:651} INFO - DAG(s) dict_keys(['example_branch_datetime_operator', 'example_branch_datetime_operator_2']) retrieved from /home/ndx/Innowise tasks/Innowise_task_5/airflow_env/lib/python3.8/site-packages/airflow/example_dags/example_branch_datetime_operator.py
[2022-08-04 00:16:46,939] {logging_mixin.py:115} INFO - [2022-08-04 00:16:46,939] {dag.py:2420} INFO - Sync 2 DAGs
[2022-08-04 00:16:46,950] {logging_mixin.py:115} INFO - [2022-08-04 00:16:46,950] {dag.py:2968} INFO - Setting next_dagrun for example_branch_datetime_operator to 2022-08-02T00:00:00+00:00, run_after=2022-08-03T00:00:00+00:00
[2022-08-04 00:16:46,951] {logging_mixin.py:115} INFO - [2022-08-04 00:16:46,950] {dag.py:2968} INFO - Setting next_dagrun for example_branch_datetime_operator_2 to 2022-08-02T00:00:00+00:00, run_after=2022-08-03T00:00:00+00:00
[2022-08-04 00:16:46,960] {processor.py:161} INFO - Processing /home/ndx/Innowise tasks/Innowise_task_5/airflow_env/lib/python3.8/site-packages/airflow/example_dags/example_branch_datetime_operator.py took 0.043 seconds
[2022-08-04 00:17:22,879] {processor.py:153} INFO - Started process (PID=47477) to work on /home/ndx/Innowise tasks/Innowise_task_5/airflow_env/lib/python3.8/site-packages/airflow/example_dags/example_branch_datetime_operator.py
[2022-08-04 00:17:22,884] {processor.py:641} INFO - Processing file /home/ndx/Innowise tasks/Innowise_task_5/airflow_env/lib/python3.8/site-packages/airflow/example_dags/example_branch_datetime_operator.py for tasks to queue
[2022-08-04 00:17:22,885] {logging_mixin.py:115} INFO - [2022-08-04 00:17:22,885] {dagbag.py:508} INFO - Filling up the DagBag from /home/ndx/Innowise tasks/Innowise_task_5/airflow_env/lib/python3.8/site-packages/airflow/example_dags/example_branch_datetime_operator.py
[2022-08-04 00:17:22,891] {processor.py:651} INFO - DAG(s) dict_keys(['example_branch_datetime_operator', 'example_branch_datetime_operator_2']) retrieved from /home/ndx/Innowise tasks/Innowise_task_5/airflow_env/lib/python3.8/site-packages/airflow/example_dags/example_branch_datetime_operator.py
[2022-08-04 00:17:22,902] {logging_mixin.py:115} INFO - [2022-08-04 00:17:22,902] {dag.py:2420} INFO - Sync 2 DAGs
[2022-08-04 00:17:22,915] {logging_mixin.py:115} INFO - [2022-08-04 00:17:22,915] {dag.py:2968} INFO - Setting next_dagrun for example_branch_datetime_operator to 2022-08-02T00:00:00+00:00, run_after=2022-08-03T00:00:00+00:00
[2022-08-04 00:17:22,916] {logging_mixin.py:115} INFO - [2022-08-04 00:17:22,916] {dag.py:2968} INFO - Setting next_dagrun for example_branch_datetime_operator_2 to 2022-08-02T00:00:00+00:00, run_after=2022-08-03T00:00:00+00:00
[2022-08-04 00:17:22,922] {processor.py:161} INFO - Processing /home/ndx/Innowise tasks/Innowise_task_5/airflow_env/lib/python3.8/site-packages/airflow/example_dags/example_branch_datetime_operator.py took 0.045 seconds
[2022-08-04 00:18:01,517] {processor.py:153} INFO - Started process (PID=47563) to work on /home/ndx/Innowise tasks/Innowise_task_5/airflow_env/lib/python3.8/site-packages/airflow/example_dags/example_branch_datetime_operator.py
[2022-08-04 00:18:01,523] {processor.py:641} INFO - Processing file /home/ndx/Innowise tasks/Innowise_task_5/airflow_env/lib/python3.8/site-packages/airflow/example_dags/example_branch_datetime_operator.py for tasks to queue
[2022-08-04 00:18:01,524] {logging_mixin.py:115} INFO - [2022-08-04 00:18:01,524] {dagbag.py:508} INFO - Filling up the DagBag from /home/ndx/Innowise tasks/Innowise_task_5/airflow_env/lib/python3.8/site-packages/airflow/example_dags/example_branch_datetime_operator.py
[2022-08-04 00:18:01,530] {processor.py:651} INFO - DAG(s) dict_keys(['example_branch_datetime_operator', 'example_branch_datetime_operator_2']) retrieved from /home/ndx/Innowise tasks/Innowise_task_5/airflow_env/lib/python3.8/site-packages/airflow/example_dags/example_branch_datetime_operator.py
[2022-08-04 00:18:01,540] {logging_mixin.py:115} INFO - [2022-08-04 00:18:01,540] {dag.py:2420} INFO - Sync 2 DAGs
[2022-08-04 00:18:01,551] {logging_mixin.py:115} INFO - [2022-08-04 00:18:01,551] {dag.py:2968} INFO - Setting next_dagrun for example_branch_datetime_operator to 2022-08-02T00:00:00+00:00, run_after=2022-08-03T00:00:00+00:00
[2022-08-04 00:18:01,552] {logging_mixin.py:115} INFO - [2022-08-04 00:18:01,552] {dag.py:2968} INFO - Setting next_dagrun for example_branch_datetime_operator_2 to 2022-08-02T00:00:00+00:00, run_after=2022-08-03T00:00:00+00:00
[2022-08-04 00:18:01,561] {processor.py:161} INFO - Processing /home/ndx/Innowise tasks/Innowise_task_5/airflow_env/lib/python3.8/site-packages/airflow/example_dags/example_branch_datetime_operator.py took 0.046 seconds
[2022-08-04 00:18:35,722] {processor.py:153} INFO - Started process (PID=47603) to work on /home/ndx/Innowise tasks/Innowise_task_5/airflow_env/lib/python3.8/site-packages/airflow/example_dags/example_branch_datetime_operator.py
[2022-08-04 00:18:35,727] {processor.py:641} INFO - Processing file /home/ndx/Innowise tasks/Innowise_task_5/airflow_env/lib/python3.8/site-packages/airflow/example_dags/example_branch_datetime_operator.py for tasks to queue
[2022-08-04 00:18:35,728] {logging_mixin.py:115} INFO - [2022-08-04 00:18:35,728] {dagbag.py:508} INFO - Filling up the DagBag from /home/ndx/Innowise tasks/Innowise_task_5/airflow_env/lib/python3.8/site-packages/airflow/example_dags/example_branch_datetime_operator.py
[2022-08-04 00:18:35,734] {processor.py:651} INFO - DAG(s) dict_keys(['example_branch_datetime_operator', 'example_branch_datetime_operator_2']) retrieved from /home/ndx/Innowise tasks/Innowise_task_5/airflow_env/lib/python3.8/site-packages/airflow/example_dags/example_branch_datetime_operator.py
[2022-08-04 00:18:35,745] {logging_mixin.py:115} INFO - [2022-08-04 00:18:35,745] {dag.py:2420} INFO - Sync 2 DAGs
[2022-08-04 00:18:35,757] {logging_mixin.py:115} INFO - [2022-08-04 00:18:35,757] {dag.py:2968} INFO - Setting next_dagrun for example_branch_datetime_operator to 2022-08-02T00:00:00+00:00, run_after=2022-08-03T00:00:00+00:00
[2022-08-04 00:18:35,758] {logging_mixin.py:115} INFO - [2022-08-04 00:18:35,758] {dag.py:2968} INFO - Setting next_dagrun for example_branch_datetime_operator_2 to 2022-08-02T00:00:00+00:00, run_after=2022-08-03T00:00:00+00:00
[2022-08-04 00:18:35,765] {processor.py:161} INFO - Processing /home/ndx/Innowise tasks/Innowise_task_5/airflow_env/lib/python3.8/site-packages/airflow/example_dags/example_branch_datetime_operator.py took 0.046 seconds
[2022-08-04 00:19:11,673] {processor.py:153} INFO - Started process (PID=47766) to work on /home/ndx/Innowise tasks/Innowise_task_5/airflow_env/lib/python3.8/site-packages/airflow/example_dags/example_branch_datetime_operator.py
[2022-08-04 00:19:11,679] {processor.py:641} INFO - Processing file /home/ndx/Innowise tasks/Innowise_task_5/airflow_env/lib/python3.8/site-packages/airflow/example_dags/example_branch_datetime_operator.py for tasks to queue
[2022-08-04 00:19:11,679] {logging_mixin.py:115} INFO - [2022-08-04 00:19:11,679] {dagbag.py:508} INFO - Filling up the DagBag from /home/ndx/Innowise tasks/Innowise_task_5/airflow_env/lib/python3.8/site-packages/airflow/example_dags/example_branch_datetime_operator.py
[2022-08-04 00:19:11,684] {processor.py:651} INFO - DAG(s) dict_keys(['example_branch_datetime_operator', 'example_branch_datetime_operator_2']) retrieved from /home/ndx/Innowise tasks/Innowise_task_5/airflow_env/lib/python3.8/site-packages/airflow/example_dags/example_branch_datetime_operator.py
[2022-08-04 00:19:11,694] {logging_mixin.py:115} INFO - [2022-08-04 00:19:11,694] {dag.py:2420} INFO - Sync 2 DAGs
[2022-08-04 00:19:11,706] {logging_mixin.py:115} INFO - [2022-08-04 00:19:11,705] {dag.py:2968} INFO - Setting next_dagrun for example_branch_datetime_operator to 2022-08-02T00:00:00+00:00, run_after=2022-08-03T00:00:00+00:00
[2022-08-04 00:19:11,706] {logging_mixin.py:115} INFO - [2022-08-04 00:19:11,706] {dag.py:2968} INFO - Setting next_dagrun for example_branch_datetime_operator_2 to 2022-08-02T00:00:00+00:00, run_after=2022-08-03T00:00:00+00:00
[2022-08-04 00:19:11,713] {processor.py:161} INFO - Processing /home/ndx/Innowise tasks/Innowise_task_5/airflow_env/lib/python3.8/site-packages/airflow/example_dags/example_branch_datetime_operator.py took 0.042 seconds
[2022-08-04 00:19:44,204] {processor.py:153} INFO - Started process (PID=47866) to work on /home/ndx/Innowise tasks/Innowise_task_5/airflow_env/lib/python3.8/site-packages/airflow/example_dags/example_branch_datetime_operator.py
[2022-08-04 00:19:44,209] {processor.py:641} INFO - Processing file /home/ndx/Innowise tasks/Innowise_task_5/airflow_env/lib/python3.8/site-packages/airflow/example_dags/example_branch_datetime_operator.py for tasks to queue
[2022-08-04 00:19:44,209] {logging_mixin.py:115} INFO - [2022-08-04 00:19:44,209] {dagbag.py:508} INFO - Filling up the DagBag from /home/ndx/Innowise tasks/Innowise_task_5/airflow_env/lib/python3.8/site-packages/airflow/example_dags/example_branch_datetime_operator.py
[2022-08-04 00:19:44,215] {processor.py:651} INFO - DAG(s) dict_keys(['example_branch_datetime_operator', 'example_branch_datetime_operator_2']) retrieved from /home/ndx/Innowise tasks/Innowise_task_5/airflow_env/lib/python3.8/site-packages/airflow/example_dags/example_branch_datetime_operator.py
[2022-08-04 00:19:44,225] {logging_mixin.py:115} INFO - [2022-08-04 00:19:44,225] {dag.py:2420} INFO - Sync 2 DAGs
[2022-08-04 00:19:44,237] {logging_mixin.py:115} INFO - [2022-08-04 00:19:44,237] {dag.py:2968} INFO - Setting next_dagrun for example_branch_datetime_operator to 2022-08-02T00:00:00+00:00, run_after=2022-08-03T00:00:00+00:00
[2022-08-04 00:19:44,238] {logging_mixin.py:115} INFO - [2022-08-04 00:19:44,238] {dag.py:2968} INFO - Setting next_dagrun for example_branch_datetime_operator_2 to 2022-08-02T00:00:00+00:00, run_after=2022-08-03T00:00:00+00:00
[2022-08-04 00:19:44,245] {processor.py:161} INFO - Processing /home/ndx/Innowise tasks/Innowise_task_5/airflow_env/lib/python3.8/site-packages/airflow/example_dags/example_branch_datetime_operator.py took 0.043 seconds
[2022-08-04 00:20:19,170] {processor.py:153} INFO - Started process (PID=47968) to work on /home/ndx/Innowise tasks/Innowise_task_5/airflow_env/lib/python3.8/site-packages/airflow/example_dags/example_branch_datetime_operator.py
[2022-08-04 00:20:19,175] {processor.py:641} INFO - Processing file /home/ndx/Innowise tasks/Innowise_task_5/airflow_env/lib/python3.8/site-packages/airflow/example_dags/example_branch_datetime_operator.py for tasks to queue
[2022-08-04 00:20:19,176] {logging_mixin.py:115} INFO - [2022-08-04 00:20:19,176] {dagbag.py:508} INFO - Filling up the DagBag from /home/ndx/Innowise tasks/Innowise_task_5/airflow_env/lib/python3.8/site-packages/airflow/example_dags/example_branch_datetime_operator.py
[2022-08-04 00:20:19,181] {processor.py:651} INFO - DAG(s) dict_keys(['example_branch_datetime_operator', 'example_branch_datetime_operator_2']) retrieved from /home/ndx/Innowise tasks/Innowise_task_5/airflow_env/lib/python3.8/site-packages/airflow/example_dags/example_branch_datetime_operator.py
[2022-08-04 00:20:19,189] {logging_mixin.py:115} INFO - [2022-08-04 00:20:19,189] {dag.py:2420} INFO - Sync 2 DAGs
[2022-08-04 00:20:19,200] {logging_mixin.py:115} INFO - [2022-08-04 00:20:19,200] {dag.py:2968} INFO - Setting next_dagrun for example_branch_datetime_operator to 2022-08-02T00:00:00+00:00, run_after=2022-08-03T00:00:00+00:00
[2022-08-04 00:20:19,201] {logging_mixin.py:115} INFO - [2022-08-04 00:20:19,201] {dag.py:2968} INFO - Setting next_dagrun for example_branch_datetime_operator_2 to 2022-08-02T00:00:00+00:00, run_after=2022-08-03T00:00:00+00:00
[2022-08-04 00:20:19,207] {processor.py:161} INFO - Processing /home/ndx/Innowise tasks/Innowise_task_5/airflow_env/lib/python3.8/site-packages/airflow/example_dags/example_branch_datetime_operator.py took 0.039 seconds
[2022-08-04 00:20:51,989] {processor.py:153} INFO - Started process (PID=48025) to work on /home/ndx/Innowise tasks/Innowise_task_5/airflow_env/lib/python3.8/site-packages/airflow/example_dags/example_branch_datetime_operator.py
[2022-08-04 00:20:51,994] {processor.py:641} INFO - Processing file /home/ndx/Innowise tasks/Innowise_task_5/airflow_env/lib/python3.8/site-packages/airflow/example_dags/example_branch_datetime_operator.py for tasks to queue
[2022-08-04 00:20:51,995] {logging_mixin.py:115} INFO - [2022-08-04 00:20:51,995] {dagbag.py:508} INFO - Filling up the DagBag from /home/ndx/Innowise tasks/Innowise_task_5/airflow_env/lib/python3.8/site-packages/airflow/example_dags/example_branch_datetime_operator.py
[2022-08-04 00:20:52,000] {processor.py:651} INFO - DAG(s) dict_keys(['example_branch_datetime_operator', 'example_branch_datetime_operator_2']) retrieved from /home/ndx/Innowise tasks/Innowise_task_5/airflow_env/lib/python3.8/site-packages/airflow/example_dags/example_branch_datetime_operator.py
[2022-08-04 00:20:52,010] {logging_mixin.py:115} INFO - [2022-08-04 00:20:52,010] {dag.py:2420} INFO - Sync 2 DAGs
[2022-08-04 00:20:52,021] {logging_mixin.py:115} INFO - [2022-08-04 00:20:52,021] {dag.py:2968} INFO - Setting next_dagrun for example_branch_datetime_operator to 2022-08-02T00:00:00+00:00, run_after=2022-08-03T00:00:00+00:00
[2022-08-04 00:20:52,022] {logging_mixin.py:115} INFO - [2022-08-04 00:20:52,022] {dag.py:2968} INFO - Setting next_dagrun for example_branch_datetime_operator_2 to 2022-08-02T00:00:00+00:00, run_after=2022-08-03T00:00:00+00:00
[2022-08-04 00:20:52,028] {processor.py:161} INFO - Processing /home/ndx/Innowise tasks/Innowise_task_5/airflow_env/lib/python3.8/site-packages/airflow/example_dags/example_branch_datetime_operator.py took 0.041 seconds
[2022-08-04 00:21:24,925] {processor.py:153} INFO - Started process (PID=48140) to work on /home/ndx/Innowise tasks/Innowise_task_5/airflow_env/lib/python3.8/site-packages/airflow/example_dags/example_branch_datetime_operator.py
[2022-08-04 00:21:24,931] {processor.py:641} INFO - Processing file /home/ndx/Innowise tasks/Innowise_task_5/airflow_env/lib/python3.8/site-packages/airflow/example_dags/example_branch_datetime_operator.py for tasks to queue
[2022-08-04 00:21:24,931] {logging_mixin.py:115} INFO - [2022-08-04 00:21:24,931] {dagbag.py:508} INFO - Filling up the DagBag from /home/ndx/Innowise tasks/Innowise_task_5/airflow_env/lib/python3.8/site-packages/airflow/example_dags/example_branch_datetime_operator.py
[2022-08-04 00:21:24,938] {processor.py:651} INFO - DAG(s) dict_keys(['example_branch_datetime_operator', 'example_branch_datetime_operator_2']) retrieved from /home/ndx/Innowise tasks/Innowise_task_5/airflow_env/lib/python3.8/site-packages/airflow/example_dags/example_branch_datetime_operator.py
[2022-08-04 00:21:24,949] {logging_mixin.py:115} INFO - [2022-08-04 00:21:24,948] {dag.py:2420} INFO - Sync 2 DAGs
[2022-08-04 00:21:24,961] {logging_mixin.py:115} INFO - [2022-08-04 00:21:24,961] {dag.py:2968} INFO - Setting next_dagrun for example_branch_datetime_operator to 2022-08-02T00:00:00+00:00, run_after=2022-08-03T00:00:00+00:00
[2022-08-04 00:21:24,962] {logging_mixin.py:115} INFO - [2022-08-04 00:21:24,961] {dag.py:2968} INFO - Setting next_dagrun for example_branch_datetime_operator_2 to 2022-08-02T00:00:00+00:00, run_after=2022-08-03T00:00:00+00:00
[2022-08-04 00:21:24,970] {processor.py:161} INFO - Processing /home/ndx/Innowise tasks/Innowise_task_5/airflow_env/lib/python3.8/site-packages/airflow/example_dags/example_branch_datetime_operator.py took 0.047 seconds
[2022-08-04 00:21:59,828] {processor.py:153} INFO - Started process (PID=48184) to work on /home/ndx/Innowise tasks/Innowise_task_5/airflow_env/lib/python3.8/site-packages/airflow/example_dags/example_branch_datetime_operator.py
[2022-08-04 00:21:59,834] {processor.py:641} INFO - Processing file /home/ndx/Innowise tasks/Innowise_task_5/airflow_env/lib/python3.8/site-packages/airflow/example_dags/example_branch_datetime_operator.py for tasks to queue
[2022-08-04 00:21:59,834] {logging_mixin.py:115} INFO - [2022-08-04 00:21:59,834] {dagbag.py:508} INFO - Filling up the DagBag from /home/ndx/Innowise tasks/Innowise_task_5/airflow_env/lib/python3.8/site-packages/airflow/example_dags/example_branch_datetime_operator.py
[2022-08-04 00:21:59,838] {processor.py:651} INFO - DAG(s) dict_keys(['example_branch_datetime_operator', 'example_branch_datetime_operator_2']) retrieved from /home/ndx/Innowise tasks/Innowise_task_5/airflow_env/lib/python3.8/site-packages/airflow/example_dags/example_branch_datetime_operator.py
[2022-08-04 00:21:59,846] {logging_mixin.py:115} INFO - [2022-08-04 00:21:59,846] {dag.py:2420} INFO - Sync 2 DAGs
[2022-08-04 00:21:59,856] {logging_mixin.py:115} INFO - [2022-08-04 00:21:59,856] {dag.py:2968} INFO - Setting next_dagrun for example_branch_datetime_operator to 2022-08-02T00:00:00+00:00, run_after=2022-08-03T00:00:00+00:00
[2022-08-04 00:21:59,857] {logging_mixin.py:115} INFO - [2022-08-04 00:21:59,857] {dag.py:2968} INFO - Setting next_dagrun for example_branch_datetime_operator_2 to 2022-08-02T00:00:00+00:00, run_after=2022-08-03T00:00:00+00:00
[2022-08-04 00:21:59,864] {processor.py:161} INFO - Processing /home/ndx/Innowise tasks/Innowise_task_5/airflow_env/lib/python3.8/site-packages/airflow/example_dags/example_branch_datetime_operator.py took 0.037 seconds
[2022-08-04 00:22:34,680] {processor.py:153} INFO - Started process (PID=48257) to work on /home/ndx/Innowise tasks/Innowise_task_5/airflow_env/lib/python3.8/site-packages/airflow/example_dags/example_branch_datetime_operator.py
[2022-08-04 00:22:34,685] {processor.py:641} INFO - Processing file /home/ndx/Innowise tasks/Innowise_task_5/airflow_env/lib/python3.8/site-packages/airflow/example_dags/example_branch_datetime_operator.py for tasks to queue
[2022-08-04 00:22:34,685] {logging_mixin.py:115} INFO - [2022-08-04 00:22:34,685] {dagbag.py:508} INFO - Filling up the DagBag from /home/ndx/Innowise tasks/Innowise_task_5/airflow_env/lib/python3.8/site-packages/airflow/example_dags/example_branch_datetime_operator.py
[2022-08-04 00:22:34,691] {processor.py:651} INFO - DAG(s) dict_keys(['example_branch_datetime_operator', 'example_branch_datetime_operator_2']) retrieved from /home/ndx/Innowise tasks/Innowise_task_5/airflow_env/lib/python3.8/site-packages/airflow/example_dags/example_branch_datetime_operator.py
[2022-08-04 00:22:34,700] {logging_mixin.py:115} INFO - [2022-08-04 00:22:34,700] {dag.py:2420} INFO - Sync 2 DAGs
[2022-08-04 00:22:34,712] {logging_mixin.py:115} INFO - [2022-08-04 00:22:34,711] {dag.py:2968} INFO - Setting next_dagrun for example_branch_datetime_operator to 2022-08-02T00:00:00+00:00, run_after=2022-08-03T00:00:00+00:00
[2022-08-04 00:22:34,712] {logging_mixin.py:115} INFO - [2022-08-04 00:22:34,712] {dag.py:2968} INFO - Setting next_dagrun for example_branch_datetime_operator_2 to 2022-08-02T00:00:00+00:00, run_after=2022-08-03T00:00:00+00:00
[2022-08-04 00:22:34,720] {processor.py:161} INFO - Processing /home/ndx/Innowise tasks/Innowise_task_5/airflow_env/lib/python3.8/site-packages/airflow/example_dags/example_branch_datetime_operator.py took 0.043 seconds
[2022-08-04 00:23:10,641] {processor.py:153} INFO - Started process (PID=48311) to work on /home/ndx/Innowise tasks/Innowise_task_5/airflow_env/lib/python3.8/site-packages/airflow/example_dags/example_branch_datetime_operator.py
[2022-08-04 00:23:10,646] {processor.py:641} INFO - Processing file /home/ndx/Innowise tasks/Innowise_task_5/airflow_env/lib/python3.8/site-packages/airflow/example_dags/example_branch_datetime_operator.py for tasks to queue
[2022-08-04 00:23:10,647] {logging_mixin.py:115} INFO - [2022-08-04 00:23:10,647] {dagbag.py:508} INFO - Filling up the DagBag from /home/ndx/Innowise tasks/Innowise_task_5/airflow_env/lib/python3.8/site-packages/airflow/example_dags/example_branch_datetime_operator.py
[2022-08-04 00:23:10,653] {processor.py:651} INFO - DAG(s) dict_keys(['example_branch_datetime_operator', 'example_branch_datetime_operator_2']) retrieved from /home/ndx/Innowise tasks/Innowise_task_5/airflow_env/lib/python3.8/site-packages/airflow/example_dags/example_branch_datetime_operator.py
[2022-08-04 00:23:10,662] {logging_mixin.py:115} INFO - [2022-08-04 00:23:10,662] {dag.py:2420} INFO - Sync 2 DAGs
[2022-08-04 00:23:10,673] {logging_mixin.py:115} INFO - [2022-08-04 00:23:10,673] {dag.py:2968} INFO - Setting next_dagrun for example_branch_datetime_operator to 2022-08-02T00:00:00+00:00, run_after=2022-08-03T00:00:00+00:00
[2022-08-04 00:23:10,674] {logging_mixin.py:115} INFO - [2022-08-04 00:23:10,674] {dag.py:2968} INFO - Setting next_dagrun for example_branch_datetime_operator_2 to 2022-08-02T00:00:00+00:00, run_after=2022-08-03T00:00:00+00:00
[2022-08-04 00:23:10,683] {processor.py:161} INFO - Processing /home/ndx/Innowise tasks/Innowise_task_5/airflow_env/lib/python3.8/site-packages/airflow/example_dags/example_branch_datetime_operator.py took 0.044 seconds
[2022-08-04 00:24:00,425] {processor.py:153} INFO - Started process (PID=48453) to work on /home/ndx/Innowise tasks/Innowise_task_5/airflow_env/lib/python3.8/site-packages/airflow/example_dags/example_branch_datetime_operator.py
[2022-08-04 00:24:00,430] {processor.py:641} INFO - Processing file /home/ndx/Innowise tasks/Innowise_task_5/airflow_env/lib/python3.8/site-packages/airflow/example_dags/example_branch_datetime_operator.py for tasks to queue
[2022-08-04 00:24:00,431] {logging_mixin.py:115} INFO - [2022-08-04 00:24:00,430] {dagbag.py:508} INFO - Filling up the DagBag from /home/ndx/Innowise tasks/Innowise_task_5/airflow_env/lib/python3.8/site-packages/airflow/example_dags/example_branch_datetime_operator.py
[2022-08-04 00:24:00,436] {processor.py:651} INFO - DAG(s) dict_keys(['example_branch_datetime_operator', 'example_branch_datetime_operator_2']) retrieved from /home/ndx/Innowise tasks/Innowise_task_5/airflow_env/lib/python3.8/site-packages/airflow/example_dags/example_branch_datetime_operator.py
[2022-08-04 00:24:00,446] {logging_mixin.py:115} INFO - [2022-08-04 00:24:00,446] {dag.py:2420} INFO - Sync 2 DAGs
[2022-08-04 00:24:00,456] {logging_mixin.py:115} INFO - [2022-08-04 00:24:00,456] {dag.py:2968} INFO - Setting next_dagrun for example_branch_datetime_operator to 2022-08-02T00:00:00+00:00, run_after=2022-08-03T00:00:00+00:00
[2022-08-04 00:24:00,457] {logging_mixin.py:115} INFO - [2022-08-04 00:24:00,457] {dag.py:2968} INFO - Setting next_dagrun for example_branch_datetime_operator_2 to 2022-08-02T00:00:00+00:00, run_after=2022-08-03T00:00:00+00:00
[2022-08-04 00:24:00,463] {processor.py:161} INFO - Processing /home/ndx/Innowise tasks/Innowise_task_5/airflow_env/lib/python3.8/site-packages/airflow/example_dags/example_branch_datetime_operator.py took 0.040 seconds
