[2022-08-04 00:00:33,635] {processor.py:153} INFO - Started process (PID=44856) to work on /home/ndx/Innowise tasks/Innowise_task_5/airflow_env/lib/python3.8/site-packages/airflow/example_dags/example_latest_only_with_trigger.py
[2022-08-04 00:00:33,635] {processor.py:641} INFO - Processing file /home/ndx/Innowise tasks/Innowise_task_5/airflow_env/lib/python3.8/site-packages/airflow/example_dags/example_latest_only_with_trigger.py for tasks to queue
[2022-08-04 00:00:33,635] {logging_mixin.py:115} INFO - [2022-08-04 00:00:33,635] {dagbag.py:508} INFO - Filling up the DagBag from /home/ndx/Innowise tasks/Innowise_task_5/airflow_env/lib/python3.8/site-packages/airflow/example_dags/example_latest_only_with_trigger.py
[2022-08-04 00:00:33,638] {processor.py:651} INFO - DAG(s) dict_keys(['latest_only_with_trigger']) retrieved from /home/ndx/Innowise tasks/Innowise_task_5/airflow_env/lib/python3.8/site-packages/airflow/example_dags/example_latest_only_with_trigger.py
[2022-08-04 00:00:33,646] {logging_mixin.py:115} INFO - [2022-08-04 00:00:33,646] {dag.py:2420} INFO - Sync 1 DAGs
[2022-08-04 00:00:33,654] {logging_mixin.py:115} INFO - [2022-08-04 00:00:33,654] {dag.py:2968} INFO - Setting next_dagrun for latest_only_with_trigger to 2022-08-03T17:00:33.654225+00:00, run_after=2022-08-03T21:00:33.654225+00:00
[2022-08-04 00:00:33,667] {processor.py:161} INFO - Processing /home/ndx/Innowise tasks/Innowise_task_5/airflow_env/lib/python3.8/site-packages/airflow/example_dags/example_latest_only_with_trigger.py took 0.033 seconds
[2022-08-04 00:01:04,436] {processor.py:153} INFO - Started process (PID=44997) to work on /home/ndx/Innowise tasks/Innowise_task_5/airflow_env/lib/python3.8/site-packages/airflow/example_dags/example_latest_only_with_trigger.py
[2022-08-04 00:01:04,442] {processor.py:641} INFO - Processing file /home/ndx/Innowise tasks/Innowise_task_5/airflow_env/lib/python3.8/site-packages/airflow/example_dags/example_latest_only_with_trigger.py for tasks to queue
[2022-08-04 00:01:04,443] {logging_mixin.py:115} INFO - [2022-08-04 00:01:04,443] {dagbag.py:508} INFO - Filling up the DagBag from /home/ndx/Innowise tasks/Innowise_task_5/airflow_env/lib/python3.8/site-packages/airflow/example_dags/example_latest_only_with_trigger.py
[2022-08-04 00:01:04,446] {processor.py:651} INFO - DAG(s) dict_keys(['latest_only_with_trigger']) retrieved from /home/ndx/Innowise tasks/Innowise_task_5/airflow_env/lib/python3.8/site-packages/airflow/example_dags/example_latest_only_with_trigger.py
[2022-08-04 00:01:04,453] {logging_mixin.py:115} INFO - [2022-08-04 00:01:04,453] {dag.py:2420} INFO - Sync 1 DAGs
[2022-08-04 00:01:04,460] {logging_mixin.py:115} INFO - [2022-08-04 00:01:04,460] {dag.py:2968} INFO - Setting next_dagrun for latest_only_with_trigger to 2022-08-03T17:01:04.460555+00:00, run_after=2022-08-03T21:01:04.460555+00:00
[2022-08-04 00:01:04,468] {processor.py:161} INFO - Processing /home/ndx/Innowise tasks/Innowise_task_5/airflow_env/lib/python3.8/site-packages/airflow/example_dags/example_latest_only_with_trigger.py took 0.032 seconds
[2022-08-04 00:01:41,626] {processor.py:153} INFO - Started process (PID=45098) to work on /home/ndx/Innowise tasks/Innowise_task_5/airflow_env/lib/python3.8/site-packages/airflow/example_dags/example_latest_only_with_trigger.py
[2022-08-04 00:01:41,631] {processor.py:641} INFO - Processing file /home/ndx/Innowise tasks/Innowise_task_5/airflow_env/lib/python3.8/site-packages/airflow/example_dags/example_latest_only_with_trigger.py for tasks to queue
[2022-08-04 00:01:41,631] {logging_mixin.py:115} INFO - [2022-08-04 00:01:41,631] {dagbag.py:508} INFO - Filling up the DagBag from /home/ndx/Innowise tasks/Innowise_task_5/airflow_env/lib/python3.8/site-packages/airflow/example_dags/example_latest_only_with_trigger.py
[2022-08-04 00:01:41,635] {processor.py:651} INFO - DAG(s) dict_keys(['latest_only_with_trigger']) retrieved from /home/ndx/Innowise tasks/Innowise_task_5/airflow_env/lib/python3.8/site-packages/airflow/example_dags/example_latest_only_with_trigger.py
[2022-08-04 00:01:41,644] {logging_mixin.py:115} INFO - [2022-08-04 00:01:41,644] {dag.py:2420} INFO - Sync 1 DAGs
[2022-08-04 00:01:41,653] {logging_mixin.py:115} INFO - [2022-08-04 00:01:41,653] {dag.py:2968} INFO - Setting next_dagrun for latest_only_with_trigger to 2022-08-03T17:01:41.653721+00:00, run_after=2022-08-03T21:01:41.653721+00:00
[2022-08-04 00:01:41,661] {processor.py:161} INFO - Processing /home/ndx/Innowise tasks/Innowise_task_5/airflow_env/lib/python3.8/site-packages/airflow/example_dags/example_latest_only_with_trigger.py took 0.037 seconds
[2022-08-04 00:02:15,527] {processor.py:153} INFO - Started process (PID=45260) to work on /home/ndx/Innowise tasks/Innowise_task_5/airflow_env/lib/python3.8/site-packages/airflow/example_dags/example_latest_only_with_trigger.py
[2022-08-04 00:02:15,532] {processor.py:641} INFO - Processing file /home/ndx/Innowise tasks/Innowise_task_5/airflow_env/lib/python3.8/site-packages/airflow/example_dags/example_latest_only_with_trigger.py for tasks to queue
[2022-08-04 00:02:15,533] {logging_mixin.py:115} INFO - [2022-08-04 00:02:15,533] {dagbag.py:508} INFO - Filling up the DagBag from /home/ndx/Innowise tasks/Innowise_task_5/airflow_env/lib/python3.8/site-packages/airflow/example_dags/example_latest_only_with_trigger.py
[2022-08-04 00:02:15,537] {processor.py:651} INFO - DAG(s) dict_keys(['latest_only_with_trigger']) retrieved from /home/ndx/Innowise tasks/Innowise_task_5/airflow_env/lib/python3.8/site-packages/airflow/example_dags/example_latest_only_with_trigger.py
[2022-08-04 00:02:15,545] {logging_mixin.py:115} INFO - [2022-08-04 00:02:15,545] {dag.py:2420} INFO - Sync 1 DAGs
[2022-08-04 00:02:15,554] {logging_mixin.py:115} INFO - [2022-08-04 00:02:15,554] {dag.py:2968} INFO - Setting next_dagrun for latest_only_with_trigger to 2022-08-03T17:02:15.554306+00:00, run_after=2022-08-03T21:02:15.554306+00:00
[2022-08-04 00:02:15,560] {processor.py:161} INFO - Processing /home/ndx/Innowise tasks/Innowise_task_5/airflow_env/lib/python3.8/site-packages/airflow/example_dags/example_latest_only_with_trigger.py took 0.035 seconds
[2022-08-04 00:02:50,379] {processor.py:153} INFO - Started process (PID=45336) to work on /home/ndx/Innowise tasks/Innowise_task_5/airflow_env/lib/python3.8/site-packages/airflow/example_dags/example_latest_only_with_trigger.py
[2022-08-04 00:02:50,385] {processor.py:641} INFO - Processing file /home/ndx/Innowise tasks/Innowise_task_5/airflow_env/lib/python3.8/site-packages/airflow/example_dags/example_latest_only_with_trigger.py for tasks to queue
[2022-08-04 00:02:50,385] {logging_mixin.py:115} INFO - [2022-08-04 00:02:50,385] {dagbag.py:508} INFO - Filling up the DagBag from /home/ndx/Innowise tasks/Innowise_task_5/airflow_env/lib/python3.8/site-packages/airflow/example_dags/example_latest_only_with_trigger.py
[2022-08-04 00:02:50,389] {processor.py:651} INFO - DAG(s) dict_keys(['latest_only_with_trigger']) retrieved from /home/ndx/Innowise tasks/Innowise_task_5/airflow_env/lib/python3.8/site-packages/airflow/example_dags/example_latest_only_with_trigger.py
[2022-08-04 00:02:50,398] {logging_mixin.py:115} INFO - [2022-08-04 00:02:50,398] {dag.py:2420} INFO - Sync 1 DAGs
[2022-08-04 00:02:50,407] {logging_mixin.py:115} INFO - [2022-08-04 00:02:50,407] {dag.py:2968} INFO - Setting next_dagrun for latest_only_with_trigger to 2022-08-03T17:02:50.407245+00:00, run_after=2022-08-03T21:02:50.407245+00:00
[2022-08-04 00:02:50,417] {processor.py:161} INFO - Processing /home/ndx/Innowise tasks/Innowise_task_5/airflow_env/lib/python3.8/site-packages/airflow/example_dags/example_latest_only_with_trigger.py took 0.039 seconds
[2022-08-04 00:03:24,733] {processor.py:153} INFO - Started process (PID=45384) to work on /home/ndx/Innowise tasks/Innowise_task_5/airflow_env/lib/python3.8/site-packages/airflow/example_dags/example_latest_only_with_trigger.py
[2022-08-04 00:03:24,738] {processor.py:641} INFO - Processing file /home/ndx/Innowise tasks/Innowise_task_5/airflow_env/lib/python3.8/site-packages/airflow/example_dags/example_latest_only_with_trigger.py for tasks to queue
[2022-08-04 00:03:24,739] {logging_mixin.py:115} INFO - [2022-08-04 00:03:24,739] {dagbag.py:508} INFO - Filling up the DagBag from /home/ndx/Innowise tasks/Innowise_task_5/airflow_env/lib/python3.8/site-packages/airflow/example_dags/example_latest_only_with_trigger.py
[2022-08-04 00:03:24,742] {processor.py:651} INFO - DAG(s) dict_keys(['latest_only_with_trigger']) retrieved from /home/ndx/Innowise tasks/Innowise_task_5/airflow_env/lib/python3.8/site-packages/airflow/example_dags/example_latest_only_with_trigger.py
[2022-08-04 00:03:24,749] {logging_mixin.py:115} INFO - [2022-08-04 00:03:24,749] {dag.py:2420} INFO - Sync 1 DAGs
[2022-08-04 00:03:24,756] {logging_mixin.py:115} INFO - [2022-08-04 00:03:24,756] {dag.py:2968} INFO - Setting next_dagrun for latest_only_with_trigger to 2022-08-03T17:03:24.756611+00:00, run_after=2022-08-03T21:03:24.756611+00:00
[2022-08-04 00:03:24,762] {processor.py:161} INFO - Processing /home/ndx/Innowise tasks/Innowise_task_5/airflow_env/lib/python3.8/site-packages/airflow/example_dags/example_latest_only_with_trigger.py took 0.030 seconds
[2022-08-04 00:04:00,564] {processor.py:153} INFO - Started process (PID=45465) to work on /home/ndx/Innowise tasks/Innowise_task_5/airflow_env/lib/python3.8/site-packages/airflow/example_dags/example_latest_only_with_trigger.py
[2022-08-04 00:04:00,570] {processor.py:641} INFO - Processing file /home/ndx/Innowise tasks/Innowise_task_5/airflow_env/lib/python3.8/site-packages/airflow/example_dags/example_latest_only_with_trigger.py for tasks to queue
[2022-08-04 00:04:00,570] {logging_mixin.py:115} INFO - [2022-08-04 00:04:00,570] {dagbag.py:508} INFO - Filling up the DagBag from /home/ndx/Innowise tasks/Innowise_task_5/airflow_env/lib/python3.8/site-packages/airflow/example_dags/example_latest_only_with_trigger.py
[2022-08-04 00:04:00,574] {processor.py:651} INFO - DAG(s) dict_keys(['latest_only_with_trigger']) retrieved from /home/ndx/Innowise tasks/Innowise_task_5/airflow_env/lib/python3.8/site-packages/airflow/example_dags/example_latest_only_with_trigger.py
[2022-08-04 00:04:00,583] {logging_mixin.py:115} INFO - [2022-08-04 00:04:00,583] {dag.py:2420} INFO - Sync 1 DAGs
[2022-08-04 00:04:00,592] {logging_mixin.py:115} INFO - [2022-08-04 00:04:00,592] {dag.py:2968} INFO - Setting next_dagrun for latest_only_with_trigger to 2022-08-03T17:04:00.591951+00:00, run_after=2022-08-03T21:04:00.591951+00:00
[2022-08-04 00:04:00,598] {processor.py:161} INFO - Processing /home/ndx/Innowise tasks/Innowise_task_5/airflow_env/lib/python3.8/site-packages/airflow/example_dags/example_latest_only_with_trigger.py took 0.035 seconds
[2022-08-04 00:04:34,544] {processor.py:153} INFO - Started process (PID=45523) to work on /home/ndx/Innowise tasks/Innowise_task_5/airflow_env/lib/python3.8/site-packages/airflow/example_dags/example_latest_only_with_trigger.py
[2022-08-04 00:04:34,549] {processor.py:641} INFO - Processing file /home/ndx/Innowise tasks/Innowise_task_5/airflow_env/lib/python3.8/site-packages/airflow/example_dags/example_latest_only_with_trigger.py for tasks to queue
[2022-08-04 00:04:34,550] {logging_mixin.py:115} INFO - [2022-08-04 00:04:34,550] {dagbag.py:508} INFO - Filling up the DagBag from /home/ndx/Innowise tasks/Innowise_task_5/airflow_env/lib/python3.8/site-packages/airflow/example_dags/example_latest_only_with_trigger.py
[2022-08-04 00:04:34,554] {processor.py:651} INFO - DAG(s) dict_keys(['latest_only_with_trigger']) retrieved from /home/ndx/Innowise tasks/Innowise_task_5/airflow_env/lib/python3.8/site-packages/airflow/example_dags/example_latest_only_with_trigger.py
[2022-08-04 00:04:34,563] {logging_mixin.py:115} INFO - [2022-08-04 00:04:34,563] {dag.py:2420} INFO - Sync 1 DAGs
[2022-08-04 00:04:34,572] {logging_mixin.py:115} INFO - [2022-08-04 00:04:34,572] {dag.py:2968} INFO - Setting next_dagrun for latest_only_with_trigger to 2022-08-03T17:04:34.572061+00:00, run_after=2022-08-03T21:04:34.572061+00:00
[2022-08-04 00:04:34,578] {processor.py:161} INFO - Processing /home/ndx/Innowise tasks/Innowise_task_5/airflow_env/lib/python3.8/site-packages/airflow/example_dags/example_latest_only_with_trigger.py took 0.036 seconds
[2022-08-04 00:05:07,633] {processor.py:153} INFO - Started process (PID=45657) to work on /home/ndx/Innowise tasks/Innowise_task_5/airflow_env/lib/python3.8/site-packages/airflow/example_dags/example_latest_only_with_trigger.py
[2022-08-04 00:05:07,639] {processor.py:641} INFO - Processing file /home/ndx/Innowise tasks/Innowise_task_5/airflow_env/lib/python3.8/site-packages/airflow/example_dags/example_latest_only_with_trigger.py for tasks to queue
[2022-08-04 00:05:07,639] {logging_mixin.py:115} INFO - [2022-08-04 00:05:07,639] {dagbag.py:508} INFO - Filling up the DagBag from /home/ndx/Innowise tasks/Innowise_task_5/airflow_env/lib/python3.8/site-packages/airflow/example_dags/example_latest_only_with_trigger.py
[2022-08-04 00:05:07,642] {processor.py:651} INFO - DAG(s) dict_keys(['latest_only_with_trigger']) retrieved from /home/ndx/Innowise tasks/Innowise_task_5/airflow_env/lib/python3.8/site-packages/airflow/example_dags/example_latest_only_with_trigger.py
[2022-08-04 00:05:07,652] {logging_mixin.py:115} INFO - [2022-08-04 00:05:07,652] {dag.py:2420} INFO - Sync 1 DAGs
[2022-08-04 00:05:07,662] {logging_mixin.py:115} INFO - [2022-08-04 00:05:07,662] {dag.py:2968} INFO - Setting next_dagrun for latest_only_with_trigger to 2022-08-03T17:05:07.662627+00:00, run_after=2022-08-03T21:05:07.662627+00:00
[2022-08-04 00:05:07,670] {processor.py:161} INFO - Processing /home/ndx/Innowise tasks/Innowise_task_5/airflow_env/lib/python3.8/site-packages/airflow/example_dags/example_latest_only_with_trigger.py took 0.038 seconds
[2022-08-04 00:05:41,490] {processor.py:153} INFO - Started process (PID=45785) to work on /home/ndx/Innowise tasks/Innowise_task_5/airflow_env/lib/python3.8/site-packages/airflow/example_dags/example_latest_only_with_trigger.py
[2022-08-04 00:05:41,495] {processor.py:641} INFO - Processing file /home/ndx/Innowise tasks/Innowise_task_5/airflow_env/lib/python3.8/site-packages/airflow/example_dags/example_latest_only_with_trigger.py for tasks to queue
[2022-08-04 00:05:41,496] {logging_mixin.py:115} INFO - [2022-08-04 00:05:41,496] {dagbag.py:508} INFO - Filling up the DagBag from /home/ndx/Innowise tasks/Innowise_task_5/airflow_env/lib/python3.8/site-packages/airflow/example_dags/example_latest_only_with_trigger.py
[2022-08-04 00:05:41,500] {processor.py:651} INFO - DAG(s) dict_keys(['latest_only_with_trigger']) retrieved from /home/ndx/Innowise tasks/Innowise_task_5/airflow_env/lib/python3.8/site-packages/airflow/example_dags/example_latest_only_with_trigger.py
[2022-08-04 00:05:41,509] {logging_mixin.py:115} INFO - [2022-08-04 00:05:41,509] {dag.py:2420} INFO - Sync 1 DAGs
[2022-08-04 00:05:41,518] {logging_mixin.py:115} INFO - [2022-08-04 00:05:41,517] {dag.py:2968} INFO - Setting next_dagrun for latest_only_with_trigger to 2022-08-03T17:05:41.517793+00:00, run_after=2022-08-03T21:05:41.517793+00:00
[2022-08-04 00:05:41,525] {processor.py:161} INFO - Processing /home/ndx/Innowise tasks/Innowise_task_5/airflow_env/lib/python3.8/site-packages/airflow/example_dags/example_latest_only_with_trigger.py took 0.037 seconds
[2022-08-04 00:06:15,214] {processor.py:153} INFO - Started process (PID=45857) to work on /home/ndx/Innowise tasks/Innowise_task_5/airflow_env/lib/python3.8/site-packages/airflow/example_dags/example_latest_only_with_trigger.py
[2022-08-04 00:06:15,215] {processor.py:641} INFO - Processing file /home/ndx/Innowise tasks/Innowise_task_5/airflow_env/lib/python3.8/site-packages/airflow/example_dags/example_latest_only_with_trigger.py for tasks to queue
[2022-08-04 00:06:15,215] {logging_mixin.py:115} INFO - [2022-08-04 00:06:15,215] {dagbag.py:508} INFO - Filling up the DagBag from /home/ndx/Innowise tasks/Innowise_task_5/airflow_env/lib/python3.8/site-packages/airflow/example_dags/example_latest_only_with_trigger.py
[2022-08-04 00:06:15,219] {processor.py:651} INFO - DAG(s) dict_keys(['latest_only_with_trigger']) retrieved from /home/ndx/Innowise tasks/Innowise_task_5/airflow_env/lib/python3.8/site-packages/airflow/example_dags/example_latest_only_with_trigger.py
[2022-08-04 00:06:15,233] {logging_mixin.py:115} INFO - [2022-08-04 00:06:15,233] {dag.py:2420} INFO - Sync 1 DAGs
[2022-08-04 00:06:15,251] {logging_mixin.py:115} INFO - [2022-08-04 00:06:15,251] {dag.py:2968} INFO - Setting next_dagrun for latest_only_with_trigger to 2022-08-03T17:06:15.251344+00:00, run_after=2022-08-03T21:06:15.251344+00:00
[2022-08-04 00:06:15,267] {processor.py:161} INFO - Processing /home/ndx/Innowise tasks/Innowise_task_5/airflow_env/lib/python3.8/site-packages/airflow/example_dags/example_latest_only_with_trigger.py took 0.055 seconds
[2022-08-04 00:06:50,009] {processor.py:153} INFO - Started process (PID=45956) to work on /home/ndx/Innowise tasks/Innowise_task_5/airflow_env/lib/python3.8/site-packages/airflow/example_dags/example_latest_only_with_trigger.py
[2022-08-04 00:06:50,011] {processor.py:641} INFO - Processing file /home/ndx/Innowise tasks/Innowise_task_5/airflow_env/lib/python3.8/site-packages/airflow/example_dags/example_latest_only_with_trigger.py for tasks to queue
[2022-08-04 00:06:50,011] {logging_mixin.py:115} INFO - [2022-08-04 00:06:50,011] {dagbag.py:508} INFO - Filling up the DagBag from /home/ndx/Innowise tasks/Innowise_task_5/airflow_env/lib/python3.8/site-packages/airflow/example_dags/example_latest_only_with_trigger.py
[2022-08-04 00:06:50,014] {processor.py:651} INFO - DAG(s) dict_keys(['latest_only_with_trigger']) retrieved from /home/ndx/Innowise tasks/Innowise_task_5/airflow_env/lib/python3.8/site-packages/airflow/example_dags/example_latest_only_with_trigger.py
[2022-08-04 00:06:50,024] {logging_mixin.py:115} INFO - [2022-08-04 00:06:50,024] {dag.py:2420} INFO - Sync 1 DAGs
[2022-08-04 00:06:50,033] {logging_mixin.py:115} INFO - [2022-08-04 00:06:50,033] {dag.py:2968} INFO - Setting next_dagrun for latest_only_with_trigger to 2022-08-03T17:06:50.033390+00:00, run_after=2022-08-03T21:06:50.033390+00:00
[2022-08-04 00:06:50,041] {processor.py:161} INFO - Processing /home/ndx/Innowise tasks/Innowise_task_5/airflow_env/lib/python3.8/site-packages/airflow/example_dags/example_latest_only_with_trigger.py took 0.034 seconds
[2022-08-04 00:07:23,100] {processor.py:153} INFO - Started process (PID=46031) to work on /home/ndx/Innowise tasks/Innowise_task_5/airflow_env/lib/python3.8/site-packages/airflow/example_dags/example_latest_only_with_trigger.py
[2022-08-04 00:07:23,105] {processor.py:641} INFO - Processing file /home/ndx/Innowise tasks/Innowise_task_5/airflow_env/lib/python3.8/site-packages/airflow/example_dags/example_latest_only_with_trigger.py for tasks to queue
[2022-08-04 00:07:23,106] {logging_mixin.py:115} INFO - [2022-08-04 00:07:23,105] {dagbag.py:508} INFO - Filling up the DagBag from /home/ndx/Innowise tasks/Innowise_task_5/airflow_env/lib/python3.8/site-packages/airflow/example_dags/example_latest_only_with_trigger.py
[2022-08-04 00:07:23,109] {processor.py:651} INFO - DAG(s) dict_keys(['latest_only_with_trigger']) retrieved from /home/ndx/Innowise tasks/Innowise_task_5/airflow_env/lib/python3.8/site-packages/airflow/example_dags/example_latest_only_with_trigger.py
[2022-08-04 00:07:23,117] {logging_mixin.py:115} INFO - [2022-08-04 00:07:23,117] {dag.py:2420} INFO - Sync 1 DAGs
[2022-08-04 00:07:23,126] {logging_mixin.py:115} INFO - [2022-08-04 00:07:23,126] {dag.py:2968} INFO - Setting next_dagrun for latest_only_with_trigger to 2022-08-03T17:07:23.126478+00:00, run_after=2022-08-03T21:07:23.126478+00:00
[2022-08-04 00:07:23,134] {processor.py:161} INFO - Processing /home/ndx/Innowise tasks/Innowise_task_5/airflow_env/lib/python3.8/site-packages/airflow/example_dags/example_latest_only_with_trigger.py took 0.037 seconds
[2022-08-04 00:07:57,262] {processor.py:153} INFO - Started process (PID=46112) to work on /home/ndx/Innowise tasks/Innowise_task_5/airflow_env/lib/python3.8/site-packages/airflow/example_dags/example_latest_only_with_trigger.py
[2022-08-04 00:07:57,267] {processor.py:641} INFO - Processing file /home/ndx/Innowise tasks/Innowise_task_5/airflow_env/lib/python3.8/site-packages/airflow/example_dags/example_latest_only_with_trigger.py for tasks to queue
[2022-08-04 00:07:57,268] {logging_mixin.py:115} INFO - [2022-08-04 00:07:57,268] {dagbag.py:508} INFO - Filling up the DagBag from /home/ndx/Innowise tasks/Innowise_task_5/airflow_env/lib/python3.8/site-packages/airflow/example_dags/example_latest_only_with_trigger.py
[2022-08-04 00:07:57,272] {processor.py:651} INFO - DAG(s) dict_keys(['latest_only_with_trigger']) retrieved from /home/ndx/Innowise tasks/Innowise_task_5/airflow_env/lib/python3.8/site-packages/airflow/example_dags/example_latest_only_with_trigger.py
[2022-08-04 00:07:57,282] {logging_mixin.py:115} INFO - [2022-08-04 00:07:57,282] {dag.py:2420} INFO - Sync 1 DAGs
[2022-08-04 00:07:57,292] {logging_mixin.py:115} INFO - [2022-08-04 00:07:57,292] {dag.py:2968} INFO - Setting next_dagrun for latest_only_with_trigger to 2022-08-03T17:07:57.292475+00:00, run_after=2022-08-03T21:07:57.292475+00:00
[2022-08-04 00:07:57,301] {processor.py:161} INFO - Processing /home/ndx/Innowise tasks/Innowise_task_5/airflow_env/lib/python3.8/site-packages/airflow/example_dags/example_latest_only_with_trigger.py took 0.041 seconds
[2022-08-04 00:08:31,181] {processor.py:153} INFO - Started process (PID=46169) to work on /home/ndx/Innowise tasks/Innowise_task_5/airflow_env/lib/python3.8/site-packages/airflow/example_dags/example_latest_only_with_trigger.py
[2022-08-04 00:08:31,186] {processor.py:641} INFO - Processing file /home/ndx/Innowise tasks/Innowise_task_5/airflow_env/lib/python3.8/site-packages/airflow/example_dags/example_latest_only_with_trigger.py for tasks to queue
[2022-08-04 00:08:31,186] {logging_mixin.py:115} INFO - [2022-08-04 00:08:31,186] {dagbag.py:508} INFO - Filling up the DagBag from /home/ndx/Innowise tasks/Innowise_task_5/airflow_env/lib/python3.8/site-packages/airflow/example_dags/example_latest_only_with_trigger.py
[2022-08-04 00:08:31,190] {processor.py:651} INFO - DAG(s) dict_keys(['latest_only_with_trigger']) retrieved from /home/ndx/Innowise tasks/Innowise_task_5/airflow_env/lib/python3.8/site-packages/airflow/example_dags/example_latest_only_with_trigger.py
[2022-08-04 00:08:31,199] {logging_mixin.py:115} INFO - [2022-08-04 00:08:31,199] {dag.py:2420} INFO - Sync 1 DAGs
[2022-08-04 00:08:31,209] {logging_mixin.py:115} INFO - [2022-08-04 00:08:31,209] {dag.py:2968} INFO - Setting next_dagrun for latest_only_with_trigger to 2022-08-03T17:08:31.208948+00:00, run_after=2022-08-03T21:08:31.208948+00:00
[2022-08-04 00:08:31,217] {processor.py:161} INFO - Processing /home/ndx/Innowise tasks/Innowise_task_5/airflow_env/lib/python3.8/site-packages/airflow/example_dags/example_latest_only_with_trigger.py took 0.038 seconds
[2022-08-04 00:09:04,251] {processor.py:153} INFO - Started process (PID=46297) to work on /home/ndx/Innowise tasks/Innowise_task_5/airflow_env/lib/python3.8/site-packages/airflow/example_dags/example_latest_only_with_trigger.py
[2022-08-04 00:09:04,251] {processor.py:641} INFO - Processing file /home/ndx/Innowise tasks/Innowise_task_5/airflow_env/lib/python3.8/site-packages/airflow/example_dags/example_latest_only_with_trigger.py for tasks to queue
[2022-08-04 00:09:04,252] {logging_mixin.py:115} INFO - [2022-08-04 00:09:04,252] {dagbag.py:508} INFO - Filling up the DagBag from /home/ndx/Innowise tasks/Innowise_task_5/airflow_env/lib/python3.8/site-packages/airflow/example_dags/example_latest_only_with_trigger.py
[2022-08-04 00:09:04,255] {processor.py:651} INFO - DAG(s) dict_keys(['latest_only_with_trigger']) retrieved from /home/ndx/Innowise tasks/Innowise_task_5/airflow_env/lib/python3.8/site-packages/airflow/example_dags/example_latest_only_with_trigger.py
[2022-08-04 00:09:04,266] {logging_mixin.py:115} INFO - [2022-08-04 00:09:04,266] {dag.py:2420} INFO - Sync 1 DAGs
[2022-08-04 00:09:04,276] {logging_mixin.py:115} INFO - [2022-08-04 00:09:04,276] {dag.py:2968} INFO - Setting next_dagrun for latest_only_with_trigger to 2022-08-03T17:09:04.276449+00:00, run_after=2022-08-03T21:09:04.276449+00:00
[2022-08-04 00:09:04,285] {processor.py:161} INFO - Processing /home/ndx/Innowise tasks/Innowise_task_5/airflow_env/lib/python3.8/site-packages/airflow/example_dags/example_latest_only_with_trigger.py took 0.035 seconds
[2022-08-04 00:09:42,543] {processor.py:153} INFO - Started process (PID=46380) to work on /home/ndx/Innowise tasks/Innowise_task_5/airflow_env/lib/python3.8/site-packages/airflow/example_dags/example_latest_only_with_trigger.py
[2022-08-04 00:09:42,548] {processor.py:641} INFO - Processing file /home/ndx/Innowise tasks/Innowise_task_5/airflow_env/lib/python3.8/site-packages/airflow/example_dags/example_latest_only_with_trigger.py for tasks to queue
[2022-08-04 00:09:42,549] {logging_mixin.py:115} INFO - [2022-08-04 00:09:42,549] {dagbag.py:508} INFO - Filling up the DagBag from /home/ndx/Innowise tasks/Innowise_task_5/airflow_env/lib/python3.8/site-packages/airflow/example_dags/example_latest_only_with_trigger.py
[2022-08-04 00:09:42,553] {processor.py:651} INFO - DAG(s) dict_keys(['latest_only_with_trigger']) retrieved from /home/ndx/Innowise tasks/Innowise_task_5/airflow_env/lib/python3.8/site-packages/airflow/example_dags/example_latest_only_with_trigger.py
[2022-08-04 00:09:42,562] {logging_mixin.py:115} INFO - [2022-08-04 00:09:42,562] {dag.py:2420} INFO - Sync 1 DAGs
[2022-08-04 00:09:42,571] {logging_mixin.py:115} INFO - [2022-08-04 00:09:42,571] {dag.py:2968} INFO - Setting next_dagrun for latest_only_with_trigger to 2022-08-03T17:09:42.571470+00:00, run_after=2022-08-03T21:09:42.571470+00:00
[2022-08-04 00:09:42,579] {processor.py:161} INFO - Processing /home/ndx/Innowise tasks/Innowise_task_5/airflow_env/lib/python3.8/site-packages/airflow/example_dags/example_latest_only_with_trigger.py took 0.038 seconds
[2022-08-04 00:10:15,660] {processor.py:153} INFO - Started process (PID=46471) to work on /home/ndx/Innowise tasks/Innowise_task_5/airflow_env/lib/python3.8/site-packages/airflow/example_dags/example_latest_only_with_trigger.py
[2022-08-04 00:10:15,660] {processor.py:641} INFO - Processing file /home/ndx/Innowise tasks/Innowise_task_5/airflow_env/lib/python3.8/site-packages/airflow/example_dags/example_latest_only_with_trigger.py for tasks to queue
[2022-08-04 00:10:15,661] {logging_mixin.py:115} INFO - [2022-08-04 00:10:15,661] {dagbag.py:508} INFO - Filling up the DagBag from /home/ndx/Innowise tasks/Innowise_task_5/airflow_env/lib/python3.8/site-packages/airflow/example_dags/example_latest_only_with_trigger.py
[2022-08-04 00:10:15,664] {processor.py:651} INFO - DAG(s) dict_keys(['latest_only_with_trigger']) retrieved from /home/ndx/Innowise tasks/Innowise_task_5/airflow_env/lib/python3.8/site-packages/airflow/example_dags/example_latest_only_with_trigger.py
[2022-08-04 00:10:15,673] {logging_mixin.py:115} INFO - [2022-08-04 00:10:15,673] {dag.py:2420} INFO - Sync 1 DAGs
[2022-08-04 00:10:15,682] {logging_mixin.py:115} INFO - [2022-08-04 00:10:15,682] {dag.py:2968} INFO - Setting next_dagrun for latest_only_with_trigger to 2022-08-03T17:10:15.682243+00:00, run_after=2022-08-03T21:10:15.682243+00:00
[2022-08-04 00:10:15,691] {processor.py:161} INFO - Processing /home/ndx/Innowise tasks/Innowise_task_5/airflow_env/lib/python3.8/site-packages/airflow/example_dags/example_latest_only_with_trigger.py took 0.033 seconds
[2022-08-04 00:10:49,369] {processor.py:153} INFO - Started process (PID=46553) to work on /home/ndx/Innowise tasks/Innowise_task_5/airflow_env/lib/python3.8/site-packages/airflow/example_dags/example_latest_only_with_trigger.py
[2022-08-04 00:10:49,374] {processor.py:641} INFO - Processing file /home/ndx/Innowise tasks/Innowise_task_5/airflow_env/lib/python3.8/site-packages/airflow/example_dags/example_latest_only_with_trigger.py for tasks to queue
[2022-08-04 00:10:49,375] {logging_mixin.py:115} INFO - [2022-08-04 00:10:49,375] {dagbag.py:508} INFO - Filling up the DagBag from /home/ndx/Innowise tasks/Innowise_task_5/airflow_env/lib/python3.8/site-packages/airflow/example_dags/example_latest_only_with_trigger.py
[2022-08-04 00:10:49,379] {processor.py:651} INFO - DAG(s) dict_keys(['latest_only_with_trigger']) retrieved from /home/ndx/Innowise tasks/Innowise_task_5/airflow_env/lib/python3.8/site-packages/airflow/example_dags/example_latest_only_with_trigger.py
[2022-08-04 00:10:49,387] {logging_mixin.py:115} INFO - [2022-08-04 00:10:49,387] {dag.py:2420} INFO - Sync 1 DAGs
[2022-08-04 00:10:49,395] {logging_mixin.py:115} INFO - [2022-08-04 00:10:49,395] {dag.py:2968} INFO - Setting next_dagrun for latest_only_with_trigger to 2022-08-03T17:10:49.395686+00:00, run_after=2022-08-03T21:10:49.395686+00:00
[2022-08-04 00:10:49,403] {processor.py:161} INFO - Processing /home/ndx/Innowise tasks/Innowise_task_5/airflow_env/lib/python3.8/site-packages/airflow/example_dags/example_latest_only_with_trigger.py took 0.036 seconds
[2022-08-04 00:11:22,640] {processor.py:153} INFO - Started process (PID=46623) to work on /home/ndx/Innowise tasks/Innowise_task_5/airflow_env/lib/python3.8/site-packages/airflow/example_dags/example_latest_only_with_trigger.py
[2022-08-04 00:11:22,640] {processor.py:641} INFO - Processing file /home/ndx/Innowise tasks/Innowise_task_5/airflow_env/lib/python3.8/site-packages/airflow/example_dags/example_latest_only_with_trigger.py for tasks to queue
[2022-08-04 00:11:22,641] {logging_mixin.py:115} INFO - [2022-08-04 00:11:22,641] {dagbag.py:508} INFO - Filling up the DagBag from /home/ndx/Innowise tasks/Innowise_task_5/airflow_env/lib/python3.8/site-packages/airflow/example_dags/example_latest_only_with_trigger.py
[2022-08-04 00:11:22,646] {processor.py:651} INFO - DAG(s) dict_keys(['latest_only_with_trigger']) retrieved from /home/ndx/Innowise tasks/Innowise_task_5/airflow_env/lib/python3.8/site-packages/airflow/example_dags/example_latest_only_with_trigger.py
[2022-08-04 00:11:22,659] {logging_mixin.py:115} INFO - [2022-08-04 00:11:22,659] {dag.py:2420} INFO - Sync 1 DAGs
[2022-08-04 00:11:22,675] {logging_mixin.py:115} INFO - [2022-08-04 00:11:22,675] {dag.py:2968} INFO - Setting next_dagrun for latest_only_with_trigger to 2022-08-03T17:11:22.675201+00:00, run_after=2022-08-03T21:11:22.675201+00:00
[2022-08-04 00:11:22,689] {processor.py:161} INFO - Processing /home/ndx/Innowise tasks/Innowise_task_5/airflow_env/lib/python3.8/site-packages/airflow/example_dags/example_latest_only_with_trigger.py took 0.052 seconds
[2022-08-04 00:11:57,317] {processor.py:153} INFO - Started process (PID=46681) to work on /home/ndx/Innowise tasks/Innowise_task_5/airflow_env/lib/python3.8/site-packages/airflow/example_dags/example_latest_only_with_trigger.py
[2022-08-04 00:11:57,322] {processor.py:641} INFO - Processing file /home/ndx/Innowise tasks/Innowise_task_5/airflow_env/lib/python3.8/site-packages/airflow/example_dags/example_latest_only_with_trigger.py for tasks to queue
[2022-08-04 00:11:57,322] {logging_mixin.py:115} INFO - [2022-08-04 00:11:57,322] {dagbag.py:508} INFO - Filling up the DagBag from /home/ndx/Innowise tasks/Innowise_task_5/airflow_env/lib/python3.8/site-packages/airflow/example_dags/example_latest_only_with_trigger.py
[2022-08-04 00:11:57,326] {processor.py:651} INFO - DAG(s) dict_keys(['latest_only_with_trigger']) retrieved from /home/ndx/Innowise tasks/Innowise_task_5/airflow_env/lib/python3.8/site-packages/airflow/example_dags/example_latest_only_with_trigger.py
[2022-08-04 00:11:57,336] {logging_mixin.py:115} INFO - [2022-08-04 00:11:57,336] {dag.py:2420} INFO - Sync 1 DAGs
[2022-08-04 00:11:57,346] {logging_mixin.py:115} INFO - [2022-08-04 00:11:57,346] {dag.py:2968} INFO - Setting next_dagrun for latest_only_with_trigger to 2022-08-03T17:11:57.346116+00:00, run_after=2022-08-03T21:11:57.346116+00:00
[2022-08-04 00:11:57,354] {processor.py:161} INFO - Processing /home/ndx/Innowise tasks/Innowise_task_5/airflow_env/lib/python3.8/site-packages/airflow/example_dags/example_latest_only_with_trigger.py took 0.039 seconds
[2022-08-04 00:12:32,120] {processor.py:153} INFO - Started process (PID=46737) to work on /home/ndx/Innowise tasks/Innowise_task_5/airflow_env/lib/python3.8/site-packages/airflow/example_dags/example_latest_only_with_trigger.py
[2022-08-04 00:12:32,125] {processor.py:641} INFO - Processing file /home/ndx/Innowise tasks/Innowise_task_5/airflow_env/lib/python3.8/site-packages/airflow/example_dags/example_latest_only_with_trigger.py for tasks to queue
[2022-08-04 00:12:32,126] {logging_mixin.py:115} INFO - [2022-08-04 00:12:32,125] {dagbag.py:508} INFO - Filling up the DagBag from /home/ndx/Innowise tasks/Innowise_task_5/airflow_env/lib/python3.8/site-packages/airflow/example_dags/example_latest_only_with_trigger.py
[2022-08-04 00:12:32,130] {processor.py:651} INFO - DAG(s) dict_keys(['latest_only_with_trigger']) retrieved from /home/ndx/Innowise tasks/Innowise_task_5/airflow_env/lib/python3.8/site-packages/airflow/example_dags/example_latest_only_with_trigger.py
[2022-08-04 00:12:32,138] {logging_mixin.py:115} INFO - [2022-08-04 00:12:32,138] {dag.py:2420} INFO - Sync 1 DAGs
[2022-08-04 00:12:32,146] {logging_mixin.py:115} INFO - [2022-08-04 00:12:32,146] {dag.py:2968} INFO - Setting next_dagrun for latest_only_with_trigger to 2022-08-03T17:12:32.146730+00:00, run_after=2022-08-03T21:12:32.146730+00:00
[2022-08-04 00:12:32,155] {processor.py:161} INFO - Processing /home/ndx/Innowise tasks/Innowise_task_5/airflow_env/lib/python3.8/site-packages/airflow/example_dags/example_latest_only_with_trigger.py took 0.037 seconds
[2022-08-04 00:13:06,246] {processor.py:153} INFO - Started process (PID=46807) to work on /home/ndx/Innowise tasks/Innowise_task_5/airflow_env/lib/python3.8/site-packages/airflow/example_dags/example_latest_only_with_trigger.py
[2022-08-04 00:13:06,251] {processor.py:641} INFO - Processing file /home/ndx/Innowise tasks/Innowise_task_5/airflow_env/lib/python3.8/site-packages/airflow/example_dags/example_latest_only_with_trigger.py for tasks to queue
[2022-08-04 00:13:06,251] {logging_mixin.py:115} INFO - [2022-08-04 00:13:06,251] {dagbag.py:508} INFO - Filling up the DagBag from /home/ndx/Innowise tasks/Innowise_task_5/airflow_env/lib/python3.8/site-packages/airflow/example_dags/example_latest_only_with_trigger.py
[2022-08-04 00:13:06,255] {processor.py:651} INFO - DAG(s) dict_keys(['latest_only_with_trigger']) retrieved from /home/ndx/Innowise tasks/Innowise_task_5/airflow_env/lib/python3.8/site-packages/airflow/example_dags/example_latest_only_with_trigger.py
[2022-08-04 00:13:06,265] {logging_mixin.py:115} INFO - [2022-08-04 00:13:06,265] {dag.py:2420} INFO - Sync 1 DAGs
[2022-08-04 00:13:06,274] {logging_mixin.py:115} INFO - [2022-08-04 00:13:06,274] {dag.py:2968} INFO - Setting next_dagrun for latest_only_with_trigger to 2022-08-03T17:13:06.274262+00:00, run_after=2022-08-03T21:13:06.274262+00:00
[2022-08-04 00:13:06,284] {processor.py:161} INFO - Processing /home/ndx/Innowise tasks/Innowise_task_5/airflow_env/lib/python3.8/site-packages/airflow/example_dags/example_latest_only_with_trigger.py took 0.040 seconds
[2022-08-04 00:13:40,068] {processor.py:153} INFO - Started process (PID=46920) to work on /home/ndx/Innowise tasks/Innowise_task_5/airflow_env/lib/python3.8/site-packages/airflow/example_dags/example_latest_only_with_trigger.py
[2022-08-04 00:13:40,068] {processor.py:641} INFO - Processing file /home/ndx/Innowise tasks/Innowise_task_5/airflow_env/lib/python3.8/site-packages/airflow/example_dags/example_latest_only_with_trigger.py for tasks to queue
[2022-08-04 00:13:40,069] {logging_mixin.py:115} INFO - [2022-08-04 00:13:40,069] {dagbag.py:508} INFO - Filling up the DagBag from /home/ndx/Innowise tasks/Innowise_task_5/airflow_env/lib/python3.8/site-packages/airflow/example_dags/example_latest_only_with_trigger.py
[2022-08-04 00:13:40,072] {processor.py:651} INFO - DAG(s) dict_keys(['latest_only_with_trigger']) retrieved from /home/ndx/Innowise tasks/Innowise_task_5/airflow_env/lib/python3.8/site-packages/airflow/example_dags/example_latest_only_with_trigger.py
[2022-08-04 00:13:40,081] {logging_mixin.py:115} INFO - [2022-08-04 00:13:40,081] {dag.py:2420} INFO - Sync 1 DAGs
[2022-08-04 00:13:40,090] {logging_mixin.py:115} INFO - [2022-08-04 00:13:40,090] {dag.py:2968} INFO - Setting next_dagrun for latest_only_with_trigger to 2022-08-03T17:13:40.090127+00:00, run_after=2022-08-03T21:13:40.090127+00:00
[2022-08-04 00:13:40,097] {processor.py:161} INFO - Processing /home/ndx/Innowise tasks/Innowise_task_5/airflow_env/lib/python3.8/site-packages/airflow/example_dags/example_latest_only_with_trigger.py took 0.031 seconds
[2022-08-04 00:14:12,613] {processor.py:153} INFO - Started process (PID=46986) to work on /home/ndx/Innowise tasks/Innowise_task_5/airflow_env/lib/python3.8/site-packages/airflow/example_dags/example_latest_only_with_trigger.py
[2022-08-04 00:14:12,619] {processor.py:641} INFO - Processing file /home/ndx/Innowise tasks/Innowise_task_5/airflow_env/lib/python3.8/site-packages/airflow/example_dags/example_latest_only_with_trigger.py for tasks to queue
[2022-08-04 00:14:12,619] {logging_mixin.py:115} INFO - [2022-08-04 00:14:12,619] {dagbag.py:508} INFO - Filling up the DagBag from /home/ndx/Innowise tasks/Innowise_task_5/airflow_env/lib/python3.8/site-packages/airflow/example_dags/example_latest_only_with_trigger.py
[2022-08-04 00:14:12,623] {processor.py:651} INFO - DAG(s) dict_keys(['latest_only_with_trigger']) retrieved from /home/ndx/Innowise tasks/Innowise_task_5/airflow_env/lib/python3.8/site-packages/airflow/example_dags/example_latest_only_with_trigger.py
[2022-08-04 00:14:12,632] {logging_mixin.py:115} INFO - [2022-08-04 00:14:12,632] {dag.py:2420} INFO - Sync 1 DAGs
[2022-08-04 00:14:12,641] {logging_mixin.py:115} INFO - [2022-08-04 00:14:12,641] {dag.py:2968} INFO - Setting next_dagrun for latest_only_with_trigger to 2022-08-03T17:14:12.641468+00:00, run_after=2022-08-03T21:14:12.641468+00:00
[2022-08-04 00:14:12,649] {processor.py:161} INFO - Processing /home/ndx/Innowise tasks/Innowise_task_5/airflow_env/lib/python3.8/site-packages/airflow/example_dags/example_latest_only_with_trigger.py took 0.037 seconds
[2022-08-04 00:14:47,560] {processor.py:153} INFO - Started process (PID=47113) to work on /home/ndx/Innowise tasks/Innowise_task_5/airflow_env/lib/python3.8/site-packages/airflow/example_dags/example_latest_only_with_trigger.py
[2022-08-04 00:14:47,565] {processor.py:641} INFO - Processing file /home/ndx/Innowise tasks/Innowise_task_5/airflow_env/lib/python3.8/site-packages/airflow/example_dags/example_latest_only_with_trigger.py for tasks to queue
[2022-08-04 00:14:47,566] {logging_mixin.py:115} INFO - [2022-08-04 00:14:47,566] {dagbag.py:508} INFO - Filling up the DagBag from /home/ndx/Innowise tasks/Innowise_task_5/airflow_env/lib/python3.8/site-packages/airflow/example_dags/example_latest_only_with_trigger.py
[2022-08-04 00:14:47,571] {processor.py:651} INFO - DAG(s) dict_keys(['latest_only_with_trigger']) retrieved from /home/ndx/Innowise tasks/Innowise_task_5/airflow_env/lib/python3.8/site-packages/airflow/example_dags/example_latest_only_with_trigger.py
[2022-08-04 00:14:47,583] {logging_mixin.py:115} INFO - [2022-08-04 00:14:47,583] {dag.py:2420} INFO - Sync 1 DAGs
[2022-08-04 00:14:47,593] {logging_mixin.py:115} INFO - [2022-08-04 00:14:47,593] {dag.py:2968} INFO - Setting next_dagrun for latest_only_with_trigger to 2022-08-03T17:14:47.593387+00:00, run_after=2022-08-03T21:14:47.593387+00:00
[2022-08-04 00:14:47,601] {processor.py:161} INFO - Processing /home/ndx/Innowise tasks/Innowise_task_5/airflow_env/lib/python3.8/site-packages/airflow/example_dags/example_latest_only_with_trigger.py took 0.043 seconds
[2022-08-04 00:15:25,830] {processor.py:153} INFO - Started process (PID=47224) to work on /home/ndx/Innowise tasks/Innowise_task_5/airflow_env/lib/python3.8/site-packages/airflow/example_dags/example_latest_only_with_trigger.py
[2022-08-04 00:15:25,836] {processor.py:641} INFO - Processing file /home/ndx/Innowise tasks/Innowise_task_5/airflow_env/lib/python3.8/site-packages/airflow/example_dags/example_latest_only_with_trigger.py for tasks to queue
[2022-08-04 00:15:25,836] {logging_mixin.py:115} INFO - [2022-08-04 00:15:25,836] {dagbag.py:508} INFO - Filling up the DagBag from /home/ndx/Innowise tasks/Innowise_task_5/airflow_env/lib/python3.8/site-packages/airflow/example_dags/example_latest_only_with_trigger.py
[2022-08-04 00:15:25,840] {processor.py:651} INFO - DAG(s) dict_keys(['latest_only_with_trigger']) retrieved from /home/ndx/Innowise tasks/Innowise_task_5/airflow_env/lib/python3.8/site-packages/airflow/example_dags/example_latest_only_with_trigger.py
[2022-08-04 00:15:25,850] {logging_mixin.py:115} INFO - [2022-08-04 00:15:25,850] {dag.py:2420} INFO - Sync 1 DAGs
[2022-08-04 00:15:25,861] {logging_mixin.py:115} INFO - [2022-08-04 00:15:25,861] {dag.py:2968} INFO - Setting next_dagrun for latest_only_with_trigger to 2022-08-03T17:15:25.861341+00:00, run_after=2022-08-03T21:15:25.861341+00:00
[2022-08-04 00:15:25,868] {processor.py:161} INFO - Processing /home/ndx/Innowise tasks/Innowise_task_5/airflow_env/lib/python3.8/site-packages/airflow/example_dags/example_latest_only_with_trigger.py took 0.039 seconds
[2022-08-04 00:15:59,622] {processor.py:153} INFO - Started process (PID=47263) to work on /home/ndx/Innowise tasks/Innowise_task_5/airflow_env/lib/python3.8/site-packages/airflow/example_dags/example_latest_only_with_trigger.py
[2022-08-04 00:15:59,627] {processor.py:641} INFO - Processing file /home/ndx/Innowise tasks/Innowise_task_5/airflow_env/lib/python3.8/site-packages/airflow/example_dags/example_latest_only_with_trigger.py for tasks to queue
[2022-08-04 00:15:59,628] {logging_mixin.py:115} INFO - [2022-08-04 00:15:59,628] {dagbag.py:508} INFO - Filling up the DagBag from /home/ndx/Innowise tasks/Innowise_task_5/airflow_env/lib/python3.8/site-packages/airflow/example_dags/example_latest_only_with_trigger.py
[2022-08-04 00:15:59,632] {processor.py:651} INFO - DAG(s) dict_keys(['latest_only_with_trigger']) retrieved from /home/ndx/Innowise tasks/Innowise_task_5/airflow_env/lib/python3.8/site-packages/airflow/example_dags/example_latest_only_with_trigger.py
[2022-08-04 00:15:59,640] {logging_mixin.py:115} INFO - [2022-08-04 00:15:59,640] {dag.py:2420} INFO - Sync 1 DAGs
[2022-08-04 00:15:59,651] {logging_mixin.py:115} INFO - [2022-08-04 00:15:59,651] {dag.py:2968} INFO - Setting next_dagrun for latest_only_with_trigger to 2022-08-03T17:15:59.651002+00:00, run_after=2022-08-03T21:15:59.651002+00:00
[2022-08-04 00:15:59,657] {processor.py:161} INFO - Processing /home/ndx/Innowise tasks/Innowise_task_5/airflow_env/lib/python3.8/site-packages/airflow/example_dags/example_latest_only_with_trigger.py took 0.037 seconds
[2022-08-04 00:16:33,757] {processor.py:153} INFO - Started process (PID=47356) to work on /home/ndx/Innowise tasks/Innowise_task_5/airflow_env/lib/python3.8/site-packages/airflow/example_dags/example_latest_only_with_trigger.py
[2022-08-04 00:16:33,762] {processor.py:641} INFO - Processing file /home/ndx/Innowise tasks/Innowise_task_5/airflow_env/lib/python3.8/site-packages/airflow/example_dags/example_latest_only_with_trigger.py for tasks to queue
[2022-08-04 00:16:33,763] {logging_mixin.py:115} INFO - [2022-08-04 00:16:33,763] {dagbag.py:508} INFO - Filling up the DagBag from /home/ndx/Innowise tasks/Innowise_task_5/airflow_env/lib/python3.8/site-packages/airflow/example_dags/example_latest_only_with_trigger.py
[2022-08-04 00:16:33,766] {processor.py:651} INFO - DAG(s) dict_keys(['latest_only_with_trigger']) retrieved from /home/ndx/Innowise tasks/Innowise_task_5/airflow_env/lib/python3.8/site-packages/airflow/example_dags/example_latest_only_with_trigger.py
[2022-08-04 00:16:33,777] {logging_mixin.py:115} INFO - [2022-08-04 00:16:33,777] {dag.py:2420} INFO - Sync 1 DAGs
[2022-08-04 00:16:33,790] {logging_mixin.py:115} INFO - [2022-08-04 00:16:33,789] {dag.py:2968} INFO - Setting next_dagrun for latest_only_with_trigger to 2022-08-03T17:16:33.789682+00:00, run_after=2022-08-03T21:16:33.789682+00:00
[2022-08-04 00:16:33,797] {processor.py:161} INFO - Processing /home/ndx/Innowise tasks/Innowise_task_5/airflow_env/lib/python3.8/site-packages/airflow/example_dags/example_latest_only_with_trigger.py took 0.042 seconds
[2022-08-04 00:17:08,378] {processor.py:153} INFO - Started process (PID=47451) to work on /home/ndx/Innowise tasks/Innowise_task_5/airflow_env/lib/python3.8/site-packages/airflow/example_dags/example_latest_only_with_trigger.py
[2022-08-04 00:17:08,384] {processor.py:641} INFO - Processing file /home/ndx/Innowise tasks/Innowise_task_5/airflow_env/lib/python3.8/site-packages/airflow/example_dags/example_latest_only_with_trigger.py for tasks to queue
[2022-08-04 00:17:08,384] {logging_mixin.py:115} INFO - [2022-08-04 00:17:08,384] {dagbag.py:508} INFO - Filling up the DagBag from /home/ndx/Innowise tasks/Innowise_task_5/airflow_env/lib/python3.8/site-packages/airflow/example_dags/example_latest_only_with_trigger.py
[2022-08-04 00:17:08,387] {processor.py:651} INFO - DAG(s) dict_keys(['latest_only_with_trigger']) retrieved from /home/ndx/Innowise tasks/Innowise_task_5/airflow_env/lib/python3.8/site-packages/airflow/example_dags/example_latest_only_with_trigger.py
[2022-08-04 00:17:08,396] {logging_mixin.py:115} INFO - [2022-08-04 00:17:08,396] {dag.py:2420} INFO - Sync 1 DAGs
[2022-08-04 00:17:08,407] {logging_mixin.py:115} INFO - [2022-08-04 00:17:08,407] {dag.py:2968} INFO - Setting next_dagrun for latest_only_with_trigger to 2022-08-03T17:17:08.407151+00:00, run_after=2022-08-03T21:17:08.407151+00:00
[2022-08-04 00:17:08,414] {processor.py:161} INFO - Processing /home/ndx/Innowise tasks/Innowise_task_5/airflow_env/lib/python3.8/site-packages/airflow/example_dags/example_latest_only_with_trigger.py took 0.037 seconds
[2022-08-04 00:17:44,473] {processor.py:153} INFO - Started process (PID=47507) to work on /home/ndx/Innowise tasks/Innowise_task_5/airflow_env/lib/python3.8/site-packages/airflow/example_dags/example_latest_only_with_trigger.py
[2022-08-04 00:17:44,478] {processor.py:641} INFO - Processing file /home/ndx/Innowise tasks/Innowise_task_5/airflow_env/lib/python3.8/site-packages/airflow/example_dags/example_latest_only_with_trigger.py for tasks to queue
[2022-08-04 00:17:44,479] {logging_mixin.py:115} INFO - [2022-08-04 00:17:44,479] {dagbag.py:508} INFO - Filling up the DagBag from /home/ndx/Innowise tasks/Innowise_task_5/airflow_env/lib/python3.8/site-packages/airflow/example_dags/example_latest_only_with_trigger.py
[2022-08-04 00:17:44,482] {processor.py:651} INFO - DAG(s) dict_keys(['latest_only_with_trigger']) retrieved from /home/ndx/Innowise tasks/Innowise_task_5/airflow_env/lib/python3.8/site-packages/airflow/example_dags/example_latest_only_with_trigger.py
[2022-08-04 00:17:44,491] {logging_mixin.py:115} INFO - [2022-08-04 00:17:44,491] {dag.py:2420} INFO - Sync 1 DAGs
[2022-08-04 00:17:44,502] {logging_mixin.py:115} INFO - [2022-08-04 00:17:44,502] {dag.py:2968} INFO - Setting next_dagrun for latest_only_with_trigger to 2022-08-03T17:17:44.502390+00:00, run_after=2022-08-03T21:17:44.502390+00:00
[2022-08-04 00:17:44,509] {processor.py:161} INFO - Processing /home/ndx/Innowise tasks/Innowise_task_5/airflow_env/lib/python3.8/site-packages/airflow/example_dags/example_latest_only_with_trigger.py took 0.037 seconds
[2022-08-04 00:18:22,055] {processor.py:153} INFO - Started process (PID=47586) to work on /home/ndx/Innowise tasks/Innowise_task_5/airflow_env/lib/python3.8/site-packages/airflow/example_dags/example_latest_only_with_trigger.py
[2022-08-04 00:18:22,061] {processor.py:641} INFO - Processing file /home/ndx/Innowise tasks/Innowise_task_5/airflow_env/lib/python3.8/site-packages/airflow/example_dags/example_latest_only_with_trigger.py for tasks to queue
[2022-08-04 00:18:22,061] {logging_mixin.py:115} INFO - [2022-08-04 00:18:22,061] {dagbag.py:508} INFO - Filling up the DagBag from /home/ndx/Innowise tasks/Innowise_task_5/airflow_env/lib/python3.8/site-packages/airflow/example_dags/example_latest_only_with_trigger.py
[2022-08-04 00:18:22,066] {processor.py:651} INFO - DAG(s) dict_keys(['latest_only_with_trigger']) retrieved from /home/ndx/Innowise tasks/Innowise_task_5/airflow_env/lib/python3.8/site-packages/airflow/example_dags/example_latest_only_with_trigger.py
[2022-08-04 00:18:22,075] {logging_mixin.py:115} INFO - [2022-08-04 00:18:22,075] {dag.py:2420} INFO - Sync 1 DAGs
[2022-08-04 00:18:22,086] {logging_mixin.py:115} INFO - [2022-08-04 00:18:22,086] {dag.py:2968} INFO - Setting next_dagrun for latest_only_with_trigger to 2022-08-03T17:18:22.085870+00:00, run_after=2022-08-03T21:18:22.085870+00:00
[2022-08-04 00:18:22,092] {processor.py:161} INFO - Processing /home/ndx/Innowise tasks/Innowise_task_5/airflow_env/lib/python3.8/site-packages/airflow/example_dags/example_latest_only_with_trigger.py took 0.038 seconds
[2022-08-04 00:18:57,389] {processor.py:153} INFO - Started process (PID=47736) to work on /home/ndx/Innowise tasks/Innowise_task_5/airflow_env/lib/python3.8/site-packages/airflow/example_dags/example_latest_only_with_trigger.py
[2022-08-04 00:18:57,395] {processor.py:641} INFO - Processing file /home/ndx/Innowise tasks/Innowise_task_5/airflow_env/lib/python3.8/site-packages/airflow/example_dags/example_latest_only_with_trigger.py for tasks to queue
[2022-08-04 00:18:57,395] {logging_mixin.py:115} INFO - [2022-08-04 00:18:57,395] {dagbag.py:508} INFO - Filling up the DagBag from /home/ndx/Innowise tasks/Innowise_task_5/airflow_env/lib/python3.8/site-packages/airflow/example_dags/example_latest_only_with_trigger.py
[2022-08-04 00:18:57,399] {processor.py:651} INFO - DAG(s) dict_keys(['latest_only_with_trigger']) retrieved from /home/ndx/Innowise tasks/Innowise_task_5/airflow_env/lib/python3.8/site-packages/airflow/example_dags/example_latest_only_with_trigger.py
[2022-08-04 00:18:57,407] {logging_mixin.py:115} INFO - [2022-08-04 00:18:57,407] {dag.py:2420} INFO - Sync 1 DAGs
[2022-08-04 00:18:57,417] {logging_mixin.py:115} INFO - [2022-08-04 00:18:57,417] {dag.py:2968} INFO - Setting next_dagrun for latest_only_with_trigger to 2022-08-03T17:18:57.417341+00:00, run_after=2022-08-03T21:18:57.417341+00:00
[2022-08-04 00:18:57,426] {processor.py:161} INFO - Processing /home/ndx/Innowise tasks/Innowise_task_5/airflow_env/lib/python3.8/site-packages/airflow/example_dags/example_latest_only_with_trigger.py took 0.038 seconds
[2022-08-04 00:19:31,533] {processor.py:153} INFO - Started process (PID=47841) to work on /home/ndx/Innowise tasks/Innowise_task_5/airflow_env/lib/python3.8/site-packages/airflow/example_dags/example_latest_only_with_trigger.py
[2022-08-04 00:19:31,538] {processor.py:641} INFO - Processing file /home/ndx/Innowise tasks/Innowise_task_5/airflow_env/lib/python3.8/site-packages/airflow/example_dags/example_latest_only_with_trigger.py for tasks to queue
[2022-08-04 00:19:31,538] {logging_mixin.py:115} INFO - [2022-08-04 00:19:31,538] {dagbag.py:508} INFO - Filling up the DagBag from /home/ndx/Innowise tasks/Innowise_task_5/airflow_env/lib/python3.8/site-packages/airflow/example_dags/example_latest_only_with_trigger.py
[2022-08-04 00:19:31,542] {processor.py:651} INFO - DAG(s) dict_keys(['latest_only_with_trigger']) retrieved from /home/ndx/Innowise tasks/Innowise_task_5/airflow_env/lib/python3.8/site-packages/airflow/example_dags/example_latest_only_with_trigger.py
[2022-08-04 00:19:31,551] {logging_mixin.py:115} INFO - [2022-08-04 00:19:31,551] {dag.py:2420} INFO - Sync 1 DAGs
[2022-08-04 00:19:31,562] {logging_mixin.py:115} INFO - [2022-08-04 00:19:31,562] {dag.py:2968} INFO - Setting next_dagrun for latest_only_with_trigger to 2022-08-03T17:19:31.561916+00:00, run_after=2022-08-03T21:19:31.561916+00:00
[2022-08-04 00:19:31,568] {processor.py:161} INFO - Processing /home/ndx/Innowise tasks/Innowise_task_5/airflow_env/lib/python3.8/site-packages/airflow/example_dags/example_latest_only_with_trigger.py took 0.037 seconds
[2022-08-04 00:20:04,743] {processor.py:153} INFO - Started process (PID=47907) to work on /home/ndx/Innowise tasks/Innowise_task_5/airflow_env/lib/python3.8/site-packages/airflow/example_dags/example_latest_only_with_trigger.py
[2022-08-04 00:20:04,748] {processor.py:641} INFO - Processing file /home/ndx/Innowise tasks/Innowise_task_5/airflow_env/lib/python3.8/site-packages/airflow/example_dags/example_latest_only_with_trigger.py for tasks to queue
[2022-08-04 00:20:04,749] {logging_mixin.py:115} INFO - [2022-08-04 00:20:04,748] {dagbag.py:508} INFO - Filling up the DagBag from /home/ndx/Innowise tasks/Innowise_task_5/airflow_env/lib/python3.8/site-packages/airflow/example_dags/example_latest_only_with_trigger.py
[2022-08-04 00:20:04,752] {processor.py:651} INFO - DAG(s) dict_keys(['latest_only_with_trigger']) retrieved from /home/ndx/Innowise tasks/Innowise_task_5/airflow_env/lib/python3.8/site-packages/airflow/example_dags/example_latest_only_with_trigger.py
[2022-08-04 00:20:04,762] {logging_mixin.py:115} INFO - [2022-08-04 00:20:04,762] {dag.py:2420} INFO - Sync 1 DAGs
[2022-08-04 00:20:04,773] {logging_mixin.py:115} INFO - [2022-08-04 00:20:04,773] {dag.py:2968} INFO - Setting next_dagrun for latest_only_with_trigger to 2022-08-03T17:20:04.773385+00:00, run_after=2022-08-03T21:20:04.773385+00:00
[2022-08-04 00:20:04,780] {processor.py:161} INFO - Processing /home/ndx/Innowise tasks/Innowise_task_5/airflow_env/lib/python3.8/site-packages/airflow/example_dags/example_latest_only_with_trigger.py took 0.039 seconds
[2022-08-04 00:20:39,964] {processor.py:153} INFO - Started process (PID=48004) to work on /home/ndx/Innowise tasks/Innowise_task_5/airflow_env/lib/python3.8/site-packages/airflow/example_dags/example_latest_only_with_trigger.py
[2022-08-04 00:20:39,970] {processor.py:641} INFO - Processing file /home/ndx/Innowise tasks/Innowise_task_5/airflow_env/lib/python3.8/site-packages/airflow/example_dags/example_latest_only_with_trigger.py for tasks to queue
[2022-08-04 00:20:39,970] {logging_mixin.py:115} INFO - [2022-08-04 00:20:39,970] {dagbag.py:508} INFO - Filling up the DagBag from /home/ndx/Innowise tasks/Innowise_task_5/airflow_env/lib/python3.8/site-packages/airflow/example_dags/example_latest_only_with_trigger.py
[2022-08-04 00:20:39,974] {processor.py:651} INFO - DAG(s) dict_keys(['latest_only_with_trigger']) retrieved from /home/ndx/Innowise tasks/Innowise_task_5/airflow_env/lib/python3.8/site-packages/airflow/example_dags/example_latest_only_with_trigger.py
[2022-08-04 00:20:39,983] {logging_mixin.py:115} INFO - [2022-08-04 00:20:39,983] {dag.py:2420} INFO - Sync 1 DAGs
[2022-08-04 00:20:39,993] {logging_mixin.py:115} INFO - [2022-08-04 00:20:39,993] {dag.py:2968} INFO - Setting next_dagrun for latest_only_with_trigger to 2022-08-03T17:20:39.993164+00:00, run_after=2022-08-03T21:20:39.993164+00:00
[2022-08-04 00:20:39,999] {processor.py:161} INFO - Processing /home/ndx/Innowise tasks/Innowise_task_5/airflow_env/lib/python3.8/site-packages/airflow/example_dags/example_latest_only_with_trigger.py took 0.037 seconds
[2022-08-04 00:21:11,396] {processor.py:153} INFO - Started process (PID=48116) to work on /home/ndx/Innowise tasks/Innowise_task_5/airflow_env/lib/python3.8/site-packages/airflow/example_dags/example_latest_only_with_trigger.py
[2022-08-04 00:21:11,402] {processor.py:641} INFO - Processing file /home/ndx/Innowise tasks/Innowise_task_5/airflow_env/lib/python3.8/site-packages/airflow/example_dags/example_latest_only_with_trigger.py for tasks to queue
[2022-08-04 00:21:11,402] {logging_mixin.py:115} INFO - [2022-08-04 00:21:11,402] {dagbag.py:508} INFO - Filling up the DagBag from /home/ndx/Innowise tasks/Innowise_task_5/airflow_env/lib/python3.8/site-packages/airflow/example_dags/example_latest_only_with_trigger.py
[2022-08-04 00:21:11,406] {processor.py:651} INFO - DAG(s) dict_keys(['latest_only_with_trigger']) retrieved from /home/ndx/Innowise tasks/Innowise_task_5/airflow_env/lib/python3.8/site-packages/airflow/example_dags/example_latest_only_with_trigger.py
[2022-08-04 00:21:11,416] {logging_mixin.py:115} INFO - [2022-08-04 00:21:11,416] {dag.py:2420} INFO - Sync 1 DAGs
[2022-08-04 00:21:11,427] {logging_mixin.py:115} INFO - [2022-08-04 00:21:11,426] {dag.py:2968} INFO - Setting next_dagrun for latest_only_with_trigger to 2022-08-03T17:21:11.426771+00:00, run_after=2022-08-03T21:21:11.426771+00:00
[2022-08-04 00:21:11,433] {processor.py:161} INFO - Processing /home/ndx/Innowise tasks/Innowise_task_5/airflow_env/lib/python3.8/site-packages/airflow/example_dags/example_latest_only_with_trigger.py took 0.039 seconds
[2022-08-04 00:21:46,315] {processor.py:153} INFO - Started process (PID=48162) to work on /home/ndx/Innowise tasks/Innowise_task_5/airflow_env/lib/python3.8/site-packages/airflow/example_dags/example_latest_only_with_trigger.py
[2022-08-04 00:21:46,320] {processor.py:641} INFO - Processing file /home/ndx/Innowise tasks/Innowise_task_5/airflow_env/lib/python3.8/site-packages/airflow/example_dags/example_latest_only_with_trigger.py for tasks to queue
[2022-08-04 00:21:46,320] {logging_mixin.py:115} INFO - [2022-08-04 00:21:46,320] {dagbag.py:508} INFO - Filling up the DagBag from /home/ndx/Innowise tasks/Innowise_task_5/airflow_env/lib/python3.8/site-packages/airflow/example_dags/example_latest_only_with_trigger.py
[2022-08-04 00:21:46,324] {processor.py:651} INFO - DAG(s) dict_keys(['latest_only_with_trigger']) retrieved from /home/ndx/Innowise tasks/Innowise_task_5/airflow_env/lib/python3.8/site-packages/airflow/example_dags/example_latest_only_with_trigger.py
[2022-08-04 00:21:46,334] {logging_mixin.py:115} INFO - [2022-08-04 00:21:46,334] {dag.py:2420} INFO - Sync 1 DAGs
[2022-08-04 00:21:46,344] {logging_mixin.py:115} INFO - [2022-08-04 00:21:46,344] {dag.py:2968} INFO - Setting next_dagrun for latest_only_with_trigger to 2022-08-03T17:21:46.344471+00:00, run_after=2022-08-03T21:21:46.344471+00:00
[2022-08-04 00:21:46,350] {processor.py:161} INFO - Processing /home/ndx/Innowise tasks/Innowise_task_5/airflow_env/lib/python3.8/site-packages/airflow/example_dags/example_latest_only_with_trigger.py took 0.038 seconds
[2022-08-04 00:22:20,544] {processor.py:153} INFO - Started process (PID=48231) to work on /home/ndx/Innowise tasks/Innowise_task_5/airflow_env/lib/python3.8/site-packages/airflow/example_dags/example_latest_only_with_trigger.py
[2022-08-04 00:22:20,549] {processor.py:641} INFO - Processing file /home/ndx/Innowise tasks/Innowise_task_5/airflow_env/lib/python3.8/site-packages/airflow/example_dags/example_latest_only_with_trigger.py for tasks to queue
[2022-08-04 00:22:20,549] {logging_mixin.py:115} INFO - [2022-08-04 00:22:20,549] {dagbag.py:508} INFO - Filling up the DagBag from /home/ndx/Innowise tasks/Innowise_task_5/airflow_env/lib/python3.8/site-packages/airflow/example_dags/example_latest_only_with_trigger.py
[2022-08-04 00:22:20,553] {processor.py:651} INFO - DAG(s) dict_keys(['latest_only_with_trigger']) retrieved from /home/ndx/Innowise tasks/Innowise_task_5/airflow_env/lib/python3.8/site-packages/airflow/example_dags/example_latest_only_with_trigger.py
[2022-08-04 00:22:20,563] {logging_mixin.py:115} INFO - [2022-08-04 00:22:20,563] {dag.py:2420} INFO - Sync 1 DAGs
[2022-08-04 00:22:20,573] {logging_mixin.py:115} INFO - [2022-08-04 00:22:20,573] {dag.py:2968} INFO - Setting next_dagrun for latest_only_with_trigger to 2022-08-03T17:22:20.573559+00:00, run_after=2022-08-03T21:22:20.573559+00:00
[2022-08-04 00:22:20,580] {processor.py:161} INFO - Processing /home/ndx/Innowise tasks/Innowise_task_5/airflow_env/lib/python3.8/site-packages/airflow/example_dags/example_latest_only_with_trigger.py took 0.039 seconds
[2022-08-04 00:22:56,076] {processor.py:153} INFO - Started process (PID=48288) to work on /home/ndx/Innowise tasks/Innowise_task_5/airflow_env/lib/python3.8/site-packages/airflow/example_dags/example_latest_only_with_trigger.py
[2022-08-04 00:22:56,081] {processor.py:641} INFO - Processing file /home/ndx/Innowise tasks/Innowise_task_5/airflow_env/lib/python3.8/site-packages/airflow/example_dags/example_latest_only_with_trigger.py for tasks to queue
[2022-08-04 00:22:56,082] {logging_mixin.py:115} INFO - [2022-08-04 00:22:56,082] {dagbag.py:508} INFO - Filling up the DagBag from /home/ndx/Innowise tasks/Innowise_task_5/airflow_env/lib/python3.8/site-packages/airflow/example_dags/example_latest_only_with_trigger.py
[2022-08-04 00:22:56,086] {processor.py:651} INFO - DAG(s) dict_keys(['latest_only_with_trigger']) retrieved from /home/ndx/Innowise tasks/Innowise_task_5/airflow_env/lib/python3.8/site-packages/airflow/example_dags/example_latest_only_with_trigger.py
[2022-08-04 00:22:56,095] {logging_mixin.py:115} INFO - [2022-08-04 00:22:56,095] {dag.py:2420} INFO - Sync 1 DAGs
[2022-08-04 00:22:56,104] {logging_mixin.py:115} INFO - [2022-08-04 00:22:56,104] {dag.py:2968} INFO - Setting next_dagrun for latest_only_with_trigger to 2022-08-03T17:22:56.104748+00:00, run_after=2022-08-03T21:22:56.104748+00:00
[2022-08-04 00:22:56,111] {processor.py:161} INFO - Processing /home/ndx/Innowise tasks/Innowise_task_5/airflow_env/lib/python3.8/site-packages/airflow/example_dags/example_latest_only_with_trigger.py took 0.036 seconds
[2022-08-04 00:23:31,178] {processor.py:153} INFO - Started process (PID=48339) to work on /home/ndx/Innowise tasks/Innowise_task_5/airflow_env/lib/python3.8/site-packages/airflow/example_dags/example_latest_only_with_trigger.py
[2022-08-04 00:23:31,183] {processor.py:641} INFO - Processing file /home/ndx/Innowise tasks/Innowise_task_5/airflow_env/lib/python3.8/site-packages/airflow/example_dags/example_latest_only_with_trigger.py for tasks to queue
[2022-08-04 00:23:31,184] {logging_mixin.py:115} INFO - [2022-08-04 00:23:31,184] {dagbag.py:508} INFO - Filling up the DagBag from /home/ndx/Innowise tasks/Innowise_task_5/airflow_env/lib/python3.8/site-packages/airflow/example_dags/example_latest_only_with_trigger.py
[2022-08-04 00:23:31,188] {processor.py:651} INFO - DAG(s) dict_keys(['latest_only_with_trigger']) retrieved from /home/ndx/Innowise tasks/Innowise_task_5/airflow_env/lib/python3.8/site-packages/airflow/example_dags/example_latest_only_with_trigger.py
[2022-08-04 00:23:31,196] {logging_mixin.py:115} INFO - [2022-08-04 00:23:31,196] {dag.py:2420} INFO - Sync 1 DAGs
[2022-08-04 00:23:31,206] {logging_mixin.py:115} INFO - [2022-08-04 00:23:31,206] {dag.py:2968} INFO - Setting next_dagrun for latest_only_with_trigger to 2022-08-03T17:23:31.205881+00:00, run_after=2022-08-03T21:23:31.205881+00:00
[2022-08-04 00:23:31,212] {processor.py:161} INFO - Processing /home/ndx/Innowise tasks/Innowise_task_5/airflow_env/lib/python3.8/site-packages/airflow/example_dags/example_latest_only_with_trigger.py took 0.035 seconds
[2022-08-04 00:23:47,896] {processor.py:153} INFO - Started process (PID=48418) to work on /home/ndx/Innowise tasks/Innowise_task_5/airflow_env/lib/python3.8/site-packages/airflow/example_dags/example_latest_only_with_trigger.py
[2022-08-04 00:23:47,901] {processor.py:641} INFO - Processing file /home/ndx/Innowise tasks/Innowise_task_5/airflow_env/lib/python3.8/site-packages/airflow/example_dags/example_latest_only_with_trigger.py for tasks to queue
[2022-08-04 00:23:47,901] {logging_mixin.py:115} INFO - [2022-08-04 00:23:47,901] {dagbag.py:508} INFO - Filling up the DagBag from /home/ndx/Innowise tasks/Innowise_task_5/airflow_env/lib/python3.8/site-packages/airflow/example_dags/example_latest_only_with_trigger.py
[2022-08-04 00:23:47,905] {processor.py:651} INFO - DAG(s) dict_keys(['latest_only_with_trigger']) retrieved from /home/ndx/Innowise tasks/Innowise_task_5/airflow_env/lib/python3.8/site-packages/airflow/example_dags/example_latest_only_with_trigger.py
[2022-08-04 00:23:47,915] {logging_mixin.py:115} INFO - [2022-08-04 00:23:47,915] {dag.py:2420} INFO - Sync 1 DAGs
[2022-08-04 00:23:47,926] {logging_mixin.py:115} INFO - [2022-08-04 00:23:47,926] {dag.py:2968} INFO - Setting next_dagrun for latest_only_with_trigger to 2022-08-03T17:23:47.926257+00:00, run_after=2022-08-03T21:23:47.926257+00:00
[2022-08-04 00:23:47,933] {processor.py:161} INFO - Processing /home/ndx/Innowise tasks/Innowise_task_5/airflow_env/lib/python3.8/site-packages/airflow/example_dags/example_latest_only_with_trigger.py took 0.039 seconds
[2022-08-04 00:24:35,848] {processor.py:153} INFO - Started process (PID=48533) to work on /home/ndx/Innowise tasks/Innowise_task_5/airflow_env/lib/python3.8/site-packages/airflow/example_dags/example_latest_only_with_trigger.py
[2022-08-04 00:24:35,854] {processor.py:641} INFO - Processing file /home/ndx/Innowise tasks/Innowise_task_5/airflow_env/lib/python3.8/site-packages/airflow/example_dags/example_latest_only_with_trigger.py for tasks to queue
[2022-08-04 00:24:35,854] {logging_mixin.py:115} INFO - [2022-08-04 00:24:35,854] {dagbag.py:508} INFO - Filling up the DagBag from /home/ndx/Innowise tasks/Innowise_task_5/airflow_env/lib/python3.8/site-packages/airflow/example_dags/example_latest_only_with_trigger.py
[2022-08-04 00:24:35,858] {processor.py:651} INFO - DAG(s) dict_keys(['latest_only_with_trigger']) retrieved from /home/ndx/Innowise tasks/Innowise_task_5/airflow_env/lib/python3.8/site-packages/airflow/example_dags/example_latest_only_with_trigger.py
[2022-08-04 00:24:35,867] {logging_mixin.py:115} INFO - [2022-08-04 00:24:35,867] {dag.py:2420} INFO - Sync 1 DAGs
[2022-08-04 00:24:35,876] {logging_mixin.py:115} INFO - [2022-08-04 00:24:35,876] {dag.py:2968} INFO - Setting next_dagrun for latest_only_with_trigger to 2022-08-03T17:24:35.875995+00:00, run_after=2022-08-03T21:24:35.875995+00:00
[2022-08-04 00:24:35,885] {processor.py:161} INFO - Processing /home/ndx/Innowise tasks/Innowise_task_5/airflow_env/lib/python3.8/site-packages/airflow/example_dags/example_latest_only_with_trigger.py took 0.039 seconds
[2022-08-04 00:24:54,277] {processor.py:153} INFO - Started process (PID=48577) to work on /home/ndx/Innowise tasks/Innowise_task_5/airflow_env/lib/python3.8/site-packages/airflow/example_dags/example_latest_only_with_trigger.py
[2022-08-04 00:24:54,282] {processor.py:641} INFO - Processing file /home/ndx/Innowise tasks/Innowise_task_5/airflow_env/lib/python3.8/site-packages/airflow/example_dags/example_latest_only_with_trigger.py for tasks to queue
[2022-08-04 00:24:54,283] {logging_mixin.py:115} INFO - [2022-08-04 00:24:54,283] {dagbag.py:508} INFO - Filling up the DagBag from /home/ndx/Innowise tasks/Innowise_task_5/airflow_env/lib/python3.8/site-packages/airflow/example_dags/example_latest_only_with_trigger.py
[2022-08-04 00:24:54,286] {processor.py:651} INFO - DAG(s) dict_keys(['latest_only_with_trigger']) retrieved from /home/ndx/Innowise tasks/Innowise_task_5/airflow_env/lib/python3.8/site-packages/airflow/example_dags/example_latest_only_with_trigger.py
[2022-08-04 00:24:54,294] {logging_mixin.py:115} INFO - [2022-08-04 00:24:54,294] {dag.py:2420} INFO - Sync 1 DAGs
[2022-08-04 00:24:54,303] {logging_mixin.py:115} INFO - [2022-08-04 00:24:54,303] {dag.py:2968} INFO - Setting next_dagrun for latest_only_with_trigger to 2022-08-03T17:24:54.303481+00:00, run_after=2022-08-03T21:24:54.303481+00:00
[2022-08-04 00:24:54,310] {processor.py:161} INFO - Processing /home/ndx/Innowise tasks/Innowise_task_5/airflow_env/lib/python3.8/site-packages/airflow/example_dags/example_latest_only_with_trigger.py took 0.034 seconds
