[2022-08-04 00:00:26,384] {processor.py:153} INFO - Started process (PID=44780) to work on /home/ndx/Innowise tasks/Innowise_task_5/airflow_env/lib/python3.8/site-packages/airflow/example_dags/example_sla_dag.py
[2022-08-04 00:00:26,384] {processor.py:641} INFO - Processing file /home/ndx/Innowise tasks/Innowise_task_5/airflow_env/lib/python3.8/site-packages/airflow/example_dags/example_sla_dag.py for tasks to queue
[2022-08-04 00:00:26,384] {logging_mixin.py:115} INFO - [2022-08-04 00:00:26,384] {dagbag.py:508} INFO - Filling up the DagBag from /home/ndx/Innowise tasks/Innowise_task_5/airflow_env/lib/python3.8/site-packages/airflow/example_dags/example_sla_dag.py
[2022-08-04 00:00:26,394] {processor.py:651} INFO - DAG(s) dict_keys(['example_sla_dag']) retrieved from /home/ndx/Innowise tasks/Innowise_task_5/airflow_env/lib/python3.8/site-packages/airflow/example_dags/example_sla_dag.py
[2022-08-04 00:00:26,402] {logging_mixin.py:115} INFO - [2022-08-04 00:00:26,402] {dag.py:2420} INFO - Sync 1 DAGs
[2022-08-04 00:00:26,414] {logging_mixin.py:115} INFO - [2022-08-04 00:00:26,414] {dag.py:2968} INFO - Setting next_dagrun for example_sla_dag to 2022-08-03T20:58:00+00:00, run_after=2022-08-03T21:00:00+00:00
[2022-08-04 00:00:26,428] {processor.py:161} INFO - Processing /home/ndx/Innowise tasks/Innowise_task_5/airflow_env/lib/python3.8/site-packages/airflow/example_dags/example_sla_dag.py took 0.046 seconds
[2022-08-04 00:00:58,186] {processor.py:153} INFO - Started process (PID=44943) to work on /home/ndx/Innowise tasks/Innowise_task_5/airflow_env/lib/python3.8/site-packages/airflow/example_dags/example_sla_dag.py
[2022-08-04 00:00:58,191] {processor.py:641} INFO - Processing file /home/ndx/Innowise tasks/Innowise_task_5/airflow_env/lib/python3.8/site-packages/airflow/example_dags/example_sla_dag.py for tasks to queue
[2022-08-04 00:00:58,192] {logging_mixin.py:115} INFO - [2022-08-04 00:00:58,192] {dagbag.py:508} INFO - Filling up the DagBag from /home/ndx/Innowise tasks/Innowise_task_5/airflow_env/lib/python3.8/site-packages/airflow/example_dags/example_sla_dag.py
[2022-08-04 00:00:58,202] {processor.py:651} INFO - DAG(s) dict_keys(['example_sla_dag']) retrieved from /home/ndx/Innowise tasks/Innowise_task_5/airflow_env/lib/python3.8/site-packages/airflow/example_dags/example_sla_dag.py
[2022-08-04 00:00:58,210] {logging_mixin.py:115} INFO - [2022-08-04 00:00:58,210] {dag.py:2420} INFO - Sync 1 DAGs
[2022-08-04 00:00:58,222] {logging_mixin.py:115} INFO - [2022-08-04 00:00:58,222] {dag.py:2968} INFO - Setting next_dagrun for example_sla_dag to 2022-08-03T20:58:00+00:00, run_after=2022-08-03T21:00:00+00:00
[2022-08-04 00:00:58,228] {processor.py:161} INFO - Processing /home/ndx/Innowise tasks/Innowise_task_5/airflow_env/lib/python3.8/site-packages/airflow/example_dags/example_sla_dag.py took 0.044 seconds
[2022-08-04 00:01:35,640] {processor.py:153} INFO - Started process (PID=45091) to work on /home/ndx/Innowise tasks/Innowise_task_5/airflow_env/lib/python3.8/site-packages/airflow/example_dags/example_sla_dag.py
[2022-08-04 00:01:35,640] {processor.py:641} INFO - Processing file /home/ndx/Innowise tasks/Innowise_task_5/airflow_env/lib/python3.8/site-packages/airflow/example_dags/example_sla_dag.py for tasks to queue
[2022-08-04 00:01:35,640] {logging_mixin.py:115} INFO - [2022-08-04 00:01:35,640] {dagbag.py:508} INFO - Filling up the DagBag from /home/ndx/Innowise tasks/Innowise_task_5/airflow_env/lib/python3.8/site-packages/airflow/example_dags/example_sla_dag.py
[2022-08-04 00:01:35,652] {processor.py:651} INFO - DAG(s) dict_keys(['example_sla_dag']) retrieved from /home/ndx/Innowise tasks/Innowise_task_5/airflow_env/lib/python3.8/site-packages/airflow/example_dags/example_sla_dag.py
[2022-08-04 00:01:35,661] {logging_mixin.py:115} INFO - [2022-08-04 00:01:35,661] {dag.py:2420} INFO - Sync 1 DAGs
[2022-08-04 00:01:35,675] {logging_mixin.py:115} INFO - [2022-08-04 00:01:35,674] {dag.py:2968} INFO - Setting next_dagrun for example_sla_dag to 2022-08-03T20:58:00+00:00, run_after=2022-08-03T21:00:00+00:00
[2022-08-04 00:01:35,682] {processor.py:161} INFO - Processing /home/ndx/Innowise tasks/Innowise_task_5/airflow_env/lib/python3.8/site-packages/airflow/example_dags/example_sla_dag.py took 0.045 seconds
[2022-08-04 00:02:08,110] {processor.py:153} INFO - Started process (PID=45170) to work on /home/ndx/Innowise tasks/Innowise_task_5/airflow_env/lib/python3.8/site-packages/airflow/example_dags/example_sla_dag.py
[2022-08-04 00:02:08,116] {processor.py:641} INFO - Processing file /home/ndx/Innowise tasks/Innowise_task_5/airflow_env/lib/python3.8/site-packages/airflow/example_dags/example_sla_dag.py for tasks to queue
[2022-08-04 00:02:08,116] {logging_mixin.py:115} INFO - [2022-08-04 00:02:08,116] {dagbag.py:508} INFO - Filling up the DagBag from /home/ndx/Innowise tasks/Innowise_task_5/airflow_env/lib/python3.8/site-packages/airflow/example_dags/example_sla_dag.py
[2022-08-04 00:02:08,127] {processor.py:651} INFO - DAG(s) dict_keys(['example_sla_dag']) retrieved from /home/ndx/Innowise tasks/Innowise_task_5/airflow_env/lib/python3.8/site-packages/airflow/example_dags/example_sla_dag.py
[2022-08-04 00:02:08,135] {logging_mixin.py:115} INFO - [2022-08-04 00:02:08,135] {dag.py:2420} INFO - Sync 1 DAGs
[2022-08-04 00:02:08,146] {logging_mixin.py:115} INFO - [2022-08-04 00:02:08,146] {dag.py:2968} INFO - Setting next_dagrun for example_sla_dag to 2022-08-03T21:00:00+00:00, run_after=2022-08-03T21:02:00+00:00
[2022-08-04 00:02:08,152] {processor.py:161} INFO - Processing /home/ndx/Innowise tasks/Innowise_task_5/airflow_env/lib/python3.8/site-packages/airflow/example_dags/example_sla_dag.py took 0.044 seconds
[2022-08-04 00:02:43,044] {processor.py:153} INFO - Started process (PID=45329) to work on /home/ndx/Innowise tasks/Innowise_task_5/airflow_env/lib/python3.8/site-packages/airflow/example_dags/example_sla_dag.py
[2022-08-04 00:02:43,050] {processor.py:641} INFO - Processing file /home/ndx/Innowise tasks/Innowise_task_5/airflow_env/lib/python3.8/site-packages/airflow/example_dags/example_sla_dag.py for tasks to queue
[2022-08-04 00:02:43,050] {logging_mixin.py:115} INFO - [2022-08-04 00:02:43,050] {dagbag.py:508} INFO - Filling up the DagBag from /home/ndx/Innowise tasks/Innowise_task_5/airflow_env/lib/python3.8/site-packages/airflow/example_dags/example_sla_dag.py
[2022-08-04 00:02:43,060] {processor.py:651} INFO - DAG(s) dict_keys(['example_sla_dag']) retrieved from /home/ndx/Innowise tasks/Innowise_task_5/airflow_env/lib/python3.8/site-packages/airflow/example_dags/example_sla_dag.py
[2022-08-04 00:02:43,069] {logging_mixin.py:115} INFO - [2022-08-04 00:02:43,069] {dag.py:2420} INFO - Sync 1 DAGs
[2022-08-04 00:02:43,081] {logging_mixin.py:115} INFO - [2022-08-04 00:02:43,081] {dag.py:2968} INFO - Setting next_dagrun for example_sla_dag to 2022-08-03T21:00:00+00:00, run_after=2022-08-03T21:02:00+00:00
[2022-08-04 00:02:43,087] {processor.py:161} INFO - Processing /home/ndx/Innowise tasks/Innowise_task_5/airflow_env/lib/python3.8/site-packages/airflow/example_dags/example_sla_dag.py took 0.044 seconds
[2022-08-04 00:03:18,298] {processor.py:153} INFO - Started process (PID=45376) to work on /home/ndx/Innowise tasks/Innowise_task_5/airflow_env/lib/python3.8/site-packages/airflow/example_dags/example_sla_dag.py
[2022-08-04 00:03:18,304] {processor.py:641} INFO - Processing file /home/ndx/Innowise tasks/Innowise_task_5/airflow_env/lib/python3.8/site-packages/airflow/example_dags/example_sla_dag.py for tasks to queue
[2022-08-04 00:03:18,304] {logging_mixin.py:115} INFO - [2022-08-04 00:03:18,304] {dagbag.py:508} INFO - Filling up the DagBag from /home/ndx/Innowise tasks/Innowise_task_5/airflow_env/lib/python3.8/site-packages/airflow/example_dags/example_sla_dag.py
[2022-08-04 00:03:18,314] {processor.py:651} INFO - DAG(s) dict_keys(['example_sla_dag']) retrieved from /home/ndx/Innowise tasks/Innowise_task_5/airflow_env/lib/python3.8/site-packages/airflow/example_dags/example_sla_dag.py
[2022-08-04 00:03:18,322] {logging_mixin.py:115} INFO - [2022-08-04 00:03:18,322] {dag.py:2420} INFO - Sync 1 DAGs
[2022-08-04 00:03:18,334] {logging_mixin.py:115} INFO - [2022-08-04 00:03:18,334] {dag.py:2968} INFO - Setting next_dagrun for example_sla_dag to 2022-08-03T21:00:00+00:00, run_after=2022-08-03T21:02:00+00:00
[2022-08-04 00:03:18,340] {processor.py:161} INFO - Processing /home/ndx/Innowise tasks/Innowise_task_5/airflow_env/lib/python3.8/site-packages/airflow/example_dags/example_sla_dag.py took 0.044 seconds
[2022-08-04 00:03:52,873] {processor.py:153} INFO - Started process (PID=45457) to work on /home/ndx/Innowise tasks/Innowise_task_5/airflow_env/lib/python3.8/site-packages/airflow/example_dags/example_sla_dag.py
[2022-08-04 00:03:52,878] {processor.py:641} INFO - Processing file /home/ndx/Innowise tasks/Innowise_task_5/airflow_env/lib/python3.8/site-packages/airflow/example_dags/example_sla_dag.py for tasks to queue
[2022-08-04 00:03:52,879] {logging_mixin.py:115} INFO - [2022-08-04 00:03:52,879] {dagbag.py:508} INFO - Filling up the DagBag from /home/ndx/Innowise tasks/Innowise_task_5/airflow_env/lib/python3.8/site-packages/airflow/example_dags/example_sla_dag.py
[2022-08-04 00:03:52,888] {processor.py:651} INFO - DAG(s) dict_keys(['example_sla_dag']) retrieved from /home/ndx/Innowise tasks/Innowise_task_5/airflow_env/lib/python3.8/site-packages/airflow/example_dags/example_sla_dag.py
[2022-08-04 00:03:52,897] {logging_mixin.py:115} INFO - [2022-08-04 00:03:52,897] {dag.py:2420} INFO - Sync 1 DAGs
[2022-08-04 00:03:52,909] {logging_mixin.py:115} INFO - [2022-08-04 00:03:52,909] {dag.py:2968} INFO - Setting next_dagrun for example_sla_dag to 2022-08-03T21:00:00+00:00, run_after=2022-08-03T21:02:00+00:00
[2022-08-04 00:03:52,915] {processor.py:161} INFO - Processing /home/ndx/Innowise tasks/Innowise_task_5/airflow_env/lib/python3.8/site-packages/airflow/example_dags/example_sla_dag.py took 0.044 seconds
[2022-08-04 00:04:27,969] {processor.py:153} INFO - Started process (PID=45513) to work on /home/ndx/Innowise tasks/Innowise_task_5/airflow_env/lib/python3.8/site-packages/airflow/example_dags/example_sla_dag.py
[2022-08-04 00:04:27,974] {processor.py:641} INFO - Processing file /home/ndx/Innowise tasks/Innowise_task_5/airflow_env/lib/python3.8/site-packages/airflow/example_dags/example_sla_dag.py for tasks to queue
[2022-08-04 00:04:27,975] {logging_mixin.py:115} INFO - [2022-08-04 00:04:27,975] {dagbag.py:508} INFO - Filling up the DagBag from /home/ndx/Innowise tasks/Innowise_task_5/airflow_env/lib/python3.8/site-packages/airflow/example_dags/example_sla_dag.py
[2022-08-04 00:04:27,985] {processor.py:651} INFO - DAG(s) dict_keys(['example_sla_dag']) retrieved from /home/ndx/Innowise tasks/Innowise_task_5/airflow_env/lib/python3.8/site-packages/airflow/example_dags/example_sla_dag.py
[2022-08-04 00:04:27,993] {logging_mixin.py:115} INFO - [2022-08-04 00:04:27,993] {dag.py:2420} INFO - Sync 1 DAGs
[2022-08-04 00:04:28,005] {logging_mixin.py:115} INFO - [2022-08-04 00:04:28,005] {dag.py:2968} INFO - Setting next_dagrun for example_sla_dag to 2022-08-03T21:02:00+00:00, run_after=2022-08-03T21:04:00+00:00
[2022-08-04 00:04:28,014] {processor.py:161} INFO - Processing /home/ndx/Innowise tasks/Innowise_task_5/airflow_env/lib/python3.8/site-packages/airflow/example_dags/example_sla_dag.py took 0.047 seconds
[2022-08-04 00:05:01,099] {processor.py:153} INFO - Started process (PID=45640) to work on /home/ndx/Innowise tasks/Innowise_task_5/airflow_env/lib/python3.8/site-packages/airflow/example_dags/example_sla_dag.py
[2022-08-04 00:05:01,104] {processor.py:641} INFO - Processing file /home/ndx/Innowise tasks/Innowise_task_5/airflow_env/lib/python3.8/site-packages/airflow/example_dags/example_sla_dag.py for tasks to queue
[2022-08-04 00:05:01,105] {logging_mixin.py:115} INFO - [2022-08-04 00:05:01,105] {dagbag.py:508} INFO - Filling up the DagBag from /home/ndx/Innowise tasks/Innowise_task_5/airflow_env/lib/python3.8/site-packages/airflow/example_dags/example_sla_dag.py
[2022-08-04 00:05:01,114] {processor.py:651} INFO - DAG(s) dict_keys(['example_sla_dag']) retrieved from /home/ndx/Innowise tasks/Innowise_task_5/airflow_env/lib/python3.8/site-packages/airflow/example_dags/example_sla_dag.py
[2022-08-04 00:05:01,122] {logging_mixin.py:115} INFO - [2022-08-04 00:05:01,122] {dag.py:2420} INFO - Sync 1 DAGs
[2022-08-04 00:05:01,133] {logging_mixin.py:115} INFO - [2022-08-04 00:05:01,133] {dag.py:2968} INFO - Setting next_dagrun for example_sla_dag to 2022-08-03T21:02:00+00:00, run_after=2022-08-03T21:04:00+00:00
[2022-08-04 00:05:01,139] {processor.py:161} INFO - Processing /home/ndx/Innowise tasks/Innowise_task_5/airflow_env/lib/python3.8/site-packages/airflow/example_dags/example_sla_dag.py took 0.042 seconds
[2022-08-04 00:05:35,216] {processor.py:153} INFO - Started process (PID=45769) to work on /home/ndx/Innowise tasks/Innowise_task_5/airflow_env/lib/python3.8/site-packages/airflow/example_dags/example_sla_dag.py
[2022-08-04 00:05:35,222] {processor.py:641} INFO - Processing file /home/ndx/Innowise tasks/Innowise_task_5/airflow_env/lib/python3.8/site-packages/airflow/example_dags/example_sla_dag.py for tasks to queue
[2022-08-04 00:05:35,222] {logging_mixin.py:115} INFO - [2022-08-04 00:05:35,222] {dagbag.py:508} INFO - Filling up the DagBag from /home/ndx/Innowise tasks/Innowise_task_5/airflow_env/lib/python3.8/site-packages/airflow/example_dags/example_sla_dag.py
[2022-08-04 00:05:35,233] {processor.py:651} INFO - DAG(s) dict_keys(['example_sla_dag']) retrieved from /home/ndx/Innowise tasks/Innowise_task_5/airflow_env/lib/python3.8/site-packages/airflow/example_dags/example_sla_dag.py
[2022-08-04 00:05:35,240] {logging_mixin.py:115} INFO - [2022-08-04 00:05:35,240] {dag.py:2420} INFO - Sync 1 DAGs
[2022-08-04 00:05:35,252] {logging_mixin.py:115} INFO - [2022-08-04 00:05:35,252] {dag.py:2968} INFO - Setting next_dagrun for example_sla_dag to 2022-08-03T21:02:00+00:00, run_after=2022-08-03T21:04:00+00:00
[2022-08-04 00:05:35,258] {processor.py:161} INFO - Processing /home/ndx/Innowise tasks/Innowise_task_5/airflow_env/lib/python3.8/site-packages/airflow/example_dags/example_sla_dag.py took 0.043 seconds
[2022-08-04 00:06:08,054] {processor.py:153} INFO - Started process (PID=45840) to work on /home/ndx/Innowise tasks/Innowise_task_5/airflow_env/lib/python3.8/site-packages/airflow/example_dags/example_sla_dag.py
[2022-08-04 00:06:08,059] {processor.py:641} INFO - Processing file /home/ndx/Innowise tasks/Innowise_task_5/airflow_env/lib/python3.8/site-packages/airflow/example_dags/example_sla_dag.py for tasks to queue
[2022-08-04 00:06:08,059] {logging_mixin.py:115} INFO - [2022-08-04 00:06:08,059] {dagbag.py:508} INFO - Filling up the DagBag from /home/ndx/Innowise tasks/Innowise_task_5/airflow_env/lib/python3.8/site-packages/airflow/example_dags/example_sla_dag.py
[2022-08-04 00:06:08,070] {processor.py:651} INFO - DAG(s) dict_keys(['example_sla_dag']) retrieved from /home/ndx/Innowise tasks/Innowise_task_5/airflow_env/lib/python3.8/site-packages/airflow/example_dags/example_sla_dag.py
[2022-08-04 00:06:08,078] {logging_mixin.py:115} INFO - [2022-08-04 00:06:08,078] {dag.py:2420} INFO - Sync 1 DAGs
[2022-08-04 00:06:08,091] {logging_mixin.py:115} INFO - [2022-08-04 00:06:08,091] {dag.py:2968} INFO - Setting next_dagrun for example_sla_dag to 2022-08-03T21:04:00+00:00, run_after=2022-08-03T21:06:00+00:00
[2022-08-04 00:06:08,097] {processor.py:161} INFO - Processing /home/ndx/Innowise tasks/Innowise_task_5/airflow_env/lib/python3.8/site-packages/airflow/example_dags/example_sla_dag.py took 0.045 seconds
[2022-08-04 00:06:43,146] {processor.py:153} INFO - Started process (PID=45949) to work on /home/ndx/Innowise tasks/Innowise_task_5/airflow_env/lib/python3.8/site-packages/airflow/example_dags/example_sla_dag.py
[2022-08-04 00:06:43,152] {processor.py:641} INFO - Processing file /home/ndx/Innowise tasks/Innowise_task_5/airflow_env/lib/python3.8/site-packages/airflow/example_dags/example_sla_dag.py for tasks to queue
[2022-08-04 00:06:43,152] {logging_mixin.py:115} INFO - [2022-08-04 00:06:43,152] {dagbag.py:508} INFO - Filling up the DagBag from /home/ndx/Innowise tasks/Innowise_task_5/airflow_env/lib/python3.8/site-packages/airflow/example_dags/example_sla_dag.py
[2022-08-04 00:06:43,163] {processor.py:651} INFO - DAG(s) dict_keys(['example_sla_dag']) retrieved from /home/ndx/Innowise tasks/Innowise_task_5/airflow_env/lib/python3.8/site-packages/airflow/example_dags/example_sla_dag.py
[2022-08-04 00:06:43,171] {logging_mixin.py:115} INFO - [2022-08-04 00:06:43,171] {dag.py:2420} INFO - Sync 1 DAGs
[2022-08-04 00:06:43,183] {logging_mixin.py:115} INFO - [2022-08-04 00:06:43,183] {dag.py:2968} INFO - Setting next_dagrun for example_sla_dag to 2022-08-03T21:04:00+00:00, run_after=2022-08-03T21:06:00+00:00
[2022-08-04 00:06:43,192] {processor.py:161} INFO - Processing /home/ndx/Innowise tasks/Innowise_task_5/airflow_env/lib/python3.8/site-packages/airflow/example_dags/example_sla_dag.py took 0.047 seconds
[2022-08-04 00:07:16,820] {processor.py:153} INFO - Started process (PID=46019) to work on /home/ndx/Innowise tasks/Innowise_task_5/airflow_env/lib/python3.8/site-packages/airflow/example_dags/example_sla_dag.py
[2022-08-04 00:07:16,820] {processor.py:641} INFO - Processing file /home/ndx/Innowise tasks/Innowise_task_5/airflow_env/lib/python3.8/site-packages/airflow/example_dags/example_sla_dag.py for tasks to queue
[2022-08-04 00:07:16,820] {logging_mixin.py:115} INFO - [2022-08-04 00:07:16,820] {dagbag.py:508} INFO - Filling up the DagBag from /home/ndx/Innowise tasks/Innowise_task_5/airflow_env/lib/python3.8/site-packages/airflow/example_dags/example_sla_dag.py
[2022-08-04 00:07:16,830] {processor.py:651} INFO - DAG(s) dict_keys(['example_sla_dag']) retrieved from /home/ndx/Innowise tasks/Innowise_task_5/airflow_env/lib/python3.8/site-packages/airflow/example_dags/example_sla_dag.py
[2022-08-04 00:07:16,838] {logging_mixin.py:115} INFO - [2022-08-04 00:07:16,838] {dag.py:2420} INFO - Sync 1 DAGs
[2022-08-04 00:07:16,850] {logging_mixin.py:115} INFO - [2022-08-04 00:07:16,850] {dag.py:2968} INFO - Setting next_dagrun for example_sla_dag to 2022-08-03T21:04:00+00:00, run_after=2022-08-03T21:06:00+00:00
[2022-08-04 00:07:16,856] {processor.py:161} INFO - Processing /home/ndx/Innowise tasks/Innowise_task_5/airflow_env/lib/python3.8/site-packages/airflow/example_dags/example_sla_dag.py took 0.038 seconds
[2022-08-04 00:07:49,862] {processor.py:153} INFO - Started process (PID=46086) to work on /home/ndx/Innowise tasks/Innowise_task_5/airflow_env/lib/python3.8/site-packages/airflow/example_dags/example_sla_dag.py
[2022-08-04 00:07:49,867] {processor.py:641} INFO - Processing file /home/ndx/Innowise tasks/Innowise_task_5/airflow_env/lib/python3.8/site-packages/airflow/example_dags/example_sla_dag.py for tasks to queue
[2022-08-04 00:07:49,868] {logging_mixin.py:115} INFO - [2022-08-04 00:07:49,867] {dagbag.py:508} INFO - Filling up the DagBag from /home/ndx/Innowise tasks/Innowise_task_5/airflow_env/lib/python3.8/site-packages/airflow/example_dags/example_sla_dag.py
[2022-08-04 00:07:49,878] {processor.py:651} INFO - DAG(s) dict_keys(['example_sla_dag']) retrieved from /home/ndx/Innowise tasks/Innowise_task_5/airflow_env/lib/python3.8/site-packages/airflow/example_dags/example_sla_dag.py
[2022-08-04 00:07:49,887] {logging_mixin.py:115} INFO - [2022-08-04 00:07:49,887] {dag.py:2420} INFO - Sync 1 DAGs
[2022-08-04 00:07:49,900] {logging_mixin.py:115} INFO - [2022-08-04 00:07:49,900] {dag.py:2968} INFO - Setting next_dagrun for example_sla_dag to 2022-08-03T21:04:00+00:00, run_after=2022-08-03T21:06:00+00:00
[2022-08-04 00:07:49,907] {processor.py:161} INFO - Processing /home/ndx/Innowise tasks/Innowise_task_5/airflow_env/lib/python3.8/site-packages/airflow/example_dags/example_sla_dag.py took 0.047 seconds
[2022-08-04 00:08:24,131] {processor.py:153} INFO - Started process (PID=46145) to work on /home/ndx/Innowise tasks/Innowise_task_5/airflow_env/lib/python3.8/site-packages/airflow/example_dags/example_sla_dag.py
[2022-08-04 00:08:24,137] {processor.py:641} INFO - Processing file /home/ndx/Innowise tasks/Innowise_task_5/airflow_env/lib/python3.8/site-packages/airflow/example_dags/example_sla_dag.py for tasks to queue
[2022-08-04 00:08:24,137] {logging_mixin.py:115} INFO - [2022-08-04 00:08:24,137] {dagbag.py:508} INFO - Filling up the DagBag from /home/ndx/Innowise tasks/Innowise_task_5/airflow_env/lib/python3.8/site-packages/airflow/example_dags/example_sla_dag.py
[2022-08-04 00:08:24,148] {processor.py:651} INFO - DAG(s) dict_keys(['example_sla_dag']) retrieved from /home/ndx/Innowise tasks/Innowise_task_5/airflow_env/lib/python3.8/site-packages/airflow/example_dags/example_sla_dag.py
[2022-08-04 00:08:24,157] {logging_mixin.py:115} INFO - [2022-08-04 00:08:24,157] {dag.py:2420} INFO - Sync 1 DAGs
[2022-08-04 00:08:24,170] {logging_mixin.py:115} INFO - [2022-08-04 00:08:24,169] {dag.py:2968} INFO - Setting next_dagrun for example_sla_dag to 2022-08-03T21:06:00+00:00, run_after=2022-08-03T21:08:00+00:00
[2022-08-04 00:08:24,177] {processor.py:161} INFO - Processing /home/ndx/Innowise tasks/Innowise_task_5/airflow_env/lib/python3.8/site-packages/airflow/example_dags/example_sla_dag.py took 0.047 seconds
[2022-08-04 00:08:57,992] {processor.py:153} INFO - Started process (PID=46285) to work on /home/ndx/Innowise tasks/Innowise_task_5/airflow_env/lib/python3.8/site-packages/airflow/example_dags/example_sla_dag.py
[2022-08-04 00:08:57,998] {processor.py:641} INFO - Processing file /home/ndx/Innowise tasks/Innowise_task_5/airflow_env/lib/python3.8/site-packages/airflow/example_dags/example_sla_dag.py for tasks to queue
[2022-08-04 00:08:57,999] {logging_mixin.py:115} INFO - [2022-08-04 00:08:57,998] {dagbag.py:508} INFO - Filling up the DagBag from /home/ndx/Innowise tasks/Innowise_task_5/airflow_env/lib/python3.8/site-packages/airflow/example_dags/example_sla_dag.py
[2022-08-04 00:08:58,009] {processor.py:651} INFO - DAG(s) dict_keys(['example_sla_dag']) retrieved from /home/ndx/Innowise tasks/Innowise_task_5/airflow_env/lib/python3.8/site-packages/airflow/example_dags/example_sla_dag.py
[2022-08-04 00:08:58,018] {logging_mixin.py:115} INFO - [2022-08-04 00:08:58,018] {dag.py:2420} INFO - Sync 1 DAGs
[2022-08-04 00:08:58,033] {logging_mixin.py:115} INFO - [2022-08-04 00:08:58,033] {dag.py:2968} INFO - Setting next_dagrun for example_sla_dag to 2022-08-03T21:06:00+00:00, run_after=2022-08-03T21:08:00+00:00
[2022-08-04 00:08:58,040] {processor.py:161} INFO - Processing /home/ndx/Innowise tasks/Innowise_task_5/airflow_env/lib/python3.8/site-packages/airflow/example_dags/example_sla_dag.py took 0.050 seconds
[2022-08-04 00:09:36,262] {processor.py:153} INFO - Started process (PID=46372) to work on /home/ndx/Innowise tasks/Innowise_task_5/airflow_env/lib/python3.8/site-packages/airflow/example_dags/example_sla_dag.py
[2022-08-04 00:09:36,267] {processor.py:641} INFO - Processing file /home/ndx/Innowise tasks/Innowise_task_5/airflow_env/lib/python3.8/site-packages/airflow/example_dags/example_sla_dag.py for tasks to queue
[2022-08-04 00:09:36,268] {logging_mixin.py:115} INFO - [2022-08-04 00:09:36,268] {dagbag.py:508} INFO - Filling up the DagBag from /home/ndx/Innowise tasks/Innowise_task_5/airflow_env/lib/python3.8/site-packages/airflow/example_dags/example_sla_dag.py
[2022-08-04 00:09:36,278] {processor.py:651} INFO - DAG(s) dict_keys(['example_sla_dag']) retrieved from /home/ndx/Innowise tasks/Innowise_task_5/airflow_env/lib/python3.8/site-packages/airflow/example_dags/example_sla_dag.py
[2022-08-04 00:09:36,287] {logging_mixin.py:115} INFO - [2022-08-04 00:09:36,287] {dag.py:2420} INFO - Sync 1 DAGs
[2022-08-04 00:09:36,299] {logging_mixin.py:115} INFO - [2022-08-04 00:09:36,299] {dag.py:2968} INFO - Setting next_dagrun for example_sla_dag to 2022-08-03T21:06:00+00:00, run_after=2022-08-03T21:08:00+00:00
[2022-08-04 00:09:36,305] {processor.py:161} INFO - Processing /home/ndx/Innowise tasks/Innowise_task_5/airflow_env/lib/python3.8/site-packages/airflow/example_dags/example_sla_dag.py took 0.045 seconds
[2022-08-04 00:10:09,384] {processor.py:153} INFO - Started process (PID=46422) to work on /home/ndx/Innowise tasks/Innowise_task_5/airflow_env/lib/python3.8/site-packages/airflow/example_dags/example_sla_dag.py
[2022-08-04 00:10:09,390] {processor.py:641} INFO - Processing file /home/ndx/Innowise tasks/Innowise_task_5/airflow_env/lib/python3.8/site-packages/airflow/example_dags/example_sla_dag.py for tasks to queue
[2022-08-04 00:10:09,390] {logging_mixin.py:115} INFO - [2022-08-04 00:10:09,390] {dagbag.py:508} INFO - Filling up the DagBag from /home/ndx/Innowise tasks/Innowise_task_5/airflow_env/lib/python3.8/site-packages/airflow/example_dags/example_sla_dag.py
[2022-08-04 00:10:09,401] {processor.py:651} INFO - DAG(s) dict_keys(['example_sla_dag']) retrieved from /home/ndx/Innowise tasks/Innowise_task_5/airflow_env/lib/python3.8/site-packages/airflow/example_dags/example_sla_dag.py
[2022-08-04 00:10:09,409] {logging_mixin.py:115} INFO - [2022-08-04 00:10:09,409] {dag.py:2420} INFO - Sync 1 DAGs
[2022-08-04 00:10:09,421] {logging_mixin.py:115} INFO - [2022-08-04 00:10:09,421] {dag.py:2968} INFO - Setting next_dagrun for example_sla_dag to 2022-08-03T21:08:00+00:00, run_after=2022-08-03T21:10:00+00:00
[2022-08-04 00:10:09,430] {processor.py:161} INFO - Processing /home/ndx/Innowise tasks/Innowise_task_5/airflow_env/lib/python3.8/site-packages/airflow/example_dags/example_sla_dag.py took 0.047 seconds
[2022-08-04 00:10:42,078] {processor.py:153} INFO - Started process (PID=46542) to work on /home/ndx/Innowise tasks/Innowise_task_5/airflow_env/lib/python3.8/site-packages/airflow/example_dags/example_sla_dag.py
[2022-08-04 00:10:42,083] {processor.py:641} INFO - Processing file /home/ndx/Innowise tasks/Innowise_task_5/airflow_env/lib/python3.8/site-packages/airflow/example_dags/example_sla_dag.py for tasks to queue
[2022-08-04 00:10:42,084] {logging_mixin.py:115} INFO - [2022-08-04 00:10:42,084] {dagbag.py:508} INFO - Filling up the DagBag from /home/ndx/Innowise tasks/Innowise_task_5/airflow_env/lib/python3.8/site-packages/airflow/example_dags/example_sla_dag.py
[2022-08-04 00:10:42,094] {processor.py:651} INFO - DAG(s) dict_keys(['example_sla_dag']) retrieved from /home/ndx/Innowise tasks/Innowise_task_5/airflow_env/lib/python3.8/site-packages/airflow/example_dags/example_sla_dag.py
[2022-08-04 00:10:42,102] {logging_mixin.py:115} INFO - [2022-08-04 00:10:42,102] {dag.py:2420} INFO - Sync 1 DAGs
[2022-08-04 00:10:42,113] {logging_mixin.py:115} INFO - [2022-08-04 00:10:42,113] {dag.py:2968} INFO - Setting next_dagrun for example_sla_dag to 2022-08-03T21:08:00+00:00, run_after=2022-08-03T21:10:00+00:00
[2022-08-04 00:10:42,120] {processor.py:161} INFO - Processing /home/ndx/Innowise tasks/Innowise_task_5/airflow_env/lib/python3.8/site-packages/airflow/example_dags/example_sla_dag.py took 0.044 seconds
[2022-08-04 00:11:16,185] {processor.py:153} INFO - Started process (PID=46616) to work on /home/ndx/Innowise tasks/Innowise_task_5/airflow_env/lib/python3.8/site-packages/airflow/example_dags/example_sla_dag.py
[2022-08-04 00:11:16,190] {processor.py:641} INFO - Processing file /home/ndx/Innowise tasks/Innowise_task_5/airflow_env/lib/python3.8/site-packages/airflow/example_dags/example_sla_dag.py for tasks to queue
[2022-08-04 00:11:16,191] {logging_mixin.py:115} INFO - [2022-08-04 00:11:16,191] {dagbag.py:508} INFO - Filling up the DagBag from /home/ndx/Innowise tasks/Innowise_task_5/airflow_env/lib/python3.8/site-packages/airflow/example_dags/example_sla_dag.py
[2022-08-04 00:11:16,201] {processor.py:651} INFO - DAG(s) dict_keys(['example_sla_dag']) retrieved from /home/ndx/Innowise tasks/Innowise_task_5/airflow_env/lib/python3.8/site-packages/airflow/example_dags/example_sla_dag.py
[2022-08-04 00:11:16,209] {logging_mixin.py:115} INFO - [2022-08-04 00:11:16,209] {dag.py:2420} INFO - Sync 1 DAGs
[2022-08-04 00:11:16,220] {logging_mixin.py:115} INFO - [2022-08-04 00:11:16,220] {dag.py:2968} INFO - Setting next_dagrun for example_sla_dag to 2022-08-03T21:08:00+00:00, run_after=2022-08-03T21:10:00+00:00
[2022-08-04 00:11:16,227] {processor.py:161} INFO - Processing /home/ndx/Innowise tasks/Innowise_task_5/airflow_env/lib/python3.8/site-packages/airflow/example_dags/example_sla_dag.py took 0.044 seconds
[2022-08-04 00:11:49,898] {processor.py:153} INFO - Started process (PID=46674) to work on /home/ndx/Innowise tasks/Innowise_task_5/airflow_env/lib/python3.8/site-packages/airflow/example_dags/example_sla_dag.py
[2022-08-04 00:11:49,903] {processor.py:641} INFO - Processing file /home/ndx/Innowise tasks/Innowise_task_5/airflow_env/lib/python3.8/site-packages/airflow/example_dags/example_sla_dag.py for tasks to queue
[2022-08-04 00:11:49,904] {logging_mixin.py:115} INFO - [2022-08-04 00:11:49,903] {dagbag.py:508} INFO - Filling up the DagBag from /home/ndx/Innowise tasks/Innowise_task_5/airflow_env/lib/python3.8/site-packages/airflow/example_dags/example_sla_dag.py
[2022-08-04 00:11:49,914] {processor.py:651} INFO - DAG(s) dict_keys(['example_sla_dag']) retrieved from /home/ndx/Innowise tasks/Innowise_task_5/airflow_env/lib/python3.8/site-packages/airflow/example_dags/example_sla_dag.py
[2022-08-04 00:11:49,926] {logging_mixin.py:115} INFO - [2022-08-04 00:11:49,926] {dag.py:2420} INFO - Sync 1 DAGs
[2022-08-04 00:11:49,941] {logging_mixin.py:115} INFO - [2022-08-04 00:11:49,941] {dag.py:2968} INFO - Setting next_dagrun for example_sla_dag to 2022-08-03T21:08:00+00:00, run_after=2022-08-03T21:10:00+00:00
[2022-08-04 00:11:49,948] {processor.py:161} INFO - Processing /home/ndx/Innowise tasks/Innowise_task_5/airflow_env/lib/python3.8/site-packages/airflow/example_dags/example_sla_dag.py took 0.052 seconds
[2022-08-04 00:12:25,698] {processor.py:153} INFO - Started process (PID=46729) to work on /home/ndx/Innowise tasks/Innowise_task_5/airflow_env/lib/python3.8/site-packages/airflow/example_dags/example_sla_dag.py
[2022-08-04 00:12:25,704] {processor.py:641} INFO - Processing file /home/ndx/Innowise tasks/Innowise_task_5/airflow_env/lib/python3.8/site-packages/airflow/example_dags/example_sla_dag.py for tasks to queue
[2022-08-04 00:12:25,704] {logging_mixin.py:115} INFO - [2022-08-04 00:12:25,704] {dagbag.py:508} INFO - Filling up the DagBag from /home/ndx/Innowise tasks/Innowise_task_5/airflow_env/lib/python3.8/site-packages/airflow/example_dags/example_sla_dag.py
[2022-08-04 00:12:25,714] {processor.py:651} INFO - DAG(s) dict_keys(['example_sla_dag']) retrieved from /home/ndx/Innowise tasks/Innowise_task_5/airflow_env/lib/python3.8/site-packages/airflow/example_dags/example_sla_dag.py
[2022-08-04 00:12:25,722] {logging_mixin.py:115} INFO - [2022-08-04 00:12:25,722] {dag.py:2420} INFO - Sync 1 DAGs
[2022-08-04 00:12:25,734] {logging_mixin.py:115} INFO - [2022-08-04 00:12:25,734] {dag.py:2968} INFO - Setting next_dagrun for example_sla_dag to 2022-08-03T21:10:00+00:00, run_after=2022-08-03T21:12:00+00:00
[2022-08-04 00:12:25,741] {processor.py:161} INFO - Processing /home/ndx/Innowise tasks/Innowise_task_5/airflow_env/lib/python3.8/site-packages/airflow/example_dags/example_sla_dag.py took 0.044 seconds
[2022-08-04 00:12:58,963] {processor.py:153} INFO - Started process (PID=46799) to work on /home/ndx/Innowise tasks/Innowise_task_5/airflow_env/lib/python3.8/site-packages/airflow/example_dags/example_sla_dag.py
[2022-08-04 00:12:58,969] {processor.py:641} INFO - Processing file /home/ndx/Innowise tasks/Innowise_task_5/airflow_env/lib/python3.8/site-packages/airflow/example_dags/example_sla_dag.py for tasks to queue
[2022-08-04 00:12:58,969] {logging_mixin.py:115} INFO - [2022-08-04 00:12:58,969] {dagbag.py:508} INFO - Filling up the DagBag from /home/ndx/Innowise tasks/Innowise_task_5/airflow_env/lib/python3.8/site-packages/airflow/example_dags/example_sla_dag.py
[2022-08-04 00:12:58,980] {processor.py:651} INFO - DAG(s) dict_keys(['example_sla_dag']) retrieved from /home/ndx/Innowise tasks/Innowise_task_5/airflow_env/lib/python3.8/site-packages/airflow/example_dags/example_sla_dag.py
[2022-08-04 00:12:58,989] {logging_mixin.py:115} INFO - [2022-08-04 00:12:58,988] {dag.py:2420} INFO - Sync 1 DAGs
[2022-08-04 00:12:59,001] {logging_mixin.py:115} INFO - [2022-08-04 00:12:59,001] {dag.py:2968} INFO - Setting next_dagrun for example_sla_dag to 2022-08-03T21:10:00+00:00, run_after=2022-08-03T21:12:00+00:00
[2022-08-04 00:12:59,008] {processor.py:161} INFO - Processing /home/ndx/Innowise tasks/Innowise_task_5/airflow_env/lib/python3.8/site-packages/airflow/example_dags/example_sla_dag.py took 0.047 seconds
[2022-08-04 00:13:32,675] {processor.py:153} INFO - Started process (PID=46905) to work on /home/ndx/Innowise tasks/Innowise_task_5/airflow_env/lib/python3.8/site-packages/airflow/example_dags/example_sla_dag.py
[2022-08-04 00:13:32,680] {processor.py:641} INFO - Processing file /home/ndx/Innowise tasks/Innowise_task_5/airflow_env/lib/python3.8/site-packages/airflow/example_dags/example_sla_dag.py for tasks to queue
[2022-08-04 00:13:32,681] {logging_mixin.py:115} INFO - [2022-08-04 00:13:32,681] {dagbag.py:508} INFO - Filling up the DagBag from /home/ndx/Innowise tasks/Innowise_task_5/airflow_env/lib/python3.8/site-packages/airflow/example_dags/example_sla_dag.py
[2022-08-04 00:13:32,691] {processor.py:651} INFO - DAG(s) dict_keys(['example_sla_dag']) retrieved from /home/ndx/Innowise tasks/Innowise_task_5/airflow_env/lib/python3.8/site-packages/airflow/example_dags/example_sla_dag.py
[2022-08-04 00:13:32,699] {logging_mixin.py:115} INFO - [2022-08-04 00:13:32,699] {dag.py:2420} INFO - Sync 1 DAGs
[2022-08-04 00:13:32,711] {logging_mixin.py:115} INFO - [2022-08-04 00:13:32,711] {dag.py:2968} INFO - Setting next_dagrun for example_sla_dag to 2022-08-03T21:10:00+00:00, run_after=2022-08-03T21:12:00+00:00
[2022-08-04 00:13:32,717] {processor.py:161} INFO - Processing /home/ndx/Innowise tasks/Innowise_task_5/airflow_env/lib/python3.8/site-packages/airflow/example_dags/example_sla_dag.py took 0.043 seconds
[2022-08-04 00:14:05,936] {processor.py:153} INFO - Started process (PID=46958) to work on /home/ndx/Innowise tasks/Innowise_task_5/airflow_env/lib/python3.8/site-packages/airflow/example_dags/example_sla_dag.py
[2022-08-04 00:14:05,942] {processor.py:641} INFO - Processing file /home/ndx/Innowise tasks/Innowise_task_5/airflow_env/lib/python3.8/site-packages/airflow/example_dags/example_sla_dag.py for tasks to queue
[2022-08-04 00:14:05,942] {logging_mixin.py:115} INFO - [2022-08-04 00:14:05,942] {dagbag.py:508} INFO - Filling up the DagBag from /home/ndx/Innowise tasks/Innowise_task_5/airflow_env/lib/python3.8/site-packages/airflow/example_dags/example_sla_dag.py
[2022-08-04 00:14:05,952] {processor.py:651} INFO - DAG(s) dict_keys(['example_sla_dag']) retrieved from /home/ndx/Innowise tasks/Innowise_task_5/airflow_env/lib/python3.8/site-packages/airflow/example_dags/example_sla_dag.py
[2022-08-04 00:14:05,961] {logging_mixin.py:115} INFO - [2022-08-04 00:14:05,961] {dag.py:2420} INFO - Sync 1 DAGs
[2022-08-04 00:14:05,974] {logging_mixin.py:115} INFO - [2022-08-04 00:14:05,974] {dag.py:2968} INFO - Setting next_dagrun for example_sla_dag to 2022-08-03T21:12:00+00:00, run_after=2022-08-03T21:14:00+00:00
[2022-08-04 00:14:05,983] {processor.py:161} INFO - Processing /home/ndx/Innowise tasks/Innowise_task_5/airflow_env/lib/python3.8/site-packages/airflow/example_dags/example_sla_dag.py took 0.048 seconds
[2022-08-04 00:14:40,806] {processor.py:153} INFO - Started process (PID=47097) to work on /home/ndx/Innowise tasks/Innowise_task_5/airflow_env/lib/python3.8/site-packages/airflow/example_dags/example_sla_dag.py
[2022-08-04 00:14:40,812] {processor.py:641} INFO - Processing file /home/ndx/Innowise tasks/Innowise_task_5/airflow_env/lib/python3.8/site-packages/airflow/example_dags/example_sla_dag.py for tasks to queue
[2022-08-04 00:14:40,813] {logging_mixin.py:115} INFO - [2022-08-04 00:14:40,813] {dagbag.py:508} INFO - Filling up the DagBag from /home/ndx/Innowise tasks/Innowise_task_5/airflow_env/lib/python3.8/site-packages/airflow/example_dags/example_sla_dag.py
[2022-08-04 00:14:40,824] {processor.py:651} INFO - DAG(s) dict_keys(['example_sla_dag']) retrieved from /home/ndx/Innowise tasks/Innowise_task_5/airflow_env/lib/python3.8/site-packages/airflow/example_dags/example_sla_dag.py
[2022-08-04 00:14:40,834] {logging_mixin.py:115} INFO - [2022-08-04 00:14:40,834] {dag.py:2420} INFO - Sync 1 DAGs
[2022-08-04 00:14:40,847] {logging_mixin.py:115} INFO - [2022-08-04 00:14:40,847] {dag.py:2968} INFO - Setting next_dagrun for example_sla_dag to 2022-08-03T21:12:00+00:00, run_after=2022-08-03T21:14:00+00:00
[2022-08-04 00:14:40,855] {processor.py:161} INFO - Processing /home/ndx/Innowise tasks/Innowise_task_5/airflow_env/lib/python3.8/site-packages/airflow/example_dags/example_sla_dag.py took 0.051 seconds
[2022-08-04 00:15:18,490] {processor.py:153} INFO - Started process (PID=47216) to work on /home/ndx/Innowise tasks/Innowise_task_5/airflow_env/lib/python3.8/site-packages/airflow/example_dags/example_sla_dag.py
[2022-08-04 00:15:18,495] {processor.py:641} INFO - Processing file /home/ndx/Innowise tasks/Innowise_task_5/airflow_env/lib/python3.8/site-packages/airflow/example_dags/example_sla_dag.py for tasks to queue
[2022-08-04 00:15:18,496] {logging_mixin.py:115} INFO - [2022-08-04 00:15:18,496] {dagbag.py:508} INFO - Filling up the DagBag from /home/ndx/Innowise tasks/Innowise_task_5/airflow_env/lib/python3.8/site-packages/airflow/example_dags/example_sla_dag.py
[2022-08-04 00:15:18,506] {processor.py:651} INFO - DAG(s) dict_keys(['example_sla_dag']) retrieved from /home/ndx/Innowise tasks/Innowise_task_5/airflow_env/lib/python3.8/site-packages/airflow/example_dags/example_sla_dag.py
[2022-08-04 00:15:18,515] {logging_mixin.py:115} INFO - [2022-08-04 00:15:18,514] {dag.py:2420} INFO - Sync 1 DAGs
[2022-08-04 00:15:18,526] {logging_mixin.py:115} INFO - [2022-08-04 00:15:18,526] {dag.py:2968} INFO - Setting next_dagrun for example_sla_dag to 2022-08-03T21:12:00+00:00, run_after=2022-08-03T21:14:00+00:00
[2022-08-04 00:15:18,533] {processor.py:161} INFO - Processing /home/ndx/Innowise tasks/Innowise_task_5/airflow_env/lib/python3.8/site-packages/airflow/example_dags/example_sla_dag.py took 0.045 seconds
[2022-08-04 00:15:53,890] {processor.py:153} INFO - Started process (PID=47255) to work on /home/ndx/Innowise tasks/Innowise_task_5/airflow_env/lib/python3.8/site-packages/airflow/example_dags/example_sla_dag.py
[2022-08-04 00:15:53,895] {processor.py:641} INFO - Processing file /home/ndx/Innowise tasks/Innowise_task_5/airflow_env/lib/python3.8/site-packages/airflow/example_dags/example_sla_dag.py for tasks to queue
[2022-08-04 00:15:53,896] {logging_mixin.py:115} INFO - [2022-08-04 00:15:53,896] {dagbag.py:508} INFO - Filling up the DagBag from /home/ndx/Innowise tasks/Innowise_task_5/airflow_env/lib/python3.8/site-packages/airflow/example_dags/example_sla_dag.py
[2022-08-04 00:15:53,905] {processor.py:651} INFO - DAG(s) dict_keys(['example_sla_dag']) retrieved from /home/ndx/Innowise tasks/Innowise_task_5/airflow_env/lib/python3.8/site-packages/airflow/example_dags/example_sla_dag.py
[2022-08-04 00:15:53,913] {logging_mixin.py:115} INFO - [2022-08-04 00:15:53,913] {dag.py:2420} INFO - Sync 1 DAGs
[2022-08-04 00:15:53,925] {logging_mixin.py:115} INFO - [2022-08-04 00:15:53,925] {dag.py:2968} INFO - Setting next_dagrun for example_sla_dag to 2022-08-03T21:12:00+00:00, run_after=2022-08-03T21:14:00+00:00
[2022-08-04 00:15:53,934] {processor.py:161} INFO - Processing /home/ndx/Innowise tasks/Innowise_task_5/airflow_env/lib/python3.8/site-packages/airflow/example_dags/example_sla_dag.py took 0.045 seconds
[2022-08-04 00:16:26,648] {processor.py:153} INFO - Started process (PID=47335) to work on /home/ndx/Innowise tasks/Innowise_task_5/airflow_env/lib/python3.8/site-packages/airflow/example_dags/example_sla_dag.py
[2022-08-04 00:16:26,653] {processor.py:641} INFO - Processing file /home/ndx/Innowise tasks/Innowise_task_5/airflow_env/lib/python3.8/site-packages/airflow/example_dags/example_sla_dag.py for tasks to queue
[2022-08-04 00:16:26,654] {logging_mixin.py:115} INFO - [2022-08-04 00:16:26,653] {dagbag.py:508} INFO - Filling up the DagBag from /home/ndx/Innowise tasks/Innowise_task_5/airflow_env/lib/python3.8/site-packages/airflow/example_dags/example_sla_dag.py
[2022-08-04 00:16:26,663] {processor.py:651} INFO - DAG(s) dict_keys(['example_sla_dag']) retrieved from /home/ndx/Innowise tasks/Innowise_task_5/airflow_env/lib/python3.8/site-packages/airflow/example_dags/example_sla_dag.py
[2022-08-04 00:16:26,671] {logging_mixin.py:115} INFO - [2022-08-04 00:16:26,671] {dag.py:2420} INFO - Sync 1 DAGs
[2022-08-04 00:16:26,683] {logging_mixin.py:115} INFO - [2022-08-04 00:16:26,683] {dag.py:2968} INFO - Setting next_dagrun for example_sla_dag to 2022-08-03T21:14:00+00:00, run_after=2022-08-03T21:16:00+00:00
[2022-08-04 00:16:26,689] {processor.py:161} INFO - Processing /home/ndx/Innowise tasks/Innowise_task_5/airflow_env/lib/python3.8/site-packages/airflow/example_dags/example_sla_dag.py took 0.043 seconds
[2022-08-04 00:17:01,201] {processor.py:153} INFO - Started process (PID=47431) to work on /home/ndx/Innowise tasks/Innowise_task_5/airflow_env/lib/python3.8/site-packages/airflow/example_dags/example_sla_dag.py
[2022-08-04 00:17:01,202] {processor.py:641} INFO - Processing file /home/ndx/Innowise tasks/Innowise_task_5/airflow_env/lib/python3.8/site-packages/airflow/example_dags/example_sla_dag.py for tasks to queue
[2022-08-04 00:17:01,202] {logging_mixin.py:115} INFO - [2022-08-04 00:17:01,202] {dagbag.py:508} INFO - Filling up the DagBag from /home/ndx/Innowise tasks/Innowise_task_5/airflow_env/lib/python3.8/site-packages/airflow/example_dags/example_sla_dag.py
[2022-08-04 00:17:01,212] {processor.py:651} INFO - DAG(s) dict_keys(['example_sla_dag']) retrieved from /home/ndx/Innowise tasks/Innowise_task_5/airflow_env/lib/python3.8/site-packages/airflow/example_dags/example_sla_dag.py
[2022-08-04 00:17:01,220] {logging_mixin.py:115} INFO - [2022-08-04 00:17:01,220] {dag.py:2420} INFO - Sync 1 DAGs
[2022-08-04 00:17:01,232] {logging_mixin.py:115} INFO - [2022-08-04 00:17:01,232] {dag.py:2968} INFO - Setting next_dagrun for example_sla_dag to 2022-08-03T21:14:00+00:00, run_after=2022-08-03T21:16:00+00:00
[2022-08-04 00:17:01,241] {processor.py:161} INFO - Processing /home/ndx/Innowise tasks/Innowise_task_5/airflow_env/lib/python3.8/site-packages/airflow/example_dags/example_sla_dag.py took 0.042 seconds
[2022-08-04 00:17:37,156] {processor.py:153} INFO - Started process (PID=47499) to work on /home/ndx/Innowise tasks/Innowise_task_5/airflow_env/lib/python3.8/site-packages/airflow/example_dags/example_sla_dag.py
[2022-08-04 00:17:37,156] {processor.py:641} INFO - Processing file /home/ndx/Innowise tasks/Innowise_task_5/airflow_env/lib/python3.8/site-packages/airflow/example_dags/example_sla_dag.py for tasks to queue
[2022-08-04 00:17:37,157] {logging_mixin.py:115} INFO - [2022-08-04 00:17:37,157] {dagbag.py:508} INFO - Filling up the DagBag from /home/ndx/Innowise tasks/Innowise_task_5/airflow_env/lib/python3.8/site-packages/airflow/example_dags/example_sla_dag.py
[2022-08-04 00:17:37,164] {processor.py:651} INFO - DAG(s) dict_keys(['example_sla_dag']) retrieved from /home/ndx/Innowise tasks/Innowise_task_5/airflow_env/lib/python3.8/site-packages/airflow/example_dags/example_sla_dag.py
[2022-08-04 00:17:37,172] {logging_mixin.py:115} INFO - [2022-08-04 00:17:37,172] {dag.py:2420} INFO - Sync 1 DAGs
[2022-08-04 00:17:37,183] {logging_mixin.py:115} INFO - [2022-08-04 00:17:37,183] {dag.py:2968} INFO - Setting next_dagrun for example_sla_dag to 2022-08-03T21:14:00+00:00, run_after=2022-08-03T21:16:00+00:00
[2022-08-04 00:17:37,188] {processor.py:161} INFO - Processing /home/ndx/Innowise tasks/Innowise_task_5/airflow_env/lib/python3.8/site-packages/airflow/example_dags/example_sla_dag.py took 0.033 seconds
[2022-08-04 00:18:15,874] {processor.py:153} INFO - Started process (PID=47579) to work on /home/ndx/Innowise tasks/Innowise_task_5/airflow_env/lib/python3.8/site-packages/airflow/example_dags/example_sla_dag.py
[2022-08-04 00:18:15,880] {processor.py:641} INFO - Processing file /home/ndx/Innowise tasks/Innowise_task_5/airflow_env/lib/python3.8/site-packages/airflow/example_dags/example_sla_dag.py for tasks to queue
[2022-08-04 00:18:15,880] {logging_mixin.py:115} INFO - [2022-08-04 00:18:15,880] {dagbag.py:508} INFO - Filling up the DagBag from /home/ndx/Innowise tasks/Innowise_task_5/airflow_env/lib/python3.8/site-packages/airflow/example_dags/example_sla_dag.py
[2022-08-04 00:18:15,890] {processor.py:651} INFO - DAG(s) dict_keys(['example_sla_dag']) retrieved from /home/ndx/Innowise tasks/Innowise_task_5/airflow_env/lib/python3.8/site-packages/airflow/example_dags/example_sla_dag.py
[2022-08-04 00:18:15,898] {logging_mixin.py:115} INFO - [2022-08-04 00:18:15,898] {dag.py:2420} INFO - Sync 1 DAGs
[2022-08-04 00:18:15,910] {logging_mixin.py:115} INFO - [2022-08-04 00:18:15,910] {dag.py:2968} INFO - Setting next_dagrun for example_sla_dag to 2022-08-03T21:16:00+00:00, run_after=2022-08-03T21:18:00+00:00
[2022-08-04 00:18:15,916] {processor.py:161} INFO - Processing /home/ndx/Innowise tasks/Innowise_task_5/airflow_env/lib/python3.8/site-packages/airflow/example_dags/example_sla_dag.py took 0.044 seconds
[2022-08-04 00:18:49,997] {processor.py:153} INFO - Started process (PID=47620) to work on /home/ndx/Innowise tasks/Innowise_task_5/airflow_env/lib/python3.8/site-packages/airflow/example_dags/example_sla_dag.py
[2022-08-04 00:18:50,002] {processor.py:641} INFO - Processing file /home/ndx/Innowise tasks/Innowise_task_5/airflow_env/lib/python3.8/site-packages/airflow/example_dags/example_sla_dag.py for tasks to queue
[2022-08-04 00:18:50,003] {logging_mixin.py:115} INFO - [2022-08-04 00:18:50,003] {dagbag.py:508} INFO - Filling up the DagBag from /home/ndx/Innowise tasks/Innowise_task_5/airflow_env/lib/python3.8/site-packages/airflow/example_dags/example_sla_dag.py
[2022-08-04 00:18:50,012] {processor.py:651} INFO - DAG(s) dict_keys(['example_sla_dag']) retrieved from /home/ndx/Innowise tasks/Innowise_task_5/airflow_env/lib/python3.8/site-packages/airflow/example_dags/example_sla_dag.py
[2022-08-04 00:18:50,021] {logging_mixin.py:115} INFO - [2022-08-04 00:18:50,021] {dag.py:2420} INFO - Sync 1 DAGs
[2022-08-04 00:18:50,033] {logging_mixin.py:115} INFO - [2022-08-04 00:18:50,033] {dag.py:2968} INFO - Setting next_dagrun for example_sla_dag to 2022-08-03T21:16:00+00:00, run_after=2022-08-03T21:18:00+00:00
[2022-08-04 00:18:50,039] {processor.py:161} INFO - Processing /home/ndx/Innowise tasks/Innowise_task_5/airflow_env/lib/python3.8/site-packages/airflow/example_dags/example_sla_dag.py took 0.044 seconds
[2022-08-04 00:19:24,798] {processor.py:153} INFO - Started process (PID=47834) to work on /home/ndx/Innowise tasks/Innowise_task_5/airflow_env/lib/python3.8/site-packages/airflow/example_dags/example_sla_dag.py
[2022-08-04 00:19:24,803] {processor.py:641} INFO - Processing file /home/ndx/Innowise tasks/Innowise_task_5/airflow_env/lib/python3.8/site-packages/airflow/example_dags/example_sla_dag.py for tasks to queue
[2022-08-04 00:19:24,804] {logging_mixin.py:115} INFO - [2022-08-04 00:19:24,804] {dagbag.py:508} INFO - Filling up the DagBag from /home/ndx/Innowise tasks/Innowise_task_5/airflow_env/lib/python3.8/site-packages/airflow/example_dags/example_sla_dag.py
[2022-08-04 00:19:24,814] {processor.py:651} INFO - DAG(s) dict_keys(['example_sla_dag']) retrieved from /home/ndx/Innowise tasks/Innowise_task_5/airflow_env/lib/python3.8/site-packages/airflow/example_dags/example_sla_dag.py
[2022-08-04 00:19:24,823] {logging_mixin.py:115} INFO - [2022-08-04 00:19:24,823] {dag.py:2420} INFO - Sync 1 DAGs
[2022-08-04 00:19:24,835] {logging_mixin.py:115} INFO - [2022-08-04 00:19:24,835] {dag.py:2968} INFO - Setting next_dagrun for example_sla_dag to 2022-08-03T21:16:00+00:00, run_after=2022-08-03T21:18:00+00:00
[2022-08-04 00:19:24,843] {processor.py:161} INFO - Processing /home/ndx/Innowise tasks/Innowise_task_5/airflow_env/lib/python3.8/site-packages/airflow/example_dags/example_sla_dag.py took 0.046 seconds
[2022-08-04 00:19:57,865] {processor.py:153} INFO - Started process (PID=47898) to work on /home/ndx/Innowise tasks/Innowise_task_5/airflow_env/lib/python3.8/site-packages/airflow/example_dags/example_sla_dag.py
[2022-08-04 00:19:57,870] {processor.py:641} INFO - Processing file /home/ndx/Innowise tasks/Innowise_task_5/airflow_env/lib/python3.8/site-packages/airflow/example_dags/example_sla_dag.py for tasks to queue
[2022-08-04 00:19:57,871] {logging_mixin.py:115} INFO - [2022-08-04 00:19:57,871] {dagbag.py:508} INFO - Filling up the DagBag from /home/ndx/Innowise tasks/Innowise_task_5/airflow_env/lib/python3.8/site-packages/airflow/example_dags/example_sla_dag.py
[2022-08-04 00:19:57,882] {processor.py:651} INFO - DAG(s) dict_keys(['example_sla_dag']) retrieved from /home/ndx/Innowise tasks/Innowise_task_5/airflow_env/lib/python3.8/site-packages/airflow/example_dags/example_sla_dag.py
[2022-08-04 00:19:57,891] {logging_mixin.py:115} INFO - [2022-08-04 00:19:57,891] {dag.py:2420} INFO - Sync 1 DAGs
[2022-08-04 00:19:57,905] {logging_mixin.py:115} INFO - [2022-08-04 00:19:57,905] {dag.py:2968} INFO - Setting next_dagrun for example_sla_dag to 2022-08-03T21:16:00+00:00, run_after=2022-08-03T21:18:00+00:00
[2022-08-04 00:19:57,912] {processor.py:161} INFO - Processing /home/ndx/Innowise tasks/Innowise_task_5/airflow_env/lib/python3.8/site-packages/airflow/example_dags/example_sla_dag.py took 0.049 seconds
[2022-08-04 00:20:32,051] {processor.py:153} INFO - Started process (PID=47991) to work on /home/ndx/Innowise tasks/Innowise_task_5/airflow_env/lib/python3.8/site-packages/airflow/example_dags/example_sla_dag.py
[2022-08-04 00:20:32,057] {processor.py:641} INFO - Processing file /home/ndx/Innowise tasks/Innowise_task_5/airflow_env/lib/python3.8/site-packages/airflow/example_dags/example_sla_dag.py for tasks to queue
[2022-08-04 00:20:32,057] {logging_mixin.py:115} INFO - [2022-08-04 00:20:32,057] {dagbag.py:508} INFO - Filling up the DagBag from /home/ndx/Innowise tasks/Innowise_task_5/airflow_env/lib/python3.8/site-packages/airflow/example_dags/example_sla_dag.py
[2022-08-04 00:20:32,068] {processor.py:651} INFO - DAG(s) dict_keys(['example_sla_dag']) retrieved from /home/ndx/Innowise tasks/Innowise_task_5/airflow_env/lib/python3.8/site-packages/airflow/example_dags/example_sla_dag.py
[2022-08-04 00:20:32,076] {logging_mixin.py:115} INFO - [2022-08-04 00:20:32,076] {dag.py:2420} INFO - Sync 1 DAGs
[2022-08-04 00:20:32,087] {logging_mixin.py:115} INFO - [2022-08-04 00:20:32,087] {dag.py:2968} INFO - Setting next_dagrun for example_sla_dag to 2022-08-03T21:18:00+00:00, run_after=2022-08-03T21:20:00+00:00
[2022-08-04 00:20:32,096] {processor.py:161} INFO - Processing /home/ndx/Innowise tasks/Innowise_task_5/airflow_env/lib/python3.8/site-packages/airflow/example_dags/example_sla_dag.py took 0.047 seconds
[2022-08-04 00:21:04,703] {processor.py:153} INFO - Started process (PID=48076) to work on /home/ndx/Innowise tasks/Innowise_task_5/airflow_env/lib/python3.8/site-packages/airflow/example_dags/example_sla_dag.py
[2022-08-04 00:21:04,708] {processor.py:641} INFO - Processing file /home/ndx/Innowise tasks/Innowise_task_5/airflow_env/lib/python3.8/site-packages/airflow/example_dags/example_sla_dag.py for tasks to queue
[2022-08-04 00:21:04,709] {logging_mixin.py:115} INFO - [2022-08-04 00:21:04,709] {dagbag.py:508} INFO - Filling up the DagBag from /home/ndx/Innowise tasks/Innowise_task_5/airflow_env/lib/python3.8/site-packages/airflow/example_dags/example_sla_dag.py
[2022-08-04 00:21:04,720] {processor.py:651} INFO - DAG(s) dict_keys(['example_sla_dag']) retrieved from /home/ndx/Innowise tasks/Innowise_task_5/airflow_env/lib/python3.8/site-packages/airflow/example_dags/example_sla_dag.py
[2022-08-04 00:21:04,730] {logging_mixin.py:115} INFO - [2022-08-04 00:21:04,730] {dag.py:2420} INFO - Sync 1 DAGs
[2022-08-04 00:21:04,742] {logging_mixin.py:115} INFO - [2022-08-04 00:21:04,742] {dag.py:2968} INFO - Setting next_dagrun for example_sla_dag to 2022-08-03T21:18:00+00:00, run_after=2022-08-03T21:20:00+00:00
[2022-08-04 00:21:04,749] {processor.py:161} INFO - Processing /home/ndx/Innowise tasks/Innowise_task_5/airflow_env/lib/python3.8/site-packages/airflow/example_dags/example_sla_dag.py took 0.047 seconds
[2022-08-04 00:21:39,335] {processor.py:153} INFO - Started process (PID=48155) to work on /home/ndx/Innowise tasks/Innowise_task_5/airflow_env/lib/python3.8/site-packages/airflow/example_dags/example_sla_dag.py
[2022-08-04 00:21:39,341] {processor.py:641} INFO - Processing file /home/ndx/Innowise tasks/Innowise_task_5/airflow_env/lib/python3.8/site-packages/airflow/example_dags/example_sla_dag.py for tasks to queue
[2022-08-04 00:21:39,341] {logging_mixin.py:115} INFO - [2022-08-04 00:21:39,341] {dagbag.py:508} INFO - Filling up the DagBag from /home/ndx/Innowise tasks/Innowise_task_5/airflow_env/lib/python3.8/site-packages/airflow/example_dags/example_sla_dag.py
[2022-08-04 00:21:39,351] {processor.py:651} INFO - DAG(s) dict_keys(['example_sla_dag']) retrieved from /home/ndx/Innowise tasks/Innowise_task_5/airflow_env/lib/python3.8/site-packages/airflow/example_dags/example_sla_dag.py
[2022-08-04 00:21:39,359] {logging_mixin.py:115} INFO - [2022-08-04 00:21:39,359] {dag.py:2420} INFO - Sync 1 DAGs
[2022-08-04 00:21:39,370] {logging_mixin.py:115} INFO - [2022-08-04 00:21:39,370] {dag.py:2968} INFO - Setting next_dagrun for example_sla_dag to 2022-08-03T21:18:00+00:00, run_after=2022-08-03T21:20:00+00:00
[2022-08-04 00:21:39,378] {processor.py:161} INFO - Processing /home/ndx/Innowise tasks/Innowise_task_5/airflow_env/lib/python3.8/site-packages/airflow/example_dags/example_sla_dag.py took 0.045 seconds
[2022-08-04 00:22:14,281] {processor.py:153} INFO - Started process (PID=48224) to work on /home/ndx/Innowise tasks/Innowise_task_5/airflow_env/lib/python3.8/site-packages/airflow/example_dags/example_sla_dag.py
[2022-08-04 00:22:14,286] {processor.py:641} INFO - Processing file /home/ndx/Innowise tasks/Innowise_task_5/airflow_env/lib/python3.8/site-packages/airflow/example_dags/example_sla_dag.py for tasks to queue
[2022-08-04 00:22:14,287] {logging_mixin.py:115} INFO - [2022-08-04 00:22:14,287] {dagbag.py:508} INFO - Filling up the DagBag from /home/ndx/Innowise tasks/Innowise_task_5/airflow_env/lib/python3.8/site-packages/airflow/example_dags/example_sla_dag.py
[2022-08-04 00:22:14,298] {processor.py:651} INFO - DAG(s) dict_keys(['example_sla_dag']) retrieved from /home/ndx/Innowise tasks/Innowise_task_5/airflow_env/lib/python3.8/site-packages/airflow/example_dags/example_sla_dag.py
[2022-08-04 00:22:14,307] {logging_mixin.py:115} INFO - [2022-08-04 00:22:14,307] {dag.py:2420} INFO - Sync 1 DAGs
[2022-08-04 00:22:14,321] {logging_mixin.py:115} INFO - [2022-08-04 00:22:14,321] {dag.py:2968} INFO - Setting next_dagrun for example_sla_dag to 2022-08-03T21:20:00+00:00, run_after=2022-08-03T21:22:00+00:00
[2022-08-04 00:22:14,328] {processor.py:161} INFO - Processing /home/ndx/Innowise tasks/Innowise_task_5/airflow_env/lib/python3.8/site-packages/airflow/example_dags/example_sla_dag.py took 0.049 seconds
[2022-08-04 00:22:49,089] {processor.py:153} INFO - Started process (PID=48281) to work on /home/ndx/Innowise tasks/Innowise_task_5/airflow_env/lib/python3.8/site-packages/airflow/example_dags/example_sla_dag.py
[2022-08-04 00:22:49,094] {processor.py:641} INFO - Processing file /home/ndx/Innowise tasks/Innowise_task_5/airflow_env/lib/python3.8/site-packages/airflow/example_dags/example_sla_dag.py for tasks to queue
[2022-08-04 00:22:49,095] {logging_mixin.py:115} INFO - [2022-08-04 00:22:49,095] {dagbag.py:508} INFO - Filling up the DagBag from /home/ndx/Innowise tasks/Innowise_task_5/airflow_env/lib/python3.8/site-packages/airflow/example_dags/example_sla_dag.py
[2022-08-04 00:22:49,105] {processor.py:651} INFO - DAG(s) dict_keys(['example_sla_dag']) retrieved from /home/ndx/Innowise tasks/Innowise_task_5/airflow_env/lib/python3.8/site-packages/airflow/example_dags/example_sla_dag.py
[2022-08-04 00:22:49,113] {logging_mixin.py:115} INFO - [2022-08-04 00:22:49,113] {dag.py:2420} INFO - Sync 1 DAGs
[2022-08-04 00:22:49,125] {logging_mixin.py:115} INFO - [2022-08-04 00:22:49,125] {dag.py:2968} INFO - Setting next_dagrun for example_sla_dag to 2022-08-03T21:20:00+00:00, run_after=2022-08-03T21:22:00+00:00
[2022-08-04 00:22:49,131] {processor.py:161} INFO - Processing /home/ndx/Innowise tasks/Innowise_task_5/airflow_env/lib/python3.8/site-packages/airflow/example_dags/example_sla_dag.py took 0.044 seconds
[2022-08-04 00:23:24,908] {processor.py:153} INFO - Started process (PID=48331) to work on /home/ndx/Innowise tasks/Innowise_task_5/airflow_env/lib/python3.8/site-packages/airflow/example_dags/example_sla_dag.py
[2022-08-04 00:23:24,913] {processor.py:641} INFO - Processing file /home/ndx/Innowise tasks/Innowise_task_5/airflow_env/lib/python3.8/site-packages/airflow/example_dags/example_sla_dag.py for tasks to queue
[2022-08-04 00:23:24,914] {logging_mixin.py:115} INFO - [2022-08-04 00:23:24,913] {dagbag.py:508} INFO - Filling up the DagBag from /home/ndx/Innowise tasks/Innowise_task_5/airflow_env/lib/python3.8/site-packages/airflow/example_dags/example_sla_dag.py
[2022-08-04 00:23:24,924] {processor.py:651} INFO - DAG(s) dict_keys(['example_sla_dag']) retrieved from /home/ndx/Innowise tasks/Innowise_task_5/airflow_env/lib/python3.8/site-packages/airflow/example_dags/example_sla_dag.py
[2022-08-04 00:23:24,932] {logging_mixin.py:115} INFO - [2022-08-04 00:23:24,932] {dag.py:2420} INFO - Sync 1 DAGs
[2022-08-04 00:23:24,943] {logging_mixin.py:115} INFO - [2022-08-04 00:23:24,943] {dag.py:2968} INFO - Setting next_dagrun for example_sla_dag to 2022-08-03T21:20:00+00:00, run_after=2022-08-03T21:22:00+00:00
[2022-08-04 00:23:24,949] {processor.py:161} INFO - Processing /home/ndx/Innowise tasks/Innowise_task_5/airflow_env/lib/python3.8/site-packages/airflow/example_dags/example_sla_dag.py took 0.043 seconds
[2022-08-04 00:23:41,631] {processor.py:153} INFO - Started process (PID=48369) to work on /home/ndx/Innowise tasks/Innowise_task_5/airflow_env/lib/python3.8/site-packages/airflow/example_dags/example_sla_dag.py
[2022-08-04 00:23:41,636] {processor.py:641} INFO - Processing file /home/ndx/Innowise tasks/Innowise_task_5/airflow_env/lib/python3.8/site-packages/airflow/example_dags/example_sla_dag.py for tasks to queue
[2022-08-04 00:23:41,637] {logging_mixin.py:115} INFO - [2022-08-04 00:23:41,637] {dagbag.py:508} INFO - Filling up the DagBag from /home/ndx/Innowise tasks/Innowise_task_5/airflow_env/lib/python3.8/site-packages/airflow/example_dags/example_sla_dag.py
[2022-08-04 00:23:41,647] {processor.py:651} INFO - DAG(s) dict_keys(['example_sla_dag']) retrieved from /home/ndx/Innowise tasks/Innowise_task_5/airflow_env/lib/python3.8/site-packages/airflow/example_dags/example_sla_dag.py
[2022-08-04 00:23:41,656] {logging_mixin.py:115} INFO - [2022-08-04 00:23:41,656] {dag.py:2420} INFO - Sync 1 DAGs
[2022-08-04 00:23:41,670] {logging_mixin.py:115} INFO - [2022-08-04 00:23:41,670] {dag.py:2968} INFO - Setting next_dagrun for example_sla_dag to 2022-08-03T21:20:00+00:00, run_after=2022-08-03T21:22:00+00:00
[2022-08-04 00:23:41,676] {processor.py:161} INFO - Processing /home/ndx/Innowise tasks/Innowise_task_5/airflow_env/lib/python3.8/site-packages/airflow/example_dags/example_sla_dag.py took 0.046 seconds
[2022-08-04 00:24:13,572] {processor.py:153} INFO - Started process (PID=48488) to work on /home/ndx/Innowise tasks/Innowise_task_5/airflow_env/lib/python3.8/site-packages/airflow/example_dags/example_sla_dag.py
[2022-08-04 00:24:13,578] {processor.py:641} INFO - Processing file /home/ndx/Innowise tasks/Innowise_task_5/airflow_env/lib/python3.8/site-packages/airflow/example_dags/example_sla_dag.py for tasks to queue
[2022-08-04 00:24:13,578] {logging_mixin.py:115} INFO - [2022-08-04 00:24:13,578] {dagbag.py:508} INFO - Filling up the DagBag from /home/ndx/Innowise tasks/Innowise_task_5/airflow_env/lib/python3.8/site-packages/airflow/example_dags/example_sla_dag.py
[2022-08-04 00:24:13,590] {processor.py:651} INFO - DAG(s) dict_keys(['example_sla_dag']) retrieved from /home/ndx/Innowise tasks/Innowise_task_5/airflow_env/lib/python3.8/site-packages/airflow/example_dags/example_sla_dag.py
[2022-08-04 00:24:13,600] {logging_mixin.py:115} INFO - [2022-08-04 00:24:13,599] {dag.py:2420} INFO - Sync 1 DAGs
[2022-08-04 00:24:13,614] {logging_mixin.py:115} INFO - [2022-08-04 00:24:13,614] {dag.py:2968} INFO - Setting next_dagrun for example_sla_dag to 2022-08-03T21:22:00+00:00, run_after=2022-08-03T21:24:00+00:00
[2022-08-04 00:24:13,621] {processor.py:161} INFO - Processing /home/ndx/Innowise tasks/Innowise_task_5/airflow_env/lib/python3.8/site-packages/airflow/example_dags/example_sla_dag.py took 0.050 seconds
[2022-08-04 00:24:29,585] {processor.py:153} INFO - Started process (PID=48522) to work on /home/ndx/Innowise tasks/Innowise_task_5/airflow_env/lib/python3.8/site-packages/airflow/example_dags/example_sla_dag.py
[2022-08-04 00:24:29,591] {processor.py:641} INFO - Processing file /home/ndx/Innowise tasks/Innowise_task_5/airflow_env/lib/python3.8/site-packages/airflow/example_dags/example_sla_dag.py for tasks to queue
[2022-08-04 00:24:29,592] {logging_mixin.py:115} INFO - [2022-08-04 00:24:29,592] {dagbag.py:508} INFO - Filling up the DagBag from /home/ndx/Innowise tasks/Innowise_task_5/airflow_env/lib/python3.8/site-packages/airflow/example_dags/example_sla_dag.py
[2022-08-04 00:24:29,602] {processor.py:651} INFO - DAG(s) dict_keys(['example_sla_dag']) retrieved from /home/ndx/Innowise tasks/Innowise_task_5/airflow_env/lib/python3.8/site-packages/airflow/example_dags/example_sla_dag.py
[2022-08-04 00:24:29,611] {logging_mixin.py:115} INFO - [2022-08-04 00:24:29,611] {dag.py:2420} INFO - Sync 1 DAGs
[2022-08-04 00:24:29,625] {logging_mixin.py:115} INFO - [2022-08-04 00:24:29,625] {dag.py:2968} INFO - Setting next_dagrun for example_sla_dag to 2022-08-03T21:22:00+00:00, run_after=2022-08-03T21:24:00+00:00
[2022-08-04 00:24:29,632] {processor.py:161} INFO - Processing /home/ndx/Innowise tasks/Innowise_task_5/airflow_env/lib/python3.8/site-packages/airflow/example_dags/example_sla_dag.py took 0.048 seconds
[2022-08-04 00:24:47,008] {processor.py:153} INFO - Started process (PID=48565) to work on /home/ndx/Innowise tasks/Innowise_task_5/airflow_env/lib/python3.8/site-packages/airflow/example_dags/example_sla_dag.py
[2022-08-04 00:24:47,015] {processor.py:641} INFO - Processing file /home/ndx/Innowise tasks/Innowise_task_5/airflow_env/lib/python3.8/site-packages/airflow/example_dags/example_sla_dag.py for tasks to queue
[2022-08-04 00:24:47,015] {logging_mixin.py:115} INFO - [2022-08-04 00:24:47,015] {dagbag.py:508} INFO - Filling up the DagBag from /home/ndx/Innowise tasks/Innowise_task_5/airflow_env/lib/python3.8/site-packages/airflow/example_dags/example_sla_dag.py
[2022-08-04 00:24:47,026] {processor.py:651} INFO - DAG(s) dict_keys(['example_sla_dag']) retrieved from /home/ndx/Innowise tasks/Innowise_task_5/airflow_env/lib/python3.8/site-packages/airflow/example_dags/example_sla_dag.py
[2022-08-04 00:24:47,037] {logging_mixin.py:115} INFO - [2022-08-04 00:24:47,037] {dag.py:2420} INFO - Sync 1 DAGs
[2022-08-04 00:24:47,051] {logging_mixin.py:115} INFO - [2022-08-04 00:24:47,050] {dag.py:2968} INFO - Setting next_dagrun for example_sla_dag to 2022-08-03T21:22:00+00:00, run_after=2022-08-03T21:24:00+00:00
[2022-08-04 00:24:47,060] {processor.py:161} INFO - Processing /home/ndx/Innowise tasks/Innowise_task_5/airflow_env/lib/python3.8/site-packages/airflow/example_dags/example_sla_dag.py took 0.053 seconds
