[2022-08-04 00:00:49,049] {processor.py:153} INFO - Started process (PID=44911) to work on /home/ndx/Innowise tasks/Innowise_task_5/airflow_env/lib/python3.8/site-packages/airflow/example_dags/example_branch_operator.py
[2022-08-04 00:00:49,049] {processor.py:641} INFO - Processing file /home/ndx/Innowise tasks/Innowise_task_5/airflow_env/lib/python3.8/site-packages/airflow/example_dags/example_branch_operator.py for tasks to queue
[2022-08-04 00:00:49,049] {logging_mixin.py:115} INFO - [2022-08-04 00:00:49,049] {dagbag.py:508} INFO - Filling up the DagBag from /home/ndx/Innowise tasks/Innowise_task_5/airflow_env/lib/python3.8/site-packages/airflow/example_dags/example_branch_operator.py
[2022-08-04 00:00:49,056] {processor.py:651} INFO - DAG(s) dict_keys(['example_branch_operator']) retrieved from /home/ndx/Innowise tasks/Innowise_task_5/airflow_env/lib/python3.8/site-packages/airflow/example_dags/example_branch_operator.py
[2022-08-04 00:00:49,066] {logging_mixin.py:115} INFO - [2022-08-04 00:00:49,066] {dag.py:2420} INFO - Sync 1 DAGs
[2022-08-04 00:00:49,077] {logging_mixin.py:115} INFO - [2022-08-04 00:00:49,077] {dag.py:2968} INFO - Setting next_dagrun for example_branch_operator to 2022-08-02T00:00:00+00:00, run_after=2022-08-03T00:00:00+00:00
[2022-08-04 00:00:49,091] {processor.py:161} INFO - Processing /home/ndx/Innowise tasks/Innowise_task_5/airflow_env/lib/python3.8/site-packages/airflow/example_dags/example_branch_operator.py took 0.045 seconds
[2022-08-04 00:01:20,845] {processor.py:153} INFO - Started process (PID=45041) to work on /home/ndx/Innowise tasks/Innowise_task_5/airflow_env/lib/python3.8/site-packages/airflow/example_dags/example_branch_operator.py
[2022-08-04 00:01:20,851] {processor.py:641} INFO - Processing file /home/ndx/Innowise tasks/Innowise_task_5/airflow_env/lib/python3.8/site-packages/airflow/example_dags/example_branch_operator.py for tasks to queue
[2022-08-04 00:01:20,852] {logging_mixin.py:115} INFO - [2022-08-04 00:01:20,852] {dagbag.py:508} INFO - Filling up the DagBag from /home/ndx/Innowise tasks/Innowise_task_5/airflow_env/lib/python3.8/site-packages/airflow/example_dags/example_branch_operator.py
[2022-08-04 00:01:20,858] {processor.py:651} INFO - DAG(s) dict_keys(['example_branch_operator']) retrieved from /home/ndx/Innowise tasks/Innowise_task_5/airflow_env/lib/python3.8/site-packages/airflow/example_dags/example_branch_operator.py
[2022-08-04 00:01:20,867] {logging_mixin.py:115} INFO - [2022-08-04 00:01:20,867] {dag.py:2420} INFO - Sync 1 DAGs
[2022-08-04 00:01:20,878] {logging_mixin.py:115} INFO - [2022-08-04 00:01:20,878] {dag.py:2968} INFO - Setting next_dagrun for example_branch_operator to 2022-08-02T00:00:00+00:00, run_after=2022-08-03T00:00:00+00:00
[2022-08-04 00:01:20,885] {processor.py:161} INFO - Processing /home/ndx/Innowise tasks/Innowise_task_5/airflow_env/lib/python3.8/site-packages/airflow/example_dags/example_branch_operator.py took 0.042 seconds
[2022-08-04 00:01:57,059] {processor.py:153} INFO - Started process (PID=45140) to work on /home/ndx/Innowise tasks/Innowise_task_5/airflow_env/lib/python3.8/site-packages/airflow/example_dags/example_branch_operator.py
[2022-08-04 00:01:57,065] {processor.py:641} INFO - Processing file /home/ndx/Innowise tasks/Innowise_task_5/airflow_env/lib/python3.8/site-packages/airflow/example_dags/example_branch_operator.py for tasks to queue
[2022-08-04 00:01:57,066] {logging_mixin.py:115} INFO - [2022-08-04 00:01:57,066] {dagbag.py:508} INFO - Filling up the DagBag from /home/ndx/Innowise tasks/Innowise_task_5/airflow_env/lib/python3.8/site-packages/airflow/example_dags/example_branch_operator.py
[2022-08-04 00:01:57,072] {processor.py:651} INFO - DAG(s) dict_keys(['example_branch_operator']) retrieved from /home/ndx/Innowise tasks/Innowise_task_5/airflow_env/lib/python3.8/site-packages/airflow/example_dags/example_branch_operator.py
[2022-08-04 00:01:57,081] {logging_mixin.py:115} INFO - [2022-08-04 00:01:57,081] {dag.py:2420} INFO - Sync 1 DAGs
[2022-08-04 00:01:57,091] {logging_mixin.py:115} INFO - [2022-08-04 00:01:57,091] {dag.py:2968} INFO - Setting next_dagrun for example_branch_operator to 2022-08-02T00:00:00+00:00, run_after=2022-08-03T00:00:00+00:00
[2022-08-04 00:01:57,097] {processor.py:161} INFO - Processing /home/ndx/Innowise tasks/Innowise_task_5/airflow_env/lib/python3.8/site-packages/airflow/example_dags/example_branch_operator.py took 0.040 seconds
[2022-08-04 00:02:32,084] {processor.py:153} INFO - Started process (PID=45291) to work on /home/ndx/Innowise tasks/Innowise_task_5/airflow_env/lib/python3.8/site-packages/airflow/example_dags/example_branch_operator.py
[2022-08-04 00:02:32,090] {processor.py:641} INFO - Processing file /home/ndx/Innowise tasks/Innowise_task_5/airflow_env/lib/python3.8/site-packages/airflow/example_dags/example_branch_operator.py for tasks to queue
[2022-08-04 00:02:32,090] {logging_mixin.py:115} INFO - [2022-08-04 00:02:32,090] {dagbag.py:508} INFO - Filling up the DagBag from /home/ndx/Innowise tasks/Innowise_task_5/airflow_env/lib/python3.8/site-packages/airflow/example_dags/example_branch_operator.py
[2022-08-04 00:02:32,096] {processor.py:651} INFO - DAG(s) dict_keys(['example_branch_operator']) retrieved from /home/ndx/Innowise tasks/Innowise_task_5/airflow_env/lib/python3.8/site-packages/airflow/example_dags/example_branch_operator.py
[2022-08-04 00:02:32,106] {logging_mixin.py:115} INFO - [2022-08-04 00:02:32,106] {dag.py:2420} INFO - Sync 1 DAGs
[2022-08-04 00:02:32,118] {logging_mixin.py:115} INFO - [2022-08-04 00:02:32,118] {dag.py:2968} INFO - Setting next_dagrun for example_branch_operator to 2022-08-02T00:00:00+00:00, run_after=2022-08-03T00:00:00+00:00
[2022-08-04 00:02:32,126] {processor.py:161} INFO - Processing /home/ndx/Innowise tasks/Innowise_task_5/airflow_env/lib/python3.8/site-packages/airflow/example_dags/example_branch_operator.py took 0.043 seconds
[2022-08-04 00:03:06,364] {processor.py:153} INFO - Started process (PID=45362) to work on /home/ndx/Innowise tasks/Innowise_task_5/airflow_env/lib/python3.8/site-packages/airflow/example_dags/example_branch_operator.py
[2022-08-04 00:03:06,370] {processor.py:641} INFO - Processing file /home/ndx/Innowise tasks/Innowise_task_5/airflow_env/lib/python3.8/site-packages/airflow/example_dags/example_branch_operator.py for tasks to queue
[2022-08-04 00:03:06,370] {logging_mixin.py:115} INFO - [2022-08-04 00:03:06,370] {dagbag.py:508} INFO - Filling up the DagBag from /home/ndx/Innowise tasks/Innowise_task_5/airflow_env/lib/python3.8/site-packages/airflow/example_dags/example_branch_operator.py
[2022-08-04 00:03:06,377] {processor.py:651} INFO - DAG(s) dict_keys(['example_branch_operator']) retrieved from /home/ndx/Innowise tasks/Innowise_task_5/airflow_env/lib/python3.8/site-packages/airflow/example_dags/example_branch_operator.py
[2022-08-04 00:03:06,385] {logging_mixin.py:115} INFO - [2022-08-04 00:03:06,385] {dag.py:2420} INFO - Sync 1 DAGs
[2022-08-04 00:03:06,395] {logging_mixin.py:115} INFO - [2022-08-04 00:03:06,395] {dag.py:2968} INFO - Setting next_dagrun for example_branch_operator to 2022-08-02T00:00:00+00:00, run_after=2022-08-03T00:00:00+00:00
[2022-08-04 00:03:06,401] {processor.py:161} INFO - Processing /home/ndx/Innowise tasks/Innowise_task_5/airflow_env/lib/python3.8/site-packages/airflow/example_dags/example_branch_operator.py took 0.038 seconds
[2022-08-04 00:03:41,731] {processor.py:153} INFO - Started process (PID=45443) to work on /home/ndx/Innowise tasks/Innowise_task_5/airflow_env/lib/python3.8/site-packages/airflow/example_dags/example_branch_operator.py
[2022-08-04 00:03:41,736] {processor.py:641} INFO - Processing file /home/ndx/Innowise tasks/Innowise_task_5/airflow_env/lib/python3.8/site-packages/airflow/example_dags/example_branch_operator.py for tasks to queue
[2022-08-04 00:03:41,737] {logging_mixin.py:115} INFO - [2022-08-04 00:03:41,737] {dagbag.py:508} INFO - Filling up the DagBag from /home/ndx/Innowise tasks/Innowise_task_5/airflow_env/lib/python3.8/site-packages/airflow/example_dags/example_branch_operator.py
[2022-08-04 00:03:41,744] {processor.py:651} INFO - DAG(s) dict_keys(['example_branch_operator']) retrieved from /home/ndx/Innowise tasks/Innowise_task_5/airflow_env/lib/python3.8/site-packages/airflow/example_dags/example_branch_operator.py
[2022-08-04 00:03:41,753] {logging_mixin.py:115} INFO - [2022-08-04 00:03:41,753] {dag.py:2420} INFO - Sync 1 DAGs
[2022-08-04 00:03:41,763] {logging_mixin.py:115} INFO - [2022-08-04 00:03:41,763] {dag.py:2968} INFO - Setting next_dagrun for example_branch_operator to 2022-08-02T00:00:00+00:00, run_after=2022-08-03T00:00:00+00:00
[2022-08-04 00:03:41,770] {processor.py:161} INFO - Processing /home/ndx/Innowise tasks/Innowise_task_5/airflow_env/lib/python3.8/site-packages/airflow/example_dags/example_branch_operator.py took 0.041 seconds
[2022-08-04 00:04:17,684] {processor.py:153} INFO - Started process (PID=45497) to work on /home/ndx/Innowise tasks/Innowise_task_5/airflow_env/lib/python3.8/site-packages/airflow/example_dags/example_branch_operator.py
[2022-08-04 00:04:17,689] {processor.py:641} INFO - Processing file /home/ndx/Innowise tasks/Innowise_task_5/airflow_env/lib/python3.8/site-packages/airflow/example_dags/example_branch_operator.py for tasks to queue
[2022-08-04 00:04:17,690] {logging_mixin.py:115} INFO - [2022-08-04 00:04:17,689] {dagbag.py:508} INFO - Filling up the DagBag from /home/ndx/Innowise tasks/Innowise_task_5/airflow_env/lib/python3.8/site-packages/airflow/example_dags/example_branch_operator.py
[2022-08-04 00:04:17,696] {processor.py:651} INFO - DAG(s) dict_keys(['example_branch_operator']) retrieved from /home/ndx/Innowise tasks/Innowise_task_5/airflow_env/lib/python3.8/site-packages/airflow/example_dags/example_branch_operator.py
[2022-08-04 00:04:17,705] {logging_mixin.py:115} INFO - [2022-08-04 00:04:17,705] {dag.py:2420} INFO - Sync 1 DAGs
[2022-08-04 00:04:17,715] {logging_mixin.py:115} INFO - [2022-08-04 00:04:17,715] {dag.py:2968} INFO - Setting next_dagrun for example_branch_operator to 2022-08-02T00:00:00+00:00, run_after=2022-08-03T00:00:00+00:00
[2022-08-04 00:04:17,721] {processor.py:161} INFO - Processing /home/ndx/Innowise tasks/Innowise_task_5/airflow_env/lib/python3.8/site-packages/airflow/example_dags/example_branch_operator.py took 0.039 seconds
[2022-08-04 00:04:49,663] {processor.py:153} INFO - Started process (PID=45545) to work on /home/ndx/Innowise tasks/Innowise_task_5/airflow_env/lib/python3.8/site-packages/airflow/example_dags/example_branch_operator.py
[2022-08-04 00:04:49,668] {processor.py:641} INFO - Processing file /home/ndx/Innowise tasks/Innowise_task_5/airflow_env/lib/python3.8/site-packages/airflow/example_dags/example_branch_operator.py for tasks to queue
[2022-08-04 00:04:49,669] {logging_mixin.py:115} INFO - [2022-08-04 00:04:49,668] {dagbag.py:508} INFO - Filling up the DagBag from /home/ndx/Innowise tasks/Innowise_task_5/airflow_env/lib/python3.8/site-packages/airflow/example_dags/example_branch_operator.py
[2022-08-04 00:04:49,675] {processor.py:651} INFO - DAG(s) dict_keys(['example_branch_operator']) retrieved from /home/ndx/Innowise tasks/Innowise_task_5/airflow_env/lib/python3.8/site-packages/airflow/example_dags/example_branch_operator.py
[2022-08-04 00:04:49,684] {logging_mixin.py:115} INFO - [2022-08-04 00:04:49,684] {dag.py:2420} INFO - Sync 1 DAGs
[2022-08-04 00:04:49,694] {logging_mixin.py:115} INFO - [2022-08-04 00:04:49,694] {dag.py:2968} INFO - Setting next_dagrun for example_branch_operator to 2022-08-02T00:00:00+00:00, run_after=2022-08-03T00:00:00+00:00
[2022-08-04 00:04:49,701] {processor.py:161} INFO - Processing /home/ndx/Innowise tasks/Innowise_task_5/airflow_env/lib/python3.8/site-packages/airflow/example_dags/example_branch_operator.py took 0.040 seconds
[2022-08-04 00:05:23,394] {processor.py:153} INFO - Started process (PID=45717) to work on /home/ndx/Innowise tasks/Innowise_task_5/airflow_env/lib/python3.8/site-packages/airflow/example_dags/example_branch_operator.py
[2022-08-04 00:05:23,399] {processor.py:641} INFO - Processing file /home/ndx/Innowise tasks/Innowise_task_5/airflow_env/lib/python3.8/site-packages/airflow/example_dags/example_branch_operator.py for tasks to queue
[2022-08-04 00:05:23,400] {logging_mixin.py:115} INFO - [2022-08-04 00:05:23,400] {dagbag.py:508} INFO - Filling up the DagBag from /home/ndx/Innowise tasks/Innowise_task_5/airflow_env/lib/python3.8/site-packages/airflow/example_dags/example_branch_operator.py
[2022-08-04 00:05:23,407] {processor.py:651} INFO - DAG(s) dict_keys(['example_branch_operator']) retrieved from /home/ndx/Innowise tasks/Innowise_task_5/airflow_env/lib/python3.8/site-packages/airflow/example_dags/example_branch_operator.py
[2022-08-04 00:05:23,416] {logging_mixin.py:115} INFO - [2022-08-04 00:05:23,416] {dag.py:2420} INFO - Sync 1 DAGs
[2022-08-04 00:05:23,426] {logging_mixin.py:115} INFO - [2022-08-04 00:05:23,426] {dag.py:2968} INFO - Setting next_dagrun for example_branch_operator to 2022-08-02T00:00:00+00:00, run_after=2022-08-03T00:00:00+00:00
[2022-08-04 00:05:23,435] {processor.py:161} INFO - Processing /home/ndx/Innowise tasks/Innowise_task_5/airflow_env/lib/python3.8/site-packages/airflow/example_dags/example_branch_operator.py took 0.042 seconds
[2022-08-04 00:05:57,077] {processor.py:153} INFO - Started process (PID=45810) to work on /home/ndx/Innowise tasks/Innowise_task_5/airflow_env/lib/python3.8/site-packages/airflow/example_dags/example_branch_operator.py
[2022-08-04 00:05:57,083] {processor.py:641} INFO - Processing file /home/ndx/Innowise tasks/Innowise_task_5/airflow_env/lib/python3.8/site-packages/airflow/example_dags/example_branch_operator.py for tasks to queue
[2022-08-04 00:05:57,083] {logging_mixin.py:115} INFO - [2022-08-04 00:05:57,083] {dagbag.py:508} INFO - Filling up the DagBag from /home/ndx/Innowise tasks/Innowise_task_5/airflow_env/lib/python3.8/site-packages/airflow/example_dags/example_branch_operator.py
[2022-08-04 00:05:57,090] {processor.py:651} INFO - DAG(s) dict_keys(['example_branch_operator']) retrieved from /home/ndx/Innowise tasks/Innowise_task_5/airflow_env/lib/python3.8/site-packages/airflow/example_dags/example_branch_operator.py
[2022-08-04 00:05:57,099] {logging_mixin.py:115} INFO - [2022-08-04 00:05:57,099] {dag.py:2420} INFO - Sync 1 DAGs
[2022-08-04 00:05:57,109] {logging_mixin.py:115} INFO - [2022-08-04 00:05:57,109] {dag.py:2968} INFO - Setting next_dagrun for example_branch_operator to 2022-08-02T00:00:00+00:00, run_after=2022-08-03T00:00:00+00:00
[2022-08-04 00:05:57,116] {processor.py:161} INFO - Processing /home/ndx/Innowise tasks/Innowise_task_5/airflow_env/lib/python3.8/site-packages/airflow/example_dags/example_branch_operator.py took 0.041 seconds
[2022-08-04 00:06:32,875] {processor.py:153} INFO - Started process (PID=45917) to work on /home/ndx/Innowise tasks/Innowise_task_5/airflow_env/lib/python3.8/site-packages/airflow/example_dags/example_branch_operator.py
[2022-08-04 00:06:32,880] {processor.py:641} INFO - Processing file /home/ndx/Innowise tasks/Innowise_task_5/airflow_env/lib/python3.8/site-packages/airflow/example_dags/example_branch_operator.py for tasks to queue
[2022-08-04 00:06:32,881] {logging_mixin.py:115} INFO - [2022-08-04 00:06:32,881] {dagbag.py:508} INFO - Filling up the DagBag from /home/ndx/Innowise tasks/Innowise_task_5/airflow_env/lib/python3.8/site-packages/airflow/example_dags/example_branch_operator.py
[2022-08-04 00:06:32,886] {processor.py:651} INFO - DAG(s) dict_keys(['example_branch_operator']) retrieved from /home/ndx/Innowise tasks/Innowise_task_5/airflow_env/lib/python3.8/site-packages/airflow/example_dags/example_branch_operator.py
[2022-08-04 00:06:32,894] {logging_mixin.py:115} INFO - [2022-08-04 00:06:32,894] {dag.py:2420} INFO - Sync 1 DAGs
[2022-08-04 00:06:32,902] {logging_mixin.py:115} INFO - [2022-08-04 00:06:32,902] {dag.py:2968} INFO - Setting next_dagrun for example_branch_operator to 2022-08-02T00:00:00+00:00, run_after=2022-08-03T00:00:00+00:00
[2022-08-04 00:06:32,910] {processor.py:161} INFO - Processing /home/ndx/Innowise tasks/Innowise_task_5/airflow_env/lib/python3.8/site-packages/airflow/example_dags/example_branch_operator.py took 0.036 seconds
[2022-08-04 00:07:06,547] {processor.py:153} INFO - Started process (PID=46002) to work on /home/ndx/Innowise tasks/Innowise_task_5/airflow_env/lib/python3.8/site-packages/airflow/example_dags/example_branch_operator.py
[2022-08-04 00:07:06,552] {processor.py:641} INFO - Processing file /home/ndx/Innowise tasks/Innowise_task_5/airflow_env/lib/python3.8/site-packages/airflow/example_dags/example_branch_operator.py for tasks to queue
[2022-08-04 00:07:06,553] {logging_mixin.py:115} INFO - [2022-08-04 00:07:06,553] {dagbag.py:508} INFO - Filling up the DagBag from /home/ndx/Innowise tasks/Innowise_task_5/airflow_env/lib/python3.8/site-packages/airflow/example_dags/example_branch_operator.py
[2022-08-04 00:07:06,560] {processor.py:651} INFO - DAG(s) dict_keys(['example_branch_operator']) retrieved from /home/ndx/Innowise tasks/Innowise_task_5/airflow_env/lib/python3.8/site-packages/airflow/example_dags/example_branch_operator.py
[2022-08-04 00:07:06,568] {logging_mixin.py:115} INFO - [2022-08-04 00:07:06,568] {dag.py:2420} INFO - Sync 1 DAGs
[2022-08-04 00:07:06,578] {logging_mixin.py:115} INFO - [2022-08-04 00:07:06,578] {dag.py:2968} INFO - Setting next_dagrun for example_branch_operator to 2022-08-02T00:00:00+00:00, run_after=2022-08-03T00:00:00+00:00
[2022-08-04 00:07:06,589] {processor.py:161} INFO - Processing /home/ndx/Innowise tasks/Innowise_task_5/airflow_env/lib/python3.8/site-packages/airflow/example_dags/example_branch_operator.py took 0.044 seconds
[2022-08-04 00:07:38,797] {processor.py:153} INFO - Started process (PID=46070) to work on /home/ndx/Innowise tasks/Innowise_task_5/airflow_env/lib/python3.8/site-packages/airflow/example_dags/example_branch_operator.py
[2022-08-04 00:07:38,802] {processor.py:641} INFO - Processing file /home/ndx/Innowise tasks/Innowise_task_5/airflow_env/lib/python3.8/site-packages/airflow/example_dags/example_branch_operator.py for tasks to queue
[2022-08-04 00:07:38,803] {logging_mixin.py:115} INFO - [2022-08-04 00:07:38,803] {dagbag.py:508} INFO - Filling up the DagBag from /home/ndx/Innowise tasks/Innowise_task_5/airflow_env/lib/python3.8/site-packages/airflow/example_dags/example_branch_operator.py
[2022-08-04 00:07:38,809] {processor.py:651} INFO - DAG(s) dict_keys(['example_branch_operator']) retrieved from /home/ndx/Innowise tasks/Innowise_task_5/airflow_env/lib/python3.8/site-packages/airflow/example_dags/example_branch_operator.py
[2022-08-04 00:07:38,818] {logging_mixin.py:115} INFO - [2022-08-04 00:07:38,818] {dag.py:2420} INFO - Sync 1 DAGs
[2022-08-04 00:07:38,828] {logging_mixin.py:115} INFO - [2022-08-04 00:07:38,828] {dag.py:2968} INFO - Setting next_dagrun for example_branch_operator to 2022-08-02T00:00:00+00:00, run_after=2022-08-03T00:00:00+00:00
[2022-08-04 00:07:38,835] {processor.py:161} INFO - Processing /home/ndx/Innowise tasks/Innowise_task_5/airflow_env/lib/python3.8/site-packages/airflow/example_dags/example_branch_operator.py took 0.040 seconds
[2022-08-04 00:08:13,276] {processor.py:153} INFO - Started process (PID=46133) to work on /home/ndx/Innowise tasks/Innowise_task_5/airflow_env/lib/python3.8/site-packages/airflow/example_dags/example_branch_operator.py
[2022-08-04 00:08:13,281] {processor.py:641} INFO - Processing file /home/ndx/Innowise tasks/Innowise_task_5/airflow_env/lib/python3.8/site-packages/airflow/example_dags/example_branch_operator.py for tasks to queue
[2022-08-04 00:08:13,281] {logging_mixin.py:115} INFO - [2022-08-04 00:08:13,281] {dagbag.py:508} INFO - Filling up the DagBag from /home/ndx/Innowise tasks/Innowise_task_5/airflow_env/lib/python3.8/site-packages/airflow/example_dags/example_branch_operator.py
[2022-08-04 00:08:13,288] {processor.py:651} INFO - DAG(s) dict_keys(['example_branch_operator']) retrieved from /home/ndx/Innowise tasks/Innowise_task_5/airflow_env/lib/python3.8/site-packages/airflow/example_dags/example_branch_operator.py
[2022-08-04 00:08:13,297] {logging_mixin.py:115} INFO - [2022-08-04 00:08:13,297] {dag.py:2420} INFO - Sync 1 DAGs
[2022-08-04 00:08:13,307] {logging_mixin.py:115} INFO - [2022-08-04 00:08:13,307] {dag.py:2968} INFO - Setting next_dagrun for example_branch_operator to 2022-08-02T00:00:00+00:00, run_after=2022-08-03T00:00:00+00:00
[2022-08-04 00:08:13,315] {processor.py:161} INFO - Processing /home/ndx/Innowise tasks/Innowise_task_5/airflow_env/lib/python3.8/site-packages/airflow/example_dags/example_branch_operator.py took 0.041 seconds
[2022-08-04 00:08:47,715] {processor.py:153} INFO - Started process (PID=46234) to work on /home/ndx/Innowise tasks/Innowise_task_5/airflow_env/lib/python3.8/site-packages/airflow/example_dags/example_branch_operator.py
[2022-08-04 00:08:47,720] {processor.py:641} INFO - Processing file /home/ndx/Innowise tasks/Innowise_task_5/airflow_env/lib/python3.8/site-packages/airflow/example_dags/example_branch_operator.py for tasks to queue
[2022-08-04 00:08:47,721] {logging_mixin.py:115} INFO - [2022-08-04 00:08:47,721] {dagbag.py:508} INFO - Filling up the DagBag from /home/ndx/Innowise tasks/Innowise_task_5/airflow_env/lib/python3.8/site-packages/airflow/example_dags/example_branch_operator.py
[2022-08-04 00:08:47,728] {processor.py:651} INFO - DAG(s) dict_keys(['example_branch_operator']) retrieved from /home/ndx/Innowise tasks/Innowise_task_5/airflow_env/lib/python3.8/site-packages/airflow/example_dags/example_branch_operator.py
[2022-08-04 00:08:47,737] {logging_mixin.py:115} INFO - [2022-08-04 00:08:47,737] {dag.py:2420} INFO - Sync 1 DAGs
[2022-08-04 00:08:47,746] {logging_mixin.py:115} INFO - [2022-08-04 00:08:47,746] {dag.py:2968} INFO - Setting next_dagrun for example_branch_operator to 2022-08-02T00:00:00+00:00, run_after=2022-08-03T00:00:00+00:00
[2022-08-04 00:08:47,754] {processor.py:161} INFO - Processing /home/ndx/Innowise tasks/Innowise_task_5/airflow_env/lib/python3.8/site-packages/airflow/example_dags/example_branch_operator.py took 0.041 seconds
[2022-08-04 00:09:21,509] {processor.py:153} INFO - Started process (PID=46321) to work on /home/ndx/Innowise tasks/Innowise_task_5/airflow_env/lib/python3.8/site-packages/airflow/example_dags/example_branch_operator.py
[2022-08-04 00:09:21,514] {processor.py:641} INFO - Processing file /home/ndx/Innowise tasks/Innowise_task_5/airflow_env/lib/python3.8/site-packages/airflow/example_dags/example_branch_operator.py for tasks to queue
[2022-08-04 00:09:21,515] {logging_mixin.py:115} INFO - [2022-08-04 00:09:21,515] {dagbag.py:508} INFO - Filling up the DagBag from /home/ndx/Innowise tasks/Innowise_task_5/airflow_env/lib/python3.8/site-packages/airflow/example_dags/example_branch_operator.py
[2022-08-04 00:09:21,521] {processor.py:651} INFO - DAG(s) dict_keys(['example_branch_operator']) retrieved from /home/ndx/Innowise tasks/Innowise_task_5/airflow_env/lib/python3.8/site-packages/airflow/example_dags/example_branch_operator.py
[2022-08-04 00:09:21,529] {logging_mixin.py:115} INFO - [2022-08-04 00:09:21,529] {dag.py:2420} INFO - Sync 1 DAGs
[2022-08-04 00:09:21,539] {logging_mixin.py:115} INFO - [2022-08-04 00:09:21,539] {dag.py:2968} INFO - Setting next_dagrun for example_branch_operator to 2022-08-02T00:00:00+00:00, run_after=2022-08-03T00:00:00+00:00
[2022-08-04 00:09:21,549] {processor.py:161} INFO - Processing /home/ndx/Innowise tasks/Innowise_task_5/airflow_env/lib/python3.8/site-packages/airflow/example_dags/example_branch_operator.py took 0.042 seconds
[2022-08-04 00:09:59,103] {processor.py:153} INFO - Started process (PID=46407) to work on /home/ndx/Innowise tasks/Innowise_task_5/airflow_env/lib/python3.8/site-packages/airflow/example_dags/example_branch_operator.py
[2022-08-04 00:09:59,109] {processor.py:641} INFO - Processing file /home/ndx/Innowise tasks/Innowise_task_5/airflow_env/lib/python3.8/site-packages/airflow/example_dags/example_branch_operator.py for tasks to queue
[2022-08-04 00:09:59,109] {logging_mixin.py:115} INFO - [2022-08-04 00:09:59,109] {dagbag.py:508} INFO - Filling up the DagBag from /home/ndx/Innowise tasks/Innowise_task_5/airflow_env/lib/python3.8/site-packages/airflow/example_dags/example_branch_operator.py
[2022-08-04 00:09:59,116] {processor.py:651} INFO - DAG(s) dict_keys(['example_branch_operator']) retrieved from /home/ndx/Innowise tasks/Innowise_task_5/airflow_env/lib/python3.8/site-packages/airflow/example_dags/example_branch_operator.py
[2022-08-04 00:09:59,127] {logging_mixin.py:115} INFO - [2022-08-04 00:09:59,127] {dag.py:2420} INFO - Sync 1 DAGs
[2022-08-04 00:09:59,138] {logging_mixin.py:115} INFO - [2022-08-04 00:09:59,137] {dag.py:2968} INFO - Setting next_dagrun for example_branch_operator to 2022-08-02T00:00:00+00:00, run_after=2022-08-03T00:00:00+00:00
[2022-08-04 00:09:59,146] {processor.py:161} INFO - Processing /home/ndx/Innowise tasks/Innowise_task_5/airflow_env/lib/python3.8/site-packages/airflow/example_dags/example_branch_operator.py took 0.044 seconds
[2022-08-04 00:10:31,078] {processor.py:153} INFO - Started process (PID=46523) to work on /home/ndx/Innowise tasks/Innowise_task_5/airflow_env/lib/python3.8/site-packages/airflow/example_dags/example_branch_operator.py
[2022-08-04 00:10:31,078] {processor.py:641} INFO - Processing file /home/ndx/Innowise tasks/Innowise_task_5/airflow_env/lib/python3.8/site-packages/airflow/example_dags/example_branch_operator.py for tasks to queue
[2022-08-04 00:10:31,079] {logging_mixin.py:115} INFO - [2022-08-04 00:10:31,078] {dagbag.py:508} INFO - Filling up the DagBag from /home/ndx/Innowise tasks/Innowise_task_5/airflow_env/lib/python3.8/site-packages/airflow/example_dags/example_branch_operator.py
[2022-08-04 00:10:31,084] {processor.py:651} INFO - DAG(s) dict_keys(['example_branch_operator']) retrieved from /home/ndx/Innowise tasks/Innowise_task_5/airflow_env/lib/python3.8/site-packages/airflow/example_dags/example_branch_operator.py
[2022-08-04 00:10:31,093] {logging_mixin.py:115} INFO - [2022-08-04 00:10:31,093] {dag.py:2420} INFO - Sync 1 DAGs
[2022-08-04 00:10:31,103] {logging_mixin.py:115} INFO - [2022-08-04 00:10:31,103] {dag.py:2968} INFO - Setting next_dagrun for example_branch_operator to 2022-08-02T00:00:00+00:00, run_after=2022-08-03T00:00:00+00:00
[2022-08-04 00:10:31,109] {processor.py:161} INFO - Processing /home/ndx/Innowise tasks/Innowise_task_5/airflow_env/lib/python3.8/site-packages/airflow/example_dags/example_branch_operator.py took 0.033 seconds
[2022-08-04 00:11:05,907] {processor.py:153} INFO - Started process (PID=46596) to work on /home/ndx/Innowise tasks/Innowise_task_5/airflow_env/lib/python3.8/site-packages/airflow/example_dags/example_branch_operator.py
[2022-08-04 00:11:05,912] {processor.py:641} INFO - Processing file /home/ndx/Innowise tasks/Innowise_task_5/airflow_env/lib/python3.8/site-packages/airflow/example_dags/example_branch_operator.py for tasks to queue
[2022-08-04 00:11:05,913] {logging_mixin.py:115} INFO - [2022-08-04 00:11:05,913] {dagbag.py:508} INFO - Filling up the DagBag from /home/ndx/Innowise tasks/Innowise_task_5/airflow_env/lib/python3.8/site-packages/airflow/example_dags/example_branch_operator.py
[2022-08-04 00:11:05,919] {processor.py:651} INFO - DAG(s) dict_keys(['example_branch_operator']) retrieved from /home/ndx/Innowise tasks/Innowise_task_5/airflow_env/lib/python3.8/site-packages/airflow/example_dags/example_branch_operator.py
[2022-08-04 00:11:05,928] {logging_mixin.py:115} INFO - [2022-08-04 00:11:05,928] {dag.py:2420} INFO - Sync 1 DAGs
[2022-08-04 00:11:05,940] {logging_mixin.py:115} INFO - [2022-08-04 00:11:05,940] {dag.py:2968} INFO - Setting next_dagrun for example_branch_operator to 2022-08-02T00:00:00+00:00, run_after=2022-08-03T00:00:00+00:00
[2022-08-04 00:11:05,947] {processor.py:161} INFO - Processing /home/ndx/Innowise tasks/Innowise_task_5/airflow_env/lib/python3.8/site-packages/airflow/example_dags/example_branch_operator.py took 0.042 seconds
[2022-08-04 00:11:39,617] {processor.py:153} INFO - Started process (PID=46642) to work on /home/ndx/Innowise tasks/Innowise_task_5/airflow_env/lib/python3.8/site-packages/airflow/example_dags/example_branch_operator.py
[2022-08-04 00:11:39,622] {processor.py:641} INFO - Processing file /home/ndx/Innowise tasks/Innowise_task_5/airflow_env/lib/python3.8/site-packages/airflow/example_dags/example_branch_operator.py for tasks to queue
[2022-08-04 00:11:39,623] {logging_mixin.py:115} INFO - [2022-08-04 00:11:39,623] {dagbag.py:508} INFO - Filling up the DagBag from /home/ndx/Innowise tasks/Innowise_task_5/airflow_env/lib/python3.8/site-packages/airflow/example_dags/example_branch_operator.py
[2022-08-04 00:11:39,631] {processor.py:651} INFO - DAG(s) dict_keys(['example_branch_operator']) retrieved from /home/ndx/Innowise tasks/Innowise_task_5/airflow_env/lib/python3.8/site-packages/airflow/example_dags/example_branch_operator.py
[2022-08-04 00:11:39,643] {logging_mixin.py:115} INFO - [2022-08-04 00:11:39,643] {dag.py:2420} INFO - Sync 1 DAGs
[2022-08-04 00:11:39,660] {logging_mixin.py:115} INFO - [2022-08-04 00:11:39,660] {dag.py:2968} INFO - Setting next_dagrun for example_branch_operator to 2022-08-02T00:00:00+00:00, run_after=2022-08-03T00:00:00+00:00
[2022-08-04 00:11:39,669] {processor.py:161} INFO - Processing /home/ndx/Innowise tasks/Innowise_task_5/airflow_env/lib/python3.8/site-packages/airflow/example_dags/example_branch_operator.py took 0.054 seconds
[2022-08-04 00:12:14,426] {processor.py:153} INFO - Started process (PID=46717) to work on /home/ndx/Innowise tasks/Innowise_task_5/airflow_env/lib/python3.8/site-packages/airflow/example_dags/example_branch_operator.py
[2022-08-04 00:12:14,431] {processor.py:641} INFO - Processing file /home/ndx/Innowise tasks/Innowise_task_5/airflow_env/lib/python3.8/site-packages/airflow/example_dags/example_branch_operator.py for tasks to queue
[2022-08-04 00:12:14,432] {logging_mixin.py:115} INFO - [2022-08-04 00:12:14,432] {dagbag.py:508} INFO - Filling up the DagBag from /home/ndx/Innowise tasks/Innowise_task_5/airflow_env/lib/python3.8/site-packages/airflow/example_dags/example_branch_operator.py
[2022-08-04 00:12:14,439] {processor.py:651} INFO - DAG(s) dict_keys(['example_branch_operator']) retrieved from /home/ndx/Innowise tasks/Innowise_task_5/airflow_env/lib/python3.8/site-packages/airflow/example_dags/example_branch_operator.py
[2022-08-04 00:12:14,449] {logging_mixin.py:115} INFO - [2022-08-04 00:12:14,448] {dag.py:2420} INFO - Sync 1 DAGs
[2022-08-04 00:12:14,461] {logging_mixin.py:115} INFO - [2022-08-04 00:12:14,461] {dag.py:2968} INFO - Setting next_dagrun for example_branch_operator to 2022-08-02T00:00:00+00:00, run_after=2022-08-03T00:00:00+00:00
[2022-08-04 00:12:14,468] {processor.py:161} INFO - Processing /home/ndx/Innowise tasks/Innowise_task_5/airflow_env/lib/python3.8/site-packages/airflow/example_dags/example_branch_operator.py took 0.044 seconds
[2022-08-04 00:12:47,548] {processor.py:153} INFO - Started process (PID=46767) to work on /home/ndx/Innowise tasks/Innowise_task_5/airflow_env/lib/python3.8/site-packages/airflow/example_dags/example_branch_operator.py
[2022-08-04 00:12:47,553] {processor.py:641} INFO - Processing file /home/ndx/Innowise tasks/Innowise_task_5/airflow_env/lib/python3.8/site-packages/airflow/example_dags/example_branch_operator.py for tasks to queue
[2022-08-04 00:12:47,554] {logging_mixin.py:115} INFO - [2022-08-04 00:12:47,554] {dagbag.py:508} INFO - Filling up the DagBag from /home/ndx/Innowise tasks/Innowise_task_5/airflow_env/lib/python3.8/site-packages/airflow/example_dags/example_branch_operator.py
[2022-08-04 00:12:47,560] {processor.py:651} INFO - DAG(s) dict_keys(['example_branch_operator']) retrieved from /home/ndx/Innowise tasks/Innowise_task_5/airflow_env/lib/python3.8/site-packages/airflow/example_dags/example_branch_operator.py
[2022-08-04 00:12:47,569] {logging_mixin.py:115} INFO - [2022-08-04 00:12:47,569] {dag.py:2420} INFO - Sync 1 DAGs
[2022-08-04 00:12:47,581] {logging_mixin.py:115} INFO - [2022-08-04 00:12:47,581] {dag.py:2968} INFO - Setting next_dagrun for example_branch_operator to 2022-08-02T00:00:00+00:00, run_after=2022-08-03T00:00:00+00:00
[2022-08-04 00:12:47,587] {processor.py:161} INFO - Processing /home/ndx/Innowise tasks/Innowise_task_5/airflow_env/lib/python3.8/site-packages/airflow/example_dags/example_branch_operator.py took 0.041 seconds
[2022-08-04 00:13:22,393] {processor.py:153} INFO - Started process (PID=46859) to work on /home/ndx/Innowise tasks/Innowise_task_5/airflow_env/lib/python3.8/site-packages/airflow/example_dags/example_branch_operator.py
[2022-08-04 00:13:22,398] {processor.py:641} INFO - Processing file /home/ndx/Innowise tasks/Innowise_task_5/airflow_env/lib/python3.8/site-packages/airflow/example_dags/example_branch_operator.py for tasks to queue
[2022-08-04 00:13:22,399] {logging_mixin.py:115} INFO - [2022-08-04 00:13:22,398] {dagbag.py:508} INFO - Filling up the DagBag from /home/ndx/Innowise tasks/Innowise_task_5/airflow_env/lib/python3.8/site-packages/airflow/example_dags/example_branch_operator.py
[2022-08-04 00:13:22,404] {processor.py:651} INFO - DAG(s) dict_keys(['example_branch_operator']) retrieved from /home/ndx/Innowise tasks/Innowise_task_5/airflow_env/lib/python3.8/site-packages/airflow/example_dags/example_branch_operator.py
[2022-08-04 00:13:22,411] {logging_mixin.py:115} INFO - [2022-08-04 00:13:22,411] {dag.py:2420} INFO - Sync 1 DAGs
[2022-08-04 00:13:22,421] {logging_mixin.py:115} INFO - [2022-08-04 00:13:22,421] {dag.py:2968} INFO - Setting next_dagrun for example_branch_operator to 2022-08-02T00:00:00+00:00, run_after=2022-08-03T00:00:00+00:00
[2022-08-04 00:13:22,428] {processor.py:161} INFO - Processing /home/ndx/Innowise tasks/Innowise_task_5/airflow_env/lib/python3.8/site-packages/airflow/example_dags/example_branch_operator.py took 0.036 seconds
[2022-08-04 00:13:55,803] {processor.py:153} INFO - Started process (PID=46941) to work on /home/ndx/Innowise tasks/Innowise_task_5/airflow_env/lib/python3.8/site-packages/airflow/example_dags/example_branch_operator.py
[2022-08-04 00:13:55,808] {processor.py:641} INFO - Processing file /home/ndx/Innowise tasks/Innowise_task_5/airflow_env/lib/python3.8/site-packages/airflow/example_dags/example_branch_operator.py for tasks to queue
[2022-08-04 00:13:55,808] {logging_mixin.py:115} INFO - [2022-08-04 00:13:55,808] {dagbag.py:508} INFO - Filling up the DagBag from /home/ndx/Innowise tasks/Innowise_task_5/airflow_env/lib/python3.8/site-packages/airflow/example_dags/example_branch_operator.py
[2022-08-04 00:13:55,815] {processor.py:651} INFO - DAG(s) dict_keys(['example_branch_operator']) retrieved from /home/ndx/Innowise tasks/Innowise_task_5/airflow_env/lib/python3.8/site-packages/airflow/example_dags/example_branch_operator.py
[2022-08-04 00:13:55,824] {logging_mixin.py:115} INFO - [2022-08-04 00:13:55,824] {dag.py:2420} INFO - Sync 1 DAGs
[2022-08-04 00:13:55,835] {logging_mixin.py:115} INFO - [2022-08-04 00:13:55,835] {dag.py:2968} INFO - Setting next_dagrun for example_branch_operator to 2022-08-02T00:00:00+00:00, run_after=2022-08-03T00:00:00+00:00
[2022-08-04 00:13:55,842] {processor.py:161} INFO - Processing /home/ndx/Innowise tasks/Innowise_task_5/airflow_env/lib/python3.8/site-packages/airflow/example_dags/example_branch_operator.py took 0.041 seconds
[2022-08-04 00:14:29,173] {processor.py:153} INFO - Started process (PID=47057) to work on /home/ndx/Innowise tasks/Innowise_task_5/airflow_env/lib/python3.8/site-packages/airflow/example_dags/example_branch_operator.py
[2022-08-04 00:14:29,179] {processor.py:641} INFO - Processing file /home/ndx/Innowise tasks/Innowise_task_5/airflow_env/lib/python3.8/site-packages/airflow/example_dags/example_branch_operator.py for tasks to queue
[2022-08-04 00:14:29,179] {logging_mixin.py:115} INFO - [2022-08-04 00:14:29,179] {dagbag.py:508} INFO - Filling up the DagBag from /home/ndx/Innowise tasks/Innowise_task_5/airflow_env/lib/python3.8/site-packages/airflow/example_dags/example_branch_operator.py
[2022-08-04 00:14:29,186] {processor.py:651} INFO - DAG(s) dict_keys(['example_branch_operator']) retrieved from /home/ndx/Innowise tasks/Innowise_task_5/airflow_env/lib/python3.8/site-packages/airflow/example_dags/example_branch_operator.py
[2022-08-04 00:14:29,195] {logging_mixin.py:115} INFO - [2022-08-04 00:14:29,195] {dag.py:2420} INFO - Sync 1 DAGs
[2022-08-04 00:14:29,205] {logging_mixin.py:115} INFO - [2022-08-04 00:14:29,205] {dag.py:2968} INFO - Setting next_dagrun for example_branch_operator to 2022-08-02T00:00:00+00:00, run_after=2022-08-03T00:00:00+00:00
[2022-08-04 00:14:29,212] {processor.py:161} INFO - Processing /home/ndx/Innowise tasks/Innowise_task_5/airflow_env/lib/python3.8/site-packages/airflow/example_dags/example_branch_operator.py took 0.040 seconds
[2022-08-04 00:15:04,613] {processor.py:153} INFO - Started process (PID=47156) to work on /home/ndx/Innowise tasks/Innowise_task_5/airflow_env/lib/python3.8/site-packages/airflow/example_dags/example_branch_operator.py
[2022-08-04 00:15:04,618] {processor.py:641} INFO - Processing file /home/ndx/Innowise tasks/Innowise_task_5/airflow_env/lib/python3.8/site-packages/airflow/example_dags/example_branch_operator.py for tasks to queue
[2022-08-04 00:15:04,619] {logging_mixin.py:115} INFO - [2022-08-04 00:15:04,619] {dagbag.py:508} INFO - Filling up the DagBag from /home/ndx/Innowise tasks/Innowise_task_5/airflow_env/lib/python3.8/site-packages/airflow/example_dags/example_branch_operator.py
[2022-08-04 00:15:04,626] {processor.py:651} INFO - DAG(s) dict_keys(['example_branch_operator']) retrieved from /home/ndx/Innowise tasks/Innowise_task_5/airflow_env/lib/python3.8/site-packages/airflow/example_dags/example_branch_operator.py
[2022-08-04 00:15:04,635] {logging_mixin.py:115} INFO - [2022-08-04 00:15:04,634] {dag.py:2420} INFO - Sync 1 DAGs
[2022-08-04 00:15:04,646] {logging_mixin.py:115} INFO - [2022-08-04 00:15:04,646] {dag.py:2968} INFO - Setting next_dagrun for example_branch_operator to 2022-08-02T00:00:00+00:00, run_after=2022-08-03T00:00:00+00:00
[2022-08-04 00:15:04,652] {processor.py:161} INFO - Processing /home/ndx/Innowise tasks/Innowise_task_5/airflow_env/lib/python3.8/site-packages/airflow/example_dags/example_branch_operator.py took 0.041 seconds
[2022-08-04 00:15:42,464] {processor.py:153} INFO - Started process (PID=47241) to work on /home/ndx/Innowise tasks/Innowise_task_5/airflow_env/lib/python3.8/site-packages/airflow/example_dags/example_branch_operator.py
[2022-08-04 00:15:42,470] {processor.py:641} INFO - Processing file /home/ndx/Innowise tasks/Innowise_task_5/airflow_env/lib/python3.8/site-packages/airflow/example_dags/example_branch_operator.py for tasks to queue
[2022-08-04 00:15:42,470] {logging_mixin.py:115} INFO - [2022-08-04 00:15:42,470] {dagbag.py:508} INFO - Filling up the DagBag from /home/ndx/Innowise tasks/Innowise_task_5/airflow_env/lib/python3.8/site-packages/airflow/example_dags/example_branch_operator.py
[2022-08-04 00:15:42,477] {processor.py:651} INFO - DAG(s) dict_keys(['example_branch_operator']) retrieved from /home/ndx/Innowise tasks/Innowise_task_5/airflow_env/lib/python3.8/site-packages/airflow/example_dags/example_branch_operator.py
[2022-08-04 00:15:42,486] {logging_mixin.py:115} INFO - [2022-08-04 00:15:42,486] {dag.py:2420} INFO - Sync 1 DAGs
[2022-08-04 00:15:42,497] {logging_mixin.py:115} INFO - [2022-08-04 00:15:42,497] {dag.py:2968} INFO - Setting next_dagrun for example_branch_operator to 2022-08-02T00:00:00+00:00, run_after=2022-08-03T00:00:00+00:00
[2022-08-04 00:15:42,503] {processor.py:161} INFO - Processing /home/ndx/Innowise tasks/Innowise_task_5/airflow_env/lib/python3.8/site-packages/airflow/example_dags/example_branch_operator.py took 0.040 seconds
[2022-08-04 00:16:16,514] {processor.py:153} INFO - Started process (PID=47307) to work on /home/ndx/Innowise tasks/Innowise_task_5/airflow_env/lib/python3.8/site-packages/airflow/example_dags/example_branch_operator.py
[2022-08-04 00:16:16,520] {processor.py:641} INFO - Processing file /home/ndx/Innowise tasks/Innowise_task_5/airflow_env/lib/python3.8/site-packages/airflow/example_dags/example_branch_operator.py for tasks to queue
[2022-08-04 00:16:16,521] {logging_mixin.py:115} INFO - [2022-08-04 00:16:16,521] {dagbag.py:508} INFO - Filling up the DagBag from /home/ndx/Innowise tasks/Innowise_task_5/airflow_env/lib/python3.8/site-packages/airflow/example_dags/example_branch_operator.py
[2022-08-04 00:16:16,528] {processor.py:651} INFO - DAG(s) dict_keys(['example_branch_operator']) retrieved from /home/ndx/Innowise tasks/Innowise_task_5/airflow_env/lib/python3.8/site-packages/airflow/example_dags/example_branch_operator.py
[2022-08-04 00:16:16,538] {logging_mixin.py:115} INFO - [2022-08-04 00:16:16,538] {dag.py:2420} INFO - Sync 1 DAGs
[2022-08-04 00:16:16,553] {logging_mixin.py:115} INFO - [2022-08-04 00:16:16,553] {dag.py:2968} INFO - Setting next_dagrun for example_branch_operator to 2022-08-02T00:00:00+00:00, run_after=2022-08-03T00:00:00+00:00
[2022-08-04 00:16:16,560] {processor.py:161} INFO - Processing /home/ndx/Innowise tasks/Innowise_task_5/airflow_env/lib/python3.8/site-packages/airflow/example_dags/example_branch_operator.py took 0.048 seconds
[2022-08-04 00:16:50,328] {processor.py:153} INFO - Started process (PID=47393) to work on /home/ndx/Innowise tasks/Innowise_task_5/airflow_env/lib/python3.8/site-packages/airflow/example_dags/example_branch_operator.py
[2022-08-04 00:16:50,329] {processor.py:641} INFO - Processing file /home/ndx/Innowise tasks/Innowise_task_5/airflow_env/lib/python3.8/site-packages/airflow/example_dags/example_branch_operator.py for tasks to queue
[2022-08-04 00:16:50,329] {logging_mixin.py:115} INFO - [2022-08-04 00:16:50,329] {dagbag.py:508} INFO - Filling up the DagBag from /home/ndx/Innowise tasks/Innowise_task_5/airflow_env/lib/python3.8/site-packages/airflow/example_dags/example_branch_operator.py
[2022-08-04 00:16:50,337] {processor.py:651} INFO - DAG(s) dict_keys(['example_branch_operator']) retrieved from /home/ndx/Innowise tasks/Innowise_task_5/airflow_env/lib/python3.8/site-packages/airflow/example_dags/example_branch_operator.py
[2022-08-04 00:16:50,347] {logging_mixin.py:115} INFO - [2022-08-04 00:16:50,347] {dag.py:2420} INFO - Sync 1 DAGs
[2022-08-04 00:16:50,367] {logging_mixin.py:115} INFO - [2022-08-04 00:16:50,366] {dag.py:2968} INFO - Setting next_dagrun for example_branch_operator to 2022-08-02T00:00:00+00:00, run_after=2022-08-03T00:00:00+00:00
[2022-08-04 00:16:50,383] {processor.py:161} INFO - Processing /home/ndx/Innowise tasks/Innowise_task_5/airflow_env/lib/python3.8/site-packages/airflow/example_dags/example_branch_operator.py took 0.058 seconds
[2022-08-04 00:17:26,284] {processor.py:153} INFO - Started process (PID=47480) to work on /home/ndx/Innowise tasks/Innowise_task_5/airflow_env/lib/python3.8/site-packages/airflow/example_dags/example_branch_operator.py
[2022-08-04 00:17:26,289] {processor.py:641} INFO - Processing file /home/ndx/Innowise tasks/Innowise_task_5/airflow_env/lib/python3.8/site-packages/airflow/example_dags/example_branch_operator.py for tasks to queue
[2022-08-04 00:17:26,290] {logging_mixin.py:115} INFO - [2022-08-04 00:17:26,290] {dagbag.py:508} INFO - Filling up the DagBag from /home/ndx/Innowise tasks/Innowise_task_5/airflow_env/lib/python3.8/site-packages/airflow/example_dags/example_branch_operator.py
[2022-08-04 00:17:26,298] {processor.py:651} INFO - DAG(s) dict_keys(['example_branch_operator']) retrieved from /home/ndx/Innowise tasks/Innowise_task_5/airflow_env/lib/python3.8/site-packages/airflow/example_dags/example_branch_operator.py
[2022-08-04 00:17:26,313] {logging_mixin.py:115} INFO - [2022-08-04 00:17:26,313] {dag.py:2420} INFO - Sync 1 DAGs
[2022-08-04 00:17:26,326] {logging_mixin.py:115} INFO - [2022-08-04 00:17:26,326] {dag.py:2968} INFO - Setting next_dagrun for example_branch_operator to 2022-08-02T00:00:00+00:00, run_after=2022-08-03T00:00:00+00:00
[2022-08-04 00:17:26,335] {processor.py:161} INFO - Processing /home/ndx/Innowise tasks/Innowise_task_5/airflow_env/lib/python3.8/site-packages/airflow/example_dags/example_branch_operator.py took 0.055 seconds
[2022-08-04 00:18:04,909] {processor.py:153} INFO - Started process (PID=47567) to work on /home/ndx/Innowise tasks/Innowise_task_5/airflow_env/lib/python3.8/site-packages/airflow/example_dags/example_branch_operator.py
[2022-08-04 00:18:04,915] {processor.py:641} INFO - Processing file /home/ndx/Innowise tasks/Innowise_task_5/airflow_env/lib/python3.8/site-packages/airflow/example_dags/example_branch_operator.py for tasks to queue
[2022-08-04 00:18:04,915] {logging_mixin.py:115} INFO - [2022-08-04 00:18:04,915] {dagbag.py:508} INFO - Filling up the DagBag from /home/ndx/Innowise tasks/Innowise_task_5/airflow_env/lib/python3.8/site-packages/airflow/example_dags/example_branch_operator.py
[2022-08-04 00:18:04,922] {processor.py:651} INFO - DAG(s) dict_keys(['example_branch_operator']) retrieved from /home/ndx/Innowise tasks/Innowise_task_5/airflow_env/lib/python3.8/site-packages/airflow/example_dags/example_branch_operator.py
[2022-08-04 00:18:04,932] {logging_mixin.py:115} INFO - [2022-08-04 00:18:04,932] {dag.py:2420} INFO - Sync 1 DAGs
[2022-08-04 00:18:04,943] {logging_mixin.py:115} INFO - [2022-08-04 00:18:04,943] {dag.py:2968} INFO - Setting next_dagrun for example_branch_operator to 2022-08-02T00:00:00+00:00, run_after=2022-08-03T00:00:00+00:00
[2022-08-04 00:18:04,950] {processor.py:161} INFO - Processing /home/ndx/Innowise tasks/Innowise_task_5/airflow_env/lib/python3.8/site-packages/airflow/example_dags/example_branch_operator.py took 0.043 seconds
[2022-08-04 00:18:38,600] {processor.py:153} INFO - Started process (PID=47607) to work on /home/ndx/Innowise tasks/Innowise_task_5/airflow_env/lib/python3.8/site-packages/airflow/example_dags/example_branch_operator.py
[2022-08-04 00:18:38,601] {processor.py:641} INFO - Processing file /home/ndx/Innowise tasks/Innowise_task_5/airflow_env/lib/python3.8/site-packages/airflow/example_dags/example_branch_operator.py for tasks to queue
[2022-08-04 00:18:38,601] {logging_mixin.py:115} INFO - [2022-08-04 00:18:38,601] {dagbag.py:508} INFO - Filling up the DagBag from /home/ndx/Innowise tasks/Innowise_task_5/airflow_env/lib/python3.8/site-packages/airflow/example_dags/example_branch_operator.py
[2022-08-04 00:18:38,607] {processor.py:651} INFO - DAG(s) dict_keys(['example_branch_operator']) retrieved from /home/ndx/Innowise tasks/Innowise_task_5/airflow_env/lib/python3.8/site-packages/airflow/example_dags/example_branch_operator.py
[2022-08-04 00:18:38,616] {logging_mixin.py:115} INFO - [2022-08-04 00:18:38,616] {dag.py:2420} INFO - Sync 1 DAGs
[2022-08-04 00:18:38,627] {logging_mixin.py:115} INFO - [2022-08-04 00:18:38,627] {dag.py:2968} INFO - Setting next_dagrun for example_branch_operator to 2022-08-02T00:00:00+00:00, run_after=2022-08-03T00:00:00+00:00
[2022-08-04 00:18:38,634] {processor.py:161} INFO - Processing /home/ndx/Innowise tasks/Innowise_task_5/airflow_env/lib/python3.8/site-packages/airflow/example_dags/example_branch_operator.py took 0.035 seconds
[2022-08-04 00:19:14,527] {processor.py:153} INFO - Started process (PID=47800) to work on /home/ndx/Innowise tasks/Innowise_task_5/airflow_env/lib/python3.8/site-packages/airflow/example_dags/example_branch_operator.py
[2022-08-04 00:19:14,532] {processor.py:641} INFO - Processing file /home/ndx/Innowise tasks/Innowise_task_5/airflow_env/lib/python3.8/site-packages/airflow/example_dags/example_branch_operator.py for tasks to queue
[2022-08-04 00:19:14,533] {logging_mixin.py:115} INFO - [2022-08-04 00:19:14,533] {dagbag.py:508} INFO - Filling up the DagBag from /home/ndx/Innowise tasks/Innowise_task_5/airflow_env/lib/python3.8/site-packages/airflow/example_dags/example_branch_operator.py
[2022-08-04 00:19:14,541] {processor.py:651} INFO - DAG(s) dict_keys(['example_branch_operator']) retrieved from /home/ndx/Innowise tasks/Innowise_task_5/airflow_env/lib/python3.8/site-packages/airflow/example_dags/example_branch_operator.py
[2022-08-04 00:19:14,552] {logging_mixin.py:115} INFO - [2022-08-04 00:19:14,552] {dag.py:2420} INFO - Sync 1 DAGs
[2022-08-04 00:19:14,566] {logging_mixin.py:115} INFO - [2022-08-04 00:19:14,566] {dag.py:2968} INFO - Setting next_dagrun for example_branch_operator to 2022-08-02T00:00:00+00:00, run_after=2022-08-03T00:00:00+00:00
[2022-08-04 00:19:14,574] {processor.py:161} INFO - Processing /home/ndx/Innowise tasks/Innowise_task_5/airflow_env/lib/python3.8/site-packages/airflow/example_dags/example_branch_operator.py took 0.049 seconds
[2022-08-04 00:19:46,663] {processor.py:153} INFO - Started process (PID=47881) to work on /home/ndx/Innowise tasks/Innowise_task_5/airflow_env/lib/python3.8/site-packages/airflow/example_dags/example_branch_operator.py
[2022-08-04 00:19:46,669] {processor.py:641} INFO - Processing file /home/ndx/Innowise tasks/Innowise_task_5/airflow_env/lib/python3.8/site-packages/airflow/example_dags/example_branch_operator.py for tasks to queue
[2022-08-04 00:19:46,669] {logging_mixin.py:115} INFO - [2022-08-04 00:19:46,669] {dagbag.py:508} INFO - Filling up the DagBag from /home/ndx/Innowise tasks/Innowise_task_5/airflow_env/lib/python3.8/site-packages/airflow/example_dags/example_branch_operator.py
[2022-08-04 00:19:46,676] {processor.py:651} INFO - DAG(s) dict_keys(['example_branch_operator']) retrieved from /home/ndx/Innowise tasks/Innowise_task_5/airflow_env/lib/python3.8/site-packages/airflow/example_dags/example_branch_operator.py
[2022-08-04 00:19:46,685] {logging_mixin.py:115} INFO - [2022-08-04 00:19:46,685] {dag.py:2420} INFO - Sync 1 DAGs
[2022-08-04 00:19:46,698] {logging_mixin.py:115} INFO - [2022-08-04 00:19:46,698] {dag.py:2968} INFO - Setting next_dagrun for example_branch_operator to 2022-08-02T00:00:00+00:00, run_after=2022-08-03T00:00:00+00:00
[2022-08-04 00:19:46,705] {processor.py:161} INFO - Processing /home/ndx/Innowise tasks/Innowise_task_5/airflow_env/lib/python3.8/site-packages/airflow/example_dags/example_branch_operator.py took 0.044 seconds
[2022-08-04 00:20:21,854] {processor.py:153} INFO - Started process (PID=47975) to work on /home/ndx/Innowise tasks/Innowise_task_5/airflow_env/lib/python3.8/site-packages/airflow/example_dags/example_branch_operator.py
[2022-08-04 00:20:21,859] {processor.py:641} INFO - Processing file /home/ndx/Innowise tasks/Innowise_task_5/airflow_env/lib/python3.8/site-packages/airflow/example_dags/example_branch_operator.py for tasks to queue
[2022-08-04 00:20:21,860] {logging_mixin.py:115} INFO - [2022-08-04 00:20:21,860] {dagbag.py:508} INFO - Filling up the DagBag from /home/ndx/Innowise tasks/Innowise_task_5/airflow_env/lib/python3.8/site-packages/airflow/example_dags/example_branch_operator.py
[2022-08-04 00:20:21,869] {processor.py:651} INFO - DAG(s) dict_keys(['example_branch_operator']) retrieved from /home/ndx/Innowise tasks/Innowise_task_5/airflow_env/lib/python3.8/site-packages/airflow/example_dags/example_branch_operator.py
[2022-08-04 00:20:21,881] {logging_mixin.py:115} INFO - [2022-08-04 00:20:21,881] {dag.py:2420} INFO - Sync 1 DAGs
[2022-08-04 00:20:21,895] {logging_mixin.py:115} INFO - [2022-08-04 00:20:21,895] {dag.py:2968} INFO - Setting next_dagrun for example_branch_operator to 2022-08-02T00:00:00+00:00, run_after=2022-08-03T00:00:00+00:00
[2022-08-04 00:20:21,903] {processor.py:161} INFO - Processing /home/ndx/Innowise tasks/Innowise_task_5/airflow_env/lib/python3.8/site-packages/airflow/example_dags/example_branch_operator.py took 0.052 seconds
[2022-08-04 00:20:54,573] {processor.py:153} INFO - Started process (PID=48028) to work on /home/ndx/Innowise tasks/Innowise_task_5/airflow_env/lib/python3.8/site-packages/airflow/example_dags/example_branch_operator.py
[2022-08-04 00:20:54,578] {processor.py:641} INFO - Processing file /home/ndx/Innowise tasks/Innowise_task_5/airflow_env/lib/python3.8/site-packages/airflow/example_dags/example_branch_operator.py for tasks to queue
[2022-08-04 00:20:54,578] {logging_mixin.py:115} INFO - [2022-08-04 00:20:54,578] {dagbag.py:508} INFO - Filling up the DagBag from /home/ndx/Innowise tasks/Innowise_task_5/airflow_env/lib/python3.8/site-packages/airflow/example_dags/example_branch_operator.py
[2022-08-04 00:20:54,585] {processor.py:651} INFO - DAG(s) dict_keys(['example_branch_operator']) retrieved from /home/ndx/Innowise tasks/Innowise_task_5/airflow_env/lib/python3.8/site-packages/airflow/example_dags/example_branch_operator.py
[2022-08-04 00:20:54,595] {logging_mixin.py:115} INFO - [2022-08-04 00:20:54,595] {dag.py:2420} INFO - Sync 1 DAGs
[2022-08-04 00:20:54,609] {logging_mixin.py:115} INFO - [2022-08-04 00:20:54,609] {dag.py:2968} INFO - Setting next_dagrun for example_branch_operator to 2022-08-02T00:00:00+00:00, run_after=2022-08-03T00:00:00+00:00
[2022-08-04 00:20:54,616] {processor.py:161} INFO - Processing /home/ndx/Innowise tasks/Innowise_task_5/airflow_env/lib/python3.8/site-packages/airflow/example_dags/example_branch_operator.py took 0.046 seconds
[2022-08-04 00:21:27,934] {processor.py:153} INFO - Started process (PID=48143) to work on /home/ndx/Innowise tasks/Innowise_task_5/airflow_env/lib/python3.8/site-packages/airflow/example_dags/example_branch_operator.py
[2022-08-04 00:21:27,939] {processor.py:641} INFO - Processing file /home/ndx/Innowise tasks/Innowise_task_5/airflow_env/lib/python3.8/site-packages/airflow/example_dags/example_branch_operator.py for tasks to queue
[2022-08-04 00:21:27,939] {logging_mixin.py:115} INFO - [2022-08-04 00:21:27,939] {dagbag.py:508} INFO - Filling up the DagBag from /home/ndx/Innowise tasks/Innowise_task_5/airflow_env/lib/python3.8/site-packages/airflow/example_dags/example_branch_operator.py
[2022-08-04 00:21:27,946] {processor.py:651} INFO - DAG(s) dict_keys(['example_branch_operator']) retrieved from /home/ndx/Innowise tasks/Innowise_task_5/airflow_env/lib/python3.8/site-packages/airflow/example_dags/example_branch_operator.py
[2022-08-04 00:21:27,954] {logging_mixin.py:115} INFO - [2022-08-04 00:21:27,954] {dag.py:2420} INFO - Sync 1 DAGs
[2022-08-04 00:21:27,969] {logging_mixin.py:115} INFO - [2022-08-04 00:21:27,969] {dag.py:2968} INFO - Setting next_dagrun for example_branch_operator to 2022-08-02T00:00:00+00:00, run_after=2022-08-03T00:00:00+00:00
[2022-08-04 00:21:27,978] {processor.py:161} INFO - Processing /home/ndx/Innowise tasks/Innowise_task_5/airflow_env/lib/python3.8/site-packages/airflow/example_dags/example_branch_operator.py took 0.046 seconds
[2022-08-04 00:22:02,707] {processor.py:153} INFO - Started process (PID=48189) to work on /home/ndx/Innowise tasks/Innowise_task_5/airflow_env/lib/python3.8/site-packages/airflow/example_dags/example_branch_operator.py
[2022-08-04 00:22:02,712] {processor.py:641} INFO - Processing file /home/ndx/Innowise tasks/Innowise_task_5/airflow_env/lib/python3.8/site-packages/airflow/example_dags/example_branch_operator.py for tasks to queue
[2022-08-04 00:22:02,713] {logging_mixin.py:115} INFO - [2022-08-04 00:22:02,713] {dagbag.py:508} INFO - Filling up the DagBag from /home/ndx/Innowise tasks/Innowise_task_5/airflow_env/lib/python3.8/site-packages/airflow/example_dags/example_branch_operator.py
[2022-08-04 00:22:02,720] {processor.py:651} INFO - DAG(s) dict_keys(['example_branch_operator']) retrieved from /home/ndx/Innowise tasks/Innowise_task_5/airflow_env/lib/python3.8/site-packages/airflow/example_dags/example_branch_operator.py
[2022-08-04 00:22:02,730] {logging_mixin.py:115} INFO - [2022-08-04 00:22:02,730] {dag.py:2420} INFO - Sync 1 DAGs
[2022-08-04 00:22:02,743] {logging_mixin.py:115} INFO - [2022-08-04 00:22:02,743] {dag.py:2968} INFO - Setting next_dagrun for example_branch_operator to 2022-08-02T00:00:00+00:00, run_after=2022-08-03T00:00:00+00:00
[2022-08-04 00:22:02,750] {processor.py:161} INFO - Processing /home/ndx/Innowise tasks/Innowise_task_5/airflow_env/lib/python3.8/site-packages/airflow/example_dags/example_branch_operator.py took 0.045 seconds
[2022-08-04 00:22:38,070] {processor.py:153} INFO - Started process (PID=48260) to work on /home/ndx/Innowise tasks/Innowise_task_5/airflow_env/lib/python3.8/site-packages/airflow/example_dags/example_branch_operator.py
[2022-08-04 00:22:38,075] {processor.py:641} INFO - Processing file /home/ndx/Innowise tasks/Innowise_task_5/airflow_env/lib/python3.8/site-packages/airflow/example_dags/example_branch_operator.py for tasks to queue
[2022-08-04 00:22:38,076] {logging_mixin.py:115} INFO - [2022-08-04 00:22:38,075] {dagbag.py:508} INFO - Filling up the DagBag from /home/ndx/Innowise tasks/Innowise_task_5/airflow_env/lib/python3.8/site-packages/airflow/example_dags/example_branch_operator.py
[2022-08-04 00:22:38,082] {processor.py:651} INFO - DAG(s) dict_keys(['example_branch_operator']) retrieved from /home/ndx/Innowise tasks/Innowise_task_5/airflow_env/lib/python3.8/site-packages/airflow/example_dags/example_branch_operator.py
[2022-08-04 00:22:38,091] {logging_mixin.py:115} INFO - [2022-08-04 00:22:38,091] {dag.py:2420} INFO - Sync 1 DAGs
[2022-08-04 00:22:38,102] {logging_mixin.py:115} INFO - [2022-08-04 00:22:38,102] {dag.py:2968} INFO - Setting next_dagrun for example_branch_operator to 2022-08-02T00:00:00+00:00, run_after=2022-08-03T00:00:00+00:00
[2022-08-04 00:22:38,108] {processor.py:161} INFO - Processing /home/ndx/Innowise tasks/Innowise_task_5/airflow_env/lib/python3.8/site-packages/airflow/example_dags/example_branch_operator.py took 0.040 seconds
[2022-08-04 00:23:14,028] {processor.py:153} INFO - Started process (PID=48316) to work on /home/ndx/Innowise tasks/Innowise_task_5/airflow_env/lib/python3.8/site-packages/airflow/example_dags/example_branch_operator.py
[2022-08-04 00:23:14,033] {processor.py:641} INFO - Processing file /home/ndx/Innowise tasks/Innowise_task_5/airflow_env/lib/python3.8/site-packages/airflow/example_dags/example_branch_operator.py for tasks to queue
[2022-08-04 00:23:14,034] {logging_mixin.py:115} INFO - [2022-08-04 00:23:14,034] {dagbag.py:508} INFO - Filling up the DagBag from /home/ndx/Innowise tasks/Innowise_task_5/airflow_env/lib/python3.8/site-packages/airflow/example_dags/example_branch_operator.py
[2022-08-04 00:23:14,040] {processor.py:651} INFO - DAG(s) dict_keys(['example_branch_operator']) retrieved from /home/ndx/Innowise tasks/Innowise_task_5/airflow_env/lib/python3.8/site-packages/airflow/example_dags/example_branch_operator.py
[2022-08-04 00:23:14,050] {logging_mixin.py:115} INFO - [2022-08-04 00:23:14,050] {dag.py:2420} INFO - Sync 1 DAGs
[2022-08-04 00:23:14,062] {logging_mixin.py:115} INFO - [2022-08-04 00:23:14,062] {dag.py:2968} INFO - Setting next_dagrun for example_branch_operator to 2022-08-02T00:00:00+00:00, run_after=2022-08-03T00:00:00+00:00
[2022-08-04 00:23:14,068] {processor.py:161} INFO - Processing /home/ndx/Innowise tasks/Innowise_task_5/airflow_env/lib/python3.8/site-packages/airflow/example_dags/example_branch_operator.py took 0.042 seconds
[2022-08-04 00:24:03,303] {processor.py:153} INFO - Started process (PID=48465) to work on /home/ndx/Innowise tasks/Innowise_task_5/airflow_env/lib/python3.8/site-packages/airflow/example_dags/example_branch_operator.py
[2022-08-04 00:24:03,308] {processor.py:641} INFO - Processing file /home/ndx/Innowise tasks/Innowise_task_5/airflow_env/lib/python3.8/site-packages/airflow/example_dags/example_branch_operator.py for tasks to queue
[2022-08-04 00:24:03,309] {logging_mixin.py:115} INFO - [2022-08-04 00:24:03,309] {dagbag.py:508} INFO - Filling up the DagBag from /home/ndx/Innowise tasks/Innowise_task_5/airflow_env/lib/python3.8/site-packages/airflow/example_dags/example_branch_operator.py
[2022-08-04 00:24:03,315] {processor.py:651} INFO - DAG(s) dict_keys(['example_branch_operator']) retrieved from /home/ndx/Innowise tasks/Innowise_task_5/airflow_env/lib/python3.8/site-packages/airflow/example_dags/example_branch_operator.py
[2022-08-04 00:24:03,327] {logging_mixin.py:115} INFO - [2022-08-04 00:24:03,327] {dag.py:2420} INFO - Sync 1 DAGs
[2022-08-04 00:24:03,345] {logging_mixin.py:115} INFO - [2022-08-04 00:24:03,344] {dag.py:2968} INFO - Setting next_dagrun for example_branch_operator to 2022-08-02T00:00:00+00:00, run_after=2022-08-03T00:00:00+00:00
[2022-08-04 00:24:03,357] {processor.py:161} INFO - Processing /home/ndx/Innowise tasks/Innowise_task_5/airflow_env/lib/python3.8/site-packages/airflow/example_dags/example_branch_operator.py took 0.055 seconds
