[2022-08-04 00:00:22,831] {processor.py:153} INFO - Started process (PID=44776) to work on /home/ndx/Innowise tasks/Innowise_task_5/airflow_env/lib/python3.8/site-packages/airflow/example_dags/example_skip_dag.py
[2022-08-04 00:00:22,831] {processor.py:641} INFO - Processing file /home/ndx/Innowise tasks/Innowise_task_5/airflow_env/lib/python3.8/site-packages/airflow/example_dags/example_skip_dag.py for tasks to queue
[2022-08-04 00:00:22,832] {logging_mixin.py:115} INFO - [2022-08-04 00:00:22,832] {dagbag.py:508} INFO - Filling up the DagBag from /home/ndx/Innowise tasks/Innowise_task_5/airflow_env/lib/python3.8/site-packages/airflow/example_dags/example_skip_dag.py
[2022-08-04 00:00:22,834] {processor.py:651} INFO - DAG(s) dict_keys(['example_skip_dag']) retrieved from /home/ndx/Innowise tasks/Innowise_task_5/airflow_env/lib/python3.8/site-packages/airflow/example_dags/example_skip_dag.py
[2022-08-04 00:00:22,841] {logging_mixin.py:115} INFO - [2022-08-04 00:00:22,841] {dag.py:2420} INFO - Sync 1 DAGs
[2022-08-04 00:00:22,849] {logging_mixin.py:115} INFO - [2022-08-04 00:00:22,849] {dag.py:2968} INFO - Setting next_dagrun for example_skip_dag to 2022-08-02T21:00:22.849533+00:00, run_after=2022-08-03T21:00:22.849533+00:00
[2022-08-04 00:00:22,861] {processor.py:161} INFO - Processing /home/ndx/Innowise tasks/Innowise_task_5/airflow_env/lib/python3.8/site-packages/airflow/example_dags/example_skip_dag.py took 0.031 seconds
[2022-08-04 00:00:54,486] {processor.py:153} INFO - Started process (PID=44938) to work on /home/ndx/Innowise tasks/Innowise_task_5/airflow_env/lib/python3.8/site-packages/airflow/example_dags/example_skip_dag.py
[2022-08-04 00:00:54,486] {processor.py:641} INFO - Processing file /home/ndx/Innowise tasks/Innowise_task_5/airflow_env/lib/python3.8/site-packages/airflow/example_dags/example_skip_dag.py for tasks to queue
[2022-08-04 00:00:54,486] {logging_mixin.py:115} INFO - [2022-08-04 00:00:54,486] {dagbag.py:508} INFO - Filling up the DagBag from /home/ndx/Innowise tasks/Innowise_task_5/airflow_env/lib/python3.8/site-packages/airflow/example_dags/example_skip_dag.py
[2022-08-04 00:00:54,489] {processor.py:651} INFO - DAG(s) dict_keys(['example_skip_dag']) retrieved from /home/ndx/Innowise tasks/Innowise_task_5/airflow_env/lib/python3.8/site-packages/airflow/example_dags/example_skip_dag.py
[2022-08-04 00:00:54,498] {logging_mixin.py:115} INFO - [2022-08-04 00:00:54,498] {dag.py:2420} INFO - Sync 1 DAGs
[2022-08-04 00:00:54,507] {logging_mixin.py:115} INFO - [2022-08-04 00:00:54,507] {dag.py:2968} INFO - Setting next_dagrun for example_skip_dag to 2022-08-02T21:00:54.507731+00:00, run_after=2022-08-03T21:00:54.507731+00:00
[2022-08-04 00:00:54,514] {processor.py:161} INFO - Processing /home/ndx/Innowise tasks/Innowise_task_5/airflow_env/lib/python3.8/site-packages/airflow/example_dags/example_skip_dag.py took 0.030 seconds
[2022-08-04 00:01:27,877] {processor.py:153} INFO - Started process (PID=45049) to work on /home/ndx/Innowise tasks/Innowise_task_5/airflow_env/lib/python3.8/site-packages/airflow/example_dags/example_skip_dag.py
[2022-08-04 00:01:27,883] {processor.py:641} INFO - Processing file /home/ndx/Innowise tasks/Innowise_task_5/airflow_env/lib/python3.8/site-packages/airflow/example_dags/example_skip_dag.py for tasks to queue
[2022-08-04 00:01:27,884] {logging_mixin.py:115} INFO - [2022-08-04 00:01:27,884] {dagbag.py:508} INFO - Filling up the DagBag from /home/ndx/Innowise tasks/Innowise_task_5/airflow_env/lib/python3.8/site-packages/airflow/example_dags/example_skip_dag.py
[2022-08-04 00:01:27,887] {processor.py:651} INFO - DAG(s) dict_keys(['example_skip_dag']) retrieved from /home/ndx/Innowise tasks/Innowise_task_5/airflow_env/lib/python3.8/site-packages/airflow/example_dags/example_skip_dag.py
[2022-08-04 00:01:27,896] {logging_mixin.py:115} INFO - [2022-08-04 00:01:27,896] {dag.py:2420} INFO - Sync 1 DAGs
[2022-08-04 00:01:27,905] {logging_mixin.py:115} INFO - [2022-08-04 00:01:27,905] {dag.py:2968} INFO - Setting next_dagrun for example_skip_dag to 2022-08-02T21:01:27.905375+00:00, run_after=2022-08-03T21:01:27.905375+00:00
[2022-08-04 00:01:27,915] {processor.py:161} INFO - Processing /home/ndx/Innowise tasks/Innowise_task_5/airflow_env/lib/python3.8/site-packages/airflow/example_dags/example_skip_dag.py took 0.039 seconds
[2022-08-04 00:02:04,110] {processor.py:153} INFO - Started process (PID=45154) to work on /home/ndx/Innowise tasks/Innowise_task_5/airflow_env/lib/python3.8/site-packages/airflow/example_dags/example_skip_dag.py
[2022-08-04 00:02:04,116] {processor.py:641} INFO - Processing file /home/ndx/Innowise tasks/Innowise_task_5/airflow_env/lib/python3.8/site-packages/airflow/example_dags/example_skip_dag.py for tasks to queue
[2022-08-04 00:02:04,116] {logging_mixin.py:115} INFO - [2022-08-04 00:02:04,116] {dagbag.py:508} INFO - Filling up the DagBag from /home/ndx/Innowise tasks/Innowise_task_5/airflow_env/lib/python3.8/site-packages/airflow/example_dags/example_skip_dag.py
[2022-08-04 00:02:04,119] {processor.py:651} INFO - DAG(s) dict_keys(['example_skip_dag']) retrieved from /home/ndx/Innowise tasks/Innowise_task_5/airflow_env/lib/python3.8/site-packages/airflow/example_dags/example_skip_dag.py
[2022-08-04 00:02:04,128] {logging_mixin.py:115} INFO - [2022-08-04 00:02:04,128] {dag.py:2420} INFO - Sync 1 DAGs
[2022-08-04 00:02:04,138] {logging_mixin.py:115} INFO - [2022-08-04 00:02:04,137] {dag.py:2968} INFO - Setting next_dagrun for example_skip_dag to 2022-08-02T21:02:04.137768+00:00, run_after=2022-08-03T21:02:04.137768+00:00
[2022-08-04 00:02:04,145] {processor.py:161} INFO - Processing /home/ndx/Innowise tasks/Innowise_task_5/airflow_env/lib/python3.8/site-packages/airflow/example_dags/example_skip_dag.py took 0.037 seconds
[2022-08-04 00:02:38,956] {processor.py:153} INFO - Started process (PID=45318) to work on /home/ndx/Innowise tasks/Innowise_task_5/airflow_env/lib/python3.8/site-packages/airflow/example_dags/example_skip_dag.py
[2022-08-04 00:02:38,961] {processor.py:641} INFO - Processing file /home/ndx/Innowise tasks/Innowise_task_5/airflow_env/lib/python3.8/site-packages/airflow/example_dags/example_skip_dag.py for tasks to queue
[2022-08-04 00:02:38,962] {logging_mixin.py:115} INFO - [2022-08-04 00:02:38,962] {dagbag.py:508} INFO - Filling up the DagBag from /home/ndx/Innowise tasks/Innowise_task_5/airflow_env/lib/python3.8/site-packages/airflow/example_dags/example_skip_dag.py
[2022-08-04 00:02:38,966] {processor.py:651} INFO - DAG(s) dict_keys(['example_skip_dag']) retrieved from /home/ndx/Innowise tasks/Innowise_task_5/airflow_env/lib/python3.8/site-packages/airflow/example_dags/example_skip_dag.py
[2022-08-04 00:02:38,975] {logging_mixin.py:115} INFO - [2022-08-04 00:02:38,975] {dag.py:2420} INFO - Sync 1 DAGs
[2022-08-04 00:02:38,983] {logging_mixin.py:115} INFO - [2022-08-04 00:02:38,983] {dag.py:2968} INFO - Setting next_dagrun for example_skip_dag to 2022-08-02T21:02:38.983638+00:00, run_after=2022-08-03T21:02:38.983638+00:00
[2022-08-04 00:02:38,990] {processor.py:161} INFO - Processing /home/ndx/Innowise tasks/Innowise_task_5/airflow_env/lib/python3.8/site-packages/airflow/example_dags/example_skip_dag.py took 0.036 seconds
[2022-08-04 00:03:14,601] {processor.py:153} INFO - Started process (PID=45371) to work on /home/ndx/Innowise tasks/Innowise_task_5/airflow_env/lib/python3.8/site-packages/airflow/example_dags/example_skip_dag.py
[2022-08-04 00:03:14,606] {processor.py:641} INFO - Processing file /home/ndx/Innowise tasks/Innowise_task_5/airflow_env/lib/python3.8/site-packages/airflow/example_dags/example_skip_dag.py for tasks to queue
[2022-08-04 00:03:14,607] {logging_mixin.py:115} INFO - [2022-08-04 00:03:14,607] {dagbag.py:508} INFO - Filling up the DagBag from /home/ndx/Innowise tasks/Innowise_task_5/airflow_env/lib/python3.8/site-packages/airflow/example_dags/example_skip_dag.py
[2022-08-04 00:03:14,610] {processor.py:651} INFO - DAG(s) dict_keys(['example_skip_dag']) retrieved from /home/ndx/Innowise tasks/Innowise_task_5/airflow_env/lib/python3.8/site-packages/airflow/example_dags/example_skip_dag.py
[2022-08-04 00:03:14,619] {logging_mixin.py:115} INFO - [2022-08-04 00:03:14,619] {dag.py:2420} INFO - Sync 1 DAGs
[2022-08-04 00:03:14,628] {logging_mixin.py:115} INFO - [2022-08-04 00:03:14,628] {dag.py:2968} INFO - Setting next_dagrun for example_skip_dag to 2022-08-02T21:03:14.628498+00:00, run_after=2022-08-03T21:03:14.628498+00:00
[2022-08-04 00:03:14,638] {processor.py:161} INFO - Processing /home/ndx/Innowise tasks/Innowise_task_5/airflow_env/lib/python3.8/site-packages/airflow/example_dags/example_skip_dag.py took 0.038 seconds
[2022-08-04 00:03:49,447] {processor.py:153} INFO - Started process (PID=45452) to work on /home/ndx/Innowise tasks/Innowise_task_5/airflow_env/lib/python3.8/site-packages/airflow/example_dags/example_skip_dag.py
[2022-08-04 00:03:49,453] {processor.py:641} INFO - Processing file /home/ndx/Innowise tasks/Innowise_task_5/airflow_env/lib/python3.8/site-packages/airflow/example_dags/example_skip_dag.py for tasks to queue
[2022-08-04 00:03:49,453] {logging_mixin.py:115} INFO - [2022-08-04 00:03:49,453] {dagbag.py:508} INFO - Filling up the DagBag from /home/ndx/Innowise tasks/Innowise_task_5/airflow_env/lib/python3.8/site-packages/airflow/example_dags/example_skip_dag.py
[2022-08-04 00:03:49,457] {processor.py:651} INFO - DAG(s) dict_keys(['example_skip_dag']) retrieved from /home/ndx/Innowise tasks/Innowise_task_5/airflow_env/lib/python3.8/site-packages/airflow/example_dags/example_skip_dag.py
[2022-08-04 00:03:49,466] {logging_mixin.py:115} INFO - [2022-08-04 00:03:49,466] {dag.py:2420} INFO - Sync 1 DAGs
[2022-08-04 00:03:49,475] {logging_mixin.py:115} INFO - [2022-08-04 00:03:49,475] {dag.py:2968} INFO - Setting next_dagrun for example_skip_dag to 2022-08-02T21:03:49.475019+00:00, run_after=2022-08-03T21:03:49.475019+00:00
[2022-08-04 00:03:49,481] {processor.py:161} INFO - Processing /home/ndx/Innowise tasks/Innowise_task_5/airflow_env/lib/python3.8/site-packages/airflow/example_dags/example_skip_dag.py took 0.035 seconds
[2022-08-04 00:04:24,407] {processor.py:153} INFO - Started process (PID=45508) to work on /home/ndx/Innowise tasks/Innowise_task_5/airflow_env/lib/python3.8/site-packages/airflow/example_dags/example_skip_dag.py
[2022-08-04 00:04:24,413] {processor.py:641} INFO - Processing file /home/ndx/Innowise tasks/Innowise_task_5/airflow_env/lib/python3.8/site-packages/airflow/example_dags/example_skip_dag.py for tasks to queue
[2022-08-04 00:04:24,413] {logging_mixin.py:115} INFO - [2022-08-04 00:04:24,413] {dagbag.py:508} INFO - Filling up the DagBag from /home/ndx/Innowise tasks/Innowise_task_5/airflow_env/lib/python3.8/site-packages/airflow/example_dags/example_skip_dag.py
[2022-08-04 00:04:24,417] {processor.py:651} INFO - DAG(s) dict_keys(['example_skip_dag']) retrieved from /home/ndx/Innowise tasks/Innowise_task_5/airflow_env/lib/python3.8/site-packages/airflow/example_dags/example_skip_dag.py
[2022-08-04 00:04:24,426] {logging_mixin.py:115} INFO - [2022-08-04 00:04:24,426] {dag.py:2420} INFO - Sync 1 DAGs
[2022-08-04 00:04:24,435] {logging_mixin.py:115} INFO - [2022-08-04 00:04:24,435] {dag.py:2968} INFO - Setting next_dagrun for example_skip_dag to 2022-08-02T21:04:24.435089+00:00, run_after=2022-08-03T21:04:24.435089+00:00
[2022-08-04 00:04:24,441] {processor.py:161} INFO - Processing /home/ndx/Innowise tasks/Innowise_task_5/airflow_env/lib/python3.8/site-packages/airflow/example_dags/example_skip_dag.py took 0.036 seconds
[2022-08-04 00:04:57,502] {processor.py:153} INFO - Started process (PID=45635) to work on /home/ndx/Innowise tasks/Innowise_task_5/airflow_env/lib/python3.8/site-packages/airflow/example_dags/example_skip_dag.py
[2022-08-04 00:04:57,508] {processor.py:641} INFO - Processing file /home/ndx/Innowise tasks/Innowise_task_5/airflow_env/lib/python3.8/site-packages/airflow/example_dags/example_skip_dag.py for tasks to queue
[2022-08-04 00:04:57,508] {logging_mixin.py:115} INFO - [2022-08-04 00:04:57,508] {dagbag.py:508} INFO - Filling up the DagBag from /home/ndx/Innowise tasks/Innowise_task_5/airflow_env/lib/python3.8/site-packages/airflow/example_dags/example_skip_dag.py
[2022-08-04 00:04:57,512] {processor.py:651} INFO - DAG(s) dict_keys(['example_skip_dag']) retrieved from /home/ndx/Innowise tasks/Innowise_task_5/airflow_env/lib/python3.8/site-packages/airflow/example_dags/example_skip_dag.py
[2022-08-04 00:04:57,525] {logging_mixin.py:115} INFO - [2022-08-04 00:04:57,525] {dag.py:2420} INFO - Sync 1 DAGs
[2022-08-04 00:04:57,542] {logging_mixin.py:115} INFO - [2022-08-04 00:04:57,542] {dag.py:2968} INFO - Setting next_dagrun for example_skip_dag to 2022-08-02T21:04:57.541788+00:00, run_after=2022-08-03T21:04:57.541788+00:00
[2022-08-04 00:04:57,554] {processor.py:161} INFO - Processing /home/ndx/Innowise tasks/Innowise_task_5/airflow_env/lib/python3.8/site-packages/airflow/example_dags/example_skip_dag.py took 0.054 seconds
[2022-08-04 00:05:31,210] {processor.py:153} INFO - Started process (PID=45751) to work on /home/ndx/Innowise tasks/Innowise_task_5/airflow_env/lib/python3.8/site-packages/airflow/example_dags/example_skip_dag.py
[2022-08-04 00:05:31,215] {processor.py:641} INFO - Processing file /home/ndx/Innowise tasks/Innowise_task_5/airflow_env/lib/python3.8/site-packages/airflow/example_dags/example_skip_dag.py for tasks to queue
[2022-08-04 00:05:31,216] {logging_mixin.py:115} INFO - [2022-08-04 00:05:31,216] {dagbag.py:508} INFO - Filling up the DagBag from /home/ndx/Innowise tasks/Innowise_task_5/airflow_env/lib/python3.8/site-packages/airflow/example_dags/example_skip_dag.py
[2022-08-04 00:05:31,219] {processor.py:651} INFO - DAG(s) dict_keys(['example_skip_dag']) retrieved from /home/ndx/Innowise tasks/Innowise_task_5/airflow_env/lib/python3.8/site-packages/airflow/example_dags/example_skip_dag.py
[2022-08-04 00:05:31,229] {logging_mixin.py:115} INFO - [2022-08-04 00:05:31,229] {dag.py:2420} INFO - Sync 1 DAGs
[2022-08-04 00:05:31,238] {logging_mixin.py:115} INFO - [2022-08-04 00:05:31,238] {dag.py:2968} INFO - Setting next_dagrun for example_skip_dag to 2022-08-02T21:05:31.237986+00:00, run_after=2022-08-03T21:05:31.237986+00:00
[2022-08-04 00:05:31,244] {processor.py:161} INFO - Processing /home/ndx/Innowise tasks/Innowise_task_5/airflow_env/lib/python3.8/site-packages/airflow/example_dags/example_skip_dag.py took 0.036 seconds
[2022-08-04 00:06:04,630] {processor.py:153} INFO - Started process (PID=45819) to work on /home/ndx/Innowise tasks/Innowise_task_5/airflow_env/lib/python3.8/site-packages/airflow/example_dags/example_skip_dag.py
[2022-08-04 00:06:04,635] {processor.py:641} INFO - Processing file /home/ndx/Innowise tasks/Innowise_task_5/airflow_env/lib/python3.8/site-packages/airflow/example_dags/example_skip_dag.py for tasks to queue
[2022-08-04 00:06:04,635] {logging_mixin.py:115} INFO - [2022-08-04 00:06:04,635] {dagbag.py:508} INFO - Filling up the DagBag from /home/ndx/Innowise tasks/Innowise_task_5/airflow_env/lib/python3.8/site-packages/airflow/example_dags/example_skip_dag.py
[2022-08-04 00:06:04,638] {processor.py:651} INFO - DAG(s) dict_keys(['example_skip_dag']) retrieved from /home/ndx/Innowise tasks/Innowise_task_5/airflow_env/lib/python3.8/site-packages/airflow/example_dags/example_skip_dag.py
[2022-08-04 00:06:04,648] {logging_mixin.py:115} INFO - [2022-08-04 00:06:04,648] {dag.py:2420} INFO - Sync 1 DAGs
[2022-08-04 00:06:04,657] {logging_mixin.py:115} INFO - [2022-08-04 00:06:04,657] {dag.py:2968} INFO - Setting next_dagrun for example_skip_dag to 2022-08-02T21:06:04.657232+00:00, run_after=2022-08-03T21:06:04.657232+00:00
[2022-08-04 00:06:04,664] {processor.py:161} INFO - Processing /home/ndx/Innowise tasks/Innowise_task_5/airflow_env/lib/python3.8/site-packages/airflow/example_dags/example_skip_dag.py took 0.035 seconds
[2022-08-04 00:06:39,460] {processor.py:153} INFO - Started process (PID=45945) to work on /home/ndx/Innowise tasks/Innowise_task_5/airflow_env/lib/python3.8/site-packages/airflow/example_dags/example_skip_dag.py
[2022-08-04 00:06:39,465] {processor.py:641} INFO - Processing file /home/ndx/Innowise tasks/Innowise_task_5/airflow_env/lib/python3.8/site-packages/airflow/example_dags/example_skip_dag.py for tasks to queue
[2022-08-04 00:06:39,466] {logging_mixin.py:115} INFO - [2022-08-04 00:06:39,466] {dagbag.py:508} INFO - Filling up the DagBag from /home/ndx/Innowise tasks/Innowise_task_5/airflow_env/lib/python3.8/site-packages/airflow/example_dags/example_skip_dag.py
[2022-08-04 00:06:39,469] {processor.py:651} INFO - DAG(s) dict_keys(['example_skip_dag']) retrieved from /home/ndx/Innowise tasks/Innowise_task_5/airflow_env/lib/python3.8/site-packages/airflow/example_dags/example_skip_dag.py
[2022-08-04 00:06:39,478] {logging_mixin.py:115} INFO - [2022-08-04 00:06:39,478] {dag.py:2420} INFO - Sync 1 DAGs
[2022-08-04 00:06:39,487] {logging_mixin.py:115} INFO - [2022-08-04 00:06:39,487] {dag.py:2968} INFO - Setting next_dagrun for example_skip_dag to 2022-08-02T21:06:39.487445+00:00, run_after=2022-08-03T21:06:39.487445+00:00
[2022-08-04 00:06:39,494] {processor.py:161} INFO - Processing /home/ndx/Innowise tasks/Innowise_task_5/airflow_env/lib/python3.8/site-packages/airflow/example_dags/example_skip_dag.py took 0.036 seconds
[2022-08-04 00:07:12,821] {processor.py:153} INFO - Started process (PID=46010) to work on /home/ndx/Innowise tasks/Innowise_task_5/airflow_env/lib/python3.8/site-packages/airflow/example_dags/example_skip_dag.py
[2022-08-04 00:07:12,827] {processor.py:641} INFO - Processing file /home/ndx/Innowise tasks/Innowise_task_5/airflow_env/lib/python3.8/site-packages/airflow/example_dags/example_skip_dag.py for tasks to queue
[2022-08-04 00:07:12,827] {logging_mixin.py:115} INFO - [2022-08-04 00:07:12,827] {dagbag.py:508} INFO - Filling up the DagBag from /home/ndx/Innowise tasks/Innowise_task_5/airflow_env/lib/python3.8/site-packages/airflow/example_dags/example_skip_dag.py
[2022-08-04 00:07:12,831] {processor.py:651} INFO - DAG(s) dict_keys(['example_skip_dag']) retrieved from /home/ndx/Innowise tasks/Innowise_task_5/airflow_env/lib/python3.8/site-packages/airflow/example_dags/example_skip_dag.py
[2022-08-04 00:07:12,844] {logging_mixin.py:115} INFO - [2022-08-04 00:07:12,843] {dag.py:2420} INFO - Sync 1 DAGs
[2022-08-04 00:07:12,857] {logging_mixin.py:115} INFO - [2022-08-04 00:07:12,857] {dag.py:2968} INFO - Setting next_dagrun for example_skip_dag to 2022-08-02T21:07:12.856865+00:00, run_after=2022-08-03T21:07:12.856865+00:00
[2022-08-04 00:07:12,866] {processor.py:161} INFO - Processing /home/ndx/Innowise tasks/Innowise_task_5/airflow_env/lib/python3.8/site-packages/airflow/example_dags/example_skip_dag.py took 0.046 seconds
[2022-08-04 00:07:46,160] {processor.py:153} INFO - Started process (PID=46078) to work on /home/ndx/Innowise tasks/Innowise_task_5/airflow_env/lib/python3.8/site-packages/airflow/example_dags/example_skip_dag.py
[2022-08-04 00:07:46,166] {processor.py:641} INFO - Processing file /home/ndx/Innowise tasks/Innowise_task_5/airflow_env/lib/python3.8/site-packages/airflow/example_dags/example_skip_dag.py for tasks to queue
[2022-08-04 00:07:46,166] {logging_mixin.py:115} INFO - [2022-08-04 00:07:46,166] {dagbag.py:508} INFO - Filling up the DagBag from /home/ndx/Innowise tasks/Innowise_task_5/airflow_env/lib/python3.8/site-packages/airflow/example_dags/example_skip_dag.py
[2022-08-04 00:07:46,170] {processor.py:651} INFO - DAG(s) dict_keys(['example_skip_dag']) retrieved from /home/ndx/Innowise tasks/Innowise_task_5/airflow_env/lib/python3.8/site-packages/airflow/example_dags/example_skip_dag.py
[2022-08-04 00:07:46,179] {logging_mixin.py:115} INFO - [2022-08-04 00:07:46,179] {dag.py:2420} INFO - Sync 1 DAGs
[2022-08-04 00:07:46,188] {logging_mixin.py:115} INFO - [2022-08-04 00:07:46,188] {dag.py:2968} INFO - Setting next_dagrun for example_skip_dag to 2022-08-02T21:07:46.187978+00:00, run_after=2022-08-03T21:07:46.187978+00:00
[2022-08-04 00:07:46,194] {processor.py:161} INFO - Processing /home/ndx/Innowise tasks/Innowise_task_5/airflow_env/lib/python3.8/site-packages/airflow/example_dags/example_skip_dag.py took 0.035 seconds
[2022-08-04 00:08:20,978] {processor.py:153} INFO - Started process (PID=46141) to work on /home/ndx/Innowise tasks/Innowise_task_5/airflow_env/lib/python3.8/site-packages/airflow/example_dags/example_skip_dag.py
[2022-08-04 00:08:20,983] {processor.py:641} INFO - Processing file /home/ndx/Innowise tasks/Innowise_task_5/airflow_env/lib/python3.8/site-packages/airflow/example_dags/example_skip_dag.py for tasks to queue
[2022-08-04 00:08:20,984] {logging_mixin.py:115} INFO - [2022-08-04 00:08:20,984] {dagbag.py:508} INFO - Filling up the DagBag from /home/ndx/Innowise tasks/Innowise_task_5/airflow_env/lib/python3.8/site-packages/airflow/example_dags/example_skip_dag.py
[2022-08-04 00:08:20,988] {processor.py:651} INFO - DAG(s) dict_keys(['example_skip_dag']) retrieved from /home/ndx/Innowise tasks/Innowise_task_5/airflow_env/lib/python3.8/site-packages/airflow/example_dags/example_skip_dag.py
[2022-08-04 00:08:21,001] {logging_mixin.py:115} INFO - [2022-08-04 00:08:21,001] {dag.py:2420} INFO - Sync 1 DAGs
[2022-08-04 00:08:21,011] {logging_mixin.py:115} INFO - [2022-08-04 00:08:21,011] {dag.py:2968} INFO - Setting next_dagrun for example_skip_dag to 2022-08-02T21:08:21.011268+00:00, run_after=2022-08-03T21:08:21.011268+00:00
[2022-08-04 00:08:21,018] {processor.py:161} INFO - Processing /home/ndx/Innowise tasks/Innowise_task_5/airflow_env/lib/python3.8/site-packages/airflow/example_dags/example_skip_dag.py took 0.041 seconds
[2022-08-04 00:08:54,278] {processor.py:153} INFO - Started process (PID=46256) to work on /home/ndx/Innowise tasks/Innowise_task_5/airflow_env/lib/python3.8/site-packages/airflow/example_dags/example_skip_dag.py
[2022-08-04 00:08:54,283] {processor.py:641} INFO - Processing file /home/ndx/Innowise tasks/Innowise_task_5/airflow_env/lib/python3.8/site-packages/airflow/example_dags/example_skip_dag.py for tasks to queue
[2022-08-04 00:08:54,284] {logging_mixin.py:115} INFO - [2022-08-04 00:08:54,284] {dagbag.py:508} INFO - Filling up the DagBag from /home/ndx/Innowise tasks/Innowise_task_5/airflow_env/lib/python3.8/site-packages/airflow/example_dags/example_skip_dag.py
[2022-08-04 00:08:54,287] {processor.py:651} INFO - DAG(s) dict_keys(['example_skip_dag']) retrieved from /home/ndx/Innowise tasks/Innowise_task_5/airflow_env/lib/python3.8/site-packages/airflow/example_dags/example_skip_dag.py
[2022-08-04 00:08:54,297] {logging_mixin.py:115} INFO - [2022-08-04 00:08:54,297] {dag.py:2420} INFO - Sync 1 DAGs
[2022-08-04 00:08:54,307] {logging_mixin.py:115} INFO - [2022-08-04 00:08:54,307] {dag.py:2968} INFO - Setting next_dagrun for example_skip_dag to 2022-08-02T21:08:54.307318+00:00, run_after=2022-08-03T21:08:54.307318+00:00
[2022-08-04 00:08:54,314] {processor.py:161} INFO - Processing /home/ndx/Innowise tasks/Innowise_task_5/airflow_env/lib/python3.8/site-packages/airflow/example_dags/example_skip_dag.py took 0.038 seconds
[2022-08-04 00:09:32,476] {processor.py:153} INFO - Started process (PID=46367) to work on /home/ndx/Innowise tasks/Innowise_task_5/airflow_env/lib/python3.8/site-packages/airflow/example_dags/example_skip_dag.py
[2022-08-04 00:09:32,481] {processor.py:641} INFO - Processing file /home/ndx/Innowise tasks/Innowise_task_5/airflow_env/lib/python3.8/site-packages/airflow/example_dags/example_skip_dag.py for tasks to queue
[2022-08-04 00:09:32,481] {logging_mixin.py:115} INFO - [2022-08-04 00:09:32,481] {dagbag.py:508} INFO - Filling up the DagBag from /home/ndx/Innowise tasks/Innowise_task_5/airflow_env/lib/python3.8/site-packages/airflow/example_dags/example_skip_dag.py
[2022-08-04 00:09:32,485] {processor.py:651} INFO - DAG(s) dict_keys(['example_skip_dag']) retrieved from /home/ndx/Innowise tasks/Innowise_task_5/airflow_env/lib/python3.8/site-packages/airflow/example_dags/example_skip_dag.py
[2022-08-04 00:09:32,492] {logging_mixin.py:115} INFO - [2022-08-04 00:09:32,492] {dag.py:2420} INFO - Sync 1 DAGs
[2022-08-04 00:09:32,500] {logging_mixin.py:115} INFO - [2022-08-04 00:09:32,500] {dag.py:2968} INFO - Setting next_dagrun for example_skip_dag to 2022-08-02T21:09:32.499849+00:00, run_after=2022-08-03T21:09:32.499849+00:00
[2022-08-04 00:09:32,505] {processor.py:161} INFO - Processing /home/ndx/Innowise tasks/Innowise_task_5/airflow_env/lib/python3.8/site-packages/airflow/example_dags/example_skip_dag.py took 0.031 seconds
[2022-08-04 00:10:05,679] {processor.py:153} INFO - Started process (PID=46418) to work on /home/ndx/Innowise tasks/Innowise_task_5/airflow_env/lib/python3.8/site-packages/airflow/example_dags/example_skip_dag.py
[2022-08-04 00:10:05,684] {processor.py:641} INFO - Processing file /home/ndx/Innowise tasks/Innowise_task_5/airflow_env/lib/python3.8/site-packages/airflow/example_dags/example_skip_dag.py for tasks to queue
[2022-08-04 00:10:05,685] {logging_mixin.py:115} INFO - [2022-08-04 00:10:05,685] {dagbag.py:508} INFO - Filling up the DagBag from /home/ndx/Innowise tasks/Innowise_task_5/airflow_env/lib/python3.8/site-packages/airflow/example_dags/example_skip_dag.py
[2022-08-04 00:10:05,688] {processor.py:651} INFO - DAG(s) dict_keys(['example_skip_dag']) retrieved from /home/ndx/Innowise tasks/Innowise_task_5/airflow_env/lib/python3.8/site-packages/airflow/example_dags/example_skip_dag.py
[2022-08-04 00:10:05,698] {logging_mixin.py:115} INFO - [2022-08-04 00:10:05,698] {dag.py:2420} INFO - Sync 1 DAGs
[2022-08-04 00:10:05,706] {logging_mixin.py:115} INFO - [2022-08-04 00:10:05,706] {dag.py:2968} INFO - Setting next_dagrun for example_skip_dag to 2022-08-02T21:10:05.706664+00:00, run_after=2022-08-03T21:10:05.706664+00:00
[2022-08-04 00:10:05,713] {processor.py:161} INFO - Processing /home/ndx/Innowise tasks/Innowise_task_5/airflow_env/lib/python3.8/site-packages/airflow/example_dags/example_skip_dag.py took 0.035 seconds
[2022-08-04 00:10:37,949] {processor.py:153} INFO - Started process (PID=46538) to work on /home/ndx/Innowise tasks/Innowise_task_5/airflow_env/lib/python3.8/site-packages/airflow/example_dags/example_skip_dag.py
[2022-08-04 00:10:37,955] {processor.py:641} INFO - Processing file /home/ndx/Innowise tasks/Innowise_task_5/airflow_env/lib/python3.8/site-packages/airflow/example_dags/example_skip_dag.py for tasks to queue
[2022-08-04 00:10:37,955] {logging_mixin.py:115} INFO - [2022-08-04 00:10:37,955] {dagbag.py:508} INFO - Filling up the DagBag from /home/ndx/Innowise tasks/Innowise_task_5/airflow_env/lib/python3.8/site-packages/airflow/example_dags/example_skip_dag.py
[2022-08-04 00:10:37,959] {processor.py:651} INFO - DAG(s) dict_keys(['example_skip_dag']) retrieved from /home/ndx/Innowise tasks/Innowise_task_5/airflow_env/lib/python3.8/site-packages/airflow/example_dags/example_skip_dag.py
[2022-08-04 00:10:37,969] {logging_mixin.py:115} INFO - [2022-08-04 00:10:37,969] {dag.py:2420} INFO - Sync 1 DAGs
[2022-08-04 00:10:37,978] {logging_mixin.py:115} INFO - [2022-08-04 00:10:37,978] {dag.py:2968} INFO - Setting next_dagrun for example_skip_dag to 2022-08-02T21:10:37.977862+00:00, run_after=2022-08-03T21:10:37.977862+00:00
[2022-08-04 00:10:37,987] {processor.py:161} INFO - Processing /home/ndx/Innowise tasks/Innowise_task_5/airflow_env/lib/python3.8/site-packages/airflow/example_dags/example_skip_dag.py took 0.039 seconds
[2022-08-04 00:11:12,495] {processor.py:153} INFO - Started process (PID=46612) to work on /home/ndx/Innowise tasks/Innowise_task_5/airflow_env/lib/python3.8/site-packages/airflow/example_dags/example_skip_dag.py
[2022-08-04 00:11:12,501] {processor.py:641} INFO - Processing file /home/ndx/Innowise tasks/Innowise_task_5/airflow_env/lib/python3.8/site-packages/airflow/example_dags/example_skip_dag.py for tasks to queue
[2022-08-04 00:11:12,502] {logging_mixin.py:115} INFO - [2022-08-04 00:11:12,502] {dagbag.py:508} INFO - Filling up the DagBag from /home/ndx/Innowise tasks/Innowise_task_5/airflow_env/lib/python3.8/site-packages/airflow/example_dags/example_skip_dag.py
[2022-08-04 00:11:12,506] {processor.py:651} INFO - DAG(s) dict_keys(['example_skip_dag']) retrieved from /home/ndx/Innowise tasks/Innowise_task_5/airflow_env/lib/python3.8/site-packages/airflow/example_dags/example_skip_dag.py
[2022-08-04 00:11:12,515] {logging_mixin.py:115} INFO - [2022-08-04 00:11:12,515] {dag.py:2420} INFO - Sync 1 DAGs
[2022-08-04 00:11:12,528] {logging_mixin.py:115} INFO - [2022-08-04 00:11:12,528] {dag.py:2968} INFO - Setting next_dagrun for example_skip_dag to 2022-08-02T21:11:12.528293+00:00, run_after=2022-08-03T21:11:12.528293+00:00
[2022-08-04 00:11:12,539] {processor.py:161} INFO - Processing /home/ndx/Innowise tasks/Innowise_task_5/airflow_env/lib/python3.8/site-packages/airflow/example_dags/example_skip_dag.py took 0.046 seconds
[2022-08-04 00:11:45,899] {processor.py:153} INFO - Started process (PID=46668) to work on /home/ndx/Innowise tasks/Innowise_task_5/airflow_env/lib/python3.8/site-packages/airflow/example_dags/example_skip_dag.py
[2022-08-04 00:11:45,904] {processor.py:641} INFO - Processing file /home/ndx/Innowise tasks/Innowise_task_5/airflow_env/lib/python3.8/site-packages/airflow/example_dags/example_skip_dag.py for tasks to queue
[2022-08-04 00:11:45,905] {logging_mixin.py:115} INFO - [2022-08-04 00:11:45,904] {dagbag.py:508} INFO - Filling up the DagBag from /home/ndx/Innowise tasks/Innowise_task_5/airflow_env/lib/python3.8/site-packages/airflow/example_dags/example_skip_dag.py
[2022-08-04 00:11:45,908] {processor.py:651} INFO - DAG(s) dict_keys(['example_skip_dag']) retrieved from /home/ndx/Innowise tasks/Innowise_task_5/airflow_env/lib/python3.8/site-packages/airflow/example_dags/example_skip_dag.py
[2022-08-04 00:11:45,917] {logging_mixin.py:115} INFO - [2022-08-04 00:11:45,917] {dag.py:2420} INFO - Sync 1 DAGs
[2022-08-04 00:11:45,925] {logging_mixin.py:115} INFO - [2022-08-04 00:11:45,925] {dag.py:2968} INFO - Setting next_dagrun for example_skip_dag to 2022-08-02T21:11:45.925693+00:00, run_after=2022-08-03T21:11:45.925693+00:00
[2022-08-04 00:11:45,933] {processor.py:161} INFO - Processing /home/ndx/Innowise tasks/Innowise_task_5/airflow_env/lib/python3.8/site-packages/airflow/example_dags/example_skip_dag.py took 0.036 seconds
[2022-08-04 00:12:21,839] {processor.py:153} INFO - Started process (PID=46725) to work on /home/ndx/Innowise tasks/Innowise_task_5/airflow_env/lib/python3.8/site-packages/airflow/example_dags/example_skip_dag.py
[2022-08-04 00:12:21,845] {processor.py:641} INFO - Processing file /home/ndx/Innowise tasks/Innowise_task_5/airflow_env/lib/python3.8/site-packages/airflow/example_dags/example_skip_dag.py for tasks to queue
[2022-08-04 00:12:21,845] {logging_mixin.py:115} INFO - [2022-08-04 00:12:21,845] {dagbag.py:508} INFO - Filling up the DagBag from /home/ndx/Innowise tasks/Innowise_task_5/airflow_env/lib/python3.8/site-packages/airflow/example_dags/example_skip_dag.py
[2022-08-04 00:12:21,849] {processor.py:651} INFO - DAG(s) dict_keys(['example_skip_dag']) retrieved from /home/ndx/Innowise tasks/Innowise_task_5/airflow_env/lib/python3.8/site-packages/airflow/example_dags/example_skip_dag.py
[2022-08-04 00:12:21,860] {logging_mixin.py:115} INFO - [2022-08-04 00:12:21,860] {dag.py:2420} INFO - Sync 1 DAGs
[2022-08-04 00:12:21,869] {logging_mixin.py:115} INFO - [2022-08-04 00:12:21,869] {dag.py:2968} INFO - Setting next_dagrun for example_skip_dag to 2022-08-02T21:12:21.869461+00:00, run_after=2022-08-03T21:12:21.869461+00:00
[2022-08-04 00:12:21,877] {processor.py:161} INFO - Processing /home/ndx/Innowise tasks/Innowise_task_5/airflow_env/lib/python3.8/site-packages/airflow/example_dags/example_skip_dag.py took 0.040 seconds
[2022-08-04 00:12:54,974] {processor.py:153} INFO - Started process (PID=46795) to work on /home/ndx/Innowise tasks/Innowise_task_5/airflow_env/lib/python3.8/site-packages/airflow/example_dags/example_skip_dag.py
[2022-08-04 00:12:54,979] {processor.py:641} INFO - Processing file /home/ndx/Innowise tasks/Innowise_task_5/airflow_env/lib/python3.8/site-packages/airflow/example_dags/example_skip_dag.py for tasks to queue
[2022-08-04 00:12:54,980] {logging_mixin.py:115} INFO - [2022-08-04 00:12:54,979] {dagbag.py:508} INFO - Filling up the DagBag from /home/ndx/Innowise tasks/Innowise_task_5/airflow_env/lib/python3.8/site-packages/airflow/example_dags/example_skip_dag.py
[2022-08-04 00:12:54,983] {processor.py:651} INFO - DAG(s) dict_keys(['example_skip_dag']) retrieved from /home/ndx/Innowise tasks/Innowise_task_5/airflow_env/lib/python3.8/site-packages/airflow/example_dags/example_skip_dag.py
[2022-08-04 00:12:54,992] {logging_mixin.py:115} INFO - [2022-08-04 00:12:54,992] {dag.py:2420} INFO - Sync 1 DAGs
[2022-08-04 00:12:55,001] {logging_mixin.py:115} INFO - [2022-08-04 00:12:55,001] {dag.py:2968} INFO - Setting next_dagrun for example_skip_dag to 2022-08-02T21:12:55.001369+00:00, run_after=2022-08-03T21:12:55.001369+00:00
[2022-08-04 00:12:55,009] {processor.py:161} INFO - Processing /home/ndx/Innowise tasks/Innowise_task_5/airflow_env/lib/python3.8/site-packages/airflow/example_dags/example_skip_dag.py took 0.037 seconds
[2022-08-04 00:13:28,675] {processor.py:153} INFO - Started process (PID=46888) to work on /home/ndx/Innowise tasks/Innowise_task_5/airflow_env/lib/python3.8/site-packages/airflow/example_dags/example_skip_dag.py
[2022-08-04 00:13:28,680] {processor.py:641} INFO - Processing file /home/ndx/Innowise tasks/Innowise_task_5/airflow_env/lib/python3.8/site-packages/airflow/example_dags/example_skip_dag.py for tasks to queue
[2022-08-04 00:13:28,680] {logging_mixin.py:115} INFO - [2022-08-04 00:13:28,680] {dagbag.py:508} INFO - Filling up the DagBag from /home/ndx/Innowise tasks/Innowise_task_5/airflow_env/lib/python3.8/site-packages/airflow/example_dags/example_skip_dag.py
[2022-08-04 00:13:28,684] {processor.py:651} INFO - DAG(s) dict_keys(['example_skip_dag']) retrieved from /home/ndx/Innowise tasks/Innowise_task_5/airflow_env/lib/python3.8/site-packages/airflow/example_dags/example_skip_dag.py
[2022-08-04 00:13:28,693] {logging_mixin.py:115} INFO - [2022-08-04 00:13:28,693] {dag.py:2420} INFO - Sync 1 DAGs
[2022-08-04 00:13:28,702] {logging_mixin.py:115} INFO - [2022-08-04 00:13:28,702] {dag.py:2968} INFO - Setting next_dagrun for example_skip_dag to 2022-08-02T21:13:28.702464+00:00, run_after=2022-08-03T21:13:28.702464+00:00
[2022-08-04 00:13:28,710] {processor.py:161} INFO - Processing /home/ndx/Innowise tasks/Innowise_task_5/airflow_env/lib/python3.8/site-packages/airflow/example_dags/example_skip_dag.py took 0.037 seconds
[2022-08-04 00:14:03,206] {processor.py:153} INFO - Started process (PID=46954) to work on /home/ndx/Innowise tasks/Innowise_task_5/airflow_env/lib/python3.8/site-packages/airflow/example_dags/example_skip_dag.py
[2022-08-04 00:14:03,211] {processor.py:641} INFO - Processing file /home/ndx/Innowise tasks/Innowise_task_5/airflow_env/lib/python3.8/site-packages/airflow/example_dags/example_skip_dag.py for tasks to queue
[2022-08-04 00:14:03,212] {logging_mixin.py:115} INFO - [2022-08-04 00:14:03,212] {dagbag.py:508} INFO - Filling up the DagBag from /home/ndx/Innowise tasks/Innowise_task_5/airflow_env/lib/python3.8/site-packages/airflow/example_dags/example_skip_dag.py
[2022-08-04 00:14:03,215] {processor.py:651} INFO - DAG(s) dict_keys(['example_skip_dag']) retrieved from /home/ndx/Innowise tasks/Innowise_task_5/airflow_env/lib/python3.8/site-packages/airflow/example_dags/example_skip_dag.py
[2022-08-04 00:14:03,225] {logging_mixin.py:115} INFO - [2022-08-04 00:14:03,224] {dag.py:2420} INFO - Sync 1 DAGs
[2022-08-04 00:14:03,233] {logging_mixin.py:115} INFO - [2022-08-04 00:14:03,233] {dag.py:2968} INFO - Setting next_dagrun for example_skip_dag to 2022-08-02T21:14:03.233502+00:00, run_after=2022-08-03T21:14:03.233502+00:00
[2022-08-04 00:14:03,241] {processor.py:161} INFO - Processing /home/ndx/Innowise tasks/Innowise_task_5/airflow_env/lib/python3.8/site-packages/airflow/example_dags/example_skip_dag.py took 0.037 seconds
[2022-08-04 00:14:36,296] {processor.py:153} INFO - Started process (PID=47090) to work on /home/ndx/Innowise tasks/Innowise_task_5/airflow_env/lib/python3.8/site-packages/airflow/example_dags/example_skip_dag.py
[2022-08-04 00:14:36,301] {processor.py:641} INFO - Processing file /home/ndx/Innowise tasks/Innowise_task_5/airflow_env/lib/python3.8/site-packages/airflow/example_dags/example_skip_dag.py for tasks to queue
[2022-08-04 00:14:36,302] {logging_mixin.py:115} INFO - [2022-08-04 00:14:36,302] {dagbag.py:508} INFO - Filling up the DagBag from /home/ndx/Innowise tasks/Innowise_task_5/airflow_env/lib/python3.8/site-packages/airflow/example_dags/example_skip_dag.py
[2022-08-04 00:14:36,305] {processor.py:651} INFO - DAG(s) dict_keys(['example_skip_dag']) retrieved from /home/ndx/Innowise tasks/Innowise_task_5/airflow_env/lib/python3.8/site-packages/airflow/example_dags/example_skip_dag.py
[2022-08-04 00:14:36,312] {logging_mixin.py:115} INFO - [2022-08-04 00:14:36,312] {dag.py:2420} INFO - Sync 1 DAGs
[2022-08-04 00:14:36,319] {logging_mixin.py:115} INFO - [2022-08-04 00:14:36,319] {dag.py:2968} INFO - Setting next_dagrun for example_skip_dag to 2022-08-02T21:14:36.319699+00:00, run_after=2022-08-03T21:14:36.319699+00:00
[2022-08-04 00:14:36,326] {processor.py:161} INFO - Processing /home/ndx/Innowise tasks/Innowise_task_5/airflow_env/lib/python3.8/site-packages/airflow/example_dags/example_skip_dag.py took 0.031 seconds
[2022-08-04 00:15:14,840] {processor.py:153} INFO - Started process (PID=47212) to work on /home/ndx/Innowise tasks/Innowise_task_5/airflow_env/lib/python3.8/site-packages/airflow/example_dags/example_skip_dag.py
[2022-08-04 00:15:14,845] {processor.py:641} INFO - Processing file /home/ndx/Innowise tasks/Innowise_task_5/airflow_env/lib/python3.8/site-packages/airflow/example_dags/example_skip_dag.py for tasks to queue
[2022-08-04 00:15:14,846] {logging_mixin.py:115} INFO - [2022-08-04 00:15:14,846] {dagbag.py:508} INFO - Filling up the DagBag from /home/ndx/Innowise tasks/Innowise_task_5/airflow_env/lib/python3.8/site-packages/airflow/example_dags/example_skip_dag.py
[2022-08-04 00:15:14,849] {processor.py:651} INFO - DAG(s) dict_keys(['example_skip_dag']) retrieved from /home/ndx/Innowise tasks/Innowise_task_5/airflow_env/lib/python3.8/site-packages/airflow/example_dags/example_skip_dag.py
[2022-08-04 00:15:14,856] {logging_mixin.py:115} INFO - [2022-08-04 00:15:14,856] {dag.py:2420} INFO - Sync 1 DAGs
[2022-08-04 00:15:14,864] {logging_mixin.py:115} INFO - [2022-08-04 00:15:14,864] {dag.py:2968} INFO - Setting next_dagrun for example_skip_dag to 2022-08-02T21:15:14.864612+00:00, run_after=2022-08-03T21:15:14.864612+00:00
[2022-08-04 00:15:14,872] {processor.py:161} INFO - Processing /home/ndx/Innowise tasks/Innowise_task_5/airflow_env/lib/python3.8/site-packages/airflow/example_dags/example_skip_dag.py took 0.033 seconds
[2022-08-04 00:15:49,339] {processor.py:153} INFO - Started process (PID=47249) to work on /home/ndx/Innowise tasks/Innowise_task_5/airflow_env/lib/python3.8/site-packages/airflow/example_dags/example_skip_dag.py
[2022-08-04 00:15:49,344] {processor.py:641} INFO - Processing file /home/ndx/Innowise tasks/Innowise_task_5/airflow_env/lib/python3.8/site-packages/airflow/example_dags/example_skip_dag.py for tasks to queue
[2022-08-04 00:15:49,345] {logging_mixin.py:115} INFO - [2022-08-04 00:15:49,345] {dagbag.py:508} INFO - Filling up the DagBag from /home/ndx/Innowise tasks/Innowise_task_5/airflow_env/lib/python3.8/site-packages/airflow/example_dags/example_skip_dag.py
[2022-08-04 00:15:49,348] {processor.py:651} INFO - DAG(s) dict_keys(['example_skip_dag']) retrieved from /home/ndx/Innowise tasks/Innowise_task_5/airflow_env/lib/python3.8/site-packages/airflow/example_dags/example_skip_dag.py
[2022-08-04 00:15:49,357] {logging_mixin.py:115} INFO - [2022-08-04 00:15:49,357] {dag.py:2420} INFO - Sync 1 DAGs
[2022-08-04 00:15:49,366] {logging_mixin.py:115} INFO - [2022-08-04 00:15:49,366] {dag.py:2968} INFO - Setting next_dagrun for example_skip_dag to 2022-08-02T21:15:49.365937+00:00, run_after=2022-08-03T21:15:49.365937+00:00
[2022-08-04 00:15:49,373] {processor.py:161} INFO - Processing /home/ndx/Innowise tasks/Innowise_task_5/airflow_env/lib/python3.8/site-packages/airflow/example_dags/example_skip_dag.py took 0.036 seconds
[2022-08-04 00:16:23,776] {processor.py:153} INFO - Started process (PID=47330) to work on /home/ndx/Innowise tasks/Innowise_task_5/airflow_env/lib/python3.8/site-packages/airflow/example_dags/example_skip_dag.py
[2022-08-04 00:16:23,777] {processor.py:641} INFO - Processing file /home/ndx/Innowise tasks/Innowise_task_5/airflow_env/lib/python3.8/site-packages/airflow/example_dags/example_skip_dag.py for tasks to queue
[2022-08-04 00:16:23,777] {logging_mixin.py:115} INFO - [2022-08-04 00:16:23,777] {dagbag.py:508} INFO - Filling up the DagBag from /home/ndx/Innowise tasks/Innowise_task_5/airflow_env/lib/python3.8/site-packages/airflow/example_dags/example_skip_dag.py
[2022-08-04 00:16:23,780] {processor.py:651} INFO - DAG(s) dict_keys(['example_skip_dag']) retrieved from /home/ndx/Innowise tasks/Innowise_task_5/airflow_env/lib/python3.8/site-packages/airflow/example_dags/example_skip_dag.py
[2022-08-04 00:16:23,790] {logging_mixin.py:115} INFO - [2022-08-04 00:16:23,790] {dag.py:2420} INFO - Sync 1 DAGs
[2022-08-04 00:16:23,800] {logging_mixin.py:115} INFO - [2022-08-04 00:16:23,800] {dag.py:2968} INFO - Setting next_dagrun for example_skip_dag to 2022-08-02T21:16:23.800049+00:00, run_after=2022-08-03T21:16:23.800049+00:00
[2022-08-04 00:16:23,808] {processor.py:161} INFO - Processing /home/ndx/Innowise tasks/Innowise_task_5/airflow_env/lib/python3.8/site-packages/airflow/example_dags/example_skip_dag.py took 0.033 seconds
[2022-08-04 00:16:57,056] {processor.py:153} INFO - Started process (PID=47404) to work on /home/ndx/Innowise tasks/Innowise_task_5/airflow_env/lib/python3.8/site-packages/airflow/example_dags/example_skip_dag.py
[2022-08-04 00:16:57,061] {processor.py:641} INFO - Processing file /home/ndx/Innowise tasks/Innowise_task_5/airflow_env/lib/python3.8/site-packages/airflow/example_dags/example_skip_dag.py for tasks to queue
[2022-08-04 00:16:57,061] {logging_mixin.py:115} INFO - [2022-08-04 00:16:57,061] {dagbag.py:508} INFO - Filling up the DagBag from /home/ndx/Innowise tasks/Innowise_task_5/airflow_env/lib/python3.8/site-packages/airflow/example_dags/example_skip_dag.py
[2022-08-04 00:16:57,064] {processor.py:651} INFO - DAG(s) dict_keys(['example_skip_dag']) retrieved from /home/ndx/Innowise tasks/Innowise_task_5/airflow_env/lib/python3.8/site-packages/airflow/example_dags/example_skip_dag.py
[2022-08-04 00:16:57,075] {logging_mixin.py:115} INFO - [2022-08-04 00:16:57,075] {dag.py:2420} INFO - Sync 1 DAGs
[2022-08-04 00:16:57,085] {logging_mixin.py:115} INFO - [2022-08-04 00:16:57,085] {dag.py:2968} INFO - Setting next_dagrun for example_skip_dag to 2022-08-02T21:16:57.085426+00:00, run_after=2022-08-03T21:16:57.085426+00:00
[2022-08-04 00:16:57,094] {processor.py:161} INFO - Processing /home/ndx/Innowise tasks/Innowise_task_5/airflow_env/lib/python3.8/site-packages/airflow/example_dags/example_skip_dag.py took 0.040 seconds
[2022-08-04 00:17:33,161] {processor.py:153} INFO - Started process (PID=47489) to work on /home/ndx/Innowise tasks/Innowise_task_5/airflow_env/lib/python3.8/site-packages/airflow/example_dags/example_skip_dag.py
[2022-08-04 00:17:33,166] {processor.py:641} INFO - Processing file /home/ndx/Innowise tasks/Innowise_task_5/airflow_env/lib/python3.8/site-packages/airflow/example_dags/example_skip_dag.py for tasks to queue
[2022-08-04 00:17:33,167] {logging_mixin.py:115} INFO - [2022-08-04 00:17:33,167] {dagbag.py:508} INFO - Filling up the DagBag from /home/ndx/Innowise tasks/Innowise_task_5/airflow_env/lib/python3.8/site-packages/airflow/example_dags/example_skip_dag.py
[2022-08-04 00:17:33,170] {processor.py:651} INFO - DAG(s) dict_keys(['example_skip_dag']) retrieved from /home/ndx/Innowise tasks/Innowise_task_5/airflow_env/lib/python3.8/site-packages/airflow/example_dags/example_skip_dag.py
[2022-08-04 00:17:33,181] {logging_mixin.py:115} INFO - [2022-08-04 00:17:33,181] {dag.py:2420} INFO - Sync 1 DAGs
[2022-08-04 00:17:33,190] {logging_mixin.py:115} INFO - [2022-08-04 00:17:33,190] {dag.py:2968} INFO - Setting next_dagrun for example_skip_dag to 2022-08-02T21:17:33.190370+00:00, run_after=2022-08-03T21:17:33.190370+00:00
[2022-08-04 00:17:33,198] {processor.py:161} INFO - Processing /home/ndx/Innowise tasks/Innowise_task_5/airflow_env/lib/python3.8/site-packages/airflow/example_dags/example_skip_dag.py took 0.039 seconds
[2022-08-04 00:18:11,786] {processor.py:153} INFO - Started process (PID=47575) to work on /home/ndx/Innowise tasks/Innowise_task_5/airflow_env/lib/python3.8/site-packages/airflow/example_dags/example_skip_dag.py
[2022-08-04 00:18:11,791] {processor.py:641} INFO - Processing file /home/ndx/Innowise tasks/Innowise_task_5/airflow_env/lib/python3.8/site-packages/airflow/example_dags/example_skip_dag.py for tasks to queue
[2022-08-04 00:18:11,792] {logging_mixin.py:115} INFO - [2022-08-04 00:18:11,791] {dagbag.py:508} INFO - Filling up the DagBag from /home/ndx/Innowise tasks/Innowise_task_5/airflow_env/lib/python3.8/site-packages/airflow/example_dags/example_skip_dag.py
[2022-08-04 00:18:11,795] {processor.py:651} INFO - DAG(s) dict_keys(['example_skip_dag']) retrieved from /home/ndx/Innowise tasks/Innowise_task_5/airflow_env/lib/python3.8/site-packages/airflow/example_dags/example_skip_dag.py
[2022-08-04 00:18:11,804] {logging_mixin.py:115} INFO - [2022-08-04 00:18:11,804] {dag.py:2420} INFO - Sync 1 DAGs
[2022-08-04 00:18:11,813] {logging_mixin.py:115} INFO - [2022-08-04 00:18:11,813] {dag.py:2968} INFO - Setting next_dagrun for example_skip_dag to 2022-08-02T21:18:11.813166+00:00, run_after=2022-08-03T21:18:11.813166+00:00
[2022-08-04 00:18:11,821] {processor.py:161} INFO - Processing /home/ndx/Innowise tasks/Innowise_task_5/airflow_env/lib/python3.8/site-packages/airflow/example_dags/example_skip_dag.py took 0.037 seconds
[2022-08-04 00:18:46,137] {processor.py:153} INFO - Started process (PID=47615) to work on /home/ndx/Innowise tasks/Innowise_task_5/airflow_env/lib/python3.8/site-packages/airflow/example_dags/example_skip_dag.py
[2022-08-04 00:18:46,142] {processor.py:641} INFO - Processing file /home/ndx/Innowise tasks/Innowise_task_5/airflow_env/lib/python3.8/site-packages/airflow/example_dags/example_skip_dag.py for tasks to queue
[2022-08-04 00:18:46,142] {logging_mixin.py:115} INFO - [2022-08-04 00:18:46,142] {dagbag.py:508} INFO - Filling up the DagBag from /home/ndx/Innowise tasks/Innowise_task_5/airflow_env/lib/python3.8/site-packages/airflow/example_dags/example_skip_dag.py
[2022-08-04 00:18:46,145] {processor.py:651} INFO - DAG(s) dict_keys(['example_skip_dag']) retrieved from /home/ndx/Innowise tasks/Innowise_task_5/airflow_env/lib/python3.8/site-packages/airflow/example_dags/example_skip_dag.py
[2022-08-04 00:18:46,155] {logging_mixin.py:115} INFO - [2022-08-04 00:18:46,155] {dag.py:2420} INFO - Sync 1 DAGs
[2022-08-04 00:18:46,166] {logging_mixin.py:115} INFO - [2022-08-04 00:18:46,166] {dag.py:2968} INFO - Setting next_dagrun for example_skip_dag to 2022-08-02T21:18:46.166036+00:00, run_after=2022-08-03T21:18:46.166036+00:00
[2022-08-04 00:18:46,176] {processor.py:161} INFO - Processing /home/ndx/Innowise tasks/Innowise_task_5/airflow_env/lib/python3.8/site-packages/airflow/example_dags/example_skip_dag.py took 0.041 seconds
[2022-08-04 00:19:22,221] {processor.py:153} INFO - Started process (PID=47814) to work on /home/ndx/Innowise tasks/Innowise_task_5/airflow_env/lib/python3.8/site-packages/airflow/example_dags/example_skip_dag.py
[2022-08-04 00:19:22,227] {processor.py:641} INFO - Processing file /home/ndx/Innowise tasks/Innowise_task_5/airflow_env/lib/python3.8/site-packages/airflow/example_dags/example_skip_dag.py for tasks to queue
[2022-08-04 00:19:22,227] {logging_mixin.py:115} INFO - [2022-08-04 00:19:22,227] {dagbag.py:508} INFO - Filling up the DagBag from /home/ndx/Innowise tasks/Innowise_task_5/airflow_env/lib/python3.8/site-packages/airflow/example_dags/example_skip_dag.py
[2022-08-04 00:19:22,231] {processor.py:651} INFO - DAG(s) dict_keys(['example_skip_dag']) retrieved from /home/ndx/Innowise tasks/Innowise_task_5/airflow_env/lib/python3.8/site-packages/airflow/example_dags/example_skip_dag.py
[2022-08-04 00:19:22,240] {logging_mixin.py:115} INFO - [2022-08-04 00:19:22,240] {dag.py:2420} INFO - Sync 1 DAGs
[2022-08-04 00:19:22,249] {logging_mixin.py:115} INFO - [2022-08-04 00:19:22,249] {dag.py:2968} INFO - Setting next_dagrun for example_skip_dag to 2022-08-02T21:19:22.248918+00:00, run_after=2022-08-03T21:19:22.248918+00:00
[2022-08-04 00:19:22,257] {processor.py:161} INFO - Processing /home/ndx/Innowise tasks/Innowise_task_5/airflow_env/lib/python3.8/site-packages/airflow/example_dags/example_skip_dag.py took 0.037 seconds
[2022-08-04 00:19:53,915] {processor.py:153} INFO - Started process (PID=47894) to work on /home/ndx/Innowise tasks/Innowise_task_5/airflow_env/lib/python3.8/site-packages/airflow/example_dags/example_skip_dag.py
[2022-08-04 00:19:53,920] {processor.py:641} INFO - Processing file /home/ndx/Innowise tasks/Innowise_task_5/airflow_env/lib/python3.8/site-packages/airflow/example_dags/example_skip_dag.py for tasks to queue
[2022-08-04 00:19:53,921] {logging_mixin.py:115} INFO - [2022-08-04 00:19:53,920] {dagbag.py:508} INFO - Filling up the DagBag from /home/ndx/Innowise tasks/Innowise_task_5/airflow_env/lib/python3.8/site-packages/airflow/example_dags/example_skip_dag.py
[2022-08-04 00:19:53,924] {processor.py:651} INFO - DAG(s) dict_keys(['example_skip_dag']) retrieved from /home/ndx/Innowise tasks/Innowise_task_5/airflow_env/lib/python3.8/site-packages/airflow/example_dags/example_skip_dag.py
[2022-08-04 00:19:53,935] {logging_mixin.py:115} INFO - [2022-08-04 00:19:53,935] {dag.py:2420} INFO - Sync 1 DAGs
[2022-08-04 00:19:53,945] {logging_mixin.py:115} INFO - [2022-08-04 00:19:53,945] {dag.py:2968} INFO - Setting next_dagrun for example_skip_dag to 2022-08-02T21:19:53.945589+00:00, run_after=2022-08-03T21:19:53.945589+00:00
[2022-08-04 00:19:53,954] {processor.py:161} INFO - Processing /home/ndx/Innowise tasks/Innowise_task_5/airflow_env/lib/python3.8/site-packages/airflow/example_dags/example_skip_dag.py took 0.041 seconds
[2022-08-04 00:20:28,991] {processor.py:153} INFO - Started process (PID=47984) to work on /home/ndx/Innowise tasks/Innowise_task_5/airflow_env/lib/python3.8/site-packages/airflow/example_dags/example_skip_dag.py
[2022-08-04 00:20:28,997] {processor.py:641} INFO - Processing file /home/ndx/Innowise tasks/Innowise_task_5/airflow_env/lib/python3.8/site-packages/airflow/example_dags/example_skip_dag.py for tasks to queue
[2022-08-04 00:20:28,997] {logging_mixin.py:115} INFO - [2022-08-04 00:20:28,997] {dagbag.py:508} INFO - Filling up the DagBag from /home/ndx/Innowise tasks/Innowise_task_5/airflow_env/lib/python3.8/site-packages/airflow/example_dags/example_skip_dag.py
[2022-08-04 00:20:29,000] {processor.py:651} INFO - DAG(s) dict_keys(['example_skip_dag']) retrieved from /home/ndx/Innowise tasks/Innowise_task_5/airflow_env/lib/python3.8/site-packages/airflow/example_dags/example_skip_dag.py
[2022-08-04 00:20:29,010] {logging_mixin.py:115} INFO - [2022-08-04 00:20:29,010] {dag.py:2420} INFO - Sync 1 DAGs
[2022-08-04 00:20:29,020] {logging_mixin.py:115} INFO - [2022-08-04 00:20:29,020] {dag.py:2968} INFO - Setting next_dagrun for example_skip_dag to 2022-08-02T21:20:29.019985+00:00, run_after=2022-08-03T21:20:29.019985+00:00
[2022-08-04 00:20:29,027] {processor.py:161} INFO - Processing /home/ndx/Innowise tasks/Innowise_task_5/airflow_env/lib/python3.8/site-packages/airflow/example_dags/example_skip_dag.py took 0.037 seconds
[2022-08-04 00:21:01,125] {processor.py:153} INFO - Started process (PID=48059) to work on /home/ndx/Innowise tasks/Innowise_task_5/airflow_env/lib/python3.8/site-packages/airflow/example_dags/example_skip_dag.py
[2022-08-04 00:21:01,125] {processor.py:641} INFO - Processing file /home/ndx/Innowise tasks/Innowise_task_5/airflow_env/lib/python3.8/site-packages/airflow/example_dags/example_skip_dag.py for tasks to queue
[2022-08-04 00:21:01,125] {logging_mixin.py:115} INFO - [2022-08-04 00:21:01,125] {dagbag.py:508} INFO - Filling up the DagBag from /home/ndx/Innowise tasks/Innowise_task_5/airflow_env/lib/python3.8/site-packages/airflow/example_dags/example_skip_dag.py
[2022-08-04 00:21:01,128] {processor.py:651} INFO - DAG(s) dict_keys(['example_skip_dag']) retrieved from /home/ndx/Innowise tasks/Innowise_task_5/airflow_env/lib/python3.8/site-packages/airflow/example_dags/example_skip_dag.py
[2022-08-04 00:21:01,139] {logging_mixin.py:115} INFO - [2022-08-04 00:21:01,139] {dag.py:2420} INFO - Sync 1 DAGs
[2022-08-04 00:21:01,149] {logging_mixin.py:115} INFO - [2022-08-04 00:21:01,149] {dag.py:2968} INFO - Setting next_dagrun for example_skip_dag to 2022-08-02T21:21:01.149339+00:00, run_after=2022-08-03T21:21:01.149339+00:00
[2022-08-04 00:21:01,156] {processor.py:161} INFO - Processing /home/ndx/Innowise tasks/Innowise_task_5/airflow_env/lib/python3.8/site-packages/airflow/example_dags/example_skip_dag.py took 0.033 seconds
[2022-08-04 00:21:35,055] {processor.py:153} INFO - Started process (PID=48151) to work on /home/ndx/Innowise tasks/Innowise_task_5/airflow_env/lib/python3.8/site-packages/airflow/example_dags/example_skip_dag.py
[2022-08-04 00:21:35,061] {processor.py:641} INFO - Processing file /home/ndx/Innowise tasks/Innowise_task_5/airflow_env/lib/python3.8/site-packages/airflow/example_dags/example_skip_dag.py for tasks to queue
[2022-08-04 00:21:35,061] {logging_mixin.py:115} INFO - [2022-08-04 00:21:35,061] {dagbag.py:508} INFO - Filling up the DagBag from /home/ndx/Innowise tasks/Innowise_task_5/airflow_env/lib/python3.8/site-packages/airflow/example_dags/example_skip_dag.py
[2022-08-04 00:21:35,064] {processor.py:651} INFO - DAG(s) dict_keys(['example_skip_dag']) retrieved from /home/ndx/Innowise tasks/Innowise_task_5/airflow_env/lib/python3.8/site-packages/airflow/example_dags/example_skip_dag.py
[2022-08-04 00:21:35,073] {logging_mixin.py:115} INFO - [2022-08-04 00:21:35,073] {dag.py:2420} INFO - Sync 1 DAGs
[2022-08-04 00:21:35,083] {logging_mixin.py:115} INFO - [2022-08-04 00:21:35,083] {dag.py:2968} INFO - Setting next_dagrun for example_skip_dag to 2022-08-02T21:21:35.082970+00:00, run_after=2022-08-03T21:21:35.082970+00:00
[2022-08-04 00:21:35,089] {processor.py:161} INFO - Processing /home/ndx/Innowise tasks/Innowise_task_5/airflow_env/lib/python3.8/site-packages/airflow/example_dags/example_skip_dag.py took 0.036 seconds
[2022-08-04 00:22:10,274] {processor.py:153} INFO - Started process (PID=48202) to work on /home/ndx/Innowise tasks/Innowise_task_5/airflow_env/lib/python3.8/site-packages/airflow/example_dags/example_skip_dag.py
[2022-08-04 00:22:10,280] {processor.py:641} INFO - Processing file /home/ndx/Innowise tasks/Innowise_task_5/airflow_env/lib/python3.8/site-packages/airflow/example_dags/example_skip_dag.py for tasks to queue
[2022-08-04 00:22:10,281] {logging_mixin.py:115} INFO - [2022-08-04 00:22:10,280] {dagbag.py:508} INFO - Filling up the DagBag from /home/ndx/Innowise tasks/Innowise_task_5/airflow_env/lib/python3.8/site-packages/airflow/example_dags/example_skip_dag.py
[2022-08-04 00:22:10,284] {processor.py:651} INFO - DAG(s) dict_keys(['example_skip_dag']) retrieved from /home/ndx/Innowise tasks/Innowise_task_5/airflow_env/lib/python3.8/site-packages/airflow/example_dags/example_skip_dag.py
[2022-08-04 00:22:10,294] {logging_mixin.py:115} INFO - [2022-08-04 00:22:10,294] {dag.py:2420} INFO - Sync 1 DAGs
[2022-08-04 00:22:10,306] {logging_mixin.py:115} INFO - [2022-08-04 00:22:10,305] {dag.py:2968} INFO - Setting next_dagrun for example_skip_dag to 2022-08-02T21:22:10.305815+00:00, run_after=2022-08-03T21:22:10.305815+00:00
[2022-08-04 00:22:10,313] {processor.py:161} INFO - Processing /home/ndx/Innowise tasks/Innowise_task_5/airflow_env/lib/python3.8/site-packages/airflow/example_dags/example_skip_dag.py took 0.040 seconds
[2022-08-04 00:22:44,810] {processor.py:153} INFO - Started process (PID=48274) to work on /home/ndx/Innowise tasks/Innowise_task_5/airflow_env/lib/python3.8/site-packages/airflow/example_dags/example_skip_dag.py
[2022-08-04 00:22:44,816] {processor.py:641} INFO - Processing file /home/ndx/Innowise tasks/Innowise_task_5/airflow_env/lib/python3.8/site-packages/airflow/example_dags/example_skip_dag.py for tasks to queue
[2022-08-04 00:22:44,816] {logging_mixin.py:115} INFO - [2022-08-04 00:22:44,816] {dagbag.py:508} INFO - Filling up the DagBag from /home/ndx/Innowise tasks/Innowise_task_5/airflow_env/lib/python3.8/site-packages/airflow/example_dags/example_skip_dag.py
[2022-08-04 00:22:44,819] {processor.py:651} INFO - DAG(s) dict_keys(['example_skip_dag']) retrieved from /home/ndx/Innowise tasks/Innowise_task_5/airflow_env/lib/python3.8/site-packages/airflow/example_dags/example_skip_dag.py
[2022-08-04 00:22:44,828] {logging_mixin.py:115} INFO - [2022-08-04 00:22:44,828] {dag.py:2420} INFO - Sync 1 DAGs
[2022-08-04 00:22:44,837] {logging_mixin.py:115} INFO - [2022-08-04 00:22:44,837] {dag.py:2968} INFO - Setting next_dagrun for example_skip_dag to 2022-08-02T21:22:44.837457+00:00, run_after=2022-08-03T21:22:44.837457+00:00
[2022-08-04 00:22:44,843] {processor.py:161} INFO - Processing /home/ndx/Innowise tasks/Innowise_task_5/airflow_env/lib/python3.8/site-packages/airflow/example_dags/example_skip_dag.py took 0.034 seconds
[2022-08-04 00:23:20,908] {processor.py:153} INFO - Started process (PID=48325) to work on /home/ndx/Innowise tasks/Innowise_task_5/airflow_env/lib/python3.8/site-packages/airflow/example_dags/example_skip_dag.py
[2022-08-04 00:23:20,909] {processor.py:641} INFO - Processing file /home/ndx/Innowise tasks/Innowise_task_5/airflow_env/lib/python3.8/site-packages/airflow/example_dags/example_skip_dag.py for tasks to queue
[2022-08-04 00:23:20,909] {logging_mixin.py:115} INFO - [2022-08-04 00:23:20,909] {dagbag.py:508} INFO - Filling up the DagBag from /home/ndx/Innowise tasks/Innowise_task_5/airflow_env/lib/python3.8/site-packages/airflow/example_dags/example_skip_dag.py
[2022-08-04 00:23:20,912] {processor.py:651} INFO - DAG(s) dict_keys(['example_skip_dag']) retrieved from /home/ndx/Innowise tasks/Innowise_task_5/airflow_env/lib/python3.8/site-packages/airflow/example_dags/example_skip_dag.py
[2022-08-04 00:23:20,921] {logging_mixin.py:115} INFO - [2022-08-04 00:23:20,921] {dag.py:2420} INFO - Sync 1 DAGs
[2022-08-04 00:23:20,931] {logging_mixin.py:115} INFO - [2022-08-04 00:23:20,931] {dag.py:2968} INFO - Setting next_dagrun for example_skip_dag to 2022-08-02T21:23:20.931524+00:00, run_after=2022-08-03T21:23:20.931524+00:00
[2022-08-04 00:23:20,937] {processor.py:161} INFO - Processing /home/ndx/Innowise tasks/Innowise_task_5/airflow_env/lib/python3.8/site-packages/airflow/example_dags/example_skip_dag.py took 0.031 seconds
[2022-08-04 00:23:37,789] {processor.py:153} INFO - Started process (PID=48365) to work on /home/ndx/Innowise tasks/Innowise_task_5/airflow_env/lib/python3.8/site-packages/airflow/example_dags/example_skip_dag.py
[2022-08-04 00:23:37,795] {processor.py:641} INFO - Processing file /home/ndx/Innowise tasks/Innowise_task_5/airflow_env/lib/python3.8/site-packages/airflow/example_dags/example_skip_dag.py for tasks to queue
[2022-08-04 00:23:37,795] {logging_mixin.py:115} INFO - [2022-08-04 00:23:37,795] {dagbag.py:508} INFO - Filling up the DagBag from /home/ndx/Innowise tasks/Innowise_task_5/airflow_env/lib/python3.8/site-packages/airflow/example_dags/example_skip_dag.py
[2022-08-04 00:23:37,799] {processor.py:651} INFO - DAG(s) dict_keys(['example_skip_dag']) retrieved from /home/ndx/Innowise tasks/Innowise_task_5/airflow_env/lib/python3.8/site-packages/airflow/example_dags/example_skip_dag.py
[2022-08-04 00:23:37,808] {logging_mixin.py:115} INFO - [2022-08-04 00:23:37,808] {dag.py:2420} INFO - Sync 1 DAGs
[2022-08-04 00:23:37,817] {logging_mixin.py:115} INFO - [2022-08-04 00:23:37,817] {dag.py:2968} INFO - Setting next_dagrun for example_skip_dag to 2022-08-02T21:23:37.817462+00:00, run_after=2022-08-03T21:23:37.817462+00:00
[2022-08-04 00:23:37,824] {processor.py:161} INFO - Processing /home/ndx/Innowise tasks/Innowise_task_5/airflow_env/lib/python3.8/site-packages/airflow/example_dags/example_skip_dag.py took 0.037 seconds
[2022-08-04 00:24:09,566] {processor.py:153} INFO - Started process (PID=48481) to work on /home/ndx/Innowise tasks/Innowise_task_5/airflow_env/lib/python3.8/site-packages/airflow/example_dags/example_skip_dag.py
[2022-08-04 00:24:09,571] {processor.py:641} INFO - Processing file /home/ndx/Innowise tasks/Innowise_task_5/airflow_env/lib/python3.8/site-packages/airflow/example_dags/example_skip_dag.py for tasks to queue
[2022-08-04 00:24:09,571] {logging_mixin.py:115} INFO - [2022-08-04 00:24:09,571] {dagbag.py:508} INFO - Filling up the DagBag from /home/ndx/Innowise tasks/Innowise_task_5/airflow_env/lib/python3.8/site-packages/airflow/example_dags/example_skip_dag.py
[2022-08-04 00:24:09,575] {processor.py:651} INFO - DAG(s) dict_keys(['example_skip_dag']) retrieved from /home/ndx/Innowise tasks/Innowise_task_5/airflow_env/lib/python3.8/site-packages/airflow/example_dags/example_skip_dag.py
[2022-08-04 00:24:09,584] {logging_mixin.py:115} INFO - [2022-08-04 00:24:09,584] {dag.py:2420} INFO - Sync 1 DAGs
[2022-08-04 00:24:09,594] {logging_mixin.py:115} INFO - [2022-08-04 00:24:09,593] {dag.py:2968} INFO - Setting next_dagrun for example_skip_dag to 2022-08-02T21:24:09.593800+00:00, run_after=2022-08-03T21:24:09.593800+00:00
[2022-08-04 00:24:09,600] {processor.py:161} INFO - Processing /home/ndx/Innowise tasks/Innowise_task_5/airflow_env/lib/python3.8/site-packages/airflow/example_dags/example_skip_dag.py took 0.036 seconds
[2022-08-04 00:24:25,737] {processor.py:153} INFO - Started process (PID=48518) to work on /home/ndx/Innowise tasks/Innowise_task_5/airflow_env/lib/python3.8/site-packages/airflow/example_dags/example_skip_dag.py
[2022-08-04 00:24:25,742] {processor.py:641} INFO - Processing file /home/ndx/Innowise tasks/Innowise_task_5/airflow_env/lib/python3.8/site-packages/airflow/example_dags/example_skip_dag.py for tasks to queue
[2022-08-04 00:24:25,743] {logging_mixin.py:115} INFO - [2022-08-04 00:24:25,743] {dagbag.py:508} INFO - Filling up the DagBag from /home/ndx/Innowise tasks/Innowise_task_5/airflow_env/lib/python3.8/site-packages/airflow/example_dags/example_skip_dag.py
[2022-08-04 00:24:25,746] {processor.py:651} INFO - DAG(s) dict_keys(['example_skip_dag']) retrieved from /home/ndx/Innowise tasks/Innowise_task_5/airflow_env/lib/python3.8/site-packages/airflow/example_dags/example_skip_dag.py
[2022-08-04 00:24:25,755] {logging_mixin.py:115} INFO - [2022-08-04 00:24:25,755] {dag.py:2420} INFO - Sync 1 DAGs
[2022-08-04 00:24:25,764] {logging_mixin.py:115} INFO - [2022-08-04 00:24:25,764] {dag.py:2968} INFO - Setting next_dagrun for example_skip_dag to 2022-08-02T21:24:25.764574+00:00, run_after=2022-08-03T21:24:25.764574+00:00
[2022-08-04 00:24:25,771] {processor.py:161} INFO - Processing /home/ndx/Innowise tasks/Innowise_task_5/airflow_env/lib/python3.8/site-packages/airflow/example_dags/example_skip_dag.py took 0.036 seconds
[2022-08-04 00:24:43,465] {processor.py:153} INFO - Started process (PID=48559) to work on /home/ndx/Innowise tasks/Innowise_task_5/airflow_env/lib/python3.8/site-packages/airflow/example_dags/example_skip_dag.py
[2022-08-04 00:24:43,470] {processor.py:641} INFO - Processing file /home/ndx/Innowise tasks/Innowise_task_5/airflow_env/lib/python3.8/site-packages/airflow/example_dags/example_skip_dag.py for tasks to queue
[2022-08-04 00:24:43,470] {logging_mixin.py:115} INFO - [2022-08-04 00:24:43,470] {dagbag.py:508} INFO - Filling up the DagBag from /home/ndx/Innowise tasks/Innowise_task_5/airflow_env/lib/python3.8/site-packages/airflow/example_dags/example_skip_dag.py
[2022-08-04 00:24:43,474] {processor.py:651} INFO - DAG(s) dict_keys(['example_skip_dag']) retrieved from /home/ndx/Innowise tasks/Innowise_task_5/airflow_env/lib/python3.8/site-packages/airflow/example_dags/example_skip_dag.py
[2022-08-04 00:24:43,486] {logging_mixin.py:115} INFO - [2022-08-04 00:24:43,486] {dag.py:2420} INFO - Sync 1 DAGs
[2022-08-04 00:24:43,498] {logging_mixin.py:115} INFO - [2022-08-04 00:24:43,498] {dag.py:2968} INFO - Setting next_dagrun for example_skip_dag to 2022-08-02T21:24:43.498290+00:00, run_after=2022-08-03T21:24:43.498290+00:00
[2022-08-04 00:24:43,507] {processor.py:161} INFO - Processing /home/ndx/Innowise tasks/Innowise_task_5/airflow_env/lib/python3.8/site-packages/airflow/example_dags/example_skip_dag.py took 0.044 seconds
