[2022-08-04 00:00:40,387] {processor.py:153} INFO - Started process (PID=44895) to work on /home/ndx/Innowise tasks/Innowise_task_5/airflow_env/lib/python3.8/site-packages/airflow/example_dags/example_task_group.py
[2022-08-04 00:00:40,387] {processor.py:641} INFO - Processing file /home/ndx/Innowise tasks/Innowise_task_5/airflow_env/lib/python3.8/site-packages/airflow/example_dags/example_task_group.py for tasks to queue
[2022-08-04 00:00:40,387] {logging_mixin.py:115} INFO - [2022-08-04 00:00:40,387] {dagbag.py:508} INFO - Filling up the DagBag from /home/ndx/Innowise tasks/Innowise_task_5/airflow_env/lib/python3.8/site-packages/airflow/example_dags/example_task_group.py
[2022-08-04 00:00:40,393] {processor.py:651} INFO - DAG(s) dict_keys(['example_task_group']) retrieved from /home/ndx/Innowise tasks/Innowise_task_5/airflow_env/lib/python3.8/site-packages/airflow/example_dags/example_task_group.py
[2022-08-04 00:00:40,403] {logging_mixin.py:115} INFO - [2022-08-04 00:00:40,403] {dag.py:2420} INFO - Sync 1 DAGs
[2022-08-04 00:00:40,415] {logging_mixin.py:115} INFO - [2022-08-04 00:00:40,415] {dag.py:2968} INFO - Setting next_dagrun for example_task_group to 2022-08-02T21:00:40.415016+00:00, run_after=2022-08-03T21:00:40.415016+00:00
[2022-08-04 00:00:40,429] {processor.py:161} INFO - Processing /home/ndx/Innowise tasks/Innowise_task_5/airflow_env/lib/python3.8/site-packages/airflow/example_dags/example_task_group.py took 0.044 seconds
[2022-08-04 00:01:12,466] {processor.py:153} INFO - Started process (PID=45025) to work on /home/ndx/Innowise tasks/Innowise_task_5/airflow_env/lib/python3.8/site-packages/airflow/example_dags/example_task_group.py
[2022-08-04 00:01:12,466] {processor.py:641} INFO - Processing file /home/ndx/Innowise tasks/Innowise_task_5/airflow_env/lib/python3.8/site-packages/airflow/example_dags/example_task_group.py for tasks to queue
[2022-08-04 00:01:12,467] {logging_mixin.py:115} INFO - [2022-08-04 00:01:12,467] {dagbag.py:508} INFO - Filling up the DagBag from /home/ndx/Innowise tasks/Innowise_task_5/airflow_env/lib/python3.8/site-packages/airflow/example_dags/example_task_group.py
[2022-08-04 00:01:12,472] {processor.py:651} INFO - DAG(s) dict_keys(['example_task_group']) retrieved from /home/ndx/Innowise tasks/Innowise_task_5/airflow_env/lib/python3.8/site-packages/airflow/example_dags/example_task_group.py
[2022-08-04 00:01:12,485] {logging_mixin.py:115} INFO - [2022-08-04 00:01:12,484] {dag.py:2420} INFO - Sync 1 DAGs
[2022-08-04 00:01:12,496] {logging_mixin.py:115} INFO - [2022-08-04 00:01:12,496] {dag.py:2968} INFO - Setting next_dagrun for example_task_group to 2022-08-02T21:01:12.496272+00:00, run_after=2022-08-03T21:01:12.496272+00:00
[2022-08-04 00:01:12,504] {processor.py:161} INFO - Processing /home/ndx/Innowise tasks/Innowise_task_5/airflow_env/lib/python3.8/site-packages/airflow/example_dags/example_task_group.py took 0.040 seconds
[2022-08-04 00:01:48,509] {processor.py:153} INFO - Started process (PID=45106) to work on /home/ndx/Innowise tasks/Innowise_task_5/airflow_env/lib/python3.8/site-packages/airflow/example_dags/example_task_group.py
[2022-08-04 00:01:48,515] {processor.py:641} INFO - Processing file /home/ndx/Innowise tasks/Innowise_task_5/airflow_env/lib/python3.8/site-packages/airflow/example_dags/example_task_group.py for tasks to queue
[2022-08-04 00:01:48,515] {logging_mixin.py:115} INFO - [2022-08-04 00:01:48,515] {dagbag.py:508} INFO - Filling up the DagBag from /home/ndx/Innowise tasks/Innowise_task_5/airflow_env/lib/python3.8/site-packages/airflow/example_dags/example_task_group.py
[2022-08-04 00:01:48,519] {processor.py:651} INFO - DAG(s) dict_keys(['example_task_group']) retrieved from /home/ndx/Innowise tasks/Innowise_task_5/airflow_env/lib/python3.8/site-packages/airflow/example_dags/example_task_group.py
[2022-08-04 00:01:48,529] {logging_mixin.py:115} INFO - [2022-08-04 00:01:48,529] {dag.py:2420} INFO - Sync 1 DAGs
[2022-08-04 00:01:48,538] {logging_mixin.py:115} INFO - [2022-08-04 00:01:48,538] {dag.py:2968} INFO - Setting next_dagrun for example_task_group to 2022-08-02T21:01:48.538568+00:00, run_after=2022-08-03T21:01:48.538568+00:00
[2022-08-04 00:01:48,545] {processor.py:161} INFO - Processing /home/ndx/Innowise tasks/Innowise_task_5/airflow_env/lib/python3.8/site-packages/airflow/example_dags/example_task_group.py took 0.038 seconds
[2022-08-04 00:02:22,772] {processor.py:153} INFO - Started process (PID=45269) to work on /home/ndx/Innowise tasks/Innowise_task_5/airflow_env/lib/python3.8/site-packages/airflow/example_dags/example_task_group.py
[2022-08-04 00:02:22,777] {processor.py:641} INFO - Processing file /home/ndx/Innowise tasks/Innowise_task_5/airflow_env/lib/python3.8/site-packages/airflow/example_dags/example_task_group.py for tasks to queue
[2022-08-04 00:02:22,778] {logging_mixin.py:115} INFO - [2022-08-04 00:02:22,778] {dagbag.py:508} INFO - Filling up the DagBag from /home/ndx/Innowise tasks/Innowise_task_5/airflow_env/lib/python3.8/site-packages/airflow/example_dags/example_task_group.py
[2022-08-04 00:02:22,782] {processor.py:651} INFO - DAG(s) dict_keys(['example_task_group']) retrieved from /home/ndx/Innowise tasks/Innowise_task_5/airflow_env/lib/python3.8/site-packages/airflow/example_dags/example_task_group.py
[2022-08-04 00:02:22,790] {logging_mixin.py:115} INFO - [2022-08-04 00:02:22,790] {dag.py:2420} INFO - Sync 1 DAGs
[2022-08-04 00:02:22,799] {logging_mixin.py:115} INFO - [2022-08-04 00:02:22,799] {dag.py:2968} INFO - Setting next_dagrun for example_task_group to 2022-08-02T21:02:22.799320+00:00, run_after=2022-08-03T21:02:22.799320+00:00
[2022-08-04 00:02:22,805] {processor.py:161} INFO - Processing /home/ndx/Innowise tasks/Innowise_task_5/airflow_env/lib/python3.8/site-packages/airflow/example_dags/example_task_group.py took 0.035 seconds
[2022-08-04 00:02:58,879] {processor.py:153} INFO - Started process (PID=45352) to work on /home/ndx/Innowise tasks/Innowise_task_5/airflow_env/lib/python3.8/site-packages/airflow/example_dags/example_task_group.py
[2022-08-04 00:02:58,884] {processor.py:641} INFO - Processing file /home/ndx/Innowise tasks/Innowise_task_5/airflow_env/lib/python3.8/site-packages/airflow/example_dags/example_task_group.py for tasks to queue
[2022-08-04 00:02:58,885] {logging_mixin.py:115} INFO - [2022-08-04 00:02:58,885] {dagbag.py:508} INFO - Filling up the DagBag from /home/ndx/Innowise tasks/Innowise_task_5/airflow_env/lib/python3.8/site-packages/airflow/example_dags/example_task_group.py
[2022-08-04 00:02:58,889] {processor.py:651} INFO - DAG(s) dict_keys(['example_task_group']) retrieved from /home/ndx/Innowise tasks/Innowise_task_5/airflow_env/lib/python3.8/site-packages/airflow/example_dags/example_task_group.py
[2022-08-04 00:02:58,898] {logging_mixin.py:115} INFO - [2022-08-04 00:02:58,898] {dag.py:2420} INFO - Sync 1 DAGs
[2022-08-04 00:02:58,906] {logging_mixin.py:115} INFO - [2022-08-04 00:02:58,906] {dag.py:2968} INFO - Setting next_dagrun for example_task_group to 2022-08-02T21:02:58.906678+00:00, run_after=2022-08-03T21:02:58.906678+00:00
[2022-08-04 00:02:58,913] {processor.py:161} INFO - Processing /home/ndx/Innowise tasks/Innowise_task_5/airflow_env/lib/python3.8/site-packages/airflow/example_dags/example_task_group.py took 0.036 seconds
[2022-08-04 00:03:32,583] {processor.py:153} INFO - Started process (PID=45405) to work on /home/ndx/Innowise tasks/Innowise_task_5/airflow_env/lib/python3.8/site-packages/airflow/example_dags/example_task_group.py
[2022-08-04 00:03:32,588] {processor.py:641} INFO - Processing file /home/ndx/Innowise tasks/Innowise_task_5/airflow_env/lib/python3.8/site-packages/airflow/example_dags/example_task_group.py for tasks to queue
[2022-08-04 00:03:32,588] {logging_mixin.py:115} INFO - [2022-08-04 00:03:32,588] {dagbag.py:508} INFO - Filling up the DagBag from /home/ndx/Innowise tasks/Innowise_task_5/airflow_env/lib/python3.8/site-packages/airflow/example_dags/example_task_group.py
[2022-08-04 00:03:32,592] {processor.py:651} INFO - DAG(s) dict_keys(['example_task_group']) retrieved from /home/ndx/Innowise tasks/Innowise_task_5/airflow_env/lib/python3.8/site-packages/airflow/example_dags/example_task_group.py
[2022-08-04 00:03:32,602] {logging_mixin.py:115} INFO - [2022-08-04 00:03:32,602] {dag.py:2420} INFO - Sync 1 DAGs
[2022-08-04 00:03:32,611] {logging_mixin.py:115} INFO - [2022-08-04 00:03:32,611] {dag.py:2968} INFO - Setting next_dagrun for example_task_group to 2022-08-02T21:03:32.611629+00:00, run_after=2022-08-03T21:03:32.611629+00:00
[2022-08-04 00:03:32,619] {processor.py:161} INFO - Processing /home/ndx/Innowise tasks/Innowise_task_5/airflow_env/lib/python3.8/site-packages/airflow/example_dags/example_task_group.py took 0.038 seconds
[2022-08-04 00:04:08,010] {processor.py:153} INFO - Started process (PID=45481) to work on /home/ndx/Innowise tasks/Innowise_task_5/airflow_env/lib/python3.8/site-packages/airflow/example_dags/example_task_group.py
[2022-08-04 00:04:08,016] {processor.py:641} INFO - Processing file /home/ndx/Innowise tasks/Innowise_task_5/airflow_env/lib/python3.8/site-packages/airflow/example_dags/example_task_group.py for tasks to queue
[2022-08-04 00:04:08,016] {logging_mixin.py:115} INFO - [2022-08-04 00:04:08,016] {dagbag.py:508} INFO - Filling up the DagBag from /home/ndx/Innowise tasks/Innowise_task_5/airflow_env/lib/python3.8/site-packages/airflow/example_dags/example_task_group.py
[2022-08-04 00:04:08,021] {processor.py:651} INFO - DAG(s) dict_keys(['example_task_group']) retrieved from /home/ndx/Innowise tasks/Innowise_task_5/airflow_env/lib/python3.8/site-packages/airflow/example_dags/example_task_group.py
[2022-08-04 00:04:08,030] {logging_mixin.py:115} INFO - [2022-08-04 00:04:08,030] {dag.py:2420} INFO - Sync 1 DAGs
[2022-08-04 00:04:08,039] {logging_mixin.py:115} INFO - [2022-08-04 00:04:08,039] {dag.py:2968} INFO - Setting next_dagrun for example_task_group to 2022-08-02T21:04:08.038878+00:00, run_after=2022-08-03T21:04:08.038878+00:00
[2022-08-04 00:04:08,045] {processor.py:161} INFO - Processing /home/ndx/Innowise tasks/Innowise_task_5/airflow_env/lib/python3.8/site-packages/airflow/example_dags/example_task_group.py took 0.036 seconds
[2022-08-04 00:04:41,990] {processor.py:153} INFO - Started process (PID=45533) to work on /home/ndx/Innowise tasks/Innowise_task_5/airflow_env/lib/python3.8/site-packages/airflow/example_dags/example_task_group.py
[2022-08-04 00:04:41,996] {processor.py:641} INFO - Processing file /home/ndx/Innowise tasks/Innowise_task_5/airflow_env/lib/python3.8/site-packages/airflow/example_dags/example_task_group.py for tasks to queue
[2022-08-04 00:04:41,996] {logging_mixin.py:115} INFO - [2022-08-04 00:04:41,996] {dagbag.py:508} INFO - Filling up the DagBag from /home/ndx/Innowise tasks/Innowise_task_5/airflow_env/lib/python3.8/site-packages/airflow/example_dags/example_task_group.py
[2022-08-04 00:04:42,001] {processor.py:651} INFO - DAG(s) dict_keys(['example_task_group']) retrieved from /home/ndx/Innowise tasks/Innowise_task_5/airflow_env/lib/python3.8/site-packages/airflow/example_dags/example_task_group.py
[2022-08-04 00:04:42,010] {logging_mixin.py:115} INFO - [2022-08-04 00:04:42,010] {dag.py:2420} INFO - Sync 1 DAGs
[2022-08-04 00:04:42,019] {logging_mixin.py:115} INFO - [2022-08-04 00:04:42,019] {dag.py:2968} INFO - Setting next_dagrun for example_task_group to 2022-08-02T21:04:42.019540+00:00, run_after=2022-08-03T21:04:42.019540+00:00
[2022-08-04 00:04:42,026] {processor.py:161} INFO - Processing /home/ndx/Innowise tasks/Innowise_task_5/airflow_env/lib/python3.8/site-packages/airflow/example_dags/example_task_group.py took 0.037 seconds
[2022-08-04 00:05:15,387] {processor.py:153} INFO - Started process (PID=45692) to work on /home/ndx/Innowise tasks/Innowise_task_5/airflow_env/lib/python3.8/site-packages/airflow/example_dags/example_task_group.py
[2022-08-04 00:05:15,393] {processor.py:641} INFO - Processing file /home/ndx/Innowise tasks/Innowise_task_5/airflow_env/lib/python3.8/site-packages/airflow/example_dags/example_task_group.py for tasks to queue
[2022-08-04 00:05:15,393] {logging_mixin.py:115} INFO - [2022-08-04 00:05:15,393] {dagbag.py:508} INFO - Filling up the DagBag from /home/ndx/Innowise tasks/Innowise_task_5/airflow_env/lib/python3.8/site-packages/airflow/example_dags/example_task_group.py
[2022-08-04 00:05:15,398] {processor.py:651} INFO - DAG(s) dict_keys(['example_task_group']) retrieved from /home/ndx/Innowise tasks/Innowise_task_5/airflow_env/lib/python3.8/site-packages/airflow/example_dags/example_task_group.py
[2022-08-04 00:05:15,406] {logging_mixin.py:115} INFO - [2022-08-04 00:05:15,406] {dag.py:2420} INFO - Sync 1 DAGs
[2022-08-04 00:05:15,415] {logging_mixin.py:115} INFO - [2022-08-04 00:05:15,415] {dag.py:2968} INFO - Setting next_dagrun for example_task_group to 2022-08-02T21:05:15.415006+00:00, run_after=2022-08-03T21:05:15.415006+00:00
[2022-08-04 00:05:15,421] {processor.py:161} INFO - Processing /home/ndx/Innowise tasks/Innowise_task_5/airflow_env/lib/python3.8/site-packages/airflow/example_dags/example_task_group.py took 0.035 seconds
[2022-08-04 00:05:49,211] {processor.py:153} INFO - Started process (PID=45800) to work on /home/ndx/Innowise tasks/Innowise_task_5/airflow_env/lib/python3.8/site-packages/airflow/example_dags/example_task_group.py
[2022-08-04 00:05:49,216] {processor.py:641} INFO - Processing file /home/ndx/Innowise tasks/Innowise_task_5/airflow_env/lib/python3.8/site-packages/airflow/example_dags/example_task_group.py for tasks to queue
[2022-08-04 00:05:49,217] {logging_mixin.py:115} INFO - [2022-08-04 00:05:49,217] {dagbag.py:508} INFO - Filling up the DagBag from /home/ndx/Innowise tasks/Innowise_task_5/airflow_env/lib/python3.8/site-packages/airflow/example_dags/example_task_group.py
[2022-08-04 00:05:49,221] {processor.py:651} INFO - DAG(s) dict_keys(['example_task_group']) retrieved from /home/ndx/Innowise tasks/Innowise_task_5/airflow_env/lib/python3.8/site-packages/airflow/example_dags/example_task_group.py
[2022-08-04 00:05:49,231] {logging_mixin.py:115} INFO - [2022-08-04 00:05:49,230] {dag.py:2420} INFO - Sync 1 DAGs
[2022-08-04 00:05:49,239] {logging_mixin.py:115} INFO - [2022-08-04 00:05:49,239] {dag.py:2968} INFO - Setting next_dagrun for example_task_group to 2022-08-02T21:05:49.239681+00:00, run_after=2022-08-03T21:05:49.239681+00:00
[2022-08-04 00:05:49,247] {processor.py:161} INFO - Processing /home/ndx/Innowise tasks/Innowise_task_5/airflow_env/lib/python3.8/site-packages/airflow/example_dags/example_task_group.py took 0.038 seconds
[2022-08-04 00:06:23,192] {processor.py:153} INFO - Started process (PID=45901) to work on /home/ndx/Innowise tasks/Innowise_task_5/airflow_env/lib/python3.8/site-packages/airflow/example_dags/example_task_group.py
[2022-08-04 00:06:23,197] {processor.py:641} INFO - Processing file /home/ndx/Innowise tasks/Innowise_task_5/airflow_env/lib/python3.8/site-packages/airflow/example_dags/example_task_group.py for tasks to queue
[2022-08-04 00:06:23,198] {logging_mixin.py:115} INFO - [2022-08-04 00:06:23,198] {dagbag.py:508} INFO - Filling up the DagBag from /home/ndx/Innowise tasks/Innowise_task_5/airflow_env/lib/python3.8/site-packages/airflow/example_dags/example_task_group.py
[2022-08-04 00:06:23,203] {processor.py:651} INFO - DAG(s) dict_keys(['example_task_group']) retrieved from /home/ndx/Innowise tasks/Innowise_task_5/airflow_env/lib/python3.8/site-packages/airflow/example_dags/example_task_group.py
[2022-08-04 00:06:23,212] {logging_mixin.py:115} INFO - [2022-08-04 00:06:23,212] {dag.py:2420} INFO - Sync 1 DAGs
[2022-08-04 00:06:23,221] {logging_mixin.py:115} INFO - [2022-08-04 00:06:23,221] {dag.py:2968} INFO - Setting next_dagrun for example_task_group to 2022-08-02T21:06:23.220996+00:00, run_after=2022-08-03T21:06:23.220996+00:00
[2022-08-04 00:06:23,229] {processor.py:161} INFO - Processing /home/ndx/Innowise tasks/Innowise_task_5/airflow_env/lib/python3.8/site-packages/airflow/example_dags/example_task_group.py took 0.038 seconds
[2022-08-04 00:06:57,880] {processor.py:153} INFO - Started process (PID=45971) to work on /home/ndx/Innowise tasks/Innowise_task_5/airflow_env/lib/python3.8/site-packages/airflow/example_dags/example_task_group.py
[2022-08-04 00:06:57,885] {processor.py:641} INFO - Processing file /home/ndx/Innowise tasks/Innowise_task_5/airflow_env/lib/python3.8/site-packages/airflow/example_dags/example_task_group.py for tasks to queue
[2022-08-04 00:06:57,886] {logging_mixin.py:115} INFO - [2022-08-04 00:06:57,885] {dagbag.py:508} INFO - Filling up the DagBag from /home/ndx/Innowise tasks/Innowise_task_5/airflow_env/lib/python3.8/site-packages/airflow/example_dags/example_task_group.py
[2022-08-04 00:06:57,890] {processor.py:651} INFO - DAG(s) dict_keys(['example_task_group']) retrieved from /home/ndx/Innowise tasks/Innowise_task_5/airflow_env/lib/python3.8/site-packages/airflow/example_dags/example_task_group.py
[2022-08-04 00:06:57,899] {logging_mixin.py:115} INFO - [2022-08-04 00:06:57,899] {dag.py:2420} INFO - Sync 1 DAGs
[2022-08-04 00:06:57,908] {logging_mixin.py:115} INFO - [2022-08-04 00:06:57,908] {dag.py:2968} INFO - Setting next_dagrun for example_task_group to 2022-08-02T21:06:57.908302+00:00, run_after=2022-08-03T21:06:57.908302+00:00
[2022-08-04 00:06:57,916] {processor.py:161} INFO - Processing /home/ndx/Innowise tasks/Innowise_task_5/airflow_env/lib/python3.8/site-packages/airflow/example_dags/example_task_group.py took 0.038 seconds
[2022-08-04 00:07:31,583] {processor.py:153} INFO - Started process (PID=46045) to work on /home/ndx/Innowise tasks/Innowise_task_5/airflow_env/lib/python3.8/site-packages/airflow/example_dags/example_task_group.py
[2022-08-04 00:07:31,588] {processor.py:641} INFO - Processing file /home/ndx/Innowise tasks/Innowise_task_5/airflow_env/lib/python3.8/site-packages/airflow/example_dags/example_task_group.py for tasks to queue
[2022-08-04 00:07:31,589] {logging_mixin.py:115} INFO - [2022-08-04 00:07:31,589] {dagbag.py:508} INFO - Filling up the DagBag from /home/ndx/Innowise tasks/Innowise_task_5/airflow_env/lib/python3.8/site-packages/airflow/example_dags/example_task_group.py
[2022-08-04 00:07:31,593] {processor.py:651} INFO - DAG(s) dict_keys(['example_task_group']) retrieved from /home/ndx/Innowise tasks/Innowise_task_5/airflow_env/lib/python3.8/site-packages/airflow/example_dags/example_task_group.py
[2022-08-04 00:07:31,603] {logging_mixin.py:115} INFO - [2022-08-04 00:07:31,603] {dag.py:2420} INFO - Sync 1 DAGs
[2022-08-04 00:07:31,611] {logging_mixin.py:115} INFO - [2022-08-04 00:07:31,611] {dag.py:2968} INFO - Setting next_dagrun for example_task_group to 2022-08-02T21:07:31.611686+00:00, run_after=2022-08-03T21:07:31.611686+00:00
[2022-08-04 00:07:31,622] {processor.py:161} INFO - Processing /home/ndx/Innowise tasks/Innowise_task_5/airflow_env/lib/python3.8/site-packages/airflow/example_dags/example_task_group.py took 0.041 seconds
[2022-08-04 00:08:04,139] {processor.py:153} INFO - Started process (PID=46124) to work on /home/ndx/Innowise tasks/Innowise_task_5/airflow_env/lib/python3.8/site-packages/airflow/example_dags/example_task_group.py
[2022-08-04 00:08:04,144] {processor.py:641} INFO - Processing file /home/ndx/Innowise tasks/Innowise_task_5/airflow_env/lib/python3.8/site-packages/airflow/example_dags/example_task_group.py for tasks to queue
[2022-08-04 00:08:04,144] {logging_mixin.py:115} INFO - [2022-08-04 00:08:04,144] {dagbag.py:508} INFO - Filling up the DagBag from /home/ndx/Innowise tasks/Innowise_task_5/airflow_env/lib/python3.8/site-packages/airflow/example_dags/example_task_group.py
[2022-08-04 00:08:04,148] {processor.py:651} INFO - DAG(s) dict_keys(['example_task_group']) retrieved from /home/ndx/Innowise tasks/Innowise_task_5/airflow_env/lib/python3.8/site-packages/airflow/example_dags/example_task_group.py
[2022-08-04 00:08:04,157] {logging_mixin.py:115} INFO - [2022-08-04 00:08:04,157] {dag.py:2420} INFO - Sync 1 DAGs
[2022-08-04 00:08:04,166] {logging_mixin.py:115} INFO - [2022-08-04 00:08:04,166] {dag.py:2968} INFO - Setting next_dagrun for example_task_group to 2022-08-02T21:08:04.166143+00:00, run_after=2022-08-03T21:08:04.166143+00:00
[2022-08-04 00:08:04,173] {processor.py:161} INFO - Processing /home/ndx/Innowise tasks/Innowise_task_5/airflow_env/lib/python3.8/site-packages/airflow/example_dags/example_task_group.py took 0.037 seconds
[2022-08-04 00:08:39,050] {processor.py:153} INFO - Started process (PID=46194) to work on /home/ndx/Innowise tasks/Innowise_task_5/airflow_env/lib/python3.8/site-packages/airflow/example_dags/example_task_group.py
[2022-08-04 00:08:39,050] {processor.py:641} INFO - Processing file /home/ndx/Innowise tasks/Innowise_task_5/airflow_env/lib/python3.8/site-packages/airflow/example_dags/example_task_group.py for tasks to queue
[2022-08-04 00:08:39,050] {logging_mixin.py:115} INFO - [2022-08-04 00:08:39,050] {dagbag.py:508} INFO - Filling up the DagBag from /home/ndx/Innowise tasks/Innowise_task_5/airflow_env/lib/python3.8/site-packages/airflow/example_dags/example_task_group.py
[2022-08-04 00:08:39,055] {processor.py:651} INFO - DAG(s) dict_keys(['example_task_group']) retrieved from /home/ndx/Innowise tasks/Innowise_task_5/airflow_env/lib/python3.8/site-packages/airflow/example_dags/example_task_group.py
[2022-08-04 00:08:39,065] {logging_mixin.py:115} INFO - [2022-08-04 00:08:39,065] {dag.py:2420} INFO - Sync 1 DAGs
[2022-08-04 00:08:39,075] {logging_mixin.py:115} INFO - [2022-08-04 00:08:39,075] {dag.py:2968} INFO - Setting next_dagrun for example_task_group to 2022-08-02T21:08:39.074899+00:00, run_after=2022-08-03T21:08:39.074899+00:00
[2022-08-04 00:08:39,084] {processor.py:161} INFO - Processing /home/ndx/Innowise tasks/Innowise_task_5/airflow_env/lib/python3.8/site-packages/airflow/example_dags/example_task_group.py took 0.036 seconds
[2022-08-04 00:09:12,264] {processor.py:153} INFO - Started process (PID=46305) to work on /home/ndx/Innowise tasks/Innowise_task_5/airflow_env/lib/python3.8/site-packages/airflow/example_dags/example_task_group.py
[2022-08-04 00:09:12,270] {processor.py:641} INFO - Processing file /home/ndx/Innowise tasks/Innowise_task_5/airflow_env/lib/python3.8/site-packages/airflow/example_dags/example_task_group.py for tasks to queue
[2022-08-04 00:09:12,270] {logging_mixin.py:115} INFO - [2022-08-04 00:09:12,270] {dagbag.py:508} INFO - Filling up the DagBag from /home/ndx/Innowise tasks/Innowise_task_5/airflow_env/lib/python3.8/site-packages/airflow/example_dags/example_task_group.py
[2022-08-04 00:09:12,275] {processor.py:651} INFO - DAG(s) dict_keys(['example_task_group']) retrieved from /home/ndx/Innowise tasks/Innowise_task_5/airflow_env/lib/python3.8/site-packages/airflow/example_dags/example_task_group.py
[2022-08-04 00:09:12,284] {logging_mixin.py:115} INFO - [2022-08-04 00:09:12,284] {dag.py:2420} INFO - Sync 1 DAGs
[2022-08-04 00:09:12,292] {logging_mixin.py:115} INFO - [2022-08-04 00:09:12,292] {dag.py:2968} INFO - Setting next_dagrun for example_task_group to 2022-08-02T21:09:12.292665+00:00, run_after=2022-08-03T21:09:12.292665+00:00
[2022-08-04 00:09:12,300] {processor.py:161} INFO - Processing /home/ndx/Innowise tasks/Innowise_task_5/airflow_env/lib/python3.8/site-packages/airflow/example_dags/example_task_group.py took 0.037 seconds
[2022-08-04 00:09:51,089] {processor.py:153} INFO - Started process (PID=46396) to work on /home/ndx/Innowise tasks/Innowise_task_5/airflow_env/lib/python3.8/site-packages/airflow/example_dags/example_task_group.py
[2022-08-04 00:09:51,094] {processor.py:641} INFO - Processing file /home/ndx/Innowise tasks/Innowise_task_5/airflow_env/lib/python3.8/site-packages/airflow/example_dags/example_task_group.py for tasks to queue
[2022-08-04 00:09:51,095] {logging_mixin.py:115} INFO - [2022-08-04 00:09:51,095] {dagbag.py:508} INFO - Filling up the DagBag from /home/ndx/Innowise tasks/Innowise_task_5/airflow_env/lib/python3.8/site-packages/airflow/example_dags/example_task_group.py
[2022-08-04 00:09:51,099] {processor.py:651} INFO - DAG(s) dict_keys(['example_task_group']) retrieved from /home/ndx/Innowise tasks/Innowise_task_5/airflow_env/lib/python3.8/site-packages/airflow/example_dags/example_task_group.py
[2022-08-04 00:09:51,109] {logging_mixin.py:115} INFO - [2022-08-04 00:09:51,109] {dag.py:2420} INFO - Sync 1 DAGs
[2022-08-04 00:09:51,118] {logging_mixin.py:115} INFO - [2022-08-04 00:09:51,118] {dag.py:2968} INFO - Setting next_dagrun for example_task_group to 2022-08-02T21:09:51.117922+00:00, run_after=2022-08-03T21:09:51.117922+00:00
[2022-08-04 00:09:51,126] {processor.py:161} INFO - Processing /home/ndx/Innowise tasks/Innowise_task_5/airflow_env/lib/python3.8/site-packages/airflow/example_dags/example_task_group.py took 0.039 seconds
[2022-08-04 00:10:22,532] {processor.py:153} INFO - Started process (PID=46486) to work on /home/ndx/Innowise tasks/Innowise_task_5/airflow_env/lib/python3.8/site-packages/airflow/example_dags/example_task_group.py
[2022-08-04 00:10:22,537] {processor.py:641} INFO - Processing file /home/ndx/Innowise tasks/Innowise_task_5/airflow_env/lib/python3.8/site-packages/airflow/example_dags/example_task_group.py for tasks to queue
[2022-08-04 00:10:22,537] {logging_mixin.py:115} INFO - [2022-08-04 00:10:22,537] {dagbag.py:508} INFO - Filling up the DagBag from /home/ndx/Innowise tasks/Innowise_task_5/airflow_env/lib/python3.8/site-packages/airflow/example_dags/example_task_group.py
[2022-08-04 00:10:22,541] {processor.py:651} INFO - DAG(s) dict_keys(['example_task_group']) retrieved from /home/ndx/Innowise tasks/Innowise_task_5/airflow_env/lib/python3.8/site-packages/airflow/example_dags/example_task_group.py
[2022-08-04 00:10:22,551] {logging_mixin.py:115} INFO - [2022-08-04 00:10:22,551] {dag.py:2420} INFO - Sync 1 DAGs
[2022-08-04 00:10:22,561] {logging_mixin.py:115} INFO - [2022-08-04 00:10:22,561] {dag.py:2968} INFO - Setting next_dagrun for example_task_group to 2022-08-02T21:10:22.561607+00:00, run_after=2022-08-03T21:10:22.561607+00:00
[2022-08-04 00:10:22,573] {processor.py:161} INFO - Processing /home/ndx/Innowise tasks/Innowise_task_5/airflow_env/lib/python3.8/site-packages/airflow/example_dags/example_task_group.py took 0.043 seconds
[2022-08-04 00:10:57,632] {processor.py:153} INFO - Started process (PID=46570) to work on /home/ndx/Innowise tasks/Innowise_task_5/airflow_env/lib/python3.8/site-packages/airflow/example_dags/example_task_group.py
[2022-08-04 00:10:57,638] {processor.py:641} INFO - Processing file /home/ndx/Innowise tasks/Innowise_task_5/airflow_env/lib/python3.8/site-packages/airflow/example_dags/example_task_group.py for tasks to queue
[2022-08-04 00:10:57,639] {logging_mixin.py:115} INFO - [2022-08-04 00:10:57,638] {dagbag.py:508} INFO - Filling up the DagBag from /home/ndx/Innowise tasks/Innowise_task_5/airflow_env/lib/python3.8/site-packages/airflow/example_dags/example_task_group.py
[2022-08-04 00:10:57,643] {processor.py:651} INFO - DAG(s) dict_keys(['example_task_group']) retrieved from /home/ndx/Innowise tasks/Innowise_task_5/airflow_env/lib/python3.8/site-packages/airflow/example_dags/example_task_group.py
[2022-08-04 00:10:57,653] {logging_mixin.py:115} INFO - [2022-08-04 00:10:57,653] {dag.py:2420} INFO - Sync 1 DAGs
[2022-08-04 00:10:57,662] {logging_mixin.py:115} INFO - [2022-08-04 00:10:57,662] {dag.py:2968} INFO - Setting next_dagrun for example_task_group to 2022-08-02T21:10:57.661976+00:00, run_after=2022-08-03T21:10:57.661976+00:00
[2022-08-04 00:10:57,671] {processor.py:161} INFO - Processing /home/ndx/Innowise tasks/Innowise_task_5/airflow_env/lib/python3.8/site-packages/airflow/example_dags/example_task_group.py took 0.040 seconds
[2022-08-04 00:11:30,471] {processor.py:153} INFO - Started process (PID=46632) to work on /home/ndx/Innowise tasks/Innowise_task_5/airflow_env/lib/python3.8/site-packages/airflow/example_dags/example_task_group.py
[2022-08-04 00:11:30,476] {processor.py:641} INFO - Processing file /home/ndx/Innowise tasks/Innowise_task_5/airflow_env/lib/python3.8/site-packages/airflow/example_dags/example_task_group.py for tasks to queue
[2022-08-04 00:11:30,477] {logging_mixin.py:115} INFO - [2022-08-04 00:11:30,477] {dagbag.py:508} INFO - Filling up the DagBag from /home/ndx/Innowise tasks/Innowise_task_5/airflow_env/lib/python3.8/site-packages/airflow/example_dags/example_task_group.py
[2022-08-04 00:11:30,481] {processor.py:651} INFO - DAG(s) dict_keys(['example_task_group']) retrieved from /home/ndx/Innowise tasks/Innowise_task_5/airflow_env/lib/python3.8/site-packages/airflow/example_dags/example_task_group.py
[2022-08-04 00:11:30,490] {logging_mixin.py:115} INFO - [2022-08-04 00:11:30,490] {dag.py:2420} INFO - Sync 1 DAGs
[2022-08-04 00:11:30,499] {logging_mixin.py:115} INFO - [2022-08-04 00:11:30,498] {dag.py:2968} INFO - Setting next_dagrun for example_task_group to 2022-08-02T21:11:30.498834+00:00, run_after=2022-08-03T21:11:30.498834+00:00
[2022-08-04 00:11:30,506] {processor.py:161} INFO - Processing /home/ndx/Innowise tasks/Innowise_task_5/airflow_env/lib/python3.8/site-packages/airflow/example_dags/example_task_group.py took 0.037 seconds
[2022-08-04 00:12:05,320] {processor.py:153} INFO - Started process (PID=46693) to work on /home/ndx/Innowise tasks/Innowise_task_5/airflow_env/lib/python3.8/site-packages/airflow/example_dags/example_task_group.py
[2022-08-04 00:12:05,320] {processor.py:641} INFO - Processing file /home/ndx/Innowise tasks/Innowise_task_5/airflow_env/lib/python3.8/site-packages/airflow/example_dags/example_task_group.py for tasks to queue
[2022-08-04 00:12:05,321] {logging_mixin.py:115} INFO - [2022-08-04 00:12:05,321] {dagbag.py:508} INFO - Filling up the DagBag from /home/ndx/Innowise tasks/Innowise_task_5/airflow_env/lib/python3.8/site-packages/airflow/example_dags/example_task_group.py
[2022-08-04 00:12:05,325] {processor.py:651} INFO - DAG(s) dict_keys(['example_task_group']) retrieved from /home/ndx/Innowise tasks/Innowise_task_5/airflow_env/lib/python3.8/site-packages/airflow/example_dags/example_task_group.py
[2022-08-04 00:12:05,334] {logging_mixin.py:115} INFO - [2022-08-04 00:12:05,334] {dag.py:2420} INFO - Sync 1 DAGs
[2022-08-04 00:12:05,343] {logging_mixin.py:115} INFO - [2022-08-04 00:12:05,343] {dag.py:2968} INFO - Setting next_dagrun for example_task_group to 2022-08-02T21:12:05.342921+00:00, run_after=2022-08-03T21:12:05.342921+00:00
[2022-08-04 00:12:05,350] {processor.py:161} INFO - Processing /home/ndx/Innowise tasks/Innowise_task_5/airflow_env/lib/python3.8/site-packages/airflow/example_dags/example_task_group.py took 0.032 seconds
[2022-08-04 00:12:39,530] {processor.py:153} INFO - Started process (PID=46758) to work on /home/ndx/Innowise tasks/Innowise_task_5/airflow_env/lib/python3.8/site-packages/airflow/example_dags/example_task_group.py
[2022-08-04 00:12:39,535] {processor.py:641} INFO - Processing file /home/ndx/Innowise tasks/Innowise_task_5/airflow_env/lib/python3.8/site-packages/airflow/example_dags/example_task_group.py for tasks to queue
[2022-08-04 00:12:39,536] {logging_mixin.py:115} INFO - [2022-08-04 00:12:39,536] {dagbag.py:508} INFO - Filling up the DagBag from /home/ndx/Innowise tasks/Innowise_task_5/airflow_env/lib/python3.8/site-packages/airflow/example_dags/example_task_group.py
[2022-08-04 00:12:39,540] {processor.py:651} INFO - DAG(s) dict_keys(['example_task_group']) retrieved from /home/ndx/Innowise tasks/Innowise_task_5/airflow_env/lib/python3.8/site-packages/airflow/example_dags/example_task_group.py
[2022-08-04 00:12:39,549] {logging_mixin.py:115} INFO - [2022-08-04 00:12:39,549] {dag.py:2420} INFO - Sync 1 DAGs
[2022-08-04 00:12:39,558] {logging_mixin.py:115} INFO - [2022-08-04 00:12:39,558] {dag.py:2968} INFO - Setting next_dagrun for example_task_group to 2022-08-02T21:12:39.558076+00:00, run_after=2022-08-03T21:12:39.558076+00:00
[2022-08-04 00:12:39,566] {processor.py:161} INFO - Processing /home/ndx/Innowise tasks/Innowise_task_5/airflow_env/lib/python3.8/site-packages/airflow/example_dags/example_task_group.py took 0.037 seconds
[2022-08-04 00:13:13,252] {processor.py:153} INFO - Started process (PID=46831) to work on /home/ndx/Innowise tasks/Innowise_task_5/airflow_env/lib/python3.8/site-packages/airflow/example_dags/example_task_group.py
[2022-08-04 00:13:13,253] {processor.py:641} INFO - Processing file /home/ndx/Innowise tasks/Innowise_task_5/airflow_env/lib/python3.8/site-packages/airflow/example_dags/example_task_group.py for tasks to queue
[2022-08-04 00:13:13,253] {logging_mixin.py:115} INFO - [2022-08-04 00:13:13,253] {dagbag.py:508} INFO - Filling up the DagBag from /home/ndx/Innowise tasks/Innowise_task_5/airflow_env/lib/python3.8/site-packages/airflow/example_dags/example_task_group.py
[2022-08-04 00:13:13,257] {processor.py:651} INFO - DAG(s) dict_keys(['example_task_group']) retrieved from /home/ndx/Innowise tasks/Innowise_task_5/airflow_env/lib/python3.8/site-packages/airflow/example_dags/example_task_group.py
[2022-08-04 00:13:13,266] {logging_mixin.py:115} INFO - [2022-08-04 00:13:13,266] {dag.py:2420} INFO - Sync 1 DAGs
[2022-08-04 00:13:13,275] {logging_mixin.py:115} INFO - [2022-08-04 00:13:13,275] {dag.py:2968} INFO - Setting next_dagrun for example_task_group to 2022-08-02T21:13:13.275242+00:00, run_after=2022-08-03T21:13:13.275242+00:00
[2022-08-04 00:13:13,284] {processor.py:161} INFO - Processing /home/ndx/Innowise tasks/Innowise_task_5/airflow_env/lib/python3.8/site-packages/airflow/example_dags/example_task_group.py took 0.034 seconds
[2022-08-04 00:13:47,935] {processor.py:153} INFO - Started process (PID=46928) to work on /home/ndx/Innowise tasks/Innowise_task_5/airflow_env/lib/python3.8/site-packages/airflow/example_dags/example_task_group.py
[2022-08-04 00:13:47,940] {processor.py:641} INFO - Processing file /home/ndx/Innowise tasks/Innowise_task_5/airflow_env/lib/python3.8/site-packages/airflow/example_dags/example_task_group.py for tasks to queue
[2022-08-04 00:13:47,941] {logging_mixin.py:115} INFO - [2022-08-04 00:13:47,940] {dagbag.py:508} INFO - Filling up the DagBag from /home/ndx/Innowise tasks/Innowise_task_5/airflow_env/lib/python3.8/site-packages/airflow/example_dags/example_task_group.py
[2022-08-04 00:13:47,945] {processor.py:651} INFO - DAG(s) dict_keys(['example_task_group']) retrieved from /home/ndx/Innowise tasks/Innowise_task_5/airflow_env/lib/python3.8/site-packages/airflow/example_dags/example_task_group.py
[2022-08-04 00:13:47,954] {logging_mixin.py:115} INFO - [2022-08-04 00:13:47,954] {dag.py:2420} INFO - Sync 1 DAGs
[2022-08-04 00:13:47,963] {logging_mixin.py:115} INFO - [2022-08-04 00:13:47,963] {dag.py:2968} INFO - Setting next_dagrun for example_task_group to 2022-08-02T21:13:47.963332+00:00, run_after=2022-08-03T21:13:47.963332+00:00
[2022-08-04 00:13:47,972] {processor.py:161} INFO - Processing /home/ndx/Innowise tasks/Innowise_task_5/airflow_env/lib/python3.8/site-packages/airflow/example_dags/example_task_group.py took 0.039 seconds
[2022-08-04 00:14:21,167] {processor.py:153} INFO - Started process (PID=47041) to work on /home/ndx/Innowise tasks/Innowise_task_5/airflow_env/lib/python3.8/site-packages/airflow/example_dags/example_task_group.py
[2022-08-04 00:14:21,173] {processor.py:641} INFO - Processing file /home/ndx/Innowise tasks/Innowise_task_5/airflow_env/lib/python3.8/site-packages/airflow/example_dags/example_task_group.py for tasks to queue
[2022-08-04 00:14:21,173] {logging_mixin.py:115} INFO - [2022-08-04 00:14:21,173] {dagbag.py:508} INFO - Filling up the DagBag from /home/ndx/Innowise tasks/Innowise_task_5/airflow_env/lib/python3.8/site-packages/airflow/example_dags/example_task_group.py
[2022-08-04 00:14:21,177] {processor.py:651} INFO - DAG(s) dict_keys(['example_task_group']) retrieved from /home/ndx/Innowise tasks/Innowise_task_5/airflow_env/lib/python3.8/site-packages/airflow/example_dags/example_task_group.py
[2022-08-04 00:14:21,186] {logging_mixin.py:115} INFO - [2022-08-04 00:14:21,186] {dag.py:2420} INFO - Sync 1 DAGs
[2022-08-04 00:14:21,194] {logging_mixin.py:115} INFO - [2022-08-04 00:14:21,194] {dag.py:2968} INFO - Setting next_dagrun for example_task_group to 2022-08-02T21:14:21.194449+00:00, run_after=2022-08-03T21:14:21.194449+00:00
[2022-08-04 00:14:21,203] {processor.py:161} INFO - Processing /home/ndx/Innowise tasks/Innowise_task_5/airflow_env/lib/python3.8/site-packages/airflow/example_dags/example_task_group.py took 0.037 seconds
[2022-08-04 00:14:55,430] {processor.py:153} INFO - Started process (PID=47127) to work on /home/ndx/Innowise tasks/Innowise_task_5/airflow_env/lib/python3.8/site-packages/airflow/example_dags/example_task_group.py
[2022-08-04 00:14:55,436] {processor.py:641} INFO - Processing file /home/ndx/Innowise tasks/Innowise_task_5/airflow_env/lib/python3.8/site-packages/airflow/example_dags/example_task_group.py for tasks to queue
[2022-08-04 00:14:55,436] {logging_mixin.py:115} INFO - [2022-08-04 00:14:55,436] {dagbag.py:508} INFO - Filling up the DagBag from /home/ndx/Innowise tasks/Innowise_task_5/airflow_env/lib/python3.8/site-packages/airflow/example_dags/example_task_group.py
[2022-08-04 00:14:55,441] {processor.py:651} INFO - DAG(s) dict_keys(['example_task_group']) retrieved from /home/ndx/Innowise tasks/Innowise_task_5/airflow_env/lib/python3.8/site-packages/airflow/example_dags/example_task_group.py
[2022-08-04 00:14:55,454] {logging_mixin.py:115} INFO - [2022-08-04 00:14:55,454] {dag.py:2420} INFO - Sync 1 DAGs
[2022-08-04 00:14:55,465] {logging_mixin.py:115} INFO - [2022-08-04 00:14:55,465] {dag.py:2968} INFO - Setting next_dagrun for example_task_group to 2022-08-02T21:14:55.465403+00:00, run_after=2022-08-03T21:14:55.465403+00:00
[2022-08-04 00:14:55,475] {processor.py:161} INFO - Processing /home/ndx/Innowise tasks/Innowise_task_5/airflow_env/lib/python3.8/site-packages/airflow/example_dags/example_task_group.py took 0.047 seconds
[2022-08-04 00:15:33,315] {processor.py:153} INFO - Started process (PID=47232) to work on /home/ndx/Innowise tasks/Innowise_task_5/airflow_env/lib/python3.8/site-packages/airflow/example_dags/example_task_group.py
[2022-08-04 00:15:33,320] {processor.py:641} INFO - Processing file /home/ndx/Innowise tasks/Innowise_task_5/airflow_env/lib/python3.8/site-packages/airflow/example_dags/example_task_group.py for tasks to queue
[2022-08-04 00:15:33,321] {logging_mixin.py:115} INFO - [2022-08-04 00:15:33,321] {dagbag.py:508} INFO - Filling up the DagBag from /home/ndx/Innowise tasks/Innowise_task_5/airflow_env/lib/python3.8/site-packages/airflow/example_dags/example_task_group.py
[2022-08-04 00:15:33,326] {processor.py:651} INFO - DAG(s) dict_keys(['example_task_group']) retrieved from /home/ndx/Innowise tasks/Innowise_task_5/airflow_env/lib/python3.8/site-packages/airflow/example_dags/example_task_group.py
[2022-08-04 00:15:33,335] {logging_mixin.py:115} INFO - [2022-08-04 00:15:33,335] {dag.py:2420} INFO - Sync 1 DAGs
[2022-08-04 00:15:33,345] {logging_mixin.py:115} INFO - [2022-08-04 00:15:33,345] {dag.py:2968} INFO - Setting next_dagrun for example_task_group to 2022-08-02T21:15:33.345231+00:00, run_after=2022-08-03T21:15:33.345231+00:00
[2022-08-04 00:15:33,351] {processor.py:161} INFO - Processing /home/ndx/Innowise tasks/Innowise_task_5/airflow_env/lib/python3.8/site-packages/airflow/example_dags/example_task_group.py took 0.038 seconds
[2022-08-04 00:16:07,515] {processor.py:153} INFO - Started process (PID=47272) to work on /home/ndx/Innowise tasks/Innowise_task_5/airflow_env/lib/python3.8/site-packages/airflow/example_dags/example_task_group.py
[2022-08-04 00:16:07,520] {processor.py:641} INFO - Processing file /home/ndx/Innowise tasks/Innowise_task_5/airflow_env/lib/python3.8/site-packages/airflow/example_dags/example_task_group.py for tasks to queue
[2022-08-04 00:16:07,521] {logging_mixin.py:115} INFO - [2022-08-04 00:16:07,521] {dagbag.py:508} INFO - Filling up the DagBag from /home/ndx/Innowise tasks/Innowise_task_5/airflow_env/lib/python3.8/site-packages/airflow/example_dags/example_task_group.py
[2022-08-04 00:16:07,525] {processor.py:651} INFO - DAG(s) dict_keys(['example_task_group']) retrieved from /home/ndx/Innowise tasks/Innowise_task_5/airflow_env/lib/python3.8/site-packages/airflow/example_dags/example_task_group.py
[2022-08-04 00:16:07,534] {logging_mixin.py:115} INFO - [2022-08-04 00:16:07,534] {dag.py:2420} INFO - Sync 1 DAGs
[2022-08-04 00:16:07,544] {logging_mixin.py:115} INFO - [2022-08-04 00:16:07,544] {dag.py:2968} INFO - Setting next_dagrun for example_task_group to 2022-08-02T21:16:07.544372+00:00, run_after=2022-08-03T21:16:07.544372+00:00
[2022-08-04 00:16:07,550] {processor.py:161} INFO - Processing /home/ndx/Innowise tasks/Innowise_task_5/airflow_env/lib/python3.8/site-packages/airflow/example_dags/example_task_group.py took 0.037 seconds
[2022-08-04 00:16:40,632] {processor.py:153} INFO - Started process (PID=47367) to work on /home/ndx/Innowise tasks/Innowise_task_5/airflow_env/lib/python3.8/site-packages/airflow/example_dags/example_task_group.py
[2022-08-04 00:16:40,637] {processor.py:641} INFO - Processing file /home/ndx/Innowise tasks/Innowise_task_5/airflow_env/lib/python3.8/site-packages/airflow/example_dags/example_task_group.py for tasks to queue
[2022-08-04 00:16:40,638] {logging_mixin.py:115} INFO - [2022-08-04 00:16:40,638] {dagbag.py:508} INFO - Filling up the DagBag from /home/ndx/Innowise tasks/Innowise_task_5/airflow_env/lib/python3.8/site-packages/airflow/example_dags/example_task_group.py
[2022-08-04 00:16:40,643] {processor.py:651} INFO - DAG(s) dict_keys(['example_task_group']) retrieved from /home/ndx/Innowise tasks/Innowise_task_5/airflow_env/lib/python3.8/site-packages/airflow/example_dags/example_task_group.py
[2022-08-04 00:16:40,656] {logging_mixin.py:115} INFO - [2022-08-04 00:16:40,656] {dag.py:2420} INFO - Sync 1 DAGs
[2022-08-04 00:16:40,667] {logging_mixin.py:115} INFO - [2022-08-04 00:16:40,667] {dag.py:2968} INFO - Setting next_dagrun for example_task_group to 2022-08-02T21:16:40.667049+00:00, run_after=2022-08-03T21:16:40.667049+00:00
[2022-08-04 00:16:40,674] {processor.py:161} INFO - Processing /home/ndx/Innowise tasks/Innowise_task_5/airflow_env/lib/python3.8/site-packages/airflow/example_dags/example_task_group.py took 0.044 seconds
[2022-08-04 00:17:16,589] {processor.py:153} INFO - Started process (PID=47459) to work on /home/ndx/Innowise tasks/Innowise_task_5/airflow_env/lib/python3.8/site-packages/airflow/example_dags/example_task_group.py
[2022-08-04 00:17:16,595] {processor.py:641} INFO - Processing file /home/ndx/Innowise tasks/Innowise_task_5/airflow_env/lib/python3.8/site-packages/airflow/example_dags/example_task_group.py for tasks to queue
[2022-08-04 00:17:16,595] {logging_mixin.py:115} INFO - [2022-08-04 00:17:16,595] {dagbag.py:508} INFO - Filling up the DagBag from /home/ndx/Innowise tasks/Innowise_task_5/airflow_env/lib/python3.8/site-packages/airflow/example_dags/example_task_group.py
[2022-08-04 00:17:16,600] {processor.py:651} INFO - DAG(s) dict_keys(['example_task_group']) retrieved from /home/ndx/Innowise tasks/Innowise_task_5/airflow_env/lib/python3.8/site-packages/airflow/example_dags/example_task_group.py
[2022-08-04 00:17:16,611] {logging_mixin.py:115} INFO - [2022-08-04 00:17:16,611] {dag.py:2420} INFO - Sync 1 DAGs
[2022-08-04 00:17:16,622] {logging_mixin.py:115} INFO - [2022-08-04 00:17:16,622] {dag.py:2968} INFO - Setting next_dagrun for example_task_group to 2022-08-02T21:17:16.622103+00:00, run_after=2022-08-03T21:17:16.622103+00:00
[2022-08-04 00:17:16,629] {processor.py:161} INFO - Processing /home/ndx/Innowise tasks/Innowise_task_5/airflow_env/lib/python3.8/site-packages/airflow/example_dags/example_task_group.py took 0.041 seconds
[2022-08-04 00:17:56,381] {processor.py:153} INFO - Started process (PID=47557) to work on /home/ndx/Innowise tasks/Innowise_task_5/airflow_env/lib/python3.8/site-packages/airflow/example_dags/example_task_group.py
[2022-08-04 00:17:56,386] {processor.py:641} INFO - Processing file /home/ndx/Innowise tasks/Innowise_task_5/airflow_env/lib/python3.8/site-packages/airflow/example_dags/example_task_group.py for tasks to queue
[2022-08-04 00:17:56,387] {logging_mixin.py:115} INFO - [2022-08-04 00:17:56,387] {dagbag.py:508} INFO - Filling up the DagBag from /home/ndx/Innowise tasks/Innowise_task_5/airflow_env/lib/python3.8/site-packages/airflow/example_dags/example_task_group.py
[2022-08-04 00:17:56,391] {processor.py:651} INFO - DAG(s) dict_keys(['example_task_group']) retrieved from /home/ndx/Innowise tasks/Innowise_task_5/airflow_env/lib/python3.8/site-packages/airflow/example_dags/example_task_group.py
[2022-08-04 00:17:56,401] {logging_mixin.py:115} INFO - [2022-08-04 00:17:56,401] {dag.py:2420} INFO - Sync 1 DAGs
[2022-08-04 00:17:56,411] {logging_mixin.py:115} INFO - [2022-08-04 00:17:56,411] {dag.py:2968} INFO - Setting next_dagrun for example_task_group to 2022-08-02T21:17:56.411084+00:00, run_after=2022-08-03T21:17:56.411084+00:00
[2022-08-04 00:17:56,417] {processor.py:161} INFO - Processing /home/ndx/Innowise tasks/Innowise_task_5/airflow_env/lib/python3.8/site-packages/airflow/example_dags/example_task_group.py took 0.038 seconds
[2022-08-04 00:18:29,875] {processor.py:153} INFO - Started process (PID=47597) to work on /home/ndx/Innowise tasks/Innowise_task_5/airflow_env/lib/python3.8/site-packages/airflow/example_dags/example_task_group.py
[2022-08-04 00:18:29,880] {processor.py:641} INFO - Processing file /home/ndx/Innowise tasks/Innowise_task_5/airflow_env/lib/python3.8/site-packages/airflow/example_dags/example_task_group.py for tasks to queue
[2022-08-04 00:18:29,880] {logging_mixin.py:115} INFO - [2022-08-04 00:18:29,880] {dagbag.py:508} INFO - Filling up the DagBag from /home/ndx/Innowise tasks/Innowise_task_5/airflow_env/lib/python3.8/site-packages/airflow/example_dags/example_task_group.py
[2022-08-04 00:18:29,884] {processor.py:651} INFO - DAG(s) dict_keys(['example_task_group']) retrieved from /home/ndx/Innowise tasks/Innowise_task_5/airflow_env/lib/python3.8/site-packages/airflow/example_dags/example_task_group.py
[2022-08-04 00:18:29,894] {logging_mixin.py:115} INFO - [2022-08-04 00:18:29,894] {dag.py:2420} INFO - Sync 1 DAGs
[2022-08-04 00:18:29,907] {logging_mixin.py:115} INFO - [2022-08-04 00:18:29,907] {dag.py:2968} INFO - Setting next_dagrun for example_task_group to 2022-08-02T21:18:29.907651+00:00, run_after=2022-08-03T21:18:29.907651+00:00
[2022-08-04 00:18:29,914] {processor.py:161} INFO - Processing /home/ndx/Innowise tasks/Innowise_task_5/airflow_env/lib/python3.8/site-packages/airflow/example_dags/example_task_group.py took 0.042 seconds
[2022-08-04 00:19:05,406] {processor.py:153} INFO - Started process (PID=47757) to work on /home/ndx/Innowise tasks/Innowise_task_5/airflow_env/lib/python3.8/site-packages/airflow/example_dags/example_task_group.py
[2022-08-04 00:19:05,412] {processor.py:641} INFO - Processing file /home/ndx/Innowise tasks/Innowise_task_5/airflow_env/lib/python3.8/site-packages/airflow/example_dags/example_task_group.py for tasks to queue
[2022-08-04 00:19:05,412] {logging_mixin.py:115} INFO - [2022-08-04 00:19:05,412] {dagbag.py:508} INFO - Filling up the DagBag from /home/ndx/Innowise tasks/Innowise_task_5/airflow_env/lib/python3.8/site-packages/airflow/example_dags/example_task_group.py
[2022-08-04 00:19:05,417] {processor.py:651} INFO - DAG(s) dict_keys(['example_task_group']) retrieved from /home/ndx/Innowise tasks/Innowise_task_5/airflow_env/lib/python3.8/site-packages/airflow/example_dags/example_task_group.py
[2022-08-04 00:19:05,426] {logging_mixin.py:115} INFO - [2022-08-04 00:19:05,426] {dag.py:2420} INFO - Sync 1 DAGs
[2022-08-04 00:19:05,436] {logging_mixin.py:115} INFO - [2022-08-04 00:19:05,436] {dag.py:2968} INFO - Setting next_dagrun for example_task_group to 2022-08-02T21:19:05.436247+00:00, run_after=2022-08-03T21:19:05.436247+00:00
[2022-08-04 00:19:05,443] {processor.py:161} INFO - Processing /home/ndx/Innowise tasks/Innowise_task_5/airflow_env/lib/python3.8/site-packages/airflow/example_dags/example_task_group.py took 0.038 seconds
[2022-08-04 00:19:39,068] {processor.py:153} INFO - Started process (PID=47856) to work on /home/ndx/Innowise tasks/Innowise_task_5/airflow_env/lib/python3.8/site-packages/airflow/example_dags/example_task_group.py
[2022-08-04 00:19:39,074] {processor.py:641} INFO - Processing file /home/ndx/Innowise tasks/Innowise_task_5/airflow_env/lib/python3.8/site-packages/airflow/example_dags/example_task_group.py for tasks to queue
[2022-08-04 00:19:39,074] {logging_mixin.py:115} INFO - [2022-08-04 00:19:39,074] {dagbag.py:508} INFO - Filling up the DagBag from /home/ndx/Innowise tasks/Innowise_task_5/airflow_env/lib/python3.8/site-packages/airflow/example_dags/example_task_group.py
[2022-08-04 00:19:39,079] {processor.py:651} INFO - DAG(s) dict_keys(['example_task_group']) retrieved from /home/ndx/Innowise tasks/Innowise_task_5/airflow_env/lib/python3.8/site-packages/airflow/example_dags/example_task_group.py
[2022-08-04 00:19:39,088] {logging_mixin.py:115} INFO - [2022-08-04 00:19:39,088] {dag.py:2420} INFO - Sync 1 DAGs
[2022-08-04 00:19:39,098] {logging_mixin.py:115} INFO - [2022-08-04 00:19:39,098] {dag.py:2968} INFO - Setting next_dagrun for example_task_group to 2022-08-02T21:19:39.098315+00:00, run_after=2022-08-03T21:19:39.098315+00:00
[2022-08-04 00:19:39,105] {processor.py:161} INFO - Processing /home/ndx/Innowise tasks/Innowise_task_5/airflow_env/lib/python3.8/site-packages/airflow/example_dags/example_task_group.py took 0.038 seconds
[2022-08-04 00:20:13,046] {processor.py:153} INFO - Started process (PID=47954) to work on /home/ndx/Innowise tasks/Innowise_task_5/airflow_env/lib/python3.8/site-packages/airflow/example_dags/example_task_group.py
[2022-08-04 00:20:13,051] {processor.py:641} INFO - Processing file /home/ndx/Innowise tasks/Innowise_task_5/airflow_env/lib/python3.8/site-packages/airflow/example_dags/example_task_group.py for tasks to queue
[2022-08-04 00:20:13,052] {logging_mixin.py:115} INFO - [2022-08-04 00:20:13,052] {dagbag.py:508} INFO - Filling up the DagBag from /home/ndx/Innowise tasks/Innowise_task_5/airflow_env/lib/python3.8/site-packages/airflow/example_dags/example_task_group.py
[2022-08-04 00:20:13,056] {processor.py:651} INFO - DAG(s) dict_keys(['example_task_group']) retrieved from /home/ndx/Innowise tasks/Innowise_task_5/airflow_env/lib/python3.8/site-packages/airflow/example_dags/example_task_group.py
[2022-08-04 00:20:13,065] {logging_mixin.py:115} INFO - [2022-08-04 00:20:13,065] {dag.py:2420} INFO - Sync 1 DAGs
[2022-08-04 00:20:13,077] {logging_mixin.py:115} INFO - [2022-08-04 00:20:13,077] {dag.py:2968} INFO - Setting next_dagrun for example_task_group to 2022-08-02T21:20:13.076860+00:00, run_after=2022-08-03T21:20:13.076860+00:00
[2022-08-04 00:20:13,084] {processor.py:161} INFO - Processing /home/ndx/Innowise tasks/Innowise_task_5/airflow_env/lib/python3.8/site-packages/airflow/example_dags/example_task_group.py took 0.039 seconds
[2022-08-04 00:20:46,050] {processor.py:153} INFO - Started process (PID=48015) to work on /home/ndx/Innowise tasks/Innowise_task_5/airflow_env/lib/python3.8/site-packages/airflow/example_dags/example_task_group.py
[2022-08-04 00:20:46,056] {processor.py:641} INFO - Processing file /home/ndx/Innowise tasks/Innowise_task_5/airflow_env/lib/python3.8/site-packages/airflow/example_dags/example_task_group.py for tasks to queue
[2022-08-04 00:20:46,056] {logging_mixin.py:115} INFO - [2022-08-04 00:20:46,056] {dagbag.py:508} INFO - Filling up the DagBag from /home/ndx/Innowise tasks/Innowise_task_5/airflow_env/lib/python3.8/site-packages/airflow/example_dags/example_task_group.py
[2022-08-04 00:20:46,061] {processor.py:651} INFO - DAG(s) dict_keys(['example_task_group']) retrieved from /home/ndx/Innowise tasks/Innowise_task_5/airflow_env/lib/python3.8/site-packages/airflow/example_dags/example_task_group.py
[2022-08-04 00:20:46,070] {logging_mixin.py:115} INFO - [2022-08-04 00:20:46,070] {dag.py:2420} INFO - Sync 1 DAGs
[2022-08-04 00:20:46,080] {logging_mixin.py:115} INFO - [2022-08-04 00:20:46,080] {dag.py:2968} INFO - Setting next_dagrun for example_task_group to 2022-08-02T21:20:46.080352+00:00, run_after=2022-08-03T21:20:46.080352+00:00
[2022-08-04 00:20:46,087] {processor.py:161} INFO - Processing /home/ndx/Innowise tasks/Innowise_task_5/airflow_env/lib/python3.8/site-packages/airflow/example_dags/example_task_group.py took 0.038 seconds
[2022-08-04 00:21:18,796] {processor.py:153} INFO - Started process (PID=48131) to work on /home/ndx/Innowise tasks/Innowise_task_5/airflow_env/lib/python3.8/site-packages/airflow/example_dags/example_task_group.py
[2022-08-04 00:21:18,802] {processor.py:641} INFO - Processing file /home/ndx/Innowise tasks/Innowise_task_5/airflow_env/lib/python3.8/site-packages/airflow/example_dags/example_task_group.py for tasks to queue
[2022-08-04 00:21:18,802] {logging_mixin.py:115} INFO - [2022-08-04 00:21:18,802] {dagbag.py:508} INFO - Filling up the DagBag from /home/ndx/Innowise tasks/Innowise_task_5/airflow_env/lib/python3.8/site-packages/airflow/example_dags/example_task_group.py
[2022-08-04 00:21:18,808] {processor.py:651} INFO - DAG(s) dict_keys(['example_task_group']) retrieved from /home/ndx/Innowise tasks/Innowise_task_5/airflow_env/lib/python3.8/site-packages/airflow/example_dags/example_task_group.py
[2022-08-04 00:21:18,820] {logging_mixin.py:115} INFO - [2022-08-04 00:21:18,820] {dag.py:2420} INFO - Sync 1 DAGs
[2022-08-04 00:21:18,837] {logging_mixin.py:115} INFO - [2022-08-04 00:21:18,837] {dag.py:2968} INFO - Setting next_dagrun for example_task_group to 2022-08-02T21:21:18.836908+00:00, run_after=2022-08-03T21:21:18.836908+00:00
[2022-08-04 00:21:18,848] {processor.py:161} INFO - Processing /home/ndx/Innowise tasks/Innowise_task_5/airflow_env/lib/python3.8/site-packages/airflow/example_dags/example_task_group.py took 0.053 seconds
[2022-08-04 00:21:53,610] {processor.py:153} INFO - Started process (PID=48175) to work on /home/ndx/Innowise tasks/Innowise_task_5/airflow_env/lib/python3.8/site-packages/airflow/example_dags/example_task_group.py
[2022-08-04 00:21:53,615] {processor.py:641} INFO - Processing file /home/ndx/Innowise tasks/Innowise_task_5/airflow_env/lib/python3.8/site-packages/airflow/example_dags/example_task_group.py for tasks to queue
[2022-08-04 00:21:53,615] {logging_mixin.py:115} INFO - [2022-08-04 00:21:53,615] {dagbag.py:508} INFO - Filling up the DagBag from /home/ndx/Innowise tasks/Innowise_task_5/airflow_env/lib/python3.8/site-packages/airflow/example_dags/example_task_group.py
[2022-08-04 00:21:53,620] {processor.py:651} INFO - DAG(s) dict_keys(['example_task_group']) retrieved from /home/ndx/Innowise tasks/Innowise_task_5/airflow_env/lib/python3.8/site-packages/airflow/example_dags/example_task_group.py
[2022-08-04 00:21:53,631] {logging_mixin.py:115} INFO - [2022-08-04 00:21:53,631] {dag.py:2420} INFO - Sync 1 DAGs
[2022-08-04 00:21:53,642] {logging_mixin.py:115} INFO - [2022-08-04 00:21:53,642] {dag.py:2968} INFO - Setting next_dagrun for example_task_group to 2022-08-02T21:21:53.642082+00:00, run_after=2022-08-03T21:21:53.642082+00:00
[2022-08-04 00:21:53,649] {processor.py:161} INFO - Processing /home/ndx/Innowise tasks/Innowise_task_5/airflow_env/lib/python3.8/site-packages/airflow/example_dags/example_task_group.py took 0.041 seconds
[2022-08-04 00:22:28,550] {processor.py:153} INFO - Started process (PID=48251) to work on /home/ndx/Innowise tasks/Innowise_task_5/airflow_env/lib/python3.8/site-packages/airflow/example_dags/example_task_group.py
[2022-08-04 00:22:28,555] {processor.py:641} INFO - Processing file /home/ndx/Innowise tasks/Innowise_task_5/airflow_env/lib/python3.8/site-packages/airflow/example_dags/example_task_group.py for tasks to queue
[2022-08-04 00:22:28,556] {logging_mixin.py:115} INFO - [2022-08-04 00:22:28,555] {dagbag.py:508} INFO - Filling up the DagBag from /home/ndx/Innowise tasks/Innowise_task_5/airflow_env/lib/python3.8/site-packages/airflow/example_dags/example_task_group.py
[2022-08-04 00:22:28,560] {processor.py:651} INFO - DAG(s) dict_keys(['example_task_group']) retrieved from /home/ndx/Innowise tasks/Innowise_task_5/airflow_env/lib/python3.8/site-packages/airflow/example_dags/example_task_group.py
[2022-08-04 00:22:28,569] {logging_mixin.py:115} INFO - [2022-08-04 00:22:28,569] {dag.py:2420} INFO - Sync 1 DAGs
[2022-08-04 00:22:28,580] {logging_mixin.py:115} INFO - [2022-08-04 00:22:28,580] {dag.py:2968} INFO - Setting next_dagrun for example_task_group to 2022-08-02T21:22:28.580003+00:00, run_after=2022-08-03T21:22:28.580003+00:00
[2022-08-04 00:22:28,586] {processor.py:161} INFO - Processing /home/ndx/Innowise tasks/Innowise_task_5/airflow_env/lib/python3.8/site-packages/airflow/example_dags/example_task_group.py took 0.038 seconds
[2022-08-04 00:23:04,363] {processor.py:153} INFO - Started process (PID=48301) to work on /home/ndx/Innowise tasks/Innowise_task_5/airflow_env/lib/python3.8/site-packages/airflow/example_dags/example_task_group.py
[2022-08-04 00:23:04,368] {processor.py:641} INFO - Processing file /home/ndx/Innowise tasks/Innowise_task_5/airflow_env/lib/python3.8/site-packages/airflow/example_dags/example_task_group.py for tasks to queue
[2022-08-04 00:23:04,369] {logging_mixin.py:115} INFO - [2022-08-04 00:23:04,369] {dagbag.py:508} INFO - Filling up the DagBag from /home/ndx/Innowise tasks/Innowise_task_5/airflow_env/lib/python3.8/site-packages/airflow/example_dags/example_task_group.py
[2022-08-04 00:23:04,374] {processor.py:651} INFO - DAG(s) dict_keys(['example_task_group']) retrieved from /home/ndx/Innowise tasks/Innowise_task_5/airflow_env/lib/python3.8/site-packages/airflow/example_dags/example_task_group.py
[2022-08-04 00:23:04,382] {logging_mixin.py:115} INFO - [2022-08-04 00:23:04,382] {dag.py:2420} INFO - Sync 1 DAGs
[2022-08-04 00:23:04,393] {logging_mixin.py:115} INFO - [2022-08-04 00:23:04,392] {dag.py:2968} INFO - Setting next_dagrun for example_task_group to 2022-08-02T21:23:04.392795+00:00, run_after=2022-08-03T21:23:04.392795+00:00
[2022-08-04 00:23:04,399] {processor.py:161} INFO - Processing /home/ndx/Innowise tasks/Innowise_task_5/airflow_env/lib/python3.8/site-packages/airflow/example_dags/example_task_group.py took 0.038 seconds
[2022-08-04 00:23:55,286] {processor.py:153} INFO - Started process (PID=48434) to work on /home/ndx/Innowise tasks/Innowise_task_5/airflow_env/lib/python3.8/site-packages/airflow/example_dags/example_task_group.py
[2022-08-04 00:23:55,292] {processor.py:641} INFO - Processing file /home/ndx/Innowise tasks/Innowise_task_5/airflow_env/lib/python3.8/site-packages/airflow/example_dags/example_task_group.py for tasks to queue
[2022-08-04 00:23:55,293] {logging_mixin.py:115} INFO - [2022-08-04 00:23:55,293] {dagbag.py:508} INFO - Filling up the DagBag from /home/ndx/Innowise tasks/Innowise_task_5/airflow_env/lib/python3.8/site-packages/airflow/example_dags/example_task_group.py
[2022-08-04 00:23:55,298] {processor.py:651} INFO - DAG(s) dict_keys(['example_task_group']) retrieved from /home/ndx/Innowise tasks/Innowise_task_5/airflow_env/lib/python3.8/site-packages/airflow/example_dags/example_task_group.py
[2022-08-04 00:23:55,310] {logging_mixin.py:115} INFO - [2022-08-04 00:23:55,310] {dag.py:2420} INFO - Sync 1 DAGs
[2022-08-04 00:23:55,322] {logging_mixin.py:115} INFO - [2022-08-04 00:23:55,322] {dag.py:2968} INFO - Setting next_dagrun for example_task_group to 2022-08-02T21:23:55.322076+00:00, run_after=2022-08-03T21:23:55.322076+00:00
[2022-08-04 00:23:55,332] {processor.py:161} INFO - Processing /home/ndx/Innowise tasks/Innowise_task_5/airflow_env/lib/python3.8/site-packages/airflow/example_dags/example_task_group.py took 0.048 seconds
