[2022-08-04 00:00:31,385] {processor.py:153} INFO - Started process (PID=44800) to work on /home/ndx/Innowise tasks/Innowise_task_5/airflow_env/lib/python3.8/site-packages/airflow/example_dags/example_trigger_target_dag.py
[2022-08-04 00:00:31,385] {processor.py:641} INFO - Processing file /home/ndx/Innowise tasks/Innowise_task_5/airflow_env/lib/python3.8/site-packages/airflow/example_dags/example_trigger_target_dag.py for tasks to queue
[2022-08-04 00:00:31,385] {logging_mixin.py:115} INFO - [2022-08-04 00:00:31,385] {dagbag.py:508} INFO - Filling up the DagBag from /home/ndx/Innowise tasks/Innowise_task_5/airflow_env/lib/python3.8/site-packages/airflow/example_dags/example_trigger_target_dag.py
[2022-08-04 00:00:31,392] {processor.py:651} INFO - DAG(s) dict_keys(['example_trigger_target_dag']) retrieved from /home/ndx/Innowise tasks/Innowise_task_5/airflow_env/lib/python3.8/site-packages/airflow/example_dags/example_trigger_target_dag.py
[2022-08-04 00:00:31,398] {logging_mixin.py:115} INFO - [2022-08-04 00:00:31,398] {dag.py:2420} INFO - Sync 1 DAGs
[2022-08-04 00:00:31,408] {logging_mixin.py:115} INFO - [2022-08-04 00:00:31,408] {dag.py:2968} INFO - Setting next_dagrun for example_trigger_target_dag to None, run_after=None
[2022-08-04 00:00:31,421] {processor.py:161} INFO - Processing /home/ndx/Innowise tasks/Innowise_task_5/airflow_env/lib/python3.8/site-packages/airflow/example_dags/example_trigger_target_dag.py took 0.037 seconds
[2022-08-04 00:01:02,185] {processor.py:153} INFO - Started process (PID=44988) to work on /home/ndx/Innowise tasks/Innowise_task_5/airflow_env/lib/python3.8/site-packages/airflow/example_dags/example_trigger_target_dag.py
[2022-08-04 00:01:02,185] {processor.py:641} INFO - Processing file /home/ndx/Innowise tasks/Innowise_task_5/airflow_env/lib/python3.8/site-packages/airflow/example_dags/example_trigger_target_dag.py for tasks to queue
[2022-08-04 00:01:02,185] {logging_mixin.py:115} INFO - [2022-08-04 00:01:02,185] {dagbag.py:508} INFO - Filling up the DagBag from /home/ndx/Innowise tasks/Innowise_task_5/airflow_env/lib/python3.8/site-packages/airflow/example_dags/example_trigger_target_dag.py
[2022-08-04 00:01:02,194] {processor.py:651} INFO - DAG(s) dict_keys(['example_trigger_target_dag']) retrieved from /home/ndx/Innowise tasks/Innowise_task_5/airflow_env/lib/python3.8/site-packages/airflow/example_dags/example_trigger_target_dag.py
[2022-08-04 00:01:02,202] {logging_mixin.py:115} INFO - [2022-08-04 00:01:02,202] {dag.py:2420} INFO - Sync 1 DAGs
[2022-08-04 00:01:02,214] {logging_mixin.py:115} INFO - [2022-08-04 00:01:02,214] {dag.py:2968} INFO - Setting next_dagrun for example_trigger_target_dag to None, run_after=None
[2022-08-04 00:01:02,223] {processor.py:161} INFO - Processing /home/ndx/Innowise tasks/Innowise_task_5/airflow_env/lib/python3.8/site-packages/airflow/example_dags/example_trigger_target_dag.py took 0.039 seconds
[2022-08-04 00:01:39,360] {processor.py:153} INFO - Started process (PID=45096) to work on /home/ndx/Innowise tasks/Innowise_task_5/airflow_env/lib/python3.8/site-packages/airflow/example_dags/example_trigger_target_dag.py
[2022-08-04 00:01:39,366] {processor.py:641} INFO - Processing file /home/ndx/Innowise tasks/Innowise_task_5/airflow_env/lib/python3.8/site-packages/airflow/example_dags/example_trigger_target_dag.py for tasks to queue
[2022-08-04 00:01:39,367] {logging_mixin.py:115} INFO - [2022-08-04 00:01:39,366] {dagbag.py:508} INFO - Filling up the DagBag from /home/ndx/Innowise tasks/Innowise_task_5/airflow_env/lib/python3.8/site-packages/airflow/example_dags/example_trigger_target_dag.py
[2022-08-04 00:01:39,376] {processor.py:651} INFO - DAG(s) dict_keys(['example_trigger_target_dag']) retrieved from /home/ndx/Innowise tasks/Innowise_task_5/airflow_env/lib/python3.8/site-packages/airflow/example_dags/example_trigger_target_dag.py
[2022-08-04 00:01:39,384] {logging_mixin.py:115} INFO - [2022-08-04 00:01:39,384] {dag.py:2420} INFO - Sync 1 DAGs
[2022-08-04 00:01:39,394] {logging_mixin.py:115} INFO - [2022-08-04 00:01:39,394] {dag.py:2968} INFO - Setting next_dagrun for example_trigger_target_dag to None, run_after=None
[2022-08-04 00:01:39,400] {processor.py:161} INFO - Processing /home/ndx/Innowise tasks/Innowise_task_5/airflow_env/lib/python3.8/site-packages/airflow/example_dags/example_trigger_target_dag.py took 0.042 seconds
[2022-08-04 00:02:13,247] {processor.py:153} INFO - Started process (PID=45234) to work on /home/ndx/Innowise tasks/Innowise_task_5/airflow_env/lib/python3.8/site-packages/airflow/example_dags/example_trigger_target_dag.py
[2022-08-04 00:02:13,253] {processor.py:641} INFO - Processing file /home/ndx/Innowise tasks/Innowise_task_5/airflow_env/lib/python3.8/site-packages/airflow/example_dags/example_trigger_target_dag.py for tasks to queue
[2022-08-04 00:02:13,253] {logging_mixin.py:115} INFO - [2022-08-04 00:02:13,253] {dagbag.py:508} INFO - Filling up the DagBag from /home/ndx/Innowise tasks/Innowise_task_5/airflow_env/lib/python3.8/site-packages/airflow/example_dags/example_trigger_target_dag.py
[2022-08-04 00:02:13,261] {processor.py:651} INFO - DAG(s) dict_keys(['example_trigger_target_dag']) retrieved from /home/ndx/Innowise tasks/Innowise_task_5/airflow_env/lib/python3.8/site-packages/airflow/example_dags/example_trigger_target_dag.py
[2022-08-04 00:02:13,270] {logging_mixin.py:115} INFO - [2022-08-04 00:02:13,270] {dag.py:2420} INFO - Sync 1 DAGs
[2022-08-04 00:02:13,280] {logging_mixin.py:115} INFO - [2022-08-04 00:02:13,280] {dag.py:2968} INFO - Setting next_dagrun for example_trigger_target_dag to None, run_after=None
[2022-08-04 00:02:13,286] {processor.py:161} INFO - Processing /home/ndx/Innowise tasks/Innowise_task_5/airflow_env/lib/python3.8/site-packages/airflow/example_dags/example_trigger_target_dag.py took 0.040 seconds
[2022-08-04 00:02:48,643] {processor.py:153} INFO - Started process (PID=45334) to work on /home/ndx/Innowise tasks/Innowise_task_5/airflow_env/lib/python3.8/site-packages/airflow/example_dags/example_trigger_target_dag.py
[2022-08-04 00:02:48,648] {processor.py:641} INFO - Processing file /home/ndx/Innowise tasks/Innowise_task_5/airflow_env/lib/python3.8/site-packages/airflow/example_dags/example_trigger_target_dag.py for tasks to queue
[2022-08-04 00:02:48,649] {logging_mixin.py:115} INFO - [2022-08-04 00:02:48,649] {dagbag.py:508} INFO - Filling up the DagBag from /home/ndx/Innowise tasks/Innowise_task_5/airflow_env/lib/python3.8/site-packages/airflow/example_dags/example_trigger_target_dag.py
[2022-08-04 00:02:48,658] {processor.py:651} INFO - DAG(s) dict_keys(['example_trigger_target_dag']) retrieved from /home/ndx/Innowise tasks/Innowise_task_5/airflow_env/lib/python3.8/site-packages/airflow/example_dags/example_trigger_target_dag.py
[2022-08-04 00:02:48,667] {logging_mixin.py:115} INFO - [2022-08-04 00:02:48,667] {dag.py:2420} INFO - Sync 1 DAGs
[2022-08-04 00:02:48,678] {logging_mixin.py:115} INFO - [2022-08-04 00:02:48,678] {dag.py:2968} INFO - Setting next_dagrun for example_trigger_target_dag to None, run_after=None
[2022-08-04 00:02:48,685] {processor.py:161} INFO - Processing /home/ndx/Innowise tasks/Innowise_task_5/airflow_env/lib/python3.8/site-packages/airflow/example_dags/example_trigger_target_dag.py took 0.044 seconds
[2022-08-04 00:03:22,638] {processor.py:153} INFO - Started process (PID=45382) to work on /home/ndx/Innowise tasks/Innowise_task_5/airflow_env/lib/python3.8/site-packages/airflow/example_dags/example_trigger_target_dag.py
[2022-08-04 00:03:22,644] {processor.py:641} INFO - Processing file /home/ndx/Innowise tasks/Innowise_task_5/airflow_env/lib/python3.8/site-packages/airflow/example_dags/example_trigger_target_dag.py for tasks to queue
[2022-08-04 00:03:22,645] {logging_mixin.py:115} INFO - [2022-08-04 00:03:22,645] {dagbag.py:508} INFO - Filling up the DagBag from /home/ndx/Innowise tasks/Innowise_task_5/airflow_env/lib/python3.8/site-packages/airflow/example_dags/example_trigger_target_dag.py
[2022-08-04 00:03:22,654] {processor.py:651} INFO - DAG(s) dict_keys(['example_trigger_target_dag']) retrieved from /home/ndx/Innowise tasks/Innowise_task_5/airflow_env/lib/python3.8/site-packages/airflow/example_dags/example_trigger_target_dag.py
[2022-08-04 00:03:22,662] {logging_mixin.py:115} INFO - [2022-08-04 00:03:22,662] {dag.py:2420} INFO - Sync 1 DAGs
[2022-08-04 00:03:22,672] {logging_mixin.py:115} INFO - [2022-08-04 00:03:22,672] {dag.py:2968} INFO - Setting next_dagrun for example_trigger_target_dag to None, run_after=None
[2022-08-04 00:03:22,679] {processor.py:161} INFO - Processing /home/ndx/Innowise tasks/Innowise_task_5/airflow_env/lib/python3.8/site-packages/airflow/example_dags/example_trigger_target_dag.py took 0.042 seconds
[2022-08-04 00:03:58,295] {processor.py:153} INFO - Started process (PID=45463) to work on /home/ndx/Innowise tasks/Innowise_task_5/airflow_env/lib/python3.8/site-packages/airflow/example_dags/example_trigger_target_dag.py
[2022-08-04 00:03:58,300] {processor.py:641} INFO - Processing file /home/ndx/Innowise tasks/Innowise_task_5/airflow_env/lib/python3.8/site-packages/airflow/example_dags/example_trigger_target_dag.py for tasks to queue
[2022-08-04 00:03:58,301] {logging_mixin.py:115} INFO - [2022-08-04 00:03:58,300] {dagbag.py:508} INFO - Filling up the DagBag from /home/ndx/Innowise tasks/Innowise_task_5/airflow_env/lib/python3.8/site-packages/airflow/example_dags/example_trigger_target_dag.py
[2022-08-04 00:03:58,309] {processor.py:651} INFO - DAG(s) dict_keys(['example_trigger_target_dag']) retrieved from /home/ndx/Innowise tasks/Innowise_task_5/airflow_env/lib/python3.8/site-packages/airflow/example_dags/example_trigger_target_dag.py
[2022-08-04 00:03:58,318] {logging_mixin.py:115} INFO - [2022-08-04 00:03:58,317] {dag.py:2420} INFO - Sync 1 DAGs
[2022-08-04 00:03:58,328] {logging_mixin.py:115} INFO - [2022-08-04 00:03:58,328] {dag.py:2968} INFO - Setting next_dagrun for example_trigger_target_dag to None, run_after=None
[2022-08-04 00:03:58,334] {processor.py:161} INFO - Processing /home/ndx/Innowise tasks/Innowise_task_5/airflow_env/lib/python3.8/site-packages/airflow/example_dags/example_trigger_target_dag.py took 0.041 seconds
[2022-08-04 00:04:33,107] {processor.py:153} INFO - Started process (PID=45518) to work on /home/ndx/Innowise tasks/Innowise_task_5/airflow_env/lib/python3.8/site-packages/airflow/example_dags/example_trigger_target_dag.py
[2022-08-04 00:04:33,112] {processor.py:641} INFO - Processing file /home/ndx/Innowise tasks/Innowise_task_5/airflow_env/lib/python3.8/site-packages/airflow/example_dags/example_trigger_target_dag.py for tasks to queue
[2022-08-04 00:04:33,113] {logging_mixin.py:115} INFO - [2022-08-04 00:04:33,113] {dagbag.py:508} INFO - Filling up the DagBag from /home/ndx/Innowise tasks/Innowise_task_5/airflow_env/lib/python3.8/site-packages/airflow/example_dags/example_trigger_target_dag.py
[2022-08-04 00:04:33,122] {processor.py:651} INFO - DAG(s) dict_keys(['example_trigger_target_dag']) retrieved from /home/ndx/Innowise tasks/Innowise_task_5/airflow_env/lib/python3.8/site-packages/airflow/example_dags/example_trigger_target_dag.py
[2022-08-04 00:04:33,130] {logging_mixin.py:115} INFO - [2022-08-04 00:04:33,130] {dag.py:2420} INFO - Sync 1 DAGs
[2022-08-04 00:04:33,140] {logging_mixin.py:115} INFO - [2022-08-04 00:04:33,140] {dag.py:2968} INFO - Setting next_dagrun for example_trigger_target_dag to None, run_after=None
[2022-08-04 00:04:33,147] {processor.py:161} INFO - Processing /home/ndx/Innowise tasks/Innowise_task_5/airflow_env/lib/python3.8/site-packages/airflow/example_dags/example_trigger_target_dag.py took 0.041 seconds
[2022-08-04 00:05:05,362] {processor.py:153} INFO - Started process (PID=45653) to work on /home/ndx/Innowise tasks/Innowise_task_5/airflow_env/lib/python3.8/site-packages/airflow/example_dags/example_trigger_target_dag.py
[2022-08-04 00:05:05,367] {processor.py:641} INFO - Processing file /home/ndx/Innowise tasks/Innowise_task_5/airflow_env/lib/python3.8/site-packages/airflow/example_dags/example_trigger_target_dag.py for tasks to queue
[2022-08-04 00:05:05,368] {logging_mixin.py:115} INFO - [2022-08-04 00:05:05,368] {dagbag.py:508} INFO - Filling up the DagBag from /home/ndx/Innowise tasks/Innowise_task_5/airflow_env/lib/python3.8/site-packages/airflow/example_dags/example_trigger_target_dag.py
[2022-08-04 00:05:05,377] {processor.py:651} INFO - DAG(s) dict_keys(['example_trigger_target_dag']) retrieved from /home/ndx/Innowise tasks/Innowise_task_5/airflow_env/lib/python3.8/site-packages/airflow/example_dags/example_trigger_target_dag.py
[2022-08-04 00:05:05,386] {logging_mixin.py:115} INFO - [2022-08-04 00:05:05,386] {dag.py:2420} INFO - Sync 1 DAGs
[2022-08-04 00:05:05,397] {logging_mixin.py:115} INFO - [2022-08-04 00:05:05,397] {dag.py:2968} INFO - Setting next_dagrun for example_trigger_target_dag to None, run_after=None
[2022-08-04 00:05:05,405] {processor.py:161} INFO - Processing /home/ndx/Innowise tasks/Innowise_task_5/airflow_env/lib/python3.8/site-packages/airflow/example_dags/example_trigger_target_dag.py took 0.045 seconds
[2022-08-04 00:05:39,215] {processor.py:153} INFO - Started process (PID=45783) to work on /home/ndx/Innowise tasks/Innowise_task_5/airflow_env/lib/python3.8/site-packages/airflow/example_dags/example_trigger_target_dag.py
[2022-08-04 00:05:39,215] {processor.py:641} INFO - Processing file /home/ndx/Innowise tasks/Innowise_task_5/airflow_env/lib/python3.8/site-packages/airflow/example_dags/example_trigger_target_dag.py for tasks to queue
[2022-08-04 00:05:39,215] {logging_mixin.py:115} INFO - [2022-08-04 00:05:39,215] {dagbag.py:508} INFO - Filling up the DagBag from /home/ndx/Innowise tasks/Innowise_task_5/airflow_env/lib/python3.8/site-packages/airflow/example_dags/example_trigger_target_dag.py
[2022-08-04 00:05:39,224] {processor.py:651} INFO - DAG(s) dict_keys(['example_trigger_target_dag']) retrieved from /home/ndx/Innowise tasks/Innowise_task_5/airflow_env/lib/python3.8/site-packages/airflow/example_dags/example_trigger_target_dag.py
[2022-08-04 00:05:39,232] {logging_mixin.py:115} INFO - [2022-08-04 00:05:39,232] {dag.py:2420} INFO - Sync 1 DAGs
[2022-08-04 00:05:39,241] {logging_mixin.py:115} INFO - [2022-08-04 00:05:39,241] {dag.py:2968} INFO - Setting next_dagrun for example_trigger_target_dag to None, run_after=None
[2022-08-04 00:05:39,251] {processor.py:161} INFO - Processing /home/ndx/Innowise tasks/Innowise_task_5/airflow_env/lib/python3.8/site-packages/airflow/example_dags/example_trigger_target_dag.py took 0.038 seconds
[2022-08-04 00:06:13,485] {processor.py:153} INFO - Started process (PID=45849) to work on /home/ndx/Innowise tasks/Innowise_task_5/airflow_env/lib/python3.8/site-packages/airflow/example_dags/example_trigger_target_dag.py
[2022-08-04 00:06:13,491] {processor.py:641} INFO - Processing file /home/ndx/Innowise tasks/Innowise_task_5/airflow_env/lib/python3.8/site-packages/airflow/example_dags/example_trigger_target_dag.py for tasks to queue
[2022-08-04 00:06:13,492] {logging_mixin.py:115} INFO - [2022-08-04 00:06:13,492] {dagbag.py:508} INFO - Filling up the DagBag from /home/ndx/Innowise tasks/Innowise_task_5/airflow_env/lib/python3.8/site-packages/airflow/example_dags/example_trigger_target_dag.py
[2022-08-04 00:06:13,502] {processor.py:651} INFO - DAG(s) dict_keys(['example_trigger_target_dag']) retrieved from /home/ndx/Innowise tasks/Innowise_task_5/airflow_env/lib/python3.8/site-packages/airflow/example_dags/example_trigger_target_dag.py
[2022-08-04 00:06:13,513] {logging_mixin.py:115} INFO - [2022-08-04 00:06:13,513] {dag.py:2420} INFO - Sync 1 DAGs
[2022-08-04 00:06:13,523] {logging_mixin.py:115} INFO - [2022-08-04 00:06:13,523] {dag.py:2968} INFO - Setting next_dagrun for example_trigger_target_dag to None, run_after=None
[2022-08-04 00:06:13,530] {processor.py:161} INFO - Processing /home/ndx/Innowise tasks/Innowise_task_5/airflow_env/lib/python3.8/site-packages/airflow/example_dags/example_trigger_target_dag.py took 0.047 seconds
[2022-08-04 00:06:47,750] {processor.py:153} INFO - Started process (PID=45954) to work on /home/ndx/Innowise tasks/Innowise_task_5/airflow_env/lib/python3.8/site-packages/airflow/example_dags/example_trigger_target_dag.py
[2022-08-04 00:06:47,755] {processor.py:641} INFO - Processing file /home/ndx/Innowise tasks/Innowise_task_5/airflow_env/lib/python3.8/site-packages/airflow/example_dags/example_trigger_target_dag.py for tasks to queue
[2022-08-04 00:06:47,756] {logging_mixin.py:115} INFO - [2022-08-04 00:06:47,756] {dagbag.py:508} INFO - Filling up the DagBag from /home/ndx/Innowise tasks/Innowise_task_5/airflow_env/lib/python3.8/site-packages/airflow/example_dags/example_trigger_target_dag.py
[2022-08-04 00:06:47,765] {processor.py:651} INFO - DAG(s) dict_keys(['example_trigger_target_dag']) retrieved from /home/ndx/Innowise tasks/Innowise_task_5/airflow_env/lib/python3.8/site-packages/airflow/example_dags/example_trigger_target_dag.py
[2022-08-04 00:06:47,774] {logging_mixin.py:115} INFO - [2022-08-04 00:06:47,774] {dag.py:2420} INFO - Sync 1 DAGs
[2022-08-04 00:06:47,785] {logging_mixin.py:115} INFO - [2022-08-04 00:06:47,785] {dag.py:2968} INFO - Setting next_dagrun for example_trigger_target_dag to None, run_after=None
[2022-08-04 00:06:47,791] {processor.py:161} INFO - Processing /home/ndx/Innowise tasks/Innowise_task_5/airflow_env/lib/python3.8/site-packages/airflow/example_dags/example_trigger_target_dag.py took 0.043 seconds
[2022-08-04 00:07:21,528] {processor.py:153} INFO - Started process (PID=46029) to work on /home/ndx/Innowise tasks/Innowise_task_5/airflow_env/lib/python3.8/site-packages/airflow/example_dags/example_trigger_target_dag.py
[2022-08-04 00:07:21,534] {processor.py:641} INFO - Processing file /home/ndx/Innowise tasks/Innowise_task_5/airflow_env/lib/python3.8/site-packages/airflow/example_dags/example_trigger_target_dag.py for tasks to queue
[2022-08-04 00:07:21,534] {logging_mixin.py:115} INFO - [2022-08-04 00:07:21,534] {dagbag.py:508} INFO - Filling up the DagBag from /home/ndx/Innowise tasks/Innowise_task_5/airflow_env/lib/python3.8/site-packages/airflow/example_dags/example_trigger_target_dag.py
[2022-08-04 00:07:21,546] {processor.py:651} INFO - DAG(s) dict_keys(['example_trigger_target_dag']) retrieved from /home/ndx/Innowise tasks/Innowise_task_5/airflow_env/lib/python3.8/site-packages/airflow/example_dags/example_trigger_target_dag.py
[2022-08-04 00:07:21,558] {logging_mixin.py:115} INFO - [2022-08-04 00:07:21,558] {dag.py:2420} INFO - Sync 1 DAGs
[2022-08-04 00:07:21,576] {logging_mixin.py:115} INFO - [2022-08-04 00:07:21,576] {dag.py:2968} INFO - Setting next_dagrun for example_trigger_target_dag to None, run_after=None
[2022-08-04 00:07:21,591] {processor.py:161} INFO - Processing /home/ndx/Innowise tasks/Innowise_task_5/airflow_env/lib/python3.8/site-packages/airflow/example_dags/example_trigger_target_dag.py took 0.065 seconds
[2022-08-04 00:07:55,001] {processor.py:153} INFO - Started process (PID=46099) to work on /home/ndx/Innowise tasks/Innowise_task_5/airflow_env/lib/python3.8/site-packages/airflow/example_dags/example_trigger_target_dag.py
[2022-08-04 00:07:55,006] {processor.py:641} INFO - Processing file /home/ndx/Innowise tasks/Innowise_task_5/airflow_env/lib/python3.8/site-packages/airflow/example_dags/example_trigger_target_dag.py for tasks to queue
[2022-08-04 00:07:55,007] {logging_mixin.py:115} INFO - [2022-08-04 00:07:55,007] {dagbag.py:508} INFO - Filling up the DagBag from /home/ndx/Innowise tasks/Innowise_task_5/airflow_env/lib/python3.8/site-packages/airflow/example_dags/example_trigger_target_dag.py
[2022-08-04 00:07:55,015] {processor.py:651} INFO - DAG(s) dict_keys(['example_trigger_target_dag']) retrieved from /home/ndx/Innowise tasks/Innowise_task_5/airflow_env/lib/python3.8/site-packages/airflow/example_dags/example_trigger_target_dag.py
[2022-08-04 00:07:55,024] {logging_mixin.py:115} INFO - [2022-08-04 00:07:55,024] {dag.py:2420} INFO - Sync 1 DAGs
[2022-08-04 00:07:55,034] {logging_mixin.py:115} INFO - [2022-08-04 00:07:55,034] {dag.py:2968} INFO - Setting next_dagrun for example_trigger_target_dag to None, run_after=None
[2022-08-04 00:07:55,040] {processor.py:161} INFO - Processing /home/ndx/Innowise tasks/Innowise_task_5/airflow_env/lib/python3.8/site-packages/airflow/example_dags/example_trigger_target_dag.py took 0.041 seconds
[2022-08-04 00:08:28,918] {processor.py:153} INFO - Started process (PID=46157) to work on /home/ndx/Innowise tasks/Innowise_task_5/airflow_env/lib/python3.8/site-packages/airflow/example_dags/example_trigger_target_dag.py
[2022-08-04 00:08:28,918] {processor.py:641} INFO - Processing file /home/ndx/Innowise tasks/Innowise_task_5/airflow_env/lib/python3.8/site-packages/airflow/example_dags/example_trigger_target_dag.py for tasks to queue
[2022-08-04 00:08:28,918] {logging_mixin.py:115} INFO - [2022-08-04 00:08:28,918] {dagbag.py:508} INFO - Filling up the DagBag from /home/ndx/Innowise tasks/Innowise_task_5/airflow_env/lib/python3.8/site-packages/airflow/example_dags/example_trigger_target_dag.py
[2022-08-04 00:08:28,927] {processor.py:651} INFO - DAG(s) dict_keys(['example_trigger_target_dag']) retrieved from /home/ndx/Innowise tasks/Innowise_task_5/airflow_env/lib/python3.8/site-packages/airflow/example_dags/example_trigger_target_dag.py
[2022-08-04 00:08:28,936] {logging_mixin.py:115} INFO - [2022-08-04 00:08:28,935] {dag.py:2420} INFO - Sync 1 DAGs
[2022-08-04 00:08:28,946] {logging_mixin.py:115} INFO - [2022-08-04 00:08:28,946] {dag.py:2968} INFO - Setting next_dagrun for example_trigger_target_dag to None, run_after=None
[2022-08-04 00:08:28,952] {processor.py:161} INFO - Processing /home/ndx/Innowise tasks/Innowise_task_5/airflow_env/lib/python3.8/site-packages/airflow/example_dags/example_trigger_target_dag.py took 0.036 seconds
[2022-08-04 00:09:01,995] {processor.py:153} INFO - Started process (PID=46294) to work on /home/ndx/Innowise tasks/Innowise_task_5/airflow_env/lib/python3.8/site-packages/airflow/example_dags/example_trigger_target_dag.py
[2022-08-04 00:09:02,000] {processor.py:641} INFO - Processing file /home/ndx/Innowise tasks/Innowise_task_5/airflow_env/lib/python3.8/site-packages/airflow/example_dags/example_trigger_target_dag.py for tasks to queue
[2022-08-04 00:09:02,001] {logging_mixin.py:115} INFO - [2022-08-04 00:09:02,001] {dagbag.py:508} INFO - Filling up the DagBag from /home/ndx/Innowise tasks/Innowise_task_5/airflow_env/lib/python3.8/site-packages/airflow/example_dags/example_trigger_target_dag.py
[2022-08-04 00:09:02,010] {processor.py:651} INFO - DAG(s) dict_keys(['example_trigger_target_dag']) retrieved from /home/ndx/Innowise tasks/Innowise_task_5/airflow_env/lib/python3.8/site-packages/airflow/example_dags/example_trigger_target_dag.py
[2022-08-04 00:09:02,019] {logging_mixin.py:115} INFO - [2022-08-04 00:09:02,019] {dag.py:2420} INFO - Sync 1 DAGs
[2022-08-04 00:09:02,029] {logging_mixin.py:115} INFO - [2022-08-04 00:09:02,029] {dag.py:2968} INFO - Setting next_dagrun for example_trigger_target_dag to None, run_after=None
[2022-08-04 00:09:02,036] {processor.py:161} INFO - Processing /home/ndx/Innowise tasks/Innowise_task_5/airflow_env/lib/python3.8/site-packages/airflow/example_dags/example_trigger_target_dag.py took 0.043 seconds
[2022-08-04 00:09:41,260] {processor.py:153} INFO - Started process (PID=46378) to work on /home/ndx/Innowise tasks/Innowise_task_5/airflow_env/lib/python3.8/site-packages/airflow/example_dags/example_trigger_target_dag.py
[2022-08-04 00:09:41,265] {processor.py:641} INFO - Processing file /home/ndx/Innowise tasks/Innowise_task_5/airflow_env/lib/python3.8/site-packages/airflow/example_dags/example_trigger_target_dag.py for tasks to queue
[2022-08-04 00:09:41,266] {logging_mixin.py:115} INFO - [2022-08-04 00:09:41,266] {dagbag.py:508} INFO - Filling up the DagBag from /home/ndx/Innowise tasks/Innowise_task_5/airflow_env/lib/python3.8/site-packages/airflow/example_dags/example_trigger_target_dag.py
[2022-08-04 00:09:41,275] {processor.py:651} INFO - DAG(s) dict_keys(['example_trigger_target_dag']) retrieved from /home/ndx/Innowise tasks/Innowise_task_5/airflow_env/lib/python3.8/site-packages/airflow/example_dags/example_trigger_target_dag.py
[2022-08-04 00:09:41,284] {logging_mixin.py:115} INFO - [2022-08-04 00:09:41,284] {dag.py:2420} INFO - Sync 1 DAGs
[2022-08-04 00:09:41,294] {logging_mixin.py:115} INFO - [2022-08-04 00:09:41,294] {dag.py:2968} INFO - Setting next_dagrun for example_trigger_target_dag to None, run_after=None
[2022-08-04 00:09:41,309] {processor.py:161} INFO - Processing /home/ndx/Innowise tasks/Innowise_task_5/airflow_env/lib/python3.8/site-packages/airflow/example_dags/example_trigger_target_dag.py took 0.050 seconds
[2022-08-04 00:10:13,393] {processor.py:153} INFO - Started process (PID=46469) to work on /home/ndx/Innowise tasks/Innowise_task_5/airflow_env/lib/python3.8/site-packages/airflow/example_dags/example_trigger_target_dag.py
[2022-08-04 00:10:13,398] {processor.py:641} INFO - Processing file /home/ndx/Innowise tasks/Innowise_task_5/airflow_env/lib/python3.8/site-packages/airflow/example_dags/example_trigger_target_dag.py for tasks to queue
[2022-08-04 00:10:13,398] {logging_mixin.py:115} INFO - [2022-08-04 00:10:13,398] {dagbag.py:508} INFO - Filling up the DagBag from /home/ndx/Innowise tasks/Innowise_task_5/airflow_env/lib/python3.8/site-packages/airflow/example_dags/example_trigger_target_dag.py
[2022-08-04 00:10:13,408] {processor.py:651} INFO - DAG(s) dict_keys(['example_trigger_target_dag']) retrieved from /home/ndx/Innowise tasks/Innowise_task_5/airflow_env/lib/python3.8/site-packages/airflow/example_dags/example_trigger_target_dag.py
[2022-08-04 00:10:13,418] {logging_mixin.py:115} INFO - [2022-08-04 00:10:13,418] {dag.py:2420} INFO - Sync 1 DAGs
[2022-08-04 00:10:13,432] {logging_mixin.py:115} INFO - [2022-08-04 00:10:13,432] {dag.py:2968} INFO - Setting next_dagrun for example_trigger_target_dag to None, run_after=None
[2022-08-04 00:10:13,440] {processor.py:161} INFO - Processing /home/ndx/Innowise tasks/Innowise_task_5/airflow_env/lib/python3.8/site-packages/airflow/example_dags/example_trigger_target_dag.py took 0.049 seconds
[2022-08-04 00:10:47,634] {processor.py:153} INFO - Started process (PID=46551) to work on /home/ndx/Innowise tasks/Innowise_task_5/airflow_env/lib/python3.8/site-packages/airflow/example_dags/example_trigger_target_dag.py
[2022-08-04 00:10:47,640] {processor.py:641} INFO - Processing file /home/ndx/Innowise tasks/Innowise_task_5/airflow_env/lib/python3.8/site-packages/airflow/example_dags/example_trigger_target_dag.py for tasks to queue
[2022-08-04 00:10:47,640] {logging_mixin.py:115} INFO - [2022-08-04 00:10:47,640] {dagbag.py:508} INFO - Filling up the DagBag from /home/ndx/Innowise tasks/Innowise_task_5/airflow_env/lib/python3.8/site-packages/airflow/example_dags/example_trigger_target_dag.py
[2022-08-04 00:10:47,649] {processor.py:651} INFO - DAG(s) dict_keys(['example_trigger_target_dag']) retrieved from /home/ndx/Innowise tasks/Innowise_task_5/airflow_env/lib/python3.8/site-packages/airflow/example_dags/example_trigger_target_dag.py
[2022-08-04 00:10:47,657] {logging_mixin.py:115} INFO - [2022-08-04 00:10:47,657] {dag.py:2420} INFO - Sync 1 DAGs
[2022-08-04 00:10:47,667] {logging_mixin.py:115} INFO - [2022-08-04 00:10:47,666] {dag.py:2968} INFO - Setting next_dagrun for example_trigger_target_dag to None, run_after=None
[2022-08-04 00:10:47,673] {processor.py:161} INFO - Processing /home/ndx/Innowise tasks/Innowise_task_5/airflow_env/lib/python3.8/site-packages/airflow/example_dags/example_trigger_target_dag.py took 0.040 seconds
[2022-08-04 00:11:21,323] {processor.py:153} INFO - Started process (PID=46621) to work on /home/ndx/Innowise tasks/Innowise_task_5/airflow_env/lib/python3.8/site-packages/airflow/example_dags/example_trigger_target_dag.py
[2022-08-04 00:11:21,328] {processor.py:641} INFO - Processing file /home/ndx/Innowise tasks/Innowise_task_5/airflow_env/lib/python3.8/site-packages/airflow/example_dags/example_trigger_target_dag.py for tasks to queue
[2022-08-04 00:11:21,329] {logging_mixin.py:115} INFO - [2022-08-04 00:11:21,328] {dagbag.py:508} INFO - Filling up the DagBag from /home/ndx/Innowise tasks/Innowise_task_5/airflow_env/lib/python3.8/site-packages/airflow/example_dags/example_trigger_target_dag.py
[2022-08-04 00:11:21,337] {processor.py:651} INFO - DAG(s) dict_keys(['example_trigger_target_dag']) retrieved from /home/ndx/Innowise tasks/Innowise_task_5/airflow_env/lib/python3.8/site-packages/airflow/example_dags/example_trigger_target_dag.py
[2022-08-04 00:11:21,345] {logging_mixin.py:115} INFO - [2022-08-04 00:11:21,345] {dag.py:2420} INFO - Sync 1 DAGs
[2022-08-04 00:11:21,355] {logging_mixin.py:115} INFO - [2022-08-04 00:11:21,355] {dag.py:2968} INFO - Setting next_dagrun for example_trigger_target_dag to None, run_after=None
[2022-08-04 00:11:21,361] {processor.py:161} INFO - Processing /home/ndx/Innowise tasks/Innowise_task_5/airflow_env/lib/python3.8/site-packages/airflow/example_dags/example_trigger_target_dag.py took 0.040 seconds
[2022-08-04 00:11:55,040] {processor.py:153} INFO - Started process (PID=46679) to work on /home/ndx/Innowise tasks/Innowise_task_5/airflow_env/lib/python3.8/site-packages/airflow/example_dags/example_trigger_target_dag.py
[2022-08-04 00:11:55,046] {processor.py:641} INFO - Processing file /home/ndx/Innowise tasks/Innowise_task_5/airflow_env/lib/python3.8/site-packages/airflow/example_dags/example_trigger_target_dag.py for tasks to queue
[2022-08-04 00:11:55,046] {logging_mixin.py:115} INFO - [2022-08-04 00:11:55,046] {dagbag.py:508} INFO - Filling up the DagBag from /home/ndx/Innowise tasks/Innowise_task_5/airflow_env/lib/python3.8/site-packages/airflow/example_dags/example_trigger_target_dag.py
[2022-08-04 00:11:55,054] {processor.py:651} INFO - DAG(s) dict_keys(['example_trigger_target_dag']) retrieved from /home/ndx/Innowise tasks/Innowise_task_5/airflow_env/lib/python3.8/site-packages/airflow/example_dags/example_trigger_target_dag.py
[2022-08-04 00:11:55,063] {logging_mixin.py:115} INFO - [2022-08-04 00:11:55,062] {dag.py:2420} INFO - Sync 1 DAGs
[2022-08-04 00:11:55,073] {logging_mixin.py:115} INFO - [2022-08-04 00:11:55,073] {dag.py:2968} INFO - Setting next_dagrun for example_trigger_target_dag to None, run_after=None
[2022-08-04 00:11:55,079] {processor.py:161} INFO - Processing /home/ndx/Innowise tasks/Innowise_task_5/airflow_env/lib/python3.8/site-packages/airflow/example_dags/example_trigger_target_dag.py took 0.041 seconds
[2022-08-04 00:12:29,856] {processor.py:153} INFO - Started process (PID=46735) to work on /home/ndx/Innowise tasks/Innowise_task_5/airflow_env/lib/python3.8/site-packages/airflow/example_dags/example_trigger_target_dag.py
[2022-08-04 00:12:29,861] {processor.py:641} INFO - Processing file /home/ndx/Innowise tasks/Innowise_task_5/airflow_env/lib/python3.8/site-packages/airflow/example_dags/example_trigger_target_dag.py for tasks to queue
[2022-08-04 00:12:29,862] {logging_mixin.py:115} INFO - [2022-08-04 00:12:29,862] {dagbag.py:508} INFO - Filling up the DagBag from /home/ndx/Innowise tasks/Innowise_task_5/airflow_env/lib/python3.8/site-packages/airflow/example_dags/example_trigger_target_dag.py
[2022-08-04 00:12:29,870] {processor.py:651} INFO - DAG(s) dict_keys(['example_trigger_target_dag']) retrieved from /home/ndx/Innowise tasks/Innowise_task_5/airflow_env/lib/python3.8/site-packages/airflow/example_dags/example_trigger_target_dag.py
[2022-08-04 00:12:29,878] {logging_mixin.py:115} INFO - [2022-08-04 00:12:29,878] {dag.py:2420} INFO - Sync 1 DAGs
[2022-08-04 00:12:29,887] {logging_mixin.py:115} INFO - [2022-08-04 00:12:29,887] {dag.py:2968} INFO - Setting next_dagrun for example_trigger_target_dag to None, run_after=None
[2022-08-04 00:12:29,893] {processor.py:161} INFO - Processing /home/ndx/Innowise tasks/Innowise_task_5/airflow_env/lib/python3.8/site-packages/airflow/example_dags/example_trigger_target_dag.py took 0.039 seconds
[2022-08-04 00:13:03,973] {processor.py:153} INFO - Started process (PID=46805) to work on /home/ndx/Innowise tasks/Innowise_task_5/airflow_env/lib/python3.8/site-packages/airflow/example_dags/example_trigger_target_dag.py
[2022-08-04 00:13:03,979] {processor.py:641} INFO - Processing file /home/ndx/Innowise tasks/Innowise_task_5/airflow_env/lib/python3.8/site-packages/airflow/example_dags/example_trigger_target_dag.py for tasks to queue
[2022-08-04 00:13:03,979] {logging_mixin.py:115} INFO - [2022-08-04 00:13:03,979] {dagbag.py:508} INFO - Filling up the DagBag from /home/ndx/Innowise tasks/Innowise_task_5/airflow_env/lib/python3.8/site-packages/airflow/example_dags/example_trigger_target_dag.py
[2022-08-04 00:13:03,989] {processor.py:651} INFO - DAG(s) dict_keys(['example_trigger_target_dag']) retrieved from /home/ndx/Innowise tasks/Innowise_task_5/airflow_env/lib/python3.8/site-packages/airflow/example_dags/example_trigger_target_dag.py
[2022-08-04 00:13:03,999] {logging_mixin.py:115} INFO - [2022-08-04 00:13:03,999] {dag.py:2420} INFO - Sync 1 DAGs
[2022-08-04 00:13:04,011] {logging_mixin.py:115} INFO - [2022-08-04 00:13:04,011] {dag.py:2968} INFO - Setting next_dagrun for example_trigger_target_dag to None, run_after=None
[2022-08-04 00:13:04,018] {processor.py:161} INFO - Processing /home/ndx/Innowise tasks/Innowise_task_5/airflow_env/lib/python3.8/site-packages/airflow/example_dags/example_trigger_target_dag.py took 0.046 seconds
[2022-08-04 00:13:37,791] {processor.py:153} INFO - Started process (PID=46918) to work on /home/ndx/Innowise tasks/Innowise_task_5/airflow_env/lib/python3.8/site-packages/airflow/example_dags/example_trigger_target_dag.py
[2022-08-04 00:13:37,796] {processor.py:641} INFO - Processing file /home/ndx/Innowise tasks/Innowise_task_5/airflow_env/lib/python3.8/site-packages/airflow/example_dags/example_trigger_target_dag.py for tasks to queue
[2022-08-04 00:13:37,797] {logging_mixin.py:115} INFO - [2022-08-04 00:13:37,797] {dagbag.py:508} INFO - Filling up the DagBag from /home/ndx/Innowise tasks/Innowise_task_5/airflow_env/lib/python3.8/site-packages/airflow/example_dags/example_trigger_target_dag.py
[2022-08-04 00:13:37,806] {processor.py:651} INFO - DAG(s) dict_keys(['example_trigger_target_dag']) retrieved from /home/ndx/Innowise tasks/Innowise_task_5/airflow_env/lib/python3.8/site-packages/airflow/example_dags/example_trigger_target_dag.py
[2022-08-04 00:13:37,814] {logging_mixin.py:115} INFO - [2022-08-04 00:13:37,814] {dag.py:2420} INFO - Sync 1 DAGs
[2022-08-04 00:13:37,824] {logging_mixin.py:115} INFO - [2022-08-04 00:13:37,824] {dag.py:2968} INFO - Setting next_dagrun for example_trigger_target_dag to None, run_after=None
[2022-08-04 00:13:37,831] {processor.py:161} INFO - Processing /home/ndx/Innowise tasks/Innowise_task_5/airflow_env/lib/python3.8/site-packages/airflow/example_dags/example_trigger_target_dag.py took 0.042 seconds
[2022-08-04 00:14:10,918] {processor.py:153} INFO - Started process (PID=46984) to work on /home/ndx/Innowise tasks/Innowise_task_5/airflow_env/lib/python3.8/site-packages/airflow/example_dags/example_trigger_target_dag.py
[2022-08-04 00:14:10,923] {processor.py:641} INFO - Processing file /home/ndx/Innowise tasks/Innowise_task_5/airflow_env/lib/python3.8/site-packages/airflow/example_dags/example_trigger_target_dag.py for tasks to queue
[2022-08-04 00:14:10,923] {logging_mixin.py:115} INFO - [2022-08-04 00:14:10,923] {dagbag.py:508} INFO - Filling up the DagBag from /home/ndx/Innowise tasks/Innowise_task_5/airflow_env/lib/python3.8/site-packages/airflow/example_dags/example_trigger_target_dag.py
[2022-08-04 00:14:10,932] {processor.py:651} INFO - DAG(s) dict_keys(['example_trigger_target_dag']) retrieved from /home/ndx/Innowise tasks/Innowise_task_5/airflow_env/lib/python3.8/site-packages/airflow/example_dags/example_trigger_target_dag.py
[2022-08-04 00:14:10,940] {logging_mixin.py:115} INFO - [2022-08-04 00:14:10,940] {dag.py:2420} INFO - Sync 1 DAGs
[2022-08-04 00:14:10,950] {logging_mixin.py:115} INFO - [2022-08-04 00:14:10,950] {dag.py:2968} INFO - Setting next_dagrun for example_trigger_target_dag to None, run_after=None
[2022-08-04 00:14:10,956] {processor.py:161} INFO - Processing /home/ndx/Innowise tasks/Innowise_task_5/airflow_env/lib/python3.8/site-packages/airflow/example_dags/example_trigger_target_dag.py took 0.040 seconds
[2022-08-04 00:14:45,299] {processor.py:153} INFO - Started process (PID=47111) to work on /home/ndx/Innowise tasks/Innowise_task_5/airflow_env/lib/python3.8/site-packages/airflow/example_dags/example_trigger_target_dag.py
[2022-08-04 00:14:45,305] {processor.py:641} INFO - Processing file /home/ndx/Innowise tasks/Innowise_task_5/airflow_env/lib/python3.8/site-packages/airflow/example_dags/example_trigger_target_dag.py for tasks to queue
[2022-08-04 00:14:45,306] {logging_mixin.py:115} INFO - [2022-08-04 00:14:45,306] {dagbag.py:508} INFO - Filling up the DagBag from /home/ndx/Innowise tasks/Innowise_task_5/airflow_env/lib/python3.8/site-packages/airflow/example_dags/example_trigger_target_dag.py
[2022-08-04 00:14:45,314] {processor.py:651} INFO - DAG(s) dict_keys(['example_trigger_target_dag']) retrieved from /home/ndx/Innowise tasks/Innowise_task_5/airflow_env/lib/python3.8/site-packages/airflow/example_dags/example_trigger_target_dag.py
[2022-08-04 00:14:45,325] {logging_mixin.py:115} INFO - [2022-08-04 00:14:45,325] {dag.py:2420} INFO - Sync 1 DAGs
[2022-08-04 00:14:45,337] {logging_mixin.py:115} INFO - [2022-08-04 00:14:45,337] {dag.py:2968} INFO - Setting next_dagrun for example_trigger_target_dag to None, run_after=None
[2022-08-04 00:14:45,344] {processor.py:161} INFO - Processing /home/ndx/Innowise tasks/Innowise_task_5/airflow_env/lib/python3.8/site-packages/airflow/example_dags/example_trigger_target_dag.py took 0.047 seconds
[2022-08-04 00:15:23,630] {processor.py:153} INFO - Started process (PID=47222) to work on /home/ndx/Innowise tasks/Innowise_task_5/airflow_env/lib/python3.8/site-packages/airflow/example_dags/example_trigger_target_dag.py
[2022-08-04 00:15:23,635] {processor.py:641} INFO - Processing file /home/ndx/Innowise tasks/Innowise_task_5/airflow_env/lib/python3.8/site-packages/airflow/example_dags/example_trigger_target_dag.py for tasks to queue
[2022-08-04 00:15:23,636] {logging_mixin.py:115} INFO - [2022-08-04 00:15:23,636] {dagbag.py:508} INFO - Filling up the DagBag from /home/ndx/Innowise tasks/Innowise_task_5/airflow_env/lib/python3.8/site-packages/airflow/example_dags/example_trigger_target_dag.py
[2022-08-04 00:15:23,645] {processor.py:651} INFO - DAG(s) dict_keys(['example_trigger_target_dag']) retrieved from /home/ndx/Innowise tasks/Innowise_task_5/airflow_env/lib/python3.8/site-packages/airflow/example_dags/example_trigger_target_dag.py
[2022-08-04 00:15:23,654] {logging_mixin.py:115} INFO - [2022-08-04 00:15:23,654] {dag.py:2420} INFO - Sync 1 DAGs
[2022-08-04 00:15:23,664] {logging_mixin.py:115} INFO - [2022-08-04 00:15:23,664] {dag.py:2968} INFO - Setting next_dagrun for example_trigger_target_dag to None, run_after=None
[2022-08-04 00:15:23,670] {processor.py:161} INFO - Processing /home/ndx/Innowise tasks/Innowise_task_5/airflow_env/lib/python3.8/site-packages/airflow/example_dags/example_trigger_target_dag.py took 0.042 seconds
[2022-08-04 00:15:58,512] {processor.py:153} INFO - Started process (PID=47260) to work on /home/ndx/Innowise tasks/Innowise_task_5/airflow_env/lib/python3.8/site-packages/airflow/example_dags/example_trigger_target_dag.py
[2022-08-04 00:15:58,518] {processor.py:641} INFO - Processing file /home/ndx/Innowise tasks/Innowise_task_5/airflow_env/lib/python3.8/site-packages/airflow/example_dags/example_trigger_target_dag.py for tasks to queue
[2022-08-04 00:15:58,519] {logging_mixin.py:115} INFO - [2022-08-04 00:15:58,518] {dagbag.py:508} INFO - Filling up the DagBag from /home/ndx/Innowise tasks/Innowise_task_5/airflow_env/lib/python3.8/site-packages/airflow/example_dags/example_trigger_target_dag.py
[2022-08-04 00:15:58,527] {processor.py:651} INFO - DAG(s) dict_keys(['example_trigger_target_dag']) retrieved from /home/ndx/Innowise tasks/Innowise_task_5/airflow_env/lib/python3.8/site-packages/airflow/example_dags/example_trigger_target_dag.py
[2022-08-04 00:15:58,535] {logging_mixin.py:115} INFO - [2022-08-04 00:15:58,535] {dag.py:2420} INFO - Sync 1 DAGs
[2022-08-04 00:15:58,545] {logging_mixin.py:115} INFO - [2022-08-04 00:15:58,545] {dag.py:2968} INFO - Setting next_dagrun for example_trigger_target_dag to None, run_after=None
[2022-08-04 00:15:58,551] {processor.py:161} INFO - Processing /home/ndx/Innowise tasks/Innowise_task_5/airflow_env/lib/python3.8/site-packages/airflow/example_dags/example_trigger_target_dag.py took 0.040 seconds
[2022-08-04 00:16:31,488] {processor.py:153} INFO - Started process (PID=47340) to work on /home/ndx/Innowise tasks/Innowise_task_5/airflow_env/lib/python3.8/site-packages/airflow/example_dags/example_trigger_target_dag.py
[2022-08-04 00:16:31,493] {processor.py:641} INFO - Processing file /home/ndx/Innowise tasks/Innowise_task_5/airflow_env/lib/python3.8/site-packages/airflow/example_dags/example_trigger_target_dag.py for tasks to queue
[2022-08-04 00:16:31,494] {logging_mixin.py:115} INFO - [2022-08-04 00:16:31,493] {dagbag.py:508} INFO - Filling up the DagBag from /home/ndx/Innowise tasks/Innowise_task_5/airflow_env/lib/python3.8/site-packages/airflow/example_dags/example_trigger_target_dag.py
[2022-08-04 00:16:31,504] {processor.py:651} INFO - DAG(s) dict_keys(['example_trigger_target_dag']) retrieved from /home/ndx/Innowise tasks/Innowise_task_5/airflow_env/lib/python3.8/site-packages/airflow/example_dags/example_trigger_target_dag.py
[2022-08-04 00:16:31,514] {logging_mixin.py:115} INFO - [2022-08-04 00:16:31,514] {dag.py:2420} INFO - Sync 1 DAGs
[2022-08-04 00:16:31,527] {logging_mixin.py:115} INFO - [2022-08-04 00:16:31,527] {dag.py:2968} INFO - Setting next_dagrun for example_trigger_target_dag to None, run_after=None
[2022-08-04 00:16:31,534] {processor.py:161} INFO - Processing /home/ndx/Innowise tasks/Innowise_task_5/airflow_env/lib/python3.8/site-packages/airflow/example_dags/example_trigger_target_dag.py took 0.048 seconds
[2022-08-04 00:17:06,345] {processor.py:153} INFO - Started process (PID=47440) to work on /home/ndx/Innowise tasks/Innowise_task_5/airflow_env/lib/python3.8/site-packages/airflow/example_dags/example_trigger_target_dag.py
[2022-08-04 00:17:06,350] {processor.py:641} INFO - Processing file /home/ndx/Innowise tasks/Innowise_task_5/airflow_env/lib/python3.8/site-packages/airflow/example_dags/example_trigger_target_dag.py for tasks to queue
[2022-08-04 00:17:06,351] {logging_mixin.py:115} INFO - [2022-08-04 00:17:06,350] {dagbag.py:508} INFO - Filling up the DagBag from /home/ndx/Innowise tasks/Innowise_task_5/airflow_env/lib/python3.8/site-packages/airflow/example_dags/example_trigger_target_dag.py
[2022-08-04 00:17:06,360] {processor.py:651} INFO - DAG(s) dict_keys(['example_trigger_target_dag']) retrieved from /home/ndx/Innowise tasks/Innowise_task_5/airflow_env/lib/python3.8/site-packages/airflow/example_dags/example_trigger_target_dag.py
[2022-08-04 00:17:06,369] {logging_mixin.py:115} INFO - [2022-08-04 00:17:06,369] {dag.py:2420} INFO - Sync 1 DAGs
[2022-08-04 00:17:06,382] {logging_mixin.py:115} INFO - [2022-08-04 00:17:06,381] {dag.py:2968} INFO - Setting next_dagrun for example_trigger_target_dag to None, run_after=None
[2022-08-04 00:17:06,389] {processor.py:161} INFO - Processing /home/ndx/Innowise tasks/Innowise_task_5/airflow_env/lib/python3.8/site-packages/airflow/example_dags/example_trigger_target_dag.py took 0.046 seconds
[2022-08-04 00:17:42,200] {processor.py:153} INFO - Started process (PID=47505) to work on /home/ndx/Innowise tasks/Innowise_task_5/airflow_env/lib/python3.8/site-packages/airflow/example_dags/example_trigger_target_dag.py
[2022-08-04 00:17:42,205] {processor.py:641} INFO - Processing file /home/ndx/Innowise tasks/Innowise_task_5/airflow_env/lib/python3.8/site-packages/airflow/example_dags/example_trigger_target_dag.py for tasks to queue
[2022-08-04 00:17:42,205] {logging_mixin.py:115} INFO - [2022-08-04 00:17:42,205] {dagbag.py:508} INFO - Filling up the DagBag from /home/ndx/Innowise tasks/Innowise_task_5/airflow_env/lib/python3.8/site-packages/airflow/example_dags/example_trigger_target_dag.py
[2022-08-04 00:17:42,214] {processor.py:651} INFO - DAG(s) dict_keys(['example_trigger_target_dag']) retrieved from /home/ndx/Innowise tasks/Innowise_task_5/airflow_env/lib/python3.8/site-packages/airflow/example_dags/example_trigger_target_dag.py
[2022-08-04 00:17:42,223] {logging_mixin.py:115} INFO - [2022-08-04 00:17:42,223] {dag.py:2420} INFO - Sync 1 DAGs
[2022-08-04 00:17:42,234] {logging_mixin.py:115} INFO - [2022-08-04 00:17:42,234] {dag.py:2968} INFO - Setting next_dagrun for example_trigger_target_dag to None, run_after=None
[2022-08-04 00:17:42,240] {processor.py:161} INFO - Processing /home/ndx/Innowise tasks/Innowise_task_5/airflow_env/lib/python3.8/site-packages/airflow/example_dags/example_trigger_target_dag.py took 0.042 seconds
[2022-08-04 00:18:21,442] {processor.py:153} INFO - Started process (PID=47584) to work on /home/ndx/Innowise tasks/Innowise_task_5/airflow_env/lib/python3.8/site-packages/airflow/example_dags/example_trigger_target_dag.py
[2022-08-04 00:18:21,447] {processor.py:641} INFO - Processing file /home/ndx/Innowise tasks/Innowise_task_5/airflow_env/lib/python3.8/site-packages/airflow/example_dags/example_trigger_target_dag.py for tasks to queue
[2022-08-04 00:18:21,448] {logging_mixin.py:115} INFO - [2022-08-04 00:18:21,448] {dagbag.py:508} INFO - Filling up the DagBag from /home/ndx/Innowise tasks/Innowise_task_5/airflow_env/lib/python3.8/site-packages/airflow/example_dags/example_trigger_target_dag.py
[2022-08-04 00:18:21,457] {processor.py:651} INFO - DAG(s) dict_keys(['example_trigger_target_dag']) retrieved from /home/ndx/Innowise tasks/Innowise_task_5/airflow_env/lib/python3.8/site-packages/airflow/example_dags/example_trigger_target_dag.py
[2022-08-04 00:18:21,466] {logging_mixin.py:115} INFO - [2022-08-04 00:18:21,466] {dag.py:2420} INFO - Sync 1 DAGs
[2022-08-04 00:18:21,476] {logging_mixin.py:115} INFO - [2022-08-04 00:18:21,476] {dag.py:2968} INFO - Setting next_dagrun for example_trigger_target_dag to None, run_after=None
[2022-08-04 00:18:21,483] {processor.py:161} INFO - Processing /home/ndx/Innowise tasks/Innowise_task_5/airflow_env/lib/python3.8/site-packages/airflow/example_dags/example_trigger_target_dag.py took 0.043 seconds
[2022-08-04 00:18:55,132] {processor.py:153} INFO - Started process (PID=47726) to work on /home/ndx/Innowise tasks/Innowise_task_5/airflow_env/lib/python3.8/site-packages/airflow/example_dags/example_trigger_target_dag.py
[2022-08-04 00:18:55,137] {processor.py:641} INFO - Processing file /home/ndx/Innowise tasks/Innowise_task_5/airflow_env/lib/python3.8/site-packages/airflow/example_dags/example_trigger_target_dag.py for tasks to queue
[2022-08-04 00:18:55,138] {logging_mixin.py:115} INFO - [2022-08-04 00:18:55,138] {dagbag.py:508} INFO - Filling up the DagBag from /home/ndx/Innowise tasks/Innowise_task_5/airflow_env/lib/python3.8/site-packages/airflow/example_dags/example_trigger_target_dag.py
[2022-08-04 00:18:55,147] {processor.py:651} INFO - DAG(s) dict_keys(['example_trigger_target_dag']) retrieved from /home/ndx/Innowise tasks/Innowise_task_5/airflow_env/lib/python3.8/site-packages/airflow/example_dags/example_trigger_target_dag.py
[2022-08-04 00:18:55,155] {logging_mixin.py:115} INFO - [2022-08-04 00:18:55,155] {dag.py:2420} INFO - Sync 1 DAGs
[2022-08-04 00:18:55,166] {logging_mixin.py:115} INFO - [2022-08-04 00:18:55,165] {dag.py:2968} INFO - Setting next_dagrun for example_trigger_target_dag to None, run_after=None
[2022-08-04 00:18:55,175] {processor.py:161} INFO - Processing /home/ndx/Innowise tasks/Innowise_task_5/airflow_env/lib/python3.8/site-packages/airflow/example_dags/example_trigger_target_dag.py took 0.045 seconds
[2022-08-04 00:19:29,936] {processor.py:153} INFO - Started process (PID=47839) to work on /home/ndx/Innowise tasks/Innowise_task_5/airflow_env/lib/python3.8/site-packages/airflow/example_dags/example_trigger_target_dag.py
[2022-08-04 00:19:29,941] {processor.py:641} INFO - Processing file /home/ndx/Innowise tasks/Innowise_task_5/airflow_env/lib/python3.8/site-packages/airflow/example_dags/example_trigger_target_dag.py for tasks to queue
[2022-08-04 00:19:29,942] {logging_mixin.py:115} INFO - [2022-08-04 00:19:29,942] {dagbag.py:508} INFO - Filling up the DagBag from /home/ndx/Innowise tasks/Innowise_task_5/airflow_env/lib/python3.8/site-packages/airflow/example_dags/example_trigger_target_dag.py
[2022-08-04 00:19:29,951] {processor.py:651} INFO - DAG(s) dict_keys(['example_trigger_target_dag']) retrieved from /home/ndx/Innowise tasks/Innowise_task_5/airflow_env/lib/python3.8/site-packages/airflow/example_dags/example_trigger_target_dag.py
[2022-08-04 00:19:29,959] {logging_mixin.py:115} INFO - [2022-08-04 00:19:29,959] {dag.py:2420} INFO - Sync 1 DAGs
[2022-08-04 00:19:29,969] {logging_mixin.py:115} INFO - [2022-08-04 00:19:29,969] {dag.py:2968} INFO - Setting next_dagrun for example_trigger_target_dag to None, run_after=None
[2022-08-04 00:19:29,975] {processor.py:161} INFO - Processing /home/ndx/Innowise tasks/Innowise_task_5/airflow_env/lib/python3.8/site-packages/airflow/example_dags/example_trigger_target_dag.py took 0.041 seconds
[2022-08-04 00:20:02,915] {processor.py:153} INFO - Started process (PID=47904) to work on /home/ndx/Innowise tasks/Innowise_task_5/airflow_env/lib/python3.8/site-packages/airflow/example_dags/example_trigger_target_dag.py
[2022-08-04 00:20:02,920] {processor.py:641} INFO - Processing file /home/ndx/Innowise tasks/Innowise_task_5/airflow_env/lib/python3.8/site-packages/airflow/example_dags/example_trigger_target_dag.py for tasks to queue
[2022-08-04 00:20:02,921] {logging_mixin.py:115} INFO - [2022-08-04 00:20:02,921] {dagbag.py:508} INFO - Filling up the DagBag from /home/ndx/Innowise tasks/Innowise_task_5/airflow_env/lib/python3.8/site-packages/airflow/example_dags/example_trigger_target_dag.py
[2022-08-04 00:20:02,929] {processor.py:651} INFO - DAG(s) dict_keys(['example_trigger_target_dag']) retrieved from /home/ndx/Innowise tasks/Innowise_task_5/airflow_env/lib/python3.8/site-packages/airflow/example_dags/example_trigger_target_dag.py
[2022-08-04 00:20:02,938] {logging_mixin.py:115} INFO - [2022-08-04 00:20:02,938] {dag.py:2420} INFO - Sync 1 DAGs
[2022-08-04 00:20:02,948] {logging_mixin.py:115} INFO - [2022-08-04 00:20:02,948] {dag.py:2968} INFO - Setting next_dagrun for example_trigger_target_dag to None, run_after=None
[2022-08-04 00:20:02,955] {processor.py:161} INFO - Processing /home/ndx/Innowise tasks/Innowise_task_5/airflow_env/lib/python3.8/site-packages/airflow/example_dags/example_trigger_target_dag.py took 0.042 seconds
[2022-08-04 00:20:37,706] {processor.py:153} INFO - Started process (PID=48002) to work on /home/ndx/Innowise tasks/Innowise_task_5/airflow_env/lib/python3.8/site-packages/airflow/example_dags/example_trigger_target_dag.py
[2022-08-04 00:20:37,711] {processor.py:641} INFO - Processing file /home/ndx/Innowise tasks/Innowise_task_5/airflow_env/lib/python3.8/site-packages/airflow/example_dags/example_trigger_target_dag.py for tasks to queue
[2022-08-04 00:20:37,711] {logging_mixin.py:115} INFO - [2022-08-04 00:20:37,711] {dagbag.py:508} INFO - Filling up the DagBag from /home/ndx/Innowise tasks/Innowise_task_5/airflow_env/lib/python3.8/site-packages/airflow/example_dags/example_trigger_target_dag.py
[2022-08-04 00:20:37,721] {processor.py:651} INFO - DAG(s) dict_keys(['example_trigger_target_dag']) retrieved from /home/ndx/Innowise tasks/Innowise_task_5/airflow_env/lib/python3.8/site-packages/airflow/example_dags/example_trigger_target_dag.py
[2022-08-04 00:20:37,730] {logging_mixin.py:115} INFO - [2022-08-04 00:20:37,730] {dag.py:2420} INFO - Sync 1 DAGs
[2022-08-04 00:20:37,740] {logging_mixin.py:115} INFO - [2022-08-04 00:20:37,740] {dag.py:2968} INFO - Setting next_dagrun for example_trigger_target_dag to None, run_after=None
[2022-08-04 00:20:37,750] {processor.py:161} INFO - Processing /home/ndx/Innowise tasks/Innowise_task_5/airflow_env/lib/python3.8/site-packages/airflow/example_dags/example_trigger_target_dag.py took 0.046 seconds
[2022-08-04 00:21:09,653] {processor.py:153} INFO - Started process (PID=48103) to work on /home/ndx/Innowise tasks/Innowise_task_5/airflow_env/lib/python3.8/site-packages/airflow/example_dags/example_trigger_target_dag.py
[2022-08-04 00:21:09,658] {processor.py:641} INFO - Processing file /home/ndx/Innowise tasks/Innowise_task_5/airflow_env/lib/python3.8/site-packages/airflow/example_dags/example_trigger_target_dag.py for tasks to queue
[2022-08-04 00:21:09,659] {logging_mixin.py:115} INFO - [2022-08-04 00:21:09,659] {dagbag.py:508} INFO - Filling up the DagBag from /home/ndx/Innowise tasks/Innowise_task_5/airflow_env/lib/python3.8/site-packages/airflow/example_dags/example_trigger_target_dag.py
[2022-08-04 00:21:09,667] {processor.py:651} INFO - DAG(s) dict_keys(['example_trigger_target_dag']) retrieved from /home/ndx/Innowise tasks/Innowise_task_5/airflow_env/lib/python3.8/site-packages/airflow/example_dags/example_trigger_target_dag.py
[2022-08-04 00:21:09,675] {logging_mixin.py:115} INFO - [2022-08-04 00:21:09,675] {dag.py:2420} INFO - Sync 1 DAGs
[2022-08-04 00:21:09,684] {logging_mixin.py:115} INFO - [2022-08-04 00:21:09,684] {dag.py:2968} INFO - Setting next_dagrun for example_trigger_target_dag to None, run_after=None
[2022-08-04 00:21:09,690] {processor.py:161} INFO - Processing /home/ndx/Innowise tasks/Innowise_task_5/airflow_env/lib/python3.8/site-packages/airflow/example_dags/example_trigger_target_dag.py took 0.039 seconds
[2022-08-04 00:21:44,054] {processor.py:153} INFO - Started process (PID=48160) to work on /home/ndx/Innowise tasks/Innowise_task_5/airflow_env/lib/python3.8/site-packages/airflow/example_dags/example_trigger_target_dag.py
[2022-08-04 00:21:44,059] {processor.py:641} INFO - Processing file /home/ndx/Innowise tasks/Innowise_task_5/airflow_env/lib/python3.8/site-packages/airflow/example_dags/example_trigger_target_dag.py for tasks to queue
[2022-08-04 00:21:44,059] {logging_mixin.py:115} INFO - [2022-08-04 00:21:44,059] {dagbag.py:508} INFO - Filling up the DagBag from /home/ndx/Innowise tasks/Innowise_task_5/airflow_env/lib/python3.8/site-packages/airflow/example_dags/example_trigger_target_dag.py
[2022-08-04 00:21:44,069] {processor.py:651} INFO - DAG(s) dict_keys(['example_trigger_target_dag']) retrieved from /home/ndx/Innowise tasks/Innowise_task_5/airflow_env/lib/python3.8/site-packages/airflow/example_dags/example_trigger_target_dag.py
[2022-08-04 00:21:44,078] {logging_mixin.py:115} INFO - [2022-08-04 00:21:44,078] {dag.py:2420} INFO - Sync 1 DAGs
[2022-08-04 00:21:44,089] {logging_mixin.py:115} INFO - [2022-08-04 00:21:44,089] {dag.py:2968} INFO - Setting next_dagrun for example_trigger_target_dag to None, run_after=None
[2022-08-04 00:21:44,097] {processor.py:161} INFO - Processing /home/ndx/Innowise tasks/Innowise_task_5/airflow_env/lib/python3.8/site-packages/airflow/example_dags/example_trigger_target_dag.py took 0.045 seconds
[2022-08-04 00:22:18,281] {processor.py:153} INFO - Started process (PID=48229) to work on /home/ndx/Innowise tasks/Innowise_task_5/airflow_env/lib/python3.8/site-packages/airflow/example_dags/example_trigger_target_dag.py
[2022-08-04 00:22:18,283] {processor.py:641} INFO - Processing file /home/ndx/Innowise tasks/Innowise_task_5/airflow_env/lib/python3.8/site-packages/airflow/example_dags/example_trigger_target_dag.py for tasks to queue
[2022-08-04 00:22:18,283] {logging_mixin.py:115} INFO - [2022-08-04 00:22:18,283] {dagbag.py:508} INFO - Filling up the DagBag from /home/ndx/Innowise tasks/Innowise_task_5/airflow_env/lib/python3.8/site-packages/airflow/example_dags/example_trigger_target_dag.py
[2022-08-04 00:22:18,293] {processor.py:651} INFO - DAG(s) dict_keys(['example_trigger_target_dag']) retrieved from /home/ndx/Innowise tasks/Innowise_task_5/airflow_env/lib/python3.8/site-packages/airflow/example_dags/example_trigger_target_dag.py
[2022-08-04 00:22:18,304] {logging_mixin.py:115} INFO - [2022-08-04 00:22:18,304] {dag.py:2420} INFO - Sync 1 DAGs
[2022-08-04 00:22:18,318] {logging_mixin.py:115} INFO - [2022-08-04 00:22:18,318] {dag.py:2968} INFO - Setting next_dagrun for example_trigger_target_dag to None, run_after=None
[2022-08-04 00:22:18,326] {processor.py:161} INFO - Processing /home/ndx/Innowise tasks/Innowise_task_5/airflow_env/lib/python3.8/site-packages/airflow/example_dags/example_trigger_target_dag.py took 0.047 seconds
[2022-08-04 00:22:54,223] {processor.py:153} INFO - Started process (PID=48286) to work on /home/ndx/Innowise tasks/Innowise_task_5/airflow_env/lib/python3.8/site-packages/airflow/example_dags/example_trigger_target_dag.py
[2022-08-04 00:22:54,225] {processor.py:641} INFO - Processing file /home/ndx/Innowise tasks/Innowise_task_5/airflow_env/lib/python3.8/site-packages/airflow/example_dags/example_trigger_target_dag.py for tasks to queue
[2022-08-04 00:22:54,226] {logging_mixin.py:115} INFO - [2022-08-04 00:22:54,226] {dagbag.py:508} INFO - Filling up the DagBag from /home/ndx/Innowise tasks/Innowise_task_5/airflow_env/lib/python3.8/site-packages/airflow/example_dags/example_trigger_target_dag.py
[2022-08-04 00:22:54,236] {processor.py:651} INFO - DAG(s) dict_keys(['example_trigger_target_dag']) retrieved from /home/ndx/Innowise tasks/Innowise_task_5/airflow_env/lib/python3.8/site-packages/airflow/example_dags/example_trigger_target_dag.py
[2022-08-04 00:22:54,246] {logging_mixin.py:115} INFO - [2022-08-04 00:22:54,246] {dag.py:2420} INFO - Sync 1 DAGs
[2022-08-04 00:22:54,259] {logging_mixin.py:115} INFO - [2022-08-04 00:22:54,259] {dag.py:2968} INFO - Setting next_dagrun for example_trigger_target_dag to None, run_after=None
[2022-08-04 00:22:54,266] {processor.py:161} INFO - Processing /home/ndx/Innowise tasks/Innowise_task_5/airflow_env/lib/python3.8/site-packages/airflow/example_dags/example_trigger_target_dag.py took 0.045 seconds
[2022-08-04 00:23:29,852] {processor.py:153} INFO - Started process (PID=48336) to work on /home/ndx/Innowise tasks/Innowise_task_5/airflow_env/lib/python3.8/site-packages/airflow/example_dags/example_trigger_target_dag.py
[2022-08-04 00:23:29,858] {processor.py:641} INFO - Processing file /home/ndx/Innowise tasks/Innowise_task_5/airflow_env/lib/python3.8/site-packages/airflow/example_dags/example_trigger_target_dag.py for tasks to queue
[2022-08-04 00:23:29,858] {logging_mixin.py:115} INFO - [2022-08-04 00:23:29,858] {dagbag.py:508} INFO - Filling up the DagBag from /home/ndx/Innowise tasks/Innowise_task_5/airflow_env/lib/python3.8/site-packages/airflow/example_dags/example_trigger_target_dag.py
[2022-08-04 00:23:29,868] {processor.py:651} INFO - DAG(s) dict_keys(['example_trigger_target_dag']) retrieved from /home/ndx/Innowise tasks/Innowise_task_5/airflow_env/lib/python3.8/site-packages/airflow/example_dags/example_trigger_target_dag.py
[2022-08-04 00:23:29,876] {logging_mixin.py:115} INFO - [2022-08-04 00:23:29,876] {dag.py:2420} INFO - Sync 1 DAGs
[2022-08-04 00:23:29,885] {logging_mixin.py:115} INFO - [2022-08-04 00:23:29,885] {dag.py:2968} INFO - Setting next_dagrun for example_trigger_target_dag to None, run_after=None
[2022-08-04 00:23:29,891] {processor.py:161} INFO - Processing /home/ndx/Innowise tasks/Innowise_task_5/airflow_env/lib/python3.8/site-packages/airflow/example_dags/example_trigger_target_dag.py took 0.041 seconds
[2022-08-04 00:23:45,632] {processor.py:153} INFO - Started process (PID=48416) to work on /home/ndx/Innowise tasks/Innowise_task_5/airflow_env/lib/python3.8/site-packages/airflow/example_dags/example_trigger_target_dag.py
[2022-08-04 00:23:45,632] {processor.py:641} INFO - Processing file /home/ndx/Innowise tasks/Innowise_task_5/airflow_env/lib/python3.8/site-packages/airflow/example_dags/example_trigger_target_dag.py for tasks to queue
[2022-08-04 00:23:45,632] {logging_mixin.py:115} INFO - [2022-08-04 00:23:45,632] {dagbag.py:508} INFO - Filling up the DagBag from /home/ndx/Innowise tasks/Innowise_task_5/airflow_env/lib/python3.8/site-packages/airflow/example_dags/example_trigger_target_dag.py
[2022-08-04 00:23:45,643] {processor.py:651} INFO - DAG(s) dict_keys(['example_trigger_target_dag']) retrieved from /home/ndx/Innowise tasks/Innowise_task_5/airflow_env/lib/python3.8/site-packages/airflow/example_dags/example_trigger_target_dag.py
[2022-08-04 00:23:45,655] {logging_mixin.py:115} INFO - [2022-08-04 00:23:45,655] {dag.py:2420} INFO - Sync 1 DAGs
[2022-08-04 00:23:45,670] {logging_mixin.py:115} INFO - [2022-08-04 00:23:45,670] {dag.py:2968} INFO - Setting next_dagrun for example_trigger_target_dag to None, run_after=None
[2022-08-04 00:23:45,677] {processor.py:161} INFO - Processing /home/ndx/Innowise tasks/Innowise_task_5/airflow_env/lib/python3.8/site-packages/airflow/example_dags/example_trigger_target_dag.py took 0.048 seconds
[2022-08-04 00:24:18,706] {processor.py:153} INFO - Started process (PID=48493) to work on /home/ndx/Innowise tasks/Innowise_task_5/airflow_env/lib/python3.8/site-packages/airflow/example_dags/example_trigger_target_dag.py
[2022-08-04 00:24:18,711] {processor.py:641} INFO - Processing file /home/ndx/Innowise tasks/Innowise_task_5/airflow_env/lib/python3.8/site-packages/airflow/example_dags/example_trigger_target_dag.py for tasks to queue
[2022-08-04 00:24:18,711] {logging_mixin.py:115} INFO - [2022-08-04 00:24:18,711] {dagbag.py:508} INFO - Filling up the DagBag from /home/ndx/Innowise tasks/Innowise_task_5/airflow_env/lib/python3.8/site-packages/airflow/example_dags/example_trigger_target_dag.py
[2022-08-04 00:24:18,720] {processor.py:651} INFO - DAG(s) dict_keys(['example_trigger_target_dag']) retrieved from /home/ndx/Innowise tasks/Innowise_task_5/airflow_env/lib/python3.8/site-packages/airflow/example_dags/example_trigger_target_dag.py
[2022-08-04 00:24:18,730] {logging_mixin.py:115} INFO - [2022-08-04 00:24:18,730] {dag.py:2420} INFO - Sync 1 DAGs
[2022-08-04 00:24:18,741] {logging_mixin.py:115} INFO - [2022-08-04 00:24:18,741] {dag.py:2968} INFO - Setting next_dagrun for example_trigger_target_dag to None, run_after=None
[2022-08-04 00:24:18,747] {processor.py:161} INFO - Processing /home/ndx/Innowise tasks/Innowise_task_5/airflow_env/lib/python3.8/site-packages/airflow/example_dags/example_trigger_target_dag.py took 0.043 seconds
[2022-08-04 00:24:33,584] {processor.py:153} INFO - Started process (PID=48531) to work on /home/ndx/Innowise tasks/Innowise_task_5/airflow_env/lib/python3.8/site-packages/airflow/example_dags/example_trigger_target_dag.py
[2022-08-04 00:24:33,587] {processor.py:641} INFO - Processing file /home/ndx/Innowise tasks/Innowise_task_5/airflow_env/lib/python3.8/site-packages/airflow/example_dags/example_trigger_target_dag.py for tasks to queue
[2022-08-04 00:24:33,588] {logging_mixin.py:115} INFO - [2022-08-04 00:24:33,588] {dagbag.py:508} INFO - Filling up the DagBag from /home/ndx/Innowise tasks/Innowise_task_5/airflow_env/lib/python3.8/site-packages/airflow/example_dags/example_trigger_target_dag.py
[2022-08-04 00:24:33,596] {processor.py:651} INFO - DAG(s) dict_keys(['example_trigger_target_dag']) retrieved from /home/ndx/Innowise tasks/Innowise_task_5/airflow_env/lib/python3.8/site-packages/airflow/example_dags/example_trigger_target_dag.py
[2022-08-04 00:24:33,606] {logging_mixin.py:115} INFO - [2022-08-04 00:24:33,606] {dag.py:2420} INFO - Sync 1 DAGs
[2022-08-04 00:24:33,618] {logging_mixin.py:115} INFO - [2022-08-04 00:24:33,617] {dag.py:2968} INFO - Setting next_dagrun for example_trigger_target_dag to None, run_after=None
[2022-08-04 00:24:33,625] {processor.py:161} INFO - Processing /home/ndx/Innowise tasks/Innowise_task_5/airflow_env/lib/python3.8/site-packages/airflow/example_dags/example_trigger_target_dag.py took 0.043 seconds
[2022-08-04 00:24:52,021] {processor.py:153} INFO - Started process (PID=48575) to work on /home/ndx/Innowise tasks/Innowise_task_5/airflow_env/lib/python3.8/site-packages/airflow/example_dags/example_trigger_target_dag.py
[2022-08-04 00:24:52,026] {processor.py:641} INFO - Processing file /home/ndx/Innowise tasks/Innowise_task_5/airflow_env/lib/python3.8/site-packages/airflow/example_dags/example_trigger_target_dag.py for tasks to queue
[2022-08-04 00:24:52,027] {logging_mixin.py:115} INFO - [2022-08-04 00:24:52,027] {dagbag.py:508} INFO - Filling up the DagBag from /home/ndx/Innowise tasks/Innowise_task_5/airflow_env/lib/python3.8/site-packages/airflow/example_dags/example_trigger_target_dag.py
[2022-08-04 00:24:52,036] {processor.py:651} INFO - DAG(s) dict_keys(['example_trigger_target_dag']) retrieved from /home/ndx/Innowise tasks/Innowise_task_5/airflow_env/lib/python3.8/site-packages/airflow/example_dags/example_trigger_target_dag.py
[2022-08-04 00:24:52,044] {logging_mixin.py:115} INFO - [2022-08-04 00:24:52,044] {dag.py:2420} INFO - Sync 1 DAGs
[2022-08-04 00:24:52,054] {logging_mixin.py:115} INFO - [2022-08-04 00:24:52,054] {dag.py:2968} INFO - Setting next_dagrun for example_trigger_target_dag to None, run_after=None
[2022-08-04 00:24:52,061] {processor.py:161} INFO - Processing /home/ndx/Innowise tasks/Innowise_task_5/airflow_env/lib/python3.8/site-packages/airflow/example_dags/example_trigger_target_dag.py took 0.043 seconds
