[2022-08-04 00:00:38,771] {processor.py:153} INFO - Started process (PID=44885) to work on /home/ndx/Innowise tasks/Innowise_task_5/airflow_env/lib/python3.8/site-packages/airflow/example_dags/example_xcom.py
[2022-08-04 00:00:38,771] {processor.py:641} INFO - Processing file /home/ndx/Innowise tasks/Innowise_task_5/airflow_env/lib/python3.8/site-packages/airflow/example_dags/example_xcom.py for tasks to queue
[2022-08-04 00:00:38,771] {logging_mixin.py:115} INFO - [2022-08-04 00:00:38,771] {dagbag.py:508} INFO - Filling up the DagBag from /home/ndx/Innowise tasks/Innowise_task_5/airflow_env/lib/python3.8/site-packages/airflow/example_dags/example_xcom.py
[2022-08-04 00:00:38,781] {processor.py:651} INFO - DAG(s) dict_keys(['example_xcom']) retrieved from /home/ndx/Innowise tasks/Innowise_task_5/airflow_env/lib/python3.8/site-packages/airflow/example_dags/example_xcom.py
[2022-08-04 00:00:38,807] {logging_mixin.py:115} INFO - [2022-08-04 00:00:38,807] {dag.py:2420} INFO - Sync 1 DAGs
[2022-08-04 00:00:38,816] {logging_mixin.py:115} INFO - [2022-08-04 00:00:38,816] {dag.py:2968} INFO - Setting next_dagrun for example_xcom to 2021-01-01T00:00:00+00:00, run_after=2021-01-01T00:00:00+00:00
[2022-08-04 00:00:38,830] {processor.py:161} INFO - Processing /home/ndx/Innowise tasks/Innowise_task_5/airflow_env/lib/python3.8/site-packages/airflow/example_dags/example_xcom.py took 0.061 seconds
[2022-08-04 00:01:10,714] {processor.py:153} INFO - Started process (PID=45016) to work on /home/ndx/Innowise tasks/Innowise_task_5/airflow_env/lib/python3.8/site-packages/airflow/example_dags/example_xcom.py
[2022-08-04 00:01:10,720] {processor.py:641} INFO - Processing file /home/ndx/Innowise tasks/Innowise_task_5/airflow_env/lib/python3.8/site-packages/airflow/example_dags/example_xcom.py for tasks to queue
[2022-08-04 00:01:10,720] {logging_mixin.py:115} INFO - [2022-08-04 00:01:10,720] {dagbag.py:508} INFO - Filling up the DagBag from /home/ndx/Innowise tasks/Innowise_task_5/airflow_env/lib/python3.8/site-packages/airflow/example_dags/example_xcom.py
[2022-08-04 00:01:10,731] {processor.py:651} INFO - DAG(s) dict_keys(['example_xcom']) retrieved from /home/ndx/Innowise tasks/Innowise_task_5/airflow_env/lib/python3.8/site-packages/airflow/example_dags/example_xcom.py
[2022-08-04 00:01:10,757] {logging_mixin.py:115} INFO - [2022-08-04 00:01:10,757] {dag.py:2420} INFO - Sync 1 DAGs
[2022-08-04 00:01:10,765] {logging_mixin.py:115} INFO - [2022-08-04 00:01:10,765] {dag.py:2968} INFO - Setting next_dagrun for example_xcom to 2021-01-01T00:00:00+00:00, run_after=2021-01-01T00:00:00+00:00
[2022-08-04 00:01:10,772] {processor.py:161} INFO - Processing /home/ndx/Innowise tasks/Innowise_task_5/airflow_env/lib/python3.8/site-packages/airflow/example_dags/example_xcom.py took 0.060 seconds
[2022-08-04 00:01:46,778] {processor.py:153} INFO - Started process (PID=45104) to work on /home/ndx/Innowise tasks/Innowise_task_5/airflow_env/lib/python3.8/site-packages/airflow/example_dags/example_xcom.py
[2022-08-04 00:01:46,784] {processor.py:641} INFO - Processing file /home/ndx/Innowise tasks/Innowise_task_5/airflow_env/lib/python3.8/site-packages/airflow/example_dags/example_xcom.py for tasks to queue
[2022-08-04 00:01:46,784] {logging_mixin.py:115} INFO - [2022-08-04 00:01:46,784] {dagbag.py:508} INFO - Filling up the DagBag from /home/ndx/Innowise tasks/Innowise_task_5/airflow_env/lib/python3.8/site-packages/airflow/example_dags/example_xcom.py
[2022-08-04 00:01:46,797] {processor.py:651} INFO - DAG(s) dict_keys(['example_xcom']) retrieved from /home/ndx/Innowise tasks/Innowise_task_5/airflow_env/lib/python3.8/site-packages/airflow/example_dags/example_xcom.py
[2022-08-04 00:01:46,822] {logging_mixin.py:115} INFO - [2022-08-04 00:01:46,822] {dag.py:2420} INFO - Sync 1 DAGs
[2022-08-04 00:01:46,830] {logging_mixin.py:115} INFO - [2022-08-04 00:01:46,830] {dag.py:2968} INFO - Setting next_dagrun for example_xcom to 2021-01-01T00:00:00+00:00, run_after=2021-01-01T00:00:00+00:00
[2022-08-04 00:01:46,837] {processor.py:161} INFO - Processing /home/ndx/Innowise tasks/Innowise_task_5/airflow_env/lib/python3.8/site-packages/airflow/example_dags/example_xcom.py took 0.061 seconds
[2022-08-04 00:02:21,054] {processor.py:153} INFO - Started process (PID=45267) to work on /home/ndx/Innowise tasks/Innowise_task_5/airflow_env/lib/python3.8/site-packages/airflow/example_dags/example_xcom.py
[2022-08-04 00:02:21,059] {processor.py:641} INFO - Processing file /home/ndx/Innowise tasks/Innowise_task_5/airflow_env/lib/python3.8/site-packages/airflow/example_dags/example_xcom.py for tasks to queue
[2022-08-04 00:02:21,060] {logging_mixin.py:115} INFO - [2022-08-04 00:02:21,060] {dagbag.py:508} INFO - Filling up the DagBag from /home/ndx/Innowise tasks/Innowise_task_5/airflow_env/lib/python3.8/site-packages/airflow/example_dags/example_xcom.py
[2022-08-04 00:02:21,069] {processor.py:651} INFO - DAG(s) dict_keys(['example_xcom']) retrieved from /home/ndx/Innowise tasks/Innowise_task_5/airflow_env/lib/python3.8/site-packages/airflow/example_dags/example_xcom.py
[2022-08-04 00:02:21,092] {logging_mixin.py:115} INFO - [2022-08-04 00:02:21,092] {dag.py:2420} INFO - Sync 1 DAGs
[2022-08-04 00:02:21,099] {logging_mixin.py:115} INFO - [2022-08-04 00:02:21,099] {dag.py:2968} INFO - Setting next_dagrun for example_xcom to 2021-01-01T00:00:00+00:00, run_after=2021-01-01T00:00:00+00:00
[2022-08-04 00:02:21,106] {processor.py:161} INFO - Processing /home/ndx/Innowise tasks/Innowise_task_5/airflow_env/lib/python3.8/site-packages/airflow/example_dags/example_xcom.py took 0.054 seconds
[2022-08-04 00:02:56,607] {processor.py:153} INFO - Started process (PID=45350) to work on /home/ndx/Innowise tasks/Innowise_task_5/airflow_env/lib/python3.8/site-packages/airflow/example_dags/example_xcom.py
[2022-08-04 00:02:56,613] {processor.py:641} INFO - Processing file /home/ndx/Innowise tasks/Innowise_task_5/airflow_env/lib/python3.8/site-packages/airflow/example_dags/example_xcom.py for tasks to queue
[2022-08-04 00:02:56,613] {logging_mixin.py:115} INFO - [2022-08-04 00:02:56,613] {dagbag.py:508} INFO - Filling up the DagBag from /home/ndx/Innowise tasks/Innowise_task_5/airflow_env/lib/python3.8/site-packages/airflow/example_dags/example_xcom.py
[2022-08-04 00:02:56,623] {processor.py:651} INFO - DAG(s) dict_keys(['example_xcom']) retrieved from /home/ndx/Innowise tasks/Innowise_task_5/airflow_env/lib/python3.8/site-packages/airflow/example_dags/example_xcom.py
[2022-08-04 00:02:56,646] {logging_mixin.py:115} INFO - [2022-08-04 00:02:56,646] {dag.py:2420} INFO - Sync 1 DAGs
[2022-08-04 00:02:56,653] {logging_mixin.py:115} INFO - [2022-08-04 00:02:56,653] {dag.py:2968} INFO - Setting next_dagrun for example_xcom to 2021-01-01T00:00:00+00:00, run_after=2021-01-01T00:00:00+00:00
[2022-08-04 00:02:56,660] {processor.py:161} INFO - Processing /home/ndx/Innowise tasks/Innowise_task_5/airflow_env/lib/python3.8/site-packages/airflow/example_dags/example_xcom.py took 0.054 seconds
[2022-08-04 00:03:30,306] {processor.py:153} INFO - Started process (PID=45403) to work on /home/ndx/Innowise tasks/Innowise_task_5/airflow_env/lib/python3.8/site-packages/airflow/example_dags/example_xcom.py
[2022-08-04 00:03:30,311] {processor.py:641} INFO - Processing file /home/ndx/Innowise tasks/Innowise_task_5/airflow_env/lib/python3.8/site-packages/airflow/example_dags/example_xcom.py for tasks to queue
[2022-08-04 00:03:30,312] {logging_mixin.py:115} INFO - [2022-08-04 00:03:30,312] {dagbag.py:508} INFO - Filling up the DagBag from /home/ndx/Innowise tasks/Innowise_task_5/airflow_env/lib/python3.8/site-packages/airflow/example_dags/example_xcom.py
[2022-08-04 00:03:30,322] {processor.py:651} INFO - DAG(s) dict_keys(['example_xcom']) retrieved from /home/ndx/Innowise tasks/Innowise_task_5/airflow_env/lib/python3.8/site-packages/airflow/example_dags/example_xcom.py
[2022-08-04 00:03:30,346] {logging_mixin.py:115} INFO - [2022-08-04 00:03:30,346] {dag.py:2420} INFO - Sync 1 DAGs
[2022-08-04 00:03:30,354] {logging_mixin.py:115} INFO - [2022-08-04 00:03:30,354] {dag.py:2968} INFO - Setting next_dagrun for example_xcom to 2021-01-01T00:00:00+00:00, run_after=2021-01-01T00:00:00+00:00
[2022-08-04 00:03:30,361] {processor.py:161} INFO - Processing /home/ndx/Innowise tasks/Innowise_task_5/airflow_env/lib/python3.8/site-packages/airflow/example_dags/example_xcom.py took 0.056 seconds
[2022-08-04 00:04:06,303] {processor.py:153} INFO - Started process (PID=45479) to work on /home/ndx/Innowise tasks/Innowise_task_5/airflow_env/lib/python3.8/site-packages/airflow/example_dags/example_xcom.py
[2022-08-04 00:04:06,309] {processor.py:641} INFO - Processing file /home/ndx/Innowise tasks/Innowise_task_5/airflow_env/lib/python3.8/site-packages/airflow/example_dags/example_xcom.py for tasks to queue
[2022-08-04 00:04:06,309] {logging_mixin.py:115} INFO - [2022-08-04 00:04:06,309] {dagbag.py:508} INFO - Filling up the DagBag from /home/ndx/Innowise tasks/Innowise_task_5/airflow_env/lib/python3.8/site-packages/airflow/example_dags/example_xcom.py
[2022-08-04 00:04:06,319] {processor.py:651} INFO - DAG(s) dict_keys(['example_xcom']) retrieved from /home/ndx/Innowise tasks/Innowise_task_5/airflow_env/lib/python3.8/site-packages/airflow/example_dags/example_xcom.py
[2022-08-04 00:04:06,343] {logging_mixin.py:115} INFO - [2022-08-04 00:04:06,343] {dag.py:2420} INFO - Sync 1 DAGs
[2022-08-04 00:04:06,350] {logging_mixin.py:115} INFO - [2022-08-04 00:04:06,350] {dag.py:2968} INFO - Setting next_dagrun for example_xcom to 2021-01-01T00:00:00+00:00, run_after=2021-01-01T00:00:00+00:00
[2022-08-04 00:04:06,360] {processor.py:161} INFO - Processing /home/ndx/Innowise tasks/Innowise_task_5/airflow_env/lib/python3.8/site-packages/airflow/example_dags/example_xcom.py took 0.058 seconds
[2022-08-04 00:04:39,721] {processor.py:153} INFO - Started process (PID=45531) to work on /home/ndx/Innowise tasks/Innowise_task_5/airflow_env/lib/python3.8/site-packages/airflow/example_dags/example_xcom.py
[2022-08-04 00:04:39,726] {processor.py:641} INFO - Processing file /home/ndx/Innowise tasks/Innowise_task_5/airflow_env/lib/python3.8/site-packages/airflow/example_dags/example_xcom.py for tasks to queue
[2022-08-04 00:04:39,727] {logging_mixin.py:115} INFO - [2022-08-04 00:04:39,727] {dagbag.py:508} INFO - Filling up the DagBag from /home/ndx/Innowise tasks/Innowise_task_5/airflow_env/lib/python3.8/site-packages/airflow/example_dags/example_xcom.py
[2022-08-04 00:04:39,736] {processor.py:651} INFO - DAG(s) dict_keys(['example_xcom']) retrieved from /home/ndx/Innowise tasks/Innowise_task_5/airflow_env/lib/python3.8/site-packages/airflow/example_dags/example_xcom.py
[2022-08-04 00:04:39,760] {logging_mixin.py:115} INFO - [2022-08-04 00:04:39,760] {dag.py:2420} INFO - Sync 1 DAGs
[2022-08-04 00:04:39,768] {logging_mixin.py:115} INFO - [2022-08-04 00:04:39,768] {dag.py:2968} INFO - Setting next_dagrun for example_xcom to 2021-01-01T00:00:00+00:00, run_after=2021-01-01T00:00:00+00:00
[2022-08-04 00:04:39,775] {processor.py:161} INFO - Processing /home/ndx/Innowise tasks/Innowise_task_5/airflow_env/lib/python3.8/site-packages/airflow/example_dags/example_xcom.py took 0.056 seconds
[2022-08-04 00:05:13,113] {processor.py:153} INFO - Started process (PID=45690) to work on /home/ndx/Innowise tasks/Innowise_task_5/airflow_env/lib/python3.8/site-packages/airflow/example_dags/example_xcom.py
[2022-08-04 00:05:13,114] {processor.py:641} INFO - Processing file /home/ndx/Innowise tasks/Innowise_task_5/airflow_env/lib/python3.8/site-packages/airflow/example_dags/example_xcom.py for tasks to queue
[2022-08-04 00:05:13,114] {logging_mixin.py:115} INFO - [2022-08-04 00:05:13,114] {dagbag.py:508} INFO - Filling up the DagBag from /home/ndx/Innowise tasks/Innowise_task_5/airflow_env/lib/python3.8/site-packages/airflow/example_dags/example_xcom.py
[2022-08-04 00:05:13,123] {processor.py:651} INFO - DAG(s) dict_keys(['example_xcom']) retrieved from /home/ndx/Innowise tasks/Innowise_task_5/airflow_env/lib/python3.8/site-packages/airflow/example_dags/example_xcom.py
[2022-08-04 00:05:13,131] {logging_mixin.py:115} INFO - [2022-08-04 00:05:13,131] {dag.py:2420} INFO - Sync 1 DAGs
[2022-08-04 00:05:13,141] {logging_mixin.py:115} INFO - [2022-08-04 00:05:13,141] {dag.py:2968} INFO - Setting next_dagrun for example_xcom to 2021-01-01T00:00:00+00:00, run_after=2021-01-01T00:00:00+00:00
[2022-08-04 00:05:13,147] {processor.py:161} INFO - Processing /home/ndx/Innowise tasks/Innowise_task_5/airflow_env/lib/python3.8/site-packages/airflow/example_dags/example_xcom.py took 0.035 seconds
[2022-08-04 00:05:46,942] {processor.py:153} INFO - Started process (PID=45798) to work on /home/ndx/Innowise tasks/Innowise_task_5/airflow_env/lib/python3.8/site-packages/airflow/example_dags/example_xcom.py
[2022-08-04 00:05:46,947] {processor.py:641} INFO - Processing file /home/ndx/Innowise tasks/Innowise_task_5/airflow_env/lib/python3.8/site-packages/airflow/example_dags/example_xcom.py for tasks to queue
[2022-08-04 00:05:46,948] {logging_mixin.py:115} INFO - [2022-08-04 00:05:46,948] {dagbag.py:508} INFO - Filling up the DagBag from /home/ndx/Innowise tasks/Innowise_task_5/airflow_env/lib/python3.8/site-packages/airflow/example_dags/example_xcom.py
[2022-08-04 00:05:46,958] {processor.py:651} INFO - DAG(s) dict_keys(['example_xcom']) retrieved from /home/ndx/Innowise tasks/Innowise_task_5/airflow_env/lib/python3.8/site-packages/airflow/example_dags/example_xcom.py
[2022-08-04 00:05:46,982] {logging_mixin.py:115} INFO - [2022-08-04 00:05:46,981] {dag.py:2420} INFO - Sync 1 DAGs
[2022-08-04 00:05:46,989] {logging_mixin.py:115} INFO - [2022-08-04 00:05:46,989] {dag.py:2968} INFO - Setting next_dagrun for example_xcom to 2021-01-01T00:00:00+00:00, run_after=2021-01-01T00:00:00+00:00
[2022-08-04 00:05:46,996] {processor.py:161} INFO - Processing /home/ndx/Innowise tasks/Innowise_task_5/airflow_env/lib/python3.8/site-packages/airflow/example_dags/example_xcom.py took 0.056 seconds
[2022-08-04 00:06:21,509] {processor.py:153} INFO - Started process (PID=45899) to work on /home/ndx/Innowise tasks/Innowise_task_5/airflow_env/lib/python3.8/site-packages/airflow/example_dags/example_xcom.py
[2022-08-04 00:06:21,514] {processor.py:641} INFO - Processing file /home/ndx/Innowise tasks/Innowise_task_5/airflow_env/lib/python3.8/site-packages/airflow/example_dags/example_xcom.py for tasks to queue
[2022-08-04 00:06:21,514] {logging_mixin.py:115} INFO - [2022-08-04 00:06:21,514] {dagbag.py:508} INFO - Filling up the DagBag from /home/ndx/Innowise tasks/Innowise_task_5/airflow_env/lib/python3.8/site-packages/airflow/example_dags/example_xcom.py
[2022-08-04 00:06:21,524] {processor.py:651} INFO - DAG(s) dict_keys(['example_xcom']) retrieved from /home/ndx/Innowise tasks/Innowise_task_5/airflow_env/lib/python3.8/site-packages/airflow/example_dags/example_xcom.py
[2022-08-04 00:06:21,533] {logging_mixin.py:115} INFO - [2022-08-04 00:06:21,533] {dag.py:2420} INFO - Sync 1 DAGs
[2022-08-04 00:06:21,546] {logging_mixin.py:115} INFO - [2022-08-04 00:06:21,546] {dag.py:2968} INFO - Setting next_dagrun for example_xcom to 2021-01-01T00:00:00+00:00, run_after=2021-01-01T00:00:00+00:00
[2022-08-04 00:06:21,554] {processor.py:161} INFO - Processing /home/ndx/Innowise tasks/Innowise_task_5/airflow_env/lib/python3.8/site-packages/airflow/example_dags/example_xcom.py took 0.047 seconds
[2022-08-04 00:06:56,271] {processor.py:153} INFO - Started process (PID=45968) to work on /home/ndx/Innowise tasks/Innowise_task_5/airflow_env/lib/python3.8/site-packages/airflow/example_dags/example_xcom.py
[2022-08-04 00:06:56,276] {processor.py:641} INFO - Processing file /home/ndx/Innowise tasks/Innowise_task_5/airflow_env/lib/python3.8/site-packages/airflow/example_dags/example_xcom.py for tasks to queue
[2022-08-04 00:06:56,277] {logging_mixin.py:115} INFO - [2022-08-04 00:06:56,277] {dagbag.py:508} INFO - Filling up the DagBag from /home/ndx/Innowise tasks/Innowise_task_5/airflow_env/lib/python3.8/site-packages/airflow/example_dags/example_xcom.py
[2022-08-04 00:06:56,287] {processor.py:651} INFO - DAG(s) dict_keys(['example_xcom']) retrieved from /home/ndx/Innowise tasks/Innowise_task_5/airflow_env/lib/python3.8/site-packages/airflow/example_dags/example_xcom.py
[2022-08-04 00:06:56,296] {logging_mixin.py:115} INFO - [2022-08-04 00:06:56,296] {dag.py:2420} INFO - Sync 1 DAGs
[2022-08-04 00:06:56,306] {logging_mixin.py:115} INFO - [2022-08-04 00:06:56,306] {dag.py:2968} INFO - Setting next_dagrun for example_xcom to 2021-01-01T00:00:00+00:00, run_after=2021-01-01T00:00:00+00:00
[2022-08-04 00:06:56,313] {processor.py:161} INFO - Processing /home/ndx/Innowise tasks/Innowise_task_5/airflow_env/lib/python3.8/site-packages/airflow/example_dags/example_xcom.py took 0.044 seconds
[2022-08-04 00:07:29,326] {processor.py:153} INFO - Started process (PID=46040) to work on /home/ndx/Innowise tasks/Innowise_task_5/airflow_env/lib/python3.8/site-packages/airflow/example_dags/example_xcom.py
[2022-08-04 00:07:29,331] {processor.py:641} INFO - Processing file /home/ndx/Innowise tasks/Innowise_task_5/airflow_env/lib/python3.8/site-packages/airflow/example_dags/example_xcom.py for tasks to queue
[2022-08-04 00:07:29,332] {logging_mixin.py:115} INFO - [2022-08-04 00:07:29,332] {dagbag.py:508} INFO - Filling up the DagBag from /home/ndx/Innowise tasks/Innowise_task_5/airflow_env/lib/python3.8/site-packages/airflow/example_dags/example_xcom.py
[2022-08-04 00:07:29,342] {processor.py:651} INFO - DAG(s) dict_keys(['example_xcom']) retrieved from /home/ndx/Innowise tasks/Innowise_task_5/airflow_env/lib/python3.8/site-packages/airflow/example_dags/example_xcom.py
[2022-08-04 00:07:29,351] {logging_mixin.py:115} INFO - [2022-08-04 00:07:29,351] {dag.py:2420} INFO - Sync 1 DAGs
[2022-08-04 00:07:29,362] {logging_mixin.py:115} INFO - [2022-08-04 00:07:29,362] {dag.py:2968} INFO - Setting next_dagrun for example_xcom to 2021-01-01T00:00:00+00:00, run_after=2021-01-01T00:00:00+00:00
[2022-08-04 00:07:29,369] {processor.py:161} INFO - Processing /home/ndx/Innowise tasks/Innowise_task_5/airflow_env/lib/python3.8/site-packages/airflow/example_dags/example_xcom.py took 0.045 seconds
[2022-08-04 00:08:02,388] {processor.py:153} INFO - Started process (PID=46122) to work on /home/ndx/Innowise tasks/Innowise_task_5/airflow_env/lib/python3.8/site-packages/airflow/example_dags/example_xcom.py
[2022-08-04 00:08:02,394] {processor.py:641} INFO - Processing file /home/ndx/Innowise tasks/Innowise_task_5/airflow_env/lib/python3.8/site-packages/airflow/example_dags/example_xcom.py for tasks to queue
[2022-08-04 00:08:02,395] {logging_mixin.py:115} INFO - [2022-08-04 00:08:02,394] {dagbag.py:508} INFO - Filling up the DagBag from /home/ndx/Innowise tasks/Innowise_task_5/airflow_env/lib/python3.8/site-packages/airflow/example_dags/example_xcom.py
[2022-08-04 00:08:02,405] {processor.py:651} INFO - DAG(s) dict_keys(['example_xcom']) retrieved from /home/ndx/Innowise tasks/Innowise_task_5/airflow_env/lib/python3.8/site-packages/airflow/example_dags/example_xcom.py
[2022-08-04 00:08:02,413] {logging_mixin.py:115} INFO - [2022-08-04 00:08:02,413] {dag.py:2420} INFO - Sync 1 DAGs
[2022-08-04 00:08:02,423] {logging_mixin.py:115} INFO - [2022-08-04 00:08:02,423] {dag.py:2968} INFO - Setting next_dagrun for example_xcom to 2021-01-01T00:00:00+00:00, run_after=2021-01-01T00:00:00+00:00
[2022-08-04 00:08:02,429] {processor.py:161} INFO - Processing /home/ndx/Innowise tasks/Innowise_task_5/airflow_env/lib/python3.8/site-packages/airflow/example_dags/example_xcom.py took 0.042 seconds
[2022-08-04 00:08:37,445] {processor.py:153} INFO - Started process (PID=46176) to work on /home/ndx/Innowise tasks/Innowise_task_5/airflow_env/lib/python3.8/site-packages/airflow/example_dags/example_xcom.py
[2022-08-04 00:08:37,450] {processor.py:641} INFO - Processing file /home/ndx/Innowise tasks/Innowise_task_5/airflow_env/lib/python3.8/site-packages/airflow/example_dags/example_xcom.py for tasks to queue
[2022-08-04 00:08:37,451] {logging_mixin.py:115} INFO - [2022-08-04 00:08:37,451] {dagbag.py:508} INFO - Filling up the DagBag from /home/ndx/Innowise tasks/Innowise_task_5/airflow_env/lib/python3.8/site-packages/airflow/example_dags/example_xcom.py
[2022-08-04 00:08:37,461] {processor.py:651} INFO - DAG(s) dict_keys(['example_xcom']) retrieved from /home/ndx/Innowise tasks/Innowise_task_5/airflow_env/lib/python3.8/site-packages/airflow/example_dags/example_xcom.py
[2022-08-04 00:08:37,485] {logging_mixin.py:115} INFO - [2022-08-04 00:08:37,485] {dag.py:2420} INFO - Sync 1 DAGs
[2022-08-04 00:08:37,492] {logging_mixin.py:115} INFO - [2022-08-04 00:08:37,492] {dag.py:2968} INFO - Setting next_dagrun for example_xcom to 2021-01-01T00:00:00+00:00, run_after=2021-01-01T00:00:00+00:00
[2022-08-04 00:08:37,499] {processor.py:161} INFO - Processing /home/ndx/Innowise tasks/Innowise_task_5/airflow_env/lib/python3.8/site-packages/airflow/example_dags/example_xcom.py took 0.056 seconds
[2022-08-04 00:09:10,000] {processor.py:153} INFO - Started process (PID=46303) to work on /home/ndx/Innowise tasks/Innowise_task_5/airflow_env/lib/python3.8/site-packages/airflow/example_dags/example_xcom.py
[2022-08-04 00:09:10,005] {processor.py:641} INFO - Processing file /home/ndx/Innowise tasks/Innowise_task_5/airflow_env/lib/python3.8/site-packages/airflow/example_dags/example_xcom.py for tasks to queue
[2022-08-04 00:09:10,006] {logging_mixin.py:115} INFO - [2022-08-04 00:09:10,006] {dagbag.py:508} INFO - Filling up the DagBag from /home/ndx/Innowise tasks/Innowise_task_5/airflow_env/lib/python3.8/site-packages/airflow/example_dags/example_xcom.py
[2022-08-04 00:09:10,016] {processor.py:651} INFO - DAG(s) dict_keys(['example_xcom']) retrieved from /home/ndx/Innowise tasks/Innowise_task_5/airflow_env/lib/python3.8/site-packages/airflow/example_dags/example_xcom.py
[2022-08-04 00:09:10,042] {logging_mixin.py:115} INFO - [2022-08-04 00:09:10,042] {dag.py:2420} INFO - Sync 1 DAGs
[2022-08-04 00:09:10,049] {logging_mixin.py:115} INFO - [2022-08-04 00:09:10,049] {dag.py:2968} INFO - Setting next_dagrun for example_xcom to 2021-01-01T00:00:00+00:00, run_after=2021-01-01T00:00:00+00:00
[2022-08-04 00:09:10,057] {processor.py:161} INFO - Processing /home/ndx/Innowise tasks/Innowise_task_5/airflow_env/lib/python3.8/site-packages/airflow/example_dags/example_xcom.py took 0.059 seconds
[2022-08-04 00:09:48,819] {processor.py:153} INFO - Started process (PID=46392) to work on /home/ndx/Innowise tasks/Innowise_task_5/airflow_env/lib/python3.8/site-packages/airflow/example_dags/example_xcom.py
[2022-08-04 00:09:48,824] {processor.py:641} INFO - Processing file /home/ndx/Innowise tasks/Innowise_task_5/airflow_env/lib/python3.8/site-packages/airflow/example_dags/example_xcom.py for tasks to queue
[2022-08-04 00:09:48,824] {logging_mixin.py:115} INFO - [2022-08-04 00:09:48,824] {dagbag.py:508} INFO - Filling up the DagBag from /home/ndx/Innowise tasks/Innowise_task_5/airflow_env/lib/python3.8/site-packages/airflow/example_dags/example_xcom.py
[2022-08-04 00:09:48,835] {processor.py:651} INFO - DAG(s) dict_keys(['example_xcom']) retrieved from /home/ndx/Innowise tasks/Innowise_task_5/airflow_env/lib/python3.8/site-packages/airflow/example_dags/example_xcom.py
[2022-08-04 00:09:48,845] {logging_mixin.py:115} INFO - [2022-08-04 00:09:48,845] {dag.py:2420} INFO - Sync 1 DAGs
[2022-08-04 00:09:48,856] {logging_mixin.py:115} INFO - [2022-08-04 00:09:48,856] {dag.py:2968} INFO - Setting next_dagrun for example_xcom to 2021-01-01T00:00:00+00:00, run_after=2021-01-01T00:00:00+00:00
[2022-08-04 00:09:48,864] {processor.py:161} INFO - Processing /home/ndx/Innowise tasks/Innowise_task_5/airflow_env/lib/python3.8/site-packages/airflow/example_dags/example_xcom.py took 0.047 seconds
[2022-08-04 00:10:21,558] {processor.py:153} INFO - Started process (PID=46484) to work on /home/ndx/Innowise tasks/Innowise_task_5/airflow_env/lib/python3.8/site-packages/airflow/example_dags/example_xcom.py
[2022-08-04 00:10:21,564] {processor.py:641} INFO - Processing file /home/ndx/Innowise tasks/Innowise_task_5/airflow_env/lib/python3.8/site-packages/airflow/example_dags/example_xcom.py for tasks to queue
[2022-08-04 00:10:21,564] {logging_mixin.py:115} INFO - [2022-08-04 00:10:21,564] {dagbag.py:508} INFO - Filling up the DagBag from /home/ndx/Innowise tasks/Innowise_task_5/airflow_env/lib/python3.8/site-packages/airflow/example_dags/example_xcom.py
[2022-08-04 00:10:21,574] {processor.py:651} INFO - DAG(s) dict_keys(['example_xcom']) retrieved from /home/ndx/Innowise tasks/Innowise_task_5/airflow_env/lib/python3.8/site-packages/airflow/example_dags/example_xcom.py
[2022-08-04 00:10:21,599] {logging_mixin.py:115} INFO - [2022-08-04 00:10:21,599] {dag.py:2420} INFO - Sync 1 DAGs
[2022-08-04 00:10:21,607] {logging_mixin.py:115} INFO - [2022-08-04 00:10:21,607] {dag.py:2968} INFO - Setting next_dagrun for example_xcom to 2021-01-01T00:00:00+00:00, run_after=2021-01-01T00:00:00+00:00
[2022-08-04 00:10:21,615] {processor.py:161} INFO - Processing /home/ndx/Innowise tasks/Innowise_task_5/airflow_env/lib/python3.8/site-packages/airflow/example_dags/example_xcom.py took 0.059 seconds
[2022-08-04 00:10:55,360] {processor.py:153} INFO - Started process (PID=46559) to work on /home/ndx/Innowise tasks/Innowise_task_5/airflow_env/lib/python3.8/site-packages/airflow/example_dags/example_xcom.py
[2022-08-04 00:10:55,365] {processor.py:641} INFO - Processing file /home/ndx/Innowise tasks/Innowise_task_5/airflow_env/lib/python3.8/site-packages/airflow/example_dags/example_xcom.py for tasks to queue
[2022-08-04 00:10:55,366] {logging_mixin.py:115} INFO - [2022-08-04 00:10:55,366] {dagbag.py:508} INFO - Filling up the DagBag from /home/ndx/Innowise tasks/Innowise_task_5/airflow_env/lib/python3.8/site-packages/airflow/example_dags/example_xcom.py
[2022-08-04 00:10:55,375] {processor.py:651} INFO - DAG(s) dict_keys(['example_xcom']) retrieved from /home/ndx/Innowise tasks/Innowise_task_5/airflow_env/lib/python3.8/site-packages/airflow/example_dags/example_xcom.py
[2022-08-04 00:10:55,383] {logging_mixin.py:115} INFO - [2022-08-04 00:10:55,383] {dag.py:2420} INFO - Sync 1 DAGs
[2022-08-04 00:10:55,393] {logging_mixin.py:115} INFO - [2022-08-04 00:10:55,393] {dag.py:2968} INFO - Setting next_dagrun for example_xcom to 2021-01-01T00:00:00+00:00, run_after=2021-01-01T00:00:00+00:00
[2022-08-04 00:10:55,399] {processor.py:161} INFO - Processing /home/ndx/Innowise tasks/Innowise_task_5/airflow_env/lib/python3.8/site-packages/airflow/example_dags/example_xcom.py took 0.040 seconds
[2022-08-04 00:11:28,218] {processor.py:153} INFO - Started process (PID=46630) to work on /home/ndx/Innowise tasks/Innowise_task_5/airflow_env/lib/python3.8/site-packages/airflow/example_dags/example_xcom.py
[2022-08-04 00:11:28,223] {processor.py:641} INFO - Processing file /home/ndx/Innowise tasks/Innowise_task_5/airflow_env/lib/python3.8/site-packages/airflow/example_dags/example_xcom.py for tasks to queue
[2022-08-04 00:11:28,224] {logging_mixin.py:115} INFO - [2022-08-04 00:11:28,224] {dagbag.py:508} INFO - Filling up the DagBag from /home/ndx/Innowise tasks/Innowise_task_5/airflow_env/lib/python3.8/site-packages/airflow/example_dags/example_xcom.py
[2022-08-04 00:11:28,233] {processor.py:651} INFO - DAG(s) dict_keys(['example_xcom']) retrieved from /home/ndx/Innowise tasks/Innowise_task_5/airflow_env/lib/python3.8/site-packages/airflow/example_dags/example_xcom.py
[2022-08-04 00:11:28,241] {logging_mixin.py:115} INFO - [2022-08-04 00:11:28,241] {dag.py:2420} INFO - Sync 1 DAGs
[2022-08-04 00:11:28,251] {logging_mixin.py:115} INFO - [2022-08-04 00:11:28,251] {dag.py:2968} INFO - Setting next_dagrun for example_xcom to 2021-01-01T00:00:00+00:00, run_after=2021-01-01T00:00:00+00:00
[2022-08-04 00:11:28,257] {processor.py:161} INFO - Processing /home/ndx/Innowise tasks/Innowise_task_5/airflow_env/lib/python3.8/site-packages/airflow/example_dags/example_xcom.py took 0.041 seconds
[2022-08-04 00:12:03,152] {processor.py:153} INFO - Started process (PID=46691) to work on /home/ndx/Innowise tasks/Innowise_task_5/airflow_env/lib/python3.8/site-packages/airflow/example_dags/example_xcom.py
[2022-08-04 00:12:03,157] {processor.py:641} INFO - Processing file /home/ndx/Innowise tasks/Innowise_task_5/airflow_env/lib/python3.8/site-packages/airflow/example_dags/example_xcom.py for tasks to queue
[2022-08-04 00:12:03,158] {logging_mixin.py:115} INFO - [2022-08-04 00:12:03,157] {dagbag.py:508} INFO - Filling up the DagBag from /home/ndx/Innowise tasks/Innowise_task_5/airflow_env/lib/python3.8/site-packages/airflow/example_dags/example_xcom.py
[2022-08-04 00:12:03,168] {processor.py:651} INFO - DAG(s) dict_keys(['example_xcom']) retrieved from /home/ndx/Innowise tasks/Innowise_task_5/airflow_env/lib/python3.8/site-packages/airflow/example_dags/example_xcom.py
[2022-08-04 00:12:03,176] {logging_mixin.py:115} INFO - [2022-08-04 00:12:03,176] {dag.py:2420} INFO - Sync 1 DAGs
[2022-08-04 00:12:03,186] {logging_mixin.py:115} INFO - [2022-08-04 00:12:03,186] {dag.py:2968} INFO - Setting next_dagrun for example_xcom to 2021-01-01T00:00:00+00:00, run_after=2021-01-01T00:00:00+00:00
[2022-08-04 00:12:03,192] {processor.py:161} INFO - Processing /home/ndx/Innowise tasks/Innowise_task_5/airflow_env/lib/python3.8/site-packages/airflow/example_dags/example_xcom.py took 0.042 seconds
[2022-08-04 00:12:37,263] {processor.py:153} INFO - Started process (PID=46756) to work on /home/ndx/Innowise tasks/Innowise_task_5/airflow_env/lib/python3.8/site-packages/airflow/example_dags/example_xcom.py
[2022-08-04 00:12:37,268] {processor.py:641} INFO - Processing file /home/ndx/Innowise tasks/Innowise_task_5/airflow_env/lib/python3.8/site-packages/airflow/example_dags/example_xcom.py for tasks to queue
[2022-08-04 00:12:37,269] {logging_mixin.py:115} INFO - [2022-08-04 00:12:37,268] {dagbag.py:508} INFO - Filling up the DagBag from /home/ndx/Innowise tasks/Innowise_task_5/airflow_env/lib/python3.8/site-packages/airflow/example_dags/example_xcom.py
[2022-08-04 00:12:37,278] {processor.py:651} INFO - DAG(s) dict_keys(['example_xcom']) retrieved from /home/ndx/Innowise tasks/Innowise_task_5/airflow_env/lib/python3.8/site-packages/airflow/example_dags/example_xcom.py
[2022-08-04 00:12:37,290] {logging_mixin.py:115} INFO - [2022-08-04 00:12:37,290] {dag.py:2420} INFO - Sync 1 DAGs
[2022-08-04 00:12:37,302] {logging_mixin.py:115} INFO - [2022-08-04 00:12:37,302] {dag.py:2968} INFO - Setting next_dagrun for example_xcom to 2021-01-01T00:00:00+00:00, run_after=2021-01-01T00:00:00+00:00
[2022-08-04 00:12:37,309] {processor.py:161} INFO - Processing /home/ndx/Innowise tasks/Innowise_task_5/airflow_env/lib/python3.8/site-packages/airflow/example_dags/example_xcom.py took 0.048 seconds
[2022-08-04 00:13:11,829] {processor.py:153} INFO - Started process (PID=46820) to work on /home/ndx/Innowise tasks/Innowise_task_5/airflow_env/lib/python3.8/site-packages/airflow/example_dags/example_xcom.py
[2022-08-04 00:13:11,834] {processor.py:641} INFO - Processing file /home/ndx/Innowise tasks/Innowise_task_5/airflow_env/lib/python3.8/site-packages/airflow/example_dags/example_xcom.py for tasks to queue
[2022-08-04 00:13:11,835] {logging_mixin.py:115} INFO - [2022-08-04 00:13:11,834] {dagbag.py:508} INFO - Filling up the DagBag from /home/ndx/Innowise tasks/Innowise_task_5/airflow_env/lib/python3.8/site-packages/airflow/example_dags/example_xcom.py
[2022-08-04 00:13:11,845] {processor.py:651} INFO - DAG(s) dict_keys(['example_xcom']) retrieved from /home/ndx/Innowise tasks/Innowise_task_5/airflow_env/lib/python3.8/site-packages/airflow/example_dags/example_xcom.py
[2022-08-04 00:13:11,853] {logging_mixin.py:115} INFO - [2022-08-04 00:13:11,853] {dag.py:2420} INFO - Sync 1 DAGs
[2022-08-04 00:13:11,863] {logging_mixin.py:115} INFO - [2022-08-04 00:13:11,863] {dag.py:2968} INFO - Setting next_dagrun for example_xcom to 2021-01-01T00:00:00+00:00, run_after=2021-01-01T00:00:00+00:00
[2022-08-04 00:13:11,870] {processor.py:161} INFO - Processing /home/ndx/Innowise tasks/Innowise_task_5/airflow_env/lib/python3.8/site-packages/airflow/example_dags/example_xcom.py took 0.043 seconds
[2022-08-04 00:13:45,666] {processor.py:153} INFO - Started process (PID=46926) to work on /home/ndx/Innowise tasks/Innowise_task_5/airflow_env/lib/python3.8/site-packages/airflow/example_dags/example_xcom.py
[2022-08-04 00:13:45,666] {processor.py:641} INFO - Processing file /home/ndx/Innowise tasks/Innowise_task_5/airflow_env/lib/python3.8/site-packages/airflow/example_dags/example_xcom.py for tasks to queue
[2022-08-04 00:13:45,667] {logging_mixin.py:115} INFO - [2022-08-04 00:13:45,667] {dagbag.py:508} INFO - Filling up the DagBag from /home/ndx/Innowise tasks/Innowise_task_5/airflow_env/lib/python3.8/site-packages/airflow/example_dags/example_xcom.py
[2022-08-04 00:13:45,676] {processor.py:651} INFO - DAG(s) dict_keys(['example_xcom']) retrieved from /home/ndx/Innowise tasks/Innowise_task_5/airflow_env/lib/python3.8/site-packages/airflow/example_dags/example_xcom.py
[2022-08-04 00:13:45,685] {logging_mixin.py:115} INFO - [2022-08-04 00:13:45,685] {dag.py:2420} INFO - Sync 1 DAGs
[2022-08-04 00:13:45,695] {logging_mixin.py:115} INFO - [2022-08-04 00:13:45,695] {dag.py:2968} INFO - Setting next_dagrun for example_xcom to 2021-01-01T00:00:00+00:00, run_after=2021-01-01T00:00:00+00:00
[2022-08-04 00:13:45,701] {processor.py:161} INFO - Processing /home/ndx/Innowise tasks/Innowise_task_5/airflow_env/lib/python3.8/site-packages/airflow/example_dags/example_xcom.py took 0.037 seconds
[2022-08-04 00:14:18,892] {processor.py:153} INFO - Started process (PID=47039) to work on /home/ndx/Innowise tasks/Innowise_task_5/airflow_env/lib/python3.8/site-packages/airflow/example_dags/example_xcom.py
[2022-08-04 00:14:18,898] {processor.py:641} INFO - Processing file /home/ndx/Innowise tasks/Innowise_task_5/airflow_env/lib/python3.8/site-packages/airflow/example_dags/example_xcom.py for tasks to queue
[2022-08-04 00:14:18,898] {logging_mixin.py:115} INFO - [2022-08-04 00:14:18,898] {dagbag.py:508} INFO - Filling up the DagBag from /home/ndx/Innowise tasks/Innowise_task_5/airflow_env/lib/python3.8/site-packages/airflow/example_dags/example_xcom.py
[2022-08-04 00:14:18,908] {processor.py:651} INFO - DAG(s) dict_keys(['example_xcom']) retrieved from /home/ndx/Innowise tasks/Innowise_task_5/airflow_env/lib/python3.8/site-packages/airflow/example_dags/example_xcom.py
[2022-08-04 00:14:18,917] {logging_mixin.py:115} INFO - [2022-08-04 00:14:18,917] {dag.py:2420} INFO - Sync 1 DAGs
[2022-08-04 00:14:18,927] {logging_mixin.py:115} INFO - [2022-08-04 00:14:18,927] {dag.py:2968} INFO - Setting next_dagrun for example_xcom to 2021-01-01T00:00:00+00:00, run_after=2021-01-01T00:00:00+00:00
[2022-08-04 00:14:18,933] {processor.py:161} INFO - Processing /home/ndx/Innowise tasks/Innowise_task_5/airflow_env/lib/python3.8/site-packages/airflow/example_dags/example_xcom.py took 0.043 seconds
[2022-08-04 00:14:54,338] {processor.py:153} INFO - Started process (PID=47125) to work on /home/ndx/Innowise tasks/Innowise_task_5/airflow_env/lib/python3.8/site-packages/airflow/example_dags/example_xcom.py
[2022-08-04 00:14:54,343] {processor.py:641} INFO - Processing file /home/ndx/Innowise tasks/Innowise_task_5/airflow_env/lib/python3.8/site-packages/airflow/example_dags/example_xcom.py for tasks to queue
[2022-08-04 00:14:54,344] {logging_mixin.py:115} INFO - [2022-08-04 00:14:54,344] {dagbag.py:508} INFO - Filling up the DagBag from /home/ndx/Innowise tasks/Innowise_task_5/airflow_env/lib/python3.8/site-packages/airflow/example_dags/example_xcom.py
[2022-08-04 00:14:54,354] {processor.py:651} INFO - DAG(s) dict_keys(['example_xcom']) retrieved from /home/ndx/Innowise tasks/Innowise_task_5/airflow_env/lib/python3.8/site-packages/airflow/example_dags/example_xcom.py
[2022-08-04 00:14:54,362] {logging_mixin.py:115} INFO - [2022-08-04 00:14:54,362] {dag.py:2420} INFO - Sync 1 DAGs
[2022-08-04 00:14:54,372] {logging_mixin.py:115} INFO - [2022-08-04 00:14:54,372] {dag.py:2968} INFO - Setting next_dagrun for example_xcom to 2021-01-01T00:00:00+00:00, run_after=2021-01-01T00:00:00+00:00
[2022-08-04 00:14:54,380] {processor.py:161} INFO - Processing /home/ndx/Innowise tasks/Innowise_task_5/airflow_env/lib/python3.8/site-packages/airflow/example_dags/example_xcom.py took 0.044 seconds
[2022-08-04 00:15:31,047] {processor.py:153} INFO - Started process (PID=47230) to work on /home/ndx/Innowise tasks/Innowise_task_5/airflow_env/lib/python3.8/site-packages/airflow/example_dags/example_xcom.py
[2022-08-04 00:15:31,052] {processor.py:641} INFO - Processing file /home/ndx/Innowise tasks/Innowise_task_5/airflow_env/lib/python3.8/site-packages/airflow/example_dags/example_xcom.py for tasks to queue
[2022-08-04 00:15:31,053] {logging_mixin.py:115} INFO - [2022-08-04 00:15:31,052] {dagbag.py:508} INFO - Filling up the DagBag from /home/ndx/Innowise tasks/Innowise_task_5/airflow_env/lib/python3.8/site-packages/airflow/example_dags/example_xcom.py
[2022-08-04 00:15:31,063] {processor.py:651} INFO - DAG(s) dict_keys(['example_xcom']) retrieved from /home/ndx/Innowise tasks/Innowise_task_5/airflow_env/lib/python3.8/site-packages/airflow/example_dags/example_xcom.py
[2022-08-04 00:15:31,086] {logging_mixin.py:115} INFO - [2022-08-04 00:15:31,086] {dag.py:2420} INFO - Sync 1 DAGs
[2022-08-04 00:15:31,094] {logging_mixin.py:115} INFO - [2022-08-04 00:15:31,094] {dag.py:2968} INFO - Setting next_dagrun for example_xcom to 2021-01-01T00:00:00+00:00, run_after=2021-01-01T00:00:00+00:00
[2022-08-04 00:15:31,101] {processor.py:161} INFO - Processing /home/ndx/Innowise tasks/Innowise_task_5/airflow_env/lib/python3.8/site-packages/airflow/example_dags/example_xcom.py took 0.056 seconds
[2022-08-04 00:16:05,914] {processor.py:153} INFO - Started process (PID=47270) to work on /home/ndx/Innowise tasks/Innowise_task_5/airflow_env/lib/python3.8/site-packages/airflow/example_dags/example_xcom.py
[2022-08-04 00:16:05,919] {processor.py:641} INFO - Processing file /home/ndx/Innowise tasks/Innowise_task_5/airflow_env/lib/python3.8/site-packages/airflow/example_dags/example_xcom.py for tasks to queue
[2022-08-04 00:16:05,920] {logging_mixin.py:115} INFO - [2022-08-04 00:16:05,920] {dagbag.py:508} INFO - Filling up the DagBag from /home/ndx/Innowise tasks/Innowise_task_5/airflow_env/lib/python3.8/site-packages/airflow/example_dags/example_xcom.py
[2022-08-04 00:16:05,930] {processor.py:651} INFO - DAG(s) dict_keys(['example_xcom']) retrieved from /home/ndx/Innowise tasks/Innowise_task_5/airflow_env/lib/python3.8/site-packages/airflow/example_dags/example_xcom.py
[2022-08-04 00:16:05,954] {logging_mixin.py:115} INFO - [2022-08-04 00:16:05,954] {dag.py:2420} INFO - Sync 1 DAGs
[2022-08-04 00:16:05,962] {logging_mixin.py:115} INFO - [2022-08-04 00:16:05,962] {dag.py:2968} INFO - Setting next_dagrun for example_xcom to 2021-01-01T00:00:00+00:00, run_after=2021-01-01T00:00:00+00:00
[2022-08-04 00:16:05,968] {processor.py:161} INFO - Processing /home/ndx/Innowise tasks/Innowise_task_5/airflow_env/lib/python3.8/site-packages/airflow/example_dags/example_xcom.py took 0.056 seconds
[2022-08-04 00:16:39,060] {processor.py:153} INFO - Started process (PID=47365) to work on /home/ndx/Innowise tasks/Innowise_task_5/airflow_env/lib/python3.8/site-packages/airflow/example_dags/example_xcom.py
[2022-08-04 00:16:39,065] {processor.py:641} INFO - Processing file /home/ndx/Innowise tasks/Innowise_task_5/airflow_env/lib/python3.8/site-packages/airflow/example_dags/example_xcom.py for tasks to queue
[2022-08-04 00:16:39,066] {logging_mixin.py:115} INFO - [2022-08-04 00:16:39,066] {dagbag.py:508} INFO - Filling up the DagBag from /home/ndx/Innowise tasks/Innowise_task_5/airflow_env/lib/python3.8/site-packages/airflow/example_dags/example_xcom.py
[2022-08-04 00:16:39,078] {processor.py:651} INFO - DAG(s) dict_keys(['example_xcom']) retrieved from /home/ndx/Innowise tasks/Innowise_task_5/airflow_env/lib/python3.8/site-packages/airflow/example_dags/example_xcom.py
[2022-08-04 00:16:39,111] {logging_mixin.py:115} INFO - [2022-08-04 00:16:39,111] {dag.py:2420} INFO - Sync 1 DAGs
[2022-08-04 00:16:39,124] {logging_mixin.py:115} INFO - [2022-08-04 00:16:39,124] {dag.py:2968} INFO - Setting next_dagrun for example_xcom to 2021-01-01T00:00:00+00:00, run_after=2021-01-01T00:00:00+00:00
[2022-08-04 00:16:39,135] {processor.py:161} INFO - Processing /home/ndx/Innowise tasks/Innowise_task_5/airflow_env/lib/python3.8/site-packages/airflow/example_dags/example_xcom.py took 0.078 seconds
[2022-08-04 00:17:14,318] {processor.py:153} INFO - Started process (PID=47457) to work on /home/ndx/Innowise tasks/Innowise_task_5/airflow_env/lib/python3.8/site-packages/airflow/example_dags/example_xcom.py
[2022-08-04 00:17:14,323] {processor.py:641} INFO - Processing file /home/ndx/Innowise tasks/Innowise_task_5/airflow_env/lib/python3.8/site-packages/airflow/example_dags/example_xcom.py for tasks to queue
[2022-08-04 00:17:14,324] {logging_mixin.py:115} INFO - [2022-08-04 00:17:14,324] {dagbag.py:508} INFO - Filling up the DagBag from /home/ndx/Innowise tasks/Innowise_task_5/airflow_env/lib/python3.8/site-packages/airflow/example_dags/example_xcom.py
[2022-08-04 00:17:14,335] {processor.py:651} INFO - DAG(s) dict_keys(['example_xcom']) retrieved from /home/ndx/Innowise tasks/Innowise_task_5/airflow_env/lib/python3.8/site-packages/airflow/example_dags/example_xcom.py
[2022-08-04 00:17:14,359] {logging_mixin.py:115} INFO - [2022-08-04 00:17:14,359] {dag.py:2420} INFO - Sync 1 DAGs
[2022-08-04 00:17:14,367] {logging_mixin.py:115} INFO - [2022-08-04 00:17:14,367] {dag.py:2968} INFO - Setting next_dagrun for example_xcom to 2021-01-01T00:00:00+00:00, run_after=2021-01-01T00:00:00+00:00
[2022-08-04 00:17:14,377] {processor.py:161} INFO - Processing /home/ndx/Innowise tasks/Innowise_task_5/airflow_env/lib/python3.8/site-packages/airflow/example_dags/example_xcom.py took 0.061 seconds
[2022-08-04 00:17:55,085] {processor.py:153} INFO - Started process (PID=47555) to work on /home/ndx/Innowise tasks/Innowise_task_5/airflow_env/lib/python3.8/site-packages/airflow/example_dags/example_xcom.py
[2022-08-04 00:17:55,085] {processor.py:641} INFO - Processing file /home/ndx/Innowise tasks/Innowise_task_5/airflow_env/lib/python3.8/site-packages/airflow/example_dags/example_xcom.py for tasks to queue
[2022-08-04 00:17:55,086] {logging_mixin.py:115} INFO - [2022-08-04 00:17:55,086] {dagbag.py:508} INFO - Filling up the DagBag from /home/ndx/Innowise tasks/Innowise_task_5/airflow_env/lib/python3.8/site-packages/airflow/example_dags/example_xcom.py
[2022-08-04 00:17:55,095] {processor.py:651} INFO - DAG(s) dict_keys(['example_xcom']) retrieved from /home/ndx/Innowise tasks/Innowise_task_5/airflow_env/lib/python3.8/site-packages/airflow/example_dags/example_xcom.py
[2022-08-04 00:17:55,106] {logging_mixin.py:115} INFO - [2022-08-04 00:17:55,105] {dag.py:2420} INFO - Sync 1 DAGs
[2022-08-04 00:17:55,118] {logging_mixin.py:115} INFO - [2022-08-04 00:17:55,118] {dag.py:2968} INFO - Setting next_dagrun for example_xcom to 2021-01-01T00:00:00+00:00, run_after=2021-01-01T00:00:00+00:00
[2022-08-04 00:17:55,124] {processor.py:161} INFO - Processing /home/ndx/Innowise tasks/Innowise_task_5/airflow_env/lib/python3.8/site-packages/airflow/example_dags/example_xcom.py took 0.041 seconds
[2022-08-04 00:18:28,330] {processor.py:153} INFO - Started process (PID=47595) to work on /home/ndx/Innowise tasks/Innowise_task_5/airflow_env/lib/python3.8/site-packages/airflow/example_dags/example_xcom.py
[2022-08-04 00:18:28,330] {processor.py:641} INFO - Processing file /home/ndx/Innowise tasks/Innowise_task_5/airflow_env/lib/python3.8/site-packages/airflow/example_dags/example_xcom.py for tasks to queue
[2022-08-04 00:18:28,331] {logging_mixin.py:115} INFO - [2022-08-04 00:18:28,331] {dagbag.py:508} INFO - Filling up the DagBag from /home/ndx/Innowise tasks/Innowise_task_5/airflow_env/lib/python3.8/site-packages/airflow/example_dags/example_xcom.py
[2022-08-04 00:18:28,340] {processor.py:651} INFO - DAG(s) dict_keys(['example_xcom']) retrieved from /home/ndx/Innowise tasks/Innowise_task_5/airflow_env/lib/python3.8/site-packages/airflow/example_dags/example_xcom.py
[2022-08-04 00:18:28,349] {logging_mixin.py:115} INFO - [2022-08-04 00:18:28,349] {dag.py:2420} INFO - Sync 1 DAGs
[2022-08-04 00:18:28,359] {logging_mixin.py:115} INFO - [2022-08-04 00:18:28,358] {dag.py:2968} INFO - Setting next_dagrun for example_xcom to 2021-01-01T00:00:00+00:00, run_after=2021-01-01T00:00:00+00:00
[2022-08-04 00:18:28,365] {processor.py:161} INFO - Processing /home/ndx/Innowise tasks/Innowise_task_5/airflow_env/lib/python3.8/site-packages/airflow/example_dags/example_xcom.py took 0.037 seconds
[2022-08-04 00:19:03,137] {processor.py:153} INFO - Started process (PID=47755) to work on /home/ndx/Innowise tasks/Innowise_task_5/airflow_env/lib/python3.8/site-packages/airflow/example_dags/example_xcom.py
[2022-08-04 00:19:03,143] {processor.py:641} INFO - Processing file /home/ndx/Innowise tasks/Innowise_task_5/airflow_env/lib/python3.8/site-packages/airflow/example_dags/example_xcom.py for tasks to queue
[2022-08-04 00:19:03,143] {logging_mixin.py:115} INFO - [2022-08-04 00:19:03,143] {dagbag.py:508} INFO - Filling up the DagBag from /home/ndx/Innowise tasks/Innowise_task_5/airflow_env/lib/python3.8/site-packages/airflow/example_dags/example_xcom.py
[2022-08-04 00:19:03,153] {processor.py:651} INFO - DAG(s) dict_keys(['example_xcom']) retrieved from /home/ndx/Innowise tasks/Innowise_task_5/airflow_env/lib/python3.8/site-packages/airflow/example_dags/example_xcom.py
[2022-08-04 00:19:03,161] {logging_mixin.py:115} INFO - [2022-08-04 00:19:03,161] {dag.py:2420} INFO - Sync 1 DAGs
[2022-08-04 00:19:03,170] {logging_mixin.py:115} INFO - [2022-08-04 00:19:03,170] {dag.py:2968} INFO - Setting next_dagrun for example_xcom to 2021-01-01T00:00:00+00:00, run_after=2021-01-01T00:00:00+00:00
[2022-08-04 00:19:03,179] {processor.py:161} INFO - Processing /home/ndx/Innowise tasks/Innowise_task_5/airflow_env/lib/python3.8/site-packages/airflow/example_dags/example_xcom.py took 0.043 seconds
[2022-08-04 00:19:37,328] {processor.py:153} INFO - Started process (PID=47852) to work on /home/ndx/Innowise tasks/Innowise_task_5/airflow_env/lib/python3.8/site-packages/airflow/example_dags/example_xcom.py
[2022-08-04 00:19:37,333] {processor.py:641} INFO - Processing file /home/ndx/Innowise tasks/Innowise_task_5/airflow_env/lib/python3.8/site-packages/airflow/example_dags/example_xcom.py for tasks to queue
[2022-08-04 00:19:37,334] {logging_mixin.py:115} INFO - [2022-08-04 00:19:37,334] {dagbag.py:508} INFO - Filling up the DagBag from /home/ndx/Innowise tasks/Innowise_task_5/airflow_env/lib/python3.8/site-packages/airflow/example_dags/example_xcom.py
[2022-08-04 00:19:37,344] {processor.py:651} INFO - DAG(s) dict_keys(['example_xcom']) retrieved from /home/ndx/Innowise tasks/Innowise_task_5/airflow_env/lib/python3.8/site-packages/airflow/example_dags/example_xcom.py
[2022-08-04 00:19:37,353] {logging_mixin.py:115} INFO - [2022-08-04 00:19:37,353] {dag.py:2420} INFO - Sync 1 DAGs
[2022-08-04 00:19:37,363] {logging_mixin.py:115} INFO - [2022-08-04 00:19:37,363] {dag.py:2968} INFO - Setting next_dagrun for example_xcom to 2021-01-01T00:00:00+00:00, run_after=2021-01-01T00:00:00+00:00
[2022-08-04 00:19:37,369] {processor.py:161} INFO - Processing /home/ndx/Innowise tasks/Innowise_task_5/airflow_env/lib/python3.8/site-packages/airflow/example_dags/example_xcom.py took 0.043 seconds
[2022-08-04 00:20:11,020] {processor.py:153} INFO - Started process (PID=47938) to work on /home/ndx/Innowise tasks/Innowise_task_5/airflow_env/lib/python3.8/site-packages/airflow/example_dags/example_xcom.py
[2022-08-04 00:20:11,026] {processor.py:641} INFO - Processing file /home/ndx/Innowise tasks/Innowise_task_5/airflow_env/lib/python3.8/site-packages/airflow/example_dags/example_xcom.py for tasks to queue
[2022-08-04 00:20:11,027] {logging_mixin.py:115} INFO - [2022-08-04 00:20:11,027] {dagbag.py:508} INFO - Filling up the DagBag from /home/ndx/Innowise tasks/Innowise_task_5/airflow_env/lib/python3.8/site-packages/airflow/example_dags/example_xcom.py
[2022-08-04 00:20:11,037] {processor.py:651} INFO - DAG(s) dict_keys(['example_xcom']) retrieved from /home/ndx/Innowise tasks/Innowise_task_5/airflow_env/lib/python3.8/site-packages/airflow/example_dags/example_xcom.py
[2022-08-04 00:20:11,048] {logging_mixin.py:115} INFO - [2022-08-04 00:20:11,048] {dag.py:2420} INFO - Sync 1 DAGs
[2022-08-04 00:20:11,059] {logging_mixin.py:115} INFO - [2022-08-04 00:20:11,059] {dag.py:2968} INFO - Setting next_dagrun for example_xcom to 2021-01-01T00:00:00+00:00, run_after=2021-01-01T00:00:00+00:00
[2022-08-04 00:20:11,066] {processor.py:161} INFO - Processing /home/ndx/Innowise tasks/Innowise_task_5/airflow_env/lib/python3.8/site-packages/airflow/example_dags/example_xcom.py took 0.047 seconds
[2022-08-04 00:20:45,570] {processor.py:153} INFO - Started process (PID=48013) to work on /home/ndx/Innowise tasks/Innowise_task_5/airflow_env/lib/python3.8/site-packages/airflow/example_dags/example_xcom.py
[2022-08-04 00:20:45,571] {processor.py:641} INFO - Processing file /home/ndx/Innowise tasks/Innowise_task_5/airflow_env/lib/python3.8/site-packages/airflow/example_dags/example_xcom.py for tasks to queue
[2022-08-04 00:20:45,571] {logging_mixin.py:115} INFO - [2022-08-04 00:20:45,571] {dagbag.py:508} INFO - Filling up the DagBag from /home/ndx/Innowise tasks/Innowise_task_5/airflow_env/lib/python3.8/site-packages/airflow/example_dags/example_xcom.py
[2022-08-04 00:20:45,581] {processor.py:651} INFO - DAG(s) dict_keys(['example_xcom']) retrieved from /home/ndx/Innowise tasks/Innowise_task_5/airflow_env/lib/python3.8/site-packages/airflow/example_dags/example_xcom.py
[2022-08-04 00:20:45,604] {logging_mixin.py:115} INFO - [2022-08-04 00:20:45,604] {dag.py:2420} INFO - Sync 1 DAGs
[2022-08-04 00:20:45,611] {logging_mixin.py:115} INFO - [2022-08-04 00:20:45,611] {dag.py:2968} INFO - Setting next_dagrun for example_xcom to 2021-01-01T00:00:00+00:00, run_after=2021-01-01T00:00:00+00:00
[2022-08-04 00:20:45,619] {processor.py:161} INFO - Processing /home/ndx/Innowise tasks/Innowise_task_5/airflow_env/lib/python3.8/site-packages/airflow/example_dags/example_xcom.py took 0.050 seconds
[2022-08-04 00:21:16,529] {processor.py:153} INFO - Started process (PID=48129) to work on /home/ndx/Innowise tasks/Innowise_task_5/airflow_env/lib/python3.8/site-packages/airflow/example_dags/example_xcom.py
[2022-08-04 00:21:16,529] {processor.py:641} INFO - Processing file /home/ndx/Innowise tasks/Innowise_task_5/airflow_env/lib/python3.8/site-packages/airflow/example_dags/example_xcom.py for tasks to queue
[2022-08-04 00:21:16,530] {logging_mixin.py:115} INFO - [2022-08-04 00:21:16,530] {dagbag.py:508} INFO - Filling up the DagBag from /home/ndx/Innowise tasks/Innowise_task_5/airflow_env/lib/python3.8/site-packages/airflow/example_dags/example_xcom.py
[2022-08-04 00:21:16,539] {processor.py:651} INFO - DAG(s) dict_keys(['example_xcom']) retrieved from /home/ndx/Innowise tasks/Innowise_task_5/airflow_env/lib/python3.8/site-packages/airflow/example_dags/example_xcom.py
[2022-08-04 00:21:16,548] {logging_mixin.py:115} INFO - [2022-08-04 00:21:16,548] {dag.py:2420} INFO - Sync 1 DAGs
[2022-08-04 00:21:16,559] {logging_mixin.py:115} INFO - [2022-08-04 00:21:16,559] {dag.py:2968} INFO - Setting next_dagrun for example_xcom to 2021-01-01T00:00:00+00:00, run_after=2021-01-01T00:00:00+00:00
[2022-08-04 00:21:16,566] {processor.py:161} INFO - Processing /home/ndx/Innowise tasks/Innowise_task_5/airflow_env/lib/python3.8/site-packages/airflow/example_dags/example_xcom.py took 0.039 seconds
[2022-08-04 00:21:51,864] {processor.py:153} INFO - Started process (PID=48171) to work on /home/ndx/Innowise tasks/Innowise_task_5/airflow_env/lib/python3.8/site-packages/airflow/example_dags/example_xcom.py
[2022-08-04 00:21:51,869] {processor.py:641} INFO - Processing file /home/ndx/Innowise tasks/Innowise_task_5/airflow_env/lib/python3.8/site-packages/airflow/example_dags/example_xcom.py for tasks to queue
[2022-08-04 00:21:51,869] {logging_mixin.py:115} INFO - [2022-08-04 00:21:51,869] {dagbag.py:508} INFO - Filling up the DagBag from /home/ndx/Innowise tasks/Innowise_task_5/airflow_env/lib/python3.8/site-packages/airflow/example_dags/example_xcom.py
[2022-08-04 00:21:51,880] {processor.py:651} INFO - DAG(s) dict_keys(['example_xcom']) retrieved from /home/ndx/Innowise tasks/Innowise_task_5/airflow_env/lib/python3.8/site-packages/airflow/example_dags/example_xcom.py
[2022-08-04 00:21:51,888] {logging_mixin.py:115} INFO - [2022-08-04 00:21:51,888] {dag.py:2420} INFO - Sync 1 DAGs
[2022-08-04 00:21:51,899] {logging_mixin.py:115} INFO - [2022-08-04 00:21:51,899] {dag.py:2968} INFO - Setting next_dagrun for example_xcom to 2021-01-01T00:00:00+00:00, run_after=2021-01-01T00:00:00+00:00
[2022-08-04 00:21:51,905] {processor.py:161} INFO - Processing /home/ndx/Innowise tasks/Innowise_task_5/airflow_env/lib/python3.8/site-packages/airflow/example_dags/example_xcom.py took 0.043 seconds
[2022-08-04 00:22:26,809] {processor.py:153} INFO - Started process (PID=48249) to work on /home/ndx/Innowise tasks/Innowise_task_5/airflow_env/lib/python3.8/site-packages/airflow/example_dags/example_xcom.py
[2022-08-04 00:22:26,815] {processor.py:641} INFO - Processing file /home/ndx/Innowise tasks/Innowise_task_5/airflow_env/lib/python3.8/site-packages/airflow/example_dags/example_xcom.py for tasks to queue
[2022-08-04 00:22:26,815] {logging_mixin.py:115} INFO - [2022-08-04 00:22:26,815] {dagbag.py:508} INFO - Filling up the DagBag from /home/ndx/Innowise tasks/Innowise_task_5/airflow_env/lib/python3.8/site-packages/airflow/example_dags/example_xcom.py
[2022-08-04 00:22:26,825] {processor.py:651} INFO - DAG(s) dict_keys(['example_xcom']) retrieved from /home/ndx/Innowise tasks/Innowise_task_5/airflow_env/lib/python3.8/site-packages/airflow/example_dags/example_xcom.py
[2022-08-04 00:22:26,833] {logging_mixin.py:115} INFO - [2022-08-04 00:22:26,833] {dag.py:2420} INFO - Sync 1 DAGs
[2022-08-04 00:22:26,843] {logging_mixin.py:115} INFO - [2022-08-04 00:22:26,843] {dag.py:2968} INFO - Setting next_dagrun for example_xcom to 2021-01-01T00:00:00+00:00, run_after=2021-01-01T00:00:00+00:00
[2022-08-04 00:22:26,849] {processor.py:161} INFO - Processing /home/ndx/Innowise tasks/Innowise_task_5/airflow_env/lib/python3.8/site-packages/airflow/example_dags/example_xcom.py took 0.041 seconds
[2022-08-04 00:23:02,103] {processor.py:153} INFO - Started process (PID=48298) to work on /home/ndx/Innowise tasks/Innowise_task_5/airflow_env/lib/python3.8/site-packages/airflow/example_dags/example_xcom.py
[2022-08-04 00:23:02,108] {processor.py:641} INFO - Processing file /home/ndx/Innowise tasks/Innowise_task_5/airflow_env/lib/python3.8/site-packages/airflow/example_dags/example_xcom.py for tasks to queue
[2022-08-04 00:23:02,109] {logging_mixin.py:115} INFO - [2022-08-04 00:23:02,109] {dagbag.py:508} INFO - Filling up the DagBag from /home/ndx/Innowise tasks/Innowise_task_5/airflow_env/lib/python3.8/site-packages/airflow/example_dags/example_xcom.py
[2022-08-04 00:23:02,119] {processor.py:651} INFO - DAG(s) dict_keys(['example_xcom']) retrieved from /home/ndx/Innowise tasks/Innowise_task_5/airflow_env/lib/python3.8/site-packages/airflow/example_dags/example_xcom.py
[2022-08-04 00:23:02,128] {logging_mixin.py:115} INFO - [2022-08-04 00:23:02,128] {dag.py:2420} INFO - Sync 1 DAGs
[2022-08-04 00:23:02,139] {logging_mixin.py:115} INFO - [2022-08-04 00:23:02,139] {dag.py:2968} INFO - Setting next_dagrun for example_xcom to 2021-01-01T00:00:00+00:00, run_after=2021-01-01T00:00:00+00:00
[2022-08-04 00:23:02,145] {processor.py:161} INFO - Processing /home/ndx/Innowise tasks/Innowise_task_5/airflow_env/lib/python3.8/site-packages/airflow/example_dags/example_xcom.py took 0.044 seconds
[2022-08-04 00:23:53,028] {processor.py:153} INFO - Started process (PID=48425) to work on /home/ndx/Innowise tasks/Innowise_task_5/airflow_env/lib/python3.8/site-packages/airflow/example_dags/example_xcom.py
[2022-08-04 00:23:53,031] {processor.py:641} INFO - Processing file /home/ndx/Innowise tasks/Innowise_task_5/airflow_env/lib/python3.8/site-packages/airflow/example_dags/example_xcom.py for tasks to queue
[2022-08-04 00:23:53,032] {logging_mixin.py:115} INFO - [2022-08-04 00:23:53,032] {dagbag.py:508} INFO - Filling up the DagBag from /home/ndx/Innowise tasks/Innowise_task_5/airflow_env/lib/python3.8/site-packages/airflow/example_dags/example_xcom.py
[2022-08-04 00:23:53,042] {processor.py:651} INFO - DAG(s) dict_keys(['example_xcom']) retrieved from /home/ndx/Innowise tasks/Innowise_task_5/airflow_env/lib/python3.8/site-packages/airflow/example_dags/example_xcom.py
[2022-08-04 00:23:53,067] {logging_mixin.py:115} INFO - [2022-08-04 00:23:53,067] {dag.py:2420} INFO - Sync 1 DAGs
[2022-08-04 00:23:53,075] {logging_mixin.py:115} INFO - [2022-08-04 00:23:53,075] {dag.py:2968} INFO - Setting next_dagrun for example_xcom to 2021-01-01T00:00:00+00:00, run_after=2021-01-01T00:00:00+00:00
[2022-08-04 00:23:53,082] {processor.py:161} INFO - Processing /home/ndx/Innowise tasks/Innowise_task_5/airflow_env/lib/python3.8/site-packages/airflow/example_dags/example_xcom.py took 0.055 seconds
