[2022-08-04 00:00:28,643] {processor.py:153} INFO - Started process (PID=44795) to work on /home/ndx/Innowise tasks/Innowise_task_5/airflow_env/lib/python3.8/site-packages/airflow/example_dags/example_nested_branch_dag.py
[2022-08-04 00:00:28,643] {processor.py:641} INFO - Processing file /home/ndx/Innowise tasks/Innowise_task_5/airflow_env/lib/python3.8/site-packages/airflow/example_dags/example_nested_branch_dag.py for tasks to queue
[2022-08-04 00:00:28,644] {logging_mixin.py:115} INFO - [2022-08-04 00:00:28,644] {dagbag.py:508} INFO - Filling up the DagBag from /home/ndx/Innowise tasks/Innowise_task_5/airflow_env/lib/python3.8/site-packages/airflow/example_dags/example_nested_branch_dag.py
[2022-08-04 00:00:28,649] {processor.py:651} INFO - DAG(s) dict_keys(['example_nested_branch_dag']) retrieved from /home/ndx/Innowise tasks/Innowise_task_5/airflow_env/lib/python3.8/site-packages/airflow/example_dags/example_nested_branch_dag.py
[2022-08-04 00:00:28,658] {logging_mixin.py:115} INFO - [2022-08-04 00:00:28,658] {dag.py:2420} INFO - Sync 1 DAGs
[2022-08-04 00:00:28,668] {logging_mixin.py:115} INFO - [2022-08-04 00:00:28,668] {dag.py:2968} INFO - Setting next_dagrun for example_nested_branch_dag to 2022-08-02T00:00:00+00:00, run_after=2022-08-03T00:00:00+00:00
[2022-08-04 00:00:28,682] {processor.py:161} INFO - Processing /home/ndx/Innowise tasks/Innowise_task_5/airflow_env/lib/python3.8/site-packages/airflow/example_dags/example_nested_branch_dag.py took 0.040 seconds
[2022-08-04 00:01:00,446] {processor.py:153} INFO - Started process (PID=44962) to work on /home/ndx/Innowise tasks/Innowise_task_5/airflow_env/lib/python3.8/site-packages/airflow/example_dags/example_nested_branch_dag.py
[2022-08-04 00:01:00,452] {processor.py:641} INFO - Processing file /home/ndx/Innowise tasks/Innowise_task_5/airflow_env/lib/python3.8/site-packages/airflow/example_dags/example_nested_branch_dag.py for tasks to queue
[2022-08-04 00:01:00,452] {logging_mixin.py:115} INFO - [2022-08-04 00:01:00,452] {dagbag.py:508} INFO - Filling up the DagBag from /home/ndx/Innowise tasks/Innowise_task_5/airflow_env/lib/python3.8/site-packages/airflow/example_dags/example_nested_branch_dag.py
[2022-08-04 00:01:00,461] {processor.py:651} INFO - DAG(s) dict_keys(['example_nested_branch_dag']) retrieved from /home/ndx/Innowise tasks/Innowise_task_5/airflow_env/lib/python3.8/site-packages/airflow/example_dags/example_nested_branch_dag.py
[2022-08-04 00:01:00,470] {logging_mixin.py:115} INFO - [2022-08-04 00:01:00,470] {dag.py:2420} INFO - Sync 1 DAGs
[2022-08-04 00:01:00,480] {logging_mixin.py:115} INFO - [2022-08-04 00:01:00,480] {dag.py:2968} INFO - Setting next_dagrun for example_nested_branch_dag to 2022-08-02T00:00:00+00:00, run_after=2022-08-03T00:00:00+00:00
[2022-08-04 00:01:00,487] {processor.py:161} INFO - Processing /home/ndx/Innowise tasks/Innowise_task_5/airflow_env/lib/python3.8/site-packages/airflow/example_dags/example_nested_branch_dag.py took 0.043 seconds
[2022-08-04 00:01:36,912] {processor.py:153} INFO - Started process (PID=45093) to work on /home/ndx/Innowise tasks/Innowise_task_5/airflow_env/lib/python3.8/site-packages/airflow/example_dags/example_nested_branch_dag.py
[2022-08-04 00:01:36,917] {processor.py:641} INFO - Processing file /home/ndx/Innowise tasks/Innowise_task_5/airflow_env/lib/python3.8/site-packages/airflow/example_dags/example_nested_branch_dag.py for tasks to queue
[2022-08-04 00:01:36,917] {logging_mixin.py:115} INFO - [2022-08-04 00:01:36,917] {dagbag.py:508} INFO - Filling up the DagBag from /home/ndx/Innowise tasks/Innowise_task_5/airflow_env/lib/python3.8/site-packages/airflow/example_dags/example_nested_branch_dag.py
[2022-08-04 00:01:36,923] {processor.py:651} INFO - DAG(s) dict_keys(['example_nested_branch_dag']) retrieved from /home/ndx/Innowise tasks/Innowise_task_5/airflow_env/lib/python3.8/site-packages/airflow/example_dags/example_nested_branch_dag.py
[2022-08-04 00:01:36,932] {logging_mixin.py:115} INFO - [2022-08-04 00:01:36,932] {dag.py:2420} INFO - Sync 1 DAGs
[2022-08-04 00:01:36,942] {logging_mixin.py:115} INFO - [2022-08-04 00:01:36,942] {dag.py:2968} INFO - Setting next_dagrun for example_nested_branch_dag to 2022-08-02T00:00:00+00:00, run_after=2022-08-03T00:00:00+00:00
[2022-08-04 00:01:36,949] {processor.py:161} INFO - Processing /home/ndx/Innowise tasks/Innowise_task_5/airflow_env/lib/python3.8/site-packages/airflow/example_dags/example_nested_branch_dag.py took 0.040 seconds
[2022-08-04 00:02:10,399] {processor.py:153} INFO - Started process (PID=45208) to work on /home/ndx/Innowise tasks/Innowise_task_5/airflow_env/lib/python3.8/site-packages/airflow/example_dags/example_nested_branch_dag.py
[2022-08-04 00:02:10,405] {processor.py:641} INFO - Processing file /home/ndx/Innowise tasks/Innowise_task_5/airflow_env/lib/python3.8/site-packages/airflow/example_dags/example_nested_branch_dag.py for tasks to queue
[2022-08-04 00:02:10,405] {logging_mixin.py:115} INFO - [2022-08-04 00:02:10,405] {dagbag.py:508} INFO - Filling up the DagBag from /home/ndx/Innowise tasks/Innowise_task_5/airflow_env/lib/python3.8/site-packages/airflow/example_dags/example_nested_branch_dag.py
[2022-08-04 00:02:10,412] {processor.py:651} INFO - DAG(s) dict_keys(['example_nested_branch_dag']) retrieved from /home/ndx/Innowise tasks/Innowise_task_5/airflow_env/lib/python3.8/site-packages/airflow/example_dags/example_nested_branch_dag.py
[2022-08-04 00:02:10,420] {logging_mixin.py:115} INFO - [2022-08-04 00:02:10,420] {dag.py:2420} INFO - Sync 1 DAGs
[2022-08-04 00:02:10,430] {logging_mixin.py:115} INFO - [2022-08-04 00:02:10,430] {dag.py:2968} INFO - Setting next_dagrun for example_nested_branch_dag to 2022-08-02T00:00:00+00:00, run_after=2022-08-03T00:00:00+00:00
[2022-08-04 00:02:10,437] {processor.py:161} INFO - Processing /home/ndx/Innowise tasks/Innowise_task_5/airflow_env/lib/python3.8/site-packages/airflow/example_dags/example_nested_branch_dag.py took 0.039 seconds
[2022-08-04 00:02:45,240] {processor.py:153} INFO - Started process (PID=45331) to work on /home/ndx/Innowise tasks/Innowise_task_5/airflow_env/lib/python3.8/site-packages/airflow/example_dags/example_nested_branch_dag.py
[2022-08-04 00:02:45,245] {processor.py:641} INFO - Processing file /home/ndx/Innowise tasks/Innowise_task_5/airflow_env/lib/python3.8/site-packages/airflow/example_dags/example_nested_branch_dag.py for tasks to queue
[2022-08-04 00:02:45,246] {logging_mixin.py:115} INFO - [2022-08-04 00:02:45,246] {dagbag.py:508} INFO - Filling up the DagBag from /home/ndx/Innowise tasks/Innowise_task_5/airflow_env/lib/python3.8/site-packages/airflow/example_dags/example_nested_branch_dag.py
[2022-08-04 00:02:45,252] {processor.py:651} INFO - DAG(s) dict_keys(['example_nested_branch_dag']) retrieved from /home/ndx/Innowise tasks/Innowise_task_5/airflow_env/lib/python3.8/site-packages/airflow/example_dags/example_nested_branch_dag.py
[2022-08-04 00:02:45,261] {logging_mixin.py:115} INFO - [2022-08-04 00:02:45,261] {dag.py:2420} INFO - Sync 1 DAGs
[2022-08-04 00:02:45,271] {logging_mixin.py:115} INFO - [2022-08-04 00:02:45,271] {dag.py:2968} INFO - Setting next_dagrun for example_nested_branch_dag to 2022-08-02T00:00:00+00:00, run_after=2022-08-03T00:00:00+00:00
[2022-08-04 00:02:45,277] {processor.py:161} INFO - Processing /home/ndx/Innowise tasks/Innowise_task_5/airflow_env/lib/python3.8/site-packages/airflow/example_dags/example_nested_branch_dag.py took 0.038 seconds
[2022-08-04 00:03:20,029] {processor.py:153} INFO - Started process (PID=45379) to work on /home/ndx/Innowise tasks/Innowise_task_5/airflow_env/lib/python3.8/site-packages/airflow/example_dags/example_nested_branch_dag.py
[2022-08-04 00:03:20,029] {processor.py:641} INFO - Processing file /home/ndx/Innowise tasks/Innowise_task_5/airflow_env/lib/python3.8/site-packages/airflow/example_dags/example_nested_branch_dag.py for tasks to queue
[2022-08-04 00:03:20,029] {logging_mixin.py:115} INFO - [2022-08-04 00:03:20,029] {dagbag.py:508} INFO - Filling up the DagBag from /home/ndx/Innowise tasks/Innowise_task_5/airflow_env/lib/python3.8/site-packages/airflow/example_dags/example_nested_branch_dag.py
[2022-08-04 00:03:20,035] {processor.py:651} INFO - DAG(s) dict_keys(['example_nested_branch_dag']) retrieved from /home/ndx/Innowise tasks/Innowise_task_5/airflow_env/lib/python3.8/site-packages/airflow/example_dags/example_nested_branch_dag.py
[2022-08-04 00:03:20,044] {logging_mixin.py:115} INFO - [2022-08-04 00:03:20,044] {dag.py:2420} INFO - Sync 1 DAGs
[2022-08-04 00:03:20,053] {logging_mixin.py:115} INFO - [2022-08-04 00:03:20,053] {dag.py:2968} INFO - Setting next_dagrun for example_nested_branch_dag to 2022-08-02T00:00:00+00:00, run_after=2022-08-03T00:00:00+00:00
[2022-08-04 00:03:20,059] {processor.py:161} INFO - Processing /home/ndx/Innowise tasks/Innowise_task_5/airflow_env/lib/python3.8/site-packages/airflow/example_dags/example_nested_branch_dag.py took 0.032 seconds
[2022-08-04 00:03:55,132] {processor.py:153} INFO - Started process (PID=45459) to work on /home/ndx/Innowise tasks/Innowise_task_5/airflow_env/lib/python3.8/site-packages/airflow/example_dags/example_nested_branch_dag.py
[2022-08-04 00:03:55,138] {processor.py:641} INFO - Processing file /home/ndx/Innowise tasks/Innowise_task_5/airflow_env/lib/python3.8/site-packages/airflow/example_dags/example_nested_branch_dag.py for tasks to queue
[2022-08-04 00:03:55,138] {logging_mixin.py:115} INFO - [2022-08-04 00:03:55,138] {dagbag.py:508} INFO - Filling up the DagBag from /home/ndx/Innowise tasks/Innowise_task_5/airflow_env/lib/python3.8/site-packages/airflow/example_dags/example_nested_branch_dag.py
[2022-08-04 00:03:55,145] {processor.py:651} INFO - DAG(s) dict_keys(['example_nested_branch_dag']) retrieved from /home/ndx/Innowise tasks/Innowise_task_5/airflow_env/lib/python3.8/site-packages/airflow/example_dags/example_nested_branch_dag.py
[2022-08-04 00:03:55,153] {logging_mixin.py:115} INFO - [2022-08-04 00:03:55,153] {dag.py:2420} INFO - Sync 1 DAGs
[2022-08-04 00:03:55,163] {logging_mixin.py:115} INFO - [2022-08-04 00:03:55,163] {dag.py:2968} INFO - Setting next_dagrun for example_nested_branch_dag to 2022-08-02T00:00:00+00:00, run_after=2022-08-03T00:00:00+00:00
[2022-08-04 00:03:55,169] {processor.py:161} INFO - Processing /home/ndx/Innowise tasks/Innowise_task_5/airflow_env/lib/python3.8/site-packages/airflow/example_dags/example_nested_branch_dag.py took 0.039 seconds
[2022-08-04 00:04:30,240] {processor.py:153} INFO - Started process (PID=45515) to work on /home/ndx/Innowise tasks/Innowise_task_5/airflow_env/lib/python3.8/site-packages/airflow/example_dags/example_nested_branch_dag.py
[2022-08-04 00:04:30,245] {processor.py:641} INFO - Processing file /home/ndx/Innowise tasks/Innowise_task_5/airflow_env/lib/python3.8/site-packages/airflow/example_dags/example_nested_branch_dag.py for tasks to queue
[2022-08-04 00:04:30,246] {logging_mixin.py:115} INFO - [2022-08-04 00:04:30,246] {dagbag.py:508} INFO - Filling up the DagBag from /home/ndx/Innowise tasks/Innowise_task_5/airflow_env/lib/python3.8/site-packages/airflow/example_dags/example_nested_branch_dag.py
[2022-08-04 00:04:30,252] {processor.py:651} INFO - DAG(s) dict_keys(['example_nested_branch_dag']) retrieved from /home/ndx/Innowise tasks/Innowise_task_5/airflow_env/lib/python3.8/site-packages/airflow/example_dags/example_nested_branch_dag.py
[2022-08-04 00:04:30,261] {logging_mixin.py:115} INFO - [2022-08-04 00:04:30,261] {dag.py:2420} INFO - Sync 1 DAGs
[2022-08-04 00:04:30,270] {logging_mixin.py:115} INFO - [2022-08-04 00:04:30,270] {dag.py:2968} INFO - Setting next_dagrun for example_nested_branch_dag to 2022-08-02T00:00:00+00:00, run_after=2022-08-03T00:00:00+00:00
[2022-08-04 00:04:30,277] {processor.py:161} INFO - Processing /home/ndx/Innowise tasks/Innowise_task_5/airflow_env/lib/python3.8/site-packages/airflow/example_dags/example_nested_branch_dag.py took 0.039 seconds
[2022-08-04 00:05:02,827] {processor.py:153} INFO - Started process (PID=45643) to work on /home/ndx/Innowise tasks/Innowise_task_5/airflow_env/lib/python3.8/site-packages/airflow/example_dags/example_nested_branch_dag.py
[2022-08-04 00:05:02,833] {processor.py:641} INFO - Processing file /home/ndx/Innowise tasks/Innowise_task_5/airflow_env/lib/python3.8/site-packages/airflow/example_dags/example_nested_branch_dag.py for tasks to queue
[2022-08-04 00:05:02,833] {logging_mixin.py:115} INFO - [2022-08-04 00:05:02,833] {dagbag.py:508} INFO - Filling up the DagBag from /home/ndx/Innowise tasks/Innowise_task_5/airflow_env/lib/python3.8/site-packages/airflow/example_dags/example_nested_branch_dag.py
[2022-08-04 00:05:02,840] {processor.py:651} INFO - DAG(s) dict_keys(['example_nested_branch_dag']) retrieved from /home/ndx/Innowise tasks/Innowise_task_5/airflow_env/lib/python3.8/site-packages/airflow/example_dags/example_nested_branch_dag.py
[2022-08-04 00:05:02,849] {logging_mixin.py:115} INFO - [2022-08-04 00:05:02,849] {dag.py:2420} INFO - Sync 1 DAGs
[2022-08-04 00:05:02,859] {logging_mixin.py:115} INFO - [2022-08-04 00:05:02,859] {dag.py:2968} INFO - Setting next_dagrun for example_nested_branch_dag to 2022-08-02T00:00:00+00:00, run_after=2022-08-03T00:00:00+00:00
[2022-08-04 00:05:02,866] {processor.py:161} INFO - Processing /home/ndx/Innowise tasks/Innowise_task_5/airflow_env/lib/python3.8/site-packages/airflow/example_dags/example_nested_branch_dag.py took 0.040 seconds
[2022-08-04 00:05:36,798] {processor.py:153} INFO - Started process (PID=45771) to work on /home/ndx/Innowise tasks/Innowise_task_5/airflow_env/lib/python3.8/site-packages/airflow/example_dags/example_nested_branch_dag.py
[2022-08-04 00:05:36,803] {processor.py:641} INFO - Processing file /home/ndx/Innowise tasks/Innowise_task_5/airflow_env/lib/python3.8/site-packages/airflow/example_dags/example_nested_branch_dag.py for tasks to queue
[2022-08-04 00:05:36,804] {logging_mixin.py:115} INFO - [2022-08-04 00:05:36,804] {dagbag.py:508} INFO - Filling up the DagBag from /home/ndx/Innowise tasks/Innowise_task_5/airflow_env/lib/python3.8/site-packages/airflow/example_dags/example_nested_branch_dag.py
[2022-08-04 00:05:36,810] {processor.py:651} INFO - DAG(s) dict_keys(['example_nested_branch_dag']) retrieved from /home/ndx/Innowise tasks/Innowise_task_5/airflow_env/lib/python3.8/site-packages/airflow/example_dags/example_nested_branch_dag.py
[2022-08-04 00:05:36,818] {logging_mixin.py:115} INFO - [2022-08-04 00:05:36,818] {dag.py:2420} INFO - Sync 1 DAGs
[2022-08-04 00:05:36,827] {logging_mixin.py:115} INFO - [2022-08-04 00:05:36,827] {dag.py:2968} INFO - Setting next_dagrun for example_nested_branch_dag to 2022-08-02T00:00:00+00:00, run_after=2022-08-03T00:00:00+00:00
[2022-08-04 00:05:36,836] {processor.py:161} INFO - Processing /home/ndx/Innowise tasks/Innowise_task_5/airflow_env/lib/python3.8/site-packages/airflow/example_dags/example_nested_branch_dag.py took 0.040 seconds
[2022-08-04 00:06:10,069] {processor.py:153} INFO - Started process (PID=45846) to work on /home/ndx/Innowise tasks/Innowise_task_5/airflow_env/lib/python3.8/site-packages/airflow/example_dags/example_nested_branch_dag.py
[2022-08-04 00:06:10,069] {processor.py:641} INFO - Processing file /home/ndx/Innowise tasks/Innowise_task_5/airflow_env/lib/python3.8/site-packages/airflow/example_dags/example_nested_branch_dag.py for tasks to queue
[2022-08-04 00:06:10,070] {logging_mixin.py:115} INFO - [2022-08-04 00:06:10,070] {dagbag.py:508} INFO - Filling up the DagBag from /home/ndx/Innowise tasks/Innowise_task_5/airflow_env/lib/python3.8/site-packages/airflow/example_dags/example_nested_branch_dag.py
[2022-08-04 00:06:10,076] {processor.py:651} INFO - DAG(s) dict_keys(['example_nested_branch_dag']) retrieved from /home/ndx/Innowise tasks/Innowise_task_5/airflow_env/lib/python3.8/site-packages/airflow/example_dags/example_nested_branch_dag.py
[2022-08-04 00:06:10,085] {logging_mixin.py:115} INFO - [2022-08-04 00:06:10,085] {dag.py:2420} INFO - Sync 1 DAGs
[2022-08-04 00:06:10,096] {logging_mixin.py:115} INFO - [2022-08-04 00:06:10,096] {dag.py:2968} INFO - Setting next_dagrun for example_nested_branch_dag to 2022-08-02T00:00:00+00:00, run_after=2022-08-03T00:00:00+00:00
[2022-08-04 00:06:10,105] {processor.py:161} INFO - Processing /home/ndx/Innowise tasks/Innowise_task_5/airflow_env/lib/python3.8/site-packages/airflow/example_dags/example_nested_branch_dag.py took 0.039 seconds
[2022-08-04 00:06:45,405] {processor.py:153} INFO - Started process (PID=45951) to work on /home/ndx/Innowise tasks/Innowise_task_5/airflow_env/lib/python3.8/site-packages/airflow/example_dags/example_nested_branch_dag.py
[2022-08-04 00:06:45,405] {processor.py:641} INFO - Processing file /home/ndx/Innowise tasks/Innowise_task_5/airflow_env/lib/python3.8/site-packages/airflow/example_dags/example_nested_branch_dag.py for tasks to queue
[2022-08-04 00:06:45,405] {logging_mixin.py:115} INFO - [2022-08-04 00:06:45,405] {dagbag.py:508} INFO - Filling up the DagBag from /home/ndx/Innowise tasks/Innowise_task_5/airflow_env/lib/python3.8/site-packages/airflow/example_dags/example_nested_branch_dag.py
[2022-08-04 00:06:45,411] {processor.py:651} INFO - DAG(s) dict_keys(['example_nested_branch_dag']) retrieved from /home/ndx/Innowise tasks/Innowise_task_5/airflow_env/lib/python3.8/site-packages/airflow/example_dags/example_nested_branch_dag.py
[2022-08-04 00:06:45,420] {logging_mixin.py:115} INFO - [2022-08-04 00:06:45,420] {dag.py:2420} INFO - Sync 1 DAGs
[2022-08-04 00:06:45,430] {logging_mixin.py:115} INFO - [2022-08-04 00:06:45,430] {dag.py:2968} INFO - Setting next_dagrun for example_nested_branch_dag to 2022-08-02T00:00:00+00:00, run_after=2022-08-03T00:00:00+00:00
[2022-08-04 00:06:45,438] {processor.py:161} INFO - Processing /home/ndx/Innowise tasks/Innowise_task_5/airflow_env/lib/python3.8/site-packages/airflow/example_dags/example_nested_branch_dag.py took 0.035 seconds
[2022-08-04 00:07:18,140] {processor.py:153} INFO - Started process (PID=46022) to work on /home/ndx/Innowise tasks/Innowise_task_5/airflow_env/lib/python3.8/site-packages/airflow/example_dags/example_nested_branch_dag.py
[2022-08-04 00:07:18,146] {processor.py:641} INFO - Processing file /home/ndx/Innowise tasks/Innowise_task_5/airflow_env/lib/python3.8/site-packages/airflow/example_dags/example_nested_branch_dag.py for tasks to queue
[2022-08-04 00:07:18,147] {logging_mixin.py:115} INFO - [2022-08-04 00:07:18,146] {dagbag.py:508} INFO - Filling up the DagBag from /home/ndx/Innowise tasks/Innowise_task_5/airflow_env/lib/python3.8/site-packages/airflow/example_dags/example_nested_branch_dag.py
[2022-08-04 00:07:18,153] {processor.py:651} INFO - DAG(s) dict_keys(['example_nested_branch_dag']) retrieved from /home/ndx/Innowise tasks/Innowise_task_5/airflow_env/lib/python3.8/site-packages/airflow/example_dags/example_nested_branch_dag.py
[2022-08-04 00:07:18,162] {logging_mixin.py:115} INFO - [2022-08-04 00:07:18,161] {dag.py:2420} INFO - Sync 1 DAGs
[2022-08-04 00:07:18,172] {logging_mixin.py:115} INFO - [2022-08-04 00:07:18,172] {dag.py:2968} INFO - Setting next_dagrun for example_nested_branch_dag to 2022-08-02T00:00:00+00:00, run_after=2022-08-03T00:00:00+00:00
[2022-08-04 00:07:18,182] {processor.py:161} INFO - Processing /home/ndx/Innowise tasks/Innowise_task_5/airflow_env/lib/python3.8/site-packages/airflow/example_dags/example_nested_branch_dag.py took 0.043 seconds
[2022-08-04 00:07:52,118] {processor.py:153} INFO - Started process (PID=46088) to work on /home/ndx/Innowise tasks/Innowise_task_5/airflow_env/lib/python3.8/site-packages/airflow/example_dags/example_nested_branch_dag.py
[2022-08-04 00:07:52,123] {processor.py:641} INFO - Processing file /home/ndx/Innowise tasks/Innowise_task_5/airflow_env/lib/python3.8/site-packages/airflow/example_dags/example_nested_branch_dag.py for tasks to queue
[2022-08-04 00:07:52,123] {logging_mixin.py:115} INFO - [2022-08-04 00:07:52,123] {dagbag.py:508} INFO - Filling up the DagBag from /home/ndx/Innowise tasks/Innowise_task_5/airflow_env/lib/python3.8/site-packages/airflow/example_dags/example_nested_branch_dag.py
[2022-08-04 00:07:52,131] {processor.py:651} INFO - DAG(s) dict_keys(['example_nested_branch_dag']) retrieved from /home/ndx/Innowise tasks/Innowise_task_5/airflow_env/lib/python3.8/site-packages/airflow/example_dags/example_nested_branch_dag.py
[2022-08-04 00:07:52,140] {logging_mixin.py:115} INFO - [2022-08-04 00:07:52,140] {dag.py:2420} INFO - Sync 1 DAGs
[2022-08-04 00:07:52,151] {logging_mixin.py:115} INFO - [2022-08-04 00:07:52,151] {dag.py:2968} INFO - Setting next_dagrun for example_nested_branch_dag to 2022-08-02T00:00:00+00:00, run_after=2022-08-03T00:00:00+00:00
[2022-08-04 00:07:52,161] {processor.py:161} INFO - Processing /home/ndx/Innowise tasks/Innowise_task_5/airflow_env/lib/python3.8/site-packages/airflow/example_dags/example_nested_branch_dag.py took 0.045 seconds
[2022-08-04 00:08:26,392] {processor.py:153} INFO - Started process (PID=46147) to work on /home/ndx/Innowise tasks/Innowise_task_5/airflow_env/lib/python3.8/site-packages/airflow/example_dags/example_nested_branch_dag.py
[2022-08-04 00:08:26,398] {processor.py:641} INFO - Processing file /home/ndx/Innowise tasks/Innowise_task_5/airflow_env/lib/python3.8/site-packages/airflow/example_dags/example_nested_branch_dag.py for tasks to queue
[2022-08-04 00:08:26,398] {logging_mixin.py:115} INFO - [2022-08-04 00:08:26,398] {dagbag.py:508} INFO - Filling up the DagBag from /home/ndx/Innowise tasks/Innowise_task_5/airflow_env/lib/python3.8/site-packages/airflow/example_dags/example_nested_branch_dag.py
[2022-08-04 00:08:26,404] {processor.py:651} INFO - DAG(s) dict_keys(['example_nested_branch_dag']) retrieved from /home/ndx/Innowise tasks/Innowise_task_5/airflow_env/lib/python3.8/site-packages/airflow/example_dags/example_nested_branch_dag.py
[2022-08-04 00:08:26,413] {logging_mixin.py:115} INFO - [2022-08-04 00:08:26,413] {dag.py:2420} INFO - Sync 1 DAGs
[2022-08-04 00:08:26,423] {logging_mixin.py:115} INFO - [2022-08-04 00:08:26,423] {dag.py:2968} INFO - Setting next_dagrun for example_nested_branch_dag to 2022-08-02T00:00:00+00:00, run_after=2022-08-03T00:00:00+00:00
[2022-08-04 00:08:26,431] {processor.py:161} INFO - Processing /home/ndx/Innowise tasks/Innowise_task_5/airflow_env/lib/python3.8/site-packages/airflow/example_dags/example_nested_branch_dag.py took 0.041 seconds
[2022-08-04 00:08:59,309] {processor.py:153} INFO - Started process (PID=46287) to work on /home/ndx/Innowise tasks/Innowise_task_5/airflow_env/lib/python3.8/site-packages/airflow/example_dags/example_nested_branch_dag.py
[2022-08-04 00:08:59,315] {processor.py:641} INFO - Processing file /home/ndx/Innowise tasks/Innowise_task_5/airflow_env/lib/python3.8/site-packages/airflow/example_dags/example_nested_branch_dag.py for tasks to queue
[2022-08-04 00:08:59,315] {logging_mixin.py:115} INFO - [2022-08-04 00:08:59,315] {dagbag.py:508} INFO - Filling up the DagBag from /home/ndx/Innowise tasks/Innowise_task_5/airflow_env/lib/python3.8/site-packages/airflow/example_dags/example_nested_branch_dag.py
[2022-08-04 00:08:59,322] {processor.py:651} INFO - DAG(s) dict_keys(['example_nested_branch_dag']) retrieved from /home/ndx/Innowise tasks/Innowise_task_5/airflow_env/lib/python3.8/site-packages/airflow/example_dags/example_nested_branch_dag.py
[2022-08-04 00:08:59,330] {logging_mixin.py:115} INFO - [2022-08-04 00:08:59,330] {dag.py:2420} INFO - Sync 1 DAGs
[2022-08-04 00:08:59,340] {logging_mixin.py:115} INFO - [2022-08-04 00:08:59,340] {dag.py:2968} INFO - Setting next_dagrun for example_nested_branch_dag to 2022-08-02T00:00:00+00:00, run_after=2022-08-03T00:00:00+00:00
[2022-08-04 00:08:59,349] {processor.py:161} INFO - Processing /home/ndx/Innowise tasks/Innowise_task_5/airflow_env/lib/python3.8/site-packages/airflow/example_dags/example_nested_branch_dag.py took 0.042 seconds
[2022-08-04 00:09:38,537] {processor.py:153} INFO - Started process (PID=46374) to work on /home/ndx/Innowise tasks/Innowise_task_5/airflow_env/lib/python3.8/site-packages/airflow/example_dags/example_nested_branch_dag.py
[2022-08-04 00:09:38,542] {processor.py:641} INFO - Processing file /home/ndx/Innowise tasks/Innowise_task_5/airflow_env/lib/python3.8/site-packages/airflow/example_dags/example_nested_branch_dag.py for tasks to queue
[2022-08-04 00:09:38,542] {logging_mixin.py:115} INFO - [2022-08-04 00:09:38,542] {dagbag.py:508} INFO - Filling up the DagBag from /home/ndx/Innowise tasks/Innowise_task_5/airflow_env/lib/python3.8/site-packages/airflow/example_dags/example_nested_branch_dag.py
[2022-08-04 00:09:38,549] {processor.py:651} INFO - DAG(s) dict_keys(['example_nested_branch_dag']) retrieved from /home/ndx/Innowise tasks/Innowise_task_5/airflow_env/lib/python3.8/site-packages/airflow/example_dags/example_nested_branch_dag.py
[2022-08-04 00:09:38,559] {logging_mixin.py:115} INFO - [2022-08-04 00:09:38,558] {dag.py:2420} INFO - Sync 1 DAGs
[2022-08-04 00:09:38,569] {logging_mixin.py:115} INFO - [2022-08-04 00:09:38,568] {dag.py:2968} INFO - Setting next_dagrun for example_nested_branch_dag to 2022-08-02T00:00:00+00:00, run_after=2022-08-03T00:00:00+00:00
[2022-08-04 00:09:38,577] {processor.py:161} INFO - Processing /home/ndx/Innowise tasks/Innowise_task_5/airflow_env/lib/python3.8/site-packages/airflow/example_dags/example_nested_branch_dag.py took 0.042 seconds
[2022-08-04 00:10:11,085] {processor.py:153} INFO - Started process (PID=46428) to work on /home/ndx/Innowise tasks/Innowise_task_5/airflow_env/lib/python3.8/site-packages/airflow/example_dags/example_nested_branch_dag.py
[2022-08-04 00:10:11,091] {processor.py:641} INFO - Processing file /home/ndx/Innowise tasks/Innowise_task_5/airflow_env/lib/python3.8/site-packages/airflow/example_dags/example_nested_branch_dag.py for tasks to queue
[2022-08-04 00:10:11,091] {logging_mixin.py:115} INFO - [2022-08-04 00:10:11,091] {dagbag.py:508} INFO - Filling up the DagBag from /home/ndx/Innowise tasks/Innowise_task_5/airflow_env/lib/python3.8/site-packages/airflow/example_dags/example_nested_branch_dag.py
[2022-08-04 00:10:11,099] {processor.py:651} INFO - DAG(s) dict_keys(['example_nested_branch_dag']) retrieved from /home/ndx/Innowise tasks/Innowise_task_5/airflow_env/lib/python3.8/site-packages/airflow/example_dags/example_nested_branch_dag.py
[2022-08-04 00:10:11,110] {logging_mixin.py:115} INFO - [2022-08-04 00:10:11,110] {dag.py:2420} INFO - Sync 1 DAGs
[2022-08-04 00:10:11,123] {logging_mixin.py:115} INFO - [2022-08-04 00:10:11,123] {dag.py:2968} INFO - Setting next_dagrun for example_nested_branch_dag to 2022-08-02T00:00:00+00:00, run_after=2022-08-03T00:00:00+00:00
[2022-08-04 00:10:11,135] {processor.py:161} INFO - Processing /home/ndx/Innowise tasks/Innowise_task_5/airflow_env/lib/python3.8/site-packages/airflow/example_dags/example_nested_branch_dag.py took 0.052 seconds
[2022-08-04 00:10:44,231] {processor.py:153} INFO - Started process (PID=46548) to work on /home/ndx/Innowise tasks/Innowise_task_5/airflow_env/lib/python3.8/site-packages/airflow/example_dags/example_nested_branch_dag.py
[2022-08-04 00:10:44,236] {processor.py:641} INFO - Processing file /home/ndx/Innowise tasks/Innowise_task_5/airflow_env/lib/python3.8/site-packages/airflow/example_dags/example_nested_branch_dag.py for tasks to queue
[2022-08-04 00:10:44,236] {logging_mixin.py:115} INFO - [2022-08-04 00:10:44,236] {dagbag.py:508} INFO - Filling up the DagBag from /home/ndx/Innowise tasks/Innowise_task_5/airflow_env/lib/python3.8/site-packages/airflow/example_dags/example_nested_branch_dag.py
[2022-08-04 00:10:44,243] {processor.py:651} INFO - DAG(s) dict_keys(['example_nested_branch_dag']) retrieved from /home/ndx/Innowise tasks/Innowise_task_5/airflow_env/lib/python3.8/site-packages/airflow/example_dags/example_nested_branch_dag.py
[2022-08-04 00:10:44,251] {logging_mixin.py:115} INFO - [2022-08-04 00:10:44,251] {dag.py:2420} INFO - Sync 1 DAGs
[2022-08-04 00:10:44,260] {logging_mixin.py:115} INFO - [2022-08-04 00:10:44,260] {dag.py:2968} INFO - Setting next_dagrun for example_nested_branch_dag to 2022-08-02T00:00:00+00:00, run_after=2022-08-03T00:00:00+00:00
[2022-08-04 00:10:44,270] {processor.py:161} INFO - Processing /home/ndx/Innowise tasks/Innowise_task_5/airflow_env/lib/python3.8/site-packages/airflow/example_dags/example_nested_branch_dag.py took 0.041 seconds
[2022-08-04 00:11:18,455] {processor.py:153} INFO - Started process (PID=46618) to work on /home/ndx/Innowise tasks/Innowise_task_5/airflow_env/lib/python3.8/site-packages/airflow/example_dags/example_nested_branch_dag.py
[2022-08-04 00:11:18,460] {processor.py:641} INFO - Processing file /home/ndx/Innowise tasks/Innowise_task_5/airflow_env/lib/python3.8/site-packages/airflow/example_dags/example_nested_branch_dag.py for tasks to queue
[2022-08-04 00:11:18,460] {logging_mixin.py:115} INFO - [2022-08-04 00:11:18,460] {dagbag.py:508} INFO - Filling up the DagBag from /home/ndx/Innowise tasks/Innowise_task_5/airflow_env/lib/python3.8/site-packages/airflow/example_dags/example_nested_branch_dag.py
[2022-08-04 00:11:18,467] {processor.py:651} INFO - DAG(s) dict_keys(['example_nested_branch_dag']) retrieved from /home/ndx/Innowise tasks/Innowise_task_5/airflow_env/lib/python3.8/site-packages/airflow/example_dags/example_nested_branch_dag.py
[2022-08-04 00:11:18,476] {logging_mixin.py:115} INFO - [2022-08-04 00:11:18,476] {dag.py:2420} INFO - Sync 1 DAGs
[2022-08-04 00:11:18,486] {logging_mixin.py:115} INFO - [2022-08-04 00:11:18,486] {dag.py:2968} INFO - Setting next_dagrun for example_nested_branch_dag to 2022-08-02T00:00:00+00:00, run_after=2022-08-03T00:00:00+00:00
[2022-08-04 00:11:18,494] {processor.py:161} INFO - Processing /home/ndx/Innowise tasks/Innowise_task_5/airflow_env/lib/python3.8/site-packages/airflow/example_dags/example_nested_branch_dag.py took 0.041 seconds
[2022-08-04 00:11:52,178] {processor.py:153} INFO - Started process (PID=46676) to work on /home/ndx/Innowise tasks/Innowise_task_5/airflow_env/lib/python3.8/site-packages/airflow/example_dags/example_nested_branch_dag.py
[2022-08-04 00:11:52,183] {processor.py:641} INFO - Processing file /home/ndx/Innowise tasks/Innowise_task_5/airflow_env/lib/python3.8/site-packages/airflow/example_dags/example_nested_branch_dag.py for tasks to queue
[2022-08-04 00:11:52,183] {logging_mixin.py:115} INFO - [2022-08-04 00:11:52,183] {dagbag.py:508} INFO - Filling up the DagBag from /home/ndx/Innowise tasks/Innowise_task_5/airflow_env/lib/python3.8/site-packages/airflow/example_dags/example_nested_branch_dag.py
[2022-08-04 00:11:52,189] {processor.py:651} INFO - DAG(s) dict_keys(['example_nested_branch_dag']) retrieved from /home/ndx/Innowise tasks/Innowise_task_5/airflow_env/lib/python3.8/site-packages/airflow/example_dags/example_nested_branch_dag.py
[2022-08-04 00:11:52,198] {logging_mixin.py:115} INFO - [2022-08-04 00:11:52,198] {dag.py:2420} INFO - Sync 1 DAGs
[2022-08-04 00:11:52,208] {logging_mixin.py:115} INFO - [2022-08-04 00:11:52,208] {dag.py:2968} INFO - Setting next_dagrun for example_nested_branch_dag to 2022-08-02T00:00:00+00:00, run_after=2022-08-03T00:00:00+00:00
[2022-08-04 00:11:52,215] {processor.py:161} INFO - Processing /home/ndx/Innowise tasks/Innowise_task_5/airflow_env/lib/python3.8/site-packages/airflow/example_dags/example_nested_branch_dag.py took 0.039 seconds
[2022-08-04 00:12:26,451] {processor.py:153} INFO - Started process (PID=46731) to work on /home/ndx/Innowise tasks/Innowise_task_5/airflow_env/lib/python3.8/site-packages/airflow/example_dags/example_nested_branch_dag.py
[2022-08-04 00:12:26,457] {processor.py:641} INFO - Processing file /home/ndx/Innowise tasks/Innowise_task_5/airflow_env/lib/python3.8/site-packages/airflow/example_dags/example_nested_branch_dag.py for tasks to queue
[2022-08-04 00:12:26,457] {logging_mixin.py:115} INFO - [2022-08-04 00:12:26,457] {dagbag.py:508} INFO - Filling up the DagBag from /home/ndx/Innowise tasks/Innowise_task_5/airflow_env/lib/python3.8/site-packages/airflow/example_dags/example_nested_branch_dag.py
[2022-08-04 00:12:26,464] {processor.py:651} INFO - DAG(s) dict_keys(['example_nested_branch_dag']) retrieved from /home/ndx/Innowise tasks/Innowise_task_5/airflow_env/lib/python3.8/site-packages/airflow/example_dags/example_nested_branch_dag.py
[2022-08-04 00:12:26,473] {logging_mixin.py:115} INFO - [2022-08-04 00:12:26,473] {dag.py:2420} INFO - Sync 1 DAGs
[2022-08-04 00:12:26,482] {logging_mixin.py:115} INFO - [2022-08-04 00:12:26,482] {dag.py:2968} INFO - Setting next_dagrun for example_nested_branch_dag to 2022-08-02T00:00:00+00:00, run_after=2022-08-03T00:00:00+00:00
[2022-08-04 00:12:26,490] {processor.py:161} INFO - Processing /home/ndx/Innowise tasks/Innowise_task_5/airflow_env/lib/python3.8/site-packages/airflow/example_dags/example_nested_branch_dag.py took 0.040 seconds
[2022-08-04 00:13:01,231] {processor.py:153} INFO - Started process (PID=46801) to work on /home/ndx/Innowise tasks/Innowise_task_5/airflow_env/lib/python3.8/site-packages/airflow/example_dags/example_nested_branch_dag.py
[2022-08-04 00:13:01,237] {processor.py:641} INFO - Processing file /home/ndx/Innowise tasks/Innowise_task_5/airflow_env/lib/python3.8/site-packages/airflow/example_dags/example_nested_branch_dag.py for tasks to queue
[2022-08-04 00:13:01,237] {logging_mixin.py:115} INFO - [2022-08-04 00:13:01,237] {dagbag.py:508} INFO - Filling up the DagBag from /home/ndx/Innowise tasks/Innowise_task_5/airflow_env/lib/python3.8/site-packages/airflow/example_dags/example_nested_branch_dag.py
[2022-08-04 00:13:01,244] {processor.py:651} INFO - DAG(s) dict_keys(['example_nested_branch_dag']) retrieved from /home/ndx/Innowise tasks/Innowise_task_5/airflow_env/lib/python3.8/site-packages/airflow/example_dags/example_nested_branch_dag.py
[2022-08-04 00:13:01,253] {logging_mixin.py:115} INFO - [2022-08-04 00:13:01,253] {dag.py:2420} INFO - Sync 1 DAGs
[2022-08-04 00:13:01,263] {logging_mixin.py:115} INFO - [2022-08-04 00:13:01,263] {dag.py:2968} INFO - Setting next_dagrun for example_nested_branch_dag to 2022-08-02T00:00:00+00:00, run_after=2022-08-03T00:00:00+00:00
[2022-08-04 00:13:01,271] {processor.py:161} INFO - Processing /home/ndx/Innowise tasks/Innowise_task_5/airflow_env/lib/python3.8/site-packages/airflow/example_dags/example_nested_branch_dag.py took 0.041 seconds
[2022-08-04 00:13:34,384] {processor.py:153} INFO - Started process (PID=46914) to work on /home/ndx/Innowise tasks/Innowise_task_5/airflow_env/lib/python3.8/site-packages/airflow/example_dags/example_nested_branch_dag.py
[2022-08-04 00:13:34,390] {processor.py:641} INFO - Processing file /home/ndx/Innowise tasks/Innowise_task_5/airflow_env/lib/python3.8/site-packages/airflow/example_dags/example_nested_branch_dag.py for tasks to queue
[2022-08-04 00:13:34,391] {logging_mixin.py:115} INFO - [2022-08-04 00:13:34,390] {dagbag.py:508} INFO - Filling up the DagBag from /home/ndx/Innowise tasks/Innowise_task_5/airflow_env/lib/python3.8/site-packages/airflow/example_dags/example_nested_branch_dag.py
[2022-08-04 00:13:34,397] {processor.py:651} INFO - DAG(s) dict_keys(['example_nested_branch_dag']) retrieved from /home/ndx/Innowise tasks/Innowise_task_5/airflow_env/lib/python3.8/site-packages/airflow/example_dags/example_nested_branch_dag.py
[2022-08-04 00:13:34,406] {logging_mixin.py:115} INFO - [2022-08-04 00:13:34,406] {dag.py:2420} INFO - Sync 1 DAGs
[2022-08-04 00:13:34,415] {logging_mixin.py:115} INFO - [2022-08-04 00:13:34,415] {dag.py:2968} INFO - Setting next_dagrun for example_nested_branch_dag to 2022-08-02T00:00:00+00:00, run_after=2022-08-03T00:00:00+00:00
[2022-08-04 00:13:34,424] {processor.py:161} INFO - Processing /home/ndx/Innowise tasks/Innowise_task_5/airflow_env/lib/python3.8/site-packages/airflow/example_dags/example_nested_branch_dag.py took 0.041 seconds
[2022-08-04 00:14:08,208] {processor.py:153} INFO - Started process (PID=46961) to work on /home/ndx/Innowise tasks/Innowise_task_5/airflow_env/lib/python3.8/site-packages/airflow/example_dags/example_nested_branch_dag.py
[2022-08-04 00:14:08,213] {processor.py:641} INFO - Processing file /home/ndx/Innowise tasks/Innowise_task_5/airflow_env/lib/python3.8/site-packages/airflow/example_dags/example_nested_branch_dag.py for tasks to queue
[2022-08-04 00:14:08,214] {logging_mixin.py:115} INFO - [2022-08-04 00:14:08,214] {dagbag.py:508} INFO - Filling up the DagBag from /home/ndx/Innowise tasks/Innowise_task_5/airflow_env/lib/python3.8/site-packages/airflow/example_dags/example_nested_branch_dag.py
[2022-08-04 00:14:08,221] {processor.py:651} INFO - DAG(s) dict_keys(['example_nested_branch_dag']) retrieved from /home/ndx/Innowise tasks/Innowise_task_5/airflow_env/lib/python3.8/site-packages/airflow/example_dags/example_nested_branch_dag.py
[2022-08-04 00:14:08,229] {logging_mixin.py:115} INFO - [2022-08-04 00:14:08,229] {dag.py:2420} INFO - Sync 1 DAGs
[2022-08-04 00:14:08,238] {logging_mixin.py:115} INFO - [2022-08-04 00:14:08,238] {dag.py:2968} INFO - Setting next_dagrun for example_nested_branch_dag to 2022-08-02T00:00:00+00:00, run_after=2022-08-03T00:00:00+00:00
[2022-08-04 00:14:08,246] {processor.py:161} INFO - Processing /home/ndx/Innowise tasks/Innowise_task_5/airflow_env/lib/python3.8/site-packages/airflow/example_dags/example_nested_branch_dag.py took 0.040 seconds
[2022-08-04 00:14:42,885] {processor.py:153} INFO - Started process (PID=47108) to work on /home/ndx/Innowise tasks/Innowise_task_5/airflow_env/lib/python3.8/site-packages/airflow/example_dags/example_nested_branch_dag.py
[2022-08-04 00:14:42,890] {processor.py:641} INFO - Processing file /home/ndx/Innowise tasks/Innowise_task_5/airflow_env/lib/python3.8/site-packages/airflow/example_dags/example_nested_branch_dag.py for tasks to queue
[2022-08-04 00:14:42,891] {logging_mixin.py:115} INFO - [2022-08-04 00:14:42,891] {dagbag.py:508} INFO - Filling up the DagBag from /home/ndx/Innowise tasks/Innowise_task_5/airflow_env/lib/python3.8/site-packages/airflow/example_dags/example_nested_branch_dag.py
[2022-08-04 00:14:42,897] {processor.py:651} INFO - DAG(s) dict_keys(['example_nested_branch_dag']) retrieved from /home/ndx/Innowise tasks/Innowise_task_5/airflow_env/lib/python3.8/site-packages/airflow/example_dags/example_nested_branch_dag.py
[2022-08-04 00:14:42,906] {logging_mixin.py:115} INFO - [2022-08-04 00:14:42,906] {dag.py:2420} INFO - Sync 1 DAGs
[2022-08-04 00:14:42,917] {logging_mixin.py:115} INFO - [2022-08-04 00:14:42,917] {dag.py:2968} INFO - Setting next_dagrun for example_nested_branch_dag to 2022-08-02T00:00:00+00:00, run_after=2022-08-03T00:00:00+00:00
[2022-08-04 00:14:42,929] {processor.py:161} INFO - Processing /home/ndx/Innowise tasks/Innowise_task_5/airflow_env/lib/python3.8/site-packages/airflow/example_dags/example_nested_branch_dag.py took 0.045 seconds
[2022-08-04 00:15:20,571] {processor.py:153} INFO - Started process (PID=47219) to work on /home/ndx/Innowise tasks/Innowise_task_5/airflow_env/lib/python3.8/site-packages/airflow/example_dags/example_nested_branch_dag.py
[2022-08-04 00:15:20,576] {processor.py:641} INFO - Processing file /home/ndx/Innowise tasks/Innowise_task_5/airflow_env/lib/python3.8/site-packages/airflow/example_dags/example_nested_branch_dag.py for tasks to queue
[2022-08-04 00:15:20,577] {logging_mixin.py:115} INFO - [2022-08-04 00:15:20,577] {dagbag.py:508} INFO - Filling up the DagBag from /home/ndx/Innowise tasks/Innowise_task_5/airflow_env/lib/python3.8/site-packages/airflow/example_dags/example_nested_branch_dag.py
[2022-08-04 00:15:20,585] {processor.py:651} INFO - DAG(s) dict_keys(['example_nested_branch_dag']) retrieved from /home/ndx/Innowise tasks/Innowise_task_5/airflow_env/lib/python3.8/site-packages/airflow/example_dags/example_nested_branch_dag.py
[2022-08-04 00:15:20,593] {logging_mixin.py:115} INFO - [2022-08-04 00:15:20,593] {dag.py:2420} INFO - Sync 1 DAGs
[2022-08-04 00:15:20,605] {logging_mixin.py:115} INFO - [2022-08-04 00:15:20,605] {dag.py:2968} INFO - Setting next_dagrun for example_nested_branch_dag to 2022-08-02T00:00:00+00:00, run_after=2022-08-03T00:00:00+00:00
[2022-08-04 00:15:20,614] {processor.py:161} INFO - Processing /home/ndx/Innowise tasks/Innowise_task_5/airflow_env/lib/python3.8/site-packages/airflow/example_dags/example_nested_branch_dag.py took 0.044 seconds
[2022-08-04 00:15:55,622] {processor.py:153} INFO - Started process (PID=47257) to work on /home/ndx/Innowise tasks/Innowise_task_5/airflow_env/lib/python3.8/site-packages/airflow/example_dags/example_nested_branch_dag.py
[2022-08-04 00:15:55,627] {processor.py:641} INFO - Processing file /home/ndx/Innowise tasks/Innowise_task_5/airflow_env/lib/python3.8/site-packages/airflow/example_dags/example_nested_branch_dag.py for tasks to queue
[2022-08-04 00:15:55,628] {logging_mixin.py:115} INFO - [2022-08-04 00:15:55,628] {dagbag.py:508} INFO - Filling up the DagBag from /home/ndx/Innowise tasks/Innowise_task_5/airflow_env/lib/python3.8/site-packages/airflow/example_dags/example_nested_branch_dag.py
[2022-08-04 00:15:55,634] {processor.py:651} INFO - DAG(s) dict_keys(['example_nested_branch_dag']) retrieved from /home/ndx/Innowise tasks/Innowise_task_5/airflow_env/lib/python3.8/site-packages/airflow/example_dags/example_nested_branch_dag.py
[2022-08-04 00:15:55,642] {logging_mixin.py:115} INFO - [2022-08-04 00:15:55,642] {dag.py:2420} INFO - Sync 1 DAGs
[2022-08-04 00:15:55,653] {logging_mixin.py:115} INFO - [2022-08-04 00:15:55,653] {dag.py:2968} INFO - Setting next_dagrun for example_nested_branch_dag to 2022-08-02T00:00:00+00:00, run_after=2022-08-03T00:00:00+00:00
[2022-08-04 00:15:55,660] {processor.py:161} INFO - Processing /home/ndx/Innowise tasks/Innowise_task_5/airflow_env/lib/python3.8/site-packages/airflow/example_dags/example_nested_branch_dag.py took 0.040 seconds
[2022-08-04 00:16:28,923] {processor.py:153} INFO - Started process (PID=47337) to work on /home/ndx/Innowise tasks/Innowise_task_5/airflow_env/lib/python3.8/site-packages/airflow/example_dags/example_nested_branch_dag.py
[2022-08-04 00:16:28,928] {processor.py:641} INFO - Processing file /home/ndx/Innowise tasks/Innowise_task_5/airflow_env/lib/python3.8/site-packages/airflow/example_dags/example_nested_branch_dag.py for tasks to queue
[2022-08-04 00:16:28,929] {logging_mixin.py:115} INFO - [2022-08-04 00:16:28,928] {dagbag.py:508} INFO - Filling up the DagBag from /home/ndx/Innowise tasks/Innowise_task_5/airflow_env/lib/python3.8/site-packages/airflow/example_dags/example_nested_branch_dag.py
[2022-08-04 00:16:28,935] {processor.py:651} INFO - DAG(s) dict_keys(['example_nested_branch_dag']) retrieved from /home/ndx/Innowise tasks/Innowise_task_5/airflow_env/lib/python3.8/site-packages/airflow/example_dags/example_nested_branch_dag.py
[2022-08-04 00:16:28,942] {logging_mixin.py:115} INFO - [2022-08-04 00:16:28,942] {dag.py:2420} INFO - Sync 1 DAGs
[2022-08-04 00:16:28,953] {logging_mixin.py:115} INFO - [2022-08-04 00:16:28,953] {dag.py:2968} INFO - Setting next_dagrun for example_nested_branch_dag to 2022-08-02T00:00:00+00:00, run_after=2022-08-03T00:00:00+00:00
[2022-08-04 00:16:28,959] {processor.py:161} INFO - Processing /home/ndx/Innowise tasks/Innowise_task_5/airflow_env/lib/python3.8/site-packages/airflow/example_dags/example_nested_branch_dag.py took 0.038 seconds
[2022-08-04 00:17:03,477] {processor.py:153} INFO - Started process (PID=47437) to work on /home/ndx/Innowise tasks/Innowise_task_5/airflow_env/lib/python3.8/site-packages/airflow/example_dags/example_nested_branch_dag.py
[2022-08-04 00:17:03,478] {processor.py:641} INFO - Processing file /home/ndx/Innowise tasks/Innowise_task_5/airflow_env/lib/python3.8/site-packages/airflow/example_dags/example_nested_branch_dag.py for tasks to queue
[2022-08-04 00:17:03,478] {logging_mixin.py:115} INFO - [2022-08-04 00:17:03,478] {dagbag.py:508} INFO - Filling up the DagBag from /home/ndx/Innowise tasks/Innowise_task_5/airflow_env/lib/python3.8/site-packages/airflow/example_dags/example_nested_branch_dag.py
[2022-08-04 00:17:03,484] {processor.py:651} INFO - DAG(s) dict_keys(['example_nested_branch_dag']) retrieved from /home/ndx/Innowise tasks/Innowise_task_5/airflow_env/lib/python3.8/site-packages/airflow/example_dags/example_nested_branch_dag.py
[2022-08-04 00:17:03,492] {logging_mixin.py:115} INFO - [2022-08-04 00:17:03,492] {dag.py:2420} INFO - Sync 1 DAGs
[2022-08-04 00:17:03,504] {logging_mixin.py:115} INFO - [2022-08-04 00:17:03,504] {dag.py:2968} INFO - Setting next_dagrun for example_nested_branch_dag to 2022-08-02T00:00:00+00:00, run_after=2022-08-03T00:00:00+00:00
[2022-08-04 00:17:03,511] {processor.py:161} INFO - Processing /home/ndx/Innowise tasks/Innowise_task_5/airflow_env/lib/python3.8/site-packages/airflow/example_dags/example_nested_branch_dag.py took 0.036 seconds
[2022-08-04 00:17:38,791] {processor.py:153} INFO - Started process (PID=47501) to work on /home/ndx/Innowise tasks/Innowise_task_5/airflow_env/lib/python3.8/site-packages/airflow/example_dags/example_nested_branch_dag.py
[2022-08-04 00:17:38,796] {processor.py:641} INFO - Processing file /home/ndx/Innowise tasks/Innowise_task_5/airflow_env/lib/python3.8/site-packages/airflow/example_dags/example_nested_branch_dag.py for tasks to queue
[2022-08-04 00:17:38,797] {logging_mixin.py:115} INFO - [2022-08-04 00:17:38,797] {dagbag.py:508} INFO - Filling up the DagBag from /home/ndx/Innowise tasks/Innowise_task_5/airflow_env/lib/python3.8/site-packages/airflow/example_dags/example_nested_branch_dag.py
[2022-08-04 00:17:38,803] {processor.py:651} INFO - DAG(s) dict_keys(['example_nested_branch_dag']) retrieved from /home/ndx/Innowise tasks/Innowise_task_5/airflow_env/lib/python3.8/site-packages/airflow/example_dags/example_nested_branch_dag.py
[2022-08-04 00:17:38,813] {logging_mixin.py:115} INFO - [2022-08-04 00:17:38,813] {dag.py:2420} INFO - Sync 1 DAGs
[2022-08-04 00:17:38,824] {logging_mixin.py:115} INFO - [2022-08-04 00:17:38,824] {dag.py:2968} INFO - Setting next_dagrun for example_nested_branch_dag to 2022-08-02T00:00:00+00:00, run_after=2022-08-03T00:00:00+00:00
[2022-08-04 00:17:38,831] {processor.py:161} INFO - Processing /home/ndx/Innowise tasks/Innowise_task_5/airflow_env/lib/python3.8/site-packages/airflow/example_dags/example_nested_branch_dag.py took 0.041 seconds
[2022-08-04 00:18:18,055] {processor.py:153} INFO - Started process (PID=47581) to work on /home/ndx/Innowise tasks/Innowise_task_5/airflow_env/lib/python3.8/site-packages/airflow/example_dags/example_nested_branch_dag.py
[2022-08-04 00:18:18,056] {processor.py:641} INFO - Processing file /home/ndx/Innowise tasks/Innowise_task_5/airflow_env/lib/python3.8/site-packages/airflow/example_dags/example_nested_branch_dag.py for tasks to queue
[2022-08-04 00:18:18,056] {logging_mixin.py:115} INFO - [2022-08-04 00:18:18,056] {dagbag.py:508} INFO - Filling up the DagBag from /home/ndx/Innowise tasks/Innowise_task_5/airflow_env/lib/python3.8/site-packages/airflow/example_dags/example_nested_branch_dag.py
[2022-08-04 00:18:18,062] {processor.py:651} INFO - DAG(s) dict_keys(['example_nested_branch_dag']) retrieved from /home/ndx/Innowise tasks/Innowise_task_5/airflow_env/lib/python3.8/site-packages/airflow/example_dags/example_nested_branch_dag.py
[2022-08-04 00:18:18,071] {logging_mixin.py:115} INFO - [2022-08-04 00:18:18,071] {dag.py:2420} INFO - Sync 1 DAGs
[2022-08-04 00:18:18,082] {logging_mixin.py:115} INFO - [2022-08-04 00:18:18,082] {dag.py:2968} INFO - Setting next_dagrun for example_nested_branch_dag to 2022-08-02T00:00:00+00:00, run_after=2022-08-03T00:00:00+00:00
[2022-08-04 00:18:18,089] {processor.py:161} INFO - Processing /home/ndx/Innowise tasks/Innowise_task_5/airflow_env/lib/python3.8/site-packages/airflow/example_dags/example_nested_branch_dag.py took 0.036 seconds
[2022-08-04 00:18:51,996] {processor.py:153} INFO - Started process (PID=47622) to work on /home/ndx/Innowise tasks/Innowise_task_5/airflow_env/lib/python3.8/site-packages/airflow/example_dags/example_nested_branch_dag.py
[2022-08-04 00:18:52,001] {processor.py:641} INFO - Processing file /home/ndx/Innowise tasks/Innowise_task_5/airflow_env/lib/python3.8/site-packages/airflow/example_dags/example_nested_branch_dag.py for tasks to queue
[2022-08-04 00:18:52,002] {logging_mixin.py:115} INFO - [2022-08-04 00:18:52,002] {dagbag.py:508} INFO - Filling up the DagBag from /home/ndx/Innowise tasks/Innowise_task_5/airflow_env/lib/python3.8/site-packages/airflow/example_dags/example_nested_branch_dag.py
[2022-08-04 00:18:52,008] {processor.py:651} INFO - DAG(s) dict_keys(['example_nested_branch_dag']) retrieved from /home/ndx/Innowise tasks/Innowise_task_5/airflow_env/lib/python3.8/site-packages/airflow/example_dags/example_nested_branch_dag.py
[2022-08-04 00:18:52,017] {logging_mixin.py:115} INFO - [2022-08-04 00:18:52,017] {dag.py:2420} INFO - Sync 1 DAGs
[2022-08-04 00:18:52,028] {logging_mixin.py:115} INFO - [2022-08-04 00:18:52,028] {dag.py:2968} INFO - Setting next_dagrun for example_nested_branch_dag to 2022-08-02T00:00:00+00:00, run_after=2022-08-03T00:00:00+00:00
[2022-08-04 00:18:52,035] {processor.py:161} INFO - Processing /home/ndx/Innowise tasks/Innowise_task_5/airflow_env/lib/python3.8/site-packages/airflow/example_dags/example_nested_branch_dag.py took 0.041 seconds
[2022-08-04 00:19:27,056] {processor.py:153} INFO - Started process (PID=47836) to work on /home/ndx/Innowise tasks/Innowise_task_5/airflow_env/lib/python3.8/site-packages/airflow/example_dags/example_nested_branch_dag.py
[2022-08-04 00:19:27,062] {processor.py:641} INFO - Processing file /home/ndx/Innowise tasks/Innowise_task_5/airflow_env/lib/python3.8/site-packages/airflow/example_dags/example_nested_branch_dag.py for tasks to queue
[2022-08-04 00:19:27,062] {logging_mixin.py:115} INFO - [2022-08-04 00:19:27,062] {dagbag.py:508} INFO - Filling up the DagBag from /home/ndx/Innowise tasks/Innowise_task_5/airflow_env/lib/python3.8/site-packages/airflow/example_dags/example_nested_branch_dag.py
[2022-08-04 00:19:27,068] {processor.py:651} INFO - DAG(s) dict_keys(['example_nested_branch_dag']) retrieved from /home/ndx/Innowise tasks/Innowise_task_5/airflow_env/lib/python3.8/site-packages/airflow/example_dags/example_nested_branch_dag.py
[2022-08-04 00:19:27,077] {logging_mixin.py:115} INFO - [2022-08-04 00:19:27,077] {dag.py:2420} INFO - Sync 1 DAGs
[2022-08-04 00:19:27,088] {logging_mixin.py:115} INFO - [2022-08-04 00:19:27,088] {dag.py:2968} INFO - Setting next_dagrun for example_nested_branch_dag to 2022-08-02T00:00:00+00:00, run_after=2022-08-03T00:00:00+00:00
[2022-08-04 00:19:27,095] {processor.py:161} INFO - Processing /home/ndx/Innowise tasks/Innowise_task_5/airflow_env/lib/python3.8/site-packages/airflow/example_dags/example_nested_branch_dag.py took 0.040 seconds
[2022-08-04 00:19:59,607] {processor.py:153} INFO - Started process (PID=47900) to work on /home/ndx/Innowise tasks/Innowise_task_5/airflow_env/lib/python3.8/site-packages/airflow/example_dags/example_nested_branch_dag.py
[2022-08-04 00:19:59,613] {processor.py:641} INFO - Processing file /home/ndx/Innowise tasks/Innowise_task_5/airflow_env/lib/python3.8/site-packages/airflow/example_dags/example_nested_branch_dag.py for tasks to queue
[2022-08-04 00:19:59,613] {logging_mixin.py:115} INFO - [2022-08-04 00:19:59,613] {dagbag.py:508} INFO - Filling up the DagBag from /home/ndx/Innowise tasks/Innowise_task_5/airflow_env/lib/python3.8/site-packages/airflow/example_dags/example_nested_branch_dag.py
[2022-08-04 00:19:59,620] {processor.py:651} INFO - DAG(s) dict_keys(['example_nested_branch_dag']) retrieved from /home/ndx/Innowise tasks/Innowise_task_5/airflow_env/lib/python3.8/site-packages/airflow/example_dags/example_nested_branch_dag.py
[2022-08-04 00:19:59,629] {logging_mixin.py:115} INFO - [2022-08-04 00:19:59,628] {dag.py:2420} INFO - Sync 1 DAGs
[2022-08-04 00:19:59,639] {logging_mixin.py:115} INFO - [2022-08-04 00:19:59,639] {dag.py:2968} INFO - Setting next_dagrun for example_nested_branch_dag to 2022-08-02T00:00:00+00:00, run_after=2022-08-03T00:00:00+00:00
[2022-08-04 00:19:59,646] {processor.py:161} INFO - Processing /home/ndx/Innowise tasks/Innowise_task_5/airflow_env/lib/python3.8/site-packages/airflow/example_dags/example_nested_branch_dag.py took 0.040 seconds
[2022-08-04 00:20:34,313] {processor.py:153} INFO - Started process (PID=47996) to work on /home/ndx/Innowise tasks/Innowise_task_5/airflow_env/lib/python3.8/site-packages/airflow/example_dags/example_nested_branch_dag.py
[2022-08-04 00:20:34,318] {processor.py:641} INFO - Processing file /home/ndx/Innowise tasks/Innowise_task_5/airflow_env/lib/python3.8/site-packages/airflow/example_dags/example_nested_branch_dag.py for tasks to queue
[2022-08-04 00:20:34,319] {logging_mixin.py:115} INFO - [2022-08-04 00:20:34,319] {dagbag.py:508} INFO - Filling up the DagBag from /home/ndx/Innowise tasks/Innowise_task_5/airflow_env/lib/python3.8/site-packages/airflow/example_dags/example_nested_branch_dag.py
[2022-08-04 00:20:34,325] {processor.py:651} INFO - DAG(s) dict_keys(['example_nested_branch_dag']) retrieved from /home/ndx/Innowise tasks/Innowise_task_5/airflow_env/lib/python3.8/site-packages/airflow/example_dags/example_nested_branch_dag.py
[2022-08-04 00:20:34,334] {logging_mixin.py:115} INFO - [2022-08-04 00:20:34,334] {dag.py:2420} INFO - Sync 1 DAGs
[2022-08-04 00:20:34,344] {logging_mixin.py:115} INFO - [2022-08-04 00:20:34,344] {dag.py:2968} INFO - Setting next_dagrun for example_nested_branch_dag to 2022-08-02T00:00:00+00:00, run_after=2022-08-03T00:00:00+00:00
[2022-08-04 00:20:34,350] {processor.py:161} INFO - Processing /home/ndx/Innowise tasks/Innowise_task_5/airflow_env/lib/python3.8/site-packages/airflow/example_dags/example_nested_branch_dag.py took 0.039 seconds
[2022-08-04 00:21:06,260] {processor.py:153} INFO - Started process (PID=48092) to work on /home/ndx/Innowise tasks/Innowise_task_5/airflow_env/lib/python3.8/site-packages/airflow/example_dags/example_nested_branch_dag.py
[2022-08-04 00:21:06,260] {processor.py:641} INFO - Processing file /home/ndx/Innowise tasks/Innowise_task_5/airflow_env/lib/python3.8/site-packages/airflow/example_dags/example_nested_branch_dag.py for tasks to queue
[2022-08-04 00:21:06,260] {logging_mixin.py:115} INFO - [2022-08-04 00:21:06,260] {dagbag.py:508} INFO - Filling up the DagBag from /home/ndx/Innowise tasks/Innowise_task_5/airflow_env/lib/python3.8/site-packages/airflow/example_dags/example_nested_branch_dag.py
[2022-08-04 00:21:06,266] {processor.py:651} INFO - DAG(s) dict_keys(['example_nested_branch_dag']) retrieved from /home/ndx/Innowise tasks/Innowise_task_5/airflow_env/lib/python3.8/site-packages/airflow/example_dags/example_nested_branch_dag.py
[2022-08-04 00:21:06,274] {logging_mixin.py:115} INFO - [2022-08-04 00:21:06,274] {dag.py:2420} INFO - Sync 1 DAGs
[2022-08-04 00:21:06,284] {logging_mixin.py:115} INFO - [2022-08-04 00:21:06,284] {dag.py:2968} INFO - Setting next_dagrun for example_nested_branch_dag to 2022-08-02T00:00:00+00:00, run_after=2022-08-03T00:00:00+00:00
[2022-08-04 00:21:06,291] {processor.py:161} INFO - Processing /home/ndx/Innowise tasks/Innowise_task_5/airflow_env/lib/python3.8/site-packages/airflow/example_dags/example_nested_branch_dag.py took 0.033 seconds
[2022-08-04 00:21:41,594] {processor.py:153} INFO - Started process (PID=48157) to work on /home/ndx/Innowise tasks/Innowise_task_5/airflow_env/lib/python3.8/site-packages/airflow/example_dags/example_nested_branch_dag.py
[2022-08-04 00:21:41,594] {processor.py:641} INFO - Processing file /home/ndx/Innowise tasks/Innowise_task_5/airflow_env/lib/python3.8/site-packages/airflow/example_dags/example_nested_branch_dag.py for tasks to queue
[2022-08-04 00:21:41,594] {logging_mixin.py:115} INFO - [2022-08-04 00:21:41,594] {dagbag.py:508} INFO - Filling up the DagBag from /home/ndx/Innowise tasks/Innowise_task_5/airflow_env/lib/python3.8/site-packages/airflow/example_dags/example_nested_branch_dag.py
[2022-08-04 00:21:41,600] {processor.py:651} INFO - DAG(s) dict_keys(['example_nested_branch_dag']) retrieved from /home/ndx/Innowise tasks/Innowise_task_5/airflow_env/lib/python3.8/site-packages/airflow/example_dags/example_nested_branch_dag.py
[2022-08-04 00:21:41,609] {logging_mixin.py:115} INFO - [2022-08-04 00:21:41,609] {dag.py:2420} INFO - Sync 1 DAGs
[2022-08-04 00:21:41,620] {logging_mixin.py:115} INFO - [2022-08-04 00:21:41,620] {dag.py:2968} INFO - Setting next_dagrun for example_nested_branch_dag to 2022-08-02T00:00:00+00:00, run_after=2022-08-03T00:00:00+00:00
[2022-08-04 00:21:41,626] {processor.py:161} INFO - Processing /home/ndx/Innowise tasks/Innowise_task_5/airflow_env/lib/python3.8/site-packages/airflow/example_dags/example_nested_branch_dag.py took 0.034 seconds
[2022-08-04 00:22:15,579] {processor.py:153} INFO - Started process (PID=48226) to work on /home/ndx/Innowise tasks/Innowise_task_5/airflow_env/lib/python3.8/site-packages/airflow/example_dags/example_nested_branch_dag.py
[2022-08-04 00:22:15,584] {processor.py:641} INFO - Processing file /home/ndx/Innowise tasks/Innowise_task_5/airflow_env/lib/python3.8/site-packages/airflow/example_dags/example_nested_branch_dag.py for tasks to queue
[2022-08-04 00:22:15,584] {logging_mixin.py:115} INFO - [2022-08-04 00:22:15,584] {dagbag.py:508} INFO - Filling up the DagBag from /home/ndx/Innowise tasks/Innowise_task_5/airflow_env/lib/python3.8/site-packages/airflow/example_dags/example_nested_branch_dag.py
[2022-08-04 00:22:15,590] {processor.py:651} INFO - DAG(s) dict_keys(['example_nested_branch_dag']) retrieved from /home/ndx/Innowise tasks/Innowise_task_5/airflow_env/lib/python3.8/site-packages/airflow/example_dags/example_nested_branch_dag.py
[2022-08-04 00:22:15,600] {logging_mixin.py:115} INFO - [2022-08-04 00:22:15,600] {dag.py:2420} INFO - Sync 1 DAGs
[2022-08-04 00:22:15,613] {logging_mixin.py:115} INFO - [2022-08-04 00:22:15,613] {dag.py:2968} INFO - Setting next_dagrun for example_nested_branch_dag to 2022-08-02T00:00:00+00:00, run_after=2022-08-03T00:00:00+00:00
[2022-08-04 00:22:15,620] {processor.py:161} INFO - Processing /home/ndx/Innowise tasks/Innowise_task_5/airflow_env/lib/python3.8/site-packages/airflow/example_dags/example_nested_branch_dag.py took 0.043 seconds
[2022-08-04 00:22:51,353] {processor.py:153} INFO - Started process (PID=48283) to work on /home/ndx/Innowise tasks/Innowise_task_5/airflow_env/lib/python3.8/site-packages/airflow/example_dags/example_nested_branch_dag.py
[2022-08-04 00:22:51,358] {processor.py:641} INFO - Processing file /home/ndx/Innowise tasks/Innowise_task_5/airflow_env/lib/python3.8/site-packages/airflow/example_dags/example_nested_branch_dag.py for tasks to queue
[2022-08-04 00:22:51,359] {logging_mixin.py:115} INFO - [2022-08-04 00:22:51,359] {dagbag.py:508} INFO - Filling up the DagBag from /home/ndx/Innowise tasks/Innowise_task_5/airflow_env/lib/python3.8/site-packages/airflow/example_dags/example_nested_branch_dag.py
[2022-08-04 00:22:51,365] {processor.py:651} INFO - DAG(s) dict_keys(['example_nested_branch_dag']) retrieved from /home/ndx/Innowise tasks/Innowise_task_5/airflow_env/lib/python3.8/site-packages/airflow/example_dags/example_nested_branch_dag.py
[2022-08-04 00:22:51,374] {logging_mixin.py:115} INFO - [2022-08-04 00:22:51,374] {dag.py:2420} INFO - Sync 1 DAGs
[2022-08-04 00:22:51,385] {logging_mixin.py:115} INFO - [2022-08-04 00:22:51,385] {dag.py:2968} INFO - Setting next_dagrun for example_nested_branch_dag to 2022-08-02T00:00:00+00:00, run_after=2022-08-03T00:00:00+00:00
[2022-08-04 00:22:51,391] {processor.py:161} INFO - Processing /home/ndx/Innowise tasks/Innowise_task_5/airflow_env/lib/python3.8/site-packages/airflow/example_dags/example_nested_branch_dag.py took 0.040 seconds
[2022-08-04 00:23:26,468] {processor.py:153} INFO - Started process (PID=48333) to work on /home/ndx/Innowise tasks/Innowise_task_5/airflow_env/lib/python3.8/site-packages/airflow/example_dags/example_nested_branch_dag.py
[2022-08-04 00:23:26,473] {processor.py:641} INFO - Processing file /home/ndx/Innowise tasks/Innowise_task_5/airflow_env/lib/python3.8/site-packages/airflow/example_dags/example_nested_branch_dag.py for tasks to queue
[2022-08-04 00:23:26,473] {logging_mixin.py:115} INFO - [2022-08-04 00:23:26,473] {dagbag.py:508} INFO - Filling up the DagBag from /home/ndx/Innowise tasks/Innowise_task_5/airflow_env/lib/python3.8/site-packages/airflow/example_dags/example_nested_branch_dag.py
[2022-08-04 00:23:26,480] {processor.py:651} INFO - DAG(s) dict_keys(['example_nested_branch_dag']) retrieved from /home/ndx/Innowise tasks/Innowise_task_5/airflow_env/lib/python3.8/site-packages/airflow/example_dags/example_nested_branch_dag.py
[2022-08-04 00:23:26,489] {logging_mixin.py:115} INFO - [2022-08-04 00:23:26,489] {dag.py:2420} INFO - Sync 1 DAGs
[2022-08-04 00:23:26,500] {logging_mixin.py:115} INFO - [2022-08-04 00:23:26,500] {dag.py:2968} INFO - Setting next_dagrun for example_nested_branch_dag to 2022-08-02T00:00:00+00:00, run_after=2022-08-03T00:00:00+00:00
[2022-08-04 00:23:26,506] {processor.py:161} INFO - Processing /home/ndx/Innowise tasks/Innowise_task_5/airflow_env/lib/python3.8/site-packages/airflow/example_dags/example_nested_branch_dag.py took 0.041 seconds
[2022-08-04 00:23:43,888] {processor.py:153} INFO - Started process (PID=48393) to work on /home/ndx/Innowise tasks/Innowise_task_5/airflow_env/lib/python3.8/site-packages/airflow/example_dags/example_nested_branch_dag.py
[2022-08-04 00:23:43,893] {processor.py:641} INFO - Processing file /home/ndx/Innowise tasks/Innowise_task_5/airflow_env/lib/python3.8/site-packages/airflow/example_dags/example_nested_branch_dag.py for tasks to queue
[2022-08-04 00:23:43,894] {logging_mixin.py:115} INFO - [2022-08-04 00:23:43,894] {dagbag.py:508} INFO - Filling up the DagBag from /home/ndx/Innowise tasks/Innowise_task_5/airflow_env/lib/python3.8/site-packages/airflow/example_dags/example_nested_branch_dag.py
[2022-08-04 00:23:43,900] {processor.py:651} INFO - DAG(s) dict_keys(['example_nested_branch_dag']) retrieved from /home/ndx/Innowise tasks/Innowise_task_5/airflow_env/lib/python3.8/site-packages/airflow/example_dags/example_nested_branch_dag.py
[2022-08-04 00:23:43,908] {logging_mixin.py:115} INFO - [2022-08-04 00:23:43,908] {dag.py:2420} INFO - Sync 1 DAGs
[2022-08-04 00:23:43,917] {logging_mixin.py:115} INFO - [2022-08-04 00:23:43,917] {dag.py:2968} INFO - Setting next_dagrun for example_nested_branch_dag to 2022-08-02T00:00:00+00:00, run_after=2022-08-03T00:00:00+00:00
[2022-08-04 00:23:43,926] {processor.py:161} INFO - Processing /home/ndx/Innowise tasks/Innowise_task_5/airflow_env/lib/python3.8/site-packages/airflow/example_dags/example_nested_branch_dag.py took 0.040 seconds
[2022-08-04 00:24:15,828] {processor.py:153} INFO - Started process (PID=48490) to work on /home/ndx/Innowise tasks/Innowise_task_5/airflow_env/lib/python3.8/site-packages/airflow/example_dags/example_nested_branch_dag.py
[2022-08-04 00:24:15,834] {processor.py:641} INFO - Processing file /home/ndx/Innowise tasks/Innowise_task_5/airflow_env/lib/python3.8/site-packages/airflow/example_dags/example_nested_branch_dag.py for tasks to queue
[2022-08-04 00:24:15,834] {logging_mixin.py:115} INFO - [2022-08-04 00:24:15,834] {dagbag.py:508} INFO - Filling up the DagBag from /home/ndx/Innowise tasks/Innowise_task_5/airflow_env/lib/python3.8/site-packages/airflow/example_dags/example_nested_branch_dag.py
[2022-08-04 00:24:15,840] {processor.py:651} INFO - DAG(s) dict_keys(['example_nested_branch_dag']) retrieved from /home/ndx/Innowise tasks/Innowise_task_5/airflow_env/lib/python3.8/site-packages/airflow/example_dags/example_nested_branch_dag.py
[2022-08-04 00:24:15,849] {logging_mixin.py:115} INFO - [2022-08-04 00:24:15,849] {dag.py:2420} INFO - Sync 1 DAGs
[2022-08-04 00:24:15,859] {logging_mixin.py:115} INFO - [2022-08-04 00:24:15,859] {dag.py:2968} INFO - Setting next_dagrun for example_nested_branch_dag to 2022-08-02T00:00:00+00:00, run_after=2022-08-03T00:00:00+00:00
[2022-08-04 00:24:15,865] {processor.py:161} INFO - Processing /home/ndx/Innowise tasks/Innowise_task_5/airflow_env/lib/python3.8/site-packages/airflow/example_dags/example_nested_branch_dag.py took 0.038 seconds
[2022-08-04 00:24:31,845] {processor.py:153} INFO - Started process (PID=48524) to work on /home/ndx/Innowise tasks/Innowise_task_5/airflow_env/lib/python3.8/site-packages/airflow/example_dags/example_nested_branch_dag.py
[2022-08-04 00:24:31,850] {processor.py:641} INFO - Processing file /home/ndx/Innowise tasks/Innowise_task_5/airflow_env/lib/python3.8/site-packages/airflow/example_dags/example_nested_branch_dag.py for tasks to queue
[2022-08-04 00:24:31,851] {logging_mixin.py:115} INFO - [2022-08-04 00:24:31,851] {dagbag.py:508} INFO - Filling up the DagBag from /home/ndx/Innowise tasks/Innowise_task_5/airflow_env/lib/python3.8/site-packages/airflow/example_dags/example_nested_branch_dag.py
[2022-08-04 00:24:31,857] {processor.py:651} INFO - DAG(s) dict_keys(['example_nested_branch_dag']) retrieved from /home/ndx/Innowise tasks/Innowise_task_5/airflow_env/lib/python3.8/site-packages/airflow/example_dags/example_nested_branch_dag.py
[2022-08-04 00:24:31,866] {logging_mixin.py:115} INFO - [2022-08-04 00:24:31,866] {dag.py:2420} INFO - Sync 1 DAGs
[2022-08-04 00:24:31,876] {logging_mixin.py:115} INFO - [2022-08-04 00:24:31,876] {dag.py:2968} INFO - Setting next_dagrun for example_nested_branch_dag to 2022-08-02T00:00:00+00:00, run_after=2022-08-03T00:00:00+00:00
[2022-08-04 00:24:31,882] {processor.py:161} INFO - Processing /home/ndx/Innowise tasks/Innowise_task_5/airflow_env/lib/python3.8/site-packages/airflow/example_dags/example_nested_branch_dag.py took 0.039 seconds
[2022-08-04 00:24:49,258] {processor.py:153} INFO - Started process (PID=48572) to work on /home/ndx/Innowise tasks/Innowise_task_5/airflow_env/lib/python3.8/site-packages/airflow/example_dags/example_nested_branch_dag.py
[2022-08-04 00:24:49,264] {processor.py:641} INFO - Processing file /home/ndx/Innowise tasks/Innowise_task_5/airflow_env/lib/python3.8/site-packages/airflow/example_dags/example_nested_branch_dag.py for tasks to queue
[2022-08-04 00:24:49,264] {logging_mixin.py:115} INFO - [2022-08-04 00:24:49,264] {dagbag.py:508} INFO - Filling up the DagBag from /home/ndx/Innowise tasks/Innowise_task_5/airflow_env/lib/python3.8/site-packages/airflow/example_dags/example_nested_branch_dag.py
[2022-08-04 00:24:49,269] {processor.py:651} INFO - DAG(s) dict_keys(['example_nested_branch_dag']) retrieved from /home/ndx/Innowise tasks/Innowise_task_5/airflow_env/lib/python3.8/site-packages/airflow/example_dags/example_nested_branch_dag.py
[2022-08-04 00:24:49,276] {logging_mixin.py:115} INFO - [2022-08-04 00:24:49,276] {dag.py:2420} INFO - Sync 1 DAGs
[2022-08-04 00:24:49,284] {logging_mixin.py:115} INFO - [2022-08-04 00:24:49,284] {dag.py:2968} INFO - Setting next_dagrun for example_nested_branch_dag to 2022-08-02T00:00:00+00:00, run_after=2022-08-03T00:00:00+00:00
[2022-08-04 00:24:49,291] {processor.py:161} INFO - Processing /home/ndx/Innowise tasks/Innowise_task_5/airflow_env/lib/python3.8/site-packages/airflow/example_dags/example_nested_branch_dag.py took 0.034 seconds
