[2022-08-04 00:00:46,790] {processor.py:153} INFO - Started process (PID=44909) to work on /home/ndx/Innowise tasks/Innowise_task_5/airflow_env/lib/python3.8/site-packages/airflow/example_dags/example_branch_day_of_week_operator.py
[2022-08-04 00:00:46,790] {processor.py:641} INFO - Processing file /home/ndx/Innowise tasks/Innowise_task_5/airflow_env/lib/python3.8/site-packages/airflow/example_dags/example_branch_day_of_week_operator.py for tasks to queue
[2022-08-04 00:00:46,790] {logging_mixin.py:115} INFO - [2022-08-04 00:00:46,790] {dagbag.py:508} INFO - Filling up the DagBag from /home/ndx/Innowise tasks/Innowise_task_5/airflow_env/lib/python3.8/site-packages/airflow/example_dags/example_branch_day_of_week_operator.py
[2022-08-04 00:00:46,795] {processor.py:651} INFO - DAG(s) dict_keys(['example_weekday_branch_operator']) retrieved from /home/ndx/Innowise tasks/Innowise_task_5/airflow_env/lib/python3.8/site-packages/airflow/example_dags/example_branch_day_of_week_operator.py
[2022-08-04 00:00:46,804] {logging_mixin.py:115} INFO - [2022-08-04 00:00:46,804] {dag.py:2420} INFO - Sync 1 DAGs
[2022-08-04 00:00:46,815] {logging_mixin.py:115} INFO - [2022-08-04 00:00:46,815] {dag.py:2968} INFO - Setting next_dagrun for example_weekday_branch_operator to 2022-08-02T00:00:00+00:00, run_after=2022-08-03T00:00:00+00:00
[2022-08-04 00:00:46,828] {processor.py:161} INFO - Processing /home/ndx/Innowise tasks/Innowise_task_5/airflow_env/lib/python3.8/site-packages/airflow/example_dags/example_branch_day_of_week_operator.py took 0.040 seconds
[2022-08-04 00:01:19,865] {processor.py:153} INFO - Started process (PID=45039) to work on /home/ndx/Innowise tasks/Innowise_task_5/airflow_env/lib/python3.8/site-packages/airflow/example_dags/example_branch_day_of_week_operator.py
[2022-08-04 00:01:19,871] {processor.py:641} INFO - Processing file /home/ndx/Innowise tasks/Innowise_task_5/airflow_env/lib/python3.8/site-packages/airflow/example_dags/example_branch_day_of_week_operator.py for tasks to queue
[2022-08-04 00:01:19,871] {logging_mixin.py:115} INFO - [2022-08-04 00:01:19,871] {dagbag.py:508} INFO - Filling up the DagBag from /home/ndx/Innowise tasks/Innowise_task_5/airflow_env/lib/python3.8/site-packages/airflow/example_dags/example_branch_day_of_week_operator.py
[2022-08-04 00:01:19,877] {processor.py:651} INFO - DAG(s) dict_keys(['example_weekday_branch_operator']) retrieved from /home/ndx/Innowise tasks/Innowise_task_5/airflow_env/lib/python3.8/site-packages/airflow/example_dags/example_branch_day_of_week_operator.py
[2022-08-04 00:01:19,886] {logging_mixin.py:115} INFO - [2022-08-04 00:01:19,886] {dag.py:2420} INFO - Sync 1 DAGs
[2022-08-04 00:01:19,896] {logging_mixin.py:115} INFO - [2022-08-04 00:01:19,896] {dag.py:2968} INFO - Setting next_dagrun for example_weekday_branch_operator to 2022-08-02T00:00:00+00:00, run_after=2022-08-03T00:00:00+00:00
[2022-08-04 00:01:19,903] {processor.py:161} INFO - Processing /home/ndx/Innowise tasks/Innowise_task_5/airflow_env/lib/python3.8/site-packages/airflow/example_dags/example_branch_day_of_week_operator.py took 0.039 seconds
[2022-08-04 00:01:54,790] {processor.py:153} INFO - Started process (PID=45138) to work on /home/ndx/Innowise tasks/Innowise_task_5/airflow_env/lib/python3.8/site-packages/airflow/example_dags/example_branch_day_of_week_operator.py
[2022-08-04 00:01:54,796] {processor.py:641} INFO - Processing file /home/ndx/Innowise tasks/Innowise_task_5/airflow_env/lib/python3.8/site-packages/airflow/example_dags/example_branch_day_of_week_operator.py for tasks to queue
[2022-08-04 00:01:54,797] {logging_mixin.py:115} INFO - [2022-08-04 00:01:54,797] {dagbag.py:508} INFO - Filling up the DagBag from /home/ndx/Innowise tasks/Innowise_task_5/airflow_env/lib/python3.8/site-packages/airflow/example_dags/example_branch_day_of_week_operator.py
[2022-08-04 00:01:54,802] {processor.py:651} INFO - DAG(s) dict_keys(['example_weekday_branch_operator']) retrieved from /home/ndx/Innowise tasks/Innowise_task_5/airflow_env/lib/python3.8/site-packages/airflow/example_dags/example_branch_day_of_week_operator.py
[2022-08-04 00:01:54,811] {logging_mixin.py:115} INFO - [2022-08-04 00:01:54,811] {dag.py:2420} INFO - Sync 1 DAGs
[2022-08-04 00:01:54,820] {logging_mixin.py:115} INFO - [2022-08-04 00:01:54,820] {dag.py:2968} INFO - Setting next_dagrun for example_weekday_branch_operator to 2022-08-02T00:00:00+00:00, run_after=2022-08-03T00:00:00+00:00
[2022-08-04 00:01:54,826] {processor.py:161} INFO - Processing /home/ndx/Innowise tasks/Innowise_task_5/airflow_env/lib/python3.8/site-packages/airflow/example_dags/example_branch_day_of_week_operator.py took 0.038 seconds
[2022-08-04 00:02:29,817] {processor.py:153} INFO - Started process (PID=45283) to work on /home/ndx/Innowise tasks/Innowise_task_5/airflow_env/lib/python3.8/site-packages/airflow/example_dags/example_branch_day_of_week_operator.py
[2022-08-04 00:02:29,822] {processor.py:641} INFO - Processing file /home/ndx/Innowise tasks/Innowise_task_5/airflow_env/lib/python3.8/site-packages/airflow/example_dags/example_branch_day_of_week_operator.py for tasks to queue
[2022-08-04 00:02:29,823] {logging_mixin.py:115} INFO - [2022-08-04 00:02:29,823] {dagbag.py:508} INFO - Filling up the DagBag from /home/ndx/Innowise tasks/Innowise_task_5/airflow_env/lib/python3.8/site-packages/airflow/example_dags/example_branch_day_of_week_operator.py
[2022-08-04 00:02:29,829] {processor.py:651} INFO - DAG(s) dict_keys(['example_weekday_branch_operator']) retrieved from /home/ndx/Innowise tasks/Innowise_task_5/airflow_env/lib/python3.8/site-packages/airflow/example_dags/example_branch_day_of_week_operator.py
[2022-08-04 00:02:29,838] {logging_mixin.py:115} INFO - [2022-08-04 00:02:29,838] {dag.py:2420} INFO - Sync 1 DAGs
[2022-08-04 00:02:29,849] {logging_mixin.py:115} INFO - [2022-08-04 00:02:29,849] {dag.py:2968} INFO - Setting next_dagrun for example_weekday_branch_operator to 2022-08-02T00:00:00+00:00, run_after=2022-08-03T00:00:00+00:00
[2022-08-04 00:02:29,856] {processor.py:161} INFO - Processing /home/ndx/Innowise tasks/Innowise_task_5/airflow_env/lib/python3.8/site-packages/airflow/example_dags/example_branch_day_of_week_operator.py took 0.042 seconds
[2022-08-04 00:03:04,605] {processor.py:153} INFO - Started process (PID=45360) to work on /home/ndx/Innowise tasks/Innowise_task_5/airflow_env/lib/python3.8/site-packages/airflow/example_dags/example_branch_day_of_week_operator.py
[2022-08-04 00:03:04,606] {processor.py:641} INFO - Processing file /home/ndx/Innowise tasks/Innowise_task_5/airflow_env/lib/python3.8/site-packages/airflow/example_dags/example_branch_day_of_week_operator.py for tasks to queue
[2022-08-04 00:03:04,606] {logging_mixin.py:115} INFO - [2022-08-04 00:03:04,606] {dagbag.py:508} INFO - Filling up the DagBag from /home/ndx/Innowise tasks/Innowise_task_5/airflow_env/lib/python3.8/site-packages/airflow/example_dags/example_branch_day_of_week_operator.py
[2022-08-04 00:03:04,611] {processor.py:651} INFO - DAG(s) dict_keys(['example_weekday_branch_operator']) retrieved from /home/ndx/Innowise tasks/Innowise_task_5/airflow_env/lib/python3.8/site-packages/airflow/example_dags/example_branch_day_of_week_operator.py
[2022-08-04 00:03:04,619] {logging_mixin.py:115} INFO - [2022-08-04 00:03:04,619] {dag.py:2420} INFO - Sync 1 DAGs
[2022-08-04 00:03:04,628] {logging_mixin.py:115} INFO - [2022-08-04 00:03:04,628] {dag.py:2968} INFO - Setting next_dagrun for example_weekday_branch_operator to 2022-08-02T00:00:00+00:00, run_after=2022-08-03T00:00:00+00:00
[2022-08-04 00:03:04,639] {processor.py:161} INFO - Processing /home/ndx/Innowise tasks/Innowise_task_5/airflow_env/lib/python3.8/site-packages/airflow/example_dags/example_branch_day_of_week_operator.py took 0.035 seconds
[2022-08-04 00:03:40,006] {processor.py:153} INFO - Started process (PID=45441) to work on /home/ndx/Innowise tasks/Innowise_task_5/airflow_env/lib/python3.8/site-packages/airflow/example_dags/example_branch_day_of_week_operator.py
[2022-08-04 00:03:40,008] {processor.py:641} INFO - Processing file /home/ndx/Innowise tasks/Innowise_task_5/airflow_env/lib/python3.8/site-packages/airflow/example_dags/example_branch_day_of_week_operator.py for tasks to queue
[2022-08-04 00:03:40,009] {logging_mixin.py:115} INFO - [2022-08-04 00:03:40,009] {dagbag.py:508} INFO - Filling up the DagBag from /home/ndx/Innowise tasks/Innowise_task_5/airflow_env/lib/python3.8/site-packages/airflow/example_dags/example_branch_day_of_week_operator.py
[2022-08-04 00:03:40,014] {processor.py:651} INFO - DAG(s) dict_keys(['example_weekday_branch_operator']) retrieved from /home/ndx/Innowise tasks/Innowise_task_5/airflow_env/lib/python3.8/site-packages/airflow/example_dags/example_branch_day_of_week_operator.py
[2022-08-04 00:03:40,022] {logging_mixin.py:115} INFO - [2022-08-04 00:03:40,022] {dag.py:2420} INFO - Sync 1 DAGs
[2022-08-04 00:03:40,032] {logging_mixin.py:115} INFO - [2022-08-04 00:03:40,032] {dag.py:2968} INFO - Setting next_dagrun for example_weekday_branch_operator to 2022-08-02T00:00:00+00:00, run_after=2022-08-03T00:00:00+00:00
[2022-08-04 00:03:40,039] {processor.py:161} INFO - Processing /home/ndx/Innowise tasks/Innowise_task_5/airflow_env/lib/python3.8/site-packages/airflow/example_dags/example_branch_day_of_week_operator.py took 0.035 seconds
[2022-08-04 00:04:15,407] {processor.py:153} INFO - Started process (PID=45488) to work on /home/ndx/Innowise tasks/Innowise_task_5/airflow_env/lib/python3.8/site-packages/airflow/example_dags/example_branch_day_of_week_operator.py
[2022-08-04 00:04:15,412] {processor.py:641} INFO - Processing file /home/ndx/Innowise tasks/Innowise_task_5/airflow_env/lib/python3.8/site-packages/airflow/example_dags/example_branch_day_of_week_operator.py for tasks to queue
[2022-08-04 00:04:15,413] {logging_mixin.py:115} INFO - [2022-08-04 00:04:15,413] {dagbag.py:508} INFO - Filling up the DagBag from /home/ndx/Innowise tasks/Innowise_task_5/airflow_env/lib/python3.8/site-packages/airflow/example_dags/example_branch_day_of_week_operator.py
[2022-08-04 00:04:15,418] {processor.py:651} INFO - DAG(s) dict_keys(['example_weekday_branch_operator']) retrieved from /home/ndx/Innowise tasks/Innowise_task_5/airflow_env/lib/python3.8/site-packages/airflow/example_dags/example_branch_day_of_week_operator.py
[2022-08-04 00:04:15,427] {logging_mixin.py:115} INFO - [2022-08-04 00:04:15,427] {dag.py:2420} INFO - Sync 1 DAGs
[2022-08-04 00:04:15,436] {logging_mixin.py:115} INFO - [2022-08-04 00:04:15,436] {dag.py:2968} INFO - Setting next_dagrun for example_weekday_branch_operator to 2022-08-02T00:00:00+00:00, run_after=2022-08-03T00:00:00+00:00
[2022-08-04 00:04:15,445] {processor.py:161} INFO - Processing /home/ndx/Innowise tasks/Innowise_task_5/airflow_env/lib/python3.8/site-packages/airflow/example_dags/example_branch_day_of_week_operator.py took 0.040 seconds
[2022-08-04 00:04:47,386] {processor.py:153} INFO - Started process (PID=45543) to work on /home/ndx/Innowise tasks/Innowise_task_5/airflow_env/lib/python3.8/site-packages/airflow/example_dags/example_branch_day_of_week_operator.py
[2022-08-04 00:04:47,387] {processor.py:641} INFO - Processing file /home/ndx/Innowise tasks/Innowise_task_5/airflow_env/lib/python3.8/site-packages/airflow/example_dags/example_branch_day_of_week_operator.py for tasks to queue
[2022-08-04 00:04:47,387] {logging_mixin.py:115} INFO - [2022-08-04 00:04:47,387] {dagbag.py:508} INFO - Filling up the DagBag from /home/ndx/Innowise tasks/Innowise_task_5/airflow_env/lib/python3.8/site-packages/airflow/example_dags/example_branch_day_of_week_operator.py
[2022-08-04 00:04:47,392] {processor.py:651} INFO - DAG(s) dict_keys(['example_weekday_branch_operator']) retrieved from /home/ndx/Innowise tasks/Innowise_task_5/airflow_env/lib/python3.8/site-packages/airflow/example_dags/example_branch_day_of_week_operator.py
[2022-08-04 00:04:47,402] {logging_mixin.py:115} INFO - [2022-08-04 00:04:47,401] {dag.py:2420} INFO - Sync 1 DAGs
[2022-08-04 00:04:47,412] {logging_mixin.py:115} INFO - [2022-08-04 00:04:47,411] {dag.py:2968} INFO - Setting next_dagrun for example_weekday_branch_operator to 2022-08-02T00:00:00+00:00, run_after=2022-08-03T00:00:00+00:00
[2022-08-04 00:04:47,418] {processor.py:161} INFO - Processing /home/ndx/Innowise tasks/Innowise_task_5/airflow_env/lib/python3.8/site-packages/airflow/example_dags/example_branch_day_of_week_operator.py took 0.034 seconds
[2022-08-04 00:05:22,547] {processor.py:153} INFO - Started process (PID=45715) to work on /home/ndx/Innowise tasks/Innowise_task_5/airflow_env/lib/python3.8/site-packages/airflow/example_dags/example_branch_day_of_week_operator.py
[2022-08-04 00:05:22,552] {processor.py:641} INFO - Processing file /home/ndx/Innowise tasks/Innowise_task_5/airflow_env/lib/python3.8/site-packages/airflow/example_dags/example_branch_day_of_week_operator.py for tasks to queue
[2022-08-04 00:05:22,552] {logging_mixin.py:115} INFO - [2022-08-04 00:05:22,552] {dagbag.py:508} INFO - Filling up the DagBag from /home/ndx/Innowise tasks/Innowise_task_5/airflow_env/lib/python3.8/site-packages/airflow/example_dags/example_branch_day_of_week_operator.py
[2022-08-04 00:05:22,558] {processor.py:651} INFO - DAG(s) dict_keys(['example_weekday_branch_operator']) retrieved from /home/ndx/Innowise tasks/Innowise_task_5/airflow_env/lib/python3.8/site-packages/airflow/example_dags/example_branch_day_of_week_operator.py
[2022-08-04 00:05:22,566] {logging_mixin.py:115} INFO - [2022-08-04 00:05:22,566] {dag.py:2420} INFO - Sync 1 DAGs
[2022-08-04 00:05:22,575] {logging_mixin.py:115} INFO - [2022-08-04 00:05:22,575] {dag.py:2968} INFO - Setting next_dagrun for example_weekday_branch_operator to 2022-08-02T00:00:00+00:00, run_after=2022-08-03T00:00:00+00:00
[2022-08-04 00:05:22,583] {processor.py:161} INFO - Processing /home/ndx/Innowise tasks/Innowise_task_5/airflow_env/lib/python3.8/site-packages/airflow/example_dags/example_branch_day_of_week_operator.py took 0.038 seconds
[2022-08-04 00:05:55,785] {processor.py:153} INFO - Started process (PID=45808) to work on /home/ndx/Innowise tasks/Innowise_task_5/airflow_env/lib/python3.8/site-packages/airflow/example_dags/example_branch_day_of_week_operator.py
[2022-08-04 00:05:55,790] {processor.py:641} INFO - Processing file /home/ndx/Innowise tasks/Innowise_task_5/airflow_env/lib/python3.8/site-packages/airflow/example_dags/example_branch_day_of_week_operator.py for tasks to queue
[2022-08-04 00:05:55,791] {logging_mixin.py:115} INFO - [2022-08-04 00:05:55,790] {dagbag.py:508} INFO - Filling up the DagBag from /home/ndx/Innowise tasks/Innowise_task_5/airflow_env/lib/python3.8/site-packages/airflow/example_dags/example_branch_day_of_week_operator.py
[2022-08-04 00:05:55,796] {processor.py:651} INFO - DAG(s) dict_keys(['example_weekday_branch_operator']) retrieved from /home/ndx/Innowise tasks/Innowise_task_5/airflow_env/lib/python3.8/site-packages/airflow/example_dags/example_branch_day_of_week_operator.py
[2022-08-04 00:05:55,804] {logging_mixin.py:115} INFO - [2022-08-04 00:05:55,804] {dag.py:2420} INFO - Sync 1 DAGs
[2022-08-04 00:05:55,814] {logging_mixin.py:115} INFO - [2022-08-04 00:05:55,814] {dag.py:2968} INFO - Setting next_dagrun for example_weekday_branch_operator to 2022-08-02T00:00:00+00:00, run_after=2022-08-03T00:00:00+00:00
[2022-08-04 00:05:55,821] {processor.py:161} INFO - Processing /home/ndx/Innowise tasks/Innowise_task_5/airflow_env/lib/python3.8/site-packages/airflow/example_dags/example_branch_day_of_week_operator.py took 0.039 seconds
[2022-08-04 00:06:30,609] {processor.py:153} INFO - Started process (PID=45915) to work on /home/ndx/Innowise tasks/Innowise_task_5/airflow_env/lib/python3.8/site-packages/airflow/example_dags/example_branch_day_of_week_operator.py
[2022-08-04 00:06:30,615] {processor.py:641} INFO - Processing file /home/ndx/Innowise tasks/Innowise_task_5/airflow_env/lib/python3.8/site-packages/airflow/example_dags/example_branch_day_of_week_operator.py for tasks to queue
[2022-08-04 00:06:30,615] {logging_mixin.py:115} INFO - [2022-08-04 00:06:30,615] {dagbag.py:508} INFO - Filling up the DagBag from /home/ndx/Innowise tasks/Innowise_task_5/airflow_env/lib/python3.8/site-packages/airflow/example_dags/example_branch_day_of_week_operator.py
[2022-08-04 00:06:30,619] {processor.py:651} INFO - DAG(s) dict_keys(['example_weekday_branch_operator']) retrieved from /home/ndx/Innowise tasks/Innowise_task_5/airflow_env/lib/python3.8/site-packages/airflow/example_dags/example_branch_day_of_week_operator.py
[2022-08-04 00:06:30,626] {logging_mixin.py:115} INFO - [2022-08-04 00:06:30,626] {dag.py:2420} INFO - Sync 1 DAGs
[2022-08-04 00:06:30,634] {logging_mixin.py:115} INFO - [2022-08-04 00:06:30,634] {dag.py:2968} INFO - Setting next_dagrun for example_weekday_branch_operator to 2022-08-02T00:00:00+00:00, run_after=2022-08-03T00:00:00+00:00
[2022-08-04 00:06:30,641] {processor.py:161} INFO - Processing /home/ndx/Innowise tasks/Innowise_task_5/airflow_env/lib/python3.8/site-packages/airflow/example_dags/example_branch_day_of_week_operator.py took 0.033 seconds
[2022-08-04 00:07:04,806] {processor.py:153} INFO - Started process (PID=45980) to work on /home/ndx/Innowise tasks/Innowise_task_5/airflow_env/lib/python3.8/site-packages/airflow/example_dags/example_branch_day_of_week_operator.py
[2022-08-04 00:07:04,812] {processor.py:641} INFO - Processing file /home/ndx/Innowise tasks/Innowise_task_5/airflow_env/lib/python3.8/site-packages/airflow/example_dags/example_branch_day_of_week_operator.py for tasks to queue
[2022-08-04 00:07:04,812] {logging_mixin.py:115} INFO - [2022-08-04 00:07:04,812] {dagbag.py:508} INFO - Filling up the DagBag from /home/ndx/Innowise tasks/Innowise_task_5/airflow_env/lib/python3.8/site-packages/airflow/example_dags/example_branch_day_of_week_operator.py
[2022-08-04 00:07:04,819] {processor.py:651} INFO - DAG(s) dict_keys(['example_weekday_branch_operator']) retrieved from /home/ndx/Innowise tasks/Innowise_task_5/airflow_env/lib/python3.8/site-packages/airflow/example_dags/example_branch_day_of_week_operator.py
[2022-08-04 00:07:04,835] {logging_mixin.py:115} INFO - [2022-08-04 00:07:04,834] {dag.py:2420} INFO - Sync 1 DAGs
[2022-08-04 00:07:04,853] {logging_mixin.py:115} INFO - [2022-08-04 00:07:04,853] {dag.py:2968} INFO - Setting next_dagrun for example_weekday_branch_operator to 2022-08-02T00:00:00+00:00, run_after=2022-08-03T00:00:00+00:00
[2022-08-04 00:07:04,869] {processor.py:161} INFO - Processing /home/ndx/Innowise tasks/Innowise_task_5/airflow_env/lib/python3.8/site-packages/airflow/example_dags/example_branch_day_of_week_operator.py took 0.065 seconds
[2022-08-04 00:07:37,329] {processor.py:153} INFO - Started process (PID=46068) to work on /home/ndx/Innowise tasks/Innowise_task_5/airflow_env/lib/python3.8/site-packages/airflow/example_dags/example_branch_day_of_week_operator.py
[2022-08-04 00:07:37,329] {processor.py:641} INFO - Processing file /home/ndx/Innowise tasks/Innowise_task_5/airflow_env/lib/python3.8/site-packages/airflow/example_dags/example_branch_day_of_week_operator.py for tasks to queue
[2022-08-04 00:07:37,330] {logging_mixin.py:115} INFO - [2022-08-04 00:07:37,330] {dagbag.py:508} INFO - Filling up the DagBag from /home/ndx/Innowise tasks/Innowise_task_5/airflow_env/lib/python3.8/site-packages/airflow/example_dags/example_branch_day_of_week_operator.py
[2022-08-04 00:07:37,334] {processor.py:651} INFO - DAG(s) dict_keys(['example_weekday_branch_operator']) retrieved from /home/ndx/Innowise tasks/Innowise_task_5/airflow_env/lib/python3.8/site-packages/airflow/example_dags/example_branch_day_of_week_operator.py
[2022-08-04 00:07:37,343] {logging_mixin.py:115} INFO - [2022-08-04 00:07:37,343] {dag.py:2420} INFO - Sync 1 DAGs
[2022-08-04 00:07:37,353] {logging_mixin.py:115} INFO - [2022-08-04 00:07:37,353] {dag.py:2968} INFO - Setting next_dagrun for example_weekday_branch_operator to 2022-08-02T00:00:00+00:00, run_after=2022-08-03T00:00:00+00:00
[2022-08-04 00:07:37,361] {processor.py:161} INFO - Processing /home/ndx/Innowise tasks/Innowise_task_5/airflow_env/lib/python3.8/site-packages/airflow/example_dags/example_branch_day_of_week_operator.py took 0.033 seconds
[2022-08-04 00:08:11,262] {processor.py:153} INFO - Started process (PID=46131) to work on /home/ndx/Innowise tasks/Innowise_task_5/airflow_env/lib/python3.8/site-packages/airflow/example_dags/example_branch_day_of_week_operator.py
[2022-08-04 00:08:11,262] {processor.py:641} INFO - Processing file /home/ndx/Innowise tasks/Innowise_task_5/airflow_env/lib/python3.8/site-packages/airflow/example_dags/example_branch_day_of_week_operator.py for tasks to queue
[2022-08-04 00:08:11,263] {logging_mixin.py:115} INFO - [2022-08-04 00:08:11,262] {dagbag.py:508} INFO - Filling up the DagBag from /home/ndx/Innowise tasks/Innowise_task_5/airflow_env/lib/python3.8/site-packages/airflow/example_dags/example_branch_day_of_week_operator.py
[2022-08-04 00:08:11,267] {processor.py:651} INFO - DAG(s) dict_keys(['example_weekday_branch_operator']) retrieved from /home/ndx/Innowise tasks/Innowise_task_5/airflow_env/lib/python3.8/site-packages/airflow/example_dags/example_branch_day_of_week_operator.py
[2022-08-04 00:08:11,276] {logging_mixin.py:115} INFO - [2022-08-04 00:08:11,276] {dag.py:2420} INFO - Sync 1 DAGs
[2022-08-04 00:08:11,285] {logging_mixin.py:115} INFO - [2022-08-04 00:08:11,285] {dag.py:2968} INFO - Setting next_dagrun for example_weekday_branch_operator to 2022-08-02T00:00:00+00:00, run_after=2022-08-03T00:00:00+00:00
[2022-08-04 00:08:11,293] {processor.py:161} INFO - Processing /home/ndx/Innowise tasks/Innowise_task_5/airflow_env/lib/python3.8/site-packages/airflow/example_dags/example_branch_day_of_week_operator.py took 0.033 seconds
[2022-08-04 00:08:45,456] {processor.py:153} INFO - Started process (PID=46225) to work on /home/ndx/Innowise tasks/Innowise_task_5/airflow_env/lib/python3.8/site-packages/airflow/example_dags/example_branch_day_of_week_operator.py
[2022-08-04 00:08:45,461] {processor.py:641} INFO - Processing file /home/ndx/Innowise tasks/Innowise_task_5/airflow_env/lib/python3.8/site-packages/airflow/example_dags/example_branch_day_of_week_operator.py for tasks to queue
[2022-08-04 00:08:45,462] {logging_mixin.py:115} INFO - [2022-08-04 00:08:45,462] {dagbag.py:508} INFO - Filling up the DagBag from /home/ndx/Innowise tasks/Innowise_task_5/airflow_env/lib/python3.8/site-packages/airflow/example_dags/example_branch_day_of_week_operator.py
[2022-08-04 00:08:45,467] {processor.py:651} INFO - DAG(s) dict_keys(['example_weekday_branch_operator']) retrieved from /home/ndx/Innowise tasks/Innowise_task_5/airflow_env/lib/python3.8/site-packages/airflow/example_dags/example_branch_day_of_week_operator.py
[2022-08-04 00:08:45,475] {logging_mixin.py:115} INFO - [2022-08-04 00:08:45,475] {dag.py:2420} INFO - Sync 1 DAGs
[2022-08-04 00:08:45,485] {logging_mixin.py:115} INFO - [2022-08-04 00:08:45,485] {dag.py:2968} INFO - Setting next_dagrun for example_weekday_branch_operator to 2022-08-02T00:00:00+00:00, run_after=2022-08-03T00:00:00+00:00
[2022-08-04 00:08:45,492] {processor.py:161} INFO - Processing /home/ndx/Innowise tasks/Innowise_task_5/airflow_env/lib/python3.8/site-packages/airflow/example_dags/example_branch_day_of_week_operator.py took 0.038 seconds
[2022-08-04 00:09:19,517] {processor.py:153} INFO - Started process (PID=46319) to work on /home/ndx/Innowise tasks/Innowise_task_5/airflow_env/lib/python3.8/site-packages/airflow/example_dags/example_branch_day_of_week_operator.py
[2022-08-04 00:09:19,517] {processor.py:641} INFO - Processing file /home/ndx/Innowise tasks/Innowise_task_5/airflow_env/lib/python3.8/site-packages/airflow/example_dags/example_branch_day_of_week_operator.py for tasks to queue
[2022-08-04 00:09:19,518] {logging_mixin.py:115} INFO - [2022-08-04 00:09:19,518] {dagbag.py:508} INFO - Filling up the DagBag from /home/ndx/Innowise tasks/Innowise_task_5/airflow_env/lib/python3.8/site-packages/airflow/example_dags/example_branch_day_of_week_operator.py
[2022-08-04 00:09:19,522] {processor.py:651} INFO - DAG(s) dict_keys(['example_weekday_branch_operator']) retrieved from /home/ndx/Innowise tasks/Innowise_task_5/airflow_env/lib/python3.8/site-packages/airflow/example_dags/example_branch_day_of_week_operator.py
[2022-08-04 00:09:19,531] {logging_mixin.py:115} INFO - [2022-08-04 00:09:19,531] {dag.py:2420} INFO - Sync 1 DAGs
[2022-08-04 00:09:19,540] {logging_mixin.py:115} INFO - [2022-08-04 00:09:19,540] {dag.py:2968} INFO - Setting next_dagrun for example_weekday_branch_operator to 2022-08-02T00:00:00+00:00, run_after=2022-08-03T00:00:00+00:00
[2022-08-04 00:09:19,548] {processor.py:161} INFO - Processing /home/ndx/Innowise tasks/Innowise_task_5/airflow_env/lib/python3.8/site-packages/airflow/example_dags/example_branch_day_of_week_operator.py took 0.033 seconds
[2022-08-04 00:09:56,827] {processor.py:153} INFO - Started process (PID=46405) to work on /home/ndx/Innowise tasks/Innowise_task_5/airflow_env/lib/python3.8/site-packages/airflow/example_dags/example_branch_day_of_week_operator.py
[2022-08-04 00:09:56,827] {processor.py:641} INFO - Processing file /home/ndx/Innowise tasks/Innowise_task_5/airflow_env/lib/python3.8/site-packages/airflow/example_dags/example_branch_day_of_week_operator.py for tasks to queue
[2022-08-04 00:09:56,827] {logging_mixin.py:115} INFO - [2022-08-04 00:09:56,827] {dagbag.py:508} INFO - Filling up the DagBag from /home/ndx/Innowise tasks/Innowise_task_5/airflow_env/lib/python3.8/site-packages/airflow/example_dags/example_branch_day_of_week_operator.py
[2022-08-04 00:09:56,832] {processor.py:651} INFO - DAG(s) dict_keys(['example_weekday_branch_operator']) retrieved from /home/ndx/Innowise tasks/Innowise_task_5/airflow_env/lib/python3.8/site-packages/airflow/example_dags/example_branch_day_of_week_operator.py
[2022-08-04 00:09:56,841] {logging_mixin.py:115} INFO - [2022-08-04 00:09:56,841] {dag.py:2420} INFO - Sync 1 DAGs
[2022-08-04 00:09:56,851] {logging_mixin.py:115} INFO - [2022-08-04 00:09:56,851] {dag.py:2968} INFO - Setting next_dagrun for example_weekday_branch_operator to 2022-08-02T00:00:00+00:00, run_after=2022-08-03T00:00:00+00:00
[2022-08-04 00:09:56,860] {processor.py:161} INFO - Processing /home/ndx/Innowise tasks/Innowise_task_5/airflow_env/lib/python3.8/site-packages/airflow/example_dags/example_branch_day_of_week_operator.py took 0.035 seconds
[2022-08-04 00:10:28,809] {processor.py:153} INFO - Started process (PID=46521) to work on /home/ndx/Innowise tasks/Innowise_task_5/airflow_env/lib/python3.8/site-packages/airflow/example_dags/example_branch_day_of_week_operator.py
[2022-08-04 00:10:28,815] {processor.py:641} INFO - Processing file /home/ndx/Innowise tasks/Innowise_task_5/airflow_env/lib/python3.8/site-packages/airflow/example_dags/example_branch_day_of_week_operator.py for tasks to queue
[2022-08-04 00:10:28,815] {logging_mixin.py:115} INFO - [2022-08-04 00:10:28,815] {dagbag.py:508} INFO - Filling up the DagBag from /home/ndx/Innowise tasks/Innowise_task_5/airflow_env/lib/python3.8/site-packages/airflow/example_dags/example_branch_day_of_week_operator.py
[2022-08-04 00:10:28,821] {processor.py:651} INFO - DAG(s) dict_keys(['example_weekday_branch_operator']) retrieved from /home/ndx/Innowise tasks/Innowise_task_5/airflow_env/lib/python3.8/site-packages/airflow/example_dags/example_branch_day_of_week_operator.py
[2022-08-04 00:10:28,829] {logging_mixin.py:115} INFO - [2022-08-04 00:10:28,829] {dag.py:2420} INFO - Sync 1 DAGs
[2022-08-04 00:10:28,838] {logging_mixin.py:115} INFO - [2022-08-04 00:10:28,838] {dag.py:2968} INFO - Setting next_dagrun for example_weekday_branch_operator to 2022-08-02T00:00:00+00:00, run_after=2022-08-03T00:00:00+00:00
[2022-08-04 00:10:28,848] {processor.py:161} INFO - Processing /home/ndx/Innowise tasks/Innowise_task_5/airflow_env/lib/python3.8/site-packages/airflow/example_dags/example_branch_day_of_week_operator.py took 0.040 seconds
[2022-08-04 00:11:03,632] {processor.py:153} INFO - Started process (PID=46594) to work on /home/ndx/Innowise tasks/Innowise_task_5/airflow_env/lib/python3.8/site-packages/airflow/example_dags/example_branch_day_of_week_operator.py
[2022-08-04 00:11:03,633] {processor.py:641} INFO - Processing file /home/ndx/Innowise tasks/Innowise_task_5/airflow_env/lib/python3.8/site-packages/airflow/example_dags/example_branch_day_of_week_operator.py for tasks to queue
[2022-08-04 00:11:03,633] {logging_mixin.py:115} INFO - [2022-08-04 00:11:03,633] {dagbag.py:508} INFO - Filling up the DagBag from /home/ndx/Innowise tasks/Innowise_task_5/airflow_env/lib/python3.8/site-packages/airflow/example_dags/example_branch_day_of_week_operator.py
[2022-08-04 00:11:03,638] {processor.py:651} INFO - DAG(s) dict_keys(['example_weekday_branch_operator']) retrieved from /home/ndx/Innowise tasks/Innowise_task_5/airflow_env/lib/python3.8/site-packages/airflow/example_dags/example_branch_day_of_week_operator.py
[2022-08-04 00:11:03,645] {logging_mixin.py:115} INFO - [2022-08-04 00:11:03,645] {dag.py:2420} INFO - Sync 1 DAGs
[2022-08-04 00:11:03,655] {logging_mixin.py:115} INFO - [2022-08-04 00:11:03,655] {dag.py:2968} INFO - Setting next_dagrun for example_weekday_branch_operator to 2022-08-02T00:00:00+00:00, run_after=2022-08-03T00:00:00+00:00
[2022-08-04 00:11:03,662] {processor.py:161} INFO - Processing /home/ndx/Innowise tasks/Innowise_task_5/airflow_env/lib/python3.8/site-packages/airflow/example_dags/example_branch_day_of_week_operator.py took 0.032 seconds
[2022-08-04 00:11:37,892] {processor.py:153} INFO - Started process (PID=46639) to work on /home/ndx/Innowise tasks/Innowise_task_5/airflow_env/lib/python3.8/site-packages/airflow/example_dags/example_branch_day_of_week_operator.py
[2022-08-04 00:11:37,897] {processor.py:641} INFO - Processing file /home/ndx/Innowise tasks/Innowise_task_5/airflow_env/lib/python3.8/site-packages/airflow/example_dags/example_branch_day_of_week_operator.py for tasks to queue
[2022-08-04 00:11:37,897] {logging_mixin.py:115} INFO - [2022-08-04 00:11:37,897] {dagbag.py:508} INFO - Filling up the DagBag from /home/ndx/Innowise tasks/Innowise_task_5/airflow_env/lib/python3.8/site-packages/airflow/example_dags/example_branch_day_of_week_operator.py
[2022-08-04 00:11:37,903] {processor.py:651} INFO - DAG(s) dict_keys(['example_weekday_branch_operator']) retrieved from /home/ndx/Innowise tasks/Innowise_task_5/airflow_env/lib/python3.8/site-packages/airflow/example_dags/example_branch_day_of_week_operator.py
[2022-08-04 00:11:37,911] {logging_mixin.py:115} INFO - [2022-08-04 00:11:37,911] {dag.py:2420} INFO - Sync 1 DAGs
[2022-08-04 00:11:37,921] {logging_mixin.py:115} INFO - [2022-08-04 00:11:37,920] {dag.py:2968} INFO - Setting next_dagrun for example_weekday_branch_operator to 2022-08-02T00:00:00+00:00, run_after=2022-08-03T00:00:00+00:00
[2022-08-04 00:11:37,931] {processor.py:161} INFO - Processing /home/ndx/Innowise tasks/Innowise_task_5/airflow_env/lib/python3.8/site-packages/airflow/example_dags/example_branch_day_of_week_operator.py took 0.041 seconds
[2022-08-04 00:12:12,452] {processor.py:153} INFO - Started process (PID=46715) to work on /home/ndx/Innowise tasks/Innowise_task_5/airflow_env/lib/python3.8/site-packages/airflow/example_dags/example_branch_day_of_week_operator.py
[2022-08-04 00:12:12,457] {processor.py:641} INFO - Processing file /home/ndx/Innowise tasks/Innowise_task_5/airflow_env/lib/python3.8/site-packages/airflow/example_dags/example_branch_day_of_week_operator.py for tasks to queue
[2022-08-04 00:12:12,458] {logging_mixin.py:115} INFO - [2022-08-04 00:12:12,458] {dagbag.py:508} INFO - Filling up the DagBag from /home/ndx/Innowise tasks/Innowise_task_5/airflow_env/lib/python3.8/site-packages/airflow/example_dags/example_branch_day_of_week_operator.py
[2022-08-04 00:12:12,463] {processor.py:651} INFO - DAG(s) dict_keys(['example_weekday_branch_operator']) retrieved from /home/ndx/Innowise tasks/Innowise_task_5/airflow_env/lib/python3.8/site-packages/airflow/example_dags/example_branch_day_of_week_operator.py
[2022-08-04 00:12:12,472] {logging_mixin.py:115} INFO - [2022-08-04 00:12:12,472] {dag.py:2420} INFO - Sync 1 DAGs
[2022-08-04 00:12:12,481] {logging_mixin.py:115} INFO - [2022-08-04 00:12:12,481] {dag.py:2968} INFO - Setting next_dagrun for example_weekday_branch_operator to 2022-08-02T00:00:00+00:00, run_after=2022-08-03T00:00:00+00:00
[2022-08-04 00:12:12,489] {processor.py:161} INFO - Processing /home/ndx/Innowise tasks/Innowise_task_5/airflow_env/lib/python3.8/site-packages/airflow/example_dags/example_branch_day_of_week_operator.py took 0.039 seconds
[2022-08-04 00:12:45,970] {processor.py:153} INFO - Started process (PID=46765) to work on /home/ndx/Innowise tasks/Innowise_task_5/airflow_env/lib/python3.8/site-packages/airflow/example_dags/example_branch_day_of_week_operator.py
[2022-08-04 00:12:45,976] {processor.py:641} INFO - Processing file /home/ndx/Innowise tasks/Innowise_task_5/airflow_env/lib/python3.8/site-packages/airflow/example_dags/example_branch_day_of_week_operator.py for tasks to queue
[2022-08-04 00:12:45,976] {logging_mixin.py:115} INFO - [2022-08-04 00:12:45,976] {dagbag.py:508} INFO - Filling up the DagBag from /home/ndx/Innowise tasks/Innowise_task_5/airflow_env/lib/python3.8/site-packages/airflow/example_dags/example_branch_day_of_week_operator.py
[2022-08-04 00:12:45,982] {processor.py:651} INFO - DAG(s) dict_keys(['example_weekday_branch_operator']) retrieved from /home/ndx/Innowise tasks/Innowise_task_5/airflow_env/lib/python3.8/site-packages/airflow/example_dags/example_branch_day_of_week_operator.py
[2022-08-04 00:12:45,990] {logging_mixin.py:115} INFO - [2022-08-04 00:12:45,990] {dag.py:2420} INFO - Sync 1 DAGs
[2022-08-04 00:12:46,000] {logging_mixin.py:115} INFO - [2022-08-04 00:12:46,000] {dag.py:2968} INFO - Setting next_dagrun for example_weekday_branch_operator to 2022-08-02T00:00:00+00:00, run_after=2022-08-03T00:00:00+00:00
[2022-08-04 00:12:46,008] {processor.py:161} INFO - Processing /home/ndx/Innowise tasks/Innowise_task_5/airflow_env/lib/python3.8/site-packages/airflow/example_dags/example_branch_day_of_week_operator.py took 0.039 seconds
[2022-08-04 00:13:20,672] {processor.py:153} INFO - Started process (PID=46846) to work on /home/ndx/Innowise tasks/Innowise_task_5/airflow_env/lib/python3.8/site-packages/airflow/example_dags/example_branch_day_of_week_operator.py
[2022-08-04 00:13:20,677] {processor.py:641} INFO - Processing file /home/ndx/Innowise tasks/Innowise_task_5/airflow_env/lib/python3.8/site-packages/airflow/example_dags/example_branch_day_of_week_operator.py for tasks to queue
[2022-08-04 00:13:20,678] {logging_mixin.py:115} INFO - [2022-08-04 00:13:20,678] {dagbag.py:508} INFO - Filling up the DagBag from /home/ndx/Innowise tasks/Innowise_task_5/airflow_env/lib/python3.8/site-packages/airflow/example_dags/example_branch_day_of_week_operator.py
[2022-08-04 00:13:20,683] {processor.py:651} INFO - DAG(s) dict_keys(['example_weekday_branch_operator']) retrieved from /home/ndx/Innowise tasks/Innowise_task_5/airflow_env/lib/python3.8/site-packages/airflow/example_dags/example_branch_day_of_week_operator.py
[2022-08-04 00:13:20,692] {logging_mixin.py:115} INFO - [2022-08-04 00:13:20,692] {dag.py:2420} INFO - Sync 1 DAGs
[2022-08-04 00:13:20,701] {logging_mixin.py:115} INFO - [2022-08-04 00:13:20,701] {dag.py:2968} INFO - Setting next_dagrun for example_weekday_branch_operator to 2022-08-02T00:00:00+00:00, run_after=2022-08-03T00:00:00+00:00
[2022-08-04 00:13:20,710] {processor.py:161} INFO - Processing /home/ndx/Innowise tasks/Innowise_task_5/airflow_env/lib/python3.8/site-packages/airflow/example_dags/example_branch_day_of_week_operator.py took 0.040 seconds
[2022-08-04 00:13:54,357] {processor.py:153} INFO - Started process (PID=46939) to work on /home/ndx/Innowise tasks/Innowise_task_5/airflow_env/lib/python3.8/site-packages/airflow/example_dags/example_branch_day_of_week_operator.py
[2022-08-04 00:13:54,362] {processor.py:641} INFO - Processing file /home/ndx/Innowise tasks/Innowise_task_5/airflow_env/lib/python3.8/site-packages/airflow/example_dags/example_branch_day_of_week_operator.py for tasks to queue
[2022-08-04 00:13:54,363] {logging_mixin.py:115} INFO - [2022-08-04 00:13:54,363] {dagbag.py:508} INFO - Filling up the DagBag from /home/ndx/Innowise tasks/Innowise_task_5/airflow_env/lib/python3.8/site-packages/airflow/example_dags/example_branch_day_of_week_operator.py
[2022-08-04 00:13:54,368] {processor.py:651} INFO - DAG(s) dict_keys(['example_weekday_branch_operator']) retrieved from /home/ndx/Innowise tasks/Innowise_task_5/airflow_env/lib/python3.8/site-packages/airflow/example_dags/example_branch_day_of_week_operator.py
[2022-08-04 00:13:54,376] {logging_mixin.py:115} INFO - [2022-08-04 00:13:54,376] {dag.py:2420} INFO - Sync 1 DAGs
[2022-08-04 00:13:54,385] {logging_mixin.py:115} INFO - [2022-08-04 00:13:54,385] {dag.py:2968} INFO - Setting next_dagrun for example_weekday_branch_operator to 2022-08-02T00:00:00+00:00, run_after=2022-08-03T00:00:00+00:00
[2022-08-04 00:13:54,393] {processor.py:161} INFO - Processing /home/ndx/Innowise tasks/Innowise_task_5/airflow_env/lib/python3.8/site-packages/airflow/example_dags/example_branch_day_of_week_operator.py took 0.037 seconds
[2022-08-04 00:14:27,750] {processor.py:153} INFO - Started process (PID=47055) to work on /home/ndx/Innowise tasks/Innowise_task_5/airflow_env/lib/python3.8/site-packages/airflow/example_dags/example_branch_day_of_week_operator.py
[2022-08-04 00:14:27,755] {processor.py:641} INFO - Processing file /home/ndx/Innowise tasks/Innowise_task_5/airflow_env/lib/python3.8/site-packages/airflow/example_dags/example_branch_day_of_week_operator.py for tasks to queue
[2022-08-04 00:14:27,755] {logging_mixin.py:115} INFO - [2022-08-04 00:14:27,755] {dagbag.py:508} INFO - Filling up the DagBag from /home/ndx/Innowise tasks/Innowise_task_5/airflow_env/lib/python3.8/site-packages/airflow/example_dags/example_branch_day_of_week_operator.py
[2022-08-04 00:14:27,761] {processor.py:651} INFO - DAG(s) dict_keys(['example_weekday_branch_operator']) retrieved from /home/ndx/Innowise tasks/Innowise_task_5/airflow_env/lib/python3.8/site-packages/airflow/example_dags/example_branch_day_of_week_operator.py
[2022-08-04 00:14:27,769] {logging_mixin.py:115} INFO - [2022-08-04 00:14:27,769] {dag.py:2420} INFO - Sync 1 DAGs
[2022-08-04 00:14:27,778] {logging_mixin.py:115} INFO - [2022-08-04 00:14:27,778] {dag.py:2968} INFO - Setting next_dagrun for example_weekday_branch_operator to 2022-08-02T00:00:00+00:00, run_after=2022-08-03T00:00:00+00:00
[2022-08-04 00:14:27,786] {processor.py:161} INFO - Processing /home/ndx/Innowise tasks/Innowise_task_5/airflow_env/lib/python3.8/site-packages/airflow/example_dags/example_branch_day_of_week_operator.py took 0.038 seconds
[2022-08-04 00:15:02,353] {processor.py:153} INFO - Started process (PID=47141) to work on /home/ndx/Innowise tasks/Innowise_task_5/airflow_env/lib/python3.8/site-packages/airflow/example_dags/example_branch_day_of_week_operator.py
[2022-08-04 00:15:02,354] {processor.py:641} INFO - Processing file /home/ndx/Innowise tasks/Innowise_task_5/airflow_env/lib/python3.8/site-packages/airflow/example_dags/example_branch_day_of_week_operator.py for tasks to queue
[2022-08-04 00:15:02,354] {logging_mixin.py:115} INFO - [2022-08-04 00:15:02,354] {dagbag.py:508} INFO - Filling up the DagBag from /home/ndx/Innowise tasks/Innowise_task_5/airflow_env/lib/python3.8/site-packages/airflow/example_dags/example_branch_day_of_week_operator.py
[2022-08-04 00:15:02,359] {processor.py:651} INFO - DAG(s) dict_keys(['example_weekday_branch_operator']) retrieved from /home/ndx/Innowise tasks/Innowise_task_5/airflow_env/lib/python3.8/site-packages/airflow/example_dags/example_branch_day_of_week_operator.py
[2022-08-04 00:15:02,368] {logging_mixin.py:115} INFO - [2022-08-04 00:15:02,368] {dag.py:2420} INFO - Sync 1 DAGs
[2022-08-04 00:15:02,381] {logging_mixin.py:115} INFO - [2022-08-04 00:15:02,381] {dag.py:2968} INFO - Setting next_dagrun for example_weekday_branch_operator to 2022-08-02T00:00:00+00:00, run_after=2022-08-03T00:00:00+00:00
[2022-08-04 00:15:02,392] {processor.py:161} INFO - Processing /home/ndx/Innowise tasks/Innowise_task_5/airflow_env/lib/python3.8/site-packages/airflow/example_dags/example_branch_day_of_week_operator.py took 0.040 seconds
[2022-08-04 00:15:40,195] {processor.py:153} INFO - Started process (PID=47239) to work on /home/ndx/Innowise tasks/Innowise_task_5/airflow_env/lib/python3.8/site-packages/airflow/example_dags/example_branch_day_of_week_operator.py
[2022-08-04 00:15:40,200] {processor.py:641} INFO - Processing file /home/ndx/Innowise tasks/Innowise_task_5/airflow_env/lib/python3.8/site-packages/airflow/example_dags/example_branch_day_of_week_operator.py for tasks to queue
[2022-08-04 00:15:40,201] {logging_mixin.py:115} INFO - [2022-08-04 00:15:40,201] {dagbag.py:508} INFO - Filling up the DagBag from /home/ndx/Innowise tasks/Innowise_task_5/airflow_env/lib/python3.8/site-packages/airflow/example_dags/example_branch_day_of_week_operator.py
[2022-08-04 00:15:40,206] {processor.py:651} INFO - DAG(s) dict_keys(['example_weekday_branch_operator']) retrieved from /home/ndx/Innowise tasks/Innowise_task_5/airflow_env/lib/python3.8/site-packages/airflow/example_dags/example_branch_day_of_week_operator.py
[2022-08-04 00:15:40,215] {logging_mixin.py:115} INFO - [2022-08-04 00:15:40,215] {dag.py:2420} INFO - Sync 1 DAGs
[2022-08-04 00:15:40,226] {logging_mixin.py:115} INFO - [2022-08-04 00:15:40,226] {dag.py:2968} INFO - Setting next_dagrun for example_weekday_branch_operator to 2022-08-02T00:00:00+00:00, run_after=2022-08-03T00:00:00+00:00
[2022-08-04 00:15:40,232] {processor.py:161} INFO - Processing /home/ndx/Innowise tasks/Innowise_task_5/airflow_env/lib/python3.8/site-packages/airflow/example_dags/example_branch_day_of_week_operator.py took 0.039 seconds
[2022-08-04 00:16:14,929] {processor.py:153} INFO - Started process (PID=47305) to work on /home/ndx/Innowise tasks/Innowise_task_5/airflow_env/lib/python3.8/site-packages/airflow/example_dags/example_branch_day_of_week_operator.py
[2022-08-04 00:16:14,935] {processor.py:641} INFO - Processing file /home/ndx/Innowise tasks/Innowise_task_5/airflow_env/lib/python3.8/site-packages/airflow/example_dags/example_branch_day_of_week_operator.py for tasks to queue
[2022-08-04 00:16:14,935] {logging_mixin.py:115} INFO - [2022-08-04 00:16:14,935] {dagbag.py:508} INFO - Filling up the DagBag from /home/ndx/Innowise tasks/Innowise_task_5/airflow_env/lib/python3.8/site-packages/airflow/example_dags/example_branch_day_of_week_operator.py
[2022-08-04 00:16:14,941] {processor.py:651} INFO - DAG(s) dict_keys(['example_weekday_branch_operator']) retrieved from /home/ndx/Innowise tasks/Innowise_task_5/airflow_env/lib/python3.8/site-packages/airflow/example_dags/example_branch_day_of_week_operator.py
[2022-08-04 00:16:14,950] {logging_mixin.py:115} INFO - [2022-08-04 00:16:14,950] {dag.py:2420} INFO - Sync 1 DAGs
[2022-08-04 00:16:14,963] {logging_mixin.py:115} INFO - [2022-08-04 00:16:14,963] {dag.py:2968} INFO - Setting next_dagrun for example_weekday_branch_operator to 2022-08-02T00:00:00+00:00, run_after=2022-08-03T00:00:00+00:00
[2022-08-04 00:16:14,970] {processor.py:161} INFO - Processing /home/ndx/Innowise tasks/Innowise_task_5/airflow_env/lib/python3.8/site-packages/airflow/example_dags/example_branch_day_of_week_operator.py took 0.042 seconds
[2022-08-04 00:16:48,056] {processor.py:153} INFO - Started process (PID=47376) to work on /home/ndx/Innowise tasks/Innowise_task_5/airflow_env/lib/python3.8/site-packages/airflow/example_dags/example_branch_day_of_week_operator.py
[2022-08-04 00:16:48,061] {processor.py:641} INFO - Processing file /home/ndx/Innowise tasks/Innowise_task_5/airflow_env/lib/python3.8/site-packages/airflow/example_dags/example_branch_day_of_week_operator.py for tasks to queue
[2022-08-04 00:16:48,062] {logging_mixin.py:115} INFO - [2022-08-04 00:16:48,062] {dagbag.py:508} INFO - Filling up the DagBag from /home/ndx/Innowise tasks/Innowise_task_5/airflow_env/lib/python3.8/site-packages/airflow/example_dags/example_branch_day_of_week_operator.py
[2022-08-04 00:16:48,067] {processor.py:651} INFO - DAG(s) dict_keys(['example_weekday_branch_operator']) retrieved from /home/ndx/Innowise tasks/Innowise_task_5/airflow_env/lib/python3.8/site-packages/airflow/example_dags/example_branch_day_of_week_operator.py
[2022-08-04 00:16:48,076] {logging_mixin.py:115} INFO - [2022-08-04 00:16:48,075] {dag.py:2420} INFO - Sync 1 DAGs
[2022-08-04 00:16:48,089] {logging_mixin.py:115} INFO - [2022-08-04 00:16:48,089] {dag.py:2968} INFO - Setting next_dagrun for example_weekday_branch_operator to 2022-08-02T00:00:00+00:00, run_after=2022-08-03T00:00:00+00:00
[2022-08-04 00:16:48,096] {processor.py:161} INFO - Processing /home/ndx/Innowise tasks/Innowise_task_5/airflow_env/lib/python3.8/site-packages/airflow/example_dags/example_branch_day_of_week_operator.py took 0.042 seconds
[2022-08-04 00:17:24,014] {processor.py:153} INFO - Started process (PID=47478) to work on /home/ndx/Innowise tasks/Innowise_task_5/airflow_env/lib/python3.8/site-packages/airflow/example_dags/example_branch_day_of_week_operator.py
[2022-08-04 00:17:24,014] {processor.py:641} INFO - Processing file /home/ndx/Innowise tasks/Innowise_task_5/airflow_env/lib/python3.8/site-packages/airflow/example_dags/example_branch_day_of_week_operator.py for tasks to queue
[2022-08-04 00:17:24,014] {logging_mixin.py:115} INFO - [2022-08-04 00:17:24,014] {dagbag.py:508} INFO - Filling up the DagBag from /home/ndx/Innowise tasks/Innowise_task_5/airflow_env/lib/python3.8/site-packages/airflow/example_dags/example_branch_day_of_week_operator.py
[2022-08-04 00:17:24,019] {processor.py:651} INFO - DAG(s) dict_keys(['example_weekday_branch_operator']) retrieved from /home/ndx/Innowise tasks/Innowise_task_5/airflow_env/lib/python3.8/site-packages/airflow/example_dags/example_branch_day_of_week_operator.py
[2022-08-04 00:17:24,027] {logging_mixin.py:115} INFO - [2022-08-04 00:17:24,027] {dag.py:2420} INFO - Sync 1 DAGs
[2022-08-04 00:17:24,040] {logging_mixin.py:115} INFO - [2022-08-04 00:17:24,040] {dag.py:2968} INFO - Setting next_dagrun for example_weekday_branch_operator to 2022-08-02T00:00:00+00:00, run_after=2022-08-03T00:00:00+00:00
[2022-08-04 00:17:24,049] {processor.py:161} INFO - Processing /home/ndx/Innowise tasks/Innowise_task_5/airflow_env/lib/python3.8/site-packages/airflow/example_dags/example_branch_day_of_week_operator.py took 0.037 seconds
[2022-08-04 00:18:02,651] {processor.py:153} INFO - Started process (PID=47564) to work on /home/ndx/Innowise tasks/Innowise_task_5/airflow_env/lib/python3.8/site-packages/airflow/example_dags/example_branch_day_of_week_operator.py
[2022-08-04 00:18:02,656] {processor.py:641} INFO - Processing file /home/ndx/Innowise tasks/Innowise_task_5/airflow_env/lib/python3.8/site-packages/airflow/example_dags/example_branch_day_of_week_operator.py for tasks to queue
[2022-08-04 00:18:02,656] {logging_mixin.py:115} INFO - [2022-08-04 00:18:02,656] {dagbag.py:508} INFO - Filling up the DagBag from /home/ndx/Innowise tasks/Innowise_task_5/airflow_env/lib/python3.8/site-packages/airflow/example_dags/example_branch_day_of_week_operator.py
[2022-08-04 00:18:02,662] {processor.py:651} INFO - DAG(s) dict_keys(['example_weekday_branch_operator']) retrieved from /home/ndx/Innowise tasks/Innowise_task_5/airflow_env/lib/python3.8/site-packages/airflow/example_dags/example_branch_day_of_week_operator.py
[2022-08-04 00:18:02,671] {logging_mixin.py:115} INFO - [2022-08-04 00:18:02,671] {dag.py:2420} INFO - Sync 1 DAGs
[2022-08-04 00:18:02,683] {logging_mixin.py:115} INFO - [2022-08-04 00:18:02,683] {dag.py:2968} INFO - Setting next_dagrun for example_weekday_branch_operator to 2022-08-02T00:00:00+00:00, run_after=2022-08-03T00:00:00+00:00
[2022-08-04 00:18:02,689] {processor.py:161} INFO - Processing /home/ndx/Innowise tasks/Innowise_task_5/airflow_env/lib/python3.8/site-packages/airflow/example_dags/example_branch_day_of_week_operator.py took 0.040 seconds
[2022-08-04 00:18:36,850] {processor.py:153} INFO - Started process (PID=47605) to work on /home/ndx/Innowise tasks/Innowise_task_5/airflow_env/lib/python3.8/site-packages/airflow/example_dags/example_branch_day_of_week_operator.py
[2022-08-04 00:18:36,855] {processor.py:641} INFO - Processing file /home/ndx/Innowise tasks/Innowise_task_5/airflow_env/lib/python3.8/site-packages/airflow/example_dags/example_branch_day_of_week_operator.py for tasks to queue
[2022-08-04 00:18:36,856] {logging_mixin.py:115} INFO - [2022-08-04 00:18:36,856] {dagbag.py:508} INFO - Filling up the DagBag from /home/ndx/Innowise tasks/Innowise_task_5/airflow_env/lib/python3.8/site-packages/airflow/example_dags/example_branch_day_of_week_operator.py
[2022-08-04 00:18:36,862] {processor.py:651} INFO - DAG(s) dict_keys(['example_weekday_branch_operator']) retrieved from /home/ndx/Innowise tasks/Innowise_task_5/airflow_env/lib/python3.8/site-packages/airflow/example_dags/example_branch_day_of_week_operator.py
[2022-08-04 00:18:36,873] {logging_mixin.py:115} INFO - [2022-08-04 00:18:36,873] {dag.py:2420} INFO - Sync 1 DAGs
[2022-08-04 00:18:36,887] {logging_mixin.py:115} INFO - [2022-08-04 00:18:36,887] {dag.py:2968} INFO - Setting next_dagrun for example_weekday_branch_operator to 2022-08-02T00:00:00+00:00, run_after=2022-08-03T00:00:00+00:00
[2022-08-04 00:18:36,895] {processor.py:161} INFO - Processing /home/ndx/Innowise tasks/Innowise_task_5/airflow_env/lib/python3.8/site-packages/airflow/example_dags/example_branch_day_of_week_operator.py took 0.046 seconds
[2022-08-04 00:19:12,258] {processor.py:153} INFO - Started process (PID=47775) to work on /home/ndx/Innowise tasks/Innowise_task_5/airflow_env/lib/python3.8/site-packages/airflow/example_dags/example_branch_day_of_week_operator.py
[2022-08-04 00:19:12,263] {processor.py:641} INFO - Processing file /home/ndx/Innowise tasks/Innowise_task_5/airflow_env/lib/python3.8/site-packages/airflow/example_dags/example_branch_day_of_week_operator.py for tasks to queue
[2022-08-04 00:19:12,264] {logging_mixin.py:115} INFO - [2022-08-04 00:19:12,264] {dagbag.py:508} INFO - Filling up the DagBag from /home/ndx/Innowise tasks/Innowise_task_5/airflow_env/lib/python3.8/site-packages/airflow/example_dags/example_branch_day_of_week_operator.py
[2022-08-04 00:19:12,269] {processor.py:651} INFO - DAG(s) dict_keys(['example_weekday_branch_operator']) retrieved from /home/ndx/Innowise tasks/Innowise_task_5/airflow_env/lib/python3.8/site-packages/airflow/example_dags/example_branch_day_of_week_operator.py
[2022-08-04 00:19:12,277] {logging_mixin.py:115} INFO - [2022-08-04 00:19:12,277] {dag.py:2420} INFO - Sync 1 DAGs
[2022-08-04 00:19:12,288] {logging_mixin.py:115} INFO - [2022-08-04 00:19:12,288] {dag.py:2968} INFO - Setting next_dagrun for example_weekday_branch_operator to 2022-08-02T00:00:00+00:00, run_after=2022-08-03T00:00:00+00:00
[2022-08-04 00:19:12,294] {processor.py:161} INFO - Processing /home/ndx/Innowise tasks/Innowise_task_5/airflow_env/lib/python3.8/site-packages/airflow/example_dags/example_branch_day_of_week_operator.py took 0.038 seconds
[2022-08-04 00:19:45,339] {processor.py:153} INFO - Started process (PID=47879) to work on /home/ndx/Innowise tasks/Innowise_task_5/airflow_env/lib/python3.8/site-packages/airflow/example_dags/example_branch_day_of_week_operator.py
[2022-08-04 00:19:45,340] {processor.py:641} INFO - Processing file /home/ndx/Innowise tasks/Innowise_task_5/airflow_env/lib/python3.8/site-packages/airflow/example_dags/example_branch_day_of_week_operator.py for tasks to queue
[2022-08-04 00:19:45,340] {logging_mixin.py:115} INFO - [2022-08-04 00:19:45,340] {dagbag.py:508} INFO - Filling up the DagBag from /home/ndx/Innowise tasks/Innowise_task_5/airflow_env/lib/python3.8/site-packages/airflow/example_dags/example_branch_day_of_week_operator.py
[2022-08-04 00:19:45,345] {processor.py:651} INFO - DAG(s) dict_keys(['example_weekday_branch_operator']) retrieved from /home/ndx/Innowise tasks/Innowise_task_5/airflow_env/lib/python3.8/site-packages/airflow/example_dags/example_branch_day_of_week_operator.py
[2022-08-04 00:19:45,354] {logging_mixin.py:115} INFO - [2022-08-04 00:19:45,354] {dag.py:2420} INFO - Sync 1 DAGs
[2022-08-04 00:19:45,366] {logging_mixin.py:115} INFO - [2022-08-04 00:19:45,366] {dag.py:2968} INFO - Setting next_dagrun for example_weekday_branch_operator to 2022-08-02T00:00:00+00:00, run_after=2022-08-03T00:00:00+00:00
[2022-08-04 00:19:45,372] {processor.py:161} INFO - Processing /home/ndx/Innowise tasks/Innowise_task_5/airflow_env/lib/python3.8/site-packages/airflow/example_dags/example_branch_day_of_week_operator.py took 0.035 seconds
[2022-08-04 00:20:20,156] {processor.py:153} INFO - Started process (PID=47969) to work on /home/ndx/Innowise tasks/Innowise_task_5/airflow_env/lib/python3.8/site-packages/airflow/example_dags/example_branch_day_of_week_operator.py
[2022-08-04 00:20:20,161] {processor.py:641} INFO - Processing file /home/ndx/Innowise tasks/Innowise_task_5/airflow_env/lib/python3.8/site-packages/airflow/example_dags/example_branch_day_of_week_operator.py for tasks to queue
[2022-08-04 00:20:20,162] {logging_mixin.py:115} INFO - [2022-08-04 00:20:20,162] {dagbag.py:508} INFO - Filling up the DagBag from /home/ndx/Innowise tasks/Innowise_task_5/airflow_env/lib/python3.8/site-packages/airflow/example_dags/example_branch_day_of_week_operator.py
[2022-08-04 00:20:20,168] {processor.py:651} INFO - DAG(s) dict_keys(['example_weekday_branch_operator']) retrieved from /home/ndx/Innowise tasks/Innowise_task_5/airflow_env/lib/python3.8/site-packages/airflow/example_dags/example_branch_day_of_week_operator.py
[2022-08-04 00:20:20,176] {logging_mixin.py:115} INFO - [2022-08-04 00:20:20,176] {dag.py:2420} INFO - Sync 1 DAGs
[2022-08-04 00:20:20,187] {logging_mixin.py:115} INFO - [2022-08-04 00:20:20,187] {dag.py:2968} INFO - Setting next_dagrun for example_weekday_branch_operator to 2022-08-02T00:00:00+00:00, run_after=2022-08-03T00:00:00+00:00
[2022-08-04 00:20:20,193] {processor.py:161} INFO - Processing /home/ndx/Innowise tasks/Innowise_task_5/airflow_env/lib/python3.8/site-packages/airflow/example_dags/example_branch_day_of_week_operator.py took 0.039 seconds
[2022-08-04 00:20:53,118] {processor.py:153} INFO - Started process (PID=48026) to work on /home/ndx/Innowise tasks/Innowise_task_5/airflow_env/lib/python3.8/site-packages/airflow/example_dags/example_branch_day_of_week_operator.py
[2022-08-04 00:20:53,123] {processor.py:641} INFO - Processing file /home/ndx/Innowise tasks/Innowise_task_5/airflow_env/lib/python3.8/site-packages/airflow/example_dags/example_branch_day_of_week_operator.py for tasks to queue
[2022-08-04 00:20:53,124] {logging_mixin.py:115} INFO - [2022-08-04 00:20:53,124] {dagbag.py:508} INFO - Filling up the DagBag from /home/ndx/Innowise tasks/Innowise_task_5/airflow_env/lib/python3.8/site-packages/airflow/example_dags/example_branch_day_of_week_operator.py
[2022-08-04 00:20:53,131] {processor.py:651} INFO - DAG(s) dict_keys(['example_weekday_branch_operator']) retrieved from /home/ndx/Innowise tasks/Innowise_task_5/airflow_env/lib/python3.8/site-packages/airflow/example_dags/example_branch_day_of_week_operator.py
[2022-08-04 00:20:53,141] {logging_mixin.py:115} INFO - [2022-08-04 00:20:53,141] {dag.py:2420} INFO - Sync 1 DAGs
[2022-08-04 00:20:53,154] {logging_mixin.py:115} INFO - [2022-08-04 00:20:53,154] {dag.py:2968} INFO - Setting next_dagrun for example_weekday_branch_operator to 2022-08-02T00:00:00+00:00, run_after=2022-08-03T00:00:00+00:00
[2022-08-04 00:20:53,163] {processor.py:161} INFO - Processing /home/ndx/Innowise tasks/Innowise_task_5/airflow_env/lib/python3.8/site-packages/airflow/example_dags/example_branch_day_of_week_operator.py took 0.046 seconds
[2022-08-04 00:21:26,055] {processor.py:153} INFO - Started process (PID=48141) to work on /home/ndx/Innowise tasks/Innowise_task_5/airflow_env/lib/python3.8/site-packages/airflow/example_dags/example_branch_day_of_week_operator.py
[2022-08-04 00:21:26,060] {processor.py:641} INFO - Processing file /home/ndx/Innowise tasks/Innowise_task_5/airflow_env/lib/python3.8/site-packages/airflow/example_dags/example_branch_day_of_week_operator.py for tasks to queue
[2022-08-04 00:21:26,060] {logging_mixin.py:115} INFO - [2022-08-04 00:21:26,060] {dagbag.py:508} INFO - Filling up the DagBag from /home/ndx/Innowise tasks/Innowise_task_5/airflow_env/lib/python3.8/site-packages/airflow/example_dags/example_branch_day_of_week_operator.py
[2022-08-04 00:21:26,066] {processor.py:651} INFO - DAG(s) dict_keys(['example_weekday_branch_operator']) retrieved from /home/ndx/Innowise tasks/Innowise_task_5/airflow_env/lib/python3.8/site-packages/airflow/example_dags/example_branch_day_of_week_operator.py
[2022-08-04 00:21:26,076] {logging_mixin.py:115} INFO - [2022-08-04 00:21:26,076] {dag.py:2420} INFO - Sync 1 DAGs
[2022-08-04 00:21:26,090] {logging_mixin.py:115} INFO - [2022-08-04 00:21:26,090] {dag.py:2968} INFO - Setting next_dagrun for example_weekday_branch_operator to 2022-08-02T00:00:00+00:00, run_after=2022-08-03T00:00:00+00:00
[2022-08-04 00:21:26,097] {processor.py:161} INFO - Processing /home/ndx/Innowise tasks/Innowise_task_5/airflow_env/lib/python3.8/site-packages/airflow/example_dags/example_branch_day_of_week_operator.py took 0.044 seconds
[2022-08-04 00:22:00,958] {processor.py:153} INFO - Started process (PID=48185) to work on /home/ndx/Innowise tasks/Innowise_task_5/airflow_env/lib/python3.8/site-packages/airflow/example_dags/example_branch_day_of_week_operator.py
[2022-08-04 00:22:00,963] {processor.py:641} INFO - Processing file /home/ndx/Innowise tasks/Innowise_task_5/airflow_env/lib/python3.8/site-packages/airflow/example_dags/example_branch_day_of_week_operator.py for tasks to queue
[2022-08-04 00:22:00,964] {logging_mixin.py:115} INFO - [2022-08-04 00:22:00,963] {dagbag.py:508} INFO - Filling up the DagBag from /home/ndx/Innowise tasks/Innowise_task_5/airflow_env/lib/python3.8/site-packages/airflow/example_dags/example_branch_day_of_week_operator.py
[2022-08-04 00:22:00,969] {processor.py:651} INFO - DAG(s) dict_keys(['example_weekday_branch_operator']) retrieved from /home/ndx/Innowise tasks/Innowise_task_5/airflow_env/lib/python3.8/site-packages/airflow/example_dags/example_branch_day_of_week_operator.py
[2022-08-04 00:22:00,979] {logging_mixin.py:115} INFO - [2022-08-04 00:22:00,979] {dag.py:2420} INFO - Sync 1 DAGs
[2022-08-04 00:22:00,991] {logging_mixin.py:115} INFO - [2022-08-04 00:22:00,991] {dag.py:2968} INFO - Setting next_dagrun for example_weekday_branch_operator to 2022-08-02T00:00:00+00:00, run_after=2022-08-03T00:00:00+00:00
[2022-08-04 00:22:00,999] {processor.py:161} INFO - Processing /home/ndx/Innowise tasks/Innowise_task_5/airflow_env/lib/python3.8/site-packages/airflow/example_dags/example_branch_day_of_week_operator.py took 0.043 seconds
[2022-08-04 00:22:35,811] {processor.py:153} INFO - Started process (PID=48258) to work on /home/ndx/Innowise tasks/Innowise_task_5/airflow_env/lib/python3.8/site-packages/airflow/example_dags/example_branch_day_of_week_operator.py
[2022-08-04 00:22:35,816] {processor.py:641} INFO - Processing file /home/ndx/Innowise tasks/Innowise_task_5/airflow_env/lib/python3.8/site-packages/airflow/example_dags/example_branch_day_of_week_operator.py for tasks to queue
[2022-08-04 00:22:35,817] {logging_mixin.py:115} INFO - [2022-08-04 00:22:35,817] {dagbag.py:508} INFO - Filling up the DagBag from /home/ndx/Innowise tasks/Innowise_task_5/airflow_env/lib/python3.8/site-packages/airflow/example_dags/example_branch_day_of_week_operator.py
[2022-08-04 00:22:35,823] {processor.py:651} INFO - DAG(s) dict_keys(['example_weekday_branch_operator']) retrieved from /home/ndx/Innowise tasks/Innowise_task_5/airflow_env/lib/python3.8/site-packages/airflow/example_dags/example_branch_day_of_week_operator.py
[2022-08-04 00:22:35,831] {logging_mixin.py:115} INFO - [2022-08-04 00:22:35,831] {dag.py:2420} INFO - Sync 1 DAGs
[2022-08-04 00:22:35,843] {logging_mixin.py:115} INFO - [2022-08-04 00:22:35,843] {dag.py:2968} INFO - Setting next_dagrun for example_weekday_branch_operator to 2022-08-02T00:00:00+00:00, run_after=2022-08-03T00:00:00+00:00
[2022-08-04 00:22:35,849] {processor.py:161} INFO - Processing /home/ndx/Innowise tasks/Innowise_task_5/airflow_env/lib/python3.8/site-packages/airflow/example_dags/example_branch_day_of_week_operator.py took 0.040 seconds
[2022-08-04 00:23:11,770] {processor.py:153} INFO - Started process (PID=48312) to work on /home/ndx/Innowise tasks/Innowise_task_5/airflow_env/lib/python3.8/site-packages/airflow/example_dags/example_branch_day_of_week_operator.py
[2022-08-04 00:23:11,771] {processor.py:641} INFO - Processing file /home/ndx/Innowise tasks/Innowise_task_5/airflow_env/lib/python3.8/site-packages/airflow/example_dags/example_branch_day_of_week_operator.py for tasks to queue
[2022-08-04 00:23:11,771] {logging_mixin.py:115} INFO - [2022-08-04 00:23:11,771] {dagbag.py:508} INFO - Filling up the DagBag from /home/ndx/Innowise tasks/Innowise_task_5/airflow_env/lib/python3.8/site-packages/airflow/example_dags/example_branch_day_of_week_operator.py
[2022-08-04 00:23:11,776] {processor.py:651} INFO - DAG(s) dict_keys(['example_weekday_branch_operator']) retrieved from /home/ndx/Innowise tasks/Innowise_task_5/airflow_env/lib/python3.8/site-packages/airflow/example_dags/example_branch_day_of_week_operator.py
[2022-08-04 00:23:11,785] {logging_mixin.py:115} INFO - [2022-08-04 00:23:11,785] {dag.py:2420} INFO - Sync 1 DAGs
[2022-08-04 00:23:11,796] {logging_mixin.py:115} INFO - [2022-08-04 00:23:11,796] {dag.py:2968} INFO - Setting next_dagrun for example_weekday_branch_operator to 2022-08-02T00:00:00+00:00, run_after=2022-08-03T00:00:00+00:00
[2022-08-04 00:23:11,802] {processor.py:161} INFO - Processing /home/ndx/Innowise tasks/Innowise_task_5/airflow_env/lib/python3.8/site-packages/airflow/example_dags/example_branch_day_of_week_operator.py took 0.033 seconds
[2022-08-04 00:24:01,039] {processor.py:153} INFO - Started process (PID=48454) to work on /home/ndx/Innowise tasks/Innowise_task_5/airflow_env/lib/python3.8/site-packages/airflow/example_dags/example_branch_day_of_week_operator.py
[2022-08-04 00:24:01,044] {processor.py:641} INFO - Processing file /home/ndx/Innowise tasks/Innowise_task_5/airflow_env/lib/python3.8/site-packages/airflow/example_dags/example_branch_day_of_week_operator.py for tasks to queue
[2022-08-04 00:24:01,045] {logging_mixin.py:115} INFO - [2022-08-04 00:24:01,045] {dagbag.py:508} INFO - Filling up the DagBag from /home/ndx/Innowise tasks/Innowise_task_5/airflow_env/lib/python3.8/site-packages/airflow/example_dags/example_branch_day_of_week_operator.py
[2022-08-04 00:24:01,051] {processor.py:651} INFO - DAG(s) dict_keys(['example_weekday_branch_operator']) retrieved from /home/ndx/Innowise tasks/Innowise_task_5/airflow_env/lib/python3.8/site-packages/airflow/example_dags/example_branch_day_of_week_operator.py
[2022-08-04 00:24:01,060] {logging_mixin.py:115} INFO - [2022-08-04 00:24:01,059] {dag.py:2420} INFO - Sync 1 DAGs
[2022-08-04 00:24:01,069] {logging_mixin.py:115} INFO - [2022-08-04 00:24:01,069] {dag.py:2968} INFO - Setting next_dagrun for example_weekday_branch_operator to 2022-08-02T00:00:00+00:00, run_after=2022-08-03T00:00:00+00:00
[2022-08-04 00:24:01,075] {processor.py:161} INFO - Processing /home/ndx/Innowise tasks/Innowise_task_5/airflow_env/lib/python3.8/site-packages/airflow/example_dags/example_branch_day_of_week_operator.py took 0.038 seconds
