[2022-08-04 00:00:50,789] {processor.py:153} INFO - Started process (PID=44915) to work on /home/ndx/Innowise tasks/Innowise_task_5/airflow_env/lib/python3.8/site-packages/airflow/example_dags/example_complex.py
[2022-08-04 00:00:50,789] {processor.py:641} INFO - Processing file /home/ndx/Innowise tasks/Innowise_task_5/airflow_env/lib/python3.8/site-packages/airflow/example_dags/example_complex.py for tasks to queue
[2022-08-04 00:00:50,790] {logging_mixin.py:115} INFO - [2022-08-04 00:00:50,790] {dagbag.py:508} INFO - Filling up the DagBag from /home/ndx/Innowise tasks/Innowise_task_5/airflow_env/lib/python3.8/site-packages/airflow/example_dags/example_complex.py
[2022-08-04 00:00:50,796] {processor.py:651} INFO - DAG(s) dict_keys(['example_complex']) retrieved from /home/ndx/Innowise tasks/Innowise_task_5/airflow_env/lib/python3.8/site-packages/airflow/example_dags/example_complex.py
[2022-08-04 00:00:50,806] {logging_mixin.py:115} INFO - [2022-08-04 00:00:50,806] {dag.py:2420} INFO - Sync 1 DAGs
[2022-08-04 00:00:50,815] {logging_mixin.py:115} INFO - [2022-08-04 00:00:50,815] {dag.py:2968} INFO - Setting next_dagrun for example_complex to None, run_after=None
[2022-08-04 00:00:50,829] {processor.py:161} INFO - Processing /home/ndx/Innowise tasks/Innowise_task_5/airflow_env/lib/python3.8/site-packages/airflow/example_dags/example_complex.py took 0.042 seconds
[2022-08-04 00:01:24,999] {processor.py:153} INFO - Started process (PID=45045) to work on /home/ndx/Innowise tasks/Innowise_task_5/airflow_env/lib/python3.8/site-packages/airflow/example_dags/example_complex.py
[2022-08-04 00:01:25,004] {processor.py:641} INFO - Processing file /home/ndx/Innowise tasks/Innowise_task_5/airflow_env/lib/python3.8/site-packages/airflow/example_dags/example_complex.py for tasks to queue
[2022-08-04 00:01:25,005] {logging_mixin.py:115} INFO - [2022-08-04 00:01:25,004] {dagbag.py:508} INFO - Filling up the DagBag from /home/ndx/Innowise tasks/Innowise_task_5/airflow_env/lib/python3.8/site-packages/airflow/example_dags/example_complex.py
[2022-08-04 00:01:25,011] {processor.py:651} INFO - DAG(s) dict_keys(['example_complex']) retrieved from /home/ndx/Innowise tasks/Innowise_task_5/airflow_env/lib/python3.8/site-packages/airflow/example_dags/example_complex.py
[2022-08-04 00:01:25,023] {logging_mixin.py:115} INFO - [2022-08-04 00:01:25,023] {dag.py:2420} INFO - Sync 1 DAGs
[2022-08-04 00:01:25,033] {logging_mixin.py:115} INFO - [2022-08-04 00:01:25,033] {dag.py:2968} INFO - Setting next_dagrun for example_complex to None, run_after=None
[2022-08-04 00:01:25,040] {processor.py:161} INFO - Processing /home/ndx/Innowise tasks/Innowise_task_5/airflow_env/lib/python3.8/site-packages/airflow/example_dags/example_complex.py took 0.043 seconds
[2022-08-04 00:02:01,067] {processor.py:153} INFO - Started process (PID=45146) to work on /home/ndx/Innowise tasks/Innowise_task_5/airflow_env/lib/python3.8/site-packages/airflow/example_dags/example_complex.py
[2022-08-04 00:02:01,073] {processor.py:641} INFO - Processing file /home/ndx/Innowise tasks/Innowise_task_5/airflow_env/lib/python3.8/site-packages/airflow/example_dags/example_complex.py for tasks to queue
[2022-08-04 00:02:01,073] {logging_mixin.py:115} INFO - [2022-08-04 00:02:01,073] {dagbag.py:508} INFO - Filling up the DagBag from /home/ndx/Innowise tasks/Innowise_task_5/airflow_env/lib/python3.8/site-packages/airflow/example_dags/example_complex.py
[2022-08-04 00:02:01,080] {processor.py:651} INFO - DAG(s) dict_keys(['example_complex']) retrieved from /home/ndx/Innowise tasks/Innowise_task_5/airflow_env/lib/python3.8/site-packages/airflow/example_dags/example_complex.py
[2022-08-04 00:02:01,091] {logging_mixin.py:115} INFO - [2022-08-04 00:02:01,091] {dag.py:2420} INFO - Sync 1 DAGs
[2022-08-04 00:02:01,099] {logging_mixin.py:115} INFO - [2022-08-04 00:02:01,099] {dag.py:2968} INFO - Setting next_dagrun for example_complex to None, run_after=None
[2022-08-04 00:02:01,106] {processor.py:161} INFO - Processing /home/ndx/Innowise tasks/Innowise_task_5/airflow_env/lib/python3.8/site-packages/airflow/example_dags/example_complex.py took 0.041 seconds
[2022-08-04 00:02:36,090] {processor.py:153} INFO - Started process (PID=45314) to work on /home/ndx/Innowise tasks/Innowise_task_5/airflow_env/lib/python3.8/site-packages/airflow/example_dags/example_complex.py
[2022-08-04 00:02:36,090] {processor.py:641} INFO - Processing file /home/ndx/Innowise tasks/Innowise_task_5/airflow_env/lib/python3.8/site-packages/airflow/example_dags/example_complex.py for tasks to queue
[2022-08-04 00:02:36,090] {logging_mixin.py:115} INFO - [2022-08-04 00:02:36,090] {dagbag.py:508} INFO - Filling up the DagBag from /home/ndx/Innowise tasks/Innowise_task_5/airflow_env/lib/python3.8/site-packages/airflow/example_dags/example_complex.py
[2022-08-04 00:02:36,097] {processor.py:651} INFO - DAG(s) dict_keys(['example_complex']) retrieved from /home/ndx/Innowise tasks/Innowise_task_5/airflow_env/lib/python3.8/site-packages/airflow/example_dags/example_complex.py
[2022-08-04 00:02:36,109] {logging_mixin.py:115} INFO - [2022-08-04 00:02:36,109] {dag.py:2420} INFO - Sync 1 DAGs
[2022-08-04 00:02:36,119] {logging_mixin.py:115} INFO - [2022-08-04 00:02:36,119] {dag.py:2968} INFO - Setting next_dagrun for example_complex to None, run_after=None
[2022-08-04 00:02:36,125] {processor.py:161} INFO - Processing /home/ndx/Innowise tasks/Innowise_task_5/airflow_env/lib/python3.8/site-packages/airflow/example_dags/example_complex.py took 0.037 seconds
[2022-08-04 00:03:10,889] {processor.py:153} INFO - Started process (PID=45366) to work on /home/ndx/Innowise tasks/Innowise_task_5/airflow_env/lib/python3.8/site-packages/airflow/example_dags/example_complex.py
[2022-08-04 00:03:10,894] {processor.py:641} INFO - Processing file /home/ndx/Innowise tasks/Innowise_task_5/airflow_env/lib/python3.8/site-packages/airflow/example_dags/example_complex.py for tasks to queue
[2022-08-04 00:03:10,895] {logging_mixin.py:115} INFO - [2022-08-04 00:03:10,895] {dagbag.py:508} INFO - Filling up the DagBag from /home/ndx/Innowise tasks/Innowise_task_5/airflow_env/lib/python3.8/site-packages/airflow/example_dags/example_complex.py
[2022-08-04 00:03:10,901] {processor.py:651} INFO - DAG(s) dict_keys(['example_complex']) retrieved from /home/ndx/Innowise tasks/Innowise_task_5/airflow_env/lib/python3.8/site-packages/airflow/example_dags/example_complex.py
[2022-08-04 00:03:10,912] {logging_mixin.py:115} INFO - [2022-08-04 00:03:10,912] {dag.py:2420} INFO - Sync 1 DAGs
[2022-08-04 00:03:10,920] {logging_mixin.py:115} INFO - [2022-08-04 00:03:10,920] {dag.py:2968} INFO - Setting next_dagrun for example_complex to None, run_after=None
[2022-08-04 00:03:10,926] {processor.py:161} INFO - Processing /home/ndx/Innowise tasks/Innowise_task_5/airflow_env/lib/python3.8/site-packages/airflow/example_dags/example_complex.py took 0.039 seconds
[2022-08-04 00:03:45,730] {processor.py:153} INFO - Started process (PID=45447) to work on /home/ndx/Innowise tasks/Innowise_task_5/airflow_env/lib/python3.8/site-packages/airflow/example_dags/example_complex.py
[2022-08-04 00:03:45,736] {processor.py:641} INFO - Processing file /home/ndx/Innowise tasks/Innowise_task_5/airflow_env/lib/python3.8/site-packages/airflow/example_dags/example_complex.py for tasks to queue
[2022-08-04 00:03:45,736] {logging_mixin.py:115} INFO - [2022-08-04 00:03:45,736] {dagbag.py:508} INFO - Filling up the DagBag from /home/ndx/Innowise tasks/Innowise_task_5/airflow_env/lib/python3.8/site-packages/airflow/example_dags/example_complex.py
[2022-08-04 00:03:45,743] {processor.py:651} INFO - DAG(s) dict_keys(['example_complex']) retrieved from /home/ndx/Innowise tasks/Innowise_task_5/airflow_env/lib/python3.8/site-packages/airflow/example_dags/example_complex.py
[2022-08-04 00:03:45,754] {logging_mixin.py:115} INFO - [2022-08-04 00:03:45,754] {dag.py:2420} INFO - Sync 1 DAGs
[2022-08-04 00:03:45,762] {logging_mixin.py:115} INFO - [2022-08-04 00:03:45,762] {dag.py:2968} INFO - Setting next_dagrun for example_complex to None, run_after=None
[2022-08-04 00:03:45,768] {processor.py:161} INFO - Processing /home/ndx/Innowise tasks/Innowise_task_5/airflow_env/lib/python3.8/site-packages/airflow/example_dags/example_complex.py took 0.040 seconds
[2022-08-04 00:04:21,686] {processor.py:153} INFO - Started process (PID=45501) to work on /home/ndx/Innowise tasks/Innowise_task_5/airflow_env/lib/python3.8/site-packages/airflow/example_dags/example_complex.py
[2022-08-04 00:04:21,691] {processor.py:641} INFO - Processing file /home/ndx/Innowise tasks/Innowise_task_5/airflow_env/lib/python3.8/site-packages/airflow/example_dags/example_complex.py for tasks to queue
[2022-08-04 00:04:21,692] {logging_mixin.py:115} INFO - [2022-08-04 00:04:21,692] {dagbag.py:508} INFO - Filling up the DagBag from /home/ndx/Innowise tasks/Innowise_task_5/airflow_env/lib/python3.8/site-packages/airflow/example_dags/example_complex.py
[2022-08-04 00:04:21,698] {processor.py:651} INFO - DAG(s) dict_keys(['example_complex']) retrieved from /home/ndx/Innowise tasks/Innowise_task_5/airflow_env/lib/python3.8/site-packages/airflow/example_dags/example_complex.py
[2022-08-04 00:04:21,708] {logging_mixin.py:115} INFO - [2022-08-04 00:04:21,708] {dag.py:2420} INFO - Sync 1 DAGs
[2022-08-04 00:04:21,717] {logging_mixin.py:115} INFO - [2022-08-04 00:04:21,716] {dag.py:2968} INFO - Setting next_dagrun for example_complex to None, run_after=None
[2022-08-04 00:04:21,724] {processor.py:161} INFO - Processing /home/ndx/Innowise tasks/Innowise_task_5/airflow_env/lib/python3.8/site-packages/airflow/example_dags/example_complex.py took 0.040 seconds
[2022-08-04 00:04:53,684] {processor.py:153} INFO - Started process (PID=45561) to work on /home/ndx/Innowise tasks/Innowise_task_5/airflow_env/lib/python3.8/site-packages/airflow/example_dags/example_complex.py
[2022-08-04 00:04:53,689] {processor.py:641} INFO - Processing file /home/ndx/Innowise tasks/Innowise_task_5/airflow_env/lib/python3.8/site-packages/airflow/example_dags/example_complex.py for tasks to queue
[2022-08-04 00:04:53,690] {logging_mixin.py:115} INFO - [2022-08-04 00:04:53,690] {dagbag.py:508} INFO - Filling up the DagBag from /home/ndx/Innowise tasks/Innowise_task_5/airflow_env/lib/python3.8/site-packages/airflow/example_dags/example_complex.py
[2022-08-04 00:04:53,696] {processor.py:651} INFO - DAG(s) dict_keys(['example_complex']) retrieved from /home/ndx/Innowise tasks/Innowise_task_5/airflow_env/lib/python3.8/site-packages/airflow/example_dags/example_complex.py
[2022-08-04 00:04:53,709] {logging_mixin.py:115} INFO - [2022-08-04 00:04:53,709] {dag.py:2420} INFO - Sync 1 DAGs
[2022-08-04 00:04:53,719] {logging_mixin.py:115} INFO - [2022-08-04 00:04:53,719] {dag.py:2968} INFO - Setting next_dagrun for example_complex to None, run_after=None
[2022-08-04 00:04:53,730] {processor.py:161} INFO - Processing /home/ndx/Innowise tasks/Innowise_task_5/airflow_env/lib/python3.8/site-packages/airflow/example_dags/example_complex.py took 0.048 seconds
[2022-08-04 00:05:27,796] {processor.py:153} INFO - Started process (PID=45734) to work on /home/ndx/Innowise tasks/Innowise_task_5/airflow_env/lib/python3.8/site-packages/airflow/example_dags/example_complex.py
[2022-08-04 00:05:27,801] {processor.py:641} INFO - Processing file /home/ndx/Innowise tasks/Innowise_task_5/airflow_env/lib/python3.8/site-packages/airflow/example_dags/example_complex.py for tasks to queue
[2022-08-04 00:05:27,802] {logging_mixin.py:115} INFO - [2022-08-04 00:05:27,802] {dagbag.py:508} INFO - Filling up the DagBag from /home/ndx/Innowise tasks/Innowise_task_5/airflow_env/lib/python3.8/site-packages/airflow/example_dags/example_complex.py
[2022-08-04 00:05:27,809] {processor.py:651} INFO - DAG(s) dict_keys(['example_complex']) retrieved from /home/ndx/Innowise tasks/Innowise_task_5/airflow_env/lib/python3.8/site-packages/airflow/example_dags/example_complex.py
[2022-08-04 00:05:27,820] {logging_mixin.py:115} INFO - [2022-08-04 00:05:27,820] {dag.py:2420} INFO - Sync 1 DAGs
[2022-08-04 00:05:27,831] {logging_mixin.py:115} INFO - [2022-08-04 00:05:27,831] {dag.py:2968} INFO - Setting next_dagrun for example_complex to None, run_after=None
[2022-08-04 00:05:27,840] {processor.py:161} INFO - Processing /home/ndx/Innowise tasks/Innowise_task_5/airflow_env/lib/python3.8/site-packages/airflow/example_dags/example_complex.py took 0.046 seconds
[2022-08-04 00:06:00,926] {processor.py:153} INFO - Started process (PID=45814) to work on /home/ndx/Innowise tasks/Innowise_task_5/airflow_env/lib/python3.8/site-packages/airflow/example_dags/example_complex.py
[2022-08-04 00:06:00,932] {processor.py:641} INFO - Processing file /home/ndx/Innowise tasks/Innowise_task_5/airflow_env/lib/python3.8/site-packages/airflow/example_dags/example_complex.py for tasks to queue
[2022-08-04 00:06:00,932] {logging_mixin.py:115} INFO - [2022-08-04 00:06:00,932] {dagbag.py:508} INFO - Filling up the DagBag from /home/ndx/Innowise tasks/Innowise_task_5/airflow_env/lib/python3.8/site-packages/airflow/example_dags/example_complex.py
[2022-08-04 00:06:00,939] {processor.py:651} INFO - DAG(s) dict_keys(['example_complex']) retrieved from /home/ndx/Innowise tasks/Innowise_task_5/airflow_env/lib/python3.8/site-packages/airflow/example_dags/example_complex.py
[2022-08-04 00:06:00,949] {logging_mixin.py:115} INFO - [2022-08-04 00:06:00,949] {dag.py:2420} INFO - Sync 1 DAGs
[2022-08-04 00:06:00,958] {logging_mixin.py:115} INFO - [2022-08-04 00:06:00,958] {dag.py:2968} INFO - Setting next_dagrun for example_complex to None, run_after=None
[2022-08-04 00:06:00,966] {processor.py:161} INFO - Processing /home/ndx/Innowise tasks/Innowise_task_5/airflow_env/lib/python3.8/site-packages/airflow/example_dags/example_complex.py took 0.041 seconds
[2022-08-04 00:06:36,488] {processor.py:153} INFO - Started process (PID=45941) to work on /home/ndx/Innowise tasks/Innowise_task_5/airflow_env/lib/python3.8/site-packages/airflow/example_dags/example_complex.py
[2022-08-04 00:06:36,493] {processor.py:641} INFO - Processing file /home/ndx/Innowise tasks/Innowise_task_5/airflow_env/lib/python3.8/site-packages/airflow/example_dags/example_complex.py for tasks to queue
[2022-08-04 00:06:36,494] {logging_mixin.py:115} INFO - [2022-08-04 00:06:36,494] {dagbag.py:508} INFO - Filling up the DagBag from /home/ndx/Innowise tasks/Innowise_task_5/airflow_env/lib/python3.8/site-packages/airflow/example_dags/example_complex.py
[2022-08-04 00:06:36,501] {processor.py:651} INFO - DAG(s) dict_keys(['example_complex']) retrieved from /home/ndx/Innowise tasks/Innowise_task_5/airflow_env/lib/python3.8/site-packages/airflow/example_dags/example_complex.py
[2022-08-04 00:06:36,512] {logging_mixin.py:115} INFO - [2022-08-04 00:06:36,511] {dag.py:2420} INFO - Sync 1 DAGs
[2022-08-04 00:06:36,520] {logging_mixin.py:115} INFO - [2022-08-04 00:06:36,520] {dag.py:2968} INFO - Setting next_dagrun for example_complex to None, run_after=None
[2022-08-04 00:06:36,529] {processor.py:161} INFO - Processing /home/ndx/Innowise tasks/Innowise_task_5/airflow_env/lib/python3.8/site-packages/airflow/example_dags/example_complex.py took 0.043 seconds
[2022-08-04 00:07:09,666] {processor.py:153} INFO - Started process (PID=46006) to work on /home/ndx/Innowise tasks/Innowise_task_5/airflow_env/lib/python3.8/site-packages/airflow/example_dags/example_complex.py
[2022-08-04 00:07:09,671] {processor.py:641} INFO - Processing file /home/ndx/Innowise tasks/Innowise_task_5/airflow_env/lib/python3.8/site-packages/airflow/example_dags/example_complex.py for tasks to queue
[2022-08-04 00:07:09,672] {logging_mixin.py:115} INFO - [2022-08-04 00:07:09,672] {dagbag.py:508} INFO - Filling up the DagBag from /home/ndx/Innowise tasks/Innowise_task_5/airflow_env/lib/python3.8/site-packages/airflow/example_dags/example_complex.py
[2022-08-04 00:07:09,679] {processor.py:651} INFO - DAG(s) dict_keys(['example_complex']) retrieved from /home/ndx/Innowise tasks/Innowise_task_5/airflow_env/lib/python3.8/site-packages/airflow/example_dags/example_complex.py
[2022-08-04 00:07:09,693] {logging_mixin.py:115} INFO - [2022-08-04 00:07:09,692] {dag.py:2420} INFO - Sync 1 DAGs
[2022-08-04 00:07:09,704] {logging_mixin.py:115} INFO - [2022-08-04 00:07:09,704] {dag.py:2968} INFO - Setting next_dagrun for example_complex to None, run_after=None
[2022-08-04 00:07:09,715] {processor.py:161} INFO - Processing /home/ndx/Innowise tasks/Innowise_task_5/airflow_env/lib/python3.8/site-packages/airflow/example_dags/example_complex.py took 0.051 seconds
[2022-08-04 00:07:42,465] {processor.py:153} INFO - Started process (PID=46074) to work on /home/ndx/Innowise tasks/Innowise_task_5/airflow_env/lib/python3.8/site-packages/airflow/example_dags/example_complex.py
[2022-08-04 00:07:42,465] {processor.py:641} INFO - Processing file /home/ndx/Innowise tasks/Innowise_task_5/airflow_env/lib/python3.8/site-packages/airflow/example_dags/example_complex.py for tasks to queue
[2022-08-04 00:07:42,465] {logging_mixin.py:115} INFO - [2022-08-04 00:07:42,465] {dagbag.py:508} INFO - Filling up the DagBag from /home/ndx/Innowise tasks/Innowise_task_5/airflow_env/lib/python3.8/site-packages/airflow/example_dags/example_complex.py
[2022-08-04 00:07:42,472] {processor.py:651} INFO - DAG(s) dict_keys(['example_complex']) retrieved from /home/ndx/Innowise tasks/Innowise_task_5/airflow_env/lib/python3.8/site-packages/airflow/example_dags/example_complex.py
[2022-08-04 00:07:42,484] {logging_mixin.py:115} INFO - [2022-08-04 00:07:42,484] {dag.py:2420} INFO - Sync 1 DAGs
[2022-08-04 00:07:42,494] {logging_mixin.py:115} INFO - [2022-08-04 00:07:42,494] {dag.py:2968} INFO - Setting next_dagrun for example_complex to None, run_after=None
[2022-08-04 00:07:42,504] {processor.py:161} INFO - Processing /home/ndx/Innowise tasks/Innowise_task_5/airflow_env/lib/python3.8/site-packages/airflow/example_dags/example_complex.py took 0.041 seconds
[2022-08-04 00:08:17,655] {processor.py:153} INFO - Started process (PID=46137) to work on /home/ndx/Innowise tasks/Innowise_task_5/airflow_env/lib/python3.8/site-packages/airflow/example_dags/example_complex.py
[2022-08-04 00:08:17,660] {processor.py:641} INFO - Processing file /home/ndx/Innowise tasks/Innowise_task_5/airflow_env/lib/python3.8/site-packages/airflow/example_dags/example_complex.py for tasks to queue
[2022-08-04 00:08:17,661] {logging_mixin.py:115} INFO - [2022-08-04 00:08:17,661] {dagbag.py:508} INFO - Filling up the DagBag from /home/ndx/Innowise tasks/Innowise_task_5/airflow_env/lib/python3.8/site-packages/airflow/example_dags/example_complex.py
[2022-08-04 00:08:17,667] {processor.py:651} INFO - DAG(s) dict_keys(['example_complex']) retrieved from /home/ndx/Innowise tasks/Innowise_task_5/airflow_env/lib/python3.8/site-packages/airflow/example_dags/example_complex.py
[2022-08-04 00:08:17,678] {logging_mixin.py:115} INFO - [2022-08-04 00:08:17,678] {dag.py:2420} INFO - Sync 1 DAGs
[2022-08-04 00:08:17,687] {logging_mixin.py:115} INFO - [2022-08-04 00:08:17,687] {dag.py:2968} INFO - Setting next_dagrun for example_complex to None, run_after=None
[2022-08-04 00:08:17,695] {processor.py:161} INFO - Processing /home/ndx/Innowise tasks/Innowise_task_5/airflow_env/lib/python3.8/site-packages/airflow/example_dags/example_complex.py took 0.042 seconds
[2022-08-04 00:08:50,590] {processor.py:153} INFO - Started process (PID=46252) to work on /home/ndx/Innowise tasks/Innowise_task_5/airflow_env/lib/python3.8/site-packages/airflow/example_dags/example_complex.py
[2022-08-04 00:08:50,595] {processor.py:641} INFO - Processing file /home/ndx/Innowise tasks/Innowise_task_5/airflow_env/lib/python3.8/site-packages/airflow/example_dags/example_complex.py for tasks to queue
[2022-08-04 00:08:50,596] {logging_mixin.py:115} INFO - [2022-08-04 00:08:50,596] {dagbag.py:508} INFO - Filling up the DagBag from /home/ndx/Innowise tasks/Innowise_task_5/airflow_env/lib/python3.8/site-packages/airflow/example_dags/example_complex.py
[2022-08-04 00:08:50,603] {processor.py:651} INFO - DAG(s) dict_keys(['example_complex']) retrieved from /home/ndx/Innowise tasks/Innowise_task_5/airflow_env/lib/python3.8/site-packages/airflow/example_dags/example_complex.py
[2022-08-04 00:08:50,613] {logging_mixin.py:115} INFO - [2022-08-04 00:08:50,613] {dag.py:2420} INFO - Sync 1 DAGs
[2022-08-04 00:08:50,622] {logging_mixin.py:115} INFO - [2022-08-04 00:08:50,622] {dag.py:2968} INFO - Setting next_dagrun for example_complex to None, run_after=None
[2022-08-04 00:08:50,630] {processor.py:161} INFO - Processing /home/ndx/Innowise tasks/Innowise_task_5/airflow_env/lib/python3.8/site-packages/airflow/example_dags/example_complex.py took 0.041 seconds
[2022-08-04 00:09:25,508] {processor.py:153} INFO - Started process (PID=46325) to work on /home/ndx/Innowise tasks/Innowise_task_5/airflow_env/lib/python3.8/site-packages/airflow/example_dags/example_complex.py
[2022-08-04 00:09:25,513] {processor.py:641} INFO - Processing file /home/ndx/Innowise tasks/Innowise_task_5/airflow_env/lib/python3.8/site-packages/airflow/example_dags/example_complex.py for tasks to queue
[2022-08-04 00:09:25,514] {logging_mixin.py:115} INFO - [2022-08-04 00:09:25,514] {dagbag.py:508} INFO - Filling up the DagBag from /home/ndx/Innowise tasks/Innowise_task_5/airflow_env/lib/python3.8/site-packages/airflow/example_dags/example_complex.py
[2022-08-04 00:09:25,520] {processor.py:651} INFO - DAG(s) dict_keys(['example_complex']) retrieved from /home/ndx/Innowise tasks/Innowise_task_5/airflow_env/lib/python3.8/site-packages/airflow/example_dags/example_complex.py
[2022-08-04 00:09:25,533] {logging_mixin.py:115} INFO - [2022-08-04 00:09:25,532] {dag.py:2420} INFO - Sync 1 DAGs
[2022-08-04 00:09:25,542] {logging_mixin.py:115} INFO - [2022-08-04 00:09:25,542] {dag.py:2968} INFO - Setting next_dagrun for example_complex to None, run_after=None
[2022-08-04 00:09:25,550] {processor.py:161} INFO - Processing /home/ndx/Innowise tasks/Innowise_task_5/airflow_env/lib/python3.8/site-packages/airflow/example_dags/example_complex.py took 0.044 seconds
[2022-08-04 00:10:01,965] {processor.py:153} INFO - Started process (PID=46411) to work on /home/ndx/Innowise tasks/Innowise_task_5/airflow_env/lib/python3.8/site-packages/airflow/example_dags/example_complex.py
[2022-08-04 00:10:01,970] {processor.py:641} INFO - Processing file /home/ndx/Innowise tasks/Innowise_task_5/airflow_env/lib/python3.8/site-packages/airflow/example_dags/example_complex.py for tasks to queue
[2022-08-04 00:10:01,971] {logging_mixin.py:115} INFO - [2022-08-04 00:10:01,971] {dagbag.py:508} INFO - Filling up the DagBag from /home/ndx/Innowise tasks/Innowise_task_5/airflow_env/lib/python3.8/site-packages/airflow/example_dags/example_complex.py
[2022-08-04 00:10:01,978] {processor.py:651} INFO - DAG(s) dict_keys(['example_complex']) retrieved from /home/ndx/Innowise tasks/Innowise_task_5/airflow_env/lib/python3.8/site-packages/airflow/example_dags/example_complex.py
[2022-08-04 00:10:01,989] {logging_mixin.py:115} INFO - [2022-08-04 00:10:01,989] {dag.py:2420} INFO - Sync 1 DAGs
[2022-08-04 00:10:01,998] {logging_mixin.py:115} INFO - [2022-08-04 00:10:01,998] {dag.py:2968} INFO - Setting next_dagrun for example_complex to None, run_after=None
[2022-08-04 00:10:02,006] {processor.py:161} INFO - Processing /home/ndx/Innowise tasks/Innowise_task_5/airflow_env/lib/python3.8/site-packages/airflow/example_dags/example_complex.py took 0.043 seconds
[2022-08-04 00:10:35,086] {processor.py:153} INFO - Started process (PID=46534) to work on /home/ndx/Innowise tasks/Innowise_task_5/airflow_env/lib/python3.8/site-packages/airflow/example_dags/example_complex.py
[2022-08-04 00:10:35,092] {processor.py:641} INFO - Processing file /home/ndx/Innowise tasks/Innowise_task_5/airflow_env/lib/python3.8/site-packages/airflow/example_dags/example_complex.py for tasks to queue
[2022-08-04 00:10:35,092] {logging_mixin.py:115} INFO - [2022-08-04 00:10:35,092] {dagbag.py:508} INFO - Filling up the DagBag from /home/ndx/Innowise tasks/Innowise_task_5/airflow_env/lib/python3.8/site-packages/airflow/example_dags/example_complex.py
[2022-08-04 00:10:35,099] {processor.py:651} INFO - DAG(s) dict_keys(['example_complex']) retrieved from /home/ndx/Innowise tasks/Innowise_task_5/airflow_env/lib/python3.8/site-packages/airflow/example_dags/example_complex.py
[2022-08-04 00:10:35,109] {logging_mixin.py:115} INFO - [2022-08-04 00:10:35,109] {dag.py:2420} INFO - Sync 1 DAGs
[2022-08-04 00:10:35,119] {logging_mixin.py:115} INFO - [2022-08-04 00:10:35,119] {dag.py:2968} INFO - Setting next_dagrun for example_complex to None, run_after=None
[2022-08-04 00:10:35,125] {processor.py:161} INFO - Processing /home/ndx/Innowise tasks/Innowise_task_5/airflow_env/lib/python3.8/site-packages/airflow/example_dags/example_complex.py took 0.041 seconds
[2022-08-04 00:11:09,911] {processor.py:153} INFO - Started process (PID=46608) to work on /home/ndx/Innowise tasks/Innowise_task_5/airflow_env/lib/python3.8/site-packages/airflow/example_dags/example_complex.py
[2022-08-04 00:11:09,916] {processor.py:641} INFO - Processing file /home/ndx/Innowise tasks/Innowise_task_5/airflow_env/lib/python3.8/site-packages/airflow/example_dags/example_complex.py for tasks to queue
[2022-08-04 00:11:09,917] {logging_mixin.py:115} INFO - [2022-08-04 00:11:09,917] {dagbag.py:508} INFO - Filling up the DagBag from /home/ndx/Innowise tasks/Innowise_task_5/airflow_env/lib/python3.8/site-packages/airflow/example_dags/example_complex.py
[2022-08-04 00:11:09,924] {processor.py:651} INFO - DAG(s) dict_keys(['example_complex']) retrieved from /home/ndx/Innowise tasks/Innowise_task_5/airflow_env/lib/python3.8/site-packages/airflow/example_dags/example_complex.py
[2022-08-04 00:11:09,934] {logging_mixin.py:115} INFO - [2022-08-04 00:11:09,934] {dag.py:2420} INFO - Sync 1 DAGs
[2022-08-04 00:11:09,944] {logging_mixin.py:115} INFO - [2022-08-04 00:11:09,944] {dag.py:2968} INFO - Setting next_dagrun for example_complex to None, run_after=None
[2022-08-04 00:11:09,951] {processor.py:161} INFO - Processing /home/ndx/Innowise tasks/Innowise_task_5/airflow_env/lib/python3.8/site-packages/airflow/example_dags/example_complex.py took 0.041 seconds
[2022-08-04 00:11:42,880] {processor.py:153} INFO - Started process (PID=46661) to work on /home/ndx/Innowise tasks/Innowise_task_5/airflow_env/lib/python3.8/site-packages/airflow/example_dags/example_complex.py
[2022-08-04 00:11:42,885] {processor.py:641} INFO - Processing file /home/ndx/Innowise tasks/Innowise_task_5/airflow_env/lib/python3.8/site-packages/airflow/example_dags/example_complex.py for tasks to queue
[2022-08-04 00:11:42,886] {logging_mixin.py:115} INFO - [2022-08-04 00:11:42,886] {dagbag.py:508} INFO - Filling up the DagBag from /home/ndx/Innowise tasks/Innowise_task_5/airflow_env/lib/python3.8/site-packages/airflow/example_dags/example_complex.py
[2022-08-04 00:11:42,893] {processor.py:651} INFO - DAG(s) dict_keys(['example_complex']) retrieved from /home/ndx/Innowise tasks/Innowise_task_5/airflow_env/lib/python3.8/site-packages/airflow/example_dags/example_complex.py
[2022-08-04 00:11:42,904] {logging_mixin.py:115} INFO - [2022-08-04 00:11:42,904] {dag.py:2420} INFO - Sync 1 DAGs
[2022-08-04 00:11:42,915] {logging_mixin.py:115} INFO - [2022-08-04 00:11:42,915] {dag.py:2968} INFO - Setting next_dagrun for example_complex to None, run_after=None
[2022-08-04 00:11:42,922] {processor.py:161} INFO - Processing /home/ndx/Innowise tasks/Innowise_task_5/airflow_env/lib/python3.8/site-packages/airflow/example_dags/example_complex.py took 0.043 seconds
[2022-08-04 00:12:18,966] {processor.py:153} INFO - Started process (PID=46721) to work on /home/ndx/Innowise tasks/Innowise_task_5/airflow_env/lib/python3.8/site-packages/airflow/example_dags/example_complex.py
[2022-08-04 00:12:18,971] {processor.py:641} INFO - Processing file /home/ndx/Innowise tasks/Innowise_task_5/airflow_env/lib/python3.8/site-packages/airflow/example_dags/example_complex.py for tasks to queue
[2022-08-04 00:12:18,972] {logging_mixin.py:115} INFO - [2022-08-04 00:12:18,972] {dagbag.py:508} INFO - Filling up the DagBag from /home/ndx/Innowise tasks/Innowise_task_5/airflow_env/lib/python3.8/site-packages/airflow/example_dags/example_complex.py
[2022-08-04 00:12:18,979] {processor.py:651} INFO - DAG(s) dict_keys(['example_complex']) retrieved from /home/ndx/Innowise tasks/Innowise_task_5/airflow_env/lib/python3.8/site-packages/airflow/example_dags/example_complex.py
[2022-08-04 00:12:18,992] {logging_mixin.py:115} INFO - [2022-08-04 00:12:18,991] {dag.py:2420} INFO - Sync 1 DAGs
[2022-08-04 00:12:19,003] {logging_mixin.py:115} INFO - [2022-08-04 00:12:19,003] {dag.py:2968} INFO - Setting next_dagrun for example_complex to None, run_after=None
[2022-08-04 00:12:19,010] {processor.py:161} INFO - Processing /home/ndx/Innowise tasks/Innowise_task_5/airflow_env/lib/python3.8/site-packages/airflow/example_dags/example_complex.py took 0.046 seconds
[2022-08-04 00:12:51,547] {processor.py:153} INFO - Started process (PID=46783) to work on /home/ndx/Innowise tasks/Innowise_task_5/airflow_env/lib/python3.8/site-packages/airflow/example_dags/example_complex.py
[2022-08-04 00:12:51,552] {processor.py:641} INFO - Processing file /home/ndx/Innowise tasks/Innowise_task_5/airflow_env/lib/python3.8/site-packages/airflow/example_dags/example_complex.py for tasks to queue
[2022-08-04 00:12:51,553] {logging_mixin.py:115} INFO - [2022-08-04 00:12:51,553] {dagbag.py:508} INFO - Filling up the DagBag from /home/ndx/Innowise tasks/Innowise_task_5/airflow_env/lib/python3.8/site-packages/airflow/example_dags/example_complex.py
[2022-08-04 00:12:51,560] {processor.py:651} INFO - DAG(s) dict_keys(['example_complex']) retrieved from /home/ndx/Innowise tasks/Innowise_task_5/airflow_env/lib/python3.8/site-packages/airflow/example_dags/example_complex.py
[2022-08-04 00:12:51,571] {logging_mixin.py:115} INFO - [2022-08-04 00:12:51,571] {dag.py:2420} INFO - Sync 1 DAGs
[2022-08-04 00:12:51,581] {logging_mixin.py:115} INFO - [2022-08-04 00:12:51,581] {dag.py:2968} INFO - Setting next_dagrun for example_complex to None, run_after=None
[2022-08-04 00:12:51,588] {processor.py:161} INFO - Processing /home/ndx/Innowise tasks/Innowise_task_5/airflow_env/lib/python3.8/site-packages/airflow/example_dags/example_complex.py took 0.042 seconds
[2022-08-04 00:13:26,521] {processor.py:153} INFO - Started process (PID=46884) to work on /home/ndx/Innowise tasks/Innowise_task_5/airflow_env/lib/python3.8/site-packages/airflow/example_dags/example_complex.py
[2022-08-04 00:13:26,526] {processor.py:641} INFO - Processing file /home/ndx/Innowise tasks/Innowise_task_5/airflow_env/lib/python3.8/site-packages/airflow/example_dags/example_complex.py for tasks to queue
[2022-08-04 00:13:26,527] {logging_mixin.py:115} INFO - [2022-08-04 00:13:26,527] {dagbag.py:508} INFO - Filling up the DagBag from /home/ndx/Innowise tasks/Innowise_task_5/airflow_env/lib/python3.8/site-packages/airflow/example_dags/example_complex.py
[2022-08-04 00:13:26,534] {processor.py:651} INFO - DAG(s) dict_keys(['example_complex']) retrieved from /home/ndx/Innowise tasks/Innowise_task_5/airflow_env/lib/python3.8/site-packages/airflow/example_dags/example_complex.py
[2022-08-04 00:13:26,545] {logging_mixin.py:115} INFO - [2022-08-04 00:13:26,545] {dag.py:2420} INFO - Sync 1 DAGs
[2022-08-04 00:13:26,556] {logging_mixin.py:115} INFO - [2022-08-04 00:13:26,556] {dag.py:2968} INFO - Setting next_dagrun for example_complex to None, run_after=None
[2022-08-04 00:13:26,563] {processor.py:161} INFO - Processing /home/ndx/Innowise tasks/Innowise_task_5/airflow_env/lib/python3.8/site-packages/airflow/example_dags/example_complex.py took 0.044 seconds
[2022-08-04 00:13:59,498] {processor.py:153} INFO - Started process (PID=46945) to work on /home/ndx/Innowise tasks/Innowise_task_5/airflow_env/lib/python3.8/site-packages/airflow/example_dags/example_complex.py
[2022-08-04 00:13:59,503] {processor.py:641} INFO - Processing file /home/ndx/Innowise tasks/Innowise_task_5/airflow_env/lib/python3.8/site-packages/airflow/example_dags/example_complex.py for tasks to queue
[2022-08-04 00:13:59,504] {logging_mixin.py:115} INFO - [2022-08-04 00:13:59,504] {dagbag.py:508} INFO - Filling up the DagBag from /home/ndx/Innowise tasks/Innowise_task_5/airflow_env/lib/python3.8/site-packages/airflow/example_dags/example_complex.py
[2022-08-04 00:13:59,511] {processor.py:651} INFO - DAG(s) dict_keys(['example_complex']) retrieved from /home/ndx/Innowise tasks/Innowise_task_5/airflow_env/lib/python3.8/site-packages/airflow/example_dags/example_complex.py
[2022-08-04 00:13:59,521] {logging_mixin.py:115} INFO - [2022-08-04 00:13:59,521] {dag.py:2420} INFO - Sync 1 DAGs
[2022-08-04 00:13:59,531] {logging_mixin.py:115} INFO - [2022-08-04 00:13:59,531] {dag.py:2968} INFO - Setting next_dagrun for example_complex to None, run_after=None
[2022-08-04 00:13:59,538] {processor.py:161} INFO - Processing /home/ndx/Innowise tasks/Innowise_task_5/airflow_env/lib/python3.8/site-packages/airflow/example_dags/example_complex.py took 0.041 seconds
[2022-08-04 00:14:34,151] {processor.py:153} INFO - Started process (PID=47080) to work on /home/ndx/Innowise tasks/Innowise_task_5/airflow_env/lib/python3.8/site-packages/airflow/example_dags/example_complex.py
[2022-08-04 00:14:34,156] {processor.py:641} INFO - Processing file /home/ndx/Innowise tasks/Innowise_task_5/airflow_env/lib/python3.8/site-packages/airflow/example_dags/example_complex.py for tasks to queue
[2022-08-04 00:14:34,157] {logging_mixin.py:115} INFO - [2022-08-04 00:14:34,157] {dagbag.py:508} INFO - Filling up the DagBag from /home/ndx/Innowise tasks/Innowise_task_5/airflow_env/lib/python3.8/site-packages/airflow/example_dags/example_complex.py
[2022-08-04 00:14:34,163] {processor.py:651} INFO - DAG(s) dict_keys(['example_complex']) retrieved from /home/ndx/Innowise tasks/Innowise_task_5/airflow_env/lib/python3.8/site-packages/airflow/example_dags/example_complex.py
[2022-08-04 00:14:34,171] {logging_mixin.py:115} INFO - [2022-08-04 00:14:34,171] {dag.py:2420} INFO - Sync 1 DAGs
[2022-08-04 00:14:34,180] {logging_mixin.py:115} INFO - [2022-08-04 00:14:34,180] {dag.py:2968} INFO - Setting next_dagrun for example_complex to None, run_after=None
[2022-08-04 00:14:34,186] {processor.py:161} INFO - Processing /home/ndx/Innowise tasks/Innowise_task_5/airflow_env/lib/python3.8/site-packages/airflow/example_dags/example_complex.py took 0.036 seconds
[2022-08-04 00:15:07,821] {processor.py:153} INFO - Started process (PID=47164) to work on /home/ndx/Innowise tasks/Innowise_task_5/airflow_env/lib/python3.8/site-packages/airflow/example_dags/example_complex.py
[2022-08-04 00:15:07,822] {processor.py:641} INFO - Processing file /home/ndx/Innowise tasks/Innowise_task_5/airflow_env/lib/python3.8/site-packages/airflow/example_dags/example_complex.py for tasks to queue
[2022-08-04 00:15:07,822] {logging_mixin.py:115} INFO - [2022-08-04 00:15:07,822] {dagbag.py:508} INFO - Filling up the DagBag from /home/ndx/Innowise tasks/Innowise_task_5/airflow_env/lib/python3.8/site-packages/airflow/example_dags/example_complex.py
[2022-08-04 00:15:07,829] {processor.py:651} INFO - DAG(s) dict_keys(['example_complex']) retrieved from /home/ndx/Innowise tasks/Innowise_task_5/airflow_env/lib/python3.8/site-packages/airflow/example_dags/example_complex.py
[2022-08-04 00:15:07,841] {logging_mixin.py:115} INFO - [2022-08-04 00:15:07,841] {dag.py:2420} INFO - Sync 1 DAGs
[2022-08-04 00:15:07,856] {logging_mixin.py:115} INFO - [2022-08-04 00:15:07,856] {dag.py:2968} INFO - Setting next_dagrun for example_complex to None, run_after=None
[2022-08-04 00:15:07,864] {processor.py:161} INFO - Processing /home/ndx/Innowise tasks/Innowise_task_5/airflow_env/lib/python3.8/site-packages/airflow/example_dags/example_complex.py took 0.044 seconds
[2022-08-04 00:15:46,105] {processor.py:153} INFO - Started process (PID=47245) to work on /home/ndx/Innowise tasks/Innowise_task_5/airflow_env/lib/python3.8/site-packages/airflow/example_dags/example_complex.py
[2022-08-04 00:15:46,110] {processor.py:641} INFO - Processing file /home/ndx/Innowise tasks/Innowise_task_5/airflow_env/lib/python3.8/site-packages/airflow/example_dags/example_complex.py for tasks to queue
[2022-08-04 00:15:46,111] {logging_mixin.py:115} INFO - [2022-08-04 00:15:46,111] {dagbag.py:508} INFO - Filling up the DagBag from /home/ndx/Innowise tasks/Innowise_task_5/airflow_env/lib/python3.8/site-packages/airflow/example_dags/example_complex.py
[2022-08-04 00:15:46,118] {processor.py:651} INFO - DAG(s) dict_keys(['example_complex']) retrieved from /home/ndx/Innowise tasks/Innowise_task_5/airflow_env/lib/python3.8/site-packages/airflow/example_dags/example_complex.py
[2022-08-04 00:15:46,128] {logging_mixin.py:115} INFO - [2022-08-04 00:15:46,128] {dag.py:2420} INFO - Sync 1 DAGs
[2022-08-04 00:15:46,138] {logging_mixin.py:115} INFO - [2022-08-04 00:15:46,138] {dag.py:2968} INFO - Setting next_dagrun for example_complex to None, run_after=None
[2022-08-04 00:15:46,144] {processor.py:161} INFO - Processing /home/ndx/Innowise tasks/Innowise_task_5/airflow_env/lib/python3.8/site-packages/airflow/example_dags/example_complex.py took 0.041 seconds
[2022-08-04 00:16:20,069] {processor.py:153} INFO - Started process (PID=47326) to work on /home/ndx/Innowise tasks/Innowise_task_5/airflow_env/lib/python3.8/site-packages/airflow/example_dags/example_complex.py
[2022-08-04 00:16:20,069] {processor.py:641} INFO - Processing file /home/ndx/Innowise tasks/Innowise_task_5/airflow_env/lib/python3.8/site-packages/airflow/example_dags/example_complex.py for tasks to queue
[2022-08-04 00:16:20,070] {logging_mixin.py:115} INFO - [2022-08-04 00:16:20,070] {dagbag.py:508} INFO - Filling up the DagBag from /home/ndx/Innowise tasks/Innowise_task_5/airflow_env/lib/python3.8/site-packages/airflow/example_dags/example_complex.py
[2022-08-04 00:16:20,076] {processor.py:651} INFO - DAG(s) dict_keys(['example_complex']) retrieved from /home/ndx/Innowise tasks/Innowise_task_5/airflow_env/lib/python3.8/site-packages/airflow/example_dags/example_complex.py
[2022-08-04 00:16:20,086] {logging_mixin.py:115} INFO - [2022-08-04 00:16:20,086] {dag.py:2420} INFO - Sync 1 DAGs
[2022-08-04 00:16:20,096] {logging_mixin.py:115} INFO - [2022-08-04 00:16:20,096] {dag.py:2968} INFO - Setting next_dagrun for example_complex to None, run_after=None
[2022-08-04 00:16:20,102] {processor.py:161} INFO - Processing /home/ndx/Innowise tasks/Innowise_task_5/airflow_env/lib/python3.8/site-packages/airflow/example_dags/example_complex.py took 0.035 seconds
[2022-08-04 00:16:54,328] {processor.py:153} INFO - Started process (PID=47400) to work on /home/ndx/Innowise tasks/Innowise_task_5/airflow_env/lib/python3.8/site-packages/airflow/example_dags/example_complex.py
[2022-08-04 00:16:54,333] {processor.py:641} INFO - Processing file /home/ndx/Innowise tasks/Innowise_task_5/airflow_env/lib/python3.8/site-packages/airflow/example_dags/example_complex.py for tasks to queue
[2022-08-04 00:16:54,334] {logging_mixin.py:115} INFO - [2022-08-04 00:16:54,334] {dagbag.py:508} INFO - Filling up the DagBag from /home/ndx/Innowise tasks/Innowise_task_5/airflow_env/lib/python3.8/site-packages/airflow/example_dags/example_complex.py
[2022-08-04 00:16:54,341] {processor.py:651} INFO - DAG(s) dict_keys(['example_complex']) retrieved from /home/ndx/Innowise tasks/Innowise_task_5/airflow_env/lib/python3.8/site-packages/airflow/example_dags/example_complex.py
[2022-08-04 00:16:54,351] {logging_mixin.py:115} INFO - [2022-08-04 00:16:54,351] {dag.py:2420} INFO - Sync 1 DAGs
[2022-08-04 00:16:54,360] {logging_mixin.py:115} INFO - [2022-08-04 00:16:54,360] {dag.py:2968} INFO - Setting next_dagrun for example_complex to None, run_after=None
[2022-08-04 00:16:54,367] {processor.py:161} INFO - Processing /home/ndx/Innowise tasks/Innowise_task_5/airflow_env/lib/python3.8/site-packages/airflow/example_dags/example_complex.py took 0.041 seconds
[2022-08-04 00:17:29,457] {processor.py:153} INFO - Started process (PID=47485) to work on /home/ndx/Innowise tasks/Innowise_task_5/airflow_env/lib/python3.8/site-packages/airflow/example_dags/example_complex.py
[2022-08-04 00:17:29,462] {processor.py:641} INFO - Processing file /home/ndx/Innowise tasks/Innowise_task_5/airflow_env/lib/python3.8/site-packages/airflow/example_dags/example_complex.py for tasks to queue
[2022-08-04 00:17:29,463] {logging_mixin.py:115} INFO - [2022-08-04 00:17:29,463] {dagbag.py:508} INFO - Filling up the DagBag from /home/ndx/Innowise tasks/Innowise_task_5/airflow_env/lib/python3.8/site-packages/airflow/example_dags/example_complex.py
[2022-08-04 00:17:29,469] {processor.py:651} INFO - DAG(s) dict_keys(['example_complex']) retrieved from /home/ndx/Innowise tasks/Innowise_task_5/airflow_env/lib/python3.8/site-packages/airflow/example_dags/example_complex.py
[2022-08-04 00:17:29,478] {logging_mixin.py:115} INFO - [2022-08-04 00:17:29,478] {dag.py:2420} INFO - Sync 1 DAGs
[2022-08-04 00:17:29,487] {logging_mixin.py:115} INFO - [2022-08-04 00:17:29,487] {dag.py:2968} INFO - Setting next_dagrun for example_complex to None, run_after=None
[2022-08-04 00:17:29,497] {processor.py:161} INFO - Processing /home/ndx/Innowise tasks/Innowise_task_5/airflow_env/lib/python3.8/site-packages/airflow/example_dags/example_complex.py took 0.041 seconds
[2022-08-04 00:18:08,916] {processor.py:153} INFO - Started process (PID=47571) to work on /home/ndx/Innowise tasks/Innowise_task_5/airflow_env/lib/python3.8/site-packages/airflow/example_dags/example_complex.py
[2022-08-04 00:18:08,921] {processor.py:641} INFO - Processing file /home/ndx/Innowise tasks/Innowise_task_5/airflow_env/lib/python3.8/site-packages/airflow/example_dags/example_complex.py for tasks to queue
[2022-08-04 00:18:08,922] {logging_mixin.py:115} INFO - [2022-08-04 00:18:08,922] {dagbag.py:508} INFO - Filling up the DagBag from /home/ndx/Innowise tasks/Innowise_task_5/airflow_env/lib/python3.8/site-packages/airflow/example_dags/example_complex.py
[2022-08-04 00:18:08,929] {processor.py:651} INFO - DAG(s) dict_keys(['example_complex']) retrieved from /home/ndx/Innowise tasks/Innowise_task_5/airflow_env/lib/python3.8/site-packages/airflow/example_dags/example_complex.py
[2022-08-04 00:18:08,939] {logging_mixin.py:115} INFO - [2022-08-04 00:18:08,939] {dag.py:2420} INFO - Sync 1 DAGs
[2022-08-04 00:18:08,949] {logging_mixin.py:115} INFO - [2022-08-04 00:18:08,949] {dag.py:2968} INFO - Setting next_dagrun for example_complex to None, run_after=None
[2022-08-04 00:18:08,955] {processor.py:161} INFO - Processing /home/ndx/Innowise tasks/Innowise_task_5/airflow_env/lib/python3.8/site-packages/airflow/example_dags/example_complex.py took 0.041 seconds
[2022-08-04 00:18:42,601] {processor.py:153} INFO - Started process (PID=47611) to work on /home/ndx/Innowise tasks/Innowise_task_5/airflow_env/lib/python3.8/site-packages/airflow/example_dags/example_complex.py
[2022-08-04 00:18:42,607] {processor.py:641} INFO - Processing file /home/ndx/Innowise tasks/Innowise_task_5/airflow_env/lib/python3.8/site-packages/airflow/example_dags/example_complex.py for tasks to queue
[2022-08-04 00:18:42,607] {logging_mixin.py:115} INFO - [2022-08-04 00:18:42,607] {dagbag.py:508} INFO - Filling up the DagBag from /home/ndx/Innowise tasks/Innowise_task_5/airflow_env/lib/python3.8/site-packages/airflow/example_dags/example_complex.py
[2022-08-04 00:18:42,614] {processor.py:651} INFO - DAG(s) dict_keys(['example_complex']) retrieved from /home/ndx/Innowise tasks/Innowise_task_5/airflow_env/lib/python3.8/site-packages/airflow/example_dags/example_complex.py
[2022-08-04 00:18:42,625] {logging_mixin.py:115} INFO - [2022-08-04 00:18:42,625] {dag.py:2420} INFO - Sync 1 DAGs
[2022-08-04 00:18:42,638] {logging_mixin.py:115} INFO - [2022-08-04 00:18:42,638] {dag.py:2968} INFO - Setting next_dagrun for example_complex to None, run_after=None
[2022-08-04 00:18:42,645] {processor.py:161} INFO - Processing /home/ndx/Innowise tasks/Innowise_task_5/airflow_env/lib/python3.8/site-packages/airflow/example_dags/example_complex.py took 0.046 seconds
[2022-08-04 00:19:18,527] {processor.py:153} INFO - Started process (PID=47808) to work on /home/ndx/Innowise tasks/Innowise_task_5/airflow_env/lib/python3.8/site-packages/airflow/example_dags/example_complex.py
[2022-08-04 00:19:18,532] {processor.py:641} INFO - Processing file /home/ndx/Innowise tasks/Innowise_task_5/airflow_env/lib/python3.8/site-packages/airflow/example_dags/example_complex.py for tasks to queue
[2022-08-04 00:19:18,533] {logging_mixin.py:115} INFO - [2022-08-04 00:19:18,533] {dagbag.py:508} INFO - Filling up the DagBag from /home/ndx/Innowise tasks/Innowise_task_5/airflow_env/lib/python3.8/site-packages/airflow/example_dags/example_complex.py
[2022-08-04 00:19:18,540] {processor.py:651} INFO - DAG(s) dict_keys(['example_complex']) retrieved from /home/ndx/Innowise tasks/Innowise_task_5/airflow_env/lib/python3.8/site-packages/airflow/example_dags/example_complex.py
[2022-08-04 00:19:18,550] {logging_mixin.py:115} INFO - [2022-08-04 00:19:18,550] {dag.py:2420} INFO - Sync 1 DAGs
[2022-08-04 00:19:18,560] {logging_mixin.py:115} INFO - [2022-08-04 00:19:18,560] {dag.py:2968} INFO - Setting next_dagrun for example_complex to None, run_after=None
[2022-08-04 00:19:18,567] {processor.py:161} INFO - Processing /home/ndx/Innowise tasks/Innowise_task_5/airflow_env/lib/python3.8/site-packages/airflow/example_dags/example_complex.py took 0.042 seconds
[2022-08-04 00:19:50,473] {processor.py:153} INFO - Started process (PID=47886) to work on /home/ndx/Innowise tasks/Innowise_task_5/airflow_env/lib/python3.8/site-packages/airflow/example_dags/example_complex.py
[2022-08-04 00:19:50,479] {processor.py:641} INFO - Processing file /home/ndx/Innowise tasks/Innowise_task_5/airflow_env/lib/python3.8/site-packages/airflow/example_dags/example_complex.py for tasks to queue
[2022-08-04 00:19:50,479] {logging_mixin.py:115} INFO - [2022-08-04 00:19:50,479] {dagbag.py:508} INFO - Filling up the DagBag from /home/ndx/Innowise tasks/Innowise_task_5/airflow_env/lib/python3.8/site-packages/airflow/example_dags/example_complex.py
[2022-08-04 00:19:50,486] {processor.py:651} INFO - DAG(s) dict_keys(['example_complex']) retrieved from /home/ndx/Innowise tasks/Innowise_task_5/airflow_env/lib/python3.8/site-packages/airflow/example_dags/example_complex.py
[2022-08-04 00:19:50,498] {logging_mixin.py:115} INFO - [2022-08-04 00:19:50,498] {dag.py:2420} INFO - Sync 1 DAGs
[2022-08-04 00:19:50,509] {logging_mixin.py:115} INFO - [2022-08-04 00:19:50,509] {dag.py:2968} INFO - Setting next_dagrun for example_complex to None, run_after=None
[2022-08-04 00:19:50,516] {processor.py:161} INFO - Processing /home/ndx/Innowise tasks/Innowise_task_5/airflow_env/lib/python3.8/site-packages/airflow/example_dags/example_complex.py took 0.045 seconds
[2022-08-04 00:20:25,293] {processor.py:153} INFO - Started process (PID=47979) to work on /home/ndx/Innowise tasks/Innowise_task_5/airflow_env/lib/python3.8/site-packages/airflow/example_dags/example_complex.py
[2022-08-04 00:20:25,299] {processor.py:641} INFO - Processing file /home/ndx/Innowise tasks/Innowise_task_5/airflow_env/lib/python3.8/site-packages/airflow/example_dags/example_complex.py for tasks to queue
[2022-08-04 00:20:25,299] {logging_mixin.py:115} INFO - [2022-08-04 00:20:25,299] {dagbag.py:508} INFO - Filling up the DagBag from /home/ndx/Innowise tasks/Innowise_task_5/airflow_env/lib/python3.8/site-packages/airflow/example_dags/example_complex.py
[2022-08-04 00:20:25,306] {processor.py:651} INFO - DAG(s) dict_keys(['example_complex']) retrieved from /home/ndx/Innowise tasks/Innowise_task_5/airflow_env/lib/python3.8/site-packages/airflow/example_dags/example_complex.py
[2022-08-04 00:20:25,319] {logging_mixin.py:115} INFO - [2022-08-04 00:20:25,319] {dag.py:2420} INFO - Sync 1 DAGs
[2022-08-04 00:20:25,331] {logging_mixin.py:115} INFO - [2022-08-04 00:20:25,331] {dag.py:2968} INFO - Setting next_dagrun for example_complex to None, run_after=None
[2022-08-04 00:20:25,338] {processor.py:161} INFO - Processing /home/ndx/Innowise tasks/Innowise_task_5/airflow_env/lib/python3.8/site-packages/airflow/example_dags/example_complex.py took 0.047 seconds
[2022-08-04 00:20:58,257] {processor.py:153} INFO - Started process (PID=48040) to work on /home/ndx/Innowise tasks/Innowise_task_5/airflow_env/lib/python3.8/site-packages/airflow/example_dags/example_complex.py
[2022-08-04 00:20:58,263] {processor.py:641} INFO - Processing file /home/ndx/Innowise tasks/Innowise_task_5/airflow_env/lib/python3.8/site-packages/airflow/example_dags/example_complex.py for tasks to queue
[2022-08-04 00:20:58,264] {logging_mixin.py:115} INFO - [2022-08-04 00:20:58,263] {dagbag.py:508} INFO - Filling up the DagBag from /home/ndx/Innowise tasks/Innowise_task_5/airflow_env/lib/python3.8/site-packages/airflow/example_dags/example_complex.py
[2022-08-04 00:20:58,274] {processor.py:651} INFO - DAG(s) dict_keys(['example_complex']) retrieved from /home/ndx/Innowise tasks/Innowise_task_5/airflow_env/lib/python3.8/site-packages/airflow/example_dags/example_complex.py
[2022-08-04 00:20:58,289] {logging_mixin.py:115} INFO - [2022-08-04 00:20:58,289] {dag.py:2420} INFO - Sync 1 DAGs
[2022-08-04 00:20:58,307] {logging_mixin.py:115} INFO - [2022-08-04 00:20:58,307] {dag.py:2968} INFO - Setting next_dagrun for example_complex to None, run_after=None
[2022-08-04 00:20:58,320] {processor.py:161} INFO - Processing /home/ndx/Innowise tasks/Innowise_task_5/airflow_env/lib/python3.8/site-packages/airflow/example_dags/example_complex.py took 0.065 seconds
[2022-08-04 00:21:31,934] {processor.py:153} INFO - Started process (PID=48147) to work on /home/ndx/Innowise tasks/Innowise_task_5/airflow_env/lib/python3.8/site-packages/airflow/example_dags/example_complex.py
[2022-08-04 00:21:31,935] {processor.py:641} INFO - Processing file /home/ndx/Innowise tasks/Innowise_task_5/airflow_env/lib/python3.8/site-packages/airflow/example_dags/example_complex.py for tasks to queue
[2022-08-04 00:21:31,935] {logging_mixin.py:115} INFO - [2022-08-04 00:21:31,935] {dagbag.py:508} INFO - Filling up the DagBag from /home/ndx/Innowise tasks/Innowise_task_5/airflow_env/lib/python3.8/site-packages/airflow/example_dags/example_complex.py
[2022-08-04 00:21:31,941] {processor.py:651} INFO - DAG(s) dict_keys(['example_complex']) retrieved from /home/ndx/Innowise tasks/Innowise_task_5/airflow_env/lib/python3.8/site-packages/airflow/example_dags/example_complex.py
[2022-08-04 00:21:31,952] {logging_mixin.py:115} INFO - [2022-08-04 00:21:31,952] {dag.py:2420} INFO - Sync 1 DAGs
[2022-08-04 00:21:31,963] {logging_mixin.py:115} INFO - [2022-08-04 00:21:31,963] {dag.py:2968} INFO - Setting next_dagrun for example_complex to None, run_after=None
[2022-08-04 00:21:31,970] {processor.py:161} INFO - Processing /home/ndx/Innowise tasks/Innowise_task_5/airflow_env/lib/python3.8/site-packages/airflow/example_dags/example_complex.py took 0.037 seconds
[2022-08-04 00:22:06,580] {processor.py:153} INFO - Started process (PID=48197) to work on /home/ndx/Innowise tasks/Innowise_task_5/airflow_env/lib/python3.8/site-packages/airflow/example_dags/example_complex.py
[2022-08-04 00:22:06,585] {processor.py:641} INFO - Processing file /home/ndx/Innowise tasks/Innowise_task_5/airflow_env/lib/python3.8/site-packages/airflow/example_dags/example_complex.py for tasks to queue
[2022-08-04 00:22:06,585] {logging_mixin.py:115} INFO - [2022-08-04 00:22:06,585] {dagbag.py:508} INFO - Filling up the DagBag from /home/ndx/Innowise tasks/Innowise_task_5/airflow_env/lib/python3.8/site-packages/airflow/example_dags/example_complex.py
[2022-08-04 00:22:06,593] {processor.py:651} INFO - DAG(s) dict_keys(['example_complex']) retrieved from /home/ndx/Innowise tasks/Innowise_task_5/airflow_env/lib/python3.8/site-packages/airflow/example_dags/example_complex.py
[2022-08-04 00:22:06,605] {logging_mixin.py:115} INFO - [2022-08-04 00:22:06,605] {dag.py:2420} INFO - Sync 1 DAGs
[2022-08-04 00:22:06,618] {logging_mixin.py:115} INFO - [2022-08-04 00:22:06,618] {dag.py:2968} INFO - Setting next_dagrun for example_complex to None, run_after=None
[2022-08-04 00:22:06,625] {processor.py:161} INFO - Processing /home/ndx/Innowise tasks/Innowise_task_5/airflow_env/lib/python3.8/site-packages/airflow/example_dags/example_complex.py took 0.047 seconds
[2022-08-04 00:22:42,211] {processor.py:153} INFO - Started process (PID=48266) to work on /home/ndx/Innowise tasks/Innowise_task_5/airflow_env/lib/python3.8/site-packages/airflow/example_dags/example_complex.py
[2022-08-04 00:22:42,216] {processor.py:641} INFO - Processing file /home/ndx/Innowise tasks/Innowise_task_5/airflow_env/lib/python3.8/site-packages/airflow/example_dags/example_complex.py for tasks to queue
[2022-08-04 00:22:42,217] {logging_mixin.py:115} INFO - [2022-08-04 00:22:42,216] {dagbag.py:508} INFO - Filling up the DagBag from /home/ndx/Innowise tasks/Innowise_task_5/airflow_env/lib/python3.8/site-packages/airflow/example_dags/example_complex.py
[2022-08-04 00:22:42,224] {processor.py:651} INFO - DAG(s) dict_keys(['example_complex']) retrieved from /home/ndx/Innowise tasks/Innowise_task_5/airflow_env/lib/python3.8/site-packages/airflow/example_dags/example_complex.py
[2022-08-04 00:22:42,234] {logging_mixin.py:115} INFO - [2022-08-04 00:22:42,234] {dag.py:2420} INFO - Sync 1 DAGs
[2022-08-04 00:22:42,244] {logging_mixin.py:115} INFO - [2022-08-04 00:22:42,244] {dag.py:2968} INFO - Setting next_dagrun for example_complex to None, run_after=None
[2022-08-04 00:22:42,250] {processor.py:161} INFO - Processing /home/ndx/Innowise tasks/Innowise_task_5/airflow_env/lib/python3.8/site-packages/airflow/example_dags/example_complex.py took 0.041 seconds
[2022-08-04 00:23:17,233] {processor.py:153} INFO - Started process (PID=48320) to work on /home/ndx/Innowise tasks/Innowise_task_5/airflow_env/lib/python3.8/site-packages/airflow/example_dags/example_complex.py
[2022-08-04 00:23:17,239] {processor.py:641} INFO - Processing file /home/ndx/Innowise tasks/Innowise_task_5/airflow_env/lib/python3.8/site-packages/airflow/example_dags/example_complex.py for tasks to queue
[2022-08-04 00:23:17,239] {logging_mixin.py:115} INFO - [2022-08-04 00:23:17,239] {dagbag.py:508} INFO - Filling up the DagBag from /home/ndx/Innowise tasks/Innowise_task_5/airflow_env/lib/python3.8/site-packages/airflow/example_dags/example_complex.py
[2022-08-04 00:23:17,246] {processor.py:651} INFO - DAG(s) dict_keys(['example_complex']) retrieved from /home/ndx/Innowise tasks/Innowise_task_5/airflow_env/lib/python3.8/site-packages/airflow/example_dags/example_complex.py
[2022-08-04 00:23:17,256] {logging_mixin.py:115} INFO - [2022-08-04 00:23:17,256] {dag.py:2420} INFO - Sync 1 DAGs
[2022-08-04 00:23:17,267] {logging_mixin.py:115} INFO - [2022-08-04 00:23:17,267] {dag.py:2968} INFO - Setting next_dagrun for example_complex to None, run_after=None
[2022-08-04 00:23:17,274] {processor.py:161} INFO - Processing /home/ndx/Innowise tasks/Innowise_task_5/airflow_env/lib/python3.8/site-packages/airflow/example_dags/example_complex.py took 0.042 seconds
[2022-08-04 00:24:06,173] {processor.py:153} INFO - Started process (PID=48475) to work on /home/ndx/Innowise tasks/Innowise_task_5/airflow_env/lib/python3.8/site-packages/airflow/example_dags/example_complex.py
[2022-08-04 00:24:06,178] {processor.py:641} INFO - Processing file /home/ndx/Innowise tasks/Innowise_task_5/airflow_env/lib/python3.8/site-packages/airflow/example_dags/example_complex.py for tasks to queue
[2022-08-04 00:24:06,179] {logging_mixin.py:115} INFO - [2022-08-04 00:24:06,179] {dagbag.py:508} INFO - Filling up the DagBag from /home/ndx/Innowise tasks/Innowise_task_5/airflow_env/lib/python3.8/site-packages/airflow/example_dags/example_complex.py
[2022-08-04 00:24:06,186] {processor.py:651} INFO - DAG(s) dict_keys(['example_complex']) retrieved from /home/ndx/Innowise tasks/Innowise_task_5/airflow_env/lib/python3.8/site-packages/airflow/example_dags/example_complex.py
[2022-08-04 00:24:06,197] {logging_mixin.py:115} INFO - [2022-08-04 00:24:06,197] {dag.py:2420} INFO - Sync 1 DAGs
[2022-08-04 00:24:06,206] {logging_mixin.py:115} INFO - [2022-08-04 00:24:06,206] {dag.py:2968} INFO - Setting next_dagrun for example_complex to None, run_after=None
[2022-08-04 00:24:06,212] {processor.py:161} INFO - Processing /home/ndx/Innowise tasks/Innowise_task_5/airflow_env/lib/python3.8/site-packages/airflow/example_dags/example_complex.py took 0.041 seconds
