[2022-08-04 00:00:42,782] {processor.py:153} INFO - Started process (PID=44905) to work on /home/ndx/Innowise tasks/Innowise_task_5/airflow_env/lib/python3.8/site-packages/airflow/example_dags/example_short_circuit_operator.py
[2022-08-04 00:00:42,782] {processor.py:641} INFO - Processing file /home/ndx/Innowise tasks/Innowise_task_5/airflow_env/lib/python3.8/site-packages/airflow/example_dags/example_short_circuit_operator.py for tasks to queue
[2022-08-04 00:00:42,782] {logging_mixin.py:115} INFO - [2022-08-04 00:00:42,782] {dagbag.py:508} INFO - Filling up the DagBag from /home/ndx/Innowise tasks/Innowise_task_5/airflow_env/lib/python3.8/site-packages/airflow/example_dags/example_short_circuit_operator.py
[2022-08-04 00:00:42,787] {processor.py:651} INFO - DAG(s) dict_keys(['example_short_circuit_operator']) retrieved from /home/ndx/Innowise tasks/Innowise_task_5/airflow_env/lib/python3.8/site-packages/airflow/example_dags/example_short_circuit_operator.py
[2022-08-04 00:00:42,796] {logging_mixin.py:115} INFO - [2022-08-04 00:00:42,796] {dag.py:2420} INFO - Sync 1 DAGs
[2022-08-04 00:00:42,805] {logging_mixin.py:115} INFO - [2022-08-04 00:00:42,805] {dag.py:2968} INFO - Setting next_dagrun for example_short_circuit_operator to 2022-08-02T21:00:42.805011+00:00, run_after=2022-08-03T21:00:42.805011+00:00
[2022-08-04 00:00:42,817] {processor.py:161} INFO - Processing /home/ndx/Innowise tasks/Innowise_task_5/airflow_env/lib/python3.8/site-packages/airflow/example_dags/example_short_circuit_operator.py took 0.036 seconds
[2022-08-04 00:01:15,848] {processor.py:153} INFO - Started process (PID=45035) to work on /home/ndx/Innowise tasks/Innowise_task_5/airflow_env/lib/python3.8/site-packages/airflow/example_dags/example_short_circuit_operator.py
[2022-08-04 00:01:15,853] {processor.py:641} INFO - Processing file /home/ndx/Innowise tasks/Innowise_task_5/airflow_env/lib/python3.8/site-packages/airflow/example_dags/example_short_circuit_operator.py for tasks to queue
[2022-08-04 00:01:15,854] {logging_mixin.py:115} INFO - [2022-08-04 00:01:15,854] {dagbag.py:508} INFO - Filling up the DagBag from /home/ndx/Innowise tasks/Innowise_task_5/airflow_env/lib/python3.8/site-packages/airflow/example_dags/example_short_circuit_operator.py
[2022-08-04 00:01:15,859] {processor.py:651} INFO - DAG(s) dict_keys(['example_short_circuit_operator']) retrieved from /home/ndx/Innowise tasks/Innowise_task_5/airflow_env/lib/python3.8/site-packages/airflow/example_dags/example_short_circuit_operator.py
[2022-08-04 00:01:15,868] {logging_mixin.py:115} INFO - [2022-08-04 00:01:15,868] {dag.py:2420} INFO - Sync 1 DAGs
[2022-08-04 00:01:15,878] {logging_mixin.py:115} INFO - [2022-08-04 00:01:15,878] {dag.py:2968} INFO - Setting next_dagrun for example_short_circuit_operator to 2022-08-02T21:01:15.878282+00:00, run_after=2022-08-03T21:01:15.878282+00:00
[2022-08-04 00:01:15,885] {processor.py:161} INFO - Processing /home/ndx/Innowise tasks/Innowise_task_5/airflow_env/lib/python3.8/site-packages/airflow/example_dags/example_short_circuit_operator.py took 0.038 seconds
[2022-08-04 00:01:51,917] {processor.py:153} INFO - Started process (PID=45109) to work on /home/ndx/Innowise tasks/Innowise_task_5/airflow_env/lib/python3.8/site-packages/airflow/example_dags/example_short_circuit_operator.py
[2022-08-04 00:01:51,922] {processor.py:641} INFO - Processing file /home/ndx/Innowise tasks/Innowise_task_5/airflow_env/lib/python3.8/site-packages/airflow/example_dags/example_short_circuit_operator.py for tasks to queue
[2022-08-04 00:01:51,923] {logging_mixin.py:115} INFO - [2022-08-04 00:01:51,923] {dagbag.py:508} INFO - Filling up the DagBag from /home/ndx/Innowise tasks/Innowise_task_5/airflow_env/lib/python3.8/site-packages/airflow/example_dags/example_short_circuit_operator.py
[2022-08-04 00:01:51,928] {processor.py:651} INFO - DAG(s) dict_keys(['example_short_circuit_operator']) retrieved from /home/ndx/Innowise tasks/Innowise_task_5/airflow_env/lib/python3.8/site-packages/airflow/example_dags/example_short_circuit_operator.py
[2022-08-04 00:01:51,941] {logging_mixin.py:115} INFO - [2022-08-04 00:01:51,941] {dag.py:2420} INFO - Sync 1 DAGs
[2022-08-04 00:01:51,952] {logging_mixin.py:115} INFO - [2022-08-04 00:01:51,952] {dag.py:2968} INFO - Setting next_dagrun for example_short_circuit_operator to 2022-08-02T21:01:51.951842+00:00, run_after=2022-08-03T21:01:51.951842+00:00
[2022-08-04 00:01:51,959] {processor.py:161} INFO - Processing /home/ndx/Innowise tasks/Innowise_task_5/airflow_env/lib/python3.8/site-packages/airflow/example_dags/example_short_circuit_operator.py took 0.044 seconds
[2022-08-04 00:02:25,814] {processor.py:153} INFO - Started process (PID=45279) to work on /home/ndx/Innowise tasks/Innowise_task_5/airflow_env/lib/python3.8/site-packages/airflow/example_dags/example_short_circuit_operator.py
[2022-08-04 00:02:25,819] {processor.py:641} INFO - Processing file /home/ndx/Innowise tasks/Innowise_task_5/airflow_env/lib/python3.8/site-packages/airflow/example_dags/example_short_circuit_operator.py for tasks to queue
[2022-08-04 00:02:25,819] {logging_mixin.py:115} INFO - [2022-08-04 00:02:25,819] {dagbag.py:508} INFO - Filling up the DagBag from /home/ndx/Innowise tasks/Innowise_task_5/airflow_env/lib/python3.8/site-packages/airflow/example_dags/example_short_circuit_operator.py
[2022-08-04 00:02:25,825] {processor.py:651} INFO - DAG(s) dict_keys(['example_short_circuit_operator']) retrieved from /home/ndx/Innowise tasks/Innowise_task_5/airflow_env/lib/python3.8/site-packages/airflow/example_dags/example_short_circuit_operator.py
[2022-08-04 00:02:25,834] {logging_mixin.py:115} INFO - [2022-08-04 00:02:25,834] {dag.py:2420} INFO - Sync 1 DAGs
[2022-08-04 00:02:25,843] {logging_mixin.py:115} INFO - [2022-08-04 00:02:25,843] {dag.py:2968} INFO - Setting next_dagrun for example_short_circuit_operator to 2022-08-02T21:02:25.843126+00:00, run_after=2022-08-03T21:02:25.843126+00:00
[2022-08-04 00:02:25,849] {processor.py:161} INFO - Processing /home/ndx/Innowise tasks/Innowise_task_5/airflow_env/lib/python3.8/site-packages/airflow/example_dags/example_short_circuit_operator.py took 0.038 seconds
[2022-08-04 00:03:01,746] {processor.py:153} INFO - Started process (PID=45355) to work on /home/ndx/Innowise tasks/Innowise_task_5/airflow_env/lib/python3.8/site-packages/airflow/example_dags/example_short_circuit_operator.py
[2022-08-04 00:03:01,751] {processor.py:641} INFO - Processing file /home/ndx/Innowise tasks/Innowise_task_5/airflow_env/lib/python3.8/site-packages/airflow/example_dags/example_short_circuit_operator.py for tasks to queue
[2022-08-04 00:03:01,752] {logging_mixin.py:115} INFO - [2022-08-04 00:03:01,752] {dagbag.py:508} INFO - Filling up the DagBag from /home/ndx/Innowise tasks/Innowise_task_5/airflow_env/lib/python3.8/site-packages/airflow/example_dags/example_short_circuit_operator.py
[2022-08-04 00:03:01,758] {processor.py:651} INFO - DAG(s) dict_keys(['example_short_circuit_operator']) retrieved from /home/ndx/Innowise tasks/Innowise_task_5/airflow_env/lib/python3.8/site-packages/airflow/example_dags/example_short_circuit_operator.py
[2022-08-04 00:03:01,766] {logging_mixin.py:115} INFO - [2022-08-04 00:03:01,766] {dag.py:2420} INFO - Sync 1 DAGs
[2022-08-04 00:03:01,775] {logging_mixin.py:115} INFO - [2022-08-04 00:03:01,775] {dag.py:2968} INFO - Setting next_dagrun for example_short_circuit_operator to 2022-08-02T21:03:01.775346+00:00, run_after=2022-08-03T21:03:01.775346+00:00
[2022-08-04 00:03:01,782] {processor.py:161} INFO - Processing /home/ndx/Innowise tasks/Innowise_task_5/airflow_env/lib/python3.8/site-packages/airflow/example_dags/example_short_circuit_operator.py took 0.038 seconds
[2022-08-04 00:03:35,447] {processor.py:153} INFO - Started process (PID=45434) to work on /home/ndx/Innowise tasks/Innowise_task_5/airflow_env/lib/python3.8/site-packages/airflow/example_dags/example_short_circuit_operator.py
[2022-08-04 00:03:35,447] {processor.py:641} INFO - Processing file /home/ndx/Innowise tasks/Innowise_task_5/airflow_env/lib/python3.8/site-packages/airflow/example_dags/example_short_circuit_operator.py for tasks to queue
[2022-08-04 00:03:35,447] {logging_mixin.py:115} INFO - [2022-08-04 00:03:35,447] {dagbag.py:508} INFO - Filling up the DagBag from /home/ndx/Innowise tasks/Innowise_task_5/airflow_env/lib/python3.8/site-packages/airflow/example_dags/example_short_circuit_operator.py
[2022-08-04 00:03:35,452] {processor.py:651} INFO - DAG(s) dict_keys(['example_short_circuit_operator']) retrieved from /home/ndx/Innowise tasks/Innowise_task_5/airflow_env/lib/python3.8/site-packages/airflow/example_dags/example_short_circuit_operator.py
[2022-08-04 00:03:35,462] {logging_mixin.py:115} INFO - [2022-08-04 00:03:35,462] {dag.py:2420} INFO - Sync 1 DAGs
[2022-08-04 00:03:35,470] {logging_mixin.py:115} INFO - [2022-08-04 00:03:35,470] {dag.py:2968} INFO - Setting next_dagrun for example_short_circuit_operator to 2022-08-02T21:03:35.470537+00:00, run_after=2022-08-03T21:03:35.470537+00:00
[2022-08-04 00:03:35,477] {processor.py:161} INFO - Processing /home/ndx/Innowise tasks/Innowise_task_5/airflow_env/lib/python3.8/site-packages/airflow/example_dags/example_short_circuit_operator.py took 0.031 seconds
[2022-08-04 00:04:11,422] {processor.py:153} INFO - Started process (PID=45484) to work on /home/ndx/Innowise tasks/Innowise_task_5/airflow_env/lib/python3.8/site-packages/airflow/example_dags/example_short_circuit_operator.py
[2022-08-04 00:04:11,427] {processor.py:641} INFO - Processing file /home/ndx/Innowise tasks/Innowise_task_5/airflow_env/lib/python3.8/site-packages/airflow/example_dags/example_short_circuit_operator.py for tasks to queue
[2022-08-04 00:04:11,428] {logging_mixin.py:115} INFO - [2022-08-04 00:04:11,428] {dagbag.py:508} INFO - Filling up the DagBag from /home/ndx/Innowise tasks/Innowise_task_5/airflow_env/lib/python3.8/site-packages/airflow/example_dags/example_short_circuit_operator.py
[2022-08-04 00:04:11,433] {processor.py:651} INFO - DAG(s) dict_keys(['example_short_circuit_operator']) retrieved from /home/ndx/Innowise tasks/Innowise_task_5/airflow_env/lib/python3.8/site-packages/airflow/example_dags/example_short_circuit_operator.py
[2022-08-04 00:04:11,442] {logging_mixin.py:115} INFO - [2022-08-04 00:04:11,442] {dag.py:2420} INFO - Sync 1 DAGs
[2022-08-04 00:04:11,451] {logging_mixin.py:115} INFO - [2022-08-04 00:04:11,451] {dag.py:2968} INFO - Setting next_dagrun for example_short_circuit_operator to 2022-08-02T21:04:11.451414+00:00, run_after=2022-08-03T21:04:11.451414+00:00
[2022-08-04 00:04:11,457] {processor.py:161} INFO - Processing /home/ndx/Innowise tasks/Innowise_task_5/airflow_env/lib/python3.8/site-packages/airflow/example_dags/example_short_circuit_operator.py took 0.037 seconds
[2022-08-04 00:04:44,529] {processor.py:153} INFO - Started process (PID=45536) to work on /home/ndx/Innowise tasks/Innowise_task_5/airflow_env/lib/python3.8/site-packages/airflow/example_dags/example_short_circuit_operator.py
[2022-08-04 00:04:44,535] {processor.py:641} INFO - Processing file /home/ndx/Innowise tasks/Innowise_task_5/airflow_env/lib/python3.8/site-packages/airflow/example_dags/example_short_circuit_operator.py for tasks to queue
[2022-08-04 00:04:44,535] {logging_mixin.py:115} INFO - [2022-08-04 00:04:44,535] {dagbag.py:508} INFO - Filling up the DagBag from /home/ndx/Innowise tasks/Innowise_task_5/airflow_env/lib/python3.8/site-packages/airflow/example_dags/example_short_circuit_operator.py
[2022-08-04 00:04:44,541] {processor.py:651} INFO - DAG(s) dict_keys(['example_short_circuit_operator']) retrieved from /home/ndx/Innowise tasks/Innowise_task_5/airflow_env/lib/python3.8/site-packages/airflow/example_dags/example_short_circuit_operator.py
[2022-08-04 00:04:44,550] {logging_mixin.py:115} INFO - [2022-08-04 00:04:44,550] {dag.py:2420} INFO - Sync 1 DAGs
[2022-08-04 00:04:44,559] {logging_mixin.py:115} INFO - [2022-08-04 00:04:44,559] {dag.py:2968} INFO - Setting next_dagrun for example_short_circuit_operator to 2022-08-02T21:04:44.559294+00:00, run_after=2022-08-03T21:04:44.559294+00:00
[2022-08-04 00:04:44,565] {processor.py:161} INFO - Processing /home/ndx/Innowise tasks/Innowise_task_5/airflow_env/lib/python3.8/site-packages/airflow/example_dags/example_short_circuit_operator.py took 0.038 seconds
[2022-08-04 00:05:18,252] {processor.py:153} INFO - Started process (PID=45704) to work on /home/ndx/Innowise tasks/Innowise_task_5/airflow_env/lib/python3.8/site-packages/airflow/example_dags/example_short_circuit_operator.py
[2022-08-04 00:05:18,257] {processor.py:641} INFO - Processing file /home/ndx/Innowise tasks/Innowise_task_5/airflow_env/lib/python3.8/site-packages/airflow/example_dags/example_short_circuit_operator.py for tasks to queue
[2022-08-04 00:05:18,258] {logging_mixin.py:115} INFO - [2022-08-04 00:05:18,258] {dagbag.py:508} INFO - Filling up the DagBag from /home/ndx/Innowise tasks/Innowise_task_5/airflow_env/lib/python3.8/site-packages/airflow/example_dags/example_short_circuit_operator.py
[2022-08-04 00:05:18,263] {processor.py:651} INFO - DAG(s) dict_keys(['example_short_circuit_operator']) retrieved from /home/ndx/Innowise tasks/Innowise_task_5/airflow_env/lib/python3.8/site-packages/airflow/example_dags/example_short_circuit_operator.py
[2022-08-04 00:05:18,273] {logging_mixin.py:115} INFO - [2022-08-04 00:05:18,273] {dag.py:2420} INFO - Sync 1 DAGs
[2022-08-04 00:05:18,282] {logging_mixin.py:115} INFO - [2022-08-04 00:05:18,282] {dag.py:2968} INFO - Setting next_dagrun for example_short_circuit_operator to 2022-08-02T21:05:18.282142+00:00, run_after=2022-08-03T21:05:18.282142+00:00
[2022-08-04 00:05:18,289] {processor.py:161} INFO - Processing /home/ndx/Innowise tasks/Innowise_task_5/airflow_env/lib/python3.8/site-packages/airflow/example_dags/example_short_circuit_operator.py took 0.039 seconds
[2022-08-04 00:05:51,777] {processor.py:153} INFO - Started process (PID=45804) to work on /home/ndx/Innowise tasks/Innowise_task_5/airflow_env/lib/python3.8/site-packages/airflow/example_dags/example_short_circuit_operator.py
[2022-08-04 00:05:51,782] {processor.py:641} INFO - Processing file /home/ndx/Innowise tasks/Innowise_task_5/airflow_env/lib/python3.8/site-packages/airflow/example_dags/example_short_circuit_operator.py for tasks to queue
[2022-08-04 00:05:51,783] {logging_mixin.py:115} INFO - [2022-08-04 00:05:51,783] {dagbag.py:508} INFO - Filling up the DagBag from /home/ndx/Innowise tasks/Innowise_task_5/airflow_env/lib/python3.8/site-packages/airflow/example_dags/example_short_circuit_operator.py
[2022-08-04 00:05:51,788] {processor.py:651} INFO - DAG(s) dict_keys(['example_short_circuit_operator']) retrieved from /home/ndx/Innowise tasks/Innowise_task_5/airflow_env/lib/python3.8/site-packages/airflow/example_dags/example_short_circuit_operator.py
[2022-08-04 00:05:51,797] {logging_mixin.py:115} INFO - [2022-08-04 00:05:51,797] {dag.py:2420} INFO - Sync 1 DAGs
[2022-08-04 00:05:51,806] {logging_mixin.py:115} INFO - [2022-08-04 00:05:51,806] {dag.py:2968} INFO - Setting next_dagrun for example_short_circuit_operator to 2022-08-02T21:05:51.806173+00:00, run_after=2022-08-03T21:05:51.806173+00:00
[2022-08-04 00:05:51,814] {processor.py:161} INFO - Processing /home/ndx/Innowise tasks/Innowise_task_5/airflow_env/lib/python3.8/site-packages/airflow/example_dags/example_short_circuit_operator.py took 0.038 seconds
[2022-08-04 00:06:26,350] {processor.py:153} INFO - Started process (PID=45910) to work on /home/ndx/Innowise tasks/Innowise_task_5/airflow_env/lib/python3.8/site-packages/airflow/example_dags/example_short_circuit_operator.py
[2022-08-04 00:06:26,356] {processor.py:641} INFO - Processing file /home/ndx/Innowise tasks/Innowise_task_5/airflow_env/lib/python3.8/site-packages/airflow/example_dags/example_short_circuit_operator.py for tasks to queue
[2022-08-04 00:06:26,356] {logging_mixin.py:115} INFO - [2022-08-04 00:06:26,356] {dagbag.py:508} INFO - Filling up the DagBag from /home/ndx/Innowise tasks/Innowise_task_5/airflow_env/lib/python3.8/site-packages/airflow/example_dags/example_short_circuit_operator.py
[2022-08-04 00:06:26,362] {processor.py:651} INFO - DAG(s) dict_keys(['example_short_circuit_operator']) retrieved from /home/ndx/Innowise tasks/Innowise_task_5/airflow_env/lib/python3.8/site-packages/airflow/example_dags/example_short_circuit_operator.py
[2022-08-04 00:06:26,371] {logging_mixin.py:115} INFO - [2022-08-04 00:06:26,371] {dag.py:2420} INFO - Sync 1 DAGs
[2022-08-04 00:06:26,381] {logging_mixin.py:115} INFO - [2022-08-04 00:06:26,381] {dag.py:2968} INFO - Setting next_dagrun for example_short_circuit_operator to 2022-08-02T21:06:26.380905+00:00, run_after=2022-08-03T21:06:26.380905+00:00
[2022-08-04 00:06:26,389] {processor.py:161} INFO - Processing /home/ndx/Innowise tasks/Innowise_task_5/airflow_env/lib/python3.8/site-packages/airflow/example_dags/example_short_circuit_operator.py took 0.040 seconds
[2022-08-04 00:07:01,266] {processor.py:153} INFO - Started process (PID=45974) to work on /home/ndx/Innowise tasks/Innowise_task_5/airflow_env/lib/python3.8/site-packages/airflow/example_dags/example_short_circuit_operator.py
[2022-08-04 00:07:01,267] {processor.py:641} INFO - Processing file /home/ndx/Innowise tasks/Innowise_task_5/airflow_env/lib/python3.8/site-packages/airflow/example_dags/example_short_circuit_operator.py for tasks to queue
[2022-08-04 00:07:01,267] {logging_mixin.py:115} INFO - [2022-08-04 00:07:01,267] {dagbag.py:508} INFO - Filling up the DagBag from /home/ndx/Innowise tasks/Innowise_task_5/airflow_env/lib/python3.8/site-packages/airflow/example_dags/example_short_circuit_operator.py
[2022-08-04 00:07:01,272] {processor.py:651} INFO - DAG(s) dict_keys(['example_short_circuit_operator']) retrieved from /home/ndx/Innowise tasks/Innowise_task_5/airflow_env/lib/python3.8/site-packages/airflow/example_dags/example_short_circuit_operator.py
[2022-08-04 00:07:01,281] {logging_mixin.py:115} INFO - [2022-08-04 00:07:01,281] {dag.py:2420} INFO - Sync 1 DAGs
[2022-08-04 00:07:01,290] {logging_mixin.py:115} INFO - [2022-08-04 00:07:01,290] {dag.py:2968} INFO - Setting next_dagrun for example_short_circuit_operator to 2022-08-02T21:07:01.290375+00:00, run_after=2022-08-03T21:07:01.290375+00:00
[2022-08-04 00:07:01,299] {processor.py:161} INFO - Processing /home/ndx/Innowise tasks/Innowise_task_5/airflow_env/lib/python3.8/site-packages/airflow/example_dags/example_short_circuit_operator.py took 0.034 seconds
[2022-08-04 00:07:34,460] {processor.py:153} INFO - Started process (PID=46062) to work on /home/ndx/Innowise tasks/Innowise_task_5/airflow_env/lib/python3.8/site-packages/airflow/example_dags/example_short_circuit_operator.py
[2022-08-04 00:07:34,465] {processor.py:641} INFO - Processing file /home/ndx/Innowise tasks/Innowise_task_5/airflow_env/lib/python3.8/site-packages/airflow/example_dags/example_short_circuit_operator.py for tasks to queue
[2022-08-04 00:07:34,466] {logging_mixin.py:115} INFO - [2022-08-04 00:07:34,466] {dagbag.py:508} INFO - Filling up the DagBag from /home/ndx/Innowise tasks/Innowise_task_5/airflow_env/lib/python3.8/site-packages/airflow/example_dags/example_short_circuit_operator.py
[2022-08-04 00:07:34,472] {processor.py:651} INFO - DAG(s) dict_keys(['example_short_circuit_operator']) retrieved from /home/ndx/Innowise tasks/Innowise_task_5/airflow_env/lib/python3.8/site-packages/airflow/example_dags/example_short_circuit_operator.py
[2022-08-04 00:07:34,483] {logging_mixin.py:115} INFO - [2022-08-04 00:07:34,483] {dag.py:2420} INFO - Sync 1 DAGs
[2022-08-04 00:07:34,494] {logging_mixin.py:115} INFO - [2022-08-04 00:07:34,494] {dag.py:2968} INFO - Setting next_dagrun for example_short_circuit_operator to 2022-08-02T21:07:34.494002+00:00, run_after=2022-08-03T21:07:34.494002+00:00
[2022-08-04 00:07:34,504] {processor.py:161} INFO - Processing /home/ndx/Innowise tasks/Innowise_task_5/airflow_env/lib/python3.8/site-packages/airflow/example_dags/example_short_circuit_operator.py took 0.045 seconds
[2022-08-04 00:08:07,524] {processor.py:153} INFO - Started process (PID=46127) to work on /home/ndx/Innowise tasks/Innowise_task_5/airflow_env/lib/python3.8/site-packages/airflow/example_dags/example_short_circuit_operator.py
[2022-08-04 00:08:07,525] {processor.py:641} INFO - Processing file /home/ndx/Innowise tasks/Innowise_task_5/airflow_env/lib/python3.8/site-packages/airflow/example_dags/example_short_circuit_operator.py for tasks to queue
[2022-08-04 00:08:07,525] {logging_mixin.py:115} INFO - [2022-08-04 00:08:07,525] {dagbag.py:508} INFO - Filling up the DagBag from /home/ndx/Innowise tasks/Innowise_task_5/airflow_env/lib/python3.8/site-packages/airflow/example_dags/example_short_circuit_operator.py
[2022-08-04 00:08:07,530] {processor.py:651} INFO - DAG(s) dict_keys(['example_short_circuit_operator']) retrieved from /home/ndx/Innowise tasks/Innowise_task_5/airflow_env/lib/python3.8/site-packages/airflow/example_dags/example_short_circuit_operator.py
[2022-08-04 00:08:07,539] {logging_mixin.py:115} INFO - [2022-08-04 00:08:07,539] {dag.py:2420} INFO - Sync 1 DAGs
[2022-08-04 00:08:07,549] {logging_mixin.py:115} INFO - [2022-08-04 00:08:07,549] {dag.py:2968} INFO - Setting next_dagrun for example_short_circuit_operator to 2022-08-02T21:08:07.548835+00:00, run_after=2022-08-03T21:08:07.548835+00:00
[2022-08-04 00:08:07,557] {processor.py:161} INFO - Processing /home/ndx/Innowise tasks/Innowise_task_5/airflow_env/lib/python3.8/site-packages/airflow/example_dags/example_short_circuit_operator.py took 0.034 seconds
[2022-08-04 00:08:41,450] {processor.py:153} INFO - Started process (PID=46210) to work on /home/ndx/Innowise tasks/Innowise_task_5/airflow_env/lib/python3.8/site-packages/airflow/example_dags/example_short_circuit_operator.py
[2022-08-04 00:08:41,455] {processor.py:641} INFO - Processing file /home/ndx/Innowise tasks/Innowise_task_5/airflow_env/lib/python3.8/site-packages/airflow/example_dags/example_short_circuit_operator.py for tasks to queue
[2022-08-04 00:08:41,456] {logging_mixin.py:115} INFO - [2022-08-04 00:08:41,456] {dagbag.py:508} INFO - Filling up the DagBag from /home/ndx/Innowise tasks/Innowise_task_5/airflow_env/lib/python3.8/site-packages/airflow/example_dags/example_short_circuit_operator.py
[2022-08-04 00:08:41,461] {processor.py:651} INFO - DAG(s) dict_keys(['example_short_circuit_operator']) retrieved from /home/ndx/Innowise tasks/Innowise_task_5/airflow_env/lib/python3.8/site-packages/airflow/example_dags/example_short_circuit_operator.py
[2022-08-04 00:08:41,470] {logging_mixin.py:115} INFO - [2022-08-04 00:08:41,470] {dag.py:2420} INFO - Sync 1 DAGs
[2022-08-04 00:08:41,479] {logging_mixin.py:115} INFO - [2022-08-04 00:08:41,478] {dag.py:2968} INFO - Setting next_dagrun for example_short_circuit_operator to 2022-08-02T21:08:41.478827+00:00, run_after=2022-08-03T21:08:41.478827+00:00
[2022-08-04 00:08:41,487] {processor.py:161} INFO - Processing /home/ndx/Innowise tasks/Innowise_task_5/airflow_env/lib/python3.8/site-packages/airflow/example_dags/example_short_circuit_operator.py took 0.038 seconds
[2022-08-04 00:09:15,138] {processor.py:153} INFO - Started process (PID=46313) to work on /home/ndx/Innowise tasks/Innowise_task_5/airflow_env/lib/python3.8/site-packages/airflow/example_dags/example_short_circuit_operator.py
[2022-08-04 00:09:15,138] {processor.py:641} INFO - Processing file /home/ndx/Innowise tasks/Innowise_task_5/airflow_env/lib/python3.8/site-packages/airflow/example_dags/example_short_circuit_operator.py for tasks to queue
[2022-08-04 00:09:15,139] {logging_mixin.py:115} INFO - [2022-08-04 00:09:15,139] {dagbag.py:508} INFO - Filling up the DagBag from /home/ndx/Innowise tasks/Innowise_task_5/airflow_env/lib/python3.8/site-packages/airflow/example_dags/example_short_circuit_operator.py
[2022-08-04 00:09:15,148] {processor.py:651} INFO - DAG(s) dict_keys(['example_short_circuit_operator']) retrieved from /home/ndx/Innowise tasks/Innowise_task_5/airflow_env/lib/python3.8/site-packages/airflow/example_dags/example_short_circuit_operator.py
[2022-08-04 00:09:15,205] {logging_mixin.py:115} INFO - [2022-08-04 00:09:15,205] {dag.py:2420} INFO - Sync 1 DAGs
[2022-08-04 00:09:15,222] {logging_mixin.py:115} INFO - [2022-08-04 00:09:15,222] {dag.py:2968} INFO - Setting next_dagrun for example_short_circuit_operator to 2022-08-02T21:09:15.222401+00:00, run_after=2022-08-03T21:09:15.222401+00:00
[2022-08-04 00:09:15,238] {processor.py:161} INFO - Processing /home/ndx/Innowise tasks/Innowise_task_5/airflow_env/lib/python3.8/site-packages/airflow/example_dags/example_short_circuit_operator.py took 0.102 seconds
[2022-08-04 00:09:52,827] {processor.py:153} INFO - Started process (PID=46399) to work on /home/ndx/Innowise tasks/Innowise_task_5/airflow_env/lib/python3.8/site-packages/airflow/example_dags/example_short_circuit_operator.py
[2022-08-04 00:09:52,833] {processor.py:641} INFO - Processing file /home/ndx/Innowise tasks/Innowise_task_5/airflow_env/lib/python3.8/site-packages/airflow/example_dags/example_short_circuit_operator.py for tasks to queue
[2022-08-04 00:09:52,833] {logging_mixin.py:115} INFO - [2022-08-04 00:09:52,833] {dagbag.py:508} INFO - Filling up the DagBag from /home/ndx/Innowise tasks/Innowise_task_5/airflow_env/lib/python3.8/site-packages/airflow/example_dags/example_short_circuit_operator.py
[2022-08-04 00:09:52,839] {processor.py:651} INFO - DAG(s) dict_keys(['example_short_circuit_operator']) retrieved from /home/ndx/Innowise tasks/Innowise_task_5/airflow_env/lib/python3.8/site-packages/airflow/example_dags/example_short_circuit_operator.py
[2022-08-04 00:09:52,848] {logging_mixin.py:115} INFO - [2022-08-04 00:09:52,848] {dag.py:2420} INFO - Sync 1 DAGs
[2022-08-04 00:09:52,857] {logging_mixin.py:115} INFO - [2022-08-04 00:09:52,857] {dag.py:2968} INFO - Setting next_dagrun for example_short_circuit_operator to 2022-08-02T21:09:52.857578+00:00, run_after=2022-08-03T21:09:52.857578+00:00
[2022-08-04 00:09:52,865] {processor.py:161} INFO - Processing /home/ndx/Innowise tasks/Innowise_task_5/airflow_env/lib/python3.8/site-packages/airflow/example_dags/example_short_circuit_operator.py took 0.040 seconds
[2022-08-04 00:10:25,086] {processor.py:153} INFO - Started process (PID=46504) to work on /home/ndx/Innowise tasks/Innowise_task_5/airflow_env/lib/python3.8/site-packages/airflow/example_dags/example_short_circuit_operator.py
[2022-08-04 00:10:25,091] {processor.py:641} INFO - Processing file /home/ndx/Innowise tasks/Innowise_task_5/airflow_env/lib/python3.8/site-packages/airflow/example_dags/example_short_circuit_operator.py for tasks to queue
[2022-08-04 00:10:25,091] {logging_mixin.py:115} INFO - [2022-08-04 00:10:25,091] {dagbag.py:508} INFO - Filling up the DagBag from /home/ndx/Innowise tasks/Innowise_task_5/airflow_env/lib/python3.8/site-packages/airflow/example_dags/example_short_circuit_operator.py
[2022-08-04 00:10:25,097] {processor.py:651} INFO - DAG(s) dict_keys(['example_short_circuit_operator']) retrieved from /home/ndx/Innowise tasks/Innowise_task_5/airflow_env/lib/python3.8/site-packages/airflow/example_dags/example_short_circuit_operator.py
[2022-08-04 00:10:25,107] {logging_mixin.py:115} INFO - [2022-08-04 00:10:25,106] {dag.py:2420} INFO - Sync 1 DAGs
[2022-08-04 00:10:25,116] {logging_mixin.py:115} INFO - [2022-08-04 00:10:25,116] {dag.py:2968} INFO - Setting next_dagrun for example_short_circuit_operator to 2022-08-02T21:10:25.116260+00:00, run_after=2022-08-03T21:10:25.116260+00:00
[2022-08-04 00:10:25,125] {processor.py:161} INFO - Processing /home/ndx/Innowise tasks/Innowise_task_5/airflow_env/lib/python3.8/site-packages/airflow/example_dags/example_short_circuit_operator.py took 0.041 seconds
[2022-08-04 00:11:00,776] {processor.py:153} INFO - Started process (PID=46579) to work on /home/ndx/Innowise tasks/Innowise_task_5/airflow_env/lib/python3.8/site-packages/airflow/example_dags/example_short_circuit_operator.py
[2022-08-04 00:11:00,782] {processor.py:641} INFO - Processing file /home/ndx/Innowise tasks/Innowise_task_5/airflow_env/lib/python3.8/site-packages/airflow/example_dags/example_short_circuit_operator.py for tasks to queue
[2022-08-04 00:11:00,782] {logging_mixin.py:115} INFO - [2022-08-04 00:11:00,782] {dagbag.py:508} INFO - Filling up the DagBag from /home/ndx/Innowise tasks/Innowise_task_5/airflow_env/lib/python3.8/site-packages/airflow/example_dags/example_short_circuit_operator.py
[2022-08-04 00:11:00,788] {processor.py:651} INFO - DAG(s) dict_keys(['example_short_circuit_operator']) retrieved from /home/ndx/Innowise tasks/Innowise_task_5/airflow_env/lib/python3.8/site-packages/airflow/example_dags/example_short_circuit_operator.py
[2022-08-04 00:11:00,796] {logging_mixin.py:115} INFO - [2022-08-04 00:11:00,796] {dag.py:2420} INFO - Sync 1 DAGs
[2022-08-04 00:11:00,805] {logging_mixin.py:115} INFO - [2022-08-04 00:11:00,805] {dag.py:2968} INFO - Setting next_dagrun for example_short_circuit_operator to 2022-08-02T21:11:00.805171+00:00, run_after=2022-08-03T21:11:00.805171+00:00
[2022-08-04 00:11:00,812] {processor.py:161} INFO - Processing /home/ndx/Innowise tasks/Innowise_task_5/airflow_env/lib/python3.8/site-packages/airflow/example_dags/example_short_circuit_operator.py took 0.037 seconds
[2022-08-04 00:11:33,881] {processor.py:153} INFO - Started process (PID=46635) to work on /home/ndx/Innowise tasks/Innowise_task_5/airflow_env/lib/python3.8/site-packages/airflow/example_dags/example_short_circuit_operator.py
[2022-08-04 00:11:33,886] {processor.py:641} INFO - Processing file /home/ndx/Innowise tasks/Innowise_task_5/airflow_env/lib/python3.8/site-packages/airflow/example_dags/example_short_circuit_operator.py for tasks to queue
[2022-08-04 00:11:33,887] {logging_mixin.py:115} INFO - [2022-08-04 00:11:33,886] {dagbag.py:508} INFO - Filling up the DagBag from /home/ndx/Innowise tasks/Innowise_task_5/airflow_env/lib/python3.8/site-packages/airflow/example_dags/example_short_circuit_operator.py
[2022-08-04 00:11:33,892] {processor.py:651} INFO - DAG(s) dict_keys(['example_short_circuit_operator']) retrieved from /home/ndx/Innowise tasks/Innowise_task_5/airflow_env/lib/python3.8/site-packages/airflow/example_dags/example_short_circuit_operator.py
[2022-08-04 00:11:33,900] {logging_mixin.py:115} INFO - [2022-08-04 00:11:33,900] {dag.py:2420} INFO - Sync 1 DAGs
[2022-08-04 00:11:33,909] {logging_mixin.py:115} INFO - [2022-08-04 00:11:33,909] {dag.py:2968} INFO - Setting next_dagrun for example_short_circuit_operator to 2022-08-02T21:11:33.909199+00:00, run_after=2022-08-03T21:11:33.909199+00:00
[2022-08-04 00:11:33,919] {processor.py:161} INFO - Processing /home/ndx/Innowise tasks/Innowise_task_5/airflow_env/lib/python3.8/site-packages/airflow/example_dags/example_short_circuit_operator.py took 0.040 seconds
[2022-08-04 00:12:08,728] {processor.py:153} INFO - Started process (PID=46696) to work on /home/ndx/Innowise tasks/Innowise_task_5/airflow_env/lib/python3.8/site-packages/airflow/example_dags/example_short_circuit_operator.py
[2022-08-04 00:12:08,733] {processor.py:641} INFO - Processing file /home/ndx/Innowise tasks/Innowise_task_5/airflow_env/lib/python3.8/site-packages/airflow/example_dags/example_short_circuit_operator.py for tasks to queue
[2022-08-04 00:12:08,734] {logging_mixin.py:115} INFO - [2022-08-04 00:12:08,734] {dagbag.py:508} INFO - Filling up the DagBag from /home/ndx/Innowise tasks/Innowise_task_5/airflow_env/lib/python3.8/site-packages/airflow/example_dags/example_short_circuit_operator.py
[2022-08-04 00:12:08,740] {processor.py:651} INFO - DAG(s) dict_keys(['example_short_circuit_operator']) retrieved from /home/ndx/Innowise tasks/Innowise_task_5/airflow_env/lib/python3.8/site-packages/airflow/example_dags/example_short_circuit_operator.py
[2022-08-04 00:12:08,750] {logging_mixin.py:115} INFO - [2022-08-04 00:12:08,750] {dag.py:2420} INFO - Sync 1 DAGs
[2022-08-04 00:12:08,761] {logging_mixin.py:115} INFO - [2022-08-04 00:12:08,760] {dag.py:2968} INFO - Setting next_dagrun for example_short_circuit_operator to 2022-08-02T21:12:08.760748+00:00, run_after=2022-08-03T21:12:08.760748+00:00
[2022-08-04 00:12:08,769] {processor.py:161} INFO - Processing /home/ndx/Innowise tasks/Innowise_task_5/airflow_env/lib/python3.8/site-packages/airflow/example_dags/example_short_circuit_operator.py took 0.043 seconds
[2022-08-04 00:12:41,588] {processor.py:153} INFO - Started process (PID=46761) to work on /home/ndx/Innowise tasks/Innowise_task_5/airflow_env/lib/python3.8/site-packages/airflow/example_dags/example_short_circuit_operator.py
[2022-08-04 00:12:41,593] {processor.py:641} INFO - Processing file /home/ndx/Innowise tasks/Innowise_task_5/airflow_env/lib/python3.8/site-packages/airflow/example_dags/example_short_circuit_operator.py for tasks to queue
[2022-08-04 00:12:41,593] {logging_mixin.py:115} INFO - [2022-08-04 00:12:41,593] {dagbag.py:508} INFO - Filling up the DagBag from /home/ndx/Innowise tasks/Innowise_task_5/airflow_env/lib/python3.8/site-packages/airflow/example_dags/example_short_circuit_operator.py
[2022-08-04 00:12:41,599] {processor.py:651} INFO - DAG(s) dict_keys(['example_short_circuit_operator']) retrieved from /home/ndx/Innowise tasks/Innowise_task_5/airflow_env/lib/python3.8/site-packages/airflow/example_dags/example_short_circuit_operator.py
[2022-08-04 00:12:41,608] {logging_mixin.py:115} INFO - [2022-08-04 00:12:41,608] {dag.py:2420} INFO - Sync 1 DAGs
[2022-08-04 00:12:41,617] {logging_mixin.py:115} INFO - [2022-08-04 00:12:41,617] {dag.py:2968} INFO - Setting next_dagrun for example_short_circuit_operator to 2022-08-02T21:12:41.617655+00:00, run_after=2022-08-03T21:12:41.617655+00:00
[2022-08-04 00:12:41,626] {processor.py:161} INFO - Processing /home/ndx/Innowise tasks/Innowise_task_5/airflow_env/lib/python3.8/site-packages/airflow/example_dags/example_short_circuit_operator.py took 0.041 seconds
[2022-08-04 00:13:16,390] {processor.py:153} INFO - Started process (PID=46834) to work on /home/ndx/Innowise tasks/Innowise_task_5/airflow_env/lib/python3.8/site-packages/airflow/example_dags/example_short_circuit_operator.py
[2022-08-04 00:13:16,395] {processor.py:641} INFO - Processing file /home/ndx/Innowise tasks/Innowise_task_5/airflow_env/lib/python3.8/site-packages/airflow/example_dags/example_short_circuit_operator.py for tasks to queue
[2022-08-04 00:13:16,396] {logging_mixin.py:115} INFO - [2022-08-04 00:13:16,396] {dagbag.py:508} INFO - Filling up the DagBag from /home/ndx/Innowise tasks/Innowise_task_5/airflow_env/lib/python3.8/site-packages/airflow/example_dags/example_short_circuit_operator.py
[2022-08-04 00:13:16,402] {processor.py:651} INFO - DAG(s) dict_keys(['example_short_circuit_operator']) retrieved from /home/ndx/Innowise tasks/Innowise_task_5/airflow_env/lib/python3.8/site-packages/airflow/example_dags/example_short_circuit_operator.py
[2022-08-04 00:13:16,411] {logging_mixin.py:115} INFO - [2022-08-04 00:13:16,411] {dag.py:2420} INFO - Sync 1 DAGs
[2022-08-04 00:13:16,420] {logging_mixin.py:115} INFO - [2022-08-04 00:13:16,420] {dag.py:2968} INFO - Setting next_dagrun for example_short_circuit_operator to 2022-08-02T21:13:16.420172+00:00, run_after=2022-08-03T21:13:16.420172+00:00
[2022-08-04 00:13:16,430] {processor.py:161} INFO - Processing /home/ndx/Innowise tasks/Innowise_task_5/airflow_env/lib/python3.8/site-packages/airflow/example_dags/example_short_circuit_operator.py took 0.042 seconds
[2022-08-04 00:13:50,356] {processor.py:153} INFO - Started process (PID=46933) to work on /home/ndx/Innowise tasks/Innowise_task_5/airflow_env/lib/python3.8/site-packages/airflow/example_dags/example_short_circuit_operator.py
[2022-08-04 00:13:50,362] {processor.py:641} INFO - Processing file /home/ndx/Innowise tasks/Innowise_task_5/airflow_env/lib/python3.8/site-packages/airflow/example_dags/example_short_circuit_operator.py for tasks to queue
[2022-08-04 00:13:50,362] {logging_mixin.py:115} INFO - [2022-08-04 00:13:50,362] {dagbag.py:508} INFO - Filling up the DagBag from /home/ndx/Innowise tasks/Innowise_task_5/airflow_env/lib/python3.8/site-packages/airflow/example_dags/example_short_circuit_operator.py
[2022-08-04 00:13:50,368] {processor.py:651} INFO - DAG(s) dict_keys(['example_short_circuit_operator']) retrieved from /home/ndx/Innowise tasks/Innowise_task_5/airflow_env/lib/python3.8/site-packages/airflow/example_dags/example_short_circuit_operator.py
[2022-08-04 00:13:50,377] {logging_mixin.py:115} INFO - [2022-08-04 00:13:50,377] {dag.py:2420} INFO - Sync 1 DAGs
[2022-08-04 00:13:50,386] {logging_mixin.py:115} INFO - [2022-08-04 00:13:50,386] {dag.py:2968} INFO - Setting next_dagrun for example_short_circuit_operator to 2022-08-02T21:13:50.386308+00:00, run_after=2022-08-03T21:13:50.386308+00:00
[2022-08-04 00:13:50,394] {processor.py:161} INFO - Processing /home/ndx/Innowise tasks/Innowise_task_5/airflow_env/lib/python3.8/site-packages/airflow/example_dags/example_short_circuit_operator.py took 0.039 seconds
[2022-08-04 00:14:24,032] {processor.py:153} INFO - Started process (PID=47044) to work on /home/ndx/Innowise tasks/Innowise_task_5/airflow_env/lib/python3.8/site-packages/airflow/example_dags/example_short_circuit_operator.py
[2022-08-04 00:14:24,037] {processor.py:641} INFO - Processing file /home/ndx/Innowise tasks/Innowise_task_5/airflow_env/lib/python3.8/site-packages/airflow/example_dags/example_short_circuit_operator.py for tasks to queue
[2022-08-04 00:14:24,038] {logging_mixin.py:115} INFO - [2022-08-04 00:14:24,038] {dagbag.py:508} INFO - Filling up the DagBag from /home/ndx/Innowise tasks/Innowise_task_5/airflow_env/lib/python3.8/site-packages/airflow/example_dags/example_short_circuit_operator.py
[2022-08-04 00:14:24,043] {processor.py:651} INFO - DAG(s) dict_keys(['example_short_circuit_operator']) retrieved from /home/ndx/Innowise tasks/Innowise_task_5/airflow_env/lib/python3.8/site-packages/airflow/example_dags/example_short_circuit_operator.py
[2022-08-04 00:14:24,052] {logging_mixin.py:115} INFO - [2022-08-04 00:14:24,052] {dag.py:2420} INFO - Sync 1 DAGs
[2022-08-04 00:14:24,061] {logging_mixin.py:115} INFO - [2022-08-04 00:14:24,061] {dag.py:2968} INFO - Setting next_dagrun for example_short_circuit_operator to 2022-08-02T21:14:24.060993+00:00, run_after=2022-08-03T21:14:24.060993+00:00
[2022-08-04 00:14:24,069] {processor.py:161} INFO - Processing /home/ndx/Innowise tasks/Innowise_task_5/airflow_env/lib/python3.8/site-packages/airflow/example_dags/example_short_circuit_operator.py took 0.039 seconds
[2022-08-04 00:14:58,017] {processor.py:153} INFO - Started process (PID=47134) to work on /home/ndx/Innowise tasks/Innowise_task_5/airflow_env/lib/python3.8/site-packages/airflow/example_dags/example_short_circuit_operator.py
[2022-08-04 00:14:58,022] {processor.py:641} INFO - Processing file /home/ndx/Innowise tasks/Innowise_task_5/airflow_env/lib/python3.8/site-packages/airflow/example_dags/example_short_circuit_operator.py for tasks to queue
[2022-08-04 00:14:58,022] {logging_mixin.py:115} INFO - [2022-08-04 00:14:58,022] {dagbag.py:508} INFO - Filling up the DagBag from /home/ndx/Innowise tasks/Innowise_task_5/airflow_env/lib/python3.8/site-packages/airflow/example_dags/example_short_circuit_operator.py
[2022-08-04 00:14:58,028] {processor.py:651} INFO - DAG(s) dict_keys(['example_short_circuit_operator']) retrieved from /home/ndx/Innowise tasks/Innowise_task_5/airflow_env/lib/python3.8/site-packages/airflow/example_dags/example_short_circuit_operator.py
[2022-08-04 00:14:58,038] {logging_mixin.py:115} INFO - [2022-08-04 00:14:58,038] {dag.py:2420} INFO - Sync 1 DAGs
[2022-08-04 00:14:58,049] {logging_mixin.py:115} INFO - [2022-08-04 00:14:58,049] {dag.py:2968} INFO - Setting next_dagrun for example_short_circuit_operator to 2022-08-02T21:14:58.048915+00:00, run_after=2022-08-03T21:14:58.048915+00:00
[2022-08-04 00:14:58,058] {processor.py:161} INFO - Processing /home/ndx/Innowise tasks/Innowise_task_5/airflow_env/lib/python3.8/site-packages/airflow/example_dags/example_short_circuit_operator.py took 0.044 seconds
[2022-08-04 00:15:35,966] {processor.py:153} INFO - Started process (PID=47235) to work on /home/ndx/Innowise tasks/Innowise_task_5/airflow_env/lib/python3.8/site-packages/airflow/example_dags/example_short_circuit_operator.py
[2022-08-04 00:15:35,972] {processor.py:641} INFO - Processing file /home/ndx/Innowise tasks/Innowise_task_5/airflow_env/lib/python3.8/site-packages/airflow/example_dags/example_short_circuit_operator.py for tasks to queue
[2022-08-04 00:15:35,972] {logging_mixin.py:115} INFO - [2022-08-04 00:15:35,972] {dagbag.py:508} INFO - Filling up the DagBag from /home/ndx/Innowise tasks/Innowise_task_5/airflow_env/lib/python3.8/site-packages/airflow/example_dags/example_short_circuit_operator.py
[2022-08-04 00:15:35,978] {processor.py:651} INFO - DAG(s) dict_keys(['example_short_circuit_operator']) retrieved from /home/ndx/Innowise tasks/Innowise_task_5/airflow_env/lib/python3.8/site-packages/airflow/example_dags/example_short_circuit_operator.py
[2022-08-04 00:15:35,987] {logging_mixin.py:115} INFO - [2022-08-04 00:15:35,987] {dag.py:2420} INFO - Sync 1 DAGs
[2022-08-04 00:15:35,997] {logging_mixin.py:115} INFO - [2022-08-04 00:15:35,997] {dag.py:2968} INFO - Setting next_dagrun for example_short_circuit_operator to 2022-08-02T21:15:35.997426+00:00, run_after=2022-08-03T21:15:35.997426+00:00
[2022-08-04 00:15:36,004] {processor.py:161} INFO - Processing /home/ndx/Innowise tasks/Innowise_task_5/airflow_env/lib/python3.8/site-packages/airflow/example_dags/example_short_circuit_operator.py took 0.039 seconds
[2022-08-04 00:16:10,928] {processor.py:153} INFO - Started process (PID=47295) to work on /home/ndx/Innowise tasks/Innowise_task_5/airflow_env/lib/python3.8/site-packages/airflow/example_dags/example_short_circuit_operator.py
[2022-08-04 00:16:10,934] {processor.py:641} INFO - Processing file /home/ndx/Innowise tasks/Innowise_task_5/airflow_env/lib/python3.8/site-packages/airflow/example_dags/example_short_circuit_operator.py for tasks to queue
[2022-08-04 00:16:10,935] {logging_mixin.py:115} INFO - [2022-08-04 00:16:10,934] {dagbag.py:508} INFO - Filling up the DagBag from /home/ndx/Innowise tasks/Innowise_task_5/airflow_env/lib/python3.8/site-packages/airflow/example_dags/example_short_circuit_operator.py
[2022-08-04 00:16:10,941] {processor.py:651} INFO - DAG(s) dict_keys(['example_short_circuit_operator']) retrieved from /home/ndx/Innowise tasks/Innowise_task_5/airflow_env/lib/python3.8/site-packages/airflow/example_dags/example_short_circuit_operator.py
[2022-08-04 00:16:10,952] {logging_mixin.py:115} INFO - [2022-08-04 00:16:10,952] {dag.py:2420} INFO - Sync 1 DAGs
[2022-08-04 00:16:10,963] {logging_mixin.py:115} INFO - [2022-08-04 00:16:10,963] {dag.py:2968} INFO - Setting next_dagrun for example_short_circuit_operator to 2022-08-02T21:16:10.962985+00:00, run_after=2022-08-03T21:16:10.962985+00:00
[2022-08-04 00:16:10,969] {processor.py:161} INFO - Processing /home/ndx/Innowise tasks/Innowise_task_5/airflow_env/lib/python3.8/site-packages/airflow/example_dags/example_short_circuit_operator.py took 0.042 seconds
[2022-08-04 00:16:44,046] {processor.py:153} INFO - Started process (PID=47371) to work on /home/ndx/Innowise tasks/Innowise_task_5/airflow_env/lib/python3.8/site-packages/airflow/example_dags/example_short_circuit_operator.py
[2022-08-04 00:16:44,051] {processor.py:641} INFO - Processing file /home/ndx/Innowise tasks/Innowise_task_5/airflow_env/lib/python3.8/site-packages/airflow/example_dags/example_short_circuit_operator.py for tasks to queue
[2022-08-04 00:16:44,052] {logging_mixin.py:115} INFO - [2022-08-04 00:16:44,052] {dagbag.py:508} INFO - Filling up the DagBag from /home/ndx/Innowise tasks/Innowise_task_5/airflow_env/lib/python3.8/site-packages/airflow/example_dags/example_short_circuit_operator.py
[2022-08-04 00:16:44,057] {processor.py:651} INFO - DAG(s) dict_keys(['example_short_circuit_operator']) retrieved from /home/ndx/Innowise tasks/Innowise_task_5/airflow_env/lib/python3.8/site-packages/airflow/example_dags/example_short_circuit_operator.py
[2022-08-04 00:16:44,066] {logging_mixin.py:115} INFO - [2022-08-04 00:16:44,066] {dag.py:2420} INFO - Sync 1 DAGs
[2022-08-04 00:16:44,077] {logging_mixin.py:115} INFO - [2022-08-04 00:16:44,077] {dag.py:2968} INFO - Setting next_dagrun for example_short_circuit_operator to 2022-08-02T21:16:44.076872+00:00, run_after=2022-08-03T21:16:44.076872+00:00
[2022-08-04 00:16:44,086] {processor.py:161} INFO - Processing /home/ndx/Innowise tasks/Innowise_task_5/airflow_env/lib/python3.8/site-packages/airflow/example_dags/example_short_circuit_operator.py took 0.042 seconds
[2022-08-04 00:17:19,655] {processor.py:153} INFO - Started process (PID=47474) to work on /home/ndx/Innowise tasks/Innowise_task_5/airflow_env/lib/python3.8/site-packages/airflow/example_dags/example_short_circuit_operator.py
[2022-08-04 00:17:19,660] {processor.py:641} INFO - Processing file /home/ndx/Innowise tasks/Innowise_task_5/airflow_env/lib/python3.8/site-packages/airflow/example_dags/example_short_circuit_operator.py for tasks to queue
[2022-08-04 00:17:19,661] {logging_mixin.py:115} INFO - [2022-08-04 00:17:19,661] {dagbag.py:508} INFO - Filling up the DagBag from /home/ndx/Innowise tasks/Innowise_task_5/airflow_env/lib/python3.8/site-packages/airflow/example_dags/example_short_circuit_operator.py
[2022-08-04 00:17:19,666] {processor.py:651} INFO - DAG(s) dict_keys(['example_short_circuit_operator']) retrieved from /home/ndx/Innowise tasks/Innowise_task_5/airflow_env/lib/python3.8/site-packages/airflow/example_dags/example_short_circuit_operator.py
[2022-08-04 00:17:19,678] {logging_mixin.py:115} INFO - [2022-08-04 00:17:19,678] {dag.py:2420} INFO - Sync 1 DAGs
[2022-08-04 00:17:19,690] {logging_mixin.py:115} INFO - [2022-08-04 00:17:19,690] {dag.py:2968} INFO - Setting next_dagrun for example_short_circuit_operator to 2022-08-02T21:17:19.690652+00:00, run_after=2022-08-03T21:17:19.690652+00:00
[2022-08-04 00:17:19,698] {processor.py:161} INFO - Processing /home/ndx/Innowise tasks/Innowise_task_5/airflow_env/lib/python3.8/site-packages/airflow/example_dags/example_short_circuit_operator.py took 0.044 seconds
[2022-08-04 00:17:59,611] {processor.py:153} INFO - Started process (PID=47560) to work on /home/ndx/Innowise tasks/Innowise_task_5/airflow_env/lib/python3.8/site-packages/airflow/example_dags/example_short_circuit_operator.py
[2022-08-04 00:17:59,617] {processor.py:641} INFO - Processing file /home/ndx/Innowise tasks/Innowise_task_5/airflow_env/lib/python3.8/site-packages/airflow/example_dags/example_short_circuit_operator.py for tasks to queue
[2022-08-04 00:17:59,617] {logging_mixin.py:115} INFO - [2022-08-04 00:17:59,617] {dagbag.py:508} INFO - Filling up the DagBag from /home/ndx/Innowise tasks/Innowise_task_5/airflow_env/lib/python3.8/site-packages/airflow/example_dags/example_short_circuit_operator.py
[2022-08-04 00:17:59,623] {processor.py:651} INFO - DAG(s) dict_keys(['example_short_circuit_operator']) retrieved from /home/ndx/Innowise tasks/Innowise_task_5/airflow_env/lib/python3.8/site-packages/airflow/example_dags/example_short_circuit_operator.py
[2022-08-04 00:17:59,632] {logging_mixin.py:115} INFO - [2022-08-04 00:17:59,632] {dag.py:2420} INFO - Sync 1 DAGs
[2022-08-04 00:17:59,642] {logging_mixin.py:115} INFO - [2022-08-04 00:17:59,642] {dag.py:2968} INFO - Setting next_dagrun for example_short_circuit_operator to 2022-08-02T21:17:59.642686+00:00, run_after=2022-08-03T21:17:59.642686+00:00
[2022-08-04 00:17:59,649] {processor.py:161} INFO - Processing /home/ndx/Innowise tasks/Innowise_task_5/airflow_env/lib/python3.8/site-packages/airflow/example_dags/example_short_circuit_operator.py took 0.039 seconds
[2022-08-04 00:18:32,330] {processor.py:153} INFO - Started process (PID=47600) to work on /home/ndx/Innowise tasks/Innowise_task_5/airflow_env/lib/python3.8/site-packages/airflow/example_dags/example_short_circuit_operator.py
[2022-08-04 00:18:32,335] {processor.py:641} INFO - Processing file /home/ndx/Innowise tasks/Innowise_task_5/airflow_env/lib/python3.8/site-packages/airflow/example_dags/example_short_circuit_operator.py for tasks to queue
[2022-08-04 00:18:32,336] {logging_mixin.py:115} INFO - [2022-08-04 00:18:32,336] {dagbag.py:508} INFO - Filling up the DagBag from /home/ndx/Innowise tasks/Innowise_task_5/airflow_env/lib/python3.8/site-packages/airflow/example_dags/example_short_circuit_operator.py
[2022-08-04 00:18:32,341] {processor.py:651} INFO - DAG(s) dict_keys(['example_short_circuit_operator']) retrieved from /home/ndx/Innowise tasks/Innowise_task_5/airflow_env/lib/python3.8/site-packages/airflow/example_dags/example_short_circuit_operator.py
[2022-08-04 00:18:32,350] {logging_mixin.py:115} INFO - [2022-08-04 00:18:32,350] {dag.py:2420} INFO - Sync 1 DAGs
[2022-08-04 00:18:32,360] {logging_mixin.py:115} INFO - [2022-08-04 00:18:32,360] {dag.py:2968} INFO - Setting next_dagrun for example_short_circuit_operator to 2022-08-02T21:18:32.360362+00:00, run_after=2022-08-03T21:18:32.360362+00:00
[2022-08-04 00:18:32,366] {processor.py:161} INFO - Processing /home/ndx/Innowise tasks/Innowise_task_5/airflow_env/lib/python3.8/site-packages/airflow/example_dags/example_short_circuit_operator.py took 0.038 seconds
[2022-08-04 00:19:08,276] {processor.py:153} INFO - Started process (PID=47760) to work on /home/ndx/Innowise tasks/Innowise_task_5/airflow_env/lib/python3.8/site-packages/airflow/example_dags/example_short_circuit_operator.py
[2022-08-04 00:19:08,281] {processor.py:641} INFO - Processing file /home/ndx/Innowise tasks/Innowise_task_5/airflow_env/lib/python3.8/site-packages/airflow/example_dags/example_short_circuit_operator.py for tasks to queue
[2022-08-04 00:19:08,282] {logging_mixin.py:115} INFO - [2022-08-04 00:19:08,282] {dagbag.py:508} INFO - Filling up the DagBag from /home/ndx/Innowise tasks/Innowise_task_5/airflow_env/lib/python3.8/site-packages/airflow/example_dags/example_short_circuit_operator.py
[2022-08-04 00:19:08,287] {processor.py:651} INFO - DAG(s) dict_keys(['example_short_circuit_operator']) retrieved from /home/ndx/Innowise tasks/Innowise_task_5/airflow_env/lib/python3.8/site-packages/airflow/example_dags/example_short_circuit_operator.py
[2022-08-04 00:19:08,299] {logging_mixin.py:115} INFO - [2022-08-04 00:19:08,299] {dag.py:2420} INFO - Sync 1 DAGs
[2022-08-04 00:19:08,310] {logging_mixin.py:115} INFO - [2022-08-04 00:19:08,310] {dag.py:2968} INFO - Setting next_dagrun for example_short_circuit_operator to 2022-08-02T21:19:08.310211+00:00, run_after=2022-08-03T21:19:08.310211+00:00
[2022-08-04 00:19:08,317] {processor.py:161} INFO - Processing /home/ndx/Innowise tasks/Innowise_task_5/airflow_env/lib/python3.8/site-packages/airflow/example_dags/example_short_circuit_operator.py took 0.042 seconds
[2022-08-04 00:19:42,464] {processor.py:153} INFO - Started process (PID=47860) to work on /home/ndx/Innowise tasks/Innowise_task_5/airflow_env/lib/python3.8/site-packages/airflow/example_dags/example_short_circuit_operator.py
[2022-08-04 00:19:42,470] {processor.py:641} INFO - Processing file /home/ndx/Innowise tasks/Innowise_task_5/airflow_env/lib/python3.8/site-packages/airflow/example_dags/example_short_circuit_operator.py for tasks to queue
[2022-08-04 00:19:42,470] {logging_mixin.py:115} INFO - [2022-08-04 00:19:42,470] {dagbag.py:508} INFO - Filling up the DagBag from /home/ndx/Innowise tasks/Innowise_task_5/airflow_env/lib/python3.8/site-packages/airflow/example_dags/example_short_circuit_operator.py
[2022-08-04 00:19:42,476] {processor.py:651} INFO - DAG(s) dict_keys(['example_short_circuit_operator']) retrieved from /home/ndx/Innowise tasks/Innowise_task_5/airflow_env/lib/python3.8/site-packages/airflow/example_dags/example_short_circuit_operator.py
[2022-08-04 00:19:42,485] {logging_mixin.py:115} INFO - [2022-08-04 00:19:42,485] {dag.py:2420} INFO - Sync 1 DAGs
[2022-08-04 00:19:42,495] {logging_mixin.py:115} INFO - [2022-08-04 00:19:42,495] {dag.py:2968} INFO - Setting next_dagrun for example_short_circuit_operator to 2022-08-02T21:19:42.495372+00:00, run_after=2022-08-03T21:19:42.495372+00:00
[2022-08-04 00:19:42,501] {processor.py:161} INFO - Processing /home/ndx/Innowise tasks/Innowise_task_5/airflow_env/lib/python3.8/site-packages/airflow/example_dags/example_short_circuit_operator.py took 0.039 seconds
[2022-08-04 00:20:15,790] {processor.py:153} INFO - Started process (PID=47961) to work on /home/ndx/Innowise tasks/Innowise_task_5/airflow_env/lib/python3.8/site-packages/airflow/example_dags/example_short_circuit_operator.py
[2022-08-04 00:20:15,795] {processor.py:641} INFO - Processing file /home/ndx/Innowise tasks/Innowise_task_5/airflow_env/lib/python3.8/site-packages/airflow/example_dags/example_short_circuit_operator.py for tasks to queue
[2022-08-04 00:20:15,795] {logging_mixin.py:115} INFO - [2022-08-04 00:20:15,795] {dagbag.py:508} INFO - Filling up the DagBag from /home/ndx/Innowise tasks/Innowise_task_5/airflow_env/lib/python3.8/site-packages/airflow/example_dags/example_short_circuit_operator.py
[2022-08-04 00:20:15,799] {processor.py:651} INFO - DAG(s) dict_keys(['example_short_circuit_operator']) retrieved from /home/ndx/Innowise tasks/Innowise_task_5/airflow_env/lib/python3.8/site-packages/airflow/example_dags/example_short_circuit_operator.py
[2022-08-04 00:20:15,807] {logging_mixin.py:115} INFO - [2022-08-04 00:20:15,806] {dag.py:2420} INFO - Sync 1 DAGs
[2022-08-04 00:20:15,816] {logging_mixin.py:115} INFO - [2022-08-04 00:20:15,815] {dag.py:2968} INFO - Setting next_dagrun for example_short_circuit_operator to 2022-08-02T21:20:15.815838+00:00, run_after=2022-08-03T21:20:15.815838+00:00
[2022-08-04 00:20:15,822] {processor.py:161} INFO - Processing /home/ndx/Innowise tasks/Innowise_task_5/airflow_env/lib/python3.8/site-packages/airflow/example_dags/example_short_circuit_operator.py took 0.034 seconds
[2022-08-04 00:20:49,440] {processor.py:153} INFO - Started process (PID=48022) to work on /home/ndx/Innowise tasks/Innowise_task_5/airflow_env/lib/python3.8/site-packages/airflow/example_dags/example_short_circuit_operator.py
[2022-08-04 00:20:49,446] {processor.py:641} INFO - Processing file /home/ndx/Innowise tasks/Innowise_task_5/airflow_env/lib/python3.8/site-packages/airflow/example_dags/example_short_circuit_operator.py for tasks to queue
[2022-08-04 00:20:49,446] {logging_mixin.py:115} INFO - [2022-08-04 00:20:49,446] {dagbag.py:508} INFO - Filling up the DagBag from /home/ndx/Innowise tasks/Innowise_task_5/airflow_env/lib/python3.8/site-packages/airflow/example_dags/example_short_circuit_operator.py
[2022-08-04 00:20:49,452] {processor.py:651} INFO - DAG(s) dict_keys(['example_short_circuit_operator']) retrieved from /home/ndx/Innowise tasks/Innowise_task_5/airflow_env/lib/python3.8/site-packages/airflow/example_dags/example_short_circuit_operator.py
[2022-08-04 00:20:49,461] {logging_mixin.py:115} INFO - [2022-08-04 00:20:49,461] {dag.py:2420} INFO - Sync 1 DAGs
[2022-08-04 00:20:49,471] {logging_mixin.py:115} INFO - [2022-08-04 00:20:49,471] {dag.py:2968} INFO - Setting next_dagrun for example_short_circuit_operator to 2022-08-02T21:20:49.471024+00:00, run_after=2022-08-03T21:20:49.471024+00:00
[2022-08-04 00:20:49,477] {processor.py:161} INFO - Processing /home/ndx/Innowise tasks/Innowise_task_5/airflow_env/lib/python3.8/site-packages/airflow/example_dags/example_short_circuit_operator.py took 0.039 seconds
[2022-08-04 00:21:21,662] {processor.py:153} INFO - Started process (PID=48135) to work on /home/ndx/Innowise tasks/Innowise_task_5/airflow_env/lib/python3.8/site-packages/airflow/example_dags/example_short_circuit_operator.py
[2022-08-04 00:21:21,663] {processor.py:641} INFO - Processing file /home/ndx/Innowise tasks/Innowise_task_5/airflow_env/lib/python3.8/site-packages/airflow/example_dags/example_short_circuit_operator.py for tasks to queue
[2022-08-04 00:21:21,663] {logging_mixin.py:115} INFO - [2022-08-04 00:21:21,663] {dagbag.py:508} INFO - Filling up the DagBag from /home/ndx/Innowise tasks/Innowise_task_5/airflow_env/lib/python3.8/site-packages/airflow/example_dags/example_short_circuit_operator.py
[2022-08-04 00:21:21,668] {processor.py:651} INFO - DAG(s) dict_keys(['example_short_circuit_operator']) retrieved from /home/ndx/Innowise tasks/Innowise_task_5/airflow_env/lib/python3.8/site-packages/airflow/example_dags/example_short_circuit_operator.py
[2022-08-04 00:21:21,678] {logging_mixin.py:115} INFO - [2022-08-04 00:21:21,678] {dag.py:2420} INFO - Sync 1 DAGs
[2022-08-04 00:21:21,690] {logging_mixin.py:115} INFO - [2022-08-04 00:21:21,690] {dag.py:2968} INFO - Setting next_dagrun for example_short_circuit_operator to 2022-08-02T21:21:21.689967+00:00, run_after=2022-08-03T21:21:21.689967+00:00
[2022-08-04 00:21:21,697] {processor.py:161} INFO - Processing /home/ndx/Innowise tasks/Innowise_task_5/airflow_env/lib/python3.8/site-packages/airflow/example_dags/example_short_circuit_operator.py took 0.037 seconds
[2022-08-04 00:21:56,441] {processor.py:153} INFO - Started process (PID=48180) to work on /home/ndx/Innowise tasks/Innowise_task_5/airflow_env/lib/python3.8/site-packages/airflow/example_dags/example_short_circuit_operator.py
[2022-08-04 00:21:56,446] {processor.py:641} INFO - Processing file /home/ndx/Innowise tasks/Innowise_task_5/airflow_env/lib/python3.8/site-packages/airflow/example_dags/example_short_circuit_operator.py for tasks to queue
[2022-08-04 00:21:56,447] {logging_mixin.py:115} INFO - [2022-08-04 00:21:56,447] {dagbag.py:508} INFO - Filling up the DagBag from /home/ndx/Innowise tasks/Innowise_task_5/airflow_env/lib/python3.8/site-packages/airflow/example_dags/example_short_circuit_operator.py
[2022-08-04 00:21:56,453] {processor.py:651} INFO - DAG(s) dict_keys(['example_short_circuit_operator']) retrieved from /home/ndx/Innowise tasks/Innowise_task_5/airflow_env/lib/python3.8/site-packages/airflow/example_dags/example_short_circuit_operator.py
[2022-08-04 00:21:56,461] {logging_mixin.py:115} INFO - [2022-08-04 00:21:56,461] {dag.py:2420} INFO - Sync 1 DAGs
[2022-08-04 00:21:56,473] {logging_mixin.py:115} INFO - [2022-08-04 00:21:56,473] {dag.py:2968} INFO - Setting next_dagrun for example_short_circuit_operator to 2022-08-02T21:21:56.472875+00:00, run_after=2022-08-03T21:21:56.472875+00:00
[2022-08-04 00:21:56,480] {processor.py:161} INFO - Processing /home/ndx/Innowise tasks/Innowise_task_5/airflow_env/lib/python3.8/site-packages/airflow/example_dags/example_short_circuit_operator.py took 0.040 seconds
[2022-08-04 00:22:31,840] {processor.py:153} INFO - Started process (PID=48254) to work on /home/ndx/Innowise tasks/Innowise_task_5/airflow_env/lib/python3.8/site-packages/airflow/example_dags/example_short_circuit_operator.py
[2022-08-04 00:22:31,845] {processor.py:641} INFO - Processing file /home/ndx/Innowise tasks/Innowise_task_5/airflow_env/lib/python3.8/site-packages/airflow/example_dags/example_short_circuit_operator.py for tasks to queue
[2022-08-04 00:22:31,846] {logging_mixin.py:115} INFO - [2022-08-04 00:22:31,846] {dagbag.py:508} INFO - Filling up the DagBag from /home/ndx/Innowise tasks/Innowise_task_5/airflow_env/lib/python3.8/site-packages/airflow/example_dags/example_short_circuit_operator.py
[2022-08-04 00:22:31,852] {processor.py:651} INFO - DAG(s) dict_keys(['example_short_circuit_operator']) retrieved from /home/ndx/Innowise tasks/Innowise_task_5/airflow_env/lib/python3.8/site-packages/airflow/example_dags/example_short_circuit_operator.py
[2022-08-04 00:22:31,861] {logging_mixin.py:115} INFO - [2022-08-04 00:22:31,861] {dag.py:2420} INFO - Sync 1 DAGs
[2022-08-04 00:22:31,871] {logging_mixin.py:115} INFO - [2022-08-04 00:22:31,871] {dag.py:2968} INFO - Setting next_dagrun for example_short_circuit_operator to 2022-08-02T21:22:31.871409+00:00, run_after=2022-08-03T21:22:31.871409+00:00
[2022-08-04 00:22:31,879] {processor.py:161} INFO - Processing /home/ndx/Innowise tasks/Innowise_task_5/airflow_env/lib/python3.8/site-packages/airflow/example_dags/example_short_circuit_operator.py took 0.041 seconds
[2022-08-04 00:23:07,332] {processor.py:153} INFO - Started process (PID=48308) to work on /home/ndx/Innowise tasks/Innowise_task_5/airflow_env/lib/python3.8/site-packages/airflow/example_dags/example_short_circuit_operator.py
[2022-08-04 00:23:07,338] {processor.py:641} INFO - Processing file /home/ndx/Innowise tasks/Innowise_task_5/airflow_env/lib/python3.8/site-packages/airflow/example_dags/example_short_circuit_operator.py for tasks to queue
[2022-08-04 00:23:07,338] {logging_mixin.py:115} INFO - [2022-08-04 00:23:07,338] {dagbag.py:508} INFO - Filling up the DagBag from /home/ndx/Innowise tasks/Innowise_task_5/airflow_env/lib/python3.8/site-packages/airflow/example_dags/example_short_circuit_operator.py
[2022-08-04 00:23:07,344] {processor.py:651} INFO - DAG(s) dict_keys(['example_short_circuit_operator']) retrieved from /home/ndx/Innowise tasks/Innowise_task_5/airflow_env/lib/python3.8/site-packages/airflow/example_dags/example_short_circuit_operator.py
[2022-08-04 00:23:07,352] {logging_mixin.py:115} INFO - [2022-08-04 00:23:07,352] {dag.py:2420} INFO - Sync 1 DAGs
[2022-08-04 00:23:07,362] {logging_mixin.py:115} INFO - [2022-08-04 00:23:07,362] {dag.py:2968} INFO - Setting next_dagrun for example_short_circuit_operator to 2022-08-02T21:23:07.362337+00:00, run_after=2022-08-03T21:23:07.362337+00:00
[2022-08-04 00:23:07,368] {processor.py:161} INFO - Processing /home/ndx/Innowise tasks/Innowise_task_5/airflow_env/lib/python3.8/site-packages/airflow/example_dags/example_short_circuit_operator.py took 0.038 seconds
[2022-08-04 00:23:57,040] {processor.py:153} INFO - Started process (PID=48449) to work on /home/ndx/Innowise tasks/Innowise_task_5/airflow_env/lib/python3.8/site-packages/airflow/example_dags/example_short_circuit_operator.py
[2022-08-04 00:23:57,045] {processor.py:641} INFO - Processing file /home/ndx/Innowise tasks/Innowise_task_5/airflow_env/lib/python3.8/site-packages/airflow/example_dags/example_short_circuit_operator.py for tasks to queue
[2022-08-04 00:23:57,046] {logging_mixin.py:115} INFO - [2022-08-04 00:23:57,045] {dagbag.py:508} INFO - Filling up the DagBag from /home/ndx/Innowise tasks/Innowise_task_5/airflow_env/lib/python3.8/site-packages/airflow/example_dags/example_short_circuit_operator.py
[2022-08-04 00:23:57,051] {processor.py:651} INFO - DAG(s) dict_keys(['example_short_circuit_operator']) retrieved from /home/ndx/Innowise tasks/Innowise_task_5/airflow_env/lib/python3.8/site-packages/airflow/example_dags/example_short_circuit_operator.py
[2022-08-04 00:23:57,060] {logging_mixin.py:115} INFO - [2022-08-04 00:23:57,060] {dag.py:2420} INFO - Sync 1 DAGs
[2022-08-04 00:23:57,069] {logging_mixin.py:115} INFO - [2022-08-04 00:23:57,069] {dag.py:2968} INFO - Setting next_dagrun for example_short_circuit_operator to 2022-08-02T21:23:57.069065+00:00, run_after=2022-08-03T21:23:57.069065+00:00
[2022-08-04 00:23:57,078] {processor.py:161} INFO - Processing /home/ndx/Innowise tasks/Innowise_task_5/airflow_env/lib/python3.8/site-packages/airflow/example_dags/example_short_circuit_operator.py took 0.040 seconds
