[2022-08-04 00:00:29,769] {processor.py:153} INFO - Started process (PID=44796) to work on /home/ndx/Innowise tasks/Innowise_task_5/airflow_env/lib/python3.8/site-packages/airflow/example_dags/example_xcomargs.py
[2022-08-04 00:00:29,769] {processor.py:641} INFO - Processing file /home/ndx/Innowise tasks/Innowise_task_5/airflow_env/lib/python3.8/site-packages/airflow/example_dags/example_xcomargs.py for tasks to queue
[2022-08-04 00:00:29,770] {logging_mixin.py:115} INFO - [2022-08-04 00:00:29,770] {dagbag.py:508} INFO - Filling up the DagBag from /home/ndx/Innowise tasks/Innowise_task_5/airflow_env/lib/python3.8/site-packages/airflow/example_dags/example_xcomargs.py
[2022-08-04 00:00:29,778] {processor.py:651} INFO - DAG(s) dict_keys(['example_xcom_args', 'example_xcom_args_with_operators']) retrieved from /home/ndx/Innowise tasks/Innowise_task_5/airflow_env/lib/python3.8/site-packages/airflow/example_dags/example_xcomargs.py
[2022-08-04 00:00:29,801] {logging_mixin.py:115} INFO - [2022-08-04 00:00:29,801] {dag.py:2420} INFO - Sync 2 DAGs
[2022-08-04 00:00:29,811] {logging_mixin.py:115} INFO - [2022-08-04 00:00:29,811] {dag.py:2968} INFO - Setting next_dagrun for example_xcom_args to None, run_after=None
[2022-08-04 00:00:29,811] {logging_mixin.py:115} INFO - [2022-08-04 00:00:29,811] {dag.py:2968} INFO - Setting next_dagrun for example_xcom_args_with_operators to None, run_after=None
[2022-08-04 00:00:29,820] {processor.py:161} INFO - Processing /home/ndx/Innowise tasks/Innowise_task_5/airflow_env/lib/python3.8/site-packages/airflow/example_dags/example_xcomargs.py took 0.052 seconds
[2022-08-04 00:01:00,646] {processor.py:153} INFO - Started process (PID=44963) to work on /home/ndx/Innowise tasks/Innowise_task_5/airflow_env/lib/python3.8/site-packages/airflow/example_dags/example_xcomargs.py
[2022-08-04 00:01:00,651] {processor.py:641} INFO - Processing file /home/ndx/Innowise tasks/Innowise_task_5/airflow_env/lib/python3.8/site-packages/airflow/example_dags/example_xcomargs.py for tasks to queue
[2022-08-04 00:01:00,651] {logging_mixin.py:115} INFO - [2022-08-04 00:01:00,651] {dagbag.py:508} INFO - Filling up the DagBag from /home/ndx/Innowise tasks/Innowise_task_5/airflow_env/lib/python3.8/site-packages/airflow/example_dags/example_xcomargs.py
[2022-08-04 00:01:00,661] {processor.py:651} INFO - DAG(s) dict_keys(['example_xcom_args', 'example_xcom_args_with_operators']) retrieved from /home/ndx/Innowise tasks/Innowise_task_5/airflow_env/lib/python3.8/site-packages/airflow/example_dags/example_xcomargs.py
[2022-08-04 00:01:00,686] {logging_mixin.py:115} INFO - [2022-08-04 00:01:00,686] {dag.py:2420} INFO - Sync 2 DAGs
[2022-08-04 00:01:00,693] {logging_mixin.py:115} INFO - [2022-08-04 00:01:00,693] {dag.py:2968} INFO - Setting next_dagrun for example_xcom_args to None, run_after=None
[2022-08-04 00:01:00,693] {logging_mixin.py:115} INFO - [2022-08-04 00:01:00,693] {dag.py:2968} INFO - Setting next_dagrun for example_xcom_args_with_operators to None, run_after=None
[2022-08-04 00:01:00,701] {processor.py:161} INFO - Processing /home/ndx/Innowise tasks/Innowise_task_5/airflow_env/lib/python3.8/site-packages/airflow/example_dags/example_xcomargs.py took 0.057 seconds
[2022-08-04 00:01:37,078] {processor.py:153} INFO - Started process (PID=45094) to work on /home/ndx/Innowise tasks/Innowise_task_5/airflow_env/lib/python3.8/site-packages/airflow/example_dags/example_xcomargs.py
[2022-08-04 00:01:37,079] {processor.py:641} INFO - Processing file /home/ndx/Innowise tasks/Innowise_task_5/airflow_env/lib/python3.8/site-packages/airflow/example_dags/example_xcomargs.py for tasks to queue
[2022-08-04 00:01:37,079] {logging_mixin.py:115} INFO - [2022-08-04 00:01:37,079] {dagbag.py:508} INFO - Filling up the DagBag from /home/ndx/Innowise tasks/Innowise_task_5/airflow_env/lib/python3.8/site-packages/airflow/example_dags/example_xcomargs.py
[2022-08-04 00:01:37,095] {processor.py:651} INFO - DAG(s) dict_keys(['example_xcom_args', 'example_xcom_args_with_operators']) retrieved from /home/ndx/Innowise tasks/Innowise_task_5/airflow_env/lib/python3.8/site-packages/airflow/example_dags/example_xcomargs.py
[2022-08-04 00:01:37,127] {logging_mixin.py:115} INFO - [2022-08-04 00:01:37,127] {dag.py:2420} INFO - Sync 2 DAGs
[2022-08-04 00:01:37,135] {logging_mixin.py:115} INFO - [2022-08-04 00:01:37,135] {dag.py:2968} INFO - Setting next_dagrun for example_xcom_args to None, run_after=None
[2022-08-04 00:01:37,135] {logging_mixin.py:115} INFO - [2022-08-04 00:01:37,135] {dag.py:2968} INFO - Setting next_dagrun for example_xcom_args_with_operators to None, run_after=None
[2022-08-04 00:01:37,143] {processor.py:161} INFO - Processing /home/ndx/Innowise tasks/Innowise_task_5/airflow_env/lib/python3.8/site-packages/airflow/example_dags/example_xcomargs.py took 0.067 seconds
[2022-08-04 00:02:11,534] {processor.py:153} INFO - Started process (PID=45224) to work on /home/ndx/Innowise tasks/Innowise_task_5/airflow_env/lib/python3.8/site-packages/airflow/example_dags/example_xcomargs.py
[2022-08-04 00:02:11,539] {processor.py:641} INFO - Processing file /home/ndx/Innowise tasks/Innowise_task_5/airflow_env/lib/python3.8/site-packages/airflow/example_dags/example_xcomargs.py for tasks to queue
[2022-08-04 00:02:11,540] {logging_mixin.py:115} INFO - [2022-08-04 00:02:11,540] {dagbag.py:508} INFO - Filling up the DagBag from /home/ndx/Innowise tasks/Innowise_task_5/airflow_env/lib/python3.8/site-packages/airflow/example_dags/example_xcomargs.py
[2022-08-04 00:02:11,551] {processor.py:651} INFO - DAG(s) dict_keys(['example_xcom_args', 'example_xcom_args_with_operators']) retrieved from /home/ndx/Innowise tasks/Innowise_task_5/airflow_env/lib/python3.8/site-packages/airflow/example_dags/example_xcomargs.py
[2022-08-04 00:02:11,581] {logging_mixin.py:115} INFO - [2022-08-04 00:02:11,581] {dag.py:2420} INFO - Sync 2 DAGs
[2022-08-04 00:02:11,590] {logging_mixin.py:115} INFO - [2022-08-04 00:02:11,590] {dag.py:2968} INFO - Setting next_dagrun for example_xcom_args to None, run_after=None
[2022-08-04 00:02:11,590] {logging_mixin.py:115} INFO - [2022-08-04 00:02:11,590] {dag.py:2968} INFO - Setting next_dagrun for example_xcom_args_with_operators to None, run_after=None
[2022-08-04 00:02:11,600] {processor.py:161} INFO - Processing /home/ndx/Innowise tasks/Innowise_task_5/airflow_env/lib/python3.8/site-packages/airflow/example_dags/example_xcomargs.py took 0.068 seconds
[2022-08-04 00:02:46,376] {processor.py:153} INFO - Started process (PID=45332) to work on /home/ndx/Innowise tasks/Innowise_task_5/airflow_env/lib/python3.8/site-packages/airflow/example_dags/example_xcomargs.py
[2022-08-04 00:02:46,381] {processor.py:641} INFO - Processing file /home/ndx/Innowise tasks/Innowise_task_5/airflow_env/lib/python3.8/site-packages/airflow/example_dags/example_xcomargs.py for tasks to queue
[2022-08-04 00:02:46,382] {logging_mixin.py:115} INFO - [2022-08-04 00:02:46,382] {dagbag.py:508} INFO - Filling up the DagBag from /home/ndx/Innowise tasks/Innowise_task_5/airflow_env/lib/python3.8/site-packages/airflow/example_dags/example_xcomargs.py
[2022-08-04 00:02:46,392] {processor.py:651} INFO - DAG(s) dict_keys(['example_xcom_args', 'example_xcom_args_with_operators']) retrieved from /home/ndx/Innowise tasks/Innowise_task_5/airflow_env/lib/python3.8/site-packages/airflow/example_dags/example_xcomargs.py
[2022-08-04 00:02:46,419] {logging_mixin.py:115} INFO - [2022-08-04 00:02:46,419] {dag.py:2420} INFO - Sync 2 DAGs
[2022-08-04 00:02:46,427] {logging_mixin.py:115} INFO - [2022-08-04 00:02:46,427] {dag.py:2968} INFO - Setting next_dagrun for example_xcom_args to None, run_after=None
[2022-08-04 00:02:46,427] {logging_mixin.py:115} INFO - [2022-08-04 00:02:46,427] {dag.py:2968} INFO - Setting next_dagrun for example_xcom_args_with_operators to None, run_after=None
[2022-08-04 00:02:46,434] {processor.py:161} INFO - Processing /home/ndx/Innowise tasks/Innowise_task_5/airflow_env/lib/python3.8/site-packages/airflow/example_dags/example_xcomargs.py took 0.060 seconds
[2022-08-04 00:03:21,173] {processor.py:153} INFO - Started process (PID=45380) to work on /home/ndx/Innowise tasks/Innowise_task_5/airflow_env/lib/python3.8/site-packages/airflow/example_dags/example_xcomargs.py
[2022-08-04 00:03:21,178] {processor.py:641} INFO - Processing file /home/ndx/Innowise tasks/Innowise_task_5/airflow_env/lib/python3.8/site-packages/airflow/example_dags/example_xcomargs.py for tasks to queue
[2022-08-04 00:03:21,179] {logging_mixin.py:115} INFO - [2022-08-04 00:03:21,179] {dagbag.py:508} INFO - Filling up the DagBag from /home/ndx/Innowise tasks/Innowise_task_5/airflow_env/lib/python3.8/site-packages/airflow/example_dags/example_xcomargs.py
[2022-08-04 00:03:21,189] {processor.py:651} INFO - DAG(s) dict_keys(['example_xcom_args', 'example_xcom_args_with_operators']) retrieved from /home/ndx/Innowise tasks/Innowise_task_5/airflow_env/lib/python3.8/site-packages/airflow/example_dags/example_xcomargs.py
[2022-08-04 00:03:21,198] {logging_mixin.py:115} INFO - [2022-08-04 00:03:21,198] {dag.py:2420} INFO - Sync 2 DAGs
[2022-08-04 00:03:21,208] {logging_mixin.py:115} INFO - [2022-08-04 00:03:21,208] {dag.py:2968} INFO - Setting next_dagrun for example_xcom_args to None, run_after=None
[2022-08-04 00:03:21,208] {logging_mixin.py:115} INFO - [2022-08-04 00:03:21,208] {dag.py:2968} INFO - Setting next_dagrun for example_xcom_args_with_operators to None, run_after=None
[2022-08-04 00:03:21,214] {processor.py:161} INFO - Processing /home/ndx/Innowise tasks/Innowise_task_5/airflow_env/lib/python3.8/site-packages/airflow/example_dags/example_xcomargs.py took 0.043 seconds
[2022-08-04 00:03:56,015] {processor.py:153} INFO - Started process (PID=45460) to work on /home/ndx/Innowise tasks/Innowise_task_5/airflow_env/lib/python3.8/site-packages/airflow/example_dags/example_xcomargs.py
[2022-08-04 00:03:56,021] {processor.py:641} INFO - Processing file /home/ndx/Innowise tasks/Innowise_task_5/airflow_env/lib/python3.8/site-packages/airflow/example_dags/example_xcomargs.py for tasks to queue
[2022-08-04 00:03:56,021] {logging_mixin.py:115} INFO - [2022-08-04 00:03:56,021] {dagbag.py:508} INFO - Filling up the DagBag from /home/ndx/Innowise tasks/Innowise_task_5/airflow_env/lib/python3.8/site-packages/airflow/example_dags/example_xcomargs.py
[2022-08-04 00:03:56,031] {processor.py:651} INFO - DAG(s) dict_keys(['example_xcom_args', 'example_xcom_args_with_operators']) retrieved from /home/ndx/Innowise tasks/Innowise_task_5/airflow_env/lib/python3.8/site-packages/airflow/example_dags/example_xcomargs.py
[2022-08-04 00:03:56,056] {logging_mixin.py:115} INFO - [2022-08-04 00:03:56,056] {dag.py:2420} INFO - Sync 2 DAGs
[2022-08-04 00:03:56,063] {logging_mixin.py:115} INFO - [2022-08-04 00:03:56,063] {dag.py:2968} INFO - Setting next_dagrun for example_xcom_args to None, run_after=None
[2022-08-04 00:03:56,063] {logging_mixin.py:115} INFO - [2022-08-04 00:03:56,063] {dag.py:2968} INFO - Setting next_dagrun for example_xcom_args_with_operators to None, run_after=None
[2022-08-04 00:03:56,073] {processor.py:161} INFO - Processing /home/ndx/Innowise tasks/Innowise_task_5/airflow_env/lib/python3.8/site-packages/airflow/example_dags/example_xcomargs.py took 0.059 seconds
[2022-08-04 00:04:31,375] {processor.py:153} INFO - Started process (PID=45516) to work on /home/ndx/Innowise tasks/Innowise_task_5/airflow_env/lib/python3.8/site-packages/airflow/example_dags/example_xcomargs.py
[2022-08-04 00:04:31,380] {processor.py:641} INFO - Processing file /home/ndx/Innowise tasks/Innowise_task_5/airflow_env/lib/python3.8/site-packages/airflow/example_dags/example_xcomargs.py for tasks to queue
[2022-08-04 00:04:31,381] {logging_mixin.py:115} INFO - [2022-08-04 00:04:31,381] {dagbag.py:508} INFO - Filling up the DagBag from /home/ndx/Innowise tasks/Innowise_task_5/airflow_env/lib/python3.8/site-packages/airflow/example_dags/example_xcomargs.py
[2022-08-04 00:04:31,391] {processor.py:651} INFO - DAG(s) dict_keys(['example_xcom_args', 'example_xcom_args_with_operators']) retrieved from /home/ndx/Innowise tasks/Innowise_task_5/airflow_env/lib/python3.8/site-packages/airflow/example_dags/example_xcomargs.py
[2022-08-04 00:04:31,415] {logging_mixin.py:115} INFO - [2022-08-04 00:04:31,415] {dag.py:2420} INFO - Sync 2 DAGs
[2022-08-04 00:04:31,423] {logging_mixin.py:115} INFO - [2022-08-04 00:04:31,423] {dag.py:2968} INFO - Setting next_dagrun for example_xcom_args to None, run_after=None
[2022-08-04 00:04:31,423] {logging_mixin.py:115} INFO - [2022-08-04 00:04:31,423] {dag.py:2968} INFO - Setting next_dagrun for example_xcom_args_with_operators to None, run_after=None
[2022-08-04 00:04:31,430] {processor.py:161} INFO - Processing /home/ndx/Innowise tasks/Innowise_task_5/airflow_env/lib/python3.8/site-packages/airflow/example_dags/example_xcomargs.py took 0.056 seconds
[2022-08-04 00:05:03,971] {processor.py:153} INFO - Started process (PID=45644) to work on /home/ndx/Innowise tasks/Innowise_task_5/airflow_env/lib/python3.8/site-packages/airflow/example_dags/example_xcomargs.py
[2022-08-04 00:05:03,976] {processor.py:641} INFO - Processing file /home/ndx/Innowise tasks/Innowise_task_5/airflow_env/lib/python3.8/site-packages/airflow/example_dags/example_xcomargs.py for tasks to queue
[2022-08-04 00:05:03,977] {logging_mixin.py:115} INFO - [2022-08-04 00:05:03,977] {dagbag.py:508} INFO - Filling up the DagBag from /home/ndx/Innowise tasks/Innowise_task_5/airflow_env/lib/python3.8/site-packages/airflow/example_dags/example_xcomargs.py
[2022-08-04 00:05:03,987] {processor.py:651} INFO - DAG(s) dict_keys(['example_xcom_args', 'example_xcom_args_with_operators']) retrieved from /home/ndx/Innowise tasks/Innowise_task_5/airflow_env/lib/python3.8/site-packages/airflow/example_dags/example_xcomargs.py
[2022-08-04 00:05:03,996] {logging_mixin.py:115} INFO - [2022-08-04 00:05:03,996] {dag.py:2420} INFO - Sync 2 DAGs
[2022-08-04 00:05:04,007] {logging_mixin.py:115} INFO - [2022-08-04 00:05:04,006] {dag.py:2968} INFO - Setting next_dagrun for example_xcom_args to None, run_after=None
[2022-08-04 00:05:04,007] {logging_mixin.py:115} INFO - [2022-08-04 00:05:04,007] {dag.py:2968} INFO - Setting next_dagrun for example_xcom_args_with_operators to None, run_after=None
[2022-08-04 00:05:04,013] {processor.py:161} INFO - Processing /home/ndx/Innowise tasks/Innowise_task_5/airflow_env/lib/python3.8/site-packages/airflow/example_dags/example_xcomargs.py took 0.044 seconds
[2022-08-04 00:05:37,906] {processor.py:153} INFO - Started process (PID=45772) to work on /home/ndx/Innowise tasks/Innowise_task_5/airflow_env/lib/python3.8/site-packages/airflow/example_dags/example_xcomargs.py
[2022-08-04 00:05:37,911] {processor.py:641} INFO - Processing file /home/ndx/Innowise tasks/Innowise_task_5/airflow_env/lib/python3.8/site-packages/airflow/example_dags/example_xcomargs.py for tasks to queue
[2022-08-04 00:05:37,912] {logging_mixin.py:115} INFO - [2022-08-04 00:05:37,912] {dagbag.py:508} INFO - Filling up the DagBag from /home/ndx/Innowise tasks/Innowise_task_5/airflow_env/lib/python3.8/site-packages/airflow/example_dags/example_xcomargs.py
[2022-08-04 00:05:37,923] {processor.py:651} INFO - DAG(s) dict_keys(['example_xcom_args', 'example_xcom_args_with_operators']) retrieved from /home/ndx/Innowise tasks/Innowise_task_5/airflow_env/lib/python3.8/site-packages/airflow/example_dags/example_xcomargs.py
[2022-08-04 00:05:37,947] {logging_mixin.py:115} INFO - [2022-08-04 00:05:37,947] {dag.py:2420} INFO - Sync 2 DAGs
[2022-08-04 00:05:37,954] {logging_mixin.py:115} INFO - [2022-08-04 00:05:37,954] {dag.py:2968} INFO - Setting next_dagrun for example_xcom_args to None, run_after=None
[2022-08-04 00:05:37,954] {logging_mixin.py:115} INFO - [2022-08-04 00:05:37,954] {dag.py:2968} INFO - Setting next_dagrun for example_xcom_args_with_operators to None, run_after=None
[2022-08-04 00:05:37,961] {processor.py:161} INFO - Processing /home/ndx/Innowise tasks/Innowise_task_5/airflow_env/lib/python3.8/site-packages/airflow/example_dags/example_xcomargs.py took 0.056 seconds
[2022-08-04 00:06:11,213] {processor.py:153} INFO - Started process (PID=45847) to work on /home/ndx/Innowise tasks/Innowise_task_5/airflow_env/lib/python3.8/site-packages/airflow/example_dags/example_xcomargs.py
[2022-08-04 00:06:11,219] {processor.py:641} INFO - Processing file /home/ndx/Innowise tasks/Innowise_task_5/airflow_env/lib/python3.8/site-packages/airflow/example_dags/example_xcomargs.py for tasks to queue
[2022-08-04 00:06:11,219] {logging_mixin.py:115} INFO - [2022-08-04 00:06:11,219] {dagbag.py:508} INFO - Filling up the DagBag from /home/ndx/Innowise tasks/Innowise_task_5/airflow_env/lib/python3.8/site-packages/airflow/example_dags/example_xcomargs.py
[2022-08-04 00:06:11,230] {processor.py:651} INFO - DAG(s) dict_keys(['example_xcom_args', 'example_xcom_args_with_operators']) retrieved from /home/ndx/Innowise tasks/Innowise_task_5/airflow_env/lib/python3.8/site-packages/airflow/example_dags/example_xcomargs.py
[2022-08-04 00:06:11,242] {logging_mixin.py:115} INFO - [2022-08-04 00:06:11,242] {dag.py:2420} INFO - Sync 2 DAGs
[2022-08-04 00:06:11,253] {logging_mixin.py:115} INFO - [2022-08-04 00:06:11,253] {dag.py:2968} INFO - Setting next_dagrun for example_xcom_args to None, run_after=None
[2022-08-04 00:06:11,253] {logging_mixin.py:115} INFO - [2022-08-04 00:06:11,253] {dag.py:2968} INFO - Setting next_dagrun for example_xcom_args_with_operators to None, run_after=None
[2022-08-04 00:06:11,260] {processor.py:161} INFO - Processing /home/ndx/Innowise tasks/Innowise_task_5/airflow_env/lib/python3.8/site-packages/airflow/example_dags/example_xcomargs.py took 0.048 seconds
[2022-08-04 00:06:46,016] {processor.py:153} INFO - Started process (PID=45952) to work on /home/ndx/Innowise tasks/Innowise_task_5/airflow_env/lib/python3.8/site-packages/airflow/example_dags/example_xcomargs.py
[2022-08-04 00:06:46,021] {processor.py:641} INFO - Processing file /home/ndx/Innowise tasks/Innowise_task_5/airflow_env/lib/python3.8/site-packages/airflow/example_dags/example_xcomargs.py for tasks to queue
[2022-08-04 00:06:46,022] {logging_mixin.py:115} INFO - [2022-08-04 00:06:46,022] {dagbag.py:508} INFO - Filling up the DagBag from /home/ndx/Innowise tasks/Innowise_task_5/airflow_env/lib/python3.8/site-packages/airflow/example_dags/example_xcomargs.py
[2022-08-04 00:06:46,032] {processor.py:651} INFO - DAG(s) dict_keys(['example_xcom_args', 'example_xcom_args_with_operators']) retrieved from /home/ndx/Innowise tasks/Innowise_task_5/airflow_env/lib/python3.8/site-packages/airflow/example_dags/example_xcomargs.py
[2022-08-04 00:06:46,042] {logging_mixin.py:115} INFO - [2022-08-04 00:06:46,042] {dag.py:2420} INFO - Sync 2 DAGs
[2022-08-04 00:06:46,052] {logging_mixin.py:115} INFO - [2022-08-04 00:06:46,052] {dag.py:2968} INFO - Setting next_dagrun for example_xcom_args to None, run_after=None
[2022-08-04 00:06:46,052] {logging_mixin.py:115} INFO - [2022-08-04 00:06:46,052] {dag.py:2968} INFO - Setting next_dagrun for example_xcom_args_with_operators to None, run_after=None
[2022-08-04 00:06:46,059] {processor.py:161} INFO - Processing /home/ndx/Innowise tasks/Innowise_task_5/airflow_env/lib/python3.8/site-packages/airflow/example_dags/example_xcomargs.py took 0.044 seconds
[2022-08-04 00:07:19,270] {processor.py:153} INFO - Started process (PID=46024) to work on /home/ndx/Innowise tasks/Innowise_task_5/airflow_env/lib/python3.8/site-packages/airflow/example_dags/example_xcomargs.py
[2022-08-04 00:07:19,275] {processor.py:641} INFO - Processing file /home/ndx/Innowise tasks/Innowise_task_5/airflow_env/lib/python3.8/site-packages/airflow/example_dags/example_xcomargs.py for tasks to queue
[2022-08-04 00:07:19,276] {logging_mixin.py:115} INFO - [2022-08-04 00:07:19,276] {dagbag.py:508} INFO - Filling up the DagBag from /home/ndx/Innowise tasks/Innowise_task_5/airflow_env/lib/python3.8/site-packages/airflow/example_dags/example_xcomargs.py
[2022-08-04 00:07:19,287] {processor.py:651} INFO - DAG(s) dict_keys(['example_xcom_args', 'example_xcom_args_with_operators']) retrieved from /home/ndx/Innowise tasks/Innowise_task_5/airflow_env/lib/python3.8/site-packages/airflow/example_dags/example_xcomargs.py
[2022-08-04 00:07:19,296] {logging_mixin.py:115} INFO - [2022-08-04 00:07:19,296] {dag.py:2420} INFO - Sync 2 DAGs
[2022-08-04 00:07:19,306] {logging_mixin.py:115} INFO - [2022-08-04 00:07:19,306] {dag.py:2968} INFO - Setting next_dagrun for example_xcom_args to None, run_after=None
[2022-08-04 00:07:19,307] {logging_mixin.py:115} INFO - [2022-08-04 00:07:19,307] {dag.py:2968} INFO - Setting next_dagrun for example_xcom_args_with_operators to None, run_after=None
[2022-08-04 00:07:19,313] {processor.py:161} INFO - Processing /home/ndx/Innowise tasks/Innowise_task_5/airflow_env/lib/python3.8/site-packages/airflow/example_dags/example_xcomargs.py took 0.045 seconds
[2022-08-04 00:07:52,733] {processor.py:153} INFO - Started process (PID=46097) to work on /home/ndx/Innowise tasks/Innowise_task_5/airflow_env/lib/python3.8/site-packages/airflow/example_dags/example_xcomargs.py
[2022-08-04 00:07:52,734] {processor.py:641} INFO - Processing file /home/ndx/Innowise tasks/Innowise_task_5/airflow_env/lib/python3.8/site-packages/airflow/example_dags/example_xcomargs.py for tasks to queue
[2022-08-04 00:07:52,734] {logging_mixin.py:115} INFO - [2022-08-04 00:07:52,734] {dagbag.py:508} INFO - Filling up the DagBag from /home/ndx/Innowise tasks/Innowise_task_5/airflow_env/lib/python3.8/site-packages/airflow/example_dags/example_xcomargs.py
[2022-08-04 00:07:52,744] {processor.py:651} INFO - DAG(s) dict_keys(['example_xcom_args', 'example_xcom_args_with_operators']) retrieved from /home/ndx/Innowise tasks/Innowise_task_5/airflow_env/lib/python3.8/site-packages/airflow/example_dags/example_xcomargs.py
[2022-08-04 00:07:52,754] {logging_mixin.py:115} INFO - [2022-08-04 00:07:52,754] {dag.py:2420} INFO - Sync 2 DAGs
[2022-08-04 00:07:52,766] {logging_mixin.py:115} INFO - [2022-08-04 00:07:52,766] {dag.py:2968} INFO - Setting next_dagrun for example_xcom_args to None, run_after=None
[2022-08-04 00:07:52,767] {logging_mixin.py:115} INFO - [2022-08-04 00:07:52,767] {dag.py:2968} INFO - Setting next_dagrun for example_xcom_args_with_operators to None, run_after=None
[2022-08-04 00:07:52,773] {processor.py:161} INFO - Processing /home/ndx/Innowise tasks/Innowise_task_5/airflow_env/lib/python3.8/site-packages/airflow/example_dags/example_xcomargs.py took 0.042 seconds
[2022-08-04 00:08:27,524] {processor.py:153} INFO - Started process (PID=46155) to work on /home/ndx/Innowise tasks/Innowise_task_5/airflow_env/lib/python3.8/site-packages/airflow/example_dags/example_xcomargs.py
[2022-08-04 00:08:27,530] {processor.py:641} INFO - Processing file /home/ndx/Innowise tasks/Innowise_task_5/airflow_env/lib/python3.8/site-packages/airflow/example_dags/example_xcomargs.py for tasks to queue
[2022-08-04 00:08:27,530] {logging_mixin.py:115} INFO - [2022-08-04 00:08:27,530] {dagbag.py:508} INFO - Filling up the DagBag from /home/ndx/Innowise tasks/Innowise_task_5/airflow_env/lib/python3.8/site-packages/airflow/example_dags/example_xcomargs.py
[2022-08-04 00:08:27,541] {processor.py:651} INFO - DAG(s) dict_keys(['example_xcom_args', 'example_xcom_args_with_operators']) retrieved from /home/ndx/Innowise tasks/Innowise_task_5/airflow_env/lib/python3.8/site-packages/airflow/example_dags/example_xcomargs.py
[2022-08-04 00:08:27,550] {logging_mixin.py:115} INFO - [2022-08-04 00:08:27,550] {dag.py:2420} INFO - Sync 2 DAGs
[2022-08-04 00:08:27,561] {logging_mixin.py:115} INFO - [2022-08-04 00:08:27,561] {dag.py:2968} INFO - Setting next_dagrun for example_xcom_args to None, run_after=None
[2022-08-04 00:08:27,561] {logging_mixin.py:115} INFO - [2022-08-04 00:08:27,561] {dag.py:2968} INFO - Setting next_dagrun for example_xcom_args_with_operators to None, run_after=None
[2022-08-04 00:08:27,567] {processor.py:161} INFO - Processing /home/ndx/Innowise tasks/Innowise_task_5/airflow_env/lib/python3.8/site-packages/airflow/example_dags/example_xcomargs.py took 0.044 seconds
[2022-08-04 00:08:59,733] {processor.py:153} INFO - Started process (PID=46288) to work on /home/ndx/Innowise tasks/Innowise_task_5/airflow_env/lib/python3.8/site-packages/airflow/example_dags/example_xcomargs.py
[2022-08-04 00:08:59,738] {processor.py:641} INFO - Processing file /home/ndx/Innowise tasks/Innowise_task_5/airflow_env/lib/python3.8/site-packages/airflow/example_dags/example_xcomargs.py for tasks to queue
[2022-08-04 00:08:59,738] {logging_mixin.py:115} INFO - [2022-08-04 00:08:59,738] {dagbag.py:508} INFO - Filling up the DagBag from /home/ndx/Innowise tasks/Innowise_task_5/airflow_env/lib/python3.8/site-packages/airflow/example_dags/example_xcomargs.py
[2022-08-04 00:08:59,750] {processor.py:651} INFO - DAG(s) dict_keys(['example_xcom_args', 'example_xcom_args_with_operators']) retrieved from /home/ndx/Innowise tasks/Innowise_task_5/airflow_env/lib/python3.8/site-packages/airflow/example_dags/example_xcomargs.py
[2022-08-04 00:08:59,782] {logging_mixin.py:115} INFO - [2022-08-04 00:08:59,782] {dag.py:2420} INFO - Sync 2 DAGs
[2022-08-04 00:08:59,791] {logging_mixin.py:115} INFO - [2022-08-04 00:08:59,791] {dag.py:2968} INFO - Setting next_dagrun for example_xcom_args to None, run_after=None
[2022-08-04 00:08:59,792] {logging_mixin.py:115} INFO - [2022-08-04 00:08:59,792] {dag.py:2968} INFO - Setting next_dagrun for example_xcom_args_with_operators to None, run_after=None
[2022-08-04 00:08:59,800] {processor.py:161} INFO - Processing /home/ndx/Innowise tasks/Innowise_task_5/airflow_env/lib/python3.8/site-packages/airflow/example_dags/example_xcomargs.py took 0.069 seconds
[2022-08-04 00:09:39,671] {processor.py:153} INFO - Started process (PID=46375) to work on /home/ndx/Innowise tasks/Innowise_task_5/airflow_env/lib/python3.8/site-packages/airflow/example_dags/example_xcomargs.py
[2022-08-04 00:09:39,676] {processor.py:641} INFO - Processing file /home/ndx/Innowise tasks/Innowise_task_5/airflow_env/lib/python3.8/site-packages/airflow/example_dags/example_xcomargs.py for tasks to queue
[2022-08-04 00:09:39,676] {logging_mixin.py:115} INFO - [2022-08-04 00:09:39,676] {dagbag.py:508} INFO - Filling up the DagBag from /home/ndx/Innowise tasks/Innowise_task_5/airflow_env/lib/python3.8/site-packages/airflow/example_dags/example_xcomargs.py
[2022-08-04 00:09:39,687] {processor.py:651} INFO - DAG(s) dict_keys(['example_xcom_args', 'example_xcom_args_with_operators']) retrieved from /home/ndx/Innowise tasks/Innowise_task_5/airflow_env/lib/python3.8/site-packages/airflow/example_dags/example_xcomargs.py
[2022-08-04 00:09:39,697] {logging_mixin.py:115} INFO - [2022-08-04 00:09:39,697] {dag.py:2420} INFO - Sync 2 DAGs
[2022-08-04 00:09:39,708] {logging_mixin.py:115} INFO - [2022-08-04 00:09:39,708] {dag.py:2968} INFO - Setting next_dagrun for example_xcom_args to None, run_after=None
[2022-08-04 00:09:39,708] {logging_mixin.py:115} INFO - [2022-08-04 00:09:39,708] {dag.py:2968} INFO - Setting next_dagrun for example_xcom_args_with_operators to None, run_after=None
[2022-08-04 00:09:39,716] {processor.py:161} INFO - Processing /home/ndx/Innowise tasks/Innowise_task_5/airflow_env/lib/python3.8/site-packages/airflow/example_dags/example_xcomargs.py took 0.046 seconds
[2022-08-04 00:10:11,668] {processor.py:153} INFO - Started process (PID=46429) to work on /home/ndx/Innowise tasks/Innowise_task_5/airflow_env/lib/python3.8/site-packages/airflow/example_dags/example_xcomargs.py
[2022-08-04 00:10:11,674] {processor.py:641} INFO - Processing file /home/ndx/Innowise tasks/Innowise_task_5/airflow_env/lib/python3.8/site-packages/airflow/example_dags/example_xcomargs.py for tasks to queue
[2022-08-04 00:10:11,674] {logging_mixin.py:115} INFO - [2022-08-04 00:10:11,674] {dagbag.py:508} INFO - Filling up the DagBag from /home/ndx/Innowise tasks/Innowise_task_5/airflow_env/lib/python3.8/site-packages/airflow/example_dags/example_xcomargs.py
[2022-08-04 00:10:11,684] {processor.py:651} INFO - DAG(s) dict_keys(['example_xcom_args', 'example_xcom_args_with_operators']) retrieved from /home/ndx/Innowise tasks/Innowise_task_5/airflow_env/lib/python3.8/site-packages/airflow/example_dags/example_xcomargs.py
[2022-08-04 00:10:11,693] {logging_mixin.py:115} INFO - [2022-08-04 00:10:11,693] {dag.py:2420} INFO - Sync 2 DAGs
[2022-08-04 00:10:11,703] {logging_mixin.py:115} INFO - [2022-08-04 00:10:11,703] {dag.py:2968} INFO - Setting next_dagrun for example_xcom_args to None, run_after=None
[2022-08-04 00:10:11,703] {logging_mixin.py:115} INFO - [2022-08-04 00:10:11,703] {dag.py:2968} INFO - Setting next_dagrun for example_xcom_args_with_operators to None, run_after=None
[2022-08-04 00:10:11,710] {processor.py:161} INFO - Processing /home/ndx/Innowise tasks/Innowise_task_5/airflow_env/lib/python3.8/site-packages/airflow/example_dags/example_xcomargs.py took 0.043 seconds
[2022-08-04 00:10:45,368] {processor.py:153} INFO - Started process (PID=46549) to work on /home/ndx/Innowise tasks/Innowise_task_5/airflow_env/lib/python3.8/site-packages/airflow/example_dags/example_xcomargs.py
[2022-08-04 00:10:45,373] {processor.py:641} INFO - Processing file /home/ndx/Innowise tasks/Innowise_task_5/airflow_env/lib/python3.8/site-packages/airflow/example_dags/example_xcomargs.py for tasks to queue
[2022-08-04 00:10:45,374] {logging_mixin.py:115} INFO - [2022-08-04 00:10:45,374] {dagbag.py:508} INFO - Filling up the DagBag from /home/ndx/Innowise tasks/Innowise_task_5/airflow_env/lib/python3.8/site-packages/airflow/example_dags/example_xcomargs.py
[2022-08-04 00:10:45,385] {processor.py:651} INFO - DAG(s) dict_keys(['example_xcom_args', 'example_xcom_args_with_operators']) retrieved from /home/ndx/Innowise tasks/Innowise_task_5/airflow_env/lib/python3.8/site-packages/airflow/example_dags/example_xcomargs.py
[2022-08-04 00:10:45,412] {logging_mixin.py:115} INFO - [2022-08-04 00:10:45,412] {dag.py:2420} INFO - Sync 2 DAGs
[2022-08-04 00:10:45,421] {logging_mixin.py:115} INFO - [2022-08-04 00:10:45,421] {dag.py:2968} INFO - Setting next_dagrun for example_xcom_args to None, run_after=None
[2022-08-04 00:10:45,421] {logging_mixin.py:115} INFO - [2022-08-04 00:10:45,421] {dag.py:2968} INFO - Setting next_dagrun for example_xcom_args_with_operators to None, run_after=None
[2022-08-04 00:10:45,429] {processor.py:161} INFO - Processing /home/ndx/Innowise tasks/Innowise_task_5/airflow_env/lib/python3.8/site-packages/airflow/example_dags/example_xcomargs.py took 0.063 seconds
[2022-08-04 00:11:19,049] {processor.py:153} INFO - Started process (PID=46619) to work on /home/ndx/Innowise tasks/Innowise_task_5/airflow_env/lib/python3.8/site-packages/airflow/example_dags/example_xcomargs.py
[2022-08-04 00:11:19,050] {processor.py:641} INFO - Processing file /home/ndx/Innowise tasks/Innowise_task_5/airflow_env/lib/python3.8/site-packages/airflow/example_dags/example_xcomargs.py for tasks to queue
[2022-08-04 00:11:19,050] {logging_mixin.py:115} INFO - [2022-08-04 00:11:19,050] {dagbag.py:508} INFO - Filling up the DagBag from /home/ndx/Innowise tasks/Innowise_task_5/airflow_env/lib/python3.8/site-packages/airflow/example_dags/example_xcomargs.py
[2022-08-04 00:11:19,060] {processor.py:651} INFO - DAG(s) dict_keys(['example_xcom_args', 'example_xcom_args_with_operators']) retrieved from /home/ndx/Innowise tasks/Innowise_task_5/airflow_env/lib/python3.8/site-packages/airflow/example_dags/example_xcomargs.py
[2022-08-04 00:11:19,069] {logging_mixin.py:115} INFO - [2022-08-04 00:11:19,069] {dag.py:2420} INFO - Sync 2 DAGs
[2022-08-04 00:11:19,079] {logging_mixin.py:115} INFO - [2022-08-04 00:11:19,079] {dag.py:2968} INFO - Setting next_dagrun for example_xcom_args to None, run_after=None
[2022-08-04 00:11:19,079] {logging_mixin.py:115} INFO - [2022-08-04 00:11:19,079] {dag.py:2968} INFO - Setting next_dagrun for example_xcom_args_with_operators to None, run_after=None
[2022-08-04 00:11:19,085] {processor.py:161} INFO - Processing /home/ndx/Innowise tasks/Innowise_task_5/airflow_env/lib/python3.8/site-packages/airflow/example_dags/example_xcomargs.py took 0.038 seconds
[2022-08-04 00:11:53,016] {processor.py:153} INFO - Started process (PID=46677) to work on /home/ndx/Innowise tasks/Innowise_task_5/airflow_env/lib/python3.8/site-packages/airflow/example_dags/example_xcomargs.py
[2022-08-04 00:11:53,022] {processor.py:641} INFO - Processing file /home/ndx/Innowise tasks/Innowise_task_5/airflow_env/lib/python3.8/site-packages/airflow/example_dags/example_xcomargs.py for tasks to queue
[2022-08-04 00:11:53,022] {logging_mixin.py:115} INFO - [2022-08-04 00:11:53,022] {dagbag.py:508} INFO - Filling up the DagBag from /home/ndx/Innowise tasks/Innowise_task_5/airflow_env/lib/python3.8/site-packages/airflow/example_dags/example_xcomargs.py
[2022-08-04 00:11:53,035] {processor.py:651} INFO - DAG(s) dict_keys(['example_xcom_args', 'example_xcom_args_with_operators']) retrieved from /home/ndx/Innowise tasks/Innowise_task_5/airflow_env/lib/python3.8/site-packages/airflow/example_dags/example_xcomargs.py
[2022-08-04 00:11:53,046] {logging_mixin.py:115} INFO - [2022-08-04 00:11:53,046] {dag.py:2420} INFO - Sync 2 DAGs
[2022-08-04 00:11:53,056] {logging_mixin.py:115} INFO - [2022-08-04 00:11:53,056] {dag.py:2968} INFO - Setting next_dagrun for example_xcom_args to None, run_after=None
[2022-08-04 00:11:53,056] {logging_mixin.py:115} INFO - [2022-08-04 00:11:53,056] {dag.py:2968} INFO - Setting next_dagrun for example_xcom_args_with_operators to None, run_after=None
[2022-08-04 00:11:53,063] {processor.py:161} INFO - Processing /home/ndx/Innowise tasks/Innowise_task_5/airflow_env/lib/python3.8/site-packages/airflow/example_dags/example_xcomargs.py took 0.048 seconds
[2022-08-04 00:12:27,588] {processor.py:153} INFO - Started process (PID=46732) to work on /home/ndx/Innowise tasks/Innowise_task_5/airflow_env/lib/python3.8/site-packages/airflow/example_dags/example_xcomargs.py
[2022-08-04 00:12:27,594] {processor.py:641} INFO - Processing file /home/ndx/Innowise tasks/Innowise_task_5/airflow_env/lib/python3.8/site-packages/airflow/example_dags/example_xcomargs.py for tasks to queue
[2022-08-04 00:12:27,594] {logging_mixin.py:115} INFO - [2022-08-04 00:12:27,594] {dagbag.py:508} INFO - Filling up the DagBag from /home/ndx/Innowise tasks/Innowise_task_5/airflow_env/lib/python3.8/site-packages/airflow/example_dags/example_xcomargs.py
[2022-08-04 00:12:27,605] {processor.py:651} INFO - DAG(s) dict_keys(['example_xcom_args', 'example_xcom_args_with_operators']) retrieved from /home/ndx/Innowise tasks/Innowise_task_5/airflow_env/lib/python3.8/site-packages/airflow/example_dags/example_xcomargs.py
[2022-08-04 00:12:27,615] {logging_mixin.py:115} INFO - [2022-08-04 00:12:27,615] {dag.py:2420} INFO - Sync 2 DAGs
[2022-08-04 00:12:27,625] {logging_mixin.py:115} INFO - [2022-08-04 00:12:27,625] {dag.py:2968} INFO - Setting next_dagrun for example_xcom_args to None, run_after=None
[2022-08-04 00:12:27,626] {logging_mixin.py:115} INFO - [2022-08-04 00:12:27,626] {dag.py:2968} INFO - Setting next_dagrun for example_xcom_args_with_operators to None, run_after=None
[2022-08-04 00:12:27,633] {processor.py:161} INFO - Processing /home/ndx/Innowise tasks/Innowise_task_5/airflow_env/lib/python3.8/site-packages/airflow/example_dags/example_xcomargs.py took 0.046 seconds
[2022-08-04 00:13:01,827] {processor.py:153} INFO - Started process (PID=46802) to work on /home/ndx/Innowise tasks/Innowise_task_5/airflow_env/lib/python3.8/site-packages/airflow/example_dags/example_xcomargs.py
[2022-08-04 00:13:01,833] {processor.py:641} INFO - Processing file /home/ndx/Innowise tasks/Innowise_task_5/airflow_env/lib/python3.8/site-packages/airflow/example_dags/example_xcomargs.py for tasks to queue
[2022-08-04 00:13:01,833] {logging_mixin.py:115} INFO - [2022-08-04 00:13:01,833] {dagbag.py:508} INFO - Filling up the DagBag from /home/ndx/Innowise tasks/Innowise_task_5/airflow_env/lib/python3.8/site-packages/airflow/example_dags/example_xcomargs.py
[2022-08-04 00:13:01,844] {processor.py:651} INFO - DAG(s) dict_keys(['example_xcom_args', 'example_xcom_args_with_operators']) retrieved from /home/ndx/Innowise tasks/Innowise_task_5/airflow_env/lib/python3.8/site-packages/airflow/example_dags/example_xcomargs.py
[2022-08-04 00:13:01,854] {logging_mixin.py:115} INFO - [2022-08-04 00:13:01,854] {dag.py:2420} INFO - Sync 2 DAGs
[2022-08-04 00:13:01,864] {logging_mixin.py:115} INFO - [2022-08-04 00:13:01,864] {dag.py:2968} INFO - Setting next_dagrun for example_xcom_args to None, run_after=None
[2022-08-04 00:13:01,864] {logging_mixin.py:115} INFO - [2022-08-04 00:13:01,864] {dag.py:2968} INFO - Setting next_dagrun for example_xcom_args_with_operators to None, run_after=None
[2022-08-04 00:13:01,870] {processor.py:161} INFO - Processing /home/ndx/Innowise tasks/Innowise_task_5/airflow_env/lib/python3.8/site-packages/airflow/example_dags/example_xcomargs.py took 0.045 seconds
[2022-08-04 00:13:35,522] {processor.py:153} INFO - Started process (PID=46915) to work on /home/ndx/Innowise tasks/Innowise_task_5/airflow_env/lib/python3.8/site-packages/airflow/example_dags/example_xcomargs.py
[2022-08-04 00:13:35,528] {processor.py:641} INFO - Processing file /home/ndx/Innowise tasks/Innowise_task_5/airflow_env/lib/python3.8/site-packages/airflow/example_dags/example_xcomargs.py for tasks to queue
[2022-08-04 00:13:35,528] {logging_mixin.py:115} INFO - [2022-08-04 00:13:35,528] {dagbag.py:508} INFO - Filling up the DagBag from /home/ndx/Innowise tasks/Innowise_task_5/airflow_env/lib/python3.8/site-packages/airflow/example_dags/example_xcomargs.py
[2022-08-04 00:13:35,539] {processor.py:651} INFO - DAG(s) dict_keys(['example_xcom_args', 'example_xcom_args_with_operators']) retrieved from /home/ndx/Innowise tasks/Innowise_task_5/airflow_env/lib/python3.8/site-packages/airflow/example_dags/example_xcomargs.py
[2022-08-04 00:13:35,550] {logging_mixin.py:115} INFO - [2022-08-04 00:13:35,549] {dag.py:2420} INFO - Sync 2 DAGs
[2022-08-04 00:13:35,560] {logging_mixin.py:115} INFO - [2022-08-04 00:13:35,560] {dag.py:2968} INFO - Setting next_dagrun for example_xcom_args to None, run_after=None
[2022-08-04 00:13:35,560] {logging_mixin.py:115} INFO - [2022-08-04 00:13:35,560] {dag.py:2968} INFO - Setting next_dagrun for example_xcom_args_with_operators to None, run_after=None
[2022-08-04 00:13:35,566] {processor.py:161} INFO - Processing /home/ndx/Innowise tasks/Innowise_task_5/airflow_env/lib/python3.8/site-packages/airflow/example_dags/example_xcomargs.py took 0.046 seconds
[2022-08-04 00:14:08,639] {processor.py:153} INFO - Started process (PID=46962) to work on /home/ndx/Innowise tasks/Innowise_task_5/airflow_env/lib/python3.8/site-packages/airflow/example_dags/example_xcomargs.py
[2022-08-04 00:14:08,639] {processor.py:641} INFO - Processing file /home/ndx/Innowise tasks/Innowise_task_5/airflow_env/lib/python3.8/site-packages/airflow/example_dags/example_xcomargs.py for tasks to queue
[2022-08-04 00:14:08,640] {logging_mixin.py:115} INFO - [2022-08-04 00:14:08,640] {dagbag.py:508} INFO - Filling up the DagBag from /home/ndx/Innowise tasks/Innowise_task_5/airflow_env/lib/python3.8/site-packages/airflow/example_dags/example_xcomargs.py
[2022-08-04 00:14:08,649] {processor.py:651} INFO - DAG(s) dict_keys(['example_xcom_args', 'example_xcom_args_with_operators']) retrieved from /home/ndx/Innowise tasks/Innowise_task_5/airflow_env/lib/python3.8/site-packages/airflow/example_dags/example_xcomargs.py
[2022-08-04 00:14:08,659] {logging_mixin.py:115} INFO - [2022-08-04 00:14:08,658] {dag.py:2420} INFO - Sync 2 DAGs
[2022-08-04 00:14:08,669] {logging_mixin.py:115} INFO - [2022-08-04 00:14:08,669] {dag.py:2968} INFO - Setting next_dagrun for example_xcom_args to None, run_after=None
[2022-08-04 00:14:08,669] {logging_mixin.py:115} INFO - [2022-08-04 00:14:08,669] {dag.py:2968} INFO - Setting next_dagrun for example_xcom_args_with_operators to None, run_after=None
[2022-08-04 00:14:08,677] {processor.py:161} INFO - Processing /home/ndx/Innowise tasks/Innowise_task_5/airflow_env/lib/python3.8/site-packages/airflow/example_dags/example_xcomargs.py took 0.039 seconds
[2022-08-04 00:14:44,017] {processor.py:153} INFO - Started process (PID=47109) to work on /home/ndx/Innowise tasks/Innowise_task_5/airflow_env/lib/python3.8/site-packages/airflow/example_dags/example_xcomargs.py
[2022-08-04 00:14:44,018] {processor.py:641} INFO - Processing file /home/ndx/Innowise tasks/Innowise_task_5/airflow_env/lib/python3.8/site-packages/airflow/example_dags/example_xcomargs.py for tasks to queue
[2022-08-04 00:14:44,018] {logging_mixin.py:115} INFO - [2022-08-04 00:14:44,018] {dagbag.py:508} INFO - Filling up the DagBag from /home/ndx/Innowise tasks/Innowise_task_5/airflow_env/lib/python3.8/site-packages/airflow/example_dags/example_xcomargs.py
[2022-08-04 00:14:44,028] {processor.py:651} INFO - DAG(s) dict_keys(['example_xcom_args', 'example_xcom_args_with_operators']) retrieved from /home/ndx/Innowise tasks/Innowise_task_5/airflow_env/lib/python3.8/site-packages/airflow/example_dags/example_xcomargs.py
[2022-08-04 00:14:44,038] {logging_mixin.py:115} INFO - [2022-08-04 00:14:44,038] {dag.py:2420} INFO - Sync 2 DAGs
[2022-08-04 00:14:44,049] {logging_mixin.py:115} INFO - [2022-08-04 00:14:44,049] {dag.py:2968} INFO - Setting next_dagrun for example_xcom_args to None, run_after=None
[2022-08-04 00:14:44,049] {logging_mixin.py:115} INFO - [2022-08-04 00:14:44,049] {dag.py:2968} INFO - Setting next_dagrun for example_xcom_args_with_operators to None, run_after=None
[2022-08-04 00:14:44,056] {processor.py:161} INFO - Processing /home/ndx/Innowise tasks/Innowise_task_5/airflow_env/lib/python3.8/site-packages/airflow/example_dags/example_xcomargs.py took 0.040 seconds
[2022-08-04 00:15:21,709] {processor.py:153} INFO - Started process (PID=47220) to work on /home/ndx/Innowise tasks/Innowise_task_5/airflow_env/lib/python3.8/site-packages/airflow/example_dags/example_xcomargs.py
[2022-08-04 00:15:21,714] {processor.py:641} INFO - Processing file /home/ndx/Innowise tasks/Innowise_task_5/airflow_env/lib/python3.8/site-packages/airflow/example_dags/example_xcomargs.py for tasks to queue
[2022-08-04 00:15:21,715] {logging_mixin.py:115} INFO - [2022-08-04 00:15:21,715] {dagbag.py:508} INFO - Filling up the DagBag from /home/ndx/Innowise tasks/Innowise_task_5/airflow_env/lib/python3.8/site-packages/airflow/example_dags/example_xcomargs.py
[2022-08-04 00:15:21,726] {processor.py:651} INFO - DAG(s) dict_keys(['example_xcom_args', 'example_xcom_args_with_operators']) retrieved from /home/ndx/Innowise tasks/Innowise_task_5/airflow_env/lib/python3.8/site-packages/airflow/example_dags/example_xcomargs.py
[2022-08-04 00:15:21,752] {logging_mixin.py:115} INFO - [2022-08-04 00:15:21,752] {dag.py:2420} INFO - Sync 2 DAGs
[2022-08-04 00:15:21,760] {logging_mixin.py:115} INFO - [2022-08-04 00:15:21,760] {dag.py:2968} INFO - Setting next_dagrun for example_xcom_args to None, run_after=None
[2022-08-04 00:15:21,760] {logging_mixin.py:115} INFO - [2022-08-04 00:15:21,760] {dag.py:2968} INFO - Setting next_dagrun for example_xcom_args_with_operators to None, run_after=None
[2022-08-04 00:15:21,767] {processor.py:161} INFO - Processing /home/ndx/Innowise tasks/Innowise_task_5/airflow_env/lib/python3.8/site-packages/airflow/example_dags/example_xcomargs.py took 0.060 seconds
[2022-08-04 00:15:56,243] {processor.py:153} INFO - Started process (PID=47258) to work on /home/ndx/Innowise tasks/Innowise_task_5/airflow_env/lib/python3.8/site-packages/airflow/example_dags/example_xcomargs.py
[2022-08-04 00:15:56,248] {processor.py:641} INFO - Processing file /home/ndx/Innowise tasks/Innowise_task_5/airflow_env/lib/python3.8/site-packages/airflow/example_dags/example_xcomargs.py for tasks to queue
[2022-08-04 00:15:56,249] {logging_mixin.py:115} INFO - [2022-08-04 00:15:56,248] {dagbag.py:508} INFO - Filling up the DagBag from /home/ndx/Innowise tasks/Innowise_task_5/airflow_env/lib/python3.8/site-packages/airflow/example_dags/example_xcomargs.py
[2022-08-04 00:15:56,259] {processor.py:651} INFO - DAG(s) dict_keys(['example_xcom_args', 'example_xcom_args_with_operators']) retrieved from /home/ndx/Innowise tasks/Innowise_task_5/airflow_env/lib/python3.8/site-packages/airflow/example_dags/example_xcomargs.py
[2022-08-04 00:15:56,284] {logging_mixin.py:115} INFO - [2022-08-04 00:15:56,284] {dag.py:2420} INFO - Sync 2 DAGs
[2022-08-04 00:15:56,292] {logging_mixin.py:115} INFO - [2022-08-04 00:15:56,292] {dag.py:2968} INFO - Setting next_dagrun for example_xcom_args to None, run_after=None
[2022-08-04 00:15:56,292] {logging_mixin.py:115} INFO - [2022-08-04 00:15:56,292] {dag.py:2968} INFO - Setting next_dagrun for example_xcom_args_with_operators to None, run_after=None
[2022-08-04 00:15:56,299] {processor.py:161} INFO - Processing /home/ndx/Innowise tasks/Innowise_task_5/airflow_env/lib/python3.8/site-packages/airflow/example_dags/example_xcomargs.py took 0.058 seconds
[2022-08-04 00:16:30,061] {processor.py:153} INFO - Started process (PID=47338) to work on /home/ndx/Innowise tasks/Innowise_task_5/airflow_env/lib/python3.8/site-packages/airflow/example_dags/example_xcomargs.py
[2022-08-04 00:16:30,061] {processor.py:641} INFO - Processing file /home/ndx/Innowise tasks/Innowise_task_5/airflow_env/lib/python3.8/site-packages/airflow/example_dags/example_xcomargs.py for tasks to queue
[2022-08-04 00:16:30,062] {logging_mixin.py:115} INFO - [2022-08-04 00:16:30,062] {dagbag.py:508} INFO - Filling up the DagBag from /home/ndx/Innowise tasks/Innowise_task_5/airflow_env/lib/python3.8/site-packages/airflow/example_dags/example_xcomargs.py
[2022-08-04 00:16:30,072] {processor.py:651} INFO - DAG(s) dict_keys(['example_xcom_args', 'example_xcom_args_with_operators']) retrieved from /home/ndx/Innowise tasks/Innowise_task_5/airflow_env/lib/python3.8/site-packages/airflow/example_dags/example_xcomargs.py
[2022-08-04 00:16:30,097] {logging_mixin.py:115} INFO - [2022-08-04 00:16:30,097] {dag.py:2420} INFO - Sync 2 DAGs
[2022-08-04 00:16:30,104] {logging_mixin.py:115} INFO - [2022-08-04 00:16:30,104] {dag.py:2968} INFO - Setting next_dagrun for example_xcom_args to None, run_after=None
[2022-08-04 00:16:30,104] {logging_mixin.py:115} INFO - [2022-08-04 00:16:30,104] {dag.py:2968} INFO - Setting next_dagrun for example_xcom_args_with_operators to None, run_after=None
[2022-08-04 00:16:30,111] {processor.py:161} INFO - Processing /home/ndx/Innowise tasks/Innowise_task_5/airflow_env/lib/python3.8/site-packages/airflow/example_dags/example_xcomargs.py took 0.052 seconds
[2022-08-04 00:17:04,612] {processor.py:153} INFO - Started process (PID=47438) to work on /home/ndx/Innowise tasks/Innowise_task_5/airflow_env/lib/python3.8/site-packages/airflow/example_dags/example_xcomargs.py
[2022-08-04 00:17:04,617] {processor.py:641} INFO - Processing file /home/ndx/Innowise tasks/Innowise_task_5/airflow_env/lib/python3.8/site-packages/airflow/example_dags/example_xcomargs.py for tasks to queue
[2022-08-04 00:17:04,618] {logging_mixin.py:115} INFO - [2022-08-04 00:17:04,618] {dagbag.py:508} INFO - Filling up the DagBag from /home/ndx/Innowise tasks/Innowise_task_5/airflow_env/lib/python3.8/site-packages/airflow/example_dags/example_xcomargs.py
[2022-08-04 00:17:04,628] {processor.py:651} INFO - DAG(s) dict_keys(['example_xcom_args', 'example_xcom_args_with_operators']) retrieved from /home/ndx/Innowise tasks/Innowise_task_5/airflow_env/lib/python3.8/site-packages/airflow/example_dags/example_xcomargs.py
[2022-08-04 00:17:04,656] {logging_mixin.py:115} INFO - [2022-08-04 00:17:04,656] {dag.py:2420} INFO - Sync 2 DAGs
[2022-08-04 00:17:04,663] {logging_mixin.py:115} INFO - [2022-08-04 00:17:04,663] {dag.py:2968} INFO - Setting next_dagrun for example_xcom_args to None, run_after=None
[2022-08-04 00:17:04,664] {logging_mixin.py:115} INFO - [2022-08-04 00:17:04,664] {dag.py:2968} INFO - Setting next_dagrun for example_xcom_args_with_operators to None, run_after=None
[2022-08-04 00:17:04,671] {processor.py:161} INFO - Processing /home/ndx/Innowise tasks/Innowise_task_5/airflow_env/lib/python3.8/site-packages/airflow/example_dags/example_xcomargs.py took 0.060 seconds
[2022-08-04 00:17:39,927] {processor.py:153} INFO - Started process (PID=47502) to work on /home/ndx/Innowise tasks/Innowise_task_5/airflow_env/lib/python3.8/site-packages/airflow/example_dags/example_xcomargs.py
[2022-08-04 00:17:39,932] {processor.py:641} INFO - Processing file /home/ndx/Innowise tasks/Innowise_task_5/airflow_env/lib/python3.8/site-packages/airflow/example_dags/example_xcomargs.py for tasks to queue
[2022-08-04 00:17:39,932] {logging_mixin.py:115} INFO - [2022-08-04 00:17:39,932] {dagbag.py:508} INFO - Filling up the DagBag from /home/ndx/Innowise tasks/Innowise_task_5/airflow_env/lib/python3.8/site-packages/airflow/example_dags/example_xcomargs.py
[2022-08-04 00:17:39,942] {processor.py:651} INFO - DAG(s) dict_keys(['example_xcom_args', 'example_xcom_args_with_operators']) retrieved from /home/ndx/Innowise tasks/Innowise_task_5/airflow_env/lib/python3.8/site-packages/airflow/example_dags/example_xcomargs.py
[2022-08-04 00:17:39,952] {logging_mixin.py:115} INFO - [2022-08-04 00:17:39,952] {dag.py:2420} INFO - Sync 2 DAGs
[2022-08-04 00:17:39,962] {logging_mixin.py:115} INFO - [2022-08-04 00:17:39,962] {dag.py:2968} INFO - Setting next_dagrun for example_xcom_args to None, run_after=None
[2022-08-04 00:17:39,962] {logging_mixin.py:115} INFO - [2022-08-04 00:17:39,962] {dag.py:2968} INFO - Setting next_dagrun for example_xcom_args_with_operators to None, run_after=None
[2022-08-04 00:17:39,969] {processor.py:161} INFO - Processing /home/ndx/Innowise tasks/Innowise_task_5/airflow_env/lib/python3.8/site-packages/airflow/example_dags/example_xcomargs.py took 0.044 seconds
[2022-08-04 00:18:19,185] {processor.py:153} INFO - Started process (PID=47582) to work on /home/ndx/Innowise tasks/Innowise_task_5/airflow_env/lib/python3.8/site-packages/airflow/example_dags/example_xcomargs.py
[2022-08-04 00:18:19,190] {processor.py:641} INFO - Processing file /home/ndx/Innowise tasks/Innowise_task_5/airflow_env/lib/python3.8/site-packages/airflow/example_dags/example_xcomargs.py for tasks to queue
[2022-08-04 00:18:19,191] {logging_mixin.py:115} INFO - [2022-08-04 00:18:19,190] {dagbag.py:508} INFO - Filling up the DagBag from /home/ndx/Innowise tasks/Innowise_task_5/airflow_env/lib/python3.8/site-packages/airflow/example_dags/example_xcomargs.py
[2022-08-04 00:18:19,202] {processor.py:651} INFO - DAG(s) dict_keys(['example_xcom_args', 'example_xcom_args_with_operators']) retrieved from /home/ndx/Innowise tasks/Innowise_task_5/airflow_env/lib/python3.8/site-packages/airflow/example_dags/example_xcomargs.py
[2022-08-04 00:18:19,213] {logging_mixin.py:115} INFO - [2022-08-04 00:18:19,213] {dag.py:2420} INFO - Sync 2 DAGs
[2022-08-04 00:18:19,224] {logging_mixin.py:115} INFO - [2022-08-04 00:18:19,224] {dag.py:2968} INFO - Setting next_dagrun for example_xcom_args to None, run_after=None
[2022-08-04 00:18:19,225] {logging_mixin.py:115} INFO - [2022-08-04 00:18:19,225] {dag.py:2968} INFO - Setting next_dagrun for example_xcom_args_with_operators to None, run_after=None
[2022-08-04 00:18:19,232] {processor.py:161} INFO - Processing /home/ndx/Innowise tasks/Innowise_task_5/airflow_env/lib/python3.8/site-packages/airflow/example_dags/example_xcomargs.py took 0.049 seconds
[2022-08-04 00:18:52,869] {processor.py:153} INFO - Started process (PID=47623) to work on /home/ndx/Innowise tasks/Innowise_task_5/airflow_env/lib/python3.8/site-packages/airflow/example_dags/example_xcomargs.py
[2022-08-04 00:18:52,874] {processor.py:641} INFO - Processing file /home/ndx/Innowise tasks/Innowise_task_5/airflow_env/lib/python3.8/site-packages/airflow/example_dags/example_xcomargs.py for tasks to queue
[2022-08-04 00:18:52,874] {logging_mixin.py:115} INFO - [2022-08-04 00:18:52,874] {dagbag.py:508} INFO - Filling up the DagBag from /home/ndx/Innowise tasks/Innowise_task_5/airflow_env/lib/python3.8/site-packages/airflow/example_dags/example_xcomargs.py
[2022-08-04 00:18:52,884] {processor.py:651} INFO - DAG(s) dict_keys(['example_xcom_args', 'example_xcom_args_with_operators']) retrieved from /home/ndx/Innowise tasks/Innowise_task_5/airflow_env/lib/python3.8/site-packages/airflow/example_dags/example_xcomargs.py
[2022-08-04 00:18:52,894] {logging_mixin.py:115} INFO - [2022-08-04 00:18:52,894] {dag.py:2420} INFO - Sync 2 DAGs
[2022-08-04 00:18:52,906] {logging_mixin.py:115} INFO - [2022-08-04 00:18:52,906] {dag.py:2968} INFO - Setting next_dagrun for example_xcom_args to None, run_after=None
[2022-08-04 00:18:52,906] {logging_mixin.py:115} INFO - [2022-08-04 00:18:52,906] {dag.py:2968} INFO - Setting next_dagrun for example_xcom_args_with_operators to None, run_after=None
[2022-08-04 00:18:52,913] {processor.py:161} INFO - Processing /home/ndx/Innowise tasks/Innowise_task_5/airflow_env/lib/python3.8/site-packages/airflow/example_dags/example_xcomargs.py took 0.046 seconds
[2022-08-04 00:19:28,185] {processor.py:153} INFO - Started process (PID=47837) to work on /home/ndx/Innowise tasks/Innowise_task_5/airflow_env/lib/python3.8/site-packages/airflow/example_dags/example_xcomargs.py
[2022-08-04 00:19:28,191] {processor.py:641} INFO - Processing file /home/ndx/Innowise tasks/Innowise_task_5/airflow_env/lib/python3.8/site-packages/airflow/example_dags/example_xcomargs.py for tasks to queue
[2022-08-04 00:19:28,191] {logging_mixin.py:115} INFO - [2022-08-04 00:19:28,191] {dagbag.py:508} INFO - Filling up the DagBag from /home/ndx/Innowise tasks/Innowise_task_5/airflow_env/lib/python3.8/site-packages/airflow/example_dags/example_xcomargs.py
[2022-08-04 00:19:28,201] {processor.py:651} INFO - DAG(s) dict_keys(['example_xcom_args', 'example_xcom_args_with_operators']) retrieved from /home/ndx/Innowise tasks/Innowise_task_5/airflow_env/lib/python3.8/site-packages/airflow/example_dags/example_xcomargs.py
[2022-08-04 00:19:28,211] {logging_mixin.py:115} INFO - [2022-08-04 00:19:28,211] {dag.py:2420} INFO - Sync 2 DAGs
[2022-08-04 00:19:28,221] {logging_mixin.py:115} INFO - [2022-08-04 00:19:28,221] {dag.py:2968} INFO - Setting next_dagrun for example_xcom_args to None, run_after=None
[2022-08-04 00:19:28,221] {logging_mixin.py:115} INFO - [2022-08-04 00:19:28,221] {dag.py:2968} INFO - Setting next_dagrun for example_xcom_args_with_operators to None, run_after=None
[2022-08-04 00:19:28,227] {processor.py:161} INFO - Processing /home/ndx/Innowise tasks/Innowise_task_5/airflow_env/lib/python3.8/site-packages/airflow/example_dags/example_xcomargs.py took 0.044 seconds
[2022-08-04 00:20:00,662] {processor.py:153} INFO - Started process (PID=47902) to work on /home/ndx/Innowise tasks/Innowise_task_5/airflow_env/lib/python3.8/site-packages/airflow/example_dags/example_xcomargs.py
[2022-08-04 00:20:00,667] {processor.py:641} INFO - Processing file /home/ndx/Innowise tasks/Innowise_task_5/airflow_env/lib/python3.8/site-packages/airflow/example_dags/example_xcomargs.py for tasks to queue
[2022-08-04 00:20:00,668] {logging_mixin.py:115} INFO - [2022-08-04 00:20:00,668] {dagbag.py:508} INFO - Filling up the DagBag from /home/ndx/Innowise tasks/Innowise_task_5/airflow_env/lib/python3.8/site-packages/airflow/example_dags/example_xcomargs.py
[2022-08-04 00:20:00,678] {processor.py:651} INFO - DAG(s) dict_keys(['example_xcom_args', 'example_xcom_args_with_operators']) retrieved from /home/ndx/Innowise tasks/Innowise_task_5/airflow_env/lib/python3.8/site-packages/airflow/example_dags/example_xcomargs.py
[2022-08-04 00:20:00,688] {logging_mixin.py:115} INFO - [2022-08-04 00:20:00,687] {dag.py:2420} INFO - Sync 2 DAGs
[2022-08-04 00:20:00,698] {logging_mixin.py:115} INFO - [2022-08-04 00:20:00,698] {dag.py:2968} INFO - Setting next_dagrun for example_xcom_args to None, run_after=None
[2022-08-04 00:20:00,698] {logging_mixin.py:115} INFO - [2022-08-04 00:20:00,698] {dag.py:2968} INFO - Setting next_dagrun for example_xcom_args_with_operators to None, run_after=None
[2022-08-04 00:20:00,704] {processor.py:161} INFO - Processing /home/ndx/Innowise tasks/Innowise_task_5/airflow_env/lib/python3.8/site-packages/airflow/example_dags/example_xcomargs.py took 0.044 seconds
[2022-08-04 00:20:35,442] {processor.py:153} INFO - Started process (PID=47999) to work on /home/ndx/Innowise tasks/Innowise_task_5/airflow_env/lib/python3.8/site-packages/airflow/example_dags/example_xcomargs.py
[2022-08-04 00:20:35,447] {processor.py:641} INFO - Processing file /home/ndx/Innowise tasks/Innowise_task_5/airflow_env/lib/python3.8/site-packages/airflow/example_dags/example_xcomargs.py for tasks to queue
[2022-08-04 00:20:35,448] {logging_mixin.py:115} INFO - [2022-08-04 00:20:35,448] {dagbag.py:508} INFO - Filling up the DagBag from /home/ndx/Innowise tasks/Innowise_task_5/airflow_env/lib/python3.8/site-packages/airflow/example_dags/example_xcomargs.py
[2022-08-04 00:20:35,458] {processor.py:651} INFO - DAG(s) dict_keys(['example_xcom_args', 'example_xcom_args_with_operators']) retrieved from /home/ndx/Innowise tasks/Innowise_task_5/airflow_env/lib/python3.8/site-packages/airflow/example_dags/example_xcomargs.py
[2022-08-04 00:20:35,482] {logging_mixin.py:115} INFO - [2022-08-04 00:20:35,482] {dag.py:2420} INFO - Sync 2 DAGs
[2022-08-04 00:20:35,490] {logging_mixin.py:115} INFO - [2022-08-04 00:20:35,490] {dag.py:2968} INFO - Setting next_dagrun for example_xcom_args to None, run_after=None
[2022-08-04 00:20:35,490] {logging_mixin.py:115} INFO - [2022-08-04 00:20:35,490] {dag.py:2968} INFO - Setting next_dagrun for example_xcom_args_with_operators to None, run_after=None
[2022-08-04 00:20:35,497] {processor.py:161} INFO - Processing /home/ndx/Innowise tasks/Innowise_task_5/airflow_env/lib/python3.8/site-packages/airflow/example_dags/example_xcomargs.py took 0.057 seconds
[2022-08-04 00:21:07,396] {processor.py:153} INFO - Started process (PID=48093) to work on /home/ndx/Innowise tasks/Innowise_task_5/airflow_env/lib/python3.8/site-packages/airflow/example_dags/example_xcomargs.py
[2022-08-04 00:21:07,401] {processor.py:641} INFO - Processing file /home/ndx/Innowise tasks/Innowise_task_5/airflow_env/lib/python3.8/site-packages/airflow/example_dags/example_xcomargs.py for tasks to queue
[2022-08-04 00:21:07,402] {logging_mixin.py:115} INFO - [2022-08-04 00:21:07,402] {dagbag.py:508} INFO - Filling up the DagBag from /home/ndx/Innowise tasks/Innowise_task_5/airflow_env/lib/python3.8/site-packages/airflow/example_dags/example_xcomargs.py
[2022-08-04 00:21:07,413] {processor.py:651} INFO - DAG(s) dict_keys(['example_xcom_args', 'example_xcom_args_with_operators']) retrieved from /home/ndx/Innowise tasks/Innowise_task_5/airflow_env/lib/python3.8/site-packages/airflow/example_dags/example_xcomargs.py
[2022-08-04 00:21:07,425] {logging_mixin.py:115} INFO - [2022-08-04 00:21:07,425] {dag.py:2420} INFO - Sync 2 DAGs
[2022-08-04 00:21:07,437] {logging_mixin.py:115} INFO - [2022-08-04 00:21:07,437] {dag.py:2968} INFO - Setting next_dagrun for example_xcom_args to None, run_after=None
[2022-08-04 00:21:07,437] {logging_mixin.py:115} INFO - [2022-08-04 00:21:07,437] {dag.py:2968} INFO - Setting next_dagrun for example_xcom_args_with_operators to None, run_after=None
[2022-08-04 00:21:07,445] {processor.py:161} INFO - Processing /home/ndx/Innowise tasks/Innowise_task_5/airflow_env/lib/python3.8/site-packages/airflow/example_dags/example_xcomargs.py took 0.051 seconds
[2022-08-04 00:21:42,206] {processor.py:153} INFO - Started process (PID=48158) to work on /home/ndx/Innowise tasks/Innowise_task_5/airflow_env/lib/python3.8/site-packages/airflow/example_dags/example_xcomargs.py
[2022-08-04 00:21:42,211] {processor.py:641} INFO - Processing file /home/ndx/Innowise tasks/Innowise_task_5/airflow_env/lib/python3.8/site-packages/airflow/example_dags/example_xcomargs.py for tasks to queue
[2022-08-04 00:21:42,212] {logging_mixin.py:115} INFO - [2022-08-04 00:21:42,212] {dagbag.py:508} INFO - Filling up the DagBag from /home/ndx/Innowise tasks/Innowise_task_5/airflow_env/lib/python3.8/site-packages/airflow/example_dags/example_xcomargs.py
[2022-08-04 00:21:42,223] {processor.py:651} INFO - DAG(s) dict_keys(['example_xcom_args', 'example_xcom_args_with_operators']) retrieved from /home/ndx/Innowise tasks/Innowise_task_5/airflow_env/lib/python3.8/site-packages/airflow/example_dags/example_xcomargs.py
[2022-08-04 00:21:42,232] {logging_mixin.py:115} INFO - [2022-08-04 00:21:42,232] {dag.py:2420} INFO - Sync 2 DAGs
[2022-08-04 00:21:42,242] {logging_mixin.py:115} INFO - [2022-08-04 00:21:42,242] {dag.py:2968} INFO - Setting next_dagrun for example_xcom_args to None, run_after=None
[2022-08-04 00:21:42,242] {logging_mixin.py:115} INFO - [2022-08-04 00:21:42,242] {dag.py:2968} INFO - Setting next_dagrun for example_xcom_args_with_operators to None, run_after=None
[2022-08-04 00:21:42,249] {processor.py:161} INFO - Processing /home/ndx/Innowise tasks/Innowise_task_5/airflow_env/lib/python3.8/site-packages/airflow/example_dags/example_xcomargs.py took 0.045 seconds
[2022-08-04 00:22:16,707] {processor.py:153} INFO - Started process (PID=48227) to work on /home/ndx/Innowise tasks/Innowise_task_5/airflow_env/lib/python3.8/site-packages/airflow/example_dags/example_xcomargs.py
[2022-08-04 00:22:16,712] {processor.py:641} INFO - Processing file /home/ndx/Innowise tasks/Innowise_task_5/airflow_env/lib/python3.8/site-packages/airflow/example_dags/example_xcomargs.py for tasks to queue
[2022-08-04 00:22:16,712] {logging_mixin.py:115} INFO - [2022-08-04 00:22:16,712] {dagbag.py:508} INFO - Filling up the DagBag from /home/ndx/Innowise tasks/Innowise_task_5/airflow_env/lib/python3.8/site-packages/airflow/example_dags/example_xcomargs.py
[2022-08-04 00:22:16,724] {processor.py:651} INFO - DAG(s) dict_keys(['example_xcom_args', 'example_xcom_args_with_operators']) retrieved from /home/ndx/Innowise tasks/Innowise_task_5/airflow_env/lib/python3.8/site-packages/airflow/example_dags/example_xcomargs.py
[2022-08-04 00:22:16,735] {logging_mixin.py:115} INFO - [2022-08-04 00:22:16,735] {dag.py:2420} INFO - Sync 2 DAGs
[2022-08-04 00:22:16,746] {logging_mixin.py:115} INFO - [2022-08-04 00:22:16,746] {dag.py:2968} INFO - Setting next_dagrun for example_xcom_args to None, run_after=None
[2022-08-04 00:22:16,747] {logging_mixin.py:115} INFO - [2022-08-04 00:22:16,746] {dag.py:2968} INFO - Setting next_dagrun for example_xcom_args_with_operators to None, run_after=None
[2022-08-04 00:22:16,753] {processor.py:161} INFO - Processing /home/ndx/Innowise tasks/Innowise_task_5/airflow_env/lib/python3.8/site-packages/airflow/example_dags/example_xcomargs.py took 0.049 seconds
[2022-08-04 00:22:52,481] {processor.py:153} INFO - Started process (PID=48284) to work on /home/ndx/Innowise tasks/Innowise_task_5/airflow_env/lib/python3.8/site-packages/airflow/example_dags/example_xcomargs.py
[2022-08-04 00:22:52,487] {processor.py:641} INFO - Processing file /home/ndx/Innowise tasks/Innowise_task_5/airflow_env/lib/python3.8/site-packages/airflow/example_dags/example_xcomargs.py for tasks to queue
[2022-08-04 00:22:52,487] {logging_mixin.py:115} INFO - [2022-08-04 00:22:52,487] {dagbag.py:508} INFO - Filling up the DagBag from /home/ndx/Innowise tasks/Innowise_task_5/airflow_env/lib/python3.8/site-packages/airflow/example_dags/example_xcomargs.py
[2022-08-04 00:22:52,498] {processor.py:651} INFO - DAG(s) dict_keys(['example_xcom_args', 'example_xcom_args_with_operators']) retrieved from /home/ndx/Innowise tasks/Innowise_task_5/airflow_env/lib/python3.8/site-packages/airflow/example_dags/example_xcomargs.py
[2022-08-04 00:22:52,507] {logging_mixin.py:115} INFO - [2022-08-04 00:22:52,507] {dag.py:2420} INFO - Sync 2 DAGs
[2022-08-04 00:22:52,517] {logging_mixin.py:115} INFO - [2022-08-04 00:22:52,517] {dag.py:2968} INFO - Setting next_dagrun for example_xcom_args to None, run_after=None
[2022-08-04 00:22:52,517] {logging_mixin.py:115} INFO - [2022-08-04 00:22:52,517] {dag.py:2968} INFO - Setting next_dagrun for example_xcom_args_with_operators to None, run_after=None
[2022-08-04 00:22:52,525] {processor.py:161} INFO - Processing /home/ndx/Innowise tasks/Innowise_task_5/airflow_env/lib/python3.8/site-packages/airflow/example_dags/example_xcomargs.py took 0.045 seconds
[2022-08-04 00:23:27,596] {processor.py:153} INFO - Started process (PID=48334) to work on /home/ndx/Innowise tasks/Innowise_task_5/airflow_env/lib/python3.8/site-packages/airflow/example_dags/example_xcomargs.py
[2022-08-04 00:23:27,601] {processor.py:641} INFO - Processing file /home/ndx/Innowise tasks/Innowise_task_5/airflow_env/lib/python3.8/site-packages/airflow/example_dags/example_xcomargs.py for tasks to queue
[2022-08-04 00:23:27,602] {logging_mixin.py:115} INFO - [2022-08-04 00:23:27,602] {dagbag.py:508} INFO - Filling up the DagBag from /home/ndx/Innowise tasks/Innowise_task_5/airflow_env/lib/python3.8/site-packages/airflow/example_dags/example_xcomargs.py
[2022-08-04 00:23:27,613] {processor.py:651} INFO - DAG(s) dict_keys(['example_xcom_args', 'example_xcom_args_with_operators']) retrieved from /home/ndx/Innowise tasks/Innowise_task_5/airflow_env/lib/python3.8/site-packages/airflow/example_dags/example_xcomargs.py
[2022-08-04 00:23:27,622] {logging_mixin.py:115} INFO - [2022-08-04 00:23:27,622] {dag.py:2420} INFO - Sync 2 DAGs
[2022-08-04 00:23:27,632] {logging_mixin.py:115} INFO - [2022-08-04 00:23:27,632] {dag.py:2968} INFO - Setting next_dagrun for example_xcom_args to None, run_after=None
[2022-08-04 00:23:27,632] {logging_mixin.py:115} INFO - [2022-08-04 00:23:27,632] {dag.py:2968} INFO - Setting next_dagrun for example_xcom_args_with_operators to None, run_after=None
[2022-08-04 00:23:27,642] {processor.py:161} INFO - Processing /home/ndx/Innowise tasks/Innowise_task_5/airflow_env/lib/python3.8/site-packages/airflow/example_dags/example_xcomargs.py took 0.047 seconds
[2022-08-04 00:23:45,017] {processor.py:153} INFO - Started process (PID=48414) to work on /home/ndx/Innowise tasks/Innowise_task_5/airflow_env/lib/python3.8/site-packages/airflow/example_dags/example_xcomargs.py
[2022-08-04 00:23:45,017] {processor.py:641} INFO - Processing file /home/ndx/Innowise tasks/Innowise_task_5/airflow_env/lib/python3.8/site-packages/airflow/example_dags/example_xcomargs.py for tasks to queue
[2022-08-04 00:23:45,018] {logging_mixin.py:115} INFO - [2022-08-04 00:23:45,018] {dagbag.py:508} INFO - Filling up the DagBag from /home/ndx/Innowise tasks/Innowise_task_5/airflow_env/lib/python3.8/site-packages/airflow/example_dags/example_xcomargs.py
[2022-08-04 00:23:45,029] {processor.py:651} INFO - DAG(s) dict_keys(['example_xcom_args', 'example_xcom_args_with_operators']) retrieved from /home/ndx/Innowise tasks/Innowise_task_5/airflow_env/lib/python3.8/site-packages/airflow/example_dags/example_xcomargs.py
[2022-08-04 00:23:45,059] {logging_mixin.py:115} INFO - [2022-08-04 00:23:45,059] {dag.py:2420} INFO - Sync 2 DAGs
[2022-08-04 00:23:45,067] {logging_mixin.py:115} INFO - [2022-08-04 00:23:45,067] {dag.py:2968} INFO - Setting next_dagrun for example_xcom_args to None, run_after=None
[2022-08-04 00:23:45,068] {logging_mixin.py:115} INFO - [2022-08-04 00:23:45,068] {dag.py:2968} INFO - Setting next_dagrun for example_xcom_args_with_operators to None, run_after=None
[2022-08-04 00:23:45,076] {processor.py:161} INFO - Processing /home/ndx/Innowise tasks/Innowise_task_5/airflow_env/lib/python3.8/site-packages/airflow/example_dags/example_xcomargs.py took 0.061 seconds
[2022-08-04 00:24:16,443] {processor.py:153} INFO - Started process (PID=48491) to work on /home/ndx/Innowise tasks/Innowise_task_5/airflow_env/lib/python3.8/site-packages/airflow/example_dags/example_xcomargs.py
[2022-08-04 00:24:16,448] {processor.py:641} INFO - Processing file /home/ndx/Innowise tasks/Innowise_task_5/airflow_env/lib/python3.8/site-packages/airflow/example_dags/example_xcomargs.py for tasks to queue
[2022-08-04 00:24:16,449] {logging_mixin.py:115} INFO - [2022-08-04 00:24:16,448] {dagbag.py:508} INFO - Filling up the DagBag from /home/ndx/Innowise tasks/Innowise_task_5/airflow_env/lib/python3.8/site-packages/airflow/example_dags/example_xcomargs.py
[2022-08-04 00:24:16,459] {processor.py:651} INFO - DAG(s) dict_keys(['example_xcom_args', 'example_xcom_args_with_operators']) retrieved from /home/ndx/Innowise tasks/Innowise_task_5/airflow_env/lib/python3.8/site-packages/airflow/example_dags/example_xcomargs.py
[2022-08-04 00:24:16,485] {logging_mixin.py:115} INFO - [2022-08-04 00:24:16,485] {dag.py:2420} INFO - Sync 2 DAGs
[2022-08-04 00:24:16,493] {logging_mixin.py:115} INFO - [2022-08-04 00:24:16,493] {dag.py:2968} INFO - Setting next_dagrun for example_xcom_args to None, run_after=None
[2022-08-04 00:24:16,493] {logging_mixin.py:115} INFO - [2022-08-04 00:24:16,493] {dag.py:2968} INFO - Setting next_dagrun for example_xcom_args_with_operators to None, run_after=None
[2022-08-04 00:24:16,499] {processor.py:161} INFO - Processing /home/ndx/Innowise tasks/Innowise_task_5/airflow_env/lib/python3.8/site-packages/airflow/example_dags/example_xcomargs.py took 0.059 seconds
[2022-08-04 00:24:32,974] {processor.py:153} INFO - Started process (PID=48525) to work on /home/ndx/Innowise tasks/Innowise_task_5/airflow_env/lib/python3.8/site-packages/airflow/example_dags/example_xcomargs.py
[2022-08-04 00:24:32,979] {processor.py:641} INFO - Processing file /home/ndx/Innowise tasks/Innowise_task_5/airflow_env/lib/python3.8/site-packages/airflow/example_dags/example_xcomargs.py for tasks to queue
[2022-08-04 00:24:32,980] {logging_mixin.py:115} INFO - [2022-08-04 00:24:32,980] {dagbag.py:508} INFO - Filling up the DagBag from /home/ndx/Innowise tasks/Innowise_task_5/airflow_env/lib/python3.8/site-packages/airflow/example_dags/example_xcomargs.py
[2022-08-04 00:24:32,991] {processor.py:651} INFO - DAG(s) dict_keys(['example_xcom_args', 'example_xcom_args_with_operators']) retrieved from /home/ndx/Innowise tasks/Innowise_task_5/airflow_env/lib/python3.8/site-packages/airflow/example_dags/example_xcomargs.py
[2022-08-04 00:24:32,999] {logging_mixin.py:115} INFO - [2022-08-04 00:24:32,999] {dag.py:2420} INFO - Sync 2 DAGs
[2022-08-04 00:24:33,010] {logging_mixin.py:115} INFO - [2022-08-04 00:24:33,010] {dag.py:2968} INFO - Setting next_dagrun for example_xcom_args to None, run_after=None
[2022-08-04 00:24:33,010] {logging_mixin.py:115} INFO - [2022-08-04 00:24:33,010] {dag.py:2968} INFO - Setting next_dagrun for example_xcom_args_with_operators to None, run_after=None
[2022-08-04 00:24:33,017] {processor.py:161} INFO - Processing /home/ndx/Innowise tasks/Innowise_task_5/airflow_env/lib/python3.8/site-packages/airflow/example_dags/example_xcomargs.py took 0.045 seconds
[2022-08-04 00:24:50,387] {processor.py:153} INFO - Started process (PID=48573) to work on /home/ndx/Innowise tasks/Innowise_task_5/airflow_env/lib/python3.8/site-packages/airflow/example_dags/example_xcomargs.py
[2022-08-04 00:24:50,392] {processor.py:641} INFO - Processing file /home/ndx/Innowise tasks/Innowise_task_5/airflow_env/lib/python3.8/site-packages/airflow/example_dags/example_xcomargs.py for tasks to queue
[2022-08-04 00:24:50,392] {logging_mixin.py:115} INFO - [2022-08-04 00:24:50,392] {dagbag.py:508} INFO - Filling up the DagBag from /home/ndx/Innowise tasks/Innowise_task_5/airflow_env/lib/python3.8/site-packages/airflow/example_dags/example_xcomargs.py
[2022-08-04 00:24:50,402] {processor.py:651} INFO - DAG(s) dict_keys(['example_xcom_args', 'example_xcom_args_with_operators']) retrieved from /home/ndx/Innowise tasks/Innowise_task_5/airflow_env/lib/python3.8/site-packages/airflow/example_dags/example_xcomargs.py
[2022-08-04 00:24:50,427] {logging_mixin.py:115} INFO - [2022-08-04 00:24:50,427] {dag.py:2420} INFO - Sync 2 DAGs
[2022-08-04 00:24:50,435] {logging_mixin.py:115} INFO - [2022-08-04 00:24:50,435] {dag.py:2968} INFO - Setting next_dagrun for example_xcom_args to None, run_after=None
[2022-08-04 00:24:50,435] {logging_mixin.py:115} INFO - [2022-08-04 00:24:50,435] {dag.py:2968} INFO - Setting next_dagrun for example_xcom_args_with_operators to None, run_after=None
[2022-08-04 00:24:50,442] {processor.py:161} INFO - Processing /home/ndx/Innowise tasks/Innowise_task_5/airflow_env/lib/python3.8/site-packages/airflow/example_dags/example_xcomargs.py took 0.057 seconds
