[2022-08-04 00:00:35,383] {processor.py:153} INFO - Started process (PID=44872) to work on /home/ndx/Innowise tasks/Innowise_task_5/airflow_env/lib/python3.8/site-packages/airflow/example_dags/example_python_operator.py
[2022-08-04 00:00:35,384] {processor.py:641} INFO - Processing file /home/ndx/Innowise tasks/Innowise_task_5/airflow_env/lib/python3.8/site-packages/airflow/example_dags/example_python_operator.py for tasks to queue
[2022-08-04 00:00:35,384] {logging_mixin.py:115} INFO - [2022-08-04 00:00:35,384] {dagbag.py:508} INFO - Filling up the DagBag from /home/ndx/Innowise tasks/Innowise_task_5/airflow_env/lib/python3.8/site-packages/airflow/example_dags/example_python_operator.py
[2022-08-04 00:00:35,394] {processor.py:651} INFO - DAG(s) dict_keys(['example_python_operator']) retrieved from /home/ndx/Innowise tasks/Innowise_task_5/airflow_env/lib/python3.8/site-packages/airflow/example_dags/example_python_operator.py
[2022-08-04 00:00:35,403] {logging_mixin.py:115} INFO - [2022-08-04 00:00:35,403] {dag.py:2420} INFO - Sync 1 DAGs
[2022-08-04 00:00:35,416] {logging_mixin.py:115} INFO - [2022-08-04 00:00:35,416] {dag.py:2968} INFO - Setting next_dagrun for example_python_operator to None, run_after=None
[2022-08-04 00:00:35,429] {processor.py:161} INFO - Processing /home/ndx/Innowise tasks/Innowise_task_5/airflow_env/lib/python3.8/site-packages/airflow/example_dags/example_python_operator.py took 0.047 seconds
[2022-08-04 00:01:07,327] {processor.py:153} INFO - Started process (PID=45013) to work on /home/ndx/Innowise tasks/Innowise_task_5/airflow_env/lib/python3.8/site-packages/airflow/example_dags/example_python_operator.py
[2022-08-04 00:01:07,332] {processor.py:641} INFO - Processing file /home/ndx/Innowise tasks/Innowise_task_5/airflow_env/lib/python3.8/site-packages/airflow/example_dags/example_python_operator.py for tasks to queue
[2022-08-04 00:01:07,333] {logging_mixin.py:115} INFO - [2022-08-04 00:01:07,333] {dagbag.py:508} INFO - Filling up the DagBag from /home/ndx/Innowise tasks/Innowise_task_5/airflow_env/lib/python3.8/site-packages/airflow/example_dags/example_python_operator.py
[2022-08-04 00:01:07,343] {processor.py:651} INFO - DAG(s) dict_keys(['example_python_operator']) retrieved from /home/ndx/Innowise tasks/Innowise_task_5/airflow_env/lib/python3.8/site-packages/airflow/example_dags/example_python_operator.py
[2022-08-04 00:01:07,352] {logging_mixin.py:115} INFO - [2022-08-04 00:01:07,352] {dag.py:2420} INFO - Sync 1 DAGs
[2022-08-04 00:01:07,362] {logging_mixin.py:115} INFO - [2022-08-04 00:01:07,362] {dag.py:2968} INFO - Setting next_dagrun for example_python_operator to None, run_after=None
[2022-08-04 00:01:07,371] {processor.py:161} INFO - Processing /home/ndx/Innowise tasks/Innowise_task_5/airflow_env/lib/python3.8/site-packages/airflow/example_dags/example_python_operator.py took 0.046 seconds
[2022-08-04 00:01:43,363] {processor.py:153} INFO - Started process (PID=45101) to work on /home/ndx/Innowise tasks/Innowise_task_5/airflow_env/lib/python3.8/site-packages/airflow/example_dags/example_python_operator.py
[2022-08-04 00:01:43,369] {processor.py:641} INFO - Processing file /home/ndx/Innowise tasks/Innowise_task_5/airflow_env/lib/python3.8/site-packages/airflow/example_dags/example_python_operator.py for tasks to queue
[2022-08-04 00:01:43,369] {logging_mixin.py:115} INFO - [2022-08-04 00:01:43,369] {dagbag.py:508} INFO - Filling up the DagBag from /home/ndx/Innowise tasks/Innowise_task_5/airflow_env/lib/python3.8/site-packages/airflow/example_dags/example_python_operator.py
[2022-08-04 00:01:43,379] {processor.py:651} INFO - DAG(s) dict_keys(['example_python_operator']) retrieved from /home/ndx/Innowise tasks/Innowise_task_5/airflow_env/lib/python3.8/site-packages/airflow/example_dags/example_python_operator.py
[2022-08-04 00:01:43,390] {logging_mixin.py:115} INFO - [2022-08-04 00:01:43,390] {dag.py:2420} INFO - Sync 1 DAGs
[2022-08-04 00:01:43,401] {logging_mixin.py:115} INFO - [2022-08-04 00:01:43,400] {dag.py:2968} INFO - Setting next_dagrun for example_python_operator to None, run_after=None
[2022-08-04 00:01:43,408] {processor.py:161} INFO - Processing /home/ndx/Innowise tasks/Innowise_task_5/airflow_env/lib/python3.8/site-packages/airflow/example_dags/example_python_operator.py took 0.046 seconds
[2022-08-04 00:02:18,389] {processor.py:153} INFO - Started process (PID=45264) to work on /home/ndx/Innowise tasks/Innowise_task_5/airflow_env/lib/python3.8/site-packages/airflow/example_dags/example_python_operator.py
[2022-08-04 00:02:18,395] {processor.py:641} INFO - Processing file /home/ndx/Innowise tasks/Innowise_task_5/airflow_env/lib/python3.8/site-packages/airflow/example_dags/example_python_operator.py for tasks to queue
[2022-08-04 00:02:18,395] {logging_mixin.py:115} INFO - [2022-08-04 00:02:18,395] {dagbag.py:508} INFO - Filling up the DagBag from /home/ndx/Innowise tasks/Innowise_task_5/airflow_env/lib/python3.8/site-packages/airflow/example_dags/example_python_operator.py
[2022-08-04 00:02:18,404] {processor.py:651} INFO - DAG(s) dict_keys(['example_python_operator']) retrieved from /home/ndx/Innowise tasks/Innowise_task_5/airflow_env/lib/python3.8/site-packages/airflow/example_dags/example_python_operator.py
[2022-08-04 00:02:18,413] {logging_mixin.py:115} INFO - [2022-08-04 00:02:18,413] {dag.py:2420} INFO - Sync 1 DAGs
[2022-08-04 00:02:18,423] {logging_mixin.py:115} INFO - [2022-08-04 00:02:18,423] {dag.py:2968} INFO - Setting next_dagrun for example_python_operator to None, run_after=None
[2022-08-04 00:02:18,429] {processor.py:161} INFO - Processing /home/ndx/Innowise tasks/Innowise_task_5/airflow_env/lib/python3.8/site-packages/airflow/example_dags/example_python_operator.py took 0.042 seconds
[2022-08-04 00:02:53,183] {processor.py:153} INFO - Started process (PID=45345) to work on /home/ndx/Innowise tasks/Innowise_task_5/airflow_env/lib/python3.8/site-packages/airflow/example_dags/example_python_operator.py
[2022-08-04 00:02:53,189] {processor.py:641} INFO - Processing file /home/ndx/Innowise tasks/Innowise_task_5/airflow_env/lib/python3.8/site-packages/airflow/example_dags/example_python_operator.py for tasks to queue
[2022-08-04 00:02:53,189] {logging_mixin.py:115} INFO - [2022-08-04 00:02:53,189] {dagbag.py:508} INFO - Filling up the DagBag from /home/ndx/Innowise tasks/Innowise_task_5/airflow_env/lib/python3.8/site-packages/airflow/example_dags/example_python_operator.py
[2022-08-04 00:02:53,199] {processor.py:651} INFO - DAG(s) dict_keys(['example_python_operator']) retrieved from /home/ndx/Innowise tasks/Innowise_task_5/airflow_env/lib/python3.8/site-packages/airflow/example_dags/example_python_operator.py
[2022-08-04 00:02:53,207] {logging_mixin.py:115} INFO - [2022-08-04 00:02:53,207] {dag.py:2420} INFO - Sync 1 DAGs
[2022-08-04 00:02:53,218] {logging_mixin.py:115} INFO - [2022-08-04 00:02:53,217] {dag.py:2968} INFO - Setting next_dagrun for example_python_operator to None, run_after=None
[2022-08-04 00:02:53,224] {processor.py:161} INFO - Processing /home/ndx/Innowise tasks/Innowise_task_5/airflow_env/lib/python3.8/site-packages/airflow/example_dags/example_python_operator.py took 0.042 seconds
[2022-08-04 00:03:27,437] {processor.py:153} INFO - Started process (PID=45400) to work on /home/ndx/Innowise tasks/Innowise_task_5/airflow_env/lib/python3.8/site-packages/airflow/example_dags/example_python_operator.py
[2022-08-04 00:03:27,442] {processor.py:641} INFO - Processing file /home/ndx/Innowise tasks/Innowise_task_5/airflow_env/lib/python3.8/site-packages/airflow/example_dags/example_python_operator.py for tasks to queue
[2022-08-04 00:03:27,443] {logging_mixin.py:115} INFO - [2022-08-04 00:03:27,442] {dagbag.py:508} INFO - Filling up the DagBag from /home/ndx/Innowise tasks/Innowise_task_5/airflow_env/lib/python3.8/site-packages/airflow/example_dags/example_python_operator.py
[2022-08-04 00:03:27,453] {processor.py:651} INFO - DAG(s) dict_keys(['example_python_operator']) retrieved from /home/ndx/Innowise tasks/Innowise_task_5/airflow_env/lib/python3.8/site-packages/airflow/example_dags/example_python_operator.py
[2022-08-04 00:03:27,461] {logging_mixin.py:115} INFO - [2022-08-04 00:03:27,461] {dag.py:2420} INFO - Sync 1 DAGs
[2022-08-04 00:03:27,472] {logging_mixin.py:115} INFO - [2022-08-04 00:03:27,472] {dag.py:2968} INFO - Setting next_dagrun for example_python_operator to None, run_after=None
[2022-08-04 00:03:27,478] {processor.py:161} INFO - Processing /home/ndx/Innowise tasks/Innowise_task_5/airflow_env/lib/python3.8/site-packages/airflow/example_dags/example_python_operator.py took 0.043 seconds
[2022-08-04 00:04:03,437] {processor.py:153} INFO - Started process (PID=45476) to work on /home/ndx/Innowise tasks/Innowise_task_5/airflow_env/lib/python3.8/site-packages/airflow/example_dags/example_python_operator.py
[2022-08-04 00:04:03,442] {processor.py:641} INFO - Processing file /home/ndx/Innowise tasks/Innowise_task_5/airflow_env/lib/python3.8/site-packages/airflow/example_dags/example_python_operator.py for tasks to queue
[2022-08-04 00:04:03,443] {logging_mixin.py:115} INFO - [2022-08-04 00:04:03,443] {dagbag.py:508} INFO - Filling up the DagBag from /home/ndx/Innowise tasks/Innowise_task_5/airflow_env/lib/python3.8/site-packages/airflow/example_dags/example_python_operator.py
[2022-08-04 00:04:03,453] {processor.py:651} INFO - DAG(s) dict_keys(['example_python_operator']) retrieved from /home/ndx/Innowise tasks/Innowise_task_5/airflow_env/lib/python3.8/site-packages/airflow/example_dags/example_python_operator.py
[2022-08-04 00:04:03,461] {logging_mixin.py:115} INFO - [2022-08-04 00:04:03,461] {dag.py:2420} INFO - Sync 1 DAGs
[2022-08-04 00:04:03,471] {logging_mixin.py:115} INFO - [2022-08-04 00:04:03,471] {dag.py:2968} INFO - Setting next_dagrun for example_python_operator to None, run_after=None
[2022-08-04 00:04:03,477] {processor.py:161} INFO - Processing /home/ndx/Innowise tasks/Innowise_task_5/airflow_env/lib/python3.8/site-packages/airflow/example_dags/example_python_operator.py took 0.042 seconds
[2022-08-04 00:04:37,106] {processor.py:153} INFO - Started process (PID=45526) to work on /home/ndx/Innowise tasks/Innowise_task_5/airflow_env/lib/python3.8/site-packages/airflow/example_dags/example_python_operator.py
[2022-08-04 00:04:37,106] {processor.py:641} INFO - Processing file /home/ndx/Innowise tasks/Innowise_task_5/airflow_env/lib/python3.8/site-packages/airflow/example_dags/example_python_operator.py for tasks to queue
[2022-08-04 00:04:37,106] {logging_mixin.py:115} INFO - [2022-08-04 00:04:37,106] {dagbag.py:508} INFO - Filling up the DagBag from /home/ndx/Innowise tasks/Innowise_task_5/airflow_env/lib/python3.8/site-packages/airflow/example_dags/example_python_operator.py
[2022-08-04 00:04:37,116] {processor.py:651} INFO - DAG(s) dict_keys(['example_python_operator']) retrieved from /home/ndx/Innowise tasks/Innowise_task_5/airflow_env/lib/python3.8/site-packages/airflow/example_dags/example_python_operator.py
[2022-08-04 00:04:37,124] {logging_mixin.py:115} INFO - [2022-08-04 00:04:37,124] {dag.py:2420} INFO - Sync 1 DAGs
[2022-08-04 00:04:37,134] {logging_mixin.py:115} INFO - [2022-08-04 00:04:37,134] {dag.py:2968} INFO - Setting next_dagrun for example_python_operator to None, run_after=None
[2022-08-04 00:04:37,141] {processor.py:161} INFO - Processing /home/ndx/Innowise tasks/Innowise_task_5/airflow_env/lib/python3.8/site-packages/airflow/example_dags/example_python_operator.py took 0.036 seconds
[2022-08-04 00:05:10,248] {processor.py:153} INFO - Started process (PID=45687) to work on /home/ndx/Innowise tasks/Innowise_task_5/airflow_env/lib/python3.8/site-packages/airflow/example_dags/example_python_operator.py
[2022-08-04 00:05:10,253] {processor.py:641} INFO - Processing file /home/ndx/Innowise tasks/Innowise_task_5/airflow_env/lib/python3.8/site-packages/airflow/example_dags/example_python_operator.py for tasks to queue
[2022-08-04 00:05:10,253] {logging_mixin.py:115} INFO - [2022-08-04 00:05:10,253] {dagbag.py:508} INFO - Filling up the DagBag from /home/ndx/Innowise tasks/Innowise_task_5/airflow_env/lib/python3.8/site-packages/airflow/example_dags/example_python_operator.py
[2022-08-04 00:05:10,264] {processor.py:651} INFO - DAG(s) dict_keys(['example_python_operator']) retrieved from /home/ndx/Innowise tasks/Innowise_task_5/airflow_env/lib/python3.8/site-packages/airflow/example_dags/example_python_operator.py
[2022-08-04 00:05:10,275] {logging_mixin.py:115} INFO - [2022-08-04 00:05:10,275] {dag.py:2420} INFO - Sync 1 DAGs
[2022-08-04 00:05:10,290] {logging_mixin.py:115} INFO - [2022-08-04 00:05:10,290] {dag.py:2968} INFO - Setting next_dagrun for example_python_operator to None, run_after=None
[2022-08-04 00:05:10,298] {processor.py:161} INFO - Processing /home/ndx/Innowise tasks/Innowise_task_5/airflow_env/lib/python3.8/site-packages/airflow/example_dags/example_python_operator.py took 0.053 seconds
[2022-08-04 00:05:44,356] {processor.py:153} INFO - Started process (PID=45795) to work on /home/ndx/Innowise tasks/Innowise_task_5/airflow_env/lib/python3.8/site-packages/airflow/example_dags/example_python_operator.py
[2022-08-04 00:05:44,361] {processor.py:641} INFO - Processing file /home/ndx/Innowise tasks/Innowise_task_5/airflow_env/lib/python3.8/site-packages/airflow/example_dags/example_python_operator.py for tasks to queue
[2022-08-04 00:05:44,362] {logging_mixin.py:115} INFO - [2022-08-04 00:05:44,362] {dagbag.py:508} INFO - Filling up the DagBag from /home/ndx/Innowise tasks/Innowise_task_5/airflow_env/lib/python3.8/site-packages/airflow/example_dags/example_python_operator.py
[2022-08-04 00:05:44,372] {processor.py:651} INFO - DAG(s) dict_keys(['example_python_operator']) retrieved from /home/ndx/Innowise tasks/Innowise_task_5/airflow_env/lib/python3.8/site-packages/airflow/example_dags/example_python_operator.py
[2022-08-04 00:05:44,380] {logging_mixin.py:115} INFO - [2022-08-04 00:05:44,380] {dag.py:2420} INFO - Sync 1 DAGs
[2022-08-04 00:05:44,390] {logging_mixin.py:115} INFO - [2022-08-04 00:05:44,390] {dag.py:2968} INFO - Setting next_dagrun for example_python_operator to None, run_after=None
[2022-08-04 00:05:44,397] {processor.py:161} INFO - Processing /home/ndx/Innowise tasks/Innowise_task_5/airflow_env/lib/python3.8/site-packages/airflow/example_dags/example_python_operator.py took 0.042 seconds
[2022-08-04 00:06:18,485] {processor.py:153} INFO - Started process (PID=45890) to work on /home/ndx/Innowise tasks/Innowise_task_5/airflow_env/lib/python3.8/site-packages/airflow/example_dags/example_python_operator.py
[2022-08-04 00:06:18,490] {processor.py:641} INFO - Processing file /home/ndx/Innowise tasks/Innowise_task_5/airflow_env/lib/python3.8/site-packages/airflow/example_dags/example_python_operator.py for tasks to queue
[2022-08-04 00:06:18,491] {logging_mixin.py:115} INFO - [2022-08-04 00:06:18,491] {dagbag.py:508} INFO - Filling up the DagBag from /home/ndx/Innowise tasks/Innowise_task_5/airflow_env/lib/python3.8/site-packages/airflow/example_dags/example_python_operator.py
[2022-08-04 00:06:18,501] {processor.py:651} INFO - DAG(s) dict_keys(['example_python_operator']) retrieved from /home/ndx/Innowise tasks/Innowise_task_5/airflow_env/lib/python3.8/site-packages/airflow/example_dags/example_python_operator.py
[2022-08-04 00:06:18,510] {logging_mixin.py:115} INFO - [2022-08-04 00:06:18,510] {dag.py:2420} INFO - Sync 1 DAGs
[2022-08-04 00:06:18,521] {logging_mixin.py:115} INFO - [2022-08-04 00:06:18,521] {dag.py:2968} INFO - Setting next_dagrun for example_python_operator to None, run_after=None
[2022-08-04 00:06:18,528] {processor.py:161} INFO - Processing /home/ndx/Innowise tasks/Innowise_task_5/airflow_env/lib/python3.8/site-packages/airflow/example_dags/example_python_operator.py took 0.045 seconds
[2022-08-04 00:06:53,402] {processor.py:153} INFO - Started process (PID=45959) to work on /home/ndx/Innowise tasks/Innowise_task_5/airflow_env/lib/python3.8/site-packages/airflow/example_dags/example_python_operator.py
[2022-08-04 00:06:53,407] {processor.py:641} INFO - Processing file /home/ndx/Innowise tasks/Innowise_task_5/airflow_env/lib/python3.8/site-packages/airflow/example_dags/example_python_operator.py for tasks to queue
[2022-08-04 00:06:53,408] {logging_mixin.py:115} INFO - [2022-08-04 00:06:53,408] {dagbag.py:508} INFO - Filling up the DagBag from /home/ndx/Innowise tasks/Innowise_task_5/airflow_env/lib/python3.8/site-packages/airflow/example_dags/example_python_operator.py
[2022-08-04 00:06:53,420] {processor.py:651} INFO - DAG(s) dict_keys(['example_python_operator']) retrieved from /home/ndx/Innowise tasks/Innowise_task_5/airflow_env/lib/python3.8/site-packages/airflow/example_dags/example_python_operator.py
[2022-08-04 00:06:53,432] {logging_mixin.py:115} INFO - [2022-08-04 00:06:53,432] {dag.py:2420} INFO - Sync 1 DAGs
[2022-08-04 00:06:53,445] {logging_mixin.py:115} INFO - [2022-08-04 00:06:53,445] {dag.py:2968} INFO - Setting next_dagrun for example_python_operator to None, run_after=None
[2022-08-04 00:06:53,452] {processor.py:161} INFO - Processing /home/ndx/Innowise tasks/Innowise_task_5/airflow_env/lib/python3.8/site-packages/airflow/example_dags/example_python_operator.py took 0.052 seconds
[2022-08-04 00:07:25,927] {processor.py:153} INFO - Started process (PID=46034) to work on /home/ndx/Innowise tasks/Innowise_task_5/airflow_env/lib/python3.8/site-packages/airflow/example_dags/example_python_operator.py
[2022-08-04 00:07:25,932] {processor.py:641} INFO - Processing file /home/ndx/Innowise tasks/Innowise_task_5/airflow_env/lib/python3.8/site-packages/airflow/example_dags/example_python_operator.py for tasks to queue
[2022-08-04 00:07:25,932] {logging_mixin.py:115} INFO - [2022-08-04 00:07:25,932] {dagbag.py:508} INFO - Filling up the DagBag from /home/ndx/Innowise tasks/Innowise_task_5/airflow_env/lib/python3.8/site-packages/airflow/example_dags/example_python_operator.py
[2022-08-04 00:07:25,942] {processor.py:651} INFO - DAG(s) dict_keys(['example_python_operator']) retrieved from /home/ndx/Innowise tasks/Innowise_task_5/airflow_env/lib/python3.8/site-packages/airflow/example_dags/example_python_operator.py
[2022-08-04 00:07:25,952] {logging_mixin.py:115} INFO - [2022-08-04 00:07:25,952] {dag.py:2420} INFO - Sync 1 DAGs
[2022-08-04 00:07:25,964] {logging_mixin.py:115} INFO - [2022-08-04 00:07:25,964] {dag.py:2968} INFO - Setting next_dagrun for example_python_operator to None, run_after=None
[2022-08-04 00:07:25,971] {processor.py:161} INFO - Processing /home/ndx/Innowise tasks/Innowise_task_5/airflow_env/lib/python3.8/site-packages/airflow/example_dags/example_python_operator.py took 0.046 seconds
[2022-08-04 00:07:59,004] {processor.py:153} INFO - Started process (PID=46115) to work on /home/ndx/Innowise tasks/Innowise_task_5/airflow_env/lib/python3.8/site-packages/airflow/example_dags/example_python_operator.py
[2022-08-04 00:07:59,010] {processor.py:641} INFO - Processing file /home/ndx/Innowise tasks/Innowise_task_5/airflow_env/lib/python3.8/site-packages/airflow/example_dags/example_python_operator.py for tasks to queue
[2022-08-04 00:07:59,010] {logging_mixin.py:115} INFO - [2022-08-04 00:07:59,010] {dagbag.py:508} INFO - Filling up the DagBag from /home/ndx/Innowise tasks/Innowise_task_5/airflow_env/lib/python3.8/site-packages/airflow/example_dags/example_python_operator.py
[2022-08-04 00:07:59,021] {processor.py:651} INFO - DAG(s) dict_keys(['example_python_operator']) retrieved from /home/ndx/Innowise tasks/Innowise_task_5/airflow_env/lib/python3.8/site-packages/airflow/example_dags/example_python_operator.py
[2022-08-04 00:07:59,030] {logging_mixin.py:115} INFO - [2022-08-04 00:07:59,030] {dag.py:2420} INFO - Sync 1 DAGs
[2022-08-04 00:07:59,040] {logging_mixin.py:115} INFO - [2022-08-04 00:07:59,040] {dag.py:2968} INFO - Setting next_dagrun for example_python_operator to None, run_after=None
[2022-08-04 00:07:59,047] {processor.py:161} INFO - Processing /home/ndx/Innowise tasks/Innowise_task_5/airflow_env/lib/python3.8/site-packages/airflow/example_dags/example_python_operator.py took 0.044 seconds
[2022-08-04 00:08:34,052] {processor.py:153} INFO - Started process (PID=46172) to work on /home/ndx/Innowise tasks/Innowise_task_5/airflow_env/lib/python3.8/site-packages/airflow/example_dags/example_python_operator.py
[2022-08-04 00:08:34,057] {processor.py:641} INFO - Processing file /home/ndx/Innowise tasks/Innowise_task_5/airflow_env/lib/python3.8/site-packages/airflow/example_dags/example_python_operator.py for tasks to queue
[2022-08-04 00:08:34,058] {logging_mixin.py:115} INFO - [2022-08-04 00:08:34,058] {dagbag.py:508} INFO - Filling up the DagBag from /home/ndx/Innowise tasks/Innowise_task_5/airflow_env/lib/python3.8/site-packages/airflow/example_dags/example_python_operator.py
[2022-08-04 00:08:34,070] {processor.py:651} INFO - DAG(s) dict_keys(['example_python_operator']) retrieved from /home/ndx/Innowise tasks/Innowise_task_5/airflow_env/lib/python3.8/site-packages/airflow/example_dags/example_python_operator.py
[2022-08-04 00:08:34,079] {logging_mixin.py:115} INFO - [2022-08-04 00:08:34,079] {dag.py:2420} INFO - Sync 1 DAGs
[2022-08-04 00:08:34,092] {logging_mixin.py:115} INFO - [2022-08-04 00:08:34,092] {dag.py:2968} INFO - Setting next_dagrun for example_python_operator to None, run_after=None
[2022-08-04 00:08:34,099] {processor.py:161} INFO - Processing /home/ndx/Innowise tasks/Innowise_task_5/airflow_env/lib/python3.8/site-packages/airflow/example_dags/example_python_operator.py took 0.049 seconds
[2022-08-04 00:09:07,128] {processor.py:153} INFO - Started process (PID=46300) to work on /home/ndx/Innowise tasks/Innowise_task_5/airflow_env/lib/python3.8/site-packages/airflow/example_dags/example_python_operator.py
[2022-08-04 00:09:07,134] {processor.py:641} INFO - Processing file /home/ndx/Innowise tasks/Innowise_task_5/airflow_env/lib/python3.8/site-packages/airflow/example_dags/example_python_operator.py for tasks to queue
[2022-08-04 00:09:07,134] {logging_mixin.py:115} INFO - [2022-08-04 00:09:07,134] {dagbag.py:508} INFO - Filling up the DagBag from /home/ndx/Innowise tasks/Innowise_task_5/airflow_env/lib/python3.8/site-packages/airflow/example_dags/example_python_operator.py
[2022-08-04 00:09:07,144] {processor.py:651} INFO - DAG(s) dict_keys(['example_python_operator']) retrieved from /home/ndx/Innowise tasks/Innowise_task_5/airflow_env/lib/python3.8/site-packages/airflow/example_dags/example_python_operator.py
[2022-08-04 00:09:07,156] {logging_mixin.py:115} INFO - [2022-08-04 00:09:07,155] {dag.py:2420} INFO - Sync 1 DAGs
[2022-08-04 00:09:07,167] {logging_mixin.py:115} INFO - [2022-08-04 00:09:07,167] {dag.py:2968} INFO - Setting next_dagrun for example_python_operator to None, run_after=None
[2022-08-04 00:09:07,173] {processor.py:161} INFO - Processing /home/ndx/Innowise tasks/Innowise_task_5/airflow_env/lib/python3.8/site-packages/airflow/example_dags/example_python_operator.py took 0.047 seconds
[2022-08-04 00:09:45,946] {processor.py:153} INFO - Started process (PID=46388) to work on /home/ndx/Innowise tasks/Innowise_task_5/airflow_env/lib/python3.8/site-packages/airflow/example_dags/example_python_operator.py
[2022-08-04 00:09:45,951] {processor.py:641} INFO - Processing file /home/ndx/Innowise tasks/Innowise_task_5/airflow_env/lib/python3.8/site-packages/airflow/example_dags/example_python_operator.py for tasks to queue
[2022-08-04 00:09:45,951] {logging_mixin.py:115} INFO - [2022-08-04 00:09:45,951] {dagbag.py:508} INFO - Filling up the DagBag from /home/ndx/Innowise tasks/Innowise_task_5/airflow_env/lib/python3.8/site-packages/airflow/example_dags/example_python_operator.py
[2022-08-04 00:09:45,961] {processor.py:651} INFO - DAG(s) dict_keys(['example_python_operator']) retrieved from /home/ndx/Innowise tasks/Innowise_task_5/airflow_env/lib/python3.8/site-packages/airflow/example_dags/example_python_operator.py
[2022-08-04 00:09:45,970] {logging_mixin.py:115} INFO - [2022-08-04 00:09:45,970] {dag.py:2420} INFO - Sync 1 DAGs
[2022-08-04 00:09:45,980] {logging_mixin.py:115} INFO - [2022-08-04 00:09:45,980] {dag.py:2968} INFO - Setting next_dagrun for example_python_operator to None, run_after=None
[2022-08-04 00:09:45,986] {processor.py:161} INFO - Processing /home/ndx/Innowise tasks/Innowise_task_5/airflow_env/lib/python3.8/site-packages/airflow/example_dags/example_python_operator.py took 0.042 seconds
[2022-08-04 00:10:18,532] {processor.py:153} INFO - Started process (PID=46474) to work on /home/ndx/Innowise tasks/Innowise_task_5/airflow_env/lib/python3.8/site-packages/airflow/example_dags/example_python_operator.py
[2022-08-04 00:10:18,537] {processor.py:641} INFO - Processing file /home/ndx/Innowise tasks/Innowise_task_5/airflow_env/lib/python3.8/site-packages/airflow/example_dags/example_python_operator.py for tasks to queue
[2022-08-04 00:10:18,538] {logging_mixin.py:115} INFO - [2022-08-04 00:10:18,537] {dagbag.py:508} INFO - Filling up the DagBag from /home/ndx/Innowise tasks/Innowise_task_5/airflow_env/lib/python3.8/site-packages/airflow/example_dags/example_python_operator.py
[2022-08-04 00:10:18,547] {processor.py:651} INFO - DAG(s) dict_keys(['example_python_operator']) retrieved from /home/ndx/Innowise tasks/Innowise_task_5/airflow_env/lib/python3.8/site-packages/airflow/example_dags/example_python_operator.py
[2022-08-04 00:10:18,555] {logging_mixin.py:115} INFO - [2022-08-04 00:10:18,555] {dag.py:2420} INFO - Sync 1 DAGs
[2022-08-04 00:10:18,565] {logging_mixin.py:115} INFO - [2022-08-04 00:10:18,565] {dag.py:2968} INFO - Setting next_dagrun for example_python_operator to None, run_after=None
[2022-08-04 00:10:18,571] {processor.py:161} INFO - Processing /home/ndx/Innowise tasks/Innowise_task_5/airflow_env/lib/python3.8/site-packages/airflow/example_dags/example_python_operator.py took 0.041 seconds
[2022-08-04 00:10:52,217] {processor.py:153} INFO - Started process (PID=46556) to work on /home/ndx/Innowise tasks/Innowise_task_5/airflow_env/lib/python3.8/site-packages/airflow/example_dags/example_python_operator.py
[2022-08-04 00:10:52,218] {processor.py:641} INFO - Processing file /home/ndx/Innowise tasks/Innowise_task_5/airflow_env/lib/python3.8/site-packages/airflow/example_dags/example_python_operator.py for tasks to queue
[2022-08-04 00:10:52,218] {logging_mixin.py:115} INFO - [2022-08-04 00:10:52,218] {dagbag.py:508} INFO - Filling up the DagBag from /home/ndx/Innowise tasks/Innowise_task_5/airflow_env/lib/python3.8/site-packages/airflow/example_dags/example_python_operator.py
[2022-08-04 00:10:52,227] {processor.py:651} INFO - DAG(s) dict_keys(['example_python_operator']) retrieved from /home/ndx/Innowise tasks/Innowise_task_5/airflow_env/lib/python3.8/site-packages/airflow/example_dags/example_python_operator.py
[2022-08-04 00:10:52,236] {logging_mixin.py:115} INFO - [2022-08-04 00:10:52,236] {dag.py:2420} INFO - Sync 1 DAGs
[2022-08-04 00:10:52,245] {logging_mixin.py:115} INFO - [2022-08-04 00:10:52,245] {dag.py:2968} INFO - Setting next_dagrun for example_python_operator to None, run_after=None
[2022-08-04 00:10:52,251] {processor.py:161} INFO - Processing /home/ndx/Innowise tasks/Innowise_task_5/airflow_env/lib/python3.8/site-packages/airflow/example_dags/example_python_operator.py took 0.035 seconds
[2022-08-04 00:11:25,334] {processor.py:153} INFO - Started process (PID=46626) to work on /home/ndx/Innowise tasks/Innowise_task_5/airflow_env/lib/python3.8/site-packages/airflow/example_dags/example_python_operator.py
[2022-08-04 00:11:25,340] {processor.py:641} INFO - Processing file /home/ndx/Innowise tasks/Innowise_task_5/airflow_env/lib/python3.8/site-packages/airflow/example_dags/example_python_operator.py for tasks to queue
[2022-08-04 00:11:25,340] {logging_mixin.py:115} INFO - [2022-08-04 00:11:25,340] {dagbag.py:508} INFO - Filling up the DagBag from /home/ndx/Innowise tasks/Innowise_task_5/airflow_env/lib/python3.8/site-packages/airflow/example_dags/example_python_operator.py
[2022-08-04 00:11:25,349] {processor.py:651} INFO - DAG(s) dict_keys(['example_python_operator']) retrieved from /home/ndx/Innowise tasks/Innowise_task_5/airflow_env/lib/python3.8/site-packages/airflow/example_dags/example_python_operator.py
[2022-08-04 00:11:25,357] {logging_mixin.py:115} INFO - [2022-08-04 00:11:25,357] {dag.py:2420} INFO - Sync 1 DAGs
[2022-08-04 00:11:25,367] {logging_mixin.py:115} INFO - [2022-08-04 00:11:25,367] {dag.py:2968} INFO - Setting next_dagrun for example_python_operator to None, run_after=None
[2022-08-04 00:11:25,373] {processor.py:161} INFO - Processing /home/ndx/Innowise tasks/Innowise_task_5/airflow_env/lib/python3.8/site-packages/airflow/example_dags/example_python_operator.py took 0.040 seconds
[2022-08-04 00:12:00,179] {processor.py:153} INFO - Started process (PID=46687) to work on /home/ndx/Innowise tasks/Innowise_task_5/airflow_env/lib/python3.8/site-packages/airflow/example_dags/example_python_operator.py
[2022-08-04 00:12:00,184] {processor.py:641} INFO - Processing file /home/ndx/Innowise tasks/Innowise_task_5/airflow_env/lib/python3.8/site-packages/airflow/example_dags/example_python_operator.py for tasks to queue
[2022-08-04 00:12:00,185] {logging_mixin.py:115} INFO - [2022-08-04 00:12:00,185] {dagbag.py:508} INFO - Filling up the DagBag from /home/ndx/Innowise tasks/Innowise_task_5/airflow_env/lib/python3.8/site-packages/airflow/example_dags/example_python_operator.py
[2022-08-04 00:12:00,195] {processor.py:651} INFO - DAG(s) dict_keys(['example_python_operator']) retrieved from /home/ndx/Innowise tasks/Innowise_task_5/airflow_env/lib/python3.8/site-packages/airflow/example_dags/example_python_operator.py
[2022-08-04 00:12:00,203] {logging_mixin.py:115} INFO - [2022-08-04 00:12:00,203] {dag.py:2420} INFO - Sync 1 DAGs
[2022-08-04 00:12:00,213] {logging_mixin.py:115} INFO - [2022-08-04 00:12:00,213] {dag.py:2968} INFO - Setting next_dagrun for example_python_operator to None, run_after=None
[2022-08-04 00:12:00,222] {processor.py:161} INFO - Processing /home/ndx/Innowise tasks/Innowise_task_5/airflow_env/lib/python3.8/site-packages/airflow/example_dags/example_python_operator.py took 0.045 seconds
[2022-08-04 00:12:34,697] {processor.py:153} INFO - Started process (PID=46740) to work on /home/ndx/Innowise tasks/Innowise_task_5/airflow_env/lib/python3.8/site-packages/airflow/example_dags/example_python_operator.py
[2022-08-04 00:12:34,702] {processor.py:641} INFO - Processing file /home/ndx/Innowise tasks/Innowise_task_5/airflow_env/lib/python3.8/site-packages/airflow/example_dags/example_python_operator.py for tasks to queue
[2022-08-04 00:12:34,703] {logging_mixin.py:115} INFO - [2022-08-04 00:12:34,703] {dagbag.py:508} INFO - Filling up the DagBag from /home/ndx/Innowise tasks/Innowise_task_5/airflow_env/lib/python3.8/site-packages/airflow/example_dags/example_python_operator.py
[2022-08-04 00:12:34,713] {processor.py:651} INFO - DAG(s) dict_keys(['example_python_operator']) retrieved from /home/ndx/Innowise tasks/Innowise_task_5/airflow_env/lib/python3.8/site-packages/airflow/example_dags/example_python_operator.py
[2022-08-04 00:12:34,722] {logging_mixin.py:115} INFO - [2022-08-04 00:12:34,722] {dag.py:2420} INFO - Sync 1 DAGs
[2022-08-04 00:12:34,732] {logging_mixin.py:115} INFO - [2022-08-04 00:12:34,732] {dag.py:2968} INFO - Setting next_dagrun for example_python_operator to None, run_after=None
[2022-08-04 00:12:34,738] {processor.py:161} INFO - Processing /home/ndx/Innowise tasks/Innowise_task_5/airflow_env/lib/python3.8/site-packages/airflow/example_dags/example_python_operator.py took 0.043 seconds
[2022-08-04 00:13:09,241] {processor.py:153} INFO - Started process (PID=46810) to work on /home/ndx/Innowise tasks/Innowise_task_5/airflow_env/lib/python3.8/site-packages/airflow/example_dags/example_python_operator.py
[2022-08-04 00:13:09,246] {processor.py:641} INFO - Processing file /home/ndx/Innowise tasks/Innowise_task_5/airflow_env/lib/python3.8/site-packages/airflow/example_dags/example_python_operator.py for tasks to queue
[2022-08-04 00:13:09,247] {logging_mixin.py:115} INFO - [2022-08-04 00:13:09,247] {dagbag.py:508} INFO - Filling up the DagBag from /home/ndx/Innowise tasks/Innowise_task_5/airflow_env/lib/python3.8/site-packages/airflow/example_dags/example_python_operator.py
[2022-08-04 00:13:09,258] {processor.py:651} INFO - DAG(s) dict_keys(['example_python_operator']) retrieved from /home/ndx/Innowise tasks/Innowise_task_5/airflow_env/lib/python3.8/site-packages/airflow/example_dags/example_python_operator.py
[2022-08-04 00:13:09,267] {logging_mixin.py:115} INFO - [2022-08-04 00:13:09,267] {dag.py:2420} INFO - Sync 1 DAGs
[2022-08-04 00:13:09,278] {logging_mixin.py:115} INFO - [2022-08-04 00:13:09,278] {dag.py:2968} INFO - Setting next_dagrun for example_python_operator to None, run_after=None
[2022-08-04 00:13:09,285] {processor.py:161} INFO - Processing /home/ndx/Innowise tasks/Innowise_task_5/airflow_env/lib/python3.8/site-packages/airflow/example_dags/example_python_operator.py took 0.046 seconds
[2022-08-04 00:13:42,932] {processor.py:153} INFO - Started process (PID=46923) to work on /home/ndx/Innowise tasks/Innowise_task_5/airflow_env/lib/python3.8/site-packages/airflow/example_dags/example_python_operator.py
[2022-08-04 00:13:42,938] {processor.py:641} INFO - Processing file /home/ndx/Innowise tasks/Innowise_task_5/airflow_env/lib/python3.8/site-packages/airflow/example_dags/example_python_operator.py for tasks to queue
[2022-08-04 00:13:42,938] {logging_mixin.py:115} INFO - [2022-08-04 00:13:42,938] {dagbag.py:508} INFO - Filling up the DagBag from /home/ndx/Innowise tasks/Innowise_task_5/airflow_env/lib/python3.8/site-packages/airflow/example_dags/example_python_operator.py
[2022-08-04 00:13:42,949] {processor.py:651} INFO - DAG(s) dict_keys(['example_python_operator']) retrieved from /home/ndx/Innowise tasks/Innowise_task_5/airflow_env/lib/python3.8/site-packages/airflow/example_dags/example_python_operator.py
[2022-08-04 00:13:42,958] {logging_mixin.py:115} INFO - [2022-08-04 00:13:42,958] {dag.py:2420} INFO - Sync 1 DAGs
[2022-08-04 00:13:42,968] {logging_mixin.py:115} INFO - [2022-08-04 00:13:42,968] {dag.py:2968} INFO - Setting next_dagrun for example_python_operator to None, run_after=None
[2022-08-04 00:13:42,974] {processor.py:161} INFO - Processing /home/ndx/Innowise tasks/Innowise_task_5/airflow_env/lib/python3.8/site-packages/airflow/example_dags/example_python_operator.py took 0.043 seconds
[2022-08-04 00:14:16,031] {processor.py:153} INFO - Started process (PID=47022) to work on /home/ndx/Innowise tasks/Innowise_task_5/airflow_env/lib/python3.8/site-packages/airflow/example_dags/example_python_operator.py
[2022-08-04 00:14:16,036] {processor.py:641} INFO - Processing file /home/ndx/Innowise tasks/Innowise_task_5/airflow_env/lib/python3.8/site-packages/airflow/example_dags/example_python_operator.py for tasks to queue
[2022-08-04 00:14:16,037] {logging_mixin.py:115} INFO - [2022-08-04 00:14:16,037] {dagbag.py:508} INFO - Filling up the DagBag from /home/ndx/Innowise tasks/Innowise_task_5/airflow_env/lib/python3.8/site-packages/airflow/example_dags/example_python_operator.py
[2022-08-04 00:14:16,047] {processor.py:651} INFO - DAG(s) dict_keys(['example_python_operator']) retrieved from /home/ndx/Innowise tasks/Innowise_task_5/airflow_env/lib/python3.8/site-packages/airflow/example_dags/example_python_operator.py
[2022-08-04 00:14:16,055] {logging_mixin.py:115} INFO - [2022-08-04 00:14:16,055] {dag.py:2420} INFO - Sync 1 DAGs
[2022-08-04 00:14:16,068] {logging_mixin.py:115} INFO - [2022-08-04 00:14:16,068] {dag.py:2968} INFO - Setting next_dagrun for example_python_operator to None, run_after=None
[2022-08-04 00:14:16,076] {processor.py:161} INFO - Processing /home/ndx/Innowise tasks/Innowise_task_5/airflow_env/lib/python3.8/site-packages/airflow/example_dags/example_python_operator.py took 0.046 seconds
[2022-08-04 00:14:50,954] {processor.py:153} INFO - Started process (PID=47116) to work on /home/ndx/Innowise tasks/Innowise_task_5/airflow_env/lib/python3.8/site-packages/airflow/example_dags/example_python_operator.py
[2022-08-04 00:14:50,959] {processor.py:641} INFO - Processing file /home/ndx/Innowise tasks/Innowise_task_5/airflow_env/lib/python3.8/site-packages/airflow/example_dags/example_python_operator.py for tasks to queue
[2022-08-04 00:14:50,960] {logging_mixin.py:115} INFO - [2022-08-04 00:14:50,960] {dagbag.py:508} INFO - Filling up the DagBag from /home/ndx/Innowise tasks/Innowise_task_5/airflow_env/lib/python3.8/site-packages/airflow/example_dags/example_python_operator.py
[2022-08-04 00:14:50,970] {processor.py:651} INFO - DAG(s) dict_keys(['example_python_operator']) retrieved from /home/ndx/Innowise tasks/Innowise_task_5/airflow_env/lib/python3.8/site-packages/airflow/example_dags/example_python_operator.py
[2022-08-04 00:14:50,979] {logging_mixin.py:115} INFO - [2022-08-04 00:14:50,979] {dag.py:2420} INFO - Sync 1 DAGs
[2022-08-04 00:14:50,989] {logging_mixin.py:115} INFO - [2022-08-04 00:14:50,989] {dag.py:2968} INFO - Setting next_dagrun for example_python_operator to None, run_after=None
[2022-08-04 00:14:50,996] {processor.py:161} INFO - Processing /home/ndx/Innowise tasks/Innowise_task_5/airflow_env/lib/python3.8/site-packages/airflow/example_dags/example_python_operator.py took 0.044 seconds
[2022-08-04 00:15:28,491] {processor.py:153} INFO - Started process (PID=47227) to work on /home/ndx/Innowise tasks/Innowise_task_5/airflow_env/lib/python3.8/site-packages/airflow/example_dags/example_python_operator.py
[2022-08-04 00:15:28,496] {processor.py:641} INFO - Processing file /home/ndx/Innowise tasks/Innowise_task_5/airflow_env/lib/python3.8/site-packages/airflow/example_dags/example_python_operator.py for tasks to queue
[2022-08-04 00:15:28,497] {logging_mixin.py:115} INFO - [2022-08-04 00:15:28,497] {dagbag.py:508} INFO - Filling up the DagBag from /home/ndx/Innowise tasks/Innowise_task_5/airflow_env/lib/python3.8/site-packages/airflow/example_dags/example_python_operator.py
[2022-08-04 00:15:28,508] {processor.py:651} INFO - DAG(s) dict_keys(['example_python_operator']) retrieved from /home/ndx/Innowise tasks/Innowise_task_5/airflow_env/lib/python3.8/site-packages/airflow/example_dags/example_python_operator.py
[2022-08-04 00:15:28,519] {logging_mixin.py:115} INFO - [2022-08-04 00:15:28,519] {dag.py:2420} INFO - Sync 1 DAGs
[2022-08-04 00:15:28,530] {logging_mixin.py:115} INFO - [2022-08-04 00:15:28,530] {dag.py:2968} INFO - Setting next_dagrun for example_python_operator to None, run_after=None
[2022-08-04 00:15:28,537] {processor.py:161} INFO - Processing /home/ndx/Innowise tasks/Innowise_task_5/airflow_env/lib/python3.8/site-packages/airflow/example_dags/example_python_operator.py took 0.047 seconds
[2022-08-04 00:16:03,038] {processor.py:153} INFO - Started process (PID=47267) to work on /home/ndx/Innowise tasks/Innowise_task_5/airflow_env/lib/python3.8/site-packages/airflow/example_dags/example_python_operator.py
[2022-08-04 00:16:03,044] {processor.py:641} INFO - Processing file /home/ndx/Innowise tasks/Innowise_task_5/airflow_env/lib/python3.8/site-packages/airflow/example_dags/example_python_operator.py for tasks to queue
[2022-08-04 00:16:03,044] {logging_mixin.py:115} INFO - [2022-08-04 00:16:03,044] {dagbag.py:508} INFO - Filling up the DagBag from /home/ndx/Innowise tasks/Innowise_task_5/airflow_env/lib/python3.8/site-packages/airflow/example_dags/example_python_operator.py
[2022-08-04 00:16:03,054] {processor.py:651} INFO - DAG(s) dict_keys(['example_python_operator']) retrieved from /home/ndx/Innowise tasks/Innowise_task_5/airflow_env/lib/python3.8/site-packages/airflow/example_dags/example_python_operator.py
[2022-08-04 00:16:03,063] {logging_mixin.py:115} INFO - [2022-08-04 00:16:03,063] {dag.py:2420} INFO - Sync 1 DAGs
[2022-08-04 00:16:03,072] {logging_mixin.py:115} INFO - [2022-08-04 00:16:03,072] {dag.py:2968} INFO - Setting next_dagrun for example_python_operator to None, run_after=None
[2022-08-04 00:16:03,082] {processor.py:161} INFO - Processing /home/ndx/Innowise tasks/Innowise_task_5/airflow_env/lib/python3.8/site-packages/airflow/example_dags/example_python_operator.py took 0.045 seconds
[2022-08-04 00:16:36,631] {processor.py:153} INFO - Started process (PID=47362) to work on /home/ndx/Innowise tasks/Innowise_task_5/airflow_env/lib/python3.8/site-packages/airflow/example_dags/example_python_operator.py
[2022-08-04 00:16:36,636] {processor.py:641} INFO - Processing file /home/ndx/Innowise tasks/Innowise_task_5/airflow_env/lib/python3.8/site-packages/airflow/example_dags/example_python_operator.py for tasks to queue
[2022-08-04 00:16:36,637] {logging_mixin.py:115} INFO - [2022-08-04 00:16:36,637] {dagbag.py:508} INFO - Filling up the DagBag from /home/ndx/Innowise tasks/Innowise_task_5/airflow_env/lib/python3.8/site-packages/airflow/example_dags/example_python_operator.py
[2022-08-04 00:16:36,647] {processor.py:651} INFO - DAG(s) dict_keys(['example_python_operator']) retrieved from /home/ndx/Innowise tasks/Innowise_task_5/airflow_env/lib/python3.8/site-packages/airflow/example_dags/example_python_operator.py
[2022-08-04 00:16:36,658] {logging_mixin.py:115} INFO - [2022-08-04 00:16:36,657] {dag.py:2420} INFO - Sync 1 DAGs
[2022-08-04 00:16:36,671] {logging_mixin.py:115} INFO - [2022-08-04 00:16:36,670] {dag.py:2968} INFO - Setting next_dagrun for example_python_operator to None, run_after=None
[2022-08-04 00:16:36,679] {processor.py:161} INFO - Processing /home/ndx/Innowise tasks/Innowise_task_5/airflow_env/lib/python3.8/site-packages/airflow/example_dags/example_python_operator.py took 0.049 seconds
[2022-08-04 00:17:11,483] {processor.py:153} INFO - Started process (PID=47454) to work on /home/ndx/Innowise tasks/Innowise_task_5/airflow_env/lib/python3.8/site-packages/airflow/example_dags/example_python_operator.py
[2022-08-04 00:17:11,489] {processor.py:641} INFO - Processing file /home/ndx/Innowise tasks/Innowise_task_5/airflow_env/lib/python3.8/site-packages/airflow/example_dags/example_python_operator.py for tasks to queue
[2022-08-04 00:17:11,489] {logging_mixin.py:115} INFO - [2022-08-04 00:17:11,489] {dagbag.py:508} INFO - Filling up the DagBag from /home/ndx/Innowise tasks/Innowise_task_5/airflow_env/lib/python3.8/site-packages/airflow/example_dags/example_python_operator.py
[2022-08-04 00:17:11,499] {processor.py:651} INFO - DAG(s) dict_keys(['example_python_operator']) retrieved from /home/ndx/Innowise tasks/Innowise_task_5/airflow_env/lib/python3.8/site-packages/airflow/example_dags/example_python_operator.py
[2022-08-04 00:17:11,508] {logging_mixin.py:115} INFO - [2022-08-04 00:17:11,508] {dag.py:2420} INFO - Sync 1 DAGs
[2022-08-04 00:17:11,519] {logging_mixin.py:115} INFO - [2022-08-04 00:17:11,519] {dag.py:2968} INFO - Setting next_dagrun for example_python_operator to None, run_after=None
[2022-08-04 00:17:11,525] {processor.py:161} INFO - Processing /home/ndx/Innowise tasks/Innowise_task_5/airflow_env/lib/python3.8/site-packages/airflow/example_dags/example_python_operator.py took 0.044 seconds
[2022-08-04 00:17:51,379] {processor.py:153} INFO - Started process (PID=47530) to work on /home/ndx/Innowise tasks/Innowise_task_5/airflow_env/lib/python3.8/site-packages/airflow/example_dags/example_python_operator.py
[2022-08-04 00:17:51,379] {processor.py:641} INFO - Processing file /home/ndx/Innowise tasks/Innowise_task_5/airflow_env/lib/python3.8/site-packages/airflow/example_dags/example_python_operator.py for tasks to queue
[2022-08-04 00:17:51,380] {logging_mixin.py:115} INFO - [2022-08-04 00:17:51,380] {dagbag.py:508} INFO - Filling up the DagBag from /home/ndx/Innowise tasks/Innowise_task_5/airflow_env/lib/python3.8/site-packages/airflow/example_dags/example_python_operator.py
[2022-08-04 00:17:51,388] {processor.py:651} INFO - DAG(s) dict_keys(['example_python_operator']) retrieved from /home/ndx/Innowise tasks/Innowise_task_5/airflow_env/lib/python3.8/site-packages/airflow/example_dags/example_python_operator.py
[2022-08-04 00:17:51,395] {logging_mixin.py:115} INFO - [2022-08-04 00:17:51,395] {dag.py:2420} INFO - Sync 1 DAGs
[2022-08-04 00:17:51,404] {logging_mixin.py:115} INFO - [2022-08-04 00:17:51,404] {dag.py:2968} INFO - Setting next_dagrun for example_python_operator to None, run_after=None
[2022-08-04 00:17:51,410] {processor.py:161} INFO - Processing /home/ndx/Innowise tasks/Innowise_task_5/airflow_env/lib/python3.8/site-packages/airflow/example_dags/example_python_operator.py took 0.032 seconds
[2022-08-04 00:18:25,449] {processor.py:153} INFO - Started process (PID=47592) to work on /home/ndx/Innowise tasks/Innowise_task_5/airflow_env/lib/python3.8/site-packages/airflow/example_dags/example_python_operator.py
[2022-08-04 00:18:25,454] {processor.py:641} INFO - Processing file /home/ndx/Innowise tasks/Innowise_task_5/airflow_env/lib/python3.8/site-packages/airflow/example_dags/example_python_operator.py for tasks to queue
[2022-08-04 00:18:25,455] {logging_mixin.py:115} INFO - [2022-08-04 00:18:25,455] {dagbag.py:508} INFO - Filling up the DagBag from /home/ndx/Innowise tasks/Innowise_task_5/airflow_env/lib/python3.8/site-packages/airflow/example_dags/example_python_operator.py
[2022-08-04 00:18:25,465] {processor.py:651} INFO - DAG(s) dict_keys(['example_python_operator']) retrieved from /home/ndx/Innowise tasks/Innowise_task_5/airflow_env/lib/python3.8/site-packages/airflow/example_dags/example_python_operator.py
[2022-08-04 00:18:25,474] {logging_mixin.py:115} INFO - [2022-08-04 00:18:25,474] {dag.py:2420} INFO - Sync 1 DAGs
[2022-08-04 00:18:25,484] {logging_mixin.py:115} INFO - [2022-08-04 00:18:25,484] {dag.py:2968} INFO - Setting next_dagrun for example_python_operator to None, run_after=None
[2022-08-04 00:18:25,490] {processor.py:161} INFO - Processing /home/ndx/Innowise tasks/Innowise_task_5/airflow_env/lib/python3.8/site-packages/airflow/example_dags/example_python_operator.py took 0.043 seconds
[2022-08-04 00:19:00,138] {processor.py:153} INFO - Started process (PID=47747) to work on /home/ndx/Innowise tasks/Innowise_task_5/airflow_env/lib/python3.8/site-packages/airflow/example_dags/example_python_operator.py
[2022-08-04 00:19:00,143] {processor.py:641} INFO - Processing file /home/ndx/Innowise tasks/Innowise_task_5/airflow_env/lib/python3.8/site-packages/airflow/example_dags/example_python_operator.py for tasks to queue
[2022-08-04 00:19:00,144] {logging_mixin.py:115} INFO - [2022-08-04 00:19:00,144] {dagbag.py:508} INFO - Filling up the DagBag from /home/ndx/Innowise tasks/Innowise_task_5/airflow_env/lib/python3.8/site-packages/airflow/example_dags/example_python_operator.py
[2022-08-04 00:19:00,154] {processor.py:651} INFO - DAG(s) dict_keys(['example_python_operator']) retrieved from /home/ndx/Innowise tasks/Innowise_task_5/airflow_env/lib/python3.8/site-packages/airflow/example_dags/example_python_operator.py
[2022-08-04 00:19:00,163] {logging_mixin.py:115} INFO - [2022-08-04 00:19:00,163] {dag.py:2420} INFO - Sync 1 DAGs
[2022-08-04 00:19:00,174] {logging_mixin.py:115} INFO - [2022-08-04 00:19:00,174] {dag.py:2968} INFO - Setting next_dagrun for example_python_operator to None, run_after=None
[2022-08-04 00:19:00,181] {processor.py:161} INFO - Processing /home/ndx/Innowise tasks/Innowise_task_5/airflow_env/lib/python3.8/site-packages/airflow/example_dags/example_python_operator.py took 0.045 seconds
[2022-08-04 00:19:33,933] {processor.py:153} INFO - Started process (PID=47845) to work on /home/ndx/Innowise tasks/Innowise_task_5/airflow_env/lib/python3.8/site-packages/airflow/example_dags/example_python_operator.py
[2022-08-04 00:19:33,939] {processor.py:641} INFO - Processing file /home/ndx/Innowise tasks/Innowise_task_5/airflow_env/lib/python3.8/site-packages/airflow/example_dags/example_python_operator.py for tasks to queue
[2022-08-04 00:19:33,939] {logging_mixin.py:115} INFO - [2022-08-04 00:19:33,939] {dagbag.py:508} INFO - Filling up the DagBag from /home/ndx/Innowise tasks/Innowise_task_5/airflow_env/lib/python3.8/site-packages/airflow/example_dags/example_python_operator.py
[2022-08-04 00:19:33,949] {processor.py:651} INFO - DAG(s) dict_keys(['example_python_operator']) retrieved from /home/ndx/Innowise tasks/Innowise_task_5/airflow_env/lib/python3.8/site-packages/airflow/example_dags/example_python_operator.py
[2022-08-04 00:19:33,958] {logging_mixin.py:115} INFO - [2022-08-04 00:19:33,958] {dag.py:2420} INFO - Sync 1 DAGs
[2022-08-04 00:19:33,968] {logging_mixin.py:115} INFO - [2022-08-04 00:19:33,968] {dag.py:2968} INFO - Setting next_dagrun for example_python_operator to None, run_after=None
[2022-08-04 00:19:33,975] {processor.py:161} INFO - Processing /home/ndx/Innowise tasks/Innowise_task_5/airflow_env/lib/python3.8/site-packages/airflow/example_dags/example_python_operator.py took 0.043 seconds
[2022-08-04 00:20:08,136] {processor.py:153} INFO - Started process (PID=47910) to work on /home/ndx/Innowise tasks/Innowise_task_5/airflow_env/lib/python3.8/site-packages/airflow/example_dags/example_python_operator.py
[2022-08-04 00:20:08,137] {processor.py:641} INFO - Processing file /home/ndx/Innowise tasks/Innowise_task_5/airflow_env/lib/python3.8/site-packages/airflow/example_dags/example_python_operator.py for tasks to queue
[2022-08-04 00:20:08,137] {logging_mixin.py:115} INFO - [2022-08-04 00:20:08,137] {dagbag.py:508} INFO - Filling up the DagBag from /home/ndx/Innowise tasks/Innowise_task_5/airflow_env/lib/python3.8/site-packages/airflow/example_dags/example_python_operator.py
[2022-08-04 00:20:08,147] {processor.py:651} INFO - DAG(s) dict_keys(['example_python_operator']) retrieved from /home/ndx/Innowise tasks/Innowise_task_5/airflow_env/lib/python3.8/site-packages/airflow/example_dags/example_python_operator.py
[2022-08-04 00:20:08,157] {logging_mixin.py:115} INFO - [2022-08-04 00:20:08,157] {dag.py:2420} INFO - Sync 1 DAGs
[2022-08-04 00:20:08,168] {logging_mixin.py:115} INFO - [2022-08-04 00:20:08,168] {dag.py:2968} INFO - Setting next_dagrun for example_python_operator to None, run_after=None
[2022-08-04 00:20:08,176] {processor.py:161} INFO - Processing /home/ndx/Innowise tasks/Innowise_task_5/airflow_env/lib/python3.8/site-packages/airflow/example_dags/example_python_operator.py took 0.041 seconds
[2022-08-04 00:20:42,843] {processor.py:153} INFO - Started process (PID=48008) to work on /home/ndx/Innowise tasks/Innowise_task_5/airflow_env/lib/python3.8/site-packages/airflow/example_dags/example_python_operator.py
[2022-08-04 00:20:42,849] {processor.py:641} INFO - Processing file /home/ndx/Innowise tasks/Innowise_task_5/airflow_env/lib/python3.8/site-packages/airflow/example_dags/example_python_operator.py for tasks to queue
[2022-08-04 00:20:42,849] {logging_mixin.py:115} INFO - [2022-08-04 00:20:42,849] {dagbag.py:508} INFO - Filling up the DagBag from /home/ndx/Innowise tasks/Innowise_task_5/airflow_env/lib/python3.8/site-packages/airflow/example_dags/example_python_operator.py
[2022-08-04 00:20:42,859] {processor.py:651} INFO - DAG(s) dict_keys(['example_python_operator']) retrieved from /home/ndx/Innowise tasks/Innowise_task_5/airflow_env/lib/python3.8/site-packages/airflow/example_dags/example_python_operator.py
[2022-08-04 00:20:42,869] {logging_mixin.py:115} INFO - [2022-08-04 00:20:42,869] {dag.py:2420} INFO - Sync 1 DAGs
[2022-08-04 00:20:42,881] {logging_mixin.py:115} INFO - [2022-08-04 00:20:42,881] {dag.py:2968} INFO - Setting next_dagrun for example_python_operator to None, run_after=None
[2022-08-04 00:20:42,888] {processor.py:161} INFO - Processing /home/ndx/Innowise tasks/Innowise_task_5/airflow_env/lib/python3.8/site-packages/airflow/example_dags/example_python_operator.py took 0.046 seconds
[2022-08-04 00:21:14,793] {processor.py:153} INFO - Started process (PID=48126) to work on /home/ndx/Innowise tasks/Innowise_task_5/airflow_env/lib/python3.8/site-packages/airflow/example_dags/example_python_operator.py
[2022-08-04 00:21:14,799] {processor.py:641} INFO - Processing file /home/ndx/Innowise tasks/Innowise_task_5/airflow_env/lib/python3.8/site-packages/airflow/example_dags/example_python_operator.py for tasks to queue
[2022-08-04 00:21:14,799] {logging_mixin.py:115} INFO - [2022-08-04 00:21:14,799] {dagbag.py:508} INFO - Filling up the DagBag from /home/ndx/Innowise tasks/Innowise_task_5/airflow_env/lib/python3.8/site-packages/airflow/example_dags/example_python_operator.py
[2022-08-04 00:21:14,809] {processor.py:651} INFO - DAG(s) dict_keys(['example_python_operator']) retrieved from /home/ndx/Innowise tasks/Innowise_task_5/airflow_env/lib/python3.8/site-packages/airflow/example_dags/example_python_operator.py
[2022-08-04 00:21:14,819] {logging_mixin.py:115} INFO - [2022-08-04 00:21:14,819] {dag.py:2420} INFO - Sync 1 DAGs
[2022-08-04 00:21:14,830] {logging_mixin.py:115} INFO - [2022-08-04 00:21:14,830] {dag.py:2968} INFO - Setting next_dagrun for example_python_operator to None, run_after=None
[2022-08-04 00:21:14,837] {processor.py:161} INFO - Processing /home/ndx/Innowise tasks/Innowise_task_5/airflow_env/lib/python3.8/site-packages/airflow/example_dags/example_python_operator.py took 0.045 seconds
[2022-08-04 00:21:48,475] {processor.py:153} INFO - Started process (PID=48165) to work on /home/ndx/Innowise tasks/Innowise_task_5/airflow_env/lib/python3.8/site-packages/airflow/example_dags/example_python_operator.py
[2022-08-04 00:21:48,480] {processor.py:641} INFO - Processing file /home/ndx/Innowise tasks/Innowise_task_5/airflow_env/lib/python3.8/site-packages/airflow/example_dags/example_python_operator.py for tasks to queue
[2022-08-04 00:21:48,481] {logging_mixin.py:115} INFO - [2022-08-04 00:21:48,481] {dagbag.py:508} INFO - Filling up the DagBag from /home/ndx/Innowise tasks/Innowise_task_5/airflow_env/lib/python3.8/site-packages/airflow/example_dags/example_python_operator.py
[2022-08-04 00:21:48,491] {processor.py:651} INFO - DAG(s) dict_keys(['example_python_operator']) retrieved from /home/ndx/Innowise tasks/Innowise_task_5/airflow_env/lib/python3.8/site-packages/airflow/example_dags/example_python_operator.py
[2022-08-04 00:21:48,501] {logging_mixin.py:115} INFO - [2022-08-04 00:21:48,501] {dag.py:2420} INFO - Sync 1 DAGs
[2022-08-04 00:21:48,513] {logging_mixin.py:115} INFO - [2022-08-04 00:21:48,513] {dag.py:2968} INFO - Setting next_dagrun for example_python_operator to None, run_after=None
[2022-08-04 00:21:48,519] {processor.py:161} INFO - Processing /home/ndx/Innowise tasks/Innowise_task_5/airflow_env/lib/python3.8/site-packages/airflow/example_dags/example_python_operator.py took 0.046 seconds
[2022-08-04 00:22:23,415] {processor.py:153} INFO - Started process (PID=48234) to work on /home/ndx/Innowise tasks/Innowise_task_5/airflow_env/lib/python3.8/site-packages/airflow/example_dags/example_python_operator.py
[2022-08-04 00:22:23,421] {processor.py:641} INFO - Processing file /home/ndx/Innowise tasks/Innowise_task_5/airflow_env/lib/python3.8/site-packages/airflow/example_dags/example_python_operator.py for tasks to queue
[2022-08-04 00:22:23,421] {logging_mixin.py:115} INFO - [2022-08-04 00:22:23,421] {dagbag.py:508} INFO - Filling up the DagBag from /home/ndx/Innowise tasks/Innowise_task_5/airflow_env/lib/python3.8/site-packages/airflow/example_dags/example_python_operator.py
[2022-08-04 00:22:23,431] {processor.py:651} INFO - DAG(s) dict_keys(['example_python_operator']) retrieved from /home/ndx/Innowise tasks/Innowise_task_5/airflow_env/lib/python3.8/site-packages/airflow/example_dags/example_python_operator.py
[2022-08-04 00:22:23,440] {logging_mixin.py:115} INFO - [2022-08-04 00:22:23,440] {dag.py:2420} INFO - Sync 1 DAGs
[2022-08-04 00:22:23,450] {logging_mixin.py:115} INFO - [2022-08-04 00:22:23,450] {dag.py:2968} INFO - Setting next_dagrun for example_python_operator to None, run_after=None
[2022-08-04 00:22:23,457] {processor.py:161} INFO - Processing /home/ndx/Innowise tasks/Innowise_task_5/airflow_env/lib/python3.8/site-packages/airflow/example_dags/example_python_operator.py took 0.043 seconds
[2022-08-04 00:22:59,358] {processor.py:153} INFO - Started process (PID=48292) to work on /home/ndx/Innowise tasks/Innowise_task_5/airflow_env/lib/python3.8/site-packages/airflow/example_dags/example_python_operator.py
[2022-08-04 00:22:59,364] {processor.py:641} INFO - Processing file /home/ndx/Innowise tasks/Innowise_task_5/airflow_env/lib/python3.8/site-packages/airflow/example_dags/example_python_operator.py for tasks to queue
[2022-08-04 00:22:59,364] {logging_mixin.py:115} INFO - [2022-08-04 00:22:59,364] {dagbag.py:508} INFO - Filling up the DagBag from /home/ndx/Innowise tasks/Innowise_task_5/airflow_env/lib/python3.8/site-packages/airflow/example_dags/example_python_operator.py
[2022-08-04 00:22:59,373] {processor.py:651} INFO - DAG(s) dict_keys(['example_python_operator']) retrieved from /home/ndx/Innowise tasks/Innowise_task_5/airflow_env/lib/python3.8/site-packages/airflow/example_dags/example_python_operator.py
[2022-08-04 00:22:59,382] {logging_mixin.py:115} INFO - [2022-08-04 00:22:59,382] {dag.py:2420} INFO - Sync 1 DAGs
[2022-08-04 00:22:59,392] {logging_mixin.py:115} INFO - [2022-08-04 00:22:59,392] {dag.py:2968} INFO - Setting next_dagrun for example_python_operator to None, run_after=None
[2022-08-04 00:22:59,399] {processor.py:161} INFO - Processing /home/ndx/Innowise tasks/Innowise_task_5/airflow_env/lib/python3.8/site-packages/airflow/example_dags/example_python_operator.py took 0.043 seconds
[2022-08-04 00:23:50,494] {processor.py:153} INFO - Started process (PID=48422) to work on /home/ndx/Innowise tasks/Innowise_task_5/airflow_env/lib/python3.8/site-packages/airflow/example_dags/example_python_operator.py
[2022-08-04 00:23:50,500] {processor.py:641} INFO - Processing file /home/ndx/Innowise tasks/Innowise_task_5/airflow_env/lib/python3.8/site-packages/airflow/example_dags/example_python_operator.py for tasks to queue
[2022-08-04 00:23:50,500] {logging_mixin.py:115} INFO - [2022-08-04 00:23:50,500] {dagbag.py:508} INFO - Filling up the DagBag from /home/ndx/Innowise tasks/Innowise_task_5/airflow_env/lib/python3.8/site-packages/airflow/example_dags/example_python_operator.py
[2022-08-04 00:23:50,510] {processor.py:651} INFO - DAG(s) dict_keys(['example_python_operator']) retrieved from /home/ndx/Innowise tasks/Innowise_task_5/airflow_env/lib/python3.8/site-packages/airflow/example_dags/example_python_operator.py
[2022-08-04 00:23:50,520] {logging_mixin.py:115} INFO - [2022-08-04 00:23:50,520] {dag.py:2420} INFO - Sync 1 DAGs
[2022-08-04 00:23:50,532] {logging_mixin.py:115} INFO - [2022-08-04 00:23:50,532] {dag.py:2968} INFO - Setting next_dagrun for example_python_operator to None, run_after=None
[2022-08-04 00:23:50,538] {processor.py:161} INFO - Processing /home/ndx/Innowise tasks/Innowise_task_5/airflow_env/lib/python3.8/site-packages/airflow/example_dags/example_python_operator.py took 0.046 seconds
[2022-08-04 00:24:56,020] {processor.py:153} INFO - Started process (PID=48580) to work on /home/ndx/Innowise tasks/Innowise_task_5/airflow_env/lib/python3.8/site-packages/airflow/example_dags/example_python_operator.py
[2022-08-04 00:24:56,020] {processor.py:641} INFO - Processing file /home/ndx/Innowise tasks/Innowise_task_5/airflow_env/lib/python3.8/site-packages/airflow/example_dags/example_python_operator.py for tasks to queue
[2022-08-04 00:24:56,021] {logging_mixin.py:115} INFO - [2022-08-04 00:24:56,021] {dagbag.py:508} INFO - Filling up the DagBag from /home/ndx/Innowise tasks/Innowise_task_5/airflow_env/lib/python3.8/site-packages/airflow/example_dags/example_python_operator.py
[2022-08-04 00:24:56,030] {processor.py:651} INFO - DAG(s) dict_keys(['example_python_operator']) retrieved from /home/ndx/Innowise tasks/Innowise_task_5/airflow_env/lib/python3.8/site-packages/airflow/example_dags/example_python_operator.py
[2022-08-04 00:24:56,039] {logging_mixin.py:115} INFO - [2022-08-04 00:24:56,039] {dag.py:2420} INFO - Sync 1 DAGs
[2022-08-04 00:24:56,050] {logging_mixin.py:115} INFO - [2022-08-04 00:24:56,050] {dag.py:2968} INFO - Setting next_dagrun for example_python_operator to None, run_after=None
[2022-08-04 00:24:56,056] {processor.py:161} INFO - Processing /home/ndx/Innowise tasks/Innowise_task_5/airflow_env/lib/python3.8/site-packages/airflow/example_dags/example_python_operator.py took 0.038 seconds
