[2022-08-04 00:00:36,518] {processor.py:153} INFO - Started process (PID=44883) to work on /home/ndx/Innowise tasks/Innowise_task_5/airflow_env/lib/python3.8/site-packages/airflow/example_dags/example_latest_only.py
[2022-08-04 00:00:36,518] {processor.py:641} INFO - Processing file /home/ndx/Innowise tasks/Innowise_task_5/airflow_env/lib/python3.8/site-packages/airflow/example_dags/example_latest_only.py for tasks to queue
[2022-08-04 00:00:36,518] {logging_mixin.py:115} INFO - [2022-08-04 00:00:36,518] {dagbag.py:508} INFO - Filling up the DagBag from /home/ndx/Innowise tasks/Innowise_task_5/airflow_env/lib/python3.8/site-packages/airflow/example_dags/example_latest_only.py
[2022-08-04 00:00:36,520] {processor.py:651} INFO - DAG(s) dict_keys(['latest_only']) retrieved from /home/ndx/Innowise tasks/Innowise_task_5/airflow_env/lib/python3.8/site-packages/airflow/example_dags/example_latest_only.py
[2022-08-04 00:00:36,527] {logging_mixin.py:115} INFO - [2022-08-04 00:00:36,527] {dag.py:2420} INFO - Sync 1 DAGs
[2022-08-04 00:00:36,535] {logging_mixin.py:115} INFO - [2022-08-04 00:00:36,535] {dag.py:2968} INFO - Setting next_dagrun for latest_only to 2022-08-03T17:00:36.534882+00:00, run_after=2022-08-03T21:00:36.534882+00:00
[2022-08-04 00:00:36,547] {processor.py:161} INFO - Processing /home/ndx/Innowise tasks/Innowise_task_5/airflow_env/lib/python3.8/site-packages/airflow/example_dags/example_latest_only.py took 0.030 seconds
[2022-08-04 00:01:08,456] {processor.py:153} INFO - Started process (PID=45014) to work on /home/ndx/Innowise tasks/Innowise_task_5/airflow_env/lib/python3.8/site-packages/airflow/example_dags/example_latest_only.py
[2022-08-04 00:01:08,462] {processor.py:641} INFO - Processing file /home/ndx/Innowise tasks/Innowise_task_5/airflow_env/lib/python3.8/site-packages/airflow/example_dags/example_latest_only.py for tasks to queue
[2022-08-04 00:01:08,463] {logging_mixin.py:115} INFO - [2022-08-04 00:01:08,463] {dagbag.py:508} INFO - Filling up the DagBag from /home/ndx/Innowise tasks/Innowise_task_5/airflow_env/lib/python3.8/site-packages/airflow/example_dags/example_latest_only.py
[2022-08-04 00:01:08,466] {processor.py:651} INFO - DAG(s) dict_keys(['latest_only']) retrieved from /home/ndx/Innowise tasks/Innowise_task_5/airflow_env/lib/python3.8/site-packages/airflow/example_dags/example_latest_only.py
[2022-08-04 00:01:08,478] {logging_mixin.py:115} INFO - [2022-08-04 00:01:08,478] {dag.py:2420} INFO - Sync 1 DAGs
[2022-08-04 00:01:08,488] {logging_mixin.py:115} INFO - [2022-08-04 00:01:08,488] {dag.py:2968} INFO - Setting next_dagrun for latest_only to 2022-08-03T17:01:08.488554+00:00, run_after=2022-08-03T21:01:08.488554+00:00
[2022-08-04 00:01:08,495] {processor.py:161} INFO - Processing /home/ndx/Innowise tasks/Innowise_task_5/airflow_env/lib/python3.8/site-packages/airflow/example_dags/example_latest_only.py took 0.042 seconds
[2022-08-04 00:01:44,501] {processor.py:153} INFO - Started process (PID=45102) to work on /home/ndx/Innowise tasks/Innowise_task_5/airflow_env/lib/python3.8/site-packages/airflow/example_dags/example_latest_only.py
[2022-08-04 00:01:44,506] {processor.py:641} INFO - Processing file /home/ndx/Innowise tasks/Innowise_task_5/airflow_env/lib/python3.8/site-packages/airflow/example_dags/example_latest_only.py for tasks to queue
[2022-08-04 00:01:44,506] {logging_mixin.py:115} INFO - [2022-08-04 00:01:44,506] {dagbag.py:508} INFO - Filling up the DagBag from /home/ndx/Innowise tasks/Innowise_task_5/airflow_env/lib/python3.8/site-packages/airflow/example_dags/example_latest_only.py
[2022-08-04 00:01:44,510] {processor.py:651} INFO - DAG(s) dict_keys(['latest_only']) retrieved from /home/ndx/Innowise tasks/Innowise_task_5/airflow_env/lib/python3.8/site-packages/airflow/example_dags/example_latest_only.py
[2022-08-04 00:01:44,520] {logging_mixin.py:115} INFO - [2022-08-04 00:01:44,520] {dag.py:2420} INFO - Sync 1 DAGs
[2022-08-04 00:01:44,529] {logging_mixin.py:115} INFO - [2022-08-04 00:01:44,529] {dag.py:2968} INFO - Setting next_dagrun for latest_only to 2022-08-03T17:01:44.529411+00:00, run_after=2022-08-03T21:01:44.529411+00:00
[2022-08-04 00:01:44,536] {processor.py:161} INFO - Processing /home/ndx/Innowise tasks/Innowise_task_5/airflow_env/lib/python3.8/site-packages/airflow/example_dags/example_latest_only.py took 0.037 seconds
[2022-08-04 00:02:19,533] {processor.py:153} INFO - Started process (PID=45265) to work on /home/ndx/Innowise tasks/Innowise_task_5/airflow_env/lib/python3.8/site-packages/airflow/example_dags/example_latest_only.py
[2022-08-04 00:02:19,538] {processor.py:641} INFO - Processing file /home/ndx/Innowise tasks/Innowise_task_5/airflow_env/lib/python3.8/site-packages/airflow/example_dags/example_latest_only.py for tasks to queue
[2022-08-04 00:02:19,539] {logging_mixin.py:115} INFO - [2022-08-04 00:02:19,539] {dagbag.py:508} INFO - Filling up the DagBag from /home/ndx/Innowise tasks/Innowise_task_5/airflow_env/lib/python3.8/site-packages/airflow/example_dags/example_latest_only.py
[2022-08-04 00:02:19,542] {processor.py:651} INFO - DAG(s) dict_keys(['latest_only']) retrieved from /home/ndx/Innowise tasks/Innowise_task_5/airflow_env/lib/python3.8/site-packages/airflow/example_dags/example_latest_only.py
[2022-08-04 00:02:19,551] {logging_mixin.py:115} INFO - [2022-08-04 00:02:19,550] {dag.py:2420} INFO - Sync 1 DAGs
[2022-08-04 00:02:19,559] {logging_mixin.py:115} INFO - [2022-08-04 00:02:19,559] {dag.py:2968} INFO - Setting next_dagrun for latest_only to 2022-08-03T17:02:19.559360+00:00, run_after=2022-08-03T21:02:19.559360+00:00
[2022-08-04 00:02:19,568] {processor.py:161} INFO - Processing /home/ndx/Innowise tasks/Innowise_task_5/airflow_env/lib/python3.8/site-packages/airflow/example_dags/example_latest_only.py took 0.037 seconds
[2022-08-04 00:02:54,320] {processor.py:153} INFO - Started process (PID=45346) to work on /home/ndx/Innowise tasks/Innowise_task_5/airflow_env/lib/python3.8/site-packages/airflow/example_dags/example_latest_only.py
[2022-08-04 00:02:54,325] {processor.py:641} INFO - Processing file /home/ndx/Innowise tasks/Innowise_task_5/airflow_env/lib/python3.8/site-packages/airflow/example_dags/example_latest_only.py for tasks to queue
[2022-08-04 00:02:54,326] {logging_mixin.py:115} INFO - [2022-08-04 00:02:54,326] {dagbag.py:508} INFO - Filling up the DagBag from /home/ndx/Innowise tasks/Innowise_task_5/airflow_env/lib/python3.8/site-packages/airflow/example_dags/example_latest_only.py
[2022-08-04 00:02:54,330] {processor.py:651} INFO - DAG(s) dict_keys(['latest_only']) retrieved from /home/ndx/Innowise tasks/Innowise_task_5/airflow_env/lib/python3.8/site-packages/airflow/example_dags/example_latest_only.py
[2022-08-04 00:02:54,338] {logging_mixin.py:115} INFO - [2022-08-04 00:02:54,338] {dag.py:2420} INFO - Sync 1 DAGs
[2022-08-04 00:02:54,347] {logging_mixin.py:115} INFO - [2022-08-04 00:02:54,347] {dag.py:2968} INFO - Setting next_dagrun for latest_only to 2022-08-03T17:02:54.347625+00:00, run_after=2022-08-03T21:02:54.347625+00:00
[2022-08-04 00:02:54,355] {processor.py:161} INFO - Processing /home/ndx/Innowise tasks/Innowise_task_5/airflow_env/lib/python3.8/site-packages/airflow/example_dags/example_latest_only.py took 0.037 seconds
[2022-08-04 00:03:28,572] {processor.py:153} INFO - Started process (PID=45401) to work on /home/ndx/Innowise tasks/Innowise_task_5/airflow_env/lib/python3.8/site-packages/airflow/example_dags/example_latest_only.py
[2022-08-04 00:03:28,577] {processor.py:641} INFO - Processing file /home/ndx/Innowise tasks/Innowise_task_5/airflow_env/lib/python3.8/site-packages/airflow/example_dags/example_latest_only.py for tasks to queue
[2022-08-04 00:03:28,578] {logging_mixin.py:115} INFO - [2022-08-04 00:03:28,577] {dagbag.py:508} INFO - Filling up the DagBag from /home/ndx/Innowise tasks/Innowise_task_5/airflow_env/lib/python3.8/site-packages/airflow/example_dags/example_latest_only.py
[2022-08-04 00:03:28,581] {processor.py:651} INFO - DAG(s) dict_keys(['latest_only']) retrieved from /home/ndx/Innowise tasks/Innowise_task_5/airflow_env/lib/python3.8/site-packages/airflow/example_dags/example_latest_only.py
[2022-08-04 00:03:28,590] {logging_mixin.py:115} INFO - [2022-08-04 00:03:28,590] {dag.py:2420} INFO - Sync 1 DAGs
[2022-08-04 00:03:28,599] {logging_mixin.py:115} INFO - [2022-08-04 00:03:28,599] {dag.py:2968} INFO - Setting next_dagrun for latest_only to 2022-08-03T17:03:28.598969+00:00, run_after=2022-08-03T21:03:28.598969+00:00
[2022-08-04 00:03:28,605] {processor.py:161} INFO - Processing /home/ndx/Innowise tasks/Innowise_task_5/airflow_env/lib/python3.8/site-packages/airflow/example_dags/example_latest_only.py took 0.035 seconds
[2022-08-04 00:04:04,132] {processor.py:153} INFO - Started process (PID=45477) to work on /home/ndx/Innowise tasks/Innowise_task_5/airflow_env/lib/python3.8/site-packages/airflow/example_dags/example_latest_only.py
[2022-08-04 00:04:04,137] {processor.py:641} INFO - Processing file /home/ndx/Innowise tasks/Innowise_task_5/airflow_env/lib/python3.8/site-packages/airflow/example_dags/example_latest_only.py for tasks to queue
[2022-08-04 00:04:04,137] {logging_mixin.py:115} INFO - [2022-08-04 00:04:04,137] {dagbag.py:508} INFO - Filling up the DagBag from /home/ndx/Innowise tasks/Innowise_task_5/airflow_env/lib/python3.8/site-packages/airflow/example_dags/example_latest_only.py
[2022-08-04 00:04:04,141] {processor.py:651} INFO - DAG(s) dict_keys(['latest_only']) retrieved from /home/ndx/Innowise tasks/Innowise_task_5/airflow_env/lib/python3.8/site-packages/airflow/example_dags/example_latest_only.py
[2022-08-04 00:04:04,150] {logging_mixin.py:115} INFO - [2022-08-04 00:04:04,149] {dag.py:2420} INFO - Sync 1 DAGs
[2022-08-04 00:04:04,158] {logging_mixin.py:115} INFO - [2022-08-04 00:04:04,158] {dag.py:2968} INFO - Setting next_dagrun for latest_only to 2022-08-03T17:04:04.158623+00:00, run_after=2022-08-03T21:04:04.158623+00:00
[2022-08-04 00:04:04,168] {processor.py:161} INFO - Processing /home/ndx/Innowise tasks/Innowise_task_5/airflow_env/lib/python3.8/site-packages/airflow/example_dags/example_latest_only.py took 0.038 seconds
[2022-08-04 00:04:37,445] {processor.py:153} INFO - Started process (PID=45527) to work on /home/ndx/Innowise tasks/Innowise_task_5/airflow_env/lib/python3.8/site-packages/airflow/example_dags/example_latest_only.py
[2022-08-04 00:04:37,451] {processor.py:641} INFO - Processing file /home/ndx/Innowise tasks/Innowise_task_5/airflow_env/lib/python3.8/site-packages/airflow/example_dags/example_latest_only.py for tasks to queue
[2022-08-04 00:04:37,451] {logging_mixin.py:115} INFO - [2022-08-04 00:04:37,451] {dagbag.py:508} INFO - Filling up the DagBag from /home/ndx/Innowise tasks/Innowise_task_5/airflow_env/lib/python3.8/site-packages/airflow/example_dags/example_latest_only.py
[2022-08-04 00:04:37,455] {processor.py:651} INFO - DAG(s) dict_keys(['latest_only']) retrieved from /home/ndx/Innowise tasks/Innowise_task_5/airflow_env/lib/python3.8/site-packages/airflow/example_dags/example_latest_only.py
[2022-08-04 00:04:37,463] {logging_mixin.py:115} INFO - [2022-08-04 00:04:37,463] {dag.py:2420} INFO - Sync 1 DAGs
[2022-08-04 00:04:37,472] {logging_mixin.py:115} INFO - [2022-08-04 00:04:37,472] {dag.py:2968} INFO - Setting next_dagrun for latest_only to 2022-08-03T17:04:37.472679+00:00, run_after=2022-08-03T21:04:37.472679+00:00
[2022-08-04 00:04:37,482] {processor.py:161} INFO - Processing /home/ndx/Innowise tasks/Innowise_task_5/airflow_env/lib/python3.8/site-packages/airflow/example_dags/example_latest_only.py took 0.038 seconds
[2022-08-04 00:05:11,380] {processor.py:153} INFO - Started process (PID=45688) to work on /home/ndx/Innowise tasks/Innowise_task_5/airflow_env/lib/python3.8/site-packages/airflow/example_dags/example_latest_only.py
[2022-08-04 00:05:11,386] {processor.py:641} INFO - Processing file /home/ndx/Innowise tasks/Innowise_task_5/airflow_env/lib/python3.8/site-packages/airflow/example_dags/example_latest_only.py for tasks to queue
[2022-08-04 00:05:11,387] {logging_mixin.py:115} INFO - [2022-08-04 00:05:11,386] {dagbag.py:508} INFO - Filling up the DagBag from /home/ndx/Innowise tasks/Innowise_task_5/airflow_env/lib/python3.8/site-packages/airflow/example_dags/example_latest_only.py
[2022-08-04 00:05:11,390] {processor.py:651} INFO - DAG(s) dict_keys(['latest_only']) retrieved from /home/ndx/Innowise tasks/Innowise_task_5/airflow_env/lib/python3.8/site-packages/airflow/example_dags/example_latest_only.py
[2022-08-04 00:05:11,398] {logging_mixin.py:115} INFO - [2022-08-04 00:05:11,398] {dag.py:2420} INFO - Sync 1 DAGs
[2022-08-04 00:05:11,406] {logging_mixin.py:115} INFO - [2022-08-04 00:05:11,406] {dag.py:2968} INFO - Setting next_dagrun for latest_only to 2022-08-03T17:05:11.406289+00:00, run_after=2022-08-03T21:05:11.406289+00:00
[2022-08-04 00:05:11,415] {processor.py:161} INFO - Processing /home/ndx/Innowise tasks/Innowise_task_5/airflow_env/lib/python3.8/site-packages/airflow/example_dags/example_latest_only.py took 0.036 seconds
[2022-08-04 00:05:45,499] {processor.py:153} INFO - Started process (PID=45796) to work on /home/ndx/Innowise tasks/Innowise_task_5/airflow_env/lib/python3.8/site-packages/airflow/example_dags/example_latest_only.py
[2022-08-04 00:05:45,504] {processor.py:641} INFO - Processing file /home/ndx/Innowise tasks/Innowise_task_5/airflow_env/lib/python3.8/site-packages/airflow/example_dags/example_latest_only.py for tasks to queue
[2022-08-04 00:05:45,505] {logging_mixin.py:115} INFO - [2022-08-04 00:05:45,504] {dagbag.py:508} INFO - Filling up the DagBag from /home/ndx/Innowise tasks/Innowise_task_5/airflow_env/lib/python3.8/site-packages/airflow/example_dags/example_latest_only.py
[2022-08-04 00:05:45,508] {processor.py:651} INFO - DAG(s) dict_keys(['latest_only']) retrieved from /home/ndx/Innowise tasks/Innowise_task_5/airflow_env/lib/python3.8/site-packages/airflow/example_dags/example_latest_only.py
[2022-08-04 00:05:45,517] {logging_mixin.py:115} INFO - [2022-08-04 00:05:45,517] {dag.py:2420} INFO - Sync 1 DAGs
[2022-08-04 00:05:45,526] {logging_mixin.py:115} INFO - [2022-08-04 00:05:45,526] {dag.py:2968} INFO - Setting next_dagrun for latest_only to 2022-08-03T17:05:45.526104+00:00, run_after=2022-08-03T21:05:45.526104+00:00
[2022-08-04 00:05:45,534] {processor.py:161} INFO - Processing /home/ndx/Innowise tasks/Innowise_task_5/airflow_env/lib/python3.8/site-packages/airflow/example_dags/example_latest_only.py took 0.037 seconds
[2022-08-04 00:06:19,619] {processor.py:153} INFO - Started process (PID=45891) to work on /home/ndx/Innowise tasks/Innowise_task_5/airflow_env/lib/python3.8/site-packages/airflow/example_dags/example_latest_only.py
[2022-08-04 00:06:19,624] {processor.py:641} INFO - Processing file /home/ndx/Innowise tasks/Innowise_task_5/airflow_env/lib/python3.8/site-packages/airflow/example_dags/example_latest_only.py for tasks to queue
[2022-08-04 00:06:19,625] {logging_mixin.py:115} INFO - [2022-08-04 00:06:19,625] {dagbag.py:508} INFO - Filling up the DagBag from /home/ndx/Innowise tasks/Innowise_task_5/airflow_env/lib/python3.8/site-packages/airflow/example_dags/example_latest_only.py
[2022-08-04 00:06:19,628] {processor.py:651} INFO - DAG(s) dict_keys(['latest_only']) retrieved from /home/ndx/Innowise tasks/Innowise_task_5/airflow_env/lib/python3.8/site-packages/airflow/example_dags/example_latest_only.py
[2022-08-04 00:06:19,637] {logging_mixin.py:115} INFO - [2022-08-04 00:06:19,637] {dag.py:2420} INFO - Sync 1 DAGs
[2022-08-04 00:06:19,647] {logging_mixin.py:115} INFO - [2022-08-04 00:06:19,646] {dag.py:2968} INFO - Setting next_dagrun for latest_only to 2022-08-03T17:06:19.646810+00:00, run_after=2022-08-03T21:06:19.646810+00:00
[2022-08-04 00:06:19,654] {processor.py:161} INFO - Processing /home/ndx/Innowise tasks/Innowise_task_5/airflow_env/lib/python3.8/site-packages/airflow/example_dags/example_latest_only.py took 0.037 seconds
[2022-08-04 00:06:54,532] {processor.py:153} INFO - Started process (PID=45960) to work on /home/ndx/Innowise tasks/Innowise_task_5/airflow_env/lib/python3.8/site-packages/airflow/example_dags/example_latest_only.py
[2022-08-04 00:06:54,538] {processor.py:641} INFO - Processing file /home/ndx/Innowise tasks/Innowise_task_5/airflow_env/lib/python3.8/site-packages/airflow/example_dags/example_latest_only.py for tasks to queue
[2022-08-04 00:06:54,539] {logging_mixin.py:115} INFO - [2022-08-04 00:06:54,538] {dagbag.py:508} INFO - Filling up the DagBag from /home/ndx/Innowise tasks/Innowise_task_5/airflow_env/lib/python3.8/site-packages/airflow/example_dags/example_latest_only.py
[2022-08-04 00:06:54,542] {processor.py:651} INFO - DAG(s) dict_keys(['latest_only']) retrieved from /home/ndx/Innowise tasks/Innowise_task_5/airflow_env/lib/python3.8/site-packages/airflow/example_dags/example_latest_only.py
[2022-08-04 00:06:54,551] {logging_mixin.py:115} INFO - [2022-08-04 00:06:54,551] {dag.py:2420} INFO - Sync 1 DAGs
[2022-08-04 00:06:54,561] {logging_mixin.py:115} INFO - [2022-08-04 00:06:54,561] {dag.py:2968} INFO - Setting next_dagrun for latest_only to 2022-08-03T17:06:54.561128+00:00, run_after=2022-08-03T21:06:54.561128+00:00
[2022-08-04 00:06:54,569] {processor.py:161} INFO - Processing /home/ndx/Innowise tasks/Innowise_task_5/airflow_env/lib/python3.8/site-packages/airflow/example_dags/example_latest_only.py took 0.039 seconds
[2022-08-04 00:07:27,056] {processor.py:153} INFO - Started process (PID=46035) to work on /home/ndx/Innowise tasks/Innowise_task_5/airflow_env/lib/python3.8/site-packages/airflow/example_dags/example_latest_only.py
[2022-08-04 00:07:27,057] {processor.py:641} INFO - Processing file /home/ndx/Innowise tasks/Innowise_task_5/airflow_env/lib/python3.8/site-packages/airflow/example_dags/example_latest_only.py for tasks to queue
[2022-08-04 00:07:27,057] {logging_mixin.py:115} INFO - [2022-08-04 00:07:27,057] {dagbag.py:508} INFO - Filling up the DagBag from /home/ndx/Innowise tasks/Innowise_task_5/airflow_env/lib/python3.8/site-packages/airflow/example_dags/example_latest_only.py
[2022-08-04 00:07:27,060] {processor.py:651} INFO - DAG(s) dict_keys(['latest_only']) retrieved from /home/ndx/Innowise tasks/Innowise_task_5/airflow_env/lib/python3.8/site-packages/airflow/example_dags/example_latest_only.py
[2022-08-04 00:07:27,072] {logging_mixin.py:115} INFO - [2022-08-04 00:07:27,072] {dag.py:2420} INFO - Sync 1 DAGs
[2022-08-04 00:07:27,084] {logging_mixin.py:115} INFO - [2022-08-04 00:07:27,084] {dag.py:2968} INFO - Setting next_dagrun for latest_only to 2022-08-03T17:07:27.083873+00:00, run_after=2022-08-03T21:07:27.083873+00:00
[2022-08-04 00:07:27,094] {processor.py:161} INFO - Processing /home/ndx/Innowise tasks/Innowise_task_5/airflow_env/lib/python3.8/site-packages/airflow/example_dags/example_latest_only.py took 0.039 seconds
[2022-08-04 00:08:00,133] {processor.py:153} INFO - Started process (PID=46116) to work on /home/ndx/Innowise tasks/Innowise_task_5/airflow_env/lib/python3.8/site-packages/airflow/example_dags/example_latest_only.py
[2022-08-04 00:08:00,138] {processor.py:641} INFO - Processing file /home/ndx/Innowise tasks/Innowise_task_5/airflow_env/lib/python3.8/site-packages/airflow/example_dags/example_latest_only.py for tasks to queue
[2022-08-04 00:08:00,138] {logging_mixin.py:115} INFO - [2022-08-04 00:08:00,138] {dagbag.py:508} INFO - Filling up the DagBag from /home/ndx/Innowise tasks/Innowise_task_5/airflow_env/lib/python3.8/site-packages/airflow/example_dags/example_latest_only.py
[2022-08-04 00:08:00,141] {processor.py:651} INFO - DAG(s) dict_keys(['latest_only']) retrieved from /home/ndx/Innowise tasks/Innowise_task_5/airflow_env/lib/python3.8/site-packages/airflow/example_dags/example_latest_only.py
[2022-08-04 00:08:00,150] {logging_mixin.py:115} INFO - [2022-08-04 00:08:00,150] {dag.py:2420} INFO - Sync 1 DAGs
[2022-08-04 00:08:00,160] {logging_mixin.py:115} INFO - [2022-08-04 00:08:00,159] {dag.py:2968} INFO - Setting next_dagrun for latest_only to 2022-08-03T17:08:00.159785+00:00, run_after=2022-08-03T21:08:00.159785+00:00
[2022-08-04 00:08:00,168] {processor.py:161} INFO - Processing /home/ndx/Innowise tasks/Innowise_task_5/airflow_env/lib/python3.8/site-packages/airflow/example_dags/example_latest_only.py took 0.037 seconds
[2022-08-04 00:08:35,188] {processor.py:153} INFO - Started process (PID=46173) to work on /home/ndx/Innowise tasks/Innowise_task_5/airflow_env/lib/python3.8/site-packages/airflow/example_dags/example_latest_only.py
[2022-08-04 00:08:35,193] {processor.py:641} INFO - Processing file /home/ndx/Innowise tasks/Innowise_task_5/airflow_env/lib/python3.8/site-packages/airflow/example_dags/example_latest_only.py for tasks to queue
[2022-08-04 00:08:35,194] {logging_mixin.py:115} INFO - [2022-08-04 00:08:35,194] {dagbag.py:508} INFO - Filling up the DagBag from /home/ndx/Innowise tasks/Innowise_task_5/airflow_env/lib/python3.8/site-packages/airflow/example_dags/example_latest_only.py
[2022-08-04 00:08:35,197] {processor.py:651} INFO - DAG(s) dict_keys(['latest_only']) retrieved from /home/ndx/Innowise tasks/Innowise_task_5/airflow_env/lib/python3.8/site-packages/airflow/example_dags/example_latest_only.py
[2022-08-04 00:08:35,208] {logging_mixin.py:115} INFO - [2022-08-04 00:08:35,208] {dag.py:2420} INFO - Sync 1 DAGs
[2022-08-04 00:08:35,217] {logging_mixin.py:115} INFO - [2022-08-04 00:08:35,217] {dag.py:2968} INFO - Setting next_dagrun for latest_only to 2022-08-03T17:08:35.217156+00:00, run_after=2022-08-03T21:08:35.217156+00:00
[2022-08-04 00:08:35,227] {processor.py:161} INFO - Processing /home/ndx/Innowise tasks/Innowise_task_5/airflow_env/lib/python3.8/site-packages/airflow/example_dags/example_latest_only.py took 0.041 seconds
[2022-08-04 00:09:08,256] {processor.py:153} INFO - Started process (PID=46301) to work on /home/ndx/Innowise tasks/Innowise_task_5/airflow_env/lib/python3.8/site-packages/airflow/example_dags/example_latest_only.py
[2022-08-04 00:09:08,262] {processor.py:641} INFO - Processing file /home/ndx/Innowise tasks/Innowise_task_5/airflow_env/lib/python3.8/site-packages/airflow/example_dags/example_latest_only.py for tasks to queue
[2022-08-04 00:09:08,262] {logging_mixin.py:115} INFO - [2022-08-04 00:09:08,262] {dagbag.py:508} INFO - Filling up the DagBag from /home/ndx/Innowise tasks/Innowise_task_5/airflow_env/lib/python3.8/site-packages/airflow/example_dags/example_latest_only.py
[2022-08-04 00:09:08,265] {processor.py:651} INFO - DAG(s) dict_keys(['latest_only']) retrieved from /home/ndx/Innowise tasks/Innowise_task_5/airflow_env/lib/python3.8/site-packages/airflow/example_dags/example_latest_only.py
[2022-08-04 00:09:08,275] {logging_mixin.py:115} INFO - [2022-08-04 00:09:08,274] {dag.py:2420} INFO - Sync 1 DAGs
[2022-08-04 00:09:08,284] {logging_mixin.py:115} INFO - [2022-08-04 00:09:08,284] {dag.py:2968} INFO - Setting next_dagrun for latest_only to 2022-08-03T17:09:08.284093+00:00, run_after=2022-08-03T21:09:08.284093+00:00
[2022-08-04 00:09:08,295] {processor.py:161} INFO - Processing /home/ndx/Innowise tasks/Innowise_task_5/airflow_env/lib/python3.8/site-packages/airflow/example_dags/example_latest_only.py took 0.040 seconds
[2022-08-04 00:09:46,542] {processor.py:153} INFO - Started process (PID=46389) to work on /home/ndx/Innowise tasks/Innowise_task_5/airflow_env/lib/python3.8/site-packages/airflow/example_dags/example_latest_only.py
[2022-08-04 00:09:46,547] {processor.py:641} INFO - Processing file /home/ndx/Innowise tasks/Innowise_task_5/airflow_env/lib/python3.8/site-packages/airflow/example_dags/example_latest_only.py for tasks to queue
[2022-08-04 00:09:46,547] {logging_mixin.py:115} INFO - [2022-08-04 00:09:46,547] {dagbag.py:508} INFO - Filling up the DagBag from /home/ndx/Innowise tasks/Innowise_task_5/airflow_env/lib/python3.8/site-packages/airflow/example_dags/example_latest_only.py
[2022-08-04 00:09:46,550] {processor.py:651} INFO - DAG(s) dict_keys(['latest_only']) retrieved from /home/ndx/Innowise tasks/Innowise_task_5/airflow_env/lib/python3.8/site-packages/airflow/example_dags/example_latest_only.py
[2022-08-04 00:09:46,559] {logging_mixin.py:115} INFO - [2022-08-04 00:09:46,559] {dag.py:2420} INFO - Sync 1 DAGs
[2022-08-04 00:09:46,569] {logging_mixin.py:115} INFO - [2022-08-04 00:09:46,569] {dag.py:2968} INFO - Setting next_dagrun for latest_only to 2022-08-03T17:09:46.569426+00:00, run_after=2022-08-03T21:09:46.569426+00:00
[2022-08-04 00:09:46,577] {processor.py:161} INFO - Processing /home/ndx/Innowise tasks/Innowise_task_5/airflow_env/lib/python3.8/site-packages/airflow/example_dags/example_latest_only.py took 0.037 seconds
[2022-08-04 00:10:19,666] {processor.py:153} INFO - Started process (PID=46475) to work on /home/ndx/Innowise tasks/Innowise_task_5/airflow_env/lib/python3.8/site-packages/airflow/example_dags/example_latest_only.py
[2022-08-04 00:10:19,671] {processor.py:641} INFO - Processing file /home/ndx/Innowise tasks/Innowise_task_5/airflow_env/lib/python3.8/site-packages/airflow/example_dags/example_latest_only.py for tasks to queue
[2022-08-04 00:10:19,672] {logging_mixin.py:115} INFO - [2022-08-04 00:10:19,672] {dagbag.py:508} INFO - Filling up the DagBag from /home/ndx/Innowise tasks/Innowise_task_5/airflow_env/lib/python3.8/site-packages/airflow/example_dags/example_latest_only.py
[2022-08-04 00:10:19,675] {processor.py:651} INFO - DAG(s) dict_keys(['latest_only']) retrieved from /home/ndx/Innowise tasks/Innowise_task_5/airflow_env/lib/python3.8/site-packages/airflow/example_dags/example_latest_only.py
[2022-08-04 00:10:19,683] {logging_mixin.py:115} INFO - [2022-08-04 00:10:19,683] {dag.py:2420} INFO - Sync 1 DAGs
[2022-08-04 00:10:19,692] {logging_mixin.py:115} INFO - [2022-08-04 00:10:19,692] {dag.py:2968} INFO - Setting next_dagrun for latest_only to 2022-08-03T17:10:19.692502+00:00, run_after=2022-08-03T21:10:19.692502+00:00
[2022-08-04 00:10:19,700] {processor.py:161} INFO - Processing /home/ndx/Innowise tasks/Innowise_task_5/airflow_env/lib/python3.8/site-packages/airflow/example_dags/example_latest_only.py took 0.035 seconds
[2022-08-04 00:10:53,353] {processor.py:153} INFO - Started process (PID=46557) to work on /home/ndx/Innowise tasks/Innowise_task_5/airflow_env/lib/python3.8/site-packages/airflow/example_dags/example_latest_only.py
[2022-08-04 00:10:53,359] {processor.py:641} INFO - Processing file /home/ndx/Innowise tasks/Innowise_task_5/airflow_env/lib/python3.8/site-packages/airflow/example_dags/example_latest_only.py for tasks to queue
[2022-08-04 00:10:53,359] {logging_mixin.py:115} INFO - [2022-08-04 00:10:53,359] {dagbag.py:508} INFO - Filling up the DagBag from /home/ndx/Innowise tasks/Innowise_task_5/airflow_env/lib/python3.8/site-packages/airflow/example_dags/example_latest_only.py
[2022-08-04 00:10:53,362] {processor.py:651} INFO - DAG(s) dict_keys(['latest_only']) retrieved from /home/ndx/Innowise tasks/Innowise_task_5/airflow_env/lib/python3.8/site-packages/airflow/example_dags/example_latest_only.py
[2022-08-04 00:10:53,370] {logging_mixin.py:115} INFO - [2022-08-04 00:10:53,370] {dag.py:2420} INFO - Sync 1 DAGs
[2022-08-04 00:10:53,379] {logging_mixin.py:115} INFO - [2022-08-04 00:10:53,379] {dag.py:2968} INFO - Setting next_dagrun for latest_only to 2022-08-03T17:10:53.379224+00:00, run_after=2022-08-03T21:10:53.379224+00:00
[2022-08-04 00:10:53,387] {processor.py:161} INFO - Processing /home/ndx/Innowise tasks/Innowise_task_5/airflow_env/lib/python3.8/site-packages/airflow/example_dags/example_latest_only.py took 0.035 seconds
[2022-08-04 00:11:25,943] {processor.py:153} INFO - Started process (PID=46627) to work on /home/ndx/Innowise tasks/Innowise_task_5/airflow_env/lib/python3.8/site-packages/airflow/example_dags/example_latest_only.py
[2022-08-04 00:11:25,948] {processor.py:641} INFO - Processing file /home/ndx/Innowise tasks/Innowise_task_5/airflow_env/lib/python3.8/site-packages/airflow/example_dags/example_latest_only.py for tasks to queue
[2022-08-04 00:11:25,948] {logging_mixin.py:115} INFO - [2022-08-04 00:11:25,948] {dagbag.py:508} INFO - Filling up the DagBag from /home/ndx/Innowise tasks/Innowise_task_5/airflow_env/lib/python3.8/site-packages/airflow/example_dags/example_latest_only.py
[2022-08-04 00:11:25,952] {processor.py:651} INFO - DAG(s) dict_keys(['latest_only']) retrieved from /home/ndx/Innowise tasks/Innowise_task_5/airflow_env/lib/python3.8/site-packages/airflow/example_dags/example_latest_only.py
[2022-08-04 00:11:25,961] {logging_mixin.py:115} INFO - [2022-08-04 00:11:25,961] {dag.py:2420} INFO - Sync 1 DAGs
[2022-08-04 00:11:25,971] {logging_mixin.py:115} INFO - [2022-08-04 00:11:25,970] {dag.py:2968} INFO - Setting next_dagrun for latest_only to 2022-08-03T17:11:25.970738+00:00, run_after=2022-08-03T21:11:25.970738+00:00
[2022-08-04 00:11:25,979] {processor.py:161} INFO - Processing /home/ndx/Innowise tasks/Innowise_task_5/airflow_env/lib/python3.8/site-packages/airflow/example_dags/example_latest_only.py took 0.038 seconds
[2022-08-04 00:12:01,320] {processor.py:153} INFO - Started process (PID=46688) to work on /home/ndx/Innowise tasks/Innowise_task_5/airflow_env/lib/python3.8/site-packages/airflow/example_dags/example_latest_only.py
[2022-08-04 00:12:01,326] {processor.py:641} INFO - Processing file /home/ndx/Innowise tasks/Innowise_task_5/airflow_env/lib/python3.8/site-packages/airflow/example_dags/example_latest_only.py for tasks to queue
[2022-08-04 00:12:01,326] {logging_mixin.py:115} INFO - [2022-08-04 00:12:01,326] {dagbag.py:508} INFO - Filling up the DagBag from /home/ndx/Innowise tasks/Innowise_task_5/airflow_env/lib/python3.8/site-packages/airflow/example_dags/example_latest_only.py
[2022-08-04 00:12:01,330] {processor.py:651} INFO - DAG(s) dict_keys(['latest_only']) retrieved from /home/ndx/Innowise tasks/Innowise_task_5/airflow_env/lib/python3.8/site-packages/airflow/example_dags/example_latest_only.py
[2022-08-04 00:12:01,338] {logging_mixin.py:115} INFO - [2022-08-04 00:12:01,338] {dag.py:2420} INFO - Sync 1 DAGs
[2022-08-04 00:12:01,348] {logging_mixin.py:115} INFO - [2022-08-04 00:12:01,348] {dag.py:2968} INFO - Setting next_dagrun for latest_only to 2022-08-03T17:12:01.348075+00:00, run_after=2022-08-03T21:12:01.348075+00:00
[2022-08-04 00:12:01,358] {processor.py:161} INFO - Processing /home/ndx/Innowise tasks/Innowise_task_5/airflow_env/lib/python3.8/site-packages/airflow/example_dags/example_latest_only.py took 0.039 seconds
[2022-08-04 00:12:35,831] {processor.py:153} INFO - Started process (PID=46754) to work on /home/ndx/Innowise tasks/Innowise_task_5/airflow_env/lib/python3.8/site-packages/airflow/example_dags/example_latest_only.py
[2022-08-04 00:12:35,837] {processor.py:641} INFO - Processing file /home/ndx/Innowise tasks/Innowise_task_5/airflow_env/lib/python3.8/site-packages/airflow/example_dags/example_latest_only.py for tasks to queue
[2022-08-04 00:12:35,837] {logging_mixin.py:115} INFO - [2022-08-04 00:12:35,837] {dagbag.py:508} INFO - Filling up the DagBag from /home/ndx/Innowise tasks/Innowise_task_5/airflow_env/lib/python3.8/site-packages/airflow/example_dags/example_latest_only.py
[2022-08-04 00:12:35,841] {processor.py:651} INFO - DAG(s) dict_keys(['latest_only']) retrieved from /home/ndx/Innowise tasks/Innowise_task_5/airflow_env/lib/python3.8/site-packages/airflow/example_dags/example_latest_only.py
[2022-08-04 00:12:35,850] {logging_mixin.py:115} INFO - [2022-08-04 00:12:35,850] {dag.py:2420} INFO - Sync 1 DAGs
[2022-08-04 00:12:35,859] {logging_mixin.py:115} INFO - [2022-08-04 00:12:35,859] {dag.py:2968} INFO - Setting next_dagrun for latest_only to 2022-08-03T17:12:35.859278+00:00, run_after=2022-08-03T21:12:35.859278+00:00
[2022-08-04 00:12:35,867] {processor.py:161} INFO - Processing /home/ndx/Innowise tasks/Innowise_task_5/airflow_env/lib/python3.8/site-packages/airflow/example_dags/example_latest_only.py took 0.037 seconds
[2022-08-04 00:13:10,377] {processor.py:153} INFO - Started process (PID=46818) to work on /home/ndx/Innowise tasks/Innowise_task_5/airflow_env/lib/python3.8/site-packages/airflow/example_dags/example_latest_only.py
[2022-08-04 00:13:10,382] {processor.py:641} INFO - Processing file /home/ndx/Innowise tasks/Innowise_task_5/airflow_env/lib/python3.8/site-packages/airflow/example_dags/example_latest_only.py for tasks to queue
[2022-08-04 00:13:10,383] {logging_mixin.py:115} INFO - [2022-08-04 00:13:10,383] {dagbag.py:508} INFO - Filling up the DagBag from /home/ndx/Innowise tasks/Innowise_task_5/airflow_env/lib/python3.8/site-packages/airflow/example_dags/example_latest_only.py
[2022-08-04 00:13:10,387] {processor.py:651} INFO - DAG(s) dict_keys(['latest_only']) retrieved from /home/ndx/Innowise tasks/Innowise_task_5/airflow_env/lib/python3.8/site-packages/airflow/example_dags/example_latest_only.py
[2022-08-04 00:13:10,400] {logging_mixin.py:115} INFO - [2022-08-04 00:13:10,400] {dag.py:2420} INFO - Sync 1 DAGs
[2022-08-04 00:13:10,415] {logging_mixin.py:115} INFO - [2022-08-04 00:13:10,415] {dag.py:2968} INFO - Setting next_dagrun for latest_only to 2022-08-03T17:13:10.415295+00:00, run_after=2022-08-03T21:13:10.415295+00:00
[2022-08-04 00:13:10,426] {processor.py:161} INFO - Processing /home/ndx/Innowise tasks/Innowise_task_5/airflow_env/lib/python3.8/site-packages/airflow/example_dags/example_latest_only.py took 0.051 seconds
[2022-08-04 00:13:44,075] {processor.py:153} INFO - Started process (PID=46924) to work on /home/ndx/Innowise tasks/Innowise_task_5/airflow_env/lib/python3.8/site-packages/airflow/example_dags/example_latest_only.py
[2022-08-04 00:13:44,080] {processor.py:641} INFO - Processing file /home/ndx/Innowise tasks/Innowise_task_5/airflow_env/lib/python3.8/site-packages/airflow/example_dags/example_latest_only.py for tasks to queue
[2022-08-04 00:13:44,081] {logging_mixin.py:115} INFO - [2022-08-04 00:13:44,081] {dagbag.py:508} INFO - Filling up the DagBag from /home/ndx/Innowise tasks/Innowise_task_5/airflow_env/lib/python3.8/site-packages/airflow/example_dags/example_latest_only.py
[2022-08-04 00:13:44,085] {processor.py:651} INFO - DAG(s) dict_keys(['latest_only']) retrieved from /home/ndx/Innowise tasks/Innowise_task_5/airflow_env/lib/python3.8/site-packages/airflow/example_dags/example_latest_only.py
[2022-08-04 00:13:44,093] {logging_mixin.py:115} INFO - [2022-08-04 00:13:44,093] {dag.py:2420} INFO - Sync 1 DAGs
[2022-08-04 00:13:44,102] {logging_mixin.py:115} INFO - [2022-08-04 00:13:44,102] {dag.py:2968} INFO - Setting next_dagrun for latest_only to 2022-08-03T17:13:44.102646+00:00, run_after=2022-08-03T21:13:44.102646+00:00
[2022-08-04 00:13:44,110] {processor.py:161} INFO - Processing /home/ndx/Innowise tasks/Innowise_task_5/airflow_env/lib/python3.8/site-packages/airflow/example_dags/example_latest_only.py took 0.037 seconds
[2022-08-04 00:14:17,167] {processor.py:153} INFO - Started process (PID=47036) to work on /home/ndx/Innowise tasks/Innowise_task_5/airflow_env/lib/python3.8/site-packages/airflow/example_dags/example_latest_only.py
[2022-08-04 00:14:17,172] {processor.py:641} INFO - Processing file /home/ndx/Innowise tasks/Innowise_task_5/airflow_env/lib/python3.8/site-packages/airflow/example_dags/example_latest_only.py for tasks to queue
[2022-08-04 00:14:17,173] {logging_mixin.py:115} INFO - [2022-08-04 00:14:17,173] {dagbag.py:508} INFO - Filling up the DagBag from /home/ndx/Innowise tasks/Innowise_task_5/airflow_env/lib/python3.8/site-packages/airflow/example_dags/example_latest_only.py
[2022-08-04 00:14:17,177] {processor.py:651} INFO - DAG(s) dict_keys(['latest_only']) retrieved from /home/ndx/Innowise tasks/Innowise_task_5/airflow_env/lib/python3.8/site-packages/airflow/example_dags/example_latest_only.py
[2022-08-04 00:14:17,186] {logging_mixin.py:115} INFO - [2022-08-04 00:14:17,186] {dag.py:2420} INFO - Sync 1 DAGs
[2022-08-04 00:14:17,196] {logging_mixin.py:115} INFO - [2022-08-04 00:14:17,196] {dag.py:2968} INFO - Setting next_dagrun for latest_only to 2022-08-03T17:14:17.196177+00:00, run_after=2022-08-03T21:14:17.196177+00:00
[2022-08-04 00:14:17,204] {processor.py:161} INFO - Processing /home/ndx/Innowise tasks/Innowise_task_5/airflow_env/lib/python3.8/site-packages/airflow/example_dags/example_latest_only.py took 0.039 seconds
[2022-08-04 00:14:52,082] {processor.py:153} INFO - Started process (PID=47117) to work on /home/ndx/Innowise tasks/Innowise_task_5/airflow_env/lib/python3.8/site-packages/airflow/example_dags/example_latest_only.py
[2022-08-04 00:14:52,087] {processor.py:641} INFO - Processing file /home/ndx/Innowise tasks/Innowise_task_5/airflow_env/lib/python3.8/site-packages/airflow/example_dags/example_latest_only.py for tasks to queue
[2022-08-04 00:14:52,088] {logging_mixin.py:115} INFO - [2022-08-04 00:14:52,088] {dagbag.py:508} INFO - Filling up the DagBag from /home/ndx/Innowise tasks/Innowise_task_5/airflow_env/lib/python3.8/site-packages/airflow/example_dags/example_latest_only.py
[2022-08-04 00:14:52,091] {processor.py:651} INFO - DAG(s) dict_keys(['latest_only']) retrieved from /home/ndx/Innowise tasks/Innowise_task_5/airflow_env/lib/python3.8/site-packages/airflow/example_dags/example_latest_only.py
[2022-08-04 00:14:52,101] {logging_mixin.py:115} INFO - [2022-08-04 00:14:52,101] {dag.py:2420} INFO - Sync 1 DAGs
[2022-08-04 00:14:52,110] {logging_mixin.py:115} INFO - [2022-08-04 00:14:52,110] {dag.py:2968} INFO - Setting next_dagrun for latest_only to 2022-08-03T17:14:52.110661+00:00, run_after=2022-08-03T21:14:52.110661+00:00
[2022-08-04 00:14:52,121] {processor.py:161} INFO - Processing /home/ndx/Innowise tasks/Innowise_task_5/airflow_env/lib/python3.8/site-packages/airflow/example_dags/example_latest_only.py took 0.041 seconds
[2022-08-04 00:15:28,771] {processor.py:153} INFO - Started process (PID=47228) to work on /home/ndx/Innowise tasks/Innowise_task_5/airflow_env/lib/python3.8/site-packages/airflow/example_dags/example_latest_only.py
[2022-08-04 00:15:28,777] {processor.py:641} INFO - Processing file /home/ndx/Innowise tasks/Innowise_task_5/airflow_env/lib/python3.8/site-packages/airflow/example_dags/example_latest_only.py for tasks to queue
[2022-08-04 00:15:28,777] {logging_mixin.py:115} INFO - [2022-08-04 00:15:28,777] {dagbag.py:508} INFO - Filling up the DagBag from /home/ndx/Innowise tasks/Innowise_task_5/airflow_env/lib/python3.8/site-packages/airflow/example_dags/example_latest_only.py
[2022-08-04 00:15:28,781] {processor.py:651} INFO - DAG(s) dict_keys(['latest_only']) retrieved from /home/ndx/Innowise tasks/Innowise_task_5/airflow_env/lib/python3.8/site-packages/airflow/example_dags/example_latest_only.py
[2022-08-04 00:15:28,790] {logging_mixin.py:115} INFO - [2022-08-04 00:15:28,790] {dag.py:2420} INFO - Sync 1 DAGs
[2022-08-04 00:15:28,799] {logging_mixin.py:115} INFO - [2022-08-04 00:15:28,799] {dag.py:2968} INFO - Setting next_dagrun for latest_only to 2022-08-03T17:15:28.799168+00:00, run_after=2022-08-03T21:15:28.799168+00:00
[2022-08-04 00:15:28,808] {processor.py:161} INFO - Processing /home/ndx/Innowise tasks/Innowise_task_5/airflow_env/lib/python3.8/site-packages/airflow/example_dags/example_latest_only.py took 0.038 seconds
[2022-08-04 00:16:04,173] {processor.py:153} INFO - Started process (PID=47268) to work on /home/ndx/Innowise tasks/Innowise_task_5/airflow_env/lib/python3.8/site-packages/airflow/example_dags/example_latest_only.py
[2022-08-04 00:16:04,178] {processor.py:641} INFO - Processing file /home/ndx/Innowise tasks/Innowise_task_5/airflow_env/lib/python3.8/site-packages/airflow/example_dags/example_latest_only.py for tasks to queue
[2022-08-04 00:16:04,179] {logging_mixin.py:115} INFO - [2022-08-04 00:16:04,179] {dagbag.py:508} INFO - Filling up the DagBag from /home/ndx/Innowise tasks/Innowise_task_5/airflow_env/lib/python3.8/site-packages/airflow/example_dags/example_latest_only.py
[2022-08-04 00:16:04,182] {processor.py:651} INFO - DAG(s) dict_keys(['latest_only']) retrieved from /home/ndx/Innowise tasks/Innowise_task_5/airflow_env/lib/python3.8/site-packages/airflow/example_dags/example_latest_only.py
[2022-08-04 00:16:04,191] {logging_mixin.py:115} INFO - [2022-08-04 00:16:04,191] {dag.py:2420} INFO - Sync 1 DAGs
[2022-08-04 00:16:04,200] {logging_mixin.py:115} INFO - [2022-08-04 00:16:04,200] {dag.py:2968} INFO - Setting next_dagrun for latest_only to 2022-08-03T17:16:04.200047+00:00, run_after=2022-08-03T21:16:04.200047+00:00
[2022-08-04 00:16:04,207] {processor.py:161} INFO - Processing /home/ndx/Innowise tasks/Innowise_task_5/airflow_env/lib/python3.8/site-packages/airflow/example_dags/example_latest_only.py took 0.036 seconds
[2022-08-04 00:16:36,784] {processor.py:153} INFO - Started process (PID=47363) to work on /home/ndx/Innowise tasks/Innowise_task_5/airflow_env/lib/python3.8/site-packages/airflow/example_dags/example_latest_only.py
[2022-08-04 00:16:36,784] {processor.py:641} INFO - Processing file /home/ndx/Innowise tasks/Innowise_task_5/airflow_env/lib/python3.8/site-packages/airflow/example_dags/example_latest_only.py for tasks to queue
[2022-08-04 00:16:36,785] {logging_mixin.py:115} INFO - [2022-08-04 00:16:36,785] {dagbag.py:508} INFO - Filling up the DagBag from /home/ndx/Innowise tasks/Innowise_task_5/airflow_env/lib/python3.8/site-packages/airflow/example_dags/example_latest_only.py
[2022-08-04 00:16:36,788] {processor.py:651} INFO - DAG(s) dict_keys(['latest_only']) retrieved from /home/ndx/Innowise tasks/Innowise_task_5/airflow_env/lib/python3.8/site-packages/airflow/example_dags/example_latest_only.py
[2022-08-04 00:16:36,798] {logging_mixin.py:115} INFO - [2022-08-04 00:16:36,797] {dag.py:2420} INFO - Sync 1 DAGs
[2022-08-04 00:16:36,808] {logging_mixin.py:115} INFO - [2022-08-04 00:16:36,807] {dag.py:2968} INFO - Setting next_dagrun for latest_only to 2022-08-03T17:16:36.807714+00:00, run_after=2022-08-03T21:16:36.807714+00:00
[2022-08-04 00:16:36,816] {processor.py:161} INFO - Processing /home/ndx/Innowise tasks/Innowise_task_5/airflow_env/lib/python3.8/site-packages/airflow/example_dags/example_latest_only.py took 0.034 seconds
[2022-08-04 00:17:12,624] {processor.py:153} INFO - Started process (PID=47455) to work on /home/ndx/Innowise tasks/Innowise_task_5/airflow_env/lib/python3.8/site-packages/airflow/example_dags/example_latest_only.py
[2022-08-04 00:17:12,630] {processor.py:641} INFO - Processing file /home/ndx/Innowise tasks/Innowise_task_5/airflow_env/lib/python3.8/site-packages/airflow/example_dags/example_latest_only.py for tasks to queue
[2022-08-04 00:17:12,630] {logging_mixin.py:115} INFO - [2022-08-04 00:17:12,630] {dagbag.py:508} INFO - Filling up the DagBag from /home/ndx/Innowise tasks/Innowise_task_5/airflow_env/lib/python3.8/site-packages/airflow/example_dags/example_latest_only.py
[2022-08-04 00:17:12,634] {processor.py:651} INFO - DAG(s) dict_keys(['latest_only']) retrieved from /home/ndx/Innowise tasks/Innowise_task_5/airflow_env/lib/python3.8/site-packages/airflow/example_dags/example_latest_only.py
[2022-08-04 00:17:12,645] {logging_mixin.py:115} INFO - [2022-08-04 00:17:12,645] {dag.py:2420} INFO - Sync 1 DAGs
[2022-08-04 00:17:12,655] {logging_mixin.py:115} INFO - [2022-08-04 00:17:12,655] {dag.py:2968} INFO - Setting next_dagrun for latest_only to 2022-08-03T17:17:12.654959+00:00, run_after=2022-08-03T21:17:12.654959+00:00
[2022-08-04 00:17:12,663] {processor.py:161} INFO - Processing /home/ndx/Innowise tasks/Innowise_task_5/airflow_env/lib/python3.8/site-packages/airflow/example_dags/example_latest_only.py took 0.040 seconds
[2022-08-04 00:17:52,818] {processor.py:153} INFO - Started process (PID=47553) to work on /home/ndx/Innowise tasks/Innowise_task_5/airflow_env/lib/python3.8/site-packages/airflow/example_dags/example_latest_only.py
[2022-08-04 00:17:52,824] {processor.py:641} INFO - Processing file /home/ndx/Innowise tasks/Innowise_task_5/airflow_env/lib/python3.8/site-packages/airflow/example_dags/example_latest_only.py for tasks to queue
[2022-08-04 00:17:52,824] {logging_mixin.py:115} INFO - [2022-08-04 00:17:52,824] {dagbag.py:508} INFO - Filling up the DagBag from /home/ndx/Innowise tasks/Innowise_task_5/airflow_env/lib/python3.8/site-packages/airflow/example_dags/example_latest_only.py
[2022-08-04 00:17:52,827] {processor.py:651} INFO - DAG(s) dict_keys(['latest_only']) retrieved from /home/ndx/Innowise tasks/Innowise_task_5/airflow_env/lib/python3.8/site-packages/airflow/example_dags/example_latest_only.py
[2022-08-04 00:17:52,834] {logging_mixin.py:115} INFO - [2022-08-04 00:17:52,834] {dag.py:2420} INFO - Sync 1 DAGs
[2022-08-04 00:17:52,842] {logging_mixin.py:115} INFO - [2022-08-04 00:17:52,842] {dag.py:2968} INFO - Setting next_dagrun for latest_only to 2022-08-03T17:17:52.842712+00:00, run_after=2022-08-03T21:17:52.842712+00:00
[2022-08-04 00:17:52,849] {processor.py:161} INFO - Processing /home/ndx/Innowise tasks/Innowise_task_5/airflow_env/lib/python3.8/site-packages/airflow/example_dags/example_latest_only.py took 0.032 seconds
[2022-08-04 00:18:26,577] {processor.py:153} INFO - Started process (PID=47593) to work on /home/ndx/Innowise tasks/Innowise_task_5/airflow_env/lib/python3.8/site-packages/airflow/example_dags/example_latest_only.py
[2022-08-04 00:18:26,582] {processor.py:641} INFO - Processing file /home/ndx/Innowise tasks/Innowise_task_5/airflow_env/lib/python3.8/site-packages/airflow/example_dags/example_latest_only.py for tasks to queue
[2022-08-04 00:18:26,583] {logging_mixin.py:115} INFO - [2022-08-04 00:18:26,583] {dagbag.py:508} INFO - Filling up the DagBag from /home/ndx/Innowise tasks/Innowise_task_5/airflow_env/lib/python3.8/site-packages/airflow/example_dags/example_latest_only.py
[2022-08-04 00:18:26,586] {processor.py:651} INFO - DAG(s) dict_keys(['latest_only']) retrieved from /home/ndx/Innowise tasks/Innowise_task_5/airflow_env/lib/python3.8/site-packages/airflow/example_dags/example_latest_only.py
[2022-08-04 00:18:26,595] {logging_mixin.py:115} INFO - [2022-08-04 00:18:26,595] {dag.py:2420} INFO - Sync 1 DAGs
[2022-08-04 00:18:26,604] {logging_mixin.py:115} INFO - [2022-08-04 00:18:26,604] {dag.py:2968} INFO - Setting next_dagrun for latest_only to 2022-08-03T17:18:26.604454+00:00, run_after=2022-08-03T21:18:26.604454+00:00
[2022-08-04 00:18:26,612] {processor.py:161} INFO - Processing /home/ndx/Innowise tasks/Innowise_task_5/airflow_env/lib/python3.8/site-packages/airflow/example_dags/example_latest_only.py took 0.037 seconds
[2022-08-04 00:19:01,269] {processor.py:153} INFO - Started process (PID=47748) to work on /home/ndx/Innowise tasks/Innowise_task_5/airflow_env/lib/python3.8/site-packages/airflow/example_dags/example_latest_only.py
[2022-08-04 00:19:01,274] {processor.py:641} INFO - Processing file /home/ndx/Innowise tasks/Innowise_task_5/airflow_env/lib/python3.8/site-packages/airflow/example_dags/example_latest_only.py for tasks to queue
[2022-08-04 00:19:01,275] {logging_mixin.py:115} INFO - [2022-08-04 00:19:01,275] {dagbag.py:508} INFO - Filling up the DagBag from /home/ndx/Innowise tasks/Innowise_task_5/airflow_env/lib/python3.8/site-packages/airflow/example_dags/example_latest_only.py
[2022-08-04 00:19:01,278] {processor.py:651} INFO - DAG(s) dict_keys(['latest_only']) retrieved from /home/ndx/Innowise tasks/Innowise_task_5/airflow_env/lib/python3.8/site-packages/airflow/example_dags/example_latest_only.py
[2022-08-04 00:19:01,286] {logging_mixin.py:115} INFO - [2022-08-04 00:19:01,286] {dag.py:2420} INFO - Sync 1 DAGs
[2022-08-04 00:19:01,295] {logging_mixin.py:115} INFO - [2022-08-04 00:19:01,295] {dag.py:2968} INFO - Setting next_dagrun for latest_only to 2022-08-03T17:19:01.294842+00:00, run_after=2022-08-03T21:19:01.294842+00:00
[2022-08-04 00:19:01,305] {processor.py:161} INFO - Processing /home/ndx/Innowise tasks/Innowise_task_5/airflow_env/lib/python3.8/site-packages/airflow/example_dags/example_latest_only.py took 0.038 seconds
[2022-08-04 00:19:35,069] {processor.py:153} INFO - Started process (PID=47847) to work on /home/ndx/Innowise tasks/Innowise_task_5/airflow_env/lib/python3.8/site-packages/airflow/example_dags/example_latest_only.py
[2022-08-04 00:19:35,074] {processor.py:641} INFO - Processing file /home/ndx/Innowise tasks/Innowise_task_5/airflow_env/lib/python3.8/site-packages/airflow/example_dags/example_latest_only.py for tasks to queue
[2022-08-04 00:19:35,075] {logging_mixin.py:115} INFO - [2022-08-04 00:19:35,075] {dagbag.py:508} INFO - Filling up the DagBag from /home/ndx/Innowise tasks/Innowise_task_5/airflow_env/lib/python3.8/site-packages/airflow/example_dags/example_latest_only.py
[2022-08-04 00:19:35,079] {processor.py:651} INFO - DAG(s) dict_keys(['latest_only']) retrieved from /home/ndx/Innowise tasks/Innowise_task_5/airflow_env/lib/python3.8/site-packages/airflow/example_dags/example_latest_only.py
[2022-08-04 00:19:35,087] {logging_mixin.py:115} INFO - [2022-08-04 00:19:35,087] {dag.py:2420} INFO - Sync 1 DAGs
[2022-08-04 00:19:35,096] {logging_mixin.py:115} INFO - [2022-08-04 00:19:35,096] {dag.py:2968} INFO - Setting next_dagrun for latest_only to 2022-08-03T17:19:35.096302+00:00, run_after=2022-08-03T21:19:35.096302+00:00
[2022-08-04 00:19:35,104] {processor.py:161} INFO - Processing /home/ndx/Innowise tasks/Innowise_task_5/airflow_env/lib/python3.8/site-packages/airflow/example_dags/example_latest_only.py took 0.036 seconds
[2022-08-04 00:20:09,266] {processor.py:153} INFO - Started process (PID=47935) to work on /home/ndx/Innowise tasks/Innowise_task_5/airflow_env/lib/python3.8/site-packages/airflow/example_dags/example_latest_only.py
[2022-08-04 00:20:09,271] {processor.py:641} INFO - Processing file /home/ndx/Innowise tasks/Innowise_task_5/airflow_env/lib/python3.8/site-packages/airflow/example_dags/example_latest_only.py for tasks to queue
[2022-08-04 00:20:09,271] {logging_mixin.py:115} INFO - [2022-08-04 00:20:09,271] {dagbag.py:508} INFO - Filling up the DagBag from /home/ndx/Innowise tasks/Innowise_task_5/airflow_env/lib/python3.8/site-packages/airflow/example_dags/example_latest_only.py
[2022-08-04 00:20:09,274] {processor.py:651} INFO - DAG(s) dict_keys(['latest_only']) retrieved from /home/ndx/Innowise tasks/Innowise_task_5/airflow_env/lib/python3.8/site-packages/airflow/example_dags/example_latest_only.py
[2022-08-04 00:20:09,284] {logging_mixin.py:115} INFO - [2022-08-04 00:20:09,284] {dag.py:2420} INFO - Sync 1 DAGs
[2022-08-04 00:20:09,294] {logging_mixin.py:115} INFO - [2022-08-04 00:20:09,294] {dag.py:2968} INFO - Setting next_dagrun for latest_only to 2022-08-03T17:20:09.294499+00:00, run_after=2022-08-03T21:20:09.294499+00:00
[2022-08-04 00:20:09,304] {processor.py:161} INFO - Processing /home/ndx/Innowise tasks/Innowise_task_5/airflow_env/lib/python3.8/site-packages/airflow/example_dags/example_latest_only.py took 0.041 seconds
[2022-08-04 00:20:43,312] {processor.py:153} INFO - Started process (PID=48011) to work on /home/ndx/Innowise tasks/Innowise_task_5/airflow_env/lib/python3.8/site-packages/airflow/example_dags/example_latest_only.py
[2022-08-04 00:20:43,318] {processor.py:641} INFO - Processing file /home/ndx/Innowise tasks/Innowise_task_5/airflow_env/lib/python3.8/site-packages/airflow/example_dags/example_latest_only.py for tasks to queue
[2022-08-04 00:20:43,318] {logging_mixin.py:115} INFO - [2022-08-04 00:20:43,318] {dagbag.py:508} INFO - Filling up the DagBag from /home/ndx/Innowise tasks/Innowise_task_5/airflow_env/lib/python3.8/site-packages/airflow/example_dags/example_latest_only.py
[2022-08-04 00:20:43,322] {processor.py:651} INFO - DAG(s) dict_keys(['latest_only']) retrieved from /home/ndx/Innowise tasks/Innowise_task_5/airflow_env/lib/python3.8/site-packages/airflow/example_dags/example_latest_only.py
[2022-08-04 00:20:43,330] {logging_mixin.py:115} INFO - [2022-08-04 00:20:43,330] {dag.py:2420} INFO - Sync 1 DAGs
[2022-08-04 00:20:43,341] {logging_mixin.py:115} INFO - [2022-08-04 00:20:43,341] {dag.py:2968} INFO - Setting next_dagrun for latest_only to 2022-08-03T17:20:43.340868+00:00, run_after=2022-08-03T21:20:43.340868+00:00
[2022-08-04 00:20:43,347] {processor.py:161} INFO - Processing /home/ndx/Innowise tasks/Innowise_task_5/airflow_env/lib/python3.8/site-packages/airflow/example_dags/example_latest_only.py took 0.036 seconds
[2022-08-04 00:21:15,923] {processor.py:153} INFO - Started process (PID=48127) to work on /home/ndx/Innowise tasks/Innowise_task_5/airflow_env/lib/python3.8/site-packages/airflow/example_dags/example_latest_only.py
[2022-08-04 00:21:15,928] {processor.py:641} INFO - Processing file /home/ndx/Innowise tasks/Innowise_task_5/airflow_env/lib/python3.8/site-packages/airflow/example_dags/example_latest_only.py for tasks to queue
[2022-08-04 00:21:15,929] {logging_mixin.py:115} INFO - [2022-08-04 00:21:15,929] {dagbag.py:508} INFO - Filling up the DagBag from /home/ndx/Innowise tasks/Innowise_task_5/airflow_env/lib/python3.8/site-packages/airflow/example_dags/example_latest_only.py
[2022-08-04 00:21:15,933] {processor.py:651} INFO - DAG(s) dict_keys(['latest_only']) retrieved from /home/ndx/Innowise tasks/Innowise_task_5/airflow_env/lib/python3.8/site-packages/airflow/example_dags/example_latest_only.py
[2022-08-04 00:21:15,945] {logging_mixin.py:115} INFO - [2022-08-04 00:21:15,945] {dag.py:2420} INFO - Sync 1 DAGs
[2022-08-04 00:21:15,962] {logging_mixin.py:115} INFO - [2022-08-04 00:21:15,962] {dag.py:2968} INFO - Setting next_dagrun for latest_only to 2022-08-03T17:21:15.962316+00:00, run_after=2022-08-03T21:21:15.962316+00:00
[2022-08-04 00:21:15,972] {processor.py:161} INFO - Processing /home/ndx/Innowise tasks/Innowise_task_5/airflow_env/lib/python3.8/site-packages/airflow/example_dags/example_latest_only.py took 0.051 seconds
[2022-08-04 00:21:49,605] {processor.py:153} INFO - Started process (PID=48166) to work on /home/ndx/Innowise tasks/Innowise_task_5/airflow_env/lib/python3.8/site-packages/airflow/example_dags/example_latest_only.py
[2022-08-04 00:21:49,610] {processor.py:641} INFO - Processing file /home/ndx/Innowise tasks/Innowise_task_5/airflow_env/lib/python3.8/site-packages/airflow/example_dags/example_latest_only.py for tasks to queue
[2022-08-04 00:21:49,610] {logging_mixin.py:115} INFO - [2022-08-04 00:21:49,610] {dagbag.py:508} INFO - Filling up the DagBag from /home/ndx/Innowise tasks/Innowise_task_5/airflow_env/lib/python3.8/site-packages/airflow/example_dags/example_latest_only.py
[2022-08-04 00:21:49,614] {processor.py:651} INFO - DAG(s) dict_keys(['latest_only']) retrieved from /home/ndx/Innowise tasks/Innowise_task_5/airflow_env/lib/python3.8/site-packages/airflow/example_dags/example_latest_only.py
[2022-08-04 00:21:49,624] {logging_mixin.py:115} INFO - [2022-08-04 00:21:49,624] {dag.py:2420} INFO - Sync 1 DAGs
[2022-08-04 00:21:49,635] {logging_mixin.py:115} INFO - [2022-08-04 00:21:49,635] {dag.py:2968} INFO - Setting next_dagrun for latest_only to 2022-08-03T17:21:49.635257+00:00, run_after=2022-08-03T21:21:49.635257+00:00
[2022-08-04 00:21:49,642] {processor.py:161} INFO - Processing /home/ndx/Innowise tasks/Innowise_task_5/airflow_env/lib/python3.8/site-packages/airflow/example_dags/example_latest_only.py took 0.039 seconds
[2022-08-04 00:22:24,550] {processor.py:153} INFO - Started process (PID=48238) to work on /home/ndx/Innowise tasks/Innowise_task_5/airflow_env/lib/python3.8/site-packages/airflow/example_dags/example_latest_only.py
[2022-08-04 00:22:24,551] {processor.py:641} INFO - Processing file /home/ndx/Innowise tasks/Innowise_task_5/airflow_env/lib/python3.8/site-packages/airflow/example_dags/example_latest_only.py for tasks to queue
[2022-08-04 00:22:24,551] {logging_mixin.py:115} INFO - [2022-08-04 00:22:24,551] {dagbag.py:508} INFO - Filling up the DagBag from /home/ndx/Innowise tasks/Innowise_task_5/airflow_env/lib/python3.8/site-packages/airflow/example_dags/example_latest_only.py
[2022-08-04 00:22:24,554] {processor.py:651} INFO - DAG(s) dict_keys(['latest_only']) retrieved from /home/ndx/Innowise tasks/Innowise_task_5/airflow_env/lib/python3.8/site-packages/airflow/example_dags/example_latest_only.py
[2022-08-04 00:22:24,563] {logging_mixin.py:115} INFO - [2022-08-04 00:22:24,563] {dag.py:2420} INFO - Sync 1 DAGs
[2022-08-04 00:22:24,574] {logging_mixin.py:115} INFO - [2022-08-04 00:22:24,574] {dag.py:2968} INFO - Setting next_dagrun for latest_only to 2022-08-03T17:22:24.574144+00:00, run_after=2022-08-03T21:22:24.574144+00:00
[2022-08-04 00:22:24,581] {processor.py:161} INFO - Processing /home/ndx/Innowise tasks/Innowise_task_5/airflow_env/lib/python3.8/site-packages/airflow/example_dags/example_latest_only.py took 0.032 seconds
[2022-08-04 00:23:00,492] {processor.py:153} INFO - Started process (PID=48295) to work on /home/ndx/Innowise tasks/Innowise_task_5/airflow_env/lib/python3.8/site-packages/airflow/example_dags/example_latest_only.py
[2022-08-04 00:23:00,498] {processor.py:641} INFO - Processing file /home/ndx/Innowise tasks/Innowise_task_5/airflow_env/lib/python3.8/site-packages/airflow/example_dags/example_latest_only.py for tasks to queue
[2022-08-04 00:23:00,498] {logging_mixin.py:115} INFO - [2022-08-04 00:23:00,498] {dagbag.py:508} INFO - Filling up the DagBag from /home/ndx/Innowise tasks/Innowise_task_5/airflow_env/lib/python3.8/site-packages/airflow/example_dags/example_latest_only.py
[2022-08-04 00:23:00,502] {processor.py:651} INFO - DAG(s) dict_keys(['latest_only']) retrieved from /home/ndx/Innowise tasks/Innowise_task_5/airflow_env/lib/python3.8/site-packages/airflow/example_dags/example_latest_only.py
[2022-08-04 00:23:00,511] {logging_mixin.py:115} INFO - [2022-08-04 00:23:00,511] {dag.py:2420} INFO - Sync 1 DAGs
[2022-08-04 00:23:00,521] {logging_mixin.py:115} INFO - [2022-08-04 00:23:00,521] {dag.py:2968} INFO - Setting next_dagrun for latest_only to 2022-08-03T17:23:00.521607+00:00, run_after=2022-08-03T21:23:00.521607+00:00
[2022-08-04 00:23:00,528] {processor.py:161} INFO - Processing /home/ndx/Innowise tasks/Innowise_task_5/airflow_env/lib/python3.8/site-packages/airflow/example_dags/example_latest_only.py took 0.037 seconds
[2022-08-04 00:23:50,765] {processor.py:153} INFO - Started process (PID=48423) to work on /home/ndx/Innowise tasks/Innowise_task_5/airflow_env/lib/python3.8/site-packages/airflow/example_dags/example_latest_only.py
[2022-08-04 00:23:50,770] {processor.py:641} INFO - Processing file /home/ndx/Innowise tasks/Innowise_task_5/airflow_env/lib/python3.8/site-packages/airflow/example_dags/example_latest_only.py for tasks to queue
[2022-08-04 00:23:50,771] {logging_mixin.py:115} INFO - [2022-08-04 00:23:50,771] {dagbag.py:508} INFO - Filling up the DagBag from /home/ndx/Innowise tasks/Innowise_task_5/airflow_env/lib/python3.8/site-packages/airflow/example_dags/example_latest_only.py
[2022-08-04 00:23:50,774] {processor.py:651} INFO - DAG(s) dict_keys(['latest_only']) retrieved from /home/ndx/Innowise tasks/Innowise_task_5/airflow_env/lib/python3.8/site-packages/airflow/example_dags/example_latest_only.py
[2022-08-04 00:23:50,784] {logging_mixin.py:115} INFO - [2022-08-04 00:23:50,784] {dag.py:2420} INFO - Sync 1 DAGs
[2022-08-04 00:23:50,794] {logging_mixin.py:115} INFO - [2022-08-04 00:23:50,793] {dag.py:2968} INFO - Setting next_dagrun for latest_only to 2022-08-03T17:23:50.793770+00:00, run_after=2022-08-03T21:23:50.793770+00:00
[2022-08-04 00:23:50,800] {processor.py:161} INFO - Processing /home/ndx/Innowise tasks/Innowise_task_5/airflow_env/lib/python3.8/site-packages/airflow/example_dags/example_latest_only.py took 0.037 seconds
[2022-08-04 00:24:57,155] {processor.py:153} INFO - Started process (PID=48581) to work on /home/ndx/Innowise tasks/Innowise_task_5/airflow_env/lib/python3.8/site-packages/airflow/example_dags/example_latest_only.py
[2022-08-04 00:24:57,155] {processor.py:641} INFO - Processing file /home/ndx/Innowise tasks/Innowise_task_5/airflow_env/lib/python3.8/site-packages/airflow/example_dags/example_latest_only.py for tasks to queue
[2022-08-04 00:24:57,155] {logging_mixin.py:115} INFO - [2022-08-04 00:24:57,155] {dagbag.py:508} INFO - Filling up the DagBag from /home/ndx/Innowise tasks/Innowise_task_5/airflow_env/lib/python3.8/site-packages/airflow/example_dags/example_latest_only.py
[2022-08-04 00:24:57,158] {processor.py:651} INFO - DAG(s) dict_keys(['latest_only']) retrieved from /home/ndx/Innowise tasks/Innowise_task_5/airflow_env/lib/python3.8/site-packages/airflow/example_dags/example_latest_only.py
[2022-08-04 00:24:57,167] {logging_mixin.py:115} INFO - [2022-08-04 00:24:57,167] {dag.py:2420} INFO - Sync 1 DAGs
[2022-08-04 00:24:57,177] {logging_mixin.py:115} INFO - [2022-08-04 00:24:57,177] {dag.py:2968} INFO - Setting next_dagrun for latest_only to 2022-08-03T17:24:57.177347+00:00, run_after=2022-08-03T21:24:57.177347+00:00
[2022-08-04 00:24:57,184] {processor.py:161} INFO - Processing /home/ndx/Innowise tasks/Innowise_task_5/airflow_env/lib/python3.8/site-packages/airflow/example_dags/example_latest_only.py took 0.031 seconds
