[2022-08-04 00:00:50,178] {processor.py:153} INFO - Started process (PID=44912) to work on /home/ndx/Innowise tasks/Innowise_task_5/airflow_env/lib/python3.8/site-packages/airflow/example_dags/example_branch_operator_decorator.py
[2022-08-04 00:00:50,178] {processor.py:641} INFO - Processing file /home/ndx/Innowise tasks/Innowise_task_5/airflow_env/lib/python3.8/site-packages/airflow/example_dags/example_branch_operator_decorator.py for tasks to queue
[2022-08-04 00:00:50,178] {logging_mixin.py:115} INFO - [2022-08-04 00:00:50,178] {dagbag.py:508} INFO - Filling up the DagBag from /home/ndx/Innowise tasks/Innowise_task_5/airflow_env/lib/python3.8/site-packages/airflow/example_dags/example_branch_operator_decorator.py
[2022-08-04 00:00:50,189] {processor.py:651} INFO - DAG(s) dict_keys(['example_branch_python_operator_decorator']) retrieved from /home/ndx/Innowise tasks/Innowise_task_5/airflow_env/lib/python3.8/site-packages/airflow/example_dags/example_branch_operator_decorator.py
[2022-08-04 00:00:50,199] {logging_mixin.py:115} INFO - [2022-08-04 00:00:50,199] {dag.py:2420} INFO - Sync 1 DAGs
[2022-08-04 00:00:50,212] {logging_mixin.py:115} INFO - [2022-08-04 00:00:50,212] {dag.py:2968} INFO - Setting next_dagrun for example_branch_python_operator_decorator to 2022-08-02T00:00:00+00:00, run_after=2022-08-03T00:00:00+00:00
[2022-08-04 00:00:50,226] {processor.py:161} INFO - Processing /home/ndx/Innowise tasks/Innowise_task_5/airflow_env/lib/python3.8/site-packages/airflow/example_dags/example_branch_operator_decorator.py took 0.050 seconds
[2022-08-04 00:01:21,606] {processor.py:153} INFO - Started process (PID=45042) to work on /home/ndx/Innowise tasks/Innowise_task_5/airflow_env/lib/python3.8/site-packages/airflow/example_dags/example_branch_operator_decorator.py
[2022-08-04 00:01:21,612] {processor.py:641} INFO - Processing file /home/ndx/Innowise tasks/Innowise_task_5/airflow_env/lib/python3.8/site-packages/airflow/example_dags/example_branch_operator_decorator.py for tasks to queue
[2022-08-04 00:01:21,613] {logging_mixin.py:115} INFO - [2022-08-04 00:01:21,613] {dagbag.py:508} INFO - Filling up the DagBag from /home/ndx/Innowise tasks/Innowise_task_5/airflow_env/lib/python3.8/site-packages/airflow/example_dags/example_branch_operator_decorator.py
[2022-08-04 00:01:21,623] {processor.py:651} INFO - DAG(s) dict_keys(['example_branch_python_operator_decorator']) retrieved from /home/ndx/Innowise tasks/Innowise_task_5/airflow_env/lib/python3.8/site-packages/airflow/example_dags/example_branch_operator_decorator.py
[2022-08-04 00:01:21,632] {logging_mixin.py:115} INFO - [2022-08-04 00:01:21,632] {dag.py:2420} INFO - Sync 1 DAGs
[2022-08-04 00:01:21,646] {logging_mixin.py:115} INFO - [2022-08-04 00:01:21,646] {dag.py:2968} INFO - Setting next_dagrun for example_branch_python_operator_decorator to 2022-08-02T00:00:00+00:00, run_after=2022-08-03T00:00:00+00:00
[2022-08-04 00:01:21,653] {processor.py:161} INFO - Processing /home/ndx/Innowise tasks/Innowise_task_5/airflow_env/lib/python3.8/site-packages/airflow/example_dags/example_branch_operator_decorator.py took 0.049 seconds
[2022-08-04 00:01:57,655] {processor.py:153} INFO - Started process (PID=45141) to work on /home/ndx/Innowise tasks/Innowise_task_5/airflow_env/lib/python3.8/site-packages/airflow/example_dags/example_branch_operator_decorator.py
[2022-08-04 00:01:57,661] {processor.py:641} INFO - Processing file /home/ndx/Innowise tasks/Innowise_task_5/airflow_env/lib/python3.8/site-packages/airflow/example_dags/example_branch_operator_decorator.py for tasks to queue
[2022-08-04 00:01:57,662] {logging_mixin.py:115} INFO - [2022-08-04 00:01:57,662] {dagbag.py:508} INFO - Filling up the DagBag from /home/ndx/Innowise tasks/Innowise_task_5/airflow_env/lib/python3.8/site-packages/airflow/example_dags/example_branch_operator_decorator.py
[2022-08-04 00:01:57,673] {processor.py:651} INFO - DAG(s) dict_keys(['example_branch_python_operator_decorator']) retrieved from /home/ndx/Innowise tasks/Innowise_task_5/airflow_env/lib/python3.8/site-packages/airflow/example_dags/example_branch_operator_decorator.py
[2022-08-04 00:01:57,682] {logging_mixin.py:115} INFO - [2022-08-04 00:01:57,682] {dag.py:2420} INFO - Sync 1 DAGs
[2022-08-04 00:01:57,694] {logging_mixin.py:115} INFO - [2022-08-04 00:01:57,693] {dag.py:2968} INFO - Setting next_dagrun for example_branch_python_operator_decorator to 2022-08-02T00:00:00+00:00, run_after=2022-08-03T00:00:00+00:00
[2022-08-04 00:01:57,700] {processor.py:161} INFO - Processing /home/ndx/Innowise tasks/Innowise_task_5/airflow_env/lib/python3.8/site-packages/airflow/example_dags/example_branch_operator_decorator.py took 0.046 seconds
[2022-08-04 00:02:32,908] {processor.py:153} INFO - Started process (PID=45298) to work on /home/ndx/Innowise tasks/Innowise_task_5/airflow_env/lib/python3.8/site-packages/airflow/example_dags/example_branch_operator_decorator.py
[2022-08-04 00:02:32,913] {processor.py:641} INFO - Processing file /home/ndx/Innowise tasks/Innowise_task_5/airflow_env/lib/python3.8/site-packages/airflow/example_dags/example_branch_operator_decorator.py for tasks to queue
[2022-08-04 00:02:32,914] {logging_mixin.py:115} INFO - [2022-08-04 00:02:32,914] {dagbag.py:508} INFO - Filling up the DagBag from /home/ndx/Innowise tasks/Innowise_task_5/airflow_env/lib/python3.8/site-packages/airflow/example_dags/example_branch_operator_decorator.py
[2022-08-04 00:02:32,926] {processor.py:651} INFO - DAG(s) dict_keys(['example_branch_python_operator_decorator']) retrieved from /home/ndx/Innowise tasks/Innowise_task_5/airflow_env/lib/python3.8/site-packages/airflow/example_dags/example_branch_operator_decorator.py
[2022-08-04 00:02:32,935] {logging_mixin.py:115} INFO - [2022-08-04 00:02:32,935] {dag.py:2420} INFO - Sync 1 DAGs
[2022-08-04 00:02:32,947] {logging_mixin.py:115} INFO - [2022-08-04 00:02:32,947] {dag.py:2968} INFO - Setting next_dagrun for example_branch_python_operator_decorator to 2022-08-02T00:00:00+00:00, run_after=2022-08-03T00:00:00+00:00
[2022-08-04 00:02:32,954] {processor.py:161} INFO - Processing /home/ndx/Innowise tasks/Innowise_task_5/airflow_env/lib/python3.8/site-packages/airflow/example_dags/example_branch_operator_decorator.py took 0.048 seconds
[2022-08-04 00:03:07,502] {processor.py:153} INFO - Started process (PID=45363) to work on /home/ndx/Innowise tasks/Innowise_task_5/airflow_env/lib/python3.8/site-packages/airflow/example_dags/example_branch_operator_decorator.py
[2022-08-04 00:03:07,507] {processor.py:641} INFO - Processing file /home/ndx/Innowise tasks/Innowise_task_5/airflow_env/lib/python3.8/site-packages/airflow/example_dags/example_branch_operator_decorator.py for tasks to queue
[2022-08-04 00:03:07,508] {logging_mixin.py:115} INFO - [2022-08-04 00:03:07,507] {dagbag.py:508} INFO - Filling up the DagBag from /home/ndx/Innowise tasks/Innowise_task_5/airflow_env/lib/python3.8/site-packages/airflow/example_dags/example_branch_operator_decorator.py
[2022-08-04 00:03:07,518] {processor.py:651} INFO - DAG(s) dict_keys(['example_branch_python_operator_decorator']) retrieved from /home/ndx/Innowise tasks/Innowise_task_5/airflow_env/lib/python3.8/site-packages/airflow/example_dags/example_branch_operator_decorator.py
[2022-08-04 00:03:07,527] {logging_mixin.py:115} INFO - [2022-08-04 00:03:07,527] {dag.py:2420} INFO - Sync 1 DAGs
[2022-08-04 00:03:07,538] {logging_mixin.py:115} INFO - [2022-08-04 00:03:07,538] {dag.py:2968} INFO - Setting next_dagrun for example_branch_python_operator_decorator to 2022-08-02T00:00:00+00:00, run_after=2022-08-03T00:00:00+00:00
[2022-08-04 00:03:07,544] {processor.py:161} INFO - Processing /home/ndx/Innowise tasks/Innowise_task_5/airflow_env/lib/python3.8/site-packages/airflow/example_dags/example_branch_operator_decorator.py took 0.044 seconds
[2022-08-04 00:03:42,865] {processor.py:153} INFO - Started process (PID=45444) to work on /home/ndx/Innowise tasks/Innowise_task_5/airflow_env/lib/python3.8/site-packages/airflow/example_dags/example_branch_operator_decorator.py
[2022-08-04 00:03:42,870] {processor.py:641} INFO - Processing file /home/ndx/Innowise tasks/Innowise_task_5/airflow_env/lib/python3.8/site-packages/airflow/example_dags/example_branch_operator_decorator.py for tasks to queue
[2022-08-04 00:03:42,871] {logging_mixin.py:115} INFO - [2022-08-04 00:03:42,871] {dagbag.py:508} INFO - Filling up the DagBag from /home/ndx/Innowise tasks/Innowise_task_5/airflow_env/lib/python3.8/site-packages/airflow/example_dags/example_branch_operator_decorator.py
[2022-08-04 00:03:42,881] {processor.py:651} INFO - DAG(s) dict_keys(['example_branch_python_operator_decorator']) retrieved from /home/ndx/Innowise tasks/Innowise_task_5/airflow_env/lib/python3.8/site-packages/airflow/example_dags/example_branch_operator_decorator.py
[2022-08-04 00:03:42,891] {logging_mixin.py:115} INFO - [2022-08-04 00:03:42,891] {dag.py:2420} INFO - Sync 1 DAGs
[2022-08-04 00:03:42,903] {logging_mixin.py:115} INFO - [2022-08-04 00:03:42,903] {dag.py:2968} INFO - Setting next_dagrun for example_branch_python_operator_decorator to 2022-08-02T00:00:00+00:00, run_after=2022-08-03T00:00:00+00:00
[2022-08-04 00:03:42,910] {processor.py:161} INFO - Processing /home/ndx/Innowise tasks/Innowise_task_5/airflow_env/lib/python3.8/site-packages/airflow/example_dags/example_branch_operator_decorator.py took 0.047 seconds
[2022-08-04 00:04:18,819] {processor.py:153} INFO - Started process (PID=45498) to work on /home/ndx/Innowise tasks/Innowise_task_5/airflow_env/lib/python3.8/site-packages/airflow/example_dags/example_branch_operator_decorator.py
[2022-08-04 00:04:18,824] {processor.py:641} INFO - Processing file /home/ndx/Innowise tasks/Innowise_task_5/airflow_env/lib/python3.8/site-packages/airflow/example_dags/example_branch_operator_decorator.py for tasks to queue
[2022-08-04 00:04:18,825] {logging_mixin.py:115} INFO - [2022-08-04 00:04:18,825] {dagbag.py:508} INFO - Filling up the DagBag from /home/ndx/Innowise tasks/Innowise_task_5/airflow_env/lib/python3.8/site-packages/airflow/example_dags/example_branch_operator_decorator.py
[2022-08-04 00:04:18,836] {processor.py:651} INFO - DAG(s) dict_keys(['example_branch_python_operator_decorator']) retrieved from /home/ndx/Innowise tasks/Innowise_task_5/airflow_env/lib/python3.8/site-packages/airflow/example_dags/example_branch_operator_decorator.py
[2022-08-04 00:04:18,844] {logging_mixin.py:115} INFO - [2022-08-04 00:04:18,844] {dag.py:2420} INFO - Sync 1 DAGs
[2022-08-04 00:04:18,856] {logging_mixin.py:115} INFO - [2022-08-04 00:04:18,856] {dag.py:2968} INFO - Setting next_dagrun for example_branch_python_operator_decorator to 2022-08-02T00:00:00+00:00, run_after=2022-08-03T00:00:00+00:00
[2022-08-04 00:04:18,865] {processor.py:161} INFO - Processing /home/ndx/Innowise tasks/Innowise_task_5/airflow_env/lib/python3.8/site-packages/airflow/example_dags/example_branch_operator_decorator.py took 0.048 seconds
[2022-08-04 00:04:50,798] {processor.py:153} INFO - Started process (PID=45549) to work on /home/ndx/Innowise tasks/Innowise_task_5/airflow_env/lib/python3.8/site-packages/airflow/example_dags/example_branch_operator_decorator.py
[2022-08-04 00:04:50,798] {processor.py:641} INFO - Processing file /home/ndx/Innowise tasks/Innowise_task_5/airflow_env/lib/python3.8/site-packages/airflow/example_dags/example_branch_operator_decorator.py for tasks to queue
[2022-08-04 00:04:50,799] {logging_mixin.py:115} INFO - [2022-08-04 00:04:50,799] {dagbag.py:508} INFO - Filling up the DagBag from /home/ndx/Innowise tasks/Innowise_task_5/airflow_env/lib/python3.8/site-packages/airflow/example_dags/example_branch_operator_decorator.py
[2022-08-04 00:04:50,808] {processor.py:651} INFO - DAG(s) dict_keys(['example_branch_python_operator_decorator']) retrieved from /home/ndx/Innowise tasks/Innowise_task_5/airflow_env/lib/python3.8/site-packages/airflow/example_dags/example_branch_operator_decorator.py
[2022-08-04 00:04:50,817] {logging_mixin.py:115} INFO - [2022-08-04 00:04:50,817] {dag.py:2420} INFO - Sync 1 DAGs
[2022-08-04 00:04:50,828] {logging_mixin.py:115} INFO - [2022-08-04 00:04:50,828] {dag.py:2968} INFO - Setting next_dagrun for example_branch_python_operator_decorator to 2022-08-02T00:00:00+00:00, run_after=2022-08-03T00:00:00+00:00
[2022-08-04 00:04:50,834] {processor.py:161} INFO - Processing /home/ndx/Innowise tasks/Innowise_task_5/airflow_env/lib/python3.8/site-packages/airflow/example_dags/example_branch_operator_decorator.py took 0.038 seconds
[2022-08-04 00:05:24,536] {processor.py:153} INFO - Started process (PID=45718) to work on /home/ndx/Innowise tasks/Innowise_task_5/airflow_env/lib/python3.8/site-packages/airflow/example_dags/example_branch_operator_decorator.py
[2022-08-04 00:05:24,541] {processor.py:641} INFO - Processing file /home/ndx/Innowise tasks/Innowise_task_5/airflow_env/lib/python3.8/site-packages/airflow/example_dags/example_branch_operator_decorator.py for tasks to queue
[2022-08-04 00:05:24,542] {logging_mixin.py:115} INFO - [2022-08-04 00:05:24,542] {dagbag.py:508} INFO - Filling up the DagBag from /home/ndx/Innowise tasks/Innowise_task_5/airflow_env/lib/python3.8/site-packages/airflow/example_dags/example_branch_operator_decorator.py
[2022-08-04 00:05:24,554] {processor.py:651} INFO - DAG(s) dict_keys(['example_branch_python_operator_decorator']) retrieved from /home/ndx/Innowise tasks/Innowise_task_5/airflow_env/lib/python3.8/site-packages/airflow/example_dags/example_branch_operator_decorator.py
[2022-08-04 00:05:24,567] {logging_mixin.py:115} INFO - [2022-08-04 00:05:24,567] {dag.py:2420} INFO - Sync 1 DAGs
[2022-08-04 00:05:24,587] {logging_mixin.py:115} INFO - [2022-08-04 00:05:24,587] {dag.py:2968} INFO - Setting next_dagrun for example_branch_python_operator_decorator to 2022-08-02T00:00:00+00:00, run_after=2022-08-03T00:00:00+00:00
[2022-08-04 00:05:24,594] {processor.py:161} INFO - Processing /home/ndx/Innowise tasks/Innowise_task_5/airflow_env/lib/python3.8/site-packages/airflow/example_dags/example_branch_operator_decorator.py took 0.061 seconds
[2022-08-04 00:05:58,212] {processor.py:153} INFO - Started process (PID=45811) to work on /home/ndx/Innowise tasks/Innowise_task_5/airflow_env/lib/python3.8/site-packages/airflow/example_dags/example_branch_operator_decorator.py
[2022-08-04 00:05:58,218] {processor.py:641} INFO - Processing file /home/ndx/Innowise tasks/Innowise_task_5/airflow_env/lib/python3.8/site-packages/airflow/example_dags/example_branch_operator_decorator.py for tasks to queue
[2022-08-04 00:05:58,218] {logging_mixin.py:115} INFO - [2022-08-04 00:05:58,218] {dagbag.py:508} INFO - Filling up the DagBag from /home/ndx/Innowise tasks/Innowise_task_5/airflow_env/lib/python3.8/site-packages/airflow/example_dags/example_branch_operator_decorator.py
[2022-08-04 00:05:58,228] {processor.py:651} INFO - DAG(s) dict_keys(['example_branch_python_operator_decorator']) retrieved from /home/ndx/Innowise tasks/Innowise_task_5/airflow_env/lib/python3.8/site-packages/airflow/example_dags/example_branch_operator_decorator.py
[2022-08-04 00:05:58,237] {logging_mixin.py:115} INFO - [2022-08-04 00:05:58,237] {dag.py:2420} INFO - Sync 1 DAGs
[2022-08-04 00:05:58,248] {logging_mixin.py:115} INFO - [2022-08-04 00:05:58,248] {dag.py:2968} INFO - Setting next_dagrun for example_branch_python_operator_decorator to 2022-08-02T00:00:00+00:00, run_after=2022-08-03T00:00:00+00:00
[2022-08-04 00:05:58,254] {processor.py:161} INFO - Processing /home/ndx/Innowise tasks/Innowise_task_5/airflow_env/lib/python3.8/site-packages/airflow/example_dags/example_branch_operator_decorator.py took 0.045 seconds
[2022-08-04 00:06:34,009] {processor.py:153} INFO - Started process (PID=45918) to work on /home/ndx/Innowise tasks/Innowise_task_5/airflow_env/lib/python3.8/site-packages/airflow/example_dags/example_branch_operator_decorator.py
[2022-08-04 00:06:34,014] {processor.py:641} INFO - Processing file /home/ndx/Innowise tasks/Innowise_task_5/airflow_env/lib/python3.8/site-packages/airflow/example_dags/example_branch_operator_decorator.py for tasks to queue
[2022-08-04 00:06:34,015] {logging_mixin.py:115} INFO - [2022-08-04 00:06:34,015] {dagbag.py:508} INFO - Filling up the DagBag from /home/ndx/Innowise tasks/Innowise_task_5/airflow_env/lib/python3.8/site-packages/airflow/example_dags/example_branch_operator_decorator.py
[2022-08-04 00:06:34,026] {processor.py:651} INFO - DAG(s) dict_keys(['example_branch_python_operator_decorator']) retrieved from /home/ndx/Innowise tasks/Innowise_task_5/airflow_env/lib/python3.8/site-packages/airflow/example_dags/example_branch_operator_decorator.py
[2022-08-04 00:06:34,036] {logging_mixin.py:115} INFO - [2022-08-04 00:06:34,035] {dag.py:2420} INFO - Sync 1 DAGs
[2022-08-04 00:06:34,047] {logging_mixin.py:115} INFO - [2022-08-04 00:06:34,047] {dag.py:2968} INFO - Setting next_dagrun for example_branch_python_operator_decorator to 2022-08-02T00:00:00+00:00, run_after=2022-08-03T00:00:00+00:00
[2022-08-04 00:06:34,054] {processor.py:161} INFO - Processing /home/ndx/Innowise tasks/Innowise_task_5/airflow_env/lib/python3.8/site-packages/airflow/example_dags/example_branch_operator_decorator.py took 0.047 seconds
[2022-08-04 00:07:06,879] {processor.py:153} INFO - Started process (PID=46003) to work on /home/ndx/Innowise tasks/Innowise_task_5/airflow_env/lib/python3.8/site-packages/airflow/example_dags/example_branch_operator_decorator.py
[2022-08-04 00:07:06,884] {processor.py:641} INFO - Processing file /home/ndx/Innowise tasks/Innowise_task_5/airflow_env/lib/python3.8/site-packages/airflow/example_dags/example_branch_operator_decorator.py for tasks to queue
[2022-08-04 00:07:06,885] {logging_mixin.py:115} INFO - [2022-08-04 00:07:06,885] {dagbag.py:508} INFO - Filling up the DagBag from /home/ndx/Innowise tasks/Innowise_task_5/airflow_env/lib/python3.8/site-packages/airflow/example_dags/example_branch_operator_decorator.py
[2022-08-04 00:07:06,895] {processor.py:651} INFO - DAG(s) dict_keys(['example_branch_python_operator_decorator']) retrieved from /home/ndx/Innowise tasks/Innowise_task_5/airflow_env/lib/python3.8/site-packages/airflow/example_dags/example_branch_operator_decorator.py
[2022-08-04 00:07:06,904] {logging_mixin.py:115} INFO - [2022-08-04 00:07:06,904] {dag.py:2420} INFO - Sync 1 DAGs
[2022-08-04 00:07:06,915] {logging_mixin.py:115} INFO - [2022-08-04 00:07:06,915] {dag.py:2968} INFO - Setting next_dagrun for example_branch_python_operator_decorator to 2022-08-02T00:00:00+00:00, run_after=2022-08-03T00:00:00+00:00
[2022-08-04 00:07:06,921] {processor.py:161} INFO - Processing /home/ndx/Innowise tasks/Innowise_task_5/airflow_env/lib/python3.8/site-packages/airflow/example_dags/example_branch_operator_decorator.py took 0.044 seconds
[2022-08-04 00:07:39,929] {processor.py:153} INFO - Started process (PID=46071) to work on /home/ndx/Innowise tasks/Innowise_task_5/airflow_env/lib/python3.8/site-packages/airflow/example_dags/example_branch_operator_decorator.py
[2022-08-04 00:07:39,934] {processor.py:641} INFO - Processing file /home/ndx/Innowise tasks/Innowise_task_5/airflow_env/lib/python3.8/site-packages/airflow/example_dags/example_branch_operator_decorator.py for tasks to queue
[2022-08-04 00:07:39,935] {logging_mixin.py:115} INFO - [2022-08-04 00:07:39,935] {dagbag.py:508} INFO - Filling up the DagBag from /home/ndx/Innowise tasks/Innowise_task_5/airflow_env/lib/python3.8/site-packages/airflow/example_dags/example_branch_operator_decorator.py
[2022-08-04 00:07:39,945] {processor.py:651} INFO - DAG(s) dict_keys(['example_branch_python_operator_decorator']) retrieved from /home/ndx/Innowise tasks/Innowise_task_5/airflow_env/lib/python3.8/site-packages/airflow/example_dags/example_branch_operator_decorator.py
[2022-08-04 00:07:39,954] {logging_mixin.py:115} INFO - [2022-08-04 00:07:39,954] {dag.py:2420} INFO - Sync 1 DAGs
[2022-08-04 00:07:39,965] {logging_mixin.py:115} INFO - [2022-08-04 00:07:39,965] {dag.py:2968} INFO - Setting next_dagrun for example_branch_python_operator_decorator to 2022-08-02T00:00:00+00:00, run_after=2022-08-03T00:00:00+00:00
[2022-08-04 00:07:39,972] {processor.py:161} INFO - Processing /home/ndx/Innowise tasks/Innowise_task_5/airflow_env/lib/python3.8/site-packages/airflow/example_dags/example_branch_operator_decorator.py took 0.045 seconds
[2022-08-04 00:08:14,410] {processor.py:153} INFO - Started process (PID=46134) to work on /home/ndx/Innowise tasks/Innowise_task_5/airflow_env/lib/python3.8/site-packages/airflow/example_dags/example_branch_operator_decorator.py
[2022-08-04 00:08:14,416] {processor.py:641} INFO - Processing file /home/ndx/Innowise tasks/Innowise_task_5/airflow_env/lib/python3.8/site-packages/airflow/example_dags/example_branch_operator_decorator.py for tasks to queue
[2022-08-04 00:08:14,416] {logging_mixin.py:115} INFO - [2022-08-04 00:08:14,416] {dagbag.py:508} INFO - Filling up the DagBag from /home/ndx/Innowise tasks/Innowise_task_5/airflow_env/lib/python3.8/site-packages/airflow/example_dags/example_branch_operator_decorator.py
[2022-08-04 00:08:14,427] {processor.py:651} INFO - DAG(s) dict_keys(['example_branch_python_operator_decorator']) retrieved from /home/ndx/Innowise tasks/Innowise_task_5/airflow_env/lib/python3.8/site-packages/airflow/example_dags/example_branch_operator_decorator.py
[2022-08-04 00:08:14,436] {logging_mixin.py:115} INFO - [2022-08-04 00:08:14,436] {dag.py:2420} INFO - Sync 1 DAGs
[2022-08-04 00:08:14,447] {logging_mixin.py:115} INFO - [2022-08-04 00:08:14,447] {dag.py:2968} INFO - Setting next_dagrun for example_branch_python_operator_decorator to 2022-08-02T00:00:00+00:00, run_after=2022-08-03T00:00:00+00:00
[2022-08-04 00:08:14,453] {processor.py:161} INFO - Processing /home/ndx/Innowise tasks/Innowise_task_5/airflow_env/lib/python3.8/site-packages/airflow/example_dags/example_branch_operator_decorator.py took 0.045 seconds
[2022-08-04 00:08:48,048] {processor.py:153} INFO - Started process (PID=46235) to work on /home/ndx/Innowise tasks/Innowise_task_5/airflow_env/lib/python3.8/site-packages/airflow/example_dags/example_branch_operator_decorator.py
[2022-08-04 00:08:48,053] {processor.py:641} INFO - Processing file /home/ndx/Innowise tasks/Innowise_task_5/airflow_env/lib/python3.8/site-packages/airflow/example_dags/example_branch_operator_decorator.py for tasks to queue
[2022-08-04 00:08:48,053] {logging_mixin.py:115} INFO - [2022-08-04 00:08:48,053] {dagbag.py:508} INFO - Filling up the DagBag from /home/ndx/Innowise tasks/Innowise_task_5/airflow_env/lib/python3.8/site-packages/airflow/example_dags/example_branch_operator_decorator.py
[2022-08-04 00:08:48,064] {processor.py:651} INFO - DAG(s) dict_keys(['example_branch_python_operator_decorator']) retrieved from /home/ndx/Innowise tasks/Innowise_task_5/airflow_env/lib/python3.8/site-packages/airflow/example_dags/example_branch_operator_decorator.py
[2022-08-04 00:08:48,073] {logging_mixin.py:115} INFO - [2022-08-04 00:08:48,073] {dag.py:2420} INFO - Sync 1 DAGs
[2022-08-04 00:08:48,084] {logging_mixin.py:115} INFO - [2022-08-04 00:08:48,084] {dag.py:2968} INFO - Setting next_dagrun for example_branch_python_operator_decorator to 2022-08-02T00:00:00+00:00, run_after=2022-08-03T00:00:00+00:00
[2022-08-04 00:08:48,090] {processor.py:161} INFO - Processing /home/ndx/Innowise tasks/Innowise_task_5/airflow_env/lib/python3.8/site-packages/airflow/example_dags/example_branch_operator_decorator.py took 0.044 seconds
[2022-08-04 00:09:22,640] {processor.py:153} INFO - Started process (PID=46322) to work on /home/ndx/Innowise tasks/Innowise_task_5/airflow_env/lib/python3.8/site-packages/airflow/example_dags/example_branch_operator_decorator.py
[2022-08-04 00:09:22,640] {processor.py:641} INFO - Processing file /home/ndx/Innowise tasks/Innowise_task_5/airflow_env/lib/python3.8/site-packages/airflow/example_dags/example_branch_operator_decorator.py for tasks to queue
[2022-08-04 00:09:22,641] {logging_mixin.py:115} INFO - [2022-08-04 00:09:22,641] {dagbag.py:508} INFO - Filling up the DagBag from /home/ndx/Innowise tasks/Innowise_task_5/airflow_env/lib/python3.8/site-packages/airflow/example_dags/example_branch_operator_decorator.py
[2022-08-04 00:09:22,657] {processor.py:651} INFO - DAG(s) dict_keys(['example_branch_python_operator_decorator']) retrieved from /home/ndx/Innowise tasks/Innowise_task_5/airflow_env/lib/python3.8/site-packages/airflow/example_dags/example_branch_operator_decorator.py
[2022-08-04 00:09:22,672] {logging_mixin.py:115} INFO - [2022-08-04 00:09:22,672] {dag.py:2420} INFO - Sync 1 DAGs
[2022-08-04 00:09:22,695] {logging_mixin.py:115} INFO - [2022-08-04 00:09:22,695] {dag.py:2968} INFO - Setting next_dagrun for example_branch_python_operator_decorator to 2022-08-02T00:00:00+00:00, run_after=2022-08-03T00:00:00+00:00
[2022-08-04 00:09:22,710] {processor.py:161} INFO - Processing /home/ndx/Innowise tasks/Innowise_task_5/airflow_env/lib/python3.8/site-packages/airflow/example_dags/example_branch_operator_decorator.py took 0.073 seconds
[2022-08-04 00:10:00,238] {processor.py:153} INFO - Started process (PID=46408) to work on /home/ndx/Innowise tasks/Innowise_task_5/airflow_env/lib/python3.8/site-packages/airflow/example_dags/example_branch_operator_decorator.py
[2022-08-04 00:10:00,243] {processor.py:641} INFO - Processing file /home/ndx/Innowise tasks/Innowise_task_5/airflow_env/lib/python3.8/site-packages/airflow/example_dags/example_branch_operator_decorator.py for tasks to queue
[2022-08-04 00:10:00,244] {logging_mixin.py:115} INFO - [2022-08-04 00:10:00,244] {dagbag.py:508} INFO - Filling up the DagBag from /home/ndx/Innowise tasks/Innowise_task_5/airflow_env/lib/python3.8/site-packages/airflow/example_dags/example_branch_operator_decorator.py
[2022-08-04 00:10:00,256] {processor.py:651} INFO - DAG(s) dict_keys(['example_branch_python_operator_decorator']) retrieved from /home/ndx/Innowise tasks/Innowise_task_5/airflow_env/lib/python3.8/site-packages/airflow/example_dags/example_branch_operator_decorator.py
[2022-08-04 00:10:00,266] {logging_mixin.py:115} INFO - [2022-08-04 00:10:00,266] {dag.py:2420} INFO - Sync 1 DAGs
[2022-08-04 00:10:00,278] {logging_mixin.py:115} INFO - [2022-08-04 00:10:00,278] {dag.py:2968} INFO - Setting next_dagrun for example_branch_python_operator_decorator to 2022-08-02T00:00:00+00:00, run_after=2022-08-03T00:00:00+00:00
[2022-08-04 00:10:00,285] {processor.py:161} INFO - Processing /home/ndx/Innowise tasks/Innowise_task_5/airflow_env/lib/python3.8/site-packages/airflow/example_dags/example_branch_operator_decorator.py took 0.048 seconds
[2022-08-04 00:10:31,941] {processor.py:153} INFO - Started process (PID=46524) to work on /home/ndx/Innowise tasks/Innowise_task_5/airflow_env/lib/python3.8/site-packages/airflow/example_dags/example_branch_operator_decorator.py
[2022-08-04 00:10:31,946] {processor.py:641} INFO - Processing file /home/ndx/Innowise tasks/Innowise_task_5/airflow_env/lib/python3.8/site-packages/airflow/example_dags/example_branch_operator_decorator.py for tasks to queue
[2022-08-04 00:10:31,946] {logging_mixin.py:115} INFO - [2022-08-04 00:10:31,946] {dagbag.py:508} INFO - Filling up the DagBag from /home/ndx/Innowise tasks/Innowise_task_5/airflow_env/lib/python3.8/site-packages/airflow/example_dags/example_branch_operator_decorator.py
[2022-08-04 00:10:31,957] {processor.py:651} INFO - DAG(s) dict_keys(['example_branch_python_operator_decorator']) retrieved from /home/ndx/Innowise tasks/Innowise_task_5/airflow_env/lib/python3.8/site-packages/airflow/example_dags/example_branch_operator_decorator.py
[2022-08-04 00:10:31,965] {logging_mixin.py:115} INFO - [2022-08-04 00:10:31,965] {dag.py:2420} INFO - Sync 1 DAGs
[2022-08-04 00:10:31,975] {logging_mixin.py:115} INFO - [2022-08-04 00:10:31,975] {dag.py:2968} INFO - Setting next_dagrun for example_branch_python_operator_decorator to 2022-08-02T00:00:00+00:00, run_after=2022-08-03T00:00:00+00:00
[2022-08-04 00:10:31,981] {processor.py:161} INFO - Processing /home/ndx/Innowise tasks/Innowise_task_5/airflow_env/lib/python3.8/site-packages/airflow/example_dags/example_branch_operator_decorator.py took 0.043 seconds
[2022-08-04 00:11:07,041] {processor.py:153} INFO - Started process (PID=46597) to work on /home/ndx/Innowise tasks/Innowise_task_5/airflow_env/lib/python3.8/site-packages/airflow/example_dags/example_branch_operator_decorator.py
[2022-08-04 00:11:07,046] {processor.py:641} INFO - Processing file /home/ndx/Innowise tasks/Innowise_task_5/airflow_env/lib/python3.8/site-packages/airflow/example_dags/example_branch_operator_decorator.py for tasks to queue
[2022-08-04 00:11:07,047] {logging_mixin.py:115} INFO - [2022-08-04 00:11:07,046] {dagbag.py:508} INFO - Filling up the DagBag from /home/ndx/Innowise tasks/Innowise_task_5/airflow_env/lib/python3.8/site-packages/airflow/example_dags/example_branch_operator_decorator.py
[2022-08-04 00:11:07,057] {processor.py:651} INFO - DAG(s) dict_keys(['example_branch_python_operator_decorator']) retrieved from /home/ndx/Innowise tasks/Innowise_task_5/airflow_env/lib/python3.8/site-packages/airflow/example_dags/example_branch_operator_decorator.py
[2022-08-04 00:11:07,065] {logging_mixin.py:115} INFO - [2022-08-04 00:11:07,065] {dag.py:2420} INFO - Sync 1 DAGs
[2022-08-04 00:11:07,076] {logging_mixin.py:115} INFO - [2022-08-04 00:11:07,076] {dag.py:2968} INFO - Setting next_dagrun for example_branch_python_operator_decorator to 2022-08-02T00:00:00+00:00, run_after=2022-08-03T00:00:00+00:00
[2022-08-04 00:11:07,083] {processor.py:161} INFO - Processing /home/ndx/Innowise tasks/Innowise_task_5/airflow_env/lib/python3.8/site-packages/airflow/example_dags/example_branch_operator_decorator.py took 0.044 seconds
[2022-08-04 00:11:40,757] {processor.py:153} INFO - Started process (PID=46658) to work on /home/ndx/Innowise tasks/Innowise_task_5/airflow_env/lib/python3.8/site-packages/airflow/example_dags/example_branch_operator_decorator.py
[2022-08-04 00:11:40,762] {processor.py:641} INFO - Processing file /home/ndx/Innowise tasks/Innowise_task_5/airflow_env/lib/python3.8/site-packages/airflow/example_dags/example_branch_operator_decorator.py for tasks to queue
[2022-08-04 00:11:40,763] {logging_mixin.py:115} INFO - [2022-08-04 00:11:40,763] {dagbag.py:508} INFO - Filling up the DagBag from /home/ndx/Innowise tasks/Innowise_task_5/airflow_env/lib/python3.8/site-packages/airflow/example_dags/example_branch_operator_decorator.py
[2022-08-04 00:11:40,773] {processor.py:651} INFO - DAG(s) dict_keys(['example_branch_python_operator_decorator']) retrieved from /home/ndx/Innowise tasks/Innowise_task_5/airflow_env/lib/python3.8/site-packages/airflow/example_dags/example_branch_operator_decorator.py
[2022-08-04 00:11:40,783] {logging_mixin.py:115} INFO - [2022-08-04 00:11:40,783] {dag.py:2420} INFO - Sync 1 DAGs
[2022-08-04 00:11:40,797] {logging_mixin.py:115} INFO - [2022-08-04 00:11:40,797] {dag.py:2968} INFO - Setting next_dagrun for example_branch_python_operator_decorator to 2022-08-02T00:00:00+00:00, run_after=2022-08-03T00:00:00+00:00
[2022-08-04 00:11:40,805] {processor.py:161} INFO - Processing /home/ndx/Innowise tasks/Innowise_task_5/airflow_env/lib/python3.8/site-packages/airflow/example_dags/example_branch_operator_decorator.py took 0.050 seconds
[2022-08-04 00:12:15,559] {processor.py:153} INFO - Started process (PID=46718) to work on /home/ndx/Innowise tasks/Innowise_task_5/airflow_env/lib/python3.8/site-packages/airflow/example_dags/example_branch_operator_decorator.py
[2022-08-04 00:12:15,559] {processor.py:641} INFO - Processing file /home/ndx/Innowise tasks/Innowise_task_5/airflow_env/lib/python3.8/site-packages/airflow/example_dags/example_branch_operator_decorator.py for tasks to queue
[2022-08-04 00:12:15,560] {logging_mixin.py:115} INFO - [2022-08-04 00:12:15,560] {dagbag.py:508} INFO - Filling up the DagBag from /home/ndx/Innowise tasks/Innowise_task_5/airflow_env/lib/python3.8/site-packages/airflow/example_dags/example_branch_operator_decorator.py
[2022-08-04 00:12:15,570] {processor.py:651} INFO - DAG(s) dict_keys(['example_branch_python_operator_decorator']) retrieved from /home/ndx/Innowise tasks/Innowise_task_5/airflow_env/lib/python3.8/site-packages/airflow/example_dags/example_branch_operator_decorator.py
[2022-08-04 00:12:15,579] {logging_mixin.py:115} INFO - [2022-08-04 00:12:15,579] {dag.py:2420} INFO - Sync 1 DAGs
[2022-08-04 00:12:15,590] {logging_mixin.py:115} INFO - [2022-08-04 00:12:15,590] {dag.py:2968} INFO - Setting next_dagrun for example_branch_python_operator_decorator to 2022-08-02T00:00:00+00:00, run_after=2022-08-03T00:00:00+00:00
[2022-08-04 00:12:15,596] {processor.py:161} INFO - Processing /home/ndx/Innowise tasks/Innowise_task_5/airflow_env/lib/python3.8/site-packages/airflow/example_dags/example_branch_operator_decorator.py took 0.039 seconds
[2022-08-04 00:12:48,682] {processor.py:153} INFO - Started process (PID=46768) to work on /home/ndx/Innowise tasks/Innowise_task_5/airflow_env/lib/python3.8/site-packages/airflow/example_dags/example_branch_operator_decorator.py
[2022-08-04 00:12:48,688] {processor.py:641} INFO - Processing file /home/ndx/Innowise tasks/Innowise_task_5/airflow_env/lib/python3.8/site-packages/airflow/example_dags/example_branch_operator_decorator.py for tasks to queue
[2022-08-04 00:12:48,688] {logging_mixin.py:115} INFO - [2022-08-04 00:12:48,688] {dagbag.py:508} INFO - Filling up the DagBag from /home/ndx/Innowise tasks/Innowise_task_5/airflow_env/lib/python3.8/site-packages/airflow/example_dags/example_branch_operator_decorator.py
[2022-08-04 00:12:48,699] {processor.py:651} INFO - DAG(s) dict_keys(['example_branch_python_operator_decorator']) retrieved from /home/ndx/Innowise tasks/Innowise_task_5/airflow_env/lib/python3.8/site-packages/airflow/example_dags/example_branch_operator_decorator.py
[2022-08-04 00:12:48,708] {logging_mixin.py:115} INFO - [2022-08-04 00:12:48,708] {dag.py:2420} INFO - Sync 1 DAGs
[2022-08-04 00:12:48,720] {logging_mixin.py:115} INFO - [2022-08-04 00:12:48,720] {dag.py:2968} INFO - Setting next_dagrun for example_branch_python_operator_decorator to 2022-08-02T00:00:00+00:00, run_after=2022-08-03T00:00:00+00:00
[2022-08-04 00:12:48,728] {processor.py:161} INFO - Processing /home/ndx/Innowise tasks/Innowise_task_5/airflow_env/lib/python3.8/site-packages/airflow/example_dags/example_branch_operator_decorator.py took 0.048 seconds
[2022-08-04 00:13:23,534] {processor.py:153} INFO - Started process (PID=46861) to work on /home/ndx/Innowise tasks/Innowise_task_5/airflow_env/lib/python3.8/site-packages/airflow/example_dags/example_branch_operator_decorator.py
[2022-08-04 00:13:23,540] {processor.py:641} INFO - Processing file /home/ndx/Innowise tasks/Innowise_task_5/airflow_env/lib/python3.8/site-packages/airflow/example_dags/example_branch_operator_decorator.py for tasks to queue
[2022-08-04 00:13:23,540] {logging_mixin.py:115} INFO - [2022-08-04 00:13:23,540] {dagbag.py:508} INFO - Filling up the DagBag from /home/ndx/Innowise tasks/Innowise_task_5/airflow_env/lib/python3.8/site-packages/airflow/example_dags/example_branch_operator_decorator.py
[2022-08-04 00:13:23,553] {processor.py:651} INFO - DAG(s) dict_keys(['example_branch_python_operator_decorator']) retrieved from /home/ndx/Innowise tasks/Innowise_task_5/airflow_env/lib/python3.8/site-packages/airflow/example_dags/example_branch_operator_decorator.py
[2022-08-04 00:13:23,563] {logging_mixin.py:115} INFO - [2022-08-04 00:13:23,563] {dag.py:2420} INFO - Sync 1 DAGs
[2022-08-04 00:13:23,574] {logging_mixin.py:115} INFO - [2022-08-04 00:13:23,574] {dag.py:2968} INFO - Setting next_dagrun for example_branch_python_operator_decorator to 2022-08-02T00:00:00+00:00, run_after=2022-08-03T00:00:00+00:00
[2022-08-04 00:13:23,585] {processor.py:161} INFO - Processing /home/ndx/Innowise tasks/Innowise_task_5/airflow_env/lib/python3.8/site-packages/airflow/example_dags/example_branch_operator_decorator.py took 0.052 seconds
[2022-08-04 00:13:56,938] {processor.py:153} INFO - Started process (PID=46942) to work on /home/ndx/Innowise tasks/Innowise_task_5/airflow_env/lib/python3.8/site-packages/airflow/example_dags/example_branch_operator_decorator.py
[2022-08-04 00:13:56,943] {processor.py:641} INFO - Processing file /home/ndx/Innowise tasks/Innowise_task_5/airflow_env/lib/python3.8/site-packages/airflow/example_dags/example_branch_operator_decorator.py for tasks to queue
[2022-08-04 00:13:56,944] {logging_mixin.py:115} INFO - [2022-08-04 00:13:56,944] {dagbag.py:508} INFO - Filling up the DagBag from /home/ndx/Innowise tasks/Innowise_task_5/airflow_env/lib/python3.8/site-packages/airflow/example_dags/example_branch_operator_decorator.py
[2022-08-04 00:13:56,954] {processor.py:651} INFO - DAG(s) dict_keys(['example_branch_python_operator_decorator']) retrieved from /home/ndx/Innowise tasks/Innowise_task_5/airflow_env/lib/python3.8/site-packages/airflow/example_dags/example_branch_operator_decorator.py
[2022-08-04 00:13:56,962] {logging_mixin.py:115} INFO - [2022-08-04 00:13:56,962] {dag.py:2420} INFO - Sync 1 DAGs
[2022-08-04 00:13:56,973] {logging_mixin.py:115} INFO - [2022-08-04 00:13:56,973] {dag.py:2968} INFO - Setting next_dagrun for example_branch_python_operator_decorator to 2022-08-02T00:00:00+00:00, run_after=2022-08-03T00:00:00+00:00
[2022-08-04 00:13:56,979] {processor.py:161} INFO - Processing /home/ndx/Innowise tasks/Innowise_task_5/airflow_env/lib/python3.8/site-packages/airflow/example_dags/example_branch_operator_decorator.py took 0.042 seconds
[2022-08-04 00:14:30,319] {processor.py:153} INFO - Started process (PID=47058) to work on /home/ndx/Innowise tasks/Innowise_task_5/airflow_env/lib/python3.8/site-packages/airflow/example_dags/example_branch_operator_decorator.py
[2022-08-04 00:14:30,324] {processor.py:641} INFO - Processing file /home/ndx/Innowise tasks/Innowise_task_5/airflow_env/lib/python3.8/site-packages/airflow/example_dags/example_branch_operator_decorator.py for tasks to queue
[2022-08-04 00:14:30,325] {logging_mixin.py:115} INFO - [2022-08-04 00:14:30,325] {dagbag.py:508} INFO - Filling up the DagBag from /home/ndx/Innowise tasks/Innowise_task_5/airflow_env/lib/python3.8/site-packages/airflow/example_dags/example_branch_operator_decorator.py
[2022-08-04 00:14:30,335] {processor.py:651} INFO - DAG(s) dict_keys(['example_branch_python_operator_decorator']) retrieved from /home/ndx/Innowise tasks/Innowise_task_5/airflow_env/lib/python3.8/site-packages/airflow/example_dags/example_branch_operator_decorator.py
[2022-08-04 00:14:30,344] {logging_mixin.py:115} INFO - [2022-08-04 00:14:30,344] {dag.py:2420} INFO - Sync 1 DAGs
[2022-08-04 00:14:30,355] {logging_mixin.py:115} INFO - [2022-08-04 00:14:30,354] {dag.py:2968} INFO - Setting next_dagrun for example_branch_python_operator_decorator to 2022-08-02T00:00:00+00:00, run_after=2022-08-03T00:00:00+00:00
[2022-08-04 00:14:30,361] {processor.py:161} INFO - Processing /home/ndx/Innowise tasks/Innowise_task_5/airflow_env/lib/python3.8/site-packages/airflow/example_dags/example_branch_operator_decorator.py took 0.044 seconds
[2022-08-04 00:15:05,223] {processor.py:153} INFO - Started process (PID=47161) to work on /home/ndx/Innowise tasks/Innowise_task_5/airflow_env/lib/python3.8/site-packages/airflow/example_dags/example_branch_operator_decorator.py
[2022-08-04 00:15:05,229] {processor.py:641} INFO - Processing file /home/ndx/Innowise tasks/Innowise_task_5/airflow_env/lib/python3.8/site-packages/airflow/example_dags/example_branch_operator_decorator.py for tasks to queue
[2022-08-04 00:15:05,229] {logging_mixin.py:115} INFO - [2022-08-04 00:15:05,229] {dagbag.py:508} INFO - Filling up the DagBag from /home/ndx/Innowise tasks/Innowise_task_5/airflow_env/lib/python3.8/site-packages/airflow/example_dags/example_branch_operator_decorator.py
[2022-08-04 00:15:05,241] {processor.py:651} INFO - DAG(s) dict_keys(['example_branch_python_operator_decorator']) retrieved from /home/ndx/Innowise tasks/Innowise_task_5/airflow_env/lib/python3.8/site-packages/airflow/example_dags/example_branch_operator_decorator.py
[2022-08-04 00:15:05,251] {logging_mixin.py:115} INFO - [2022-08-04 00:15:05,251] {dag.py:2420} INFO - Sync 1 DAGs
[2022-08-04 00:15:05,263] {logging_mixin.py:115} INFO - [2022-08-04 00:15:05,263] {dag.py:2968} INFO - Setting next_dagrun for example_branch_python_operator_decorator to 2022-08-02T00:00:00+00:00, run_after=2022-08-03T00:00:00+00:00
[2022-08-04 00:15:05,269] {processor.py:161} INFO - Processing /home/ndx/Innowise tasks/Innowise_task_5/airflow_env/lib/python3.8/site-packages/airflow/example_dags/example_branch_operator_decorator.py took 0.047 seconds
[2022-08-04 00:15:43,599] {processor.py:153} INFO - Started process (PID=47242) to work on /home/ndx/Innowise tasks/Innowise_task_5/airflow_env/lib/python3.8/site-packages/airflow/example_dags/example_branch_operator_decorator.py
[2022-08-04 00:15:43,604] {processor.py:641} INFO - Processing file /home/ndx/Innowise tasks/Innowise_task_5/airflow_env/lib/python3.8/site-packages/airflow/example_dags/example_branch_operator_decorator.py for tasks to queue
[2022-08-04 00:15:43,605] {logging_mixin.py:115} INFO - [2022-08-04 00:15:43,604] {dagbag.py:508} INFO - Filling up the DagBag from /home/ndx/Innowise tasks/Innowise_task_5/airflow_env/lib/python3.8/site-packages/airflow/example_dags/example_branch_operator_decorator.py
[2022-08-04 00:15:43,615] {processor.py:651} INFO - DAG(s) dict_keys(['example_branch_python_operator_decorator']) retrieved from /home/ndx/Innowise tasks/Innowise_task_5/airflow_env/lib/python3.8/site-packages/airflow/example_dags/example_branch_operator_decorator.py
[2022-08-04 00:15:43,624] {logging_mixin.py:115} INFO - [2022-08-04 00:15:43,624] {dag.py:2420} INFO - Sync 1 DAGs
[2022-08-04 00:15:43,635] {logging_mixin.py:115} INFO - [2022-08-04 00:15:43,635] {dag.py:2968} INFO - Setting next_dagrun for example_branch_python_operator_decorator to 2022-08-02T00:00:00+00:00, run_after=2022-08-03T00:00:00+00:00
[2022-08-04 00:15:43,641] {processor.py:161} INFO - Processing /home/ndx/Innowise tasks/Innowise_task_5/airflow_env/lib/python3.8/site-packages/airflow/example_dags/example_branch_operator_decorator.py took 0.044 seconds
[2022-08-04 00:16:17,648] {processor.py:153} INFO - Started process (PID=47323) to work on /home/ndx/Innowise tasks/Innowise_task_5/airflow_env/lib/python3.8/site-packages/airflow/example_dags/example_branch_operator_decorator.py
[2022-08-04 00:16:17,653] {processor.py:641} INFO - Processing file /home/ndx/Innowise tasks/Innowise_task_5/airflow_env/lib/python3.8/site-packages/airflow/example_dags/example_branch_operator_decorator.py for tasks to queue
[2022-08-04 00:16:17,654] {logging_mixin.py:115} INFO - [2022-08-04 00:16:17,653] {dagbag.py:508} INFO - Filling up the DagBag from /home/ndx/Innowise tasks/Innowise_task_5/airflow_env/lib/python3.8/site-packages/airflow/example_dags/example_branch_operator_decorator.py
[2022-08-04 00:16:17,664] {processor.py:651} INFO - DAG(s) dict_keys(['example_branch_python_operator_decorator']) retrieved from /home/ndx/Innowise tasks/Innowise_task_5/airflow_env/lib/python3.8/site-packages/airflow/example_dags/example_branch_operator_decorator.py
[2022-08-04 00:16:17,673] {logging_mixin.py:115} INFO - [2022-08-04 00:16:17,672] {dag.py:2420} INFO - Sync 1 DAGs
[2022-08-04 00:16:17,683] {logging_mixin.py:115} INFO - [2022-08-04 00:16:17,683] {dag.py:2968} INFO - Setting next_dagrun for example_branch_python_operator_decorator to 2022-08-02T00:00:00+00:00, run_after=2022-08-03T00:00:00+00:00
[2022-08-04 00:16:17,690] {processor.py:161} INFO - Processing /home/ndx/Innowise tasks/Innowise_task_5/airflow_env/lib/python3.8/site-packages/airflow/example_dags/example_branch_operator_decorator.py took 0.044 seconds
[2022-08-04 00:16:50,918] {processor.py:153} INFO - Started process (PID=47394) to work on /home/ndx/Innowise tasks/Innowise_task_5/airflow_env/lib/python3.8/site-packages/airflow/example_dags/example_branch_operator_decorator.py
[2022-08-04 00:16:50,923] {processor.py:641} INFO - Processing file /home/ndx/Innowise tasks/Innowise_task_5/airflow_env/lib/python3.8/site-packages/airflow/example_dags/example_branch_operator_decorator.py for tasks to queue
[2022-08-04 00:16:50,924] {logging_mixin.py:115} INFO - [2022-08-04 00:16:50,924] {dagbag.py:508} INFO - Filling up the DagBag from /home/ndx/Innowise tasks/Innowise_task_5/airflow_env/lib/python3.8/site-packages/airflow/example_dags/example_branch_operator_decorator.py
[2022-08-04 00:16:50,935] {processor.py:651} INFO - DAG(s) dict_keys(['example_branch_python_operator_decorator']) retrieved from /home/ndx/Innowise tasks/Innowise_task_5/airflow_env/lib/python3.8/site-packages/airflow/example_dags/example_branch_operator_decorator.py
[2022-08-04 00:16:50,944] {logging_mixin.py:115} INFO - [2022-08-04 00:16:50,944] {dag.py:2420} INFO - Sync 1 DAGs
[2022-08-04 00:16:50,956] {logging_mixin.py:115} INFO - [2022-08-04 00:16:50,956] {dag.py:2968} INFO - Setting next_dagrun for example_branch_python_operator_decorator to 2022-08-02T00:00:00+00:00, run_after=2022-08-03T00:00:00+00:00
[2022-08-04 00:16:50,965] {processor.py:161} INFO - Processing /home/ndx/Innowise tasks/Innowise_task_5/airflow_env/lib/python3.8/site-packages/airflow/example_dags/example_branch_operator_decorator.py took 0.048 seconds
[2022-08-04 00:17:26,879] {processor.py:153} INFO - Started process (PID=47482) to work on /home/ndx/Innowise tasks/Innowise_task_5/airflow_env/lib/python3.8/site-packages/airflow/example_dags/example_branch_operator_decorator.py
[2022-08-04 00:17:26,884] {processor.py:641} INFO - Processing file /home/ndx/Innowise tasks/Innowise_task_5/airflow_env/lib/python3.8/site-packages/airflow/example_dags/example_branch_operator_decorator.py for tasks to queue
[2022-08-04 00:17:26,885] {logging_mixin.py:115} INFO - [2022-08-04 00:17:26,884] {dagbag.py:508} INFO - Filling up the DagBag from /home/ndx/Innowise tasks/Innowise_task_5/airflow_env/lib/python3.8/site-packages/airflow/example_dags/example_branch_operator_decorator.py
[2022-08-04 00:17:26,895] {processor.py:651} INFO - DAG(s) dict_keys(['example_branch_python_operator_decorator']) retrieved from /home/ndx/Innowise tasks/Innowise_task_5/airflow_env/lib/python3.8/site-packages/airflow/example_dags/example_branch_operator_decorator.py
[2022-08-04 00:17:26,905] {logging_mixin.py:115} INFO - [2022-08-04 00:17:26,905] {dag.py:2420} INFO - Sync 1 DAGs
[2022-08-04 00:17:26,917] {logging_mixin.py:115} INFO - [2022-08-04 00:17:26,917] {dag.py:2968} INFO - Setting next_dagrun for example_branch_python_operator_decorator to 2022-08-02T00:00:00+00:00, run_after=2022-08-03T00:00:00+00:00
[2022-08-04 00:17:26,926] {processor.py:161} INFO - Processing /home/ndx/Innowise tasks/Innowise_task_5/airflow_env/lib/python3.8/site-packages/airflow/example_dags/example_branch_operator_decorator.py took 0.050 seconds
[2022-08-04 00:18:06,037] {processor.py:153} INFO - Started process (PID=47568) to work on /home/ndx/Innowise tasks/Innowise_task_5/airflow_env/lib/python3.8/site-packages/airflow/example_dags/example_branch_operator_decorator.py
[2022-08-04 00:18:06,042] {processor.py:641} INFO - Processing file /home/ndx/Innowise tasks/Innowise_task_5/airflow_env/lib/python3.8/site-packages/airflow/example_dags/example_branch_operator_decorator.py for tasks to queue
[2022-08-04 00:18:06,043] {logging_mixin.py:115} INFO - [2022-08-04 00:18:06,043] {dagbag.py:508} INFO - Filling up the DagBag from /home/ndx/Innowise tasks/Innowise_task_5/airflow_env/lib/python3.8/site-packages/airflow/example_dags/example_branch_operator_decorator.py
[2022-08-04 00:18:06,054] {processor.py:651} INFO - DAG(s) dict_keys(['example_branch_python_operator_decorator']) retrieved from /home/ndx/Innowise tasks/Innowise_task_5/airflow_env/lib/python3.8/site-packages/airflow/example_dags/example_branch_operator_decorator.py
[2022-08-04 00:18:06,063] {logging_mixin.py:115} INFO - [2022-08-04 00:18:06,063] {dag.py:2420} INFO - Sync 1 DAGs
[2022-08-04 00:18:06,075] {logging_mixin.py:115} INFO - [2022-08-04 00:18:06,075] {dag.py:2968} INFO - Setting next_dagrun for example_branch_python_operator_decorator to 2022-08-02T00:00:00+00:00, run_after=2022-08-03T00:00:00+00:00
[2022-08-04 00:18:06,081] {processor.py:161} INFO - Processing /home/ndx/Innowise tasks/Innowise_task_5/airflow_env/lib/python3.8/site-packages/airflow/example_dags/example_branch_operator_decorator.py took 0.046 seconds
[2022-08-04 00:18:39,731] {processor.py:153} INFO - Started process (PID=47608) to work on /home/ndx/Innowise tasks/Innowise_task_5/airflow_env/lib/python3.8/site-packages/airflow/example_dags/example_branch_operator_decorator.py
[2022-08-04 00:18:39,736] {processor.py:641} INFO - Processing file /home/ndx/Innowise tasks/Innowise_task_5/airflow_env/lib/python3.8/site-packages/airflow/example_dags/example_branch_operator_decorator.py for tasks to queue
[2022-08-04 00:18:39,736] {logging_mixin.py:115} INFO - [2022-08-04 00:18:39,736] {dagbag.py:508} INFO - Filling up the DagBag from /home/ndx/Innowise tasks/Innowise_task_5/airflow_env/lib/python3.8/site-packages/airflow/example_dags/example_branch_operator_decorator.py
[2022-08-04 00:18:39,748] {processor.py:651} INFO - DAG(s) dict_keys(['example_branch_python_operator_decorator']) retrieved from /home/ndx/Innowise tasks/Innowise_task_5/airflow_env/lib/python3.8/site-packages/airflow/example_dags/example_branch_operator_decorator.py
[2022-08-04 00:18:39,758] {logging_mixin.py:115} INFO - [2022-08-04 00:18:39,758] {dag.py:2420} INFO - Sync 1 DAGs
[2022-08-04 00:18:39,772] {logging_mixin.py:115} INFO - [2022-08-04 00:18:39,772] {dag.py:2968} INFO - Setting next_dagrun for example_branch_python_operator_decorator to 2022-08-02T00:00:00+00:00, run_after=2022-08-03T00:00:00+00:00
[2022-08-04 00:18:39,779] {processor.py:161} INFO - Processing /home/ndx/Innowise tasks/Innowise_task_5/airflow_env/lib/python3.8/site-packages/airflow/example_dags/example_branch_operator_decorator.py took 0.050 seconds
[2022-08-04 00:19:15,269] {processor.py:153} INFO - Started process (PID=47801) to work on /home/ndx/Innowise tasks/Innowise_task_5/airflow_env/lib/python3.8/site-packages/airflow/example_dags/example_branch_operator_decorator.py
[2022-08-04 00:19:15,274] {processor.py:641} INFO - Processing file /home/ndx/Innowise tasks/Innowise_task_5/airflow_env/lib/python3.8/site-packages/airflow/example_dags/example_branch_operator_decorator.py for tasks to queue
[2022-08-04 00:19:15,275] {logging_mixin.py:115} INFO - [2022-08-04 00:19:15,275] {dagbag.py:508} INFO - Filling up the DagBag from /home/ndx/Innowise tasks/Innowise_task_5/airflow_env/lib/python3.8/site-packages/airflow/example_dags/example_branch_operator_decorator.py
[2022-08-04 00:19:15,285] {processor.py:651} INFO - DAG(s) dict_keys(['example_branch_python_operator_decorator']) retrieved from /home/ndx/Innowise tasks/Innowise_task_5/airflow_env/lib/python3.8/site-packages/airflow/example_dags/example_branch_operator_decorator.py
[2022-08-04 00:19:15,294] {logging_mixin.py:115} INFO - [2022-08-04 00:19:15,294] {dag.py:2420} INFO - Sync 1 DAGs
[2022-08-04 00:19:15,304] {logging_mixin.py:115} INFO - [2022-08-04 00:19:15,304] {dag.py:2968} INFO - Setting next_dagrun for example_branch_python_operator_decorator to 2022-08-02T00:00:00+00:00, run_after=2022-08-03T00:00:00+00:00
[2022-08-04 00:19:15,313] {processor.py:161} INFO - Processing /home/ndx/Innowise tasks/Innowise_task_5/airflow_env/lib/python3.8/site-packages/airflow/example_dags/example_branch_operator_decorator.py took 0.046 seconds
[2022-08-04 00:19:47,792] {processor.py:153} INFO - Started process (PID=47882) to work on /home/ndx/Innowise tasks/Innowise_task_5/airflow_env/lib/python3.8/site-packages/airflow/example_dags/example_branch_operator_decorator.py
[2022-08-04 00:19:47,797] {processor.py:641} INFO - Processing file /home/ndx/Innowise tasks/Innowise_task_5/airflow_env/lib/python3.8/site-packages/airflow/example_dags/example_branch_operator_decorator.py for tasks to queue
[2022-08-04 00:19:47,798] {logging_mixin.py:115} INFO - [2022-08-04 00:19:47,798] {dagbag.py:508} INFO - Filling up the DagBag from /home/ndx/Innowise tasks/Innowise_task_5/airflow_env/lib/python3.8/site-packages/airflow/example_dags/example_branch_operator_decorator.py
[2022-08-04 00:19:47,808] {processor.py:651} INFO - DAG(s) dict_keys(['example_branch_python_operator_decorator']) retrieved from /home/ndx/Innowise tasks/Innowise_task_5/airflow_env/lib/python3.8/site-packages/airflow/example_dags/example_branch_operator_decorator.py
[2022-08-04 00:19:47,818] {logging_mixin.py:115} INFO - [2022-08-04 00:19:47,818] {dag.py:2420} INFO - Sync 1 DAGs
[2022-08-04 00:19:47,830] {logging_mixin.py:115} INFO - [2022-08-04 00:19:47,830] {dag.py:2968} INFO - Setting next_dagrun for example_branch_python_operator_decorator to 2022-08-02T00:00:00+00:00, run_after=2022-08-03T00:00:00+00:00
[2022-08-04 00:19:47,836] {processor.py:161} INFO - Processing /home/ndx/Innowise tasks/Innowise_task_5/airflow_env/lib/python3.8/site-packages/airflow/example_dags/example_branch_operator_decorator.py took 0.046 seconds
[2022-08-04 00:20:22,983] {processor.py:153} INFO - Started process (PID=47976) to work on /home/ndx/Innowise tasks/Innowise_task_5/airflow_env/lib/python3.8/site-packages/airflow/example_dags/example_branch_operator_decorator.py
[2022-08-04 00:20:22,988] {processor.py:641} INFO - Processing file /home/ndx/Innowise tasks/Innowise_task_5/airflow_env/lib/python3.8/site-packages/airflow/example_dags/example_branch_operator_decorator.py for tasks to queue
[2022-08-04 00:20:22,988] {logging_mixin.py:115} INFO - [2022-08-04 00:20:22,988] {dagbag.py:508} INFO - Filling up the DagBag from /home/ndx/Innowise tasks/Innowise_task_5/airflow_env/lib/python3.8/site-packages/airflow/example_dags/example_branch_operator_decorator.py
[2022-08-04 00:20:22,999] {processor.py:651} INFO - DAG(s) dict_keys(['example_branch_python_operator_decorator']) retrieved from /home/ndx/Innowise tasks/Innowise_task_5/airflow_env/lib/python3.8/site-packages/airflow/example_dags/example_branch_operator_decorator.py
[2022-08-04 00:20:23,008] {logging_mixin.py:115} INFO - [2022-08-04 00:20:23,008] {dag.py:2420} INFO - Sync 1 DAGs
[2022-08-04 00:20:23,019] {logging_mixin.py:115} INFO - [2022-08-04 00:20:23,019] {dag.py:2968} INFO - Setting next_dagrun for example_branch_python_operator_decorator to 2022-08-02T00:00:00+00:00, run_after=2022-08-03T00:00:00+00:00
[2022-08-04 00:20:23,025] {processor.py:161} INFO - Processing /home/ndx/Innowise tasks/Innowise_task_5/airflow_env/lib/python3.8/site-packages/airflow/example_dags/example_branch_operator_decorator.py took 0.044 seconds
[2022-08-04 00:20:55,701] {processor.py:153} INFO - Started process (PID=48029) to work on /home/ndx/Innowise tasks/Innowise_task_5/airflow_env/lib/python3.8/site-packages/airflow/example_dags/example_branch_operator_decorator.py
[2022-08-04 00:20:55,702] {processor.py:641} INFO - Processing file /home/ndx/Innowise tasks/Innowise_task_5/airflow_env/lib/python3.8/site-packages/airflow/example_dags/example_branch_operator_decorator.py for tasks to queue
[2022-08-04 00:20:55,702] {logging_mixin.py:115} INFO - [2022-08-04 00:20:55,702] {dagbag.py:508} INFO - Filling up the DagBag from /home/ndx/Innowise tasks/Innowise_task_5/airflow_env/lib/python3.8/site-packages/airflow/example_dags/example_branch_operator_decorator.py
[2022-08-04 00:20:55,712] {processor.py:651} INFO - DAG(s) dict_keys(['example_branch_python_operator_decorator']) retrieved from /home/ndx/Innowise tasks/Innowise_task_5/airflow_env/lib/python3.8/site-packages/airflow/example_dags/example_branch_operator_decorator.py
[2022-08-04 00:20:55,722] {logging_mixin.py:115} INFO - [2022-08-04 00:20:55,721] {dag.py:2420} INFO - Sync 1 DAGs
[2022-08-04 00:20:55,735] {logging_mixin.py:115} INFO - [2022-08-04 00:20:55,735] {dag.py:2968} INFO - Setting next_dagrun for example_branch_python_operator_decorator to 2022-08-02T00:00:00+00:00, run_after=2022-08-03T00:00:00+00:00
[2022-08-04 00:20:55,742] {processor.py:161} INFO - Processing /home/ndx/Innowise tasks/Innowise_task_5/airflow_env/lib/python3.8/site-packages/airflow/example_dags/example_branch_operator_decorator.py took 0.043 seconds
[2022-08-04 00:21:29,065] {processor.py:153} INFO - Started process (PID=48144) to work on /home/ndx/Innowise tasks/Innowise_task_5/airflow_env/lib/python3.8/site-packages/airflow/example_dags/example_branch_operator_decorator.py
[2022-08-04 00:21:29,070] {processor.py:641} INFO - Processing file /home/ndx/Innowise tasks/Innowise_task_5/airflow_env/lib/python3.8/site-packages/airflow/example_dags/example_branch_operator_decorator.py for tasks to queue
[2022-08-04 00:21:29,071] {logging_mixin.py:115} INFO - [2022-08-04 00:21:29,070] {dagbag.py:508} INFO - Filling up the DagBag from /home/ndx/Innowise tasks/Innowise_task_5/airflow_env/lib/python3.8/site-packages/airflow/example_dags/example_branch_operator_decorator.py
[2022-08-04 00:21:29,082] {processor.py:651} INFO - DAG(s) dict_keys(['example_branch_python_operator_decorator']) retrieved from /home/ndx/Innowise tasks/Innowise_task_5/airflow_env/lib/python3.8/site-packages/airflow/example_dags/example_branch_operator_decorator.py
[2022-08-04 00:21:29,092] {logging_mixin.py:115} INFO - [2022-08-04 00:21:29,092] {dag.py:2420} INFO - Sync 1 DAGs
[2022-08-04 00:21:29,104] {logging_mixin.py:115} INFO - [2022-08-04 00:21:29,104] {dag.py:2968} INFO - Setting next_dagrun for example_branch_python_operator_decorator to 2022-08-02T00:00:00+00:00, run_after=2022-08-03T00:00:00+00:00
[2022-08-04 00:21:29,112] {processor.py:161} INFO - Processing /home/ndx/Innowise tasks/Innowise_task_5/airflow_env/lib/python3.8/site-packages/airflow/example_dags/example_branch_operator_decorator.py took 0.049 seconds
[2022-08-04 00:22:03,843] {processor.py:153} INFO - Started process (PID=48191) to work on /home/ndx/Innowise tasks/Innowise_task_5/airflow_env/lib/python3.8/site-packages/airflow/example_dags/example_branch_operator_decorator.py
[2022-08-04 00:22:03,848] {processor.py:641} INFO - Processing file /home/ndx/Innowise tasks/Innowise_task_5/airflow_env/lib/python3.8/site-packages/airflow/example_dags/example_branch_operator_decorator.py for tasks to queue
[2022-08-04 00:22:03,848] {logging_mixin.py:115} INFO - [2022-08-04 00:22:03,848] {dagbag.py:508} INFO - Filling up the DagBag from /home/ndx/Innowise tasks/Innowise_task_5/airflow_env/lib/python3.8/site-packages/airflow/example_dags/example_branch_operator_decorator.py
[2022-08-04 00:22:03,860] {processor.py:651} INFO - DAG(s) dict_keys(['example_branch_python_operator_decorator']) retrieved from /home/ndx/Innowise tasks/Innowise_task_5/airflow_env/lib/python3.8/site-packages/airflow/example_dags/example_branch_operator_decorator.py
[2022-08-04 00:22:03,870] {logging_mixin.py:115} INFO - [2022-08-04 00:22:03,870] {dag.py:2420} INFO - Sync 1 DAGs
[2022-08-04 00:22:03,883] {logging_mixin.py:115} INFO - [2022-08-04 00:22:03,883] {dag.py:2968} INFO - Setting next_dagrun for example_branch_python_operator_decorator to 2022-08-02T00:00:00+00:00, run_after=2022-08-03T00:00:00+00:00
[2022-08-04 00:22:03,889] {processor.py:161} INFO - Processing /home/ndx/Innowise tasks/Innowise_task_5/airflow_env/lib/python3.8/site-packages/airflow/example_dags/example_branch_operator_decorator.py took 0.049 seconds
[2022-08-04 00:22:38,819] {processor.py:153} INFO - Started process (PID=48261) to work on /home/ndx/Innowise tasks/Innowise_task_5/airflow_env/lib/python3.8/site-packages/airflow/example_dags/example_branch_operator_decorator.py
[2022-08-04 00:22:38,824] {processor.py:641} INFO - Processing file /home/ndx/Innowise tasks/Innowise_task_5/airflow_env/lib/python3.8/site-packages/airflow/example_dags/example_branch_operator_decorator.py for tasks to queue
[2022-08-04 00:22:38,825] {logging_mixin.py:115} INFO - [2022-08-04 00:22:38,825] {dagbag.py:508} INFO - Filling up the DagBag from /home/ndx/Innowise tasks/Innowise_task_5/airflow_env/lib/python3.8/site-packages/airflow/example_dags/example_branch_operator_decorator.py
[2022-08-04 00:22:38,836] {processor.py:651} INFO - DAG(s) dict_keys(['example_branch_python_operator_decorator']) retrieved from /home/ndx/Innowise tasks/Innowise_task_5/airflow_env/lib/python3.8/site-packages/airflow/example_dags/example_branch_operator_decorator.py
[2022-08-04 00:22:38,845] {logging_mixin.py:115} INFO - [2022-08-04 00:22:38,845] {dag.py:2420} INFO - Sync 1 DAGs
[2022-08-04 00:22:38,856] {logging_mixin.py:115} INFO - [2022-08-04 00:22:38,856] {dag.py:2968} INFO - Setting next_dagrun for example_branch_python_operator_decorator to 2022-08-02T00:00:00+00:00, run_after=2022-08-03T00:00:00+00:00
[2022-08-04 00:22:38,862] {processor.py:161} INFO - Processing /home/ndx/Innowise tasks/Innowise_task_5/airflow_env/lib/python3.8/site-packages/airflow/example_dags/example_branch_operator_decorator.py took 0.045 seconds
[2022-08-04 00:23:14,640] {processor.py:153} INFO - Started process (PID=48317) to work on /home/ndx/Innowise tasks/Innowise_task_5/airflow_env/lib/python3.8/site-packages/airflow/example_dags/example_branch_operator_decorator.py
[2022-08-04 00:23:14,645] {processor.py:641} INFO - Processing file /home/ndx/Innowise tasks/Innowise_task_5/airflow_env/lib/python3.8/site-packages/airflow/example_dags/example_branch_operator_decorator.py for tasks to queue
[2022-08-04 00:23:14,645] {logging_mixin.py:115} INFO - [2022-08-04 00:23:14,645] {dagbag.py:508} INFO - Filling up the DagBag from /home/ndx/Innowise tasks/Innowise_task_5/airflow_env/lib/python3.8/site-packages/airflow/example_dags/example_branch_operator_decorator.py
[2022-08-04 00:23:14,656] {processor.py:651} INFO - DAG(s) dict_keys(['example_branch_python_operator_decorator']) retrieved from /home/ndx/Innowise tasks/Innowise_task_5/airflow_env/lib/python3.8/site-packages/airflow/example_dags/example_branch_operator_decorator.py
[2022-08-04 00:23:14,665] {logging_mixin.py:115} INFO - [2022-08-04 00:23:14,665] {dag.py:2420} INFO - Sync 1 DAGs
[2022-08-04 00:23:14,676] {logging_mixin.py:115} INFO - [2022-08-04 00:23:14,676] {dag.py:2968} INFO - Setting next_dagrun for example_branch_python_operator_decorator to 2022-08-02T00:00:00+00:00, run_after=2022-08-03T00:00:00+00:00
[2022-08-04 00:23:14,683] {processor.py:161} INFO - Processing /home/ndx/Innowise tasks/Innowise_task_5/airflow_env/lib/python3.8/site-packages/airflow/example_dags/example_branch_operator_decorator.py took 0.045 seconds
[2022-08-04 00:24:04,431] {processor.py:153} INFO - Started process (PID=48469) to work on /home/ndx/Innowise tasks/Innowise_task_5/airflow_env/lib/python3.8/site-packages/airflow/example_dags/example_branch_operator_decorator.py
[2022-08-04 00:24:04,436] {processor.py:641} INFO - Processing file /home/ndx/Innowise tasks/Innowise_task_5/airflow_env/lib/python3.8/site-packages/airflow/example_dags/example_branch_operator_decorator.py for tasks to queue
[2022-08-04 00:24:04,437] {logging_mixin.py:115} INFO - [2022-08-04 00:24:04,437] {dagbag.py:508} INFO - Filling up the DagBag from /home/ndx/Innowise tasks/Innowise_task_5/airflow_env/lib/python3.8/site-packages/airflow/example_dags/example_branch_operator_decorator.py
[2022-08-04 00:24:04,448] {processor.py:651} INFO - DAG(s) dict_keys(['example_branch_python_operator_decorator']) retrieved from /home/ndx/Innowise tasks/Innowise_task_5/airflow_env/lib/python3.8/site-packages/airflow/example_dags/example_branch_operator_decorator.py
[2022-08-04 00:24:04,458] {logging_mixin.py:115} INFO - [2022-08-04 00:24:04,458] {dag.py:2420} INFO - Sync 1 DAGs
[2022-08-04 00:24:04,470] {logging_mixin.py:115} INFO - [2022-08-04 00:24:04,470] {dag.py:2968} INFO - Setting next_dagrun for example_branch_python_operator_decorator to 2022-08-02T00:00:00+00:00, run_after=2022-08-03T00:00:00+00:00
[2022-08-04 00:24:04,476] {processor.py:161} INFO - Processing /home/ndx/Innowise tasks/Innowise_task_5/airflow_env/lib/python3.8/site-packages/airflow/example_dags/example_branch_operator_decorator.py took 0.047 seconds
