[2022-08-04 00:00:25,252] {processor.py:153} INFO - Started process (PID=44779) to work on /home/ndx/Innowise tasks/Innowise_task_5/airflow_env/lib/python3.8/site-packages/airflow/example_dags/tutorial_taskflow_api_etl.py
[2022-08-04 00:00:25,252] {processor.py:641} INFO - Processing file /home/ndx/Innowise tasks/Innowise_task_5/airflow_env/lib/python3.8/site-packages/airflow/example_dags/tutorial_taskflow_api_etl.py for tasks to queue
[2022-08-04 00:00:25,253] {logging_mixin.py:115} INFO - [2022-08-04 00:00:25,253] {dagbag.py:508} INFO - Filling up the DagBag from /home/ndx/Innowise tasks/Innowise_task_5/airflow_env/lib/python3.8/site-packages/airflow/example_dags/tutorial_taskflow_api_etl.py
[2022-08-04 00:00:25,261] {processor.py:651} INFO - DAG(s) dict_keys(['tutorial_taskflow_api_etl']) retrieved from /home/ndx/Innowise tasks/Innowise_task_5/airflow_env/lib/python3.8/site-packages/airflow/example_dags/tutorial_taskflow_api_etl.py
[2022-08-04 00:00:25,285] {logging_mixin.py:115} INFO - [2022-08-04 00:00:25,285] {dag.py:2420} INFO - Sync 1 DAGs
[2022-08-04 00:00:25,293] {logging_mixin.py:115} INFO - [2022-08-04 00:00:25,293] {dag.py:2968} INFO - Setting next_dagrun for tutorial_taskflow_api_etl to None, run_after=None
[2022-08-04 00:00:25,306] {processor.py:161} INFO - Processing /home/ndx/Innowise tasks/Innowise_task_5/airflow_env/lib/python3.8/site-packages/airflow/example_dags/tutorial_taskflow_api_etl.py took 0.055 seconds
[2022-08-04 00:00:57,056] {processor.py:153} INFO - Started process (PID=44942) to work on /home/ndx/Innowise tasks/Innowise_task_5/airflow_env/lib/python3.8/site-packages/airflow/example_dags/tutorial_taskflow_api_etl.py
[2022-08-04 00:00:57,062] {processor.py:641} INFO - Processing file /home/ndx/Innowise tasks/Innowise_task_5/airflow_env/lib/python3.8/site-packages/airflow/example_dags/tutorial_taskflow_api_etl.py for tasks to queue
[2022-08-04 00:00:57,063] {logging_mixin.py:115} INFO - [2022-08-04 00:00:57,063] {dagbag.py:508} INFO - Filling up the DagBag from /home/ndx/Innowise tasks/Innowise_task_5/airflow_env/lib/python3.8/site-packages/airflow/example_dags/tutorial_taskflow_api_etl.py
[2022-08-04 00:00:57,072] {processor.py:651} INFO - DAG(s) dict_keys(['tutorial_taskflow_api_etl']) retrieved from /home/ndx/Innowise tasks/Innowise_task_5/airflow_env/lib/python3.8/site-packages/airflow/example_dags/tutorial_taskflow_api_etl.py
[2022-08-04 00:00:57,096] {logging_mixin.py:115} INFO - [2022-08-04 00:00:57,095] {dag.py:2420} INFO - Sync 1 DAGs
[2022-08-04 00:00:57,103] {logging_mixin.py:115} INFO - [2022-08-04 00:00:57,103] {dag.py:2968} INFO - Setting next_dagrun for tutorial_taskflow_api_etl to None, run_after=None
[2022-08-04 00:00:57,110] {processor.py:161} INFO - Processing /home/ndx/Innowise tasks/Innowise_task_5/airflow_env/lib/python3.8/site-packages/airflow/example_dags/tutorial_taskflow_api_etl.py took 0.055 seconds
[2022-08-04 00:01:34,505] {processor.py:153} INFO - Started process (PID=45090) to work on /home/ndx/Innowise tasks/Innowise_task_5/airflow_env/lib/python3.8/site-packages/airflow/example_dags/tutorial_taskflow_api_etl.py
[2022-08-04 00:01:34,510] {processor.py:641} INFO - Processing file /home/ndx/Innowise tasks/Innowise_task_5/airflow_env/lib/python3.8/site-packages/airflow/example_dags/tutorial_taskflow_api_etl.py for tasks to queue
[2022-08-04 00:01:34,510] {logging_mixin.py:115} INFO - [2022-08-04 00:01:34,510] {dagbag.py:508} INFO - Filling up the DagBag from /home/ndx/Innowise tasks/Innowise_task_5/airflow_env/lib/python3.8/site-packages/airflow/example_dags/tutorial_taskflow_api_etl.py
[2022-08-04 00:01:34,520] {processor.py:651} INFO - DAG(s) dict_keys(['tutorial_taskflow_api_etl']) retrieved from /home/ndx/Innowise tasks/Innowise_task_5/airflow_env/lib/python3.8/site-packages/airflow/example_dags/tutorial_taskflow_api_etl.py
[2022-08-04 00:01:34,528] {logging_mixin.py:115} INFO - [2022-08-04 00:01:34,528] {dag.py:2420} INFO - Sync 1 DAGs
[2022-08-04 00:01:34,537] {logging_mixin.py:115} INFO - [2022-08-04 00:01:34,537] {dag.py:2968} INFO - Setting next_dagrun for tutorial_taskflow_api_etl to None, run_after=None
[2022-08-04 00:01:34,546] {processor.py:161} INFO - Processing /home/ndx/Innowise tasks/Innowise_task_5/airflow_env/lib/python3.8/site-packages/airflow/example_dags/tutorial_taskflow_api_etl.py took 0.043 seconds
[2022-08-04 00:02:07,055] {processor.py:153} INFO - Started process (PID=45157) to work on /home/ndx/Innowise tasks/Innowise_task_5/airflow_env/lib/python3.8/site-packages/airflow/example_dags/tutorial_taskflow_api_etl.py
[2022-08-04 00:02:07,060] {processor.py:641} INFO - Processing file /home/ndx/Innowise tasks/Innowise_task_5/airflow_env/lib/python3.8/site-packages/airflow/example_dags/tutorial_taskflow_api_etl.py for tasks to queue
[2022-08-04 00:02:07,061] {logging_mixin.py:115} INFO - [2022-08-04 00:02:07,061] {dagbag.py:508} INFO - Filling up the DagBag from /home/ndx/Innowise tasks/Innowise_task_5/airflow_env/lib/python3.8/site-packages/airflow/example_dags/tutorial_taskflow_api_etl.py
[2022-08-04 00:02:07,070] {processor.py:651} INFO - DAG(s) dict_keys(['tutorial_taskflow_api_etl']) retrieved from /home/ndx/Innowise tasks/Innowise_task_5/airflow_env/lib/python3.8/site-packages/airflow/example_dags/tutorial_taskflow_api_etl.py
[2022-08-04 00:02:07,094] {logging_mixin.py:115} INFO - [2022-08-04 00:02:07,094] {dag.py:2420} INFO - Sync 1 DAGs
[2022-08-04 00:02:07,101] {logging_mixin.py:115} INFO - [2022-08-04 00:02:07,101] {dag.py:2968} INFO - Setting next_dagrun for tutorial_taskflow_api_etl to None, run_after=None
[2022-08-04 00:02:07,108] {processor.py:161} INFO - Processing /home/ndx/Innowise tasks/Innowise_task_5/airflow_env/lib/python3.8/site-packages/airflow/example_dags/tutorial_taskflow_api_etl.py took 0.055 seconds
[2022-08-04 00:02:42,371] {processor.py:153} INFO - Started process (PID=45328) to work on /home/ndx/Innowise tasks/Innowise_task_5/airflow_env/lib/python3.8/site-packages/airflow/example_dags/tutorial_taskflow_api_etl.py
[2022-08-04 00:02:42,376] {processor.py:641} INFO - Processing file /home/ndx/Innowise tasks/Innowise_task_5/airflow_env/lib/python3.8/site-packages/airflow/example_dags/tutorial_taskflow_api_etl.py for tasks to queue
[2022-08-04 00:02:42,377] {logging_mixin.py:115} INFO - [2022-08-04 00:02:42,376] {dagbag.py:508} INFO - Filling up the DagBag from /home/ndx/Innowise tasks/Innowise_task_5/airflow_env/lib/python3.8/site-packages/airflow/example_dags/tutorial_taskflow_api_etl.py
[2022-08-04 00:02:42,386] {processor.py:651} INFO - DAG(s) dict_keys(['tutorial_taskflow_api_etl']) retrieved from /home/ndx/Innowise tasks/Innowise_task_5/airflow_env/lib/python3.8/site-packages/airflow/example_dags/tutorial_taskflow_api_etl.py
[2022-08-04 00:02:42,409] {logging_mixin.py:115} INFO - [2022-08-04 00:02:42,409] {dag.py:2420} INFO - Sync 1 DAGs
[2022-08-04 00:02:42,417] {logging_mixin.py:115} INFO - [2022-08-04 00:02:42,417] {dag.py:2968} INFO - Setting next_dagrun for tutorial_taskflow_api_etl to None, run_after=None
[2022-08-04 00:02:42,424] {processor.py:161} INFO - Processing /home/ndx/Innowise tasks/Innowise_task_5/airflow_env/lib/python3.8/site-packages/airflow/example_dags/tutorial_taskflow_api_etl.py took 0.055 seconds
[2022-08-04 00:03:17,164] {processor.py:153} INFO - Started process (PID=45375) to work on /home/ndx/Innowise tasks/Innowise_task_5/airflow_env/lib/python3.8/site-packages/airflow/example_dags/tutorial_taskflow_api_etl.py
[2022-08-04 00:03:17,169] {processor.py:641} INFO - Processing file /home/ndx/Innowise tasks/Innowise_task_5/airflow_env/lib/python3.8/site-packages/airflow/example_dags/tutorial_taskflow_api_etl.py for tasks to queue
[2022-08-04 00:03:17,170] {logging_mixin.py:115} INFO - [2022-08-04 00:03:17,170] {dagbag.py:508} INFO - Filling up the DagBag from /home/ndx/Innowise tasks/Innowise_task_5/airflow_env/lib/python3.8/site-packages/airflow/example_dags/tutorial_taskflow_api_etl.py
[2022-08-04 00:03:17,179] {processor.py:651} INFO - DAG(s) dict_keys(['tutorial_taskflow_api_etl']) retrieved from /home/ndx/Innowise tasks/Innowise_task_5/airflow_env/lib/python3.8/site-packages/airflow/example_dags/tutorial_taskflow_api_etl.py
[2022-08-04 00:03:17,188] {logging_mixin.py:115} INFO - [2022-08-04 00:03:17,188] {dag.py:2420} INFO - Sync 1 DAGs
[2022-08-04 00:03:17,196] {logging_mixin.py:115} INFO - [2022-08-04 00:03:17,196] {dag.py:2968} INFO - Setting next_dagrun for tutorial_taskflow_api_etl to None, run_after=None
[2022-08-04 00:03:17,206] {processor.py:161} INFO - Processing /home/ndx/Innowise tasks/Innowise_task_5/airflow_env/lib/python3.8/site-packages/airflow/example_dags/tutorial_taskflow_api_etl.py took 0.044 seconds
[2022-08-04 00:03:51,733] {processor.py:153} INFO - Started process (PID=45455) to work on /home/ndx/Innowise tasks/Innowise_task_5/airflow_env/lib/python3.8/site-packages/airflow/example_dags/tutorial_taskflow_api_etl.py
[2022-08-04 00:03:51,738] {processor.py:641} INFO - Processing file /home/ndx/Innowise tasks/Innowise_task_5/airflow_env/lib/python3.8/site-packages/airflow/example_dags/tutorial_taskflow_api_etl.py for tasks to queue
[2022-08-04 00:03:51,739] {logging_mixin.py:115} INFO - [2022-08-04 00:03:51,738] {dagbag.py:508} INFO - Filling up the DagBag from /home/ndx/Innowise tasks/Innowise_task_5/airflow_env/lib/python3.8/site-packages/airflow/example_dags/tutorial_taskflow_api_etl.py
[2022-08-04 00:03:51,748] {processor.py:651} INFO - DAG(s) dict_keys(['tutorial_taskflow_api_etl']) retrieved from /home/ndx/Innowise tasks/Innowise_task_5/airflow_env/lib/python3.8/site-packages/airflow/example_dags/tutorial_taskflow_api_etl.py
[2022-08-04 00:03:51,771] {logging_mixin.py:115} INFO - [2022-08-04 00:03:51,771] {dag.py:2420} INFO - Sync 1 DAGs
[2022-08-04 00:03:51,778] {logging_mixin.py:115} INFO - [2022-08-04 00:03:51,778] {dag.py:2968} INFO - Setting next_dagrun for tutorial_taskflow_api_etl to None, run_after=None
[2022-08-04 00:03:51,785] {processor.py:161} INFO - Processing /home/ndx/Innowise tasks/Innowise_task_5/airflow_env/lib/python3.8/site-packages/airflow/example_dags/tutorial_taskflow_api_etl.py took 0.054 seconds
[2022-08-04 00:04:26,825] {processor.py:153} INFO - Started process (PID=45512) to work on /home/ndx/Innowise tasks/Innowise_task_5/airflow_env/lib/python3.8/site-packages/airflow/example_dags/tutorial_taskflow_api_etl.py
[2022-08-04 00:04:26,825] {processor.py:641} INFO - Processing file /home/ndx/Innowise tasks/Innowise_task_5/airflow_env/lib/python3.8/site-packages/airflow/example_dags/tutorial_taskflow_api_etl.py for tasks to queue
[2022-08-04 00:04:26,826] {logging_mixin.py:115} INFO - [2022-08-04 00:04:26,826] {dagbag.py:508} INFO - Filling up the DagBag from /home/ndx/Innowise tasks/Innowise_task_5/airflow_env/lib/python3.8/site-packages/airflow/example_dags/tutorial_taskflow_api_etl.py
[2022-08-04 00:04:26,834] {processor.py:651} INFO - DAG(s) dict_keys(['tutorial_taskflow_api_etl']) retrieved from /home/ndx/Innowise tasks/Innowise_task_5/airflow_env/lib/python3.8/site-packages/airflow/example_dags/tutorial_taskflow_api_etl.py
[2022-08-04 00:04:26,857] {logging_mixin.py:115} INFO - [2022-08-04 00:04:26,857] {dag.py:2420} INFO - Sync 1 DAGs
[2022-08-04 00:04:26,865] {logging_mixin.py:115} INFO - [2022-08-04 00:04:26,865] {dag.py:2968} INFO - Setting next_dagrun for tutorial_taskflow_api_etl to None, run_after=None
[2022-08-04 00:04:26,874] {processor.py:161} INFO - Processing /home/ndx/Innowise tasks/Innowise_task_5/airflow_env/lib/python3.8/site-packages/airflow/example_dags/tutorial_taskflow_api_etl.py took 0.050 seconds
[2022-08-04 00:04:59,966] {processor.py:153} INFO - Started process (PID=45639) to work on /home/ndx/Innowise tasks/Innowise_task_5/airflow_env/lib/python3.8/site-packages/airflow/example_dags/tutorial_taskflow_api_etl.py
[2022-08-04 00:04:59,972] {processor.py:641} INFO - Processing file /home/ndx/Innowise tasks/Innowise_task_5/airflow_env/lib/python3.8/site-packages/airflow/example_dags/tutorial_taskflow_api_etl.py for tasks to queue
[2022-08-04 00:04:59,972] {logging_mixin.py:115} INFO - [2022-08-04 00:04:59,972] {dagbag.py:508} INFO - Filling up the DagBag from /home/ndx/Innowise tasks/Innowise_task_5/airflow_env/lib/python3.8/site-packages/airflow/example_dags/tutorial_taskflow_api_etl.py
[2022-08-04 00:04:59,981] {processor.py:651} INFO - DAG(s) dict_keys(['tutorial_taskflow_api_etl']) retrieved from /home/ndx/Innowise tasks/Innowise_task_5/airflow_env/lib/python3.8/site-packages/airflow/example_dags/tutorial_taskflow_api_etl.py
[2022-08-04 00:05:00,009] {logging_mixin.py:115} INFO - [2022-08-04 00:05:00,009] {dag.py:2420} INFO - Sync 1 DAGs
[2022-08-04 00:05:00,018] {logging_mixin.py:115} INFO - [2022-08-04 00:05:00,018] {dag.py:2968} INFO - Setting next_dagrun for tutorial_taskflow_api_etl to None, run_after=None
[2022-08-04 00:05:00,025] {processor.py:161} INFO - Processing /home/ndx/Innowise tasks/Innowise_task_5/airflow_env/lib/python3.8/site-packages/airflow/example_dags/tutorial_taskflow_api_etl.py took 0.061 seconds
[2022-08-04 00:05:34,076] {processor.py:153} INFO - Started process (PID=45768) to work on /home/ndx/Innowise tasks/Innowise_task_5/airflow_env/lib/python3.8/site-packages/airflow/example_dags/tutorial_taskflow_api_etl.py
[2022-08-04 00:05:34,076] {processor.py:641} INFO - Processing file /home/ndx/Innowise tasks/Innowise_task_5/airflow_env/lib/python3.8/site-packages/airflow/example_dags/tutorial_taskflow_api_etl.py for tasks to queue
[2022-08-04 00:05:34,077] {logging_mixin.py:115} INFO - [2022-08-04 00:05:34,077] {dagbag.py:508} INFO - Filling up the DagBag from /home/ndx/Innowise tasks/Innowise_task_5/airflow_env/lib/python3.8/site-packages/airflow/example_dags/tutorial_taskflow_api_etl.py
[2022-08-04 00:05:34,085] {processor.py:651} INFO - DAG(s) dict_keys(['tutorial_taskflow_api_etl']) retrieved from /home/ndx/Innowise tasks/Innowise_task_5/airflow_env/lib/python3.8/site-packages/airflow/example_dags/tutorial_taskflow_api_etl.py
[2022-08-04 00:05:34,112] {logging_mixin.py:115} INFO - [2022-08-04 00:05:34,112] {dag.py:2420} INFO - Sync 1 DAGs
[2022-08-04 00:05:34,120] {logging_mixin.py:115} INFO - [2022-08-04 00:05:34,120] {dag.py:2968} INFO - Setting next_dagrun for tutorial_taskflow_api_etl to None, run_after=None
[2022-08-04 00:05:34,127] {processor.py:161} INFO - Processing /home/ndx/Innowise tasks/Innowise_task_5/airflow_env/lib/python3.8/site-packages/airflow/example_dags/tutorial_taskflow_api_etl.py took 0.053 seconds
[2022-08-04 00:06:07,212] {processor.py:153} INFO - Started process (PID=45832) to work on /home/ndx/Innowise tasks/Innowise_task_5/airflow_env/lib/python3.8/site-packages/airflow/example_dags/tutorial_taskflow_api_etl.py
[2022-08-04 00:06:07,218] {processor.py:641} INFO - Processing file /home/ndx/Innowise tasks/Innowise_task_5/airflow_env/lib/python3.8/site-packages/airflow/example_dags/tutorial_taskflow_api_etl.py for tasks to queue
[2022-08-04 00:06:07,218] {logging_mixin.py:115} INFO - [2022-08-04 00:06:07,218] {dagbag.py:508} INFO - Filling up the DagBag from /home/ndx/Innowise tasks/Innowise_task_5/airflow_env/lib/python3.8/site-packages/airflow/example_dags/tutorial_taskflow_api_etl.py
[2022-08-04 00:06:07,228] {processor.py:651} INFO - DAG(s) dict_keys(['tutorial_taskflow_api_etl']) retrieved from /home/ndx/Innowise tasks/Innowise_task_5/airflow_env/lib/python3.8/site-packages/airflow/example_dags/tutorial_taskflow_api_etl.py
[2022-08-04 00:06:07,237] {logging_mixin.py:115} INFO - [2022-08-04 00:06:07,237] {dag.py:2420} INFO - Sync 1 DAGs
[2022-08-04 00:06:07,248] {logging_mixin.py:115} INFO - [2022-08-04 00:06:07,248] {dag.py:2968} INFO - Setting next_dagrun for tutorial_taskflow_api_etl to None, run_after=None
[2022-08-04 00:06:07,255] {processor.py:161} INFO - Processing /home/ndx/Innowise tasks/Innowise_task_5/airflow_env/lib/python3.8/site-packages/airflow/example_dags/tutorial_taskflow_api_etl.py took 0.044 seconds
[2022-08-04 00:06:42,017] {processor.py:153} INFO - Started process (PID=45948) to work on /home/ndx/Innowise tasks/Innowise_task_5/airflow_env/lib/python3.8/site-packages/airflow/example_dags/tutorial_taskflow_api_etl.py
[2022-08-04 00:06:42,023] {processor.py:641} INFO - Processing file /home/ndx/Innowise tasks/Innowise_task_5/airflow_env/lib/python3.8/site-packages/airflow/example_dags/tutorial_taskflow_api_etl.py for tasks to queue
[2022-08-04 00:06:42,023] {logging_mixin.py:115} INFO - [2022-08-04 00:06:42,023] {dagbag.py:508} INFO - Filling up the DagBag from /home/ndx/Innowise tasks/Innowise_task_5/airflow_env/lib/python3.8/site-packages/airflow/example_dags/tutorial_taskflow_api_etl.py
[2022-08-04 00:06:42,035] {processor.py:651} INFO - DAG(s) dict_keys(['tutorial_taskflow_api_etl']) retrieved from /home/ndx/Innowise tasks/Innowise_task_5/airflow_env/lib/python3.8/site-packages/airflow/example_dags/tutorial_taskflow_api_etl.py
[2022-08-04 00:06:42,045] {logging_mixin.py:115} INFO - [2022-08-04 00:06:42,045] {dag.py:2420} INFO - Sync 1 DAGs
[2022-08-04 00:06:42,057] {logging_mixin.py:115} INFO - [2022-08-04 00:06:42,056] {dag.py:2968} INFO - Setting next_dagrun for tutorial_taskflow_api_etl to None, run_after=None
[2022-08-04 00:06:42,063] {processor.py:161} INFO - Processing /home/ndx/Innowise tasks/Innowise_task_5/airflow_env/lib/python3.8/site-packages/airflow/example_dags/tutorial_taskflow_api_etl.py took 0.048 seconds
[2022-08-04 00:07:16,208] {processor.py:153} INFO - Started process (PID=46018) to work on /home/ndx/Innowise tasks/Innowise_task_5/airflow_env/lib/python3.8/site-packages/airflow/example_dags/tutorial_taskflow_api_etl.py
[2022-08-04 00:07:16,214] {processor.py:641} INFO - Processing file /home/ndx/Innowise tasks/Innowise_task_5/airflow_env/lib/python3.8/site-packages/airflow/example_dags/tutorial_taskflow_api_etl.py for tasks to queue
[2022-08-04 00:07:16,214] {logging_mixin.py:115} INFO - [2022-08-04 00:07:16,214] {dagbag.py:508} INFO - Filling up the DagBag from /home/ndx/Innowise tasks/Innowise_task_5/airflow_env/lib/python3.8/site-packages/airflow/example_dags/tutorial_taskflow_api_etl.py
[2022-08-04 00:07:16,225] {processor.py:651} INFO - DAG(s) dict_keys(['tutorial_taskflow_api_etl']) retrieved from /home/ndx/Innowise tasks/Innowise_task_5/airflow_env/lib/python3.8/site-packages/airflow/example_dags/tutorial_taskflow_api_etl.py
[2022-08-04 00:07:16,235] {logging_mixin.py:115} INFO - [2022-08-04 00:07:16,235] {dag.py:2420} INFO - Sync 1 DAGs
[2022-08-04 00:07:16,248] {logging_mixin.py:115} INFO - [2022-08-04 00:07:16,248] {dag.py:2968} INFO - Setting next_dagrun for tutorial_taskflow_api_etl to None, run_after=None
[2022-08-04 00:07:16,256] {processor.py:161} INFO - Processing /home/ndx/Innowise tasks/Innowise_task_5/airflow_env/lib/python3.8/site-packages/airflow/example_dags/tutorial_taskflow_api_etl.py took 0.050 seconds
[2022-08-04 00:07:48,733] {processor.py:153} INFO - Started process (PID=46082) to work on /home/ndx/Innowise tasks/Innowise_task_5/airflow_env/lib/python3.8/site-packages/airflow/example_dags/tutorial_taskflow_api_etl.py
[2022-08-04 00:07:48,738] {processor.py:641} INFO - Processing file /home/ndx/Innowise tasks/Innowise_task_5/airflow_env/lib/python3.8/site-packages/airflow/example_dags/tutorial_taskflow_api_etl.py for tasks to queue
[2022-08-04 00:07:48,739] {logging_mixin.py:115} INFO - [2022-08-04 00:07:48,739] {dagbag.py:508} INFO - Filling up the DagBag from /home/ndx/Innowise tasks/Innowise_task_5/airflow_env/lib/python3.8/site-packages/airflow/example_dags/tutorial_taskflow_api_etl.py
[2022-08-04 00:07:48,748] {processor.py:651} INFO - DAG(s) dict_keys(['tutorial_taskflow_api_etl']) retrieved from /home/ndx/Innowise tasks/Innowise_task_5/airflow_env/lib/python3.8/site-packages/airflow/example_dags/tutorial_taskflow_api_etl.py
[2022-08-04 00:07:48,758] {logging_mixin.py:115} INFO - [2022-08-04 00:07:48,758] {dag.py:2420} INFO - Sync 1 DAGs
[2022-08-04 00:07:48,768] {logging_mixin.py:115} INFO - [2022-08-04 00:07:48,768] {dag.py:2968} INFO - Setting next_dagrun for tutorial_taskflow_api_etl to None, run_after=None
[2022-08-04 00:07:48,775] {processor.py:161} INFO - Processing /home/ndx/Innowise tasks/Innowise_task_5/airflow_env/lib/python3.8/site-packages/airflow/example_dags/tutorial_taskflow_api_etl.py took 0.043 seconds
[2022-08-04 00:08:23,848] {processor.py:153} INFO - Started process (PID=46144) to work on /home/ndx/Innowise tasks/Innowise_task_5/airflow_env/lib/python3.8/site-packages/airflow/example_dags/tutorial_taskflow_api_etl.py
[2022-08-04 00:08:23,853] {processor.py:641} INFO - Processing file /home/ndx/Innowise tasks/Innowise_task_5/airflow_env/lib/python3.8/site-packages/airflow/example_dags/tutorial_taskflow_api_etl.py for tasks to queue
[2022-08-04 00:08:23,854] {logging_mixin.py:115} INFO - [2022-08-04 00:08:23,854] {dagbag.py:508} INFO - Filling up the DagBag from /home/ndx/Innowise tasks/Innowise_task_5/airflow_env/lib/python3.8/site-packages/airflow/example_dags/tutorial_taskflow_api_etl.py
[2022-08-04 00:08:23,864] {processor.py:651} INFO - DAG(s) dict_keys(['tutorial_taskflow_api_etl']) retrieved from /home/ndx/Innowise tasks/Innowise_task_5/airflow_env/lib/python3.8/site-packages/airflow/example_dags/tutorial_taskflow_api_etl.py
[2022-08-04 00:08:23,873] {logging_mixin.py:115} INFO - [2022-08-04 00:08:23,873] {dag.py:2420} INFO - Sync 1 DAGs
[2022-08-04 00:08:23,884] {logging_mixin.py:115} INFO - [2022-08-04 00:08:23,884] {dag.py:2968} INFO - Setting next_dagrun for tutorial_taskflow_api_etl to None, run_after=None
[2022-08-04 00:08:23,891] {processor.py:161} INFO - Processing /home/ndx/Innowise tasks/Innowise_task_5/airflow_env/lib/python3.8/site-packages/airflow/example_dags/tutorial_taskflow_api_etl.py took 0.044 seconds
[2022-08-04 00:08:56,862] {processor.py:153} INFO - Started process (PID=46274) to work on /home/ndx/Innowise tasks/Innowise_task_5/airflow_env/lib/python3.8/site-packages/airflow/example_dags/tutorial_taskflow_api_etl.py
[2022-08-04 00:08:56,867] {processor.py:641} INFO - Processing file /home/ndx/Innowise tasks/Innowise_task_5/airflow_env/lib/python3.8/site-packages/airflow/example_dags/tutorial_taskflow_api_etl.py for tasks to queue
[2022-08-04 00:08:56,868] {logging_mixin.py:115} INFO - [2022-08-04 00:08:56,868] {dagbag.py:508} INFO - Filling up the DagBag from /home/ndx/Innowise tasks/Innowise_task_5/airflow_env/lib/python3.8/site-packages/airflow/example_dags/tutorial_taskflow_api_etl.py
[2022-08-04 00:08:56,877] {processor.py:651} INFO - DAG(s) dict_keys(['tutorial_taskflow_api_etl']) retrieved from /home/ndx/Innowise tasks/Innowise_task_5/airflow_env/lib/python3.8/site-packages/airflow/example_dags/tutorial_taskflow_api_etl.py
[2022-08-04 00:08:56,901] {logging_mixin.py:115} INFO - [2022-08-04 00:08:56,900] {dag.py:2420} INFO - Sync 1 DAGs
[2022-08-04 00:08:56,908] {logging_mixin.py:115} INFO - [2022-08-04 00:08:56,908] {dag.py:2968} INFO - Setting next_dagrun for tutorial_taskflow_api_etl to None, run_after=None
[2022-08-04 00:08:56,914] {processor.py:161} INFO - Processing /home/ndx/Innowise tasks/Innowise_task_5/airflow_env/lib/python3.8/site-packages/airflow/example_dags/tutorial_taskflow_api_etl.py took 0.055 seconds
[2022-08-04 00:09:35,884] {processor.py:153} INFO - Started process (PID=46371) to work on /home/ndx/Innowise tasks/Innowise_task_5/airflow_env/lib/python3.8/site-packages/airflow/example_dags/tutorial_taskflow_api_etl.py
[2022-08-04 00:09:35,884] {processor.py:641} INFO - Processing file /home/ndx/Innowise tasks/Innowise_task_5/airflow_env/lib/python3.8/site-packages/airflow/example_dags/tutorial_taskflow_api_etl.py for tasks to queue
[2022-08-04 00:09:35,885] {logging_mixin.py:115} INFO - [2022-08-04 00:09:35,885] {dagbag.py:508} INFO - Filling up the DagBag from /home/ndx/Innowise tasks/Innowise_task_5/airflow_env/lib/python3.8/site-packages/airflow/example_dags/tutorial_taskflow_api_etl.py
[2022-08-04 00:09:35,900] {processor.py:651} INFO - DAG(s) dict_keys(['tutorial_taskflow_api_etl']) retrieved from /home/ndx/Innowise tasks/Innowise_task_5/airflow_env/lib/python3.8/site-packages/airflow/example_dags/tutorial_taskflow_api_etl.py
[2022-08-04 00:09:35,944] {logging_mixin.py:115} INFO - [2022-08-04 00:09:35,944] {dag.py:2420} INFO - Sync 1 DAGs
[2022-08-04 00:09:35,956] {logging_mixin.py:115} INFO - [2022-08-04 00:09:35,956] {dag.py:2968} INFO - Setting next_dagrun for tutorial_taskflow_api_etl to None, run_after=None
[2022-08-04 00:09:35,966] {processor.py:161} INFO - Processing /home/ndx/Innowise tasks/Innowise_task_5/airflow_env/lib/python3.8/site-packages/airflow/example_dags/tutorial_taskflow_api_etl.py took 0.084 seconds
[2022-08-04 00:10:08,252] {processor.py:153} INFO - Started process (PID=46421) to work on /home/ndx/Innowise tasks/Innowise_task_5/airflow_env/lib/python3.8/site-packages/airflow/example_dags/tutorial_taskflow_api_etl.py
[2022-08-04 00:10:08,256] {processor.py:641} INFO - Processing file /home/ndx/Innowise tasks/Innowise_task_5/airflow_env/lib/python3.8/site-packages/airflow/example_dags/tutorial_taskflow_api_etl.py for tasks to queue
[2022-08-04 00:10:08,257] {logging_mixin.py:115} INFO - [2022-08-04 00:10:08,257] {dagbag.py:508} INFO - Filling up the DagBag from /home/ndx/Innowise tasks/Innowise_task_5/airflow_env/lib/python3.8/site-packages/airflow/example_dags/tutorial_taskflow_api_etl.py
[2022-08-04 00:10:08,266] {processor.py:651} INFO - DAG(s) dict_keys(['tutorial_taskflow_api_etl']) retrieved from /home/ndx/Innowise tasks/Innowise_task_5/airflow_env/lib/python3.8/site-packages/airflow/example_dags/tutorial_taskflow_api_etl.py
[2022-08-04 00:10:08,290] {logging_mixin.py:115} INFO - [2022-08-04 00:10:08,290] {dag.py:2420} INFO - Sync 1 DAGs
[2022-08-04 00:10:08,297] {logging_mixin.py:115} INFO - [2022-08-04 00:10:08,297] {dag.py:2968} INFO - Setting next_dagrun for tutorial_taskflow_api_etl to None, run_after=None
[2022-08-04 00:10:08,304] {processor.py:161} INFO - Processing /home/ndx/Innowise tasks/Innowise_task_5/airflow_env/lib/python3.8/site-packages/airflow/example_dags/tutorial_taskflow_api_etl.py took 0.054 seconds
[2022-08-04 00:10:41,361] {processor.py:153} INFO - Started process (PID=46541) to work on /home/ndx/Innowise tasks/Innowise_task_5/airflow_env/lib/python3.8/site-packages/airflow/example_dags/tutorial_taskflow_api_etl.py
[2022-08-04 00:10:41,366] {processor.py:641} INFO - Processing file /home/ndx/Innowise tasks/Innowise_task_5/airflow_env/lib/python3.8/site-packages/airflow/example_dags/tutorial_taskflow_api_etl.py for tasks to queue
[2022-08-04 00:10:41,367] {logging_mixin.py:115} INFO - [2022-08-04 00:10:41,366] {dagbag.py:508} INFO - Filling up the DagBag from /home/ndx/Innowise tasks/Innowise_task_5/airflow_env/lib/python3.8/site-packages/airflow/example_dags/tutorial_taskflow_api_etl.py
[2022-08-04 00:10:41,376] {processor.py:651} INFO - DAG(s) dict_keys(['tutorial_taskflow_api_etl']) retrieved from /home/ndx/Innowise tasks/Innowise_task_5/airflow_env/lib/python3.8/site-packages/airflow/example_dags/tutorial_taskflow_api_etl.py
[2022-08-04 00:10:41,398] {logging_mixin.py:115} INFO - [2022-08-04 00:10:41,398] {dag.py:2420} INFO - Sync 1 DAGs
[2022-08-04 00:10:41,405] {logging_mixin.py:115} INFO - [2022-08-04 00:10:41,405] {dag.py:2968} INFO - Setting next_dagrun for tutorial_taskflow_api_etl to None, run_after=None
[2022-08-04 00:10:41,411] {processor.py:161} INFO - Processing /home/ndx/Innowise tasks/Innowise_task_5/airflow_env/lib/python3.8/site-packages/airflow/example_dags/tutorial_taskflow_api_etl.py took 0.053 seconds
[2022-08-04 00:11:15,050] {processor.py:153} INFO - Started process (PID=46615) to work on /home/ndx/Innowise tasks/Innowise_task_5/airflow_env/lib/python3.8/site-packages/airflow/example_dags/tutorial_taskflow_api_etl.py
[2022-08-04 00:11:15,056] {processor.py:641} INFO - Processing file /home/ndx/Innowise tasks/Innowise_task_5/airflow_env/lib/python3.8/site-packages/airflow/example_dags/tutorial_taskflow_api_etl.py for tasks to queue
[2022-08-04 00:11:15,057] {logging_mixin.py:115} INFO - [2022-08-04 00:11:15,056] {dagbag.py:508} INFO - Filling up the DagBag from /home/ndx/Innowise tasks/Innowise_task_5/airflow_env/lib/python3.8/site-packages/airflow/example_dags/tutorial_taskflow_api_etl.py
[2022-08-04 00:11:15,065] {processor.py:651} INFO - DAG(s) dict_keys(['tutorial_taskflow_api_etl']) retrieved from /home/ndx/Innowise tasks/Innowise_task_5/airflow_env/lib/python3.8/site-packages/airflow/example_dags/tutorial_taskflow_api_etl.py
[2022-08-04 00:11:15,073] {logging_mixin.py:115} INFO - [2022-08-04 00:11:15,073] {dag.py:2420} INFO - Sync 1 DAGs
[2022-08-04 00:11:15,083] {logging_mixin.py:115} INFO - [2022-08-04 00:11:15,083] {dag.py:2968} INFO - Setting next_dagrun for tutorial_taskflow_api_etl to None, run_after=None
[2022-08-04 00:11:15,089] {processor.py:161} INFO - Processing /home/ndx/Innowise tasks/Innowise_task_5/airflow_env/lib/python3.8/site-packages/airflow/example_dags/tutorial_taskflow_api_etl.py took 0.041 seconds
[2022-08-04 00:11:49,300] {processor.py:153} INFO - Started process (PID=46673) to work on /home/ndx/Innowise tasks/Innowise_task_5/airflow_env/lib/python3.8/site-packages/airflow/example_dags/tutorial_taskflow_api_etl.py
[2022-08-04 00:11:49,306] {processor.py:641} INFO - Processing file /home/ndx/Innowise tasks/Innowise_task_5/airflow_env/lib/python3.8/site-packages/airflow/example_dags/tutorial_taskflow_api_etl.py for tasks to queue
[2022-08-04 00:11:49,306] {logging_mixin.py:115} INFO - [2022-08-04 00:11:49,306] {dagbag.py:508} INFO - Filling up the DagBag from /home/ndx/Innowise tasks/Innowise_task_5/airflow_env/lib/python3.8/site-packages/airflow/example_dags/tutorial_taskflow_api_etl.py
[2022-08-04 00:11:49,315] {processor.py:651} INFO - DAG(s) dict_keys(['tutorial_taskflow_api_etl']) retrieved from /home/ndx/Innowise tasks/Innowise_task_5/airflow_env/lib/python3.8/site-packages/airflow/example_dags/tutorial_taskflow_api_etl.py
[2022-08-04 00:11:49,323] {logging_mixin.py:115} INFO - [2022-08-04 00:11:49,323] {dag.py:2420} INFO - Sync 1 DAGs
[2022-08-04 00:11:49,333] {logging_mixin.py:115} INFO - [2022-08-04 00:11:49,333] {dag.py:2968} INFO - Setting next_dagrun for tutorial_taskflow_api_etl to None, run_after=None
[2022-08-04 00:11:49,340] {processor.py:161} INFO - Processing /home/ndx/Innowise tasks/Innowise_task_5/airflow_env/lib/python3.8/site-packages/airflow/example_dags/tutorial_taskflow_api_etl.py took 0.041 seconds
[2022-08-04 00:12:24,561] {processor.py:153} INFO - Started process (PID=46728) to work on /home/ndx/Innowise tasks/Innowise_task_5/airflow_env/lib/python3.8/site-packages/airflow/example_dags/tutorial_taskflow_api_etl.py
[2022-08-04 00:12:24,566] {processor.py:641} INFO - Processing file /home/ndx/Innowise tasks/Innowise_task_5/airflow_env/lib/python3.8/site-packages/airflow/example_dags/tutorial_taskflow_api_etl.py for tasks to queue
[2022-08-04 00:12:24,567] {logging_mixin.py:115} INFO - [2022-08-04 00:12:24,567] {dagbag.py:508} INFO - Filling up the DagBag from /home/ndx/Innowise tasks/Innowise_task_5/airflow_env/lib/python3.8/site-packages/airflow/example_dags/tutorial_taskflow_api_etl.py
[2022-08-04 00:12:24,576] {processor.py:651} INFO - DAG(s) dict_keys(['tutorial_taskflow_api_etl']) retrieved from /home/ndx/Innowise tasks/Innowise_task_5/airflow_env/lib/python3.8/site-packages/airflow/example_dags/tutorial_taskflow_api_etl.py
[2022-08-04 00:12:24,586] {logging_mixin.py:115} INFO - [2022-08-04 00:12:24,586] {dag.py:2420} INFO - Sync 1 DAGs
[2022-08-04 00:12:24,598] {logging_mixin.py:115} INFO - [2022-08-04 00:12:24,598] {dag.py:2968} INFO - Setting next_dagrun for tutorial_taskflow_api_etl to None, run_after=None
[2022-08-04 00:12:24,605] {processor.py:161} INFO - Processing /home/ndx/Innowise tasks/Innowise_task_5/airflow_env/lib/python3.8/site-packages/airflow/example_dags/tutorial_taskflow_api_etl.py took 0.046 seconds
[2022-08-04 00:12:57,830] {processor.py:153} INFO - Started process (PID=46798) to work on /home/ndx/Innowise tasks/Innowise_task_5/airflow_env/lib/python3.8/site-packages/airflow/example_dags/tutorial_taskflow_api_etl.py
[2022-08-04 00:12:57,835] {processor.py:641} INFO - Processing file /home/ndx/Innowise tasks/Innowise_task_5/airflow_env/lib/python3.8/site-packages/airflow/example_dags/tutorial_taskflow_api_etl.py for tasks to queue
[2022-08-04 00:12:57,836] {logging_mixin.py:115} INFO - [2022-08-04 00:12:57,836] {dagbag.py:508} INFO - Filling up the DagBag from /home/ndx/Innowise tasks/Innowise_task_5/airflow_env/lib/python3.8/site-packages/airflow/example_dags/tutorial_taskflow_api_etl.py
[2022-08-04 00:12:57,846] {processor.py:651} INFO - DAG(s) dict_keys(['tutorial_taskflow_api_etl']) retrieved from /home/ndx/Innowise tasks/Innowise_task_5/airflow_env/lib/python3.8/site-packages/airflow/example_dags/tutorial_taskflow_api_etl.py
[2022-08-04 00:12:57,855] {logging_mixin.py:115} INFO - [2022-08-04 00:12:57,855] {dag.py:2420} INFO - Sync 1 DAGs
[2022-08-04 00:12:57,868] {logging_mixin.py:115} INFO - [2022-08-04 00:12:57,868] {dag.py:2968} INFO - Setting next_dagrun for tutorial_taskflow_api_etl to None, run_after=None
[2022-08-04 00:12:57,875] {processor.py:161} INFO - Processing /home/ndx/Innowise tasks/Innowise_task_5/airflow_env/lib/python3.8/site-packages/airflow/example_dags/tutorial_taskflow_api_etl.py took 0.046 seconds
[2022-08-04 00:13:32,079] {processor.py:153} INFO - Started process (PID=46904) to work on /home/ndx/Innowise tasks/Innowise_task_5/airflow_env/lib/python3.8/site-packages/airflow/example_dags/tutorial_taskflow_api_etl.py
[2022-08-04 00:13:32,084] {processor.py:641} INFO - Processing file /home/ndx/Innowise tasks/Innowise_task_5/airflow_env/lib/python3.8/site-packages/airflow/example_dags/tutorial_taskflow_api_etl.py for tasks to queue
[2022-08-04 00:13:32,085] {logging_mixin.py:115} INFO - [2022-08-04 00:13:32,084] {dagbag.py:508} INFO - Filling up the DagBag from /home/ndx/Innowise tasks/Innowise_task_5/airflow_env/lib/python3.8/site-packages/airflow/example_dags/tutorial_taskflow_api_etl.py
[2022-08-04 00:13:32,094] {processor.py:651} INFO - DAG(s) dict_keys(['tutorial_taskflow_api_etl']) retrieved from /home/ndx/Innowise tasks/Innowise_task_5/airflow_env/lib/python3.8/site-packages/airflow/example_dags/tutorial_taskflow_api_etl.py
[2022-08-04 00:13:32,101] {logging_mixin.py:115} INFO - [2022-08-04 00:13:32,101] {dag.py:2420} INFO - Sync 1 DAGs
[2022-08-04 00:13:32,111] {logging_mixin.py:115} INFO - [2022-08-04 00:13:32,111] {dag.py:2968} INFO - Setting next_dagrun for tutorial_taskflow_api_etl to None, run_after=None
[2022-08-04 00:13:32,117] {processor.py:161} INFO - Processing /home/ndx/Innowise tasks/Innowise_task_5/airflow_env/lib/python3.8/site-packages/airflow/example_dags/tutorial_taskflow_api_etl.py took 0.041 seconds
[2022-08-04 00:14:04,801] {processor.py:153} INFO - Started process (PID=46957) to work on /home/ndx/Innowise tasks/Innowise_task_5/airflow_env/lib/python3.8/site-packages/airflow/example_dags/tutorial_taskflow_api_etl.py
[2022-08-04 00:14:04,802] {processor.py:641} INFO - Processing file /home/ndx/Innowise tasks/Innowise_task_5/airflow_env/lib/python3.8/site-packages/airflow/example_dags/tutorial_taskflow_api_etl.py for tasks to queue
[2022-08-04 00:14:04,802] {logging_mixin.py:115} INFO - [2022-08-04 00:14:04,802] {dagbag.py:508} INFO - Filling up the DagBag from /home/ndx/Innowise tasks/Innowise_task_5/airflow_env/lib/python3.8/site-packages/airflow/example_dags/tutorial_taskflow_api_etl.py
[2022-08-04 00:14:04,811] {processor.py:651} INFO - DAG(s) dict_keys(['tutorial_taskflow_api_etl']) retrieved from /home/ndx/Innowise tasks/Innowise_task_5/airflow_env/lib/python3.8/site-packages/airflow/example_dags/tutorial_taskflow_api_etl.py
[2022-08-04 00:14:04,819] {logging_mixin.py:115} INFO - [2022-08-04 00:14:04,819] {dag.py:2420} INFO - Sync 1 DAGs
[2022-08-04 00:14:04,829] {logging_mixin.py:115} INFO - [2022-08-04 00:14:04,829] {dag.py:2968} INFO - Setting next_dagrun for tutorial_taskflow_api_etl to None, run_after=None
[2022-08-04 00:14:04,835] {processor.py:161} INFO - Processing /home/ndx/Innowise tasks/Innowise_task_5/airflow_env/lib/python3.8/site-packages/airflow/example_dags/tutorial_taskflow_api_etl.py took 0.035 seconds
[2022-08-04 00:14:39,669] {processor.py:153} INFO - Started process (PID=47096) to work on /home/ndx/Innowise tasks/Innowise_task_5/airflow_env/lib/python3.8/site-packages/airflow/example_dags/tutorial_taskflow_api_etl.py
[2022-08-04 00:14:39,675] {processor.py:641} INFO - Processing file /home/ndx/Innowise tasks/Innowise_task_5/airflow_env/lib/python3.8/site-packages/airflow/example_dags/tutorial_taskflow_api_etl.py for tasks to queue
[2022-08-04 00:14:39,676] {logging_mixin.py:115} INFO - [2022-08-04 00:14:39,675] {dagbag.py:508} INFO - Filling up the DagBag from /home/ndx/Innowise tasks/Innowise_task_5/airflow_env/lib/python3.8/site-packages/airflow/example_dags/tutorial_taskflow_api_etl.py
[2022-08-04 00:14:39,684] {processor.py:651} INFO - DAG(s) dict_keys(['tutorial_taskflow_api_etl']) retrieved from /home/ndx/Innowise tasks/Innowise_task_5/airflow_env/lib/python3.8/site-packages/airflow/example_dags/tutorial_taskflow_api_etl.py
[2022-08-04 00:14:39,706] {logging_mixin.py:115} INFO - [2022-08-04 00:14:39,706] {dag.py:2420} INFO - Sync 1 DAGs
[2022-08-04 00:14:39,713] {logging_mixin.py:115} INFO - [2022-08-04 00:14:39,713] {dag.py:2968} INFO - Setting next_dagrun for tutorial_taskflow_api_etl to None, run_after=None
[2022-08-04 00:14:39,721] {processor.py:161} INFO - Processing /home/ndx/Innowise tasks/Innowise_task_5/airflow_env/lib/python3.8/site-packages/airflow/example_dags/tutorial_taskflow_api_etl.py took 0.053 seconds
[2022-08-04 00:15:17,964] {processor.py:153} INFO - Started process (PID=47215) to work on /home/ndx/Innowise tasks/Innowise_task_5/airflow_env/lib/python3.8/site-packages/airflow/example_dags/tutorial_taskflow_api_etl.py
[2022-08-04 00:15:17,969] {processor.py:641} INFO - Processing file /home/ndx/Innowise tasks/Innowise_task_5/airflow_env/lib/python3.8/site-packages/airflow/example_dags/tutorial_taskflow_api_etl.py for tasks to queue
[2022-08-04 00:15:17,970] {logging_mixin.py:115} INFO - [2022-08-04 00:15:17,969] {dagbag.py:508} INFO - Filling up the DagBag from /home/ndx/Innowise tasks/Innowise_task_5/airflow_env/lib/python3.8/site-packages/airflow/example_dags/tutorial_taskflow_api_etl.py
[2022-08-04 00:15:17,979] {processor.py:651} INFO - DAG(s) dict_keys(['tutorial_taskflow_api_etl']) retrieved from /home/ndx/Innowise tasks/Innowise_task_5/airflow_env/lib/python3.8/site-packages/airflow/example_dags/tutorial_taskflow_api_etl.py
[2022-08-04 00:15:17,987] {logging_mixin.py:115} INFO - [2022-08-04 00:15:17,987] {dag.py:2420} INFO - Sync 1 DAGs
[2022-08-04 00:15:17,997] {logging_mixin.py:115} INFO - [2022-08-04 00:15:17,997] {dag.py:2968} INFO - Setting next_dagrun for tutorial_taskflow_api_etl to None, run_after=None
[2022-08-04 00:15:18,003] {processor.py:161} INFO - Processing /home/ndx/Innowise tasks/Innowise_task_5/airflow_env/lib/python3.8/site-packages/airflow/example_dags/tutorial_taskflow_api_etl.py took 0.041 seconds
[2022-08-04 00:15:52,752] {processor.py:153} INFO - Started process (PID=47252) to work on /home/ndx/Innowise tasks/Innowise_task_5/airflow_env/lib/python3.8/site-packages/airflow/example_dags/tutorial_taskflow_api_etl.py
[2022-08-04 00:15:52,758] {processor.py:641} INFO - Processing file /home/ndx/Innowise tasks/Innowise_task_5/airflow_env/lib/python3.8/site-packages/airflow/example_dags/tutorial_taskflow_api_etl.py for tasks to queue
[2022-08-04 00:15:52,758] {logging_mixin.py:115} INFO - [2022-08-04 00:15:52,758] {dagbag.py:508} INFO - Filling up the DagBag from /home/ndx/Innowise tasks/Innowise_task_5/airflow_env/lib/python3.8/site-packages/airflow/example_dags/tutorial_taskflow_api_etl.py
[2022-08-04 00:15:52,768] {processor.py:651} INFO - DAG(s) dict_keys(['tutorial_taskflow_api_etl']) retrieved from /home/ndx/Innowise tasks/Innowise_task_5/airflow_env/lib/python3.8/site-packages/airflow/example_dags/tutorial_taskflow_api_etl.py
[2022-08-04 00:15:52,791] {logging_mixin.py:115} INFO - [2022-08-04 00:15:52,791] {dag.py:2420} INFO - Sync 1 DAGs
[2022-08-04 00:15:52,799] {logging_mixin.py:115} INFO - [2022-08-04 00:15:52,799] {dag.py:2968} INFO - Setting next_dagrun for tutorial_taskflow_api_etl to None, run_after=None
[2022-08-04 00:15:52,808] {processor.py:161} INFO - Processing /home/ndx/Innowise tasks/Innowise_task_5/airflow_env/lib/python3.8/site-packages/airflow/example_dags/tutorial_taskflow_api_etl.py took 0.058 seconds
[2022-08-04 00:16:26,346] {processor.py:153} INFO - Started process (PID=47334) to work on /home/ndx/Innowise tasks/Innowise_task_5/airflow_env/lib/python3.8/site-packages/airflow/example_dags/tutorial_taskflow_api_etl.py
[2022-08-04 00:16:26,352] {processor.py:641} INFO - Processing file /home/ndx/Innowise tasks/Innowise_task_5/airflow_env/lib/python3.8/site-packages/airflow/example_dags/tutorial_taskflow_api_etl.py for tasks to queue
[2022-08-04 00:16:26,352] {logging_mixin.py:115} INFO - [2022-08-04 00:16:26,352] {dagbag.py:508} INFO - Filling up the DagBag from /home/ndx/Innowise tasks/Innowise_task_5/airflow_env/lib/python3.8/site-packages/airflow/example_dags/tutorial_taskflow_api_etl.py
[2022-08-04 00:16:26,361] {processor.py:651} INFO - DAG(s) dict_keys(['tutorial_taskflow_api_etl']) retrieved from /home/ndx/Innowise tasks/Innowise_task_5/airflow_env/lib/python3.8/site-packages/airflow/example_dags/tutorial_taskflow_api_etl.py
[2022-08-04 00:16:26,384] {logging_mixin.py:115} INFO - [2022-08-04 00:16:26,384] {dag.py:2420} INFO - Sync 1 DAGs
[2022-08-04 00:16:26,391] {logging_mixin.py:115} INFO - [2022-08-04 00:16:26,391] {dag.py:2968} INFO - Setting next_dagrun for tutorial_taskflow_api_etl to None, run_after=None
[2022-08-04 00:16:26,398] {processor.py:161} INFO - Processing /home/ndx/Innowise tasks/Innowise_task_5/airflow_env/lib/python3.8/site-packages/airflow/example_dags/tutorial_taskflow_api_etl.py took 0.053 seconds
[2022-08-04 00:17:00,318] {processor.py:153} INFO - Started process (PID=47413) to work on /home/ndx/Innowise tasks/Innowise_task_5/airflow_env/lib/python3.8/site-packages/airflow/example_dags/tutorial_taskflow_api_etl.py
[2022-08-04 00:17:00,324] {processor.py:641} INFO - Processing file /home/ndx/Innowise tasks/Innowise_task_5/airflow_env/lib/python3.8/site-packages/airflow/example_dags/tutorial_taskflow_api_etl.py for tasks to queue
[2022-08-04 00:17:00,324] {logging_mixin.py:115} INFO - [2022-08-04 00:17:00,324] {dagbag.py:508} INFO - Filling up the DagBag from /home/ndx/Innowise tasks/Innowise_task_5/airflow_env/lib/python3.8/site-packages/airflow/example_dags/tutorial_taskflow_api_etl.py
[2022-08-04 00:17:00,334] {processor.py:651} INFO - DAG(s) dict_keys(['tutorial_taskflow_api_etl']) retrieved from /home/ndx/Innowise tasks/Innowise_task_5/airflow_env/lib/python3.8/site-packages/airflow/example_dags/tutorial_taskflow_api_etl.py
[2022-08-04 00:17:00,357] {logging_mixin.py:115} INFO - [2022-08-04 00:17:00,357] {dag.py:2420} INFO - Sync 1 DAGs
[2022-08-04 00:17:00,364] {logging_mixin.py:115} INFO - [2022-08-04 00:17:00,364] {dag.py:2968} INFO - Setting next_dagrun for tutorial_taskflow_api_etl to None, run_after=None
[2022-08-04 00:17:00,371] {processor.py:161} INFO - Processing /home/ndx/Innowise tasks/Innowise_task_5/airflow_env/lib/python3.8/site-packages/airflow/example_dags/tutorial_taskflow_api_etl.py took 0.054 seconds
[2022-08-04 00:17:36,615] {processor.py:153} INFO - Started process (PID=47498) to work on /home/ndx/Innowise tasks/Innowise_task_5/airflow_env/lib/python3.8/site-packages/airflow/example_dags/tutorial_taskflow_api_etl.py
[2022-08-04 00:17:36,620] {processor.py:641} INFO - Processing file /home/ndx/Innowise tasks/Innowise_task_5/airflow_env/lib/python3.8/site-packages/airflow/example_dags/tutorial_taskflow_api_etl.py for tasks to queue
[2022-08-04 00:17:36,620] {logging_mixin.py:115} INFO - [2022-08-04 00:17:36,620] {dagbag.py:508} INFO - Filling up the DagBag from /home/ndx/Innowise tasks/Innowise_task_5/airflow_env/lib/python3.8/site-packages/airflow/example_dags/tutorial_taskflow_api_etl.py
[2022-08-04 00:17:36,630] {processor.py:651} INFO - DAG(s) dict_keys(['tutorial_taskflow_api_etl']) retrieved from /home/ndx/Innowise tasks/Innowise_task_5/airflow_env/lib/python3.8/site-packages/airflow/example_dags/tutorial_taskflow_api_etl.py
[2022-08-04 00:17:36,659] {logging_mixin.py:115} INFO - [2022-08-04 00:17:36,659] {dag.py:2420} INFO - Sync 1 DAGs
[2022-08-04 00:17:36,668] {logging_mixin.py:115} INFO - [2022-08-04 00:17:36,668] {dag.py:2968} INFO - Setting next_dagrun for tutorial_taskflow_api_etl to None, run_after=None
[2022-08-04 00:17:36,677] {processor.py:161} INFO - Processing /home/ndx/Innowise tasks/Innowise_task_5/airflow_env/lib/python3.8/site-packages/airflow/example_dags/tutorial_taskflow_api_etl.py took 0.064 seconds
[2022-08-04 00:18:14,742] {processor.py:153} INFO - Started process (PID=47578) to work on /home/ndx/Innowise tasks/Innowise_task_5/airflow_env/lib/python3.8/site-packages/airflow/example_dags/tutorial_taskflow_api_etl.py
[2022-08-04 00:18:14,748] {processor.py:641} INFO - Processing file /home/ndx/Innowise tasks/Innowise_task_5/airflow_env/lib/python3.8/site-packages/airflow/example_dags/tutorial_taskflow_api_etl.py for tasks to queue
[2022-08-04 00:18:14,748] {logging_mixin.py:115} INFO - [2022-08-04 00:18:14,748] {dagbag.py:508} INFO - Filling up the DagBag from /home/ndx/Innowise tasks/Innowise_task_5/airflow_env/lib/python3.8/site-packages/airflow/example_dags/tutorial_taskflow_api_etl.py
[2022-08-04 00:18:14,758] {processor.py:651} INFO - DAG(s) dict_keys(['tutorial_taskflow_api_etl']) retrieved from /home/ndx/Innowise tasks/Innowise_task_5/airflow_env/lib/python3.8/site-packages/airflow/example_dags/tutorial_taskflow_api_etl.py
[2022-08-04 00:18:14,766] {logging_mixin.py:115} INFO - [2022-08-04 00:18:14,766] {dag.py:2420} INFO - Sync 1 DAGs
[2022-08-04 00:18:14,776] {logging_mixin.py:115} INFO - [2022-08-04 00:18:14,776] {dag.py:2968} INFO - Setting next_dagrun for tutorial_taskflow_api_etl to None, run_after=None
[2022-08-04 00:18:14,782] {processor.py:161} INFO - Processing /home/ndx/Innowise tasks/Innowise_task_5/airflow_env/lib/python3.8/site-packages/airflow/example_dags/tutorial_taskflow_api_etl.py took 0.042 seconds
[2022-08-04 00:18:48,870] {processor.py:153} INFO - Started process (PID=47619) to work on /home/ndx/Innowise tasks/Innowise_task_5/airflow_env/lib/python3.8/site-packages/airflow/example_dags/tutorial_taskflow_api_etl.py
[2022-08-04 00:18:48,871] {processor.py:641} INFO - Processing file /home/ndx/Innowise tasks/Innowise_task_5/airflow_env/lib/python3.8/site-packages/airflow/example_dags/tutorial_taskflow_api_etl.py for tasks to queue
[2022-08-04 00:18:48,871] {logging_mixin.py:115} INFO - [2022-08-04 00:18:48,871] {dagbag.py:508} INFO - Filling up the DagBag from /home/ndx/Innowise tasks/Innowise_task_5/airflow_env/lib/python3.8/site-packages/airflow/example_dags/tutorial_taskflow_api_etl.py
[2022-08-04 00:18:48,881] {processor.py:651} INFO - DAG(s) dict_keys(['tutorial_taskflow_api_etl']) retrieved from /home/ndx/Innowise tasks/Innowise_task_5/airflow_env/lib/python3.8/site-packages/airflow/example_dags/tutorial_taskflow_api_etl.py
[2022-08-04 00:18:48,907] {logging_mixin.py:115} INFO - [2022-08-04 00:18:48,907] {dag.py:2420} INFO - Sync 1 DAGs
[2022-08-04 00:18:48,916] {logging_mixin.py:115} INFO - [2022-08-04 00:18:48,916] {dag.py:2968} INFO - Setting next_dagrun for tutorial_taskflow_api_etl to None, run_after=None
[2022-08-04 00:18:48,923] {processor.py:161} INFO - Processing /home/ndx/Innowise tasks/Innowise_task_5/airflow_env/lib/python3.8/site-packages/airflow/example_dags/tutorial_taskflow_api_etl.py took 0.055 seconds
[2022-08-04 00:19:23,661] {processor.py:153} INFO - Started process (PID=47817) to work on /home/ndx/Innowise tasks/Innowise_task_5/airflow_env/lib/python3.8/site-packages/airflow/example_dags/tutorial_taskflow_api_etl.py
[2022-08-04 00:19:23,667] {processor.py:641} INFO - Processing file /home/ndx/Innowise tasks/Innowise_task_5/airflow_env/lib/python3.8/site-packages/airflow/example_dags/tutorial_taskflow_api_etl.py for tasks to queue
[2022-08-04 00:19:23,667] {logging_mixin.py:115} INFO - [2022-08-04 00:19:23,667] {dagbag.py:508} INFO - Filling up the DagBag from /home/ndx/Innowise tasks/Innowise_task_5/airflow_env/lib/python3.8/site-packages/airflow/example_dags/tutorial_taskflow_api_etl.py
[2022-08-04 00:19:23,676] {processor.py:651} INFO - DAG(s) dict_keys(['tutorial_taskflow_api_etl']) retrieved from /home/ndx/Innowise tasks/Innowise_task_5/airflow_env/lib/python3.8/site-packages/airflow/example_dags/tutorial_taskflow_api_etl.py
[2022-08-04 00:19:23,684] {logging_mixin.py:115} INFO - [2022-08-04 00:19:23,684] {dag.py:2420} INFO - Sync 1 DAGs
[2022-08-04 00:19:23,694] {logging_mixin.py:115} INFO - [2022-08-04 00:19:23,694] {dag.py:2968} INFO - Setting next_dagrun for tutorial_taskflow_api_etl to None, run_after=None
[2022-08-04 00:19:23,701] {processor.py:161} INFO - Processing /home/ndx/Innowise tasks/Innowise_task_5/airflow_env/lib/python3.8/site-packages/airflow/example_dags/tutorial_taskflow_api_etl.py took 0.041 seconds
[2022-08-04 00:19:56,736] {processor.py:153} INFO - Started process (PID=47897) to work on /home/ndx/Innowise tasks/Innowise_task_5/airflow_env/lib/python3.8/site-packages/airflow/example_dags/tutorial_taskflow_api_etl.py
[2022-08-04 00:19:56,741] {processor.py:641} INFO - Processing file /home/ndx/Innowise tasks/Innowise_task_5/airflow_env/lib/python3.8/site-packages/airflow/example_dags/tutorial_taskflow_api_etl.py for tasks to queue
[2022-08-04 00:19:56,742] {logging_mixin.py:115} INFO - [2022-08-04 00:19:56,742] {dagbag.py:508} INFO - Filling up the DagBag from /home/ndx/Innowise tasks/Innowise_task_5/airflow_env/lib/python3.8/site-packages/airflow/example_dags/tutorial_taskflow_api_etl.py
[2022-08-04 00:19:56,751] {processor.py:651} INFO - DAG(s) dict_keys(['tutorial_taskflow_api_etl']) retrieved from /home/ndx/Innowise tasks/Innowise_task_5/airflow_env/lib/python3.8/site-packages/airflow/example_dags/tutorial_taskflow_api_etl.py
[2022-08-04 00:19:56,759] {logging_mixin.py:115} INFO - [2022-08-04 00:19:56,759] {dag.py:2420} INFO - Sync 1 DAGs
[2022-08-04 00:19:56,768] {logging_mixin.py:115} INFO - [2022-08-04 00:19:56,768] {dag.py:2968} INFO - Setting next_dagrun for tutorial_taskflow_api_etl to None, run_after=None
[2022-08-04 00:19:56,775] {processor.py:161} INFO - Processing /home/ndx/Innowise tasks/Innowise_task_5/airflow_env/lib/python3.8/site-packages/airflow/example_dags/tutorial_taskflow_api_etl.py took 0.040 seconds
[2022-08-04 00:20:30,920] {processor.py:153} INFO - Started process (PID=47990) to work on /home/ndx/Innowise tasks/Innowise_task_5/airflow_env/lib/python3.8/site-packages/airflow/example_dags/tutorial_taskflow_api_etl.py
[2022-08-04 00:20:30,925] {processor.py:641} INFO - Processing file /home/ndx/Innowise tasks/Innowise_task_5/airflow_env/lib/python3.8/site-packages/airflow/example_dags/tutorial_taskflow_api_etl.py for tasks to queue
[2022-08-04 00:20:30,925] {logging_mixin.py:115} INFO - [2022-08-04 00:20:30,925] {dagbag.py:508} INFO - Filling up the DagBag from /home/ndx/Innowise tasks/Innowise_task_5/airflow_env/lib/python3.8/site-packages/airflow/example_dags/tutorial_taskflow_api_etl.py
[2022-08-04 00:20:30,935] {processor.py:651} INFO - DAG(s) dict_keys(['tutorial_taskflow_api_etl']) retrieved from /home/ndx/Innowise tasks/Innowise_task_5/airflow_env/lib/python3.8/site-packages/airflow/example_dags/tutorial_taskflow_api_etl.py
[2022-08-04 00:20:30,958] {logging_mixin.py:115} INFO - [2022-08-04 00:20:30,958] {dag.py:2420} INFO - Sync 1 DAGs
[2022-08-04 00:20:30,965] {logging_mixin.py:115} INFO - [2022-08-04 00:20:30,965] {dag.py:2968} INFO - Setting next_dagrun for tutorial_taskflow_api_etl to None, run_after=None
[2022-08-04 00:20:30,972] {processor.py:161} INFO - Processing /home/ndx/Innowise tasks/Innowise_task_5/airflow_env/lib/python3.8/site-packages/airflow/example_dags/tutorial_taskflow_api_etl.py took 0.054 seconds
[2022-08-04 00:21:03,572] {processor.py:153} INFO - Started process (PID=48064) to work on /home/ndx/Innowise tasks/Innowise_task_5/airflow_env/lib/python3.8/site-packages/airflow/example_dags/tutorial_taskflow_api_etl.py
[2022-08-04 00:21:03,577] {processor.py:641} INFO - Processing file /home/ndx/Innowise tasks/Innowise_task_5/airflow_env/lib/python3.8/site-packages/airflow/example_dags/tutorial_taskflow_api_etl.py for tasks to queue
[2022-08-04 00:21:03,577] {logging_mixin.py:115} INFO - [2022-08-04 00:21:03,577] {dagbag.py:508} INFO - Filling up the DagBag from /home/ndx/Innowise tasks/Innowise_task_5/airflow_env/lib/python3.8/site-packages/airflow/example_dags/tutorial_taskflow_api_etl.py
[2022-08-04 00:21:03,587] {processor.py:651} INFO - DAG(s) dict_keys(['tutorial_taskflow_api_etl']) retrieved from /home/ndx/Innowise tasks/Innowise_task_5/airflow_env/lib/python3.8/site-packages/airflow/example_dags/tutorial_taskflow_api_etl.py
[2022-08-04 00:21:03,598] {logging_mixin.py:115} INFO - [2022-08-04 00:21:03,598] {dag.py:2420} INFO - Sync 1 DAGs
[2022-08-04 00:21:03,616] {logging_mixin.py:115} INFO - [2022-08-04 00:21:03,616] {dag.py:2968} INFO - Setting next_dagrun for tutorial_taskflow_api_etl to None, run_after=None
[2022-08-04 00:21:03,624] {processor.py:161} INFO - Processing /home/ndx/Innowise tasks/Innowise_task_5/airflow_env/lib/python3.8/site-packages/airflow/example_dags/tutorial_taskflow_api_etl.py took 0.055 seconds
[2022-08-04 00:21:38,207] {processor.py:153} INFO - Started process (PID=48154) to work on /home/ndx/Innowise tasks/Innowise_task_5/airflow_env/lib/python3.8/site-packages/airflow/example_dags/tutorial_taskflow_api_etl.py
[2022-08-04 00:21:38,212] {processor.py:641} INFO - Processing file /home/ndx/Innowise tasks/Innowise_task_5/airflow_env/lib/python3.8/site-packages/airflow/example_dags/tutorial_taskflow_api_etl.py for tasks to queue
[2022-08-04 00:21:38,213] {logging_mixin.py:115} INFO - [2022-08-04 00:21:38,213] {dagbag.py:508} INFO - Filling up the DagBag from /home/ndx/Innowise tasks/Innowise_task_5/airflow_env/lib/python3.8/site-packages/airflow/example_dags/tutorial_taskflow_api_etl.py
[2022-08-04 00:21:38,222] {processor.py:651} INFO - DAG(s) dict_keys(['tutorial_taskflow_api_etl']) retrieved from /home/ndx/Innowise tasks/Innowise_task_5/airflow_env/lib/python3.8/site-packages/airflow/example_dags/tutorial_taskflow_api_etl.py
[2022-08-04 00:21:38,230] {logging_mixin.py:115} INFO - [2022-08-04 00:21:38,230] {dag.py:2420} INFO - Sync 1 DAGs
[2022-08-04 00:21:38,240] {logging_mixin.py:115} INFO - [2022-08-04 00:21:38,240] {dag.py:2968} INFO - Setting next_dagrun for tutorial_taskflow_api_etl to None, run_after=None
[2022-08-04 00:21:38,246] {processor.py:161} INFO - Processing /home/ndx/Innowise tasks/Innowise_task_5/airflow_env/lib/python3.8/site-packages/airflow/example_dags/tutorial_taskflow_api_etl.py took 0.041 seconds
[2022-08-04 00:22:13,145] {processor.py:153} INFO - Started process (PID=48223) to work on /home/ndx/Innowise tasks/Innowise_task_5/airflow_env/lib/python3.8/site-packages/airflow/example_dags/tutorial_taskflow_api_etl.py
[2022-08-04 00:22:13,146] {processor.py:641} INFO - Processing file /home/ndx/Innowise tasks/Innowise_task_5/airflow_env/lib/python3.8/site-packages/airflow/example_dags/tutorial_taskflow_api_etl.py for tasks to queue
[2022-08-04 00:22:13,146] {logging_mixin.py:115} INFO - [2022-08-04 00:22:13,146] {dagbag.py:508} INFO - Filling up the DagBag from /home/ndx/Innowise tasks/Innowise_task_5/airflow_env/lib/python3.8/site-packages/airflow/example_dags/tutorial_taskflow_api_etl.py
[2022-08-04 00:22:13,156] {processor.py:651} INFO - DAG(s) dict_keys(['tutorial_taskflow_api_etl']) retrieved from /home/ndx/Innowise tasks/Innowise_task_5/airflow_env/lib/python3.8/site-packages/airflow/example_dags/tutorial_taskflow_api_etl.py
[2022-08-04 00:22:13,165] {logging_mixin.py:115} INFO - [2022-08-04 00:22:13,165] {dag.py:2420} INFO - Sync 1 DAGs
[2022-08-04 00:22:13,176] {logging_mixin.py:115} INFO - [2022-08-04 00:22:13,176] {dag.py:2968} INFO - Setting next_dagrun for tutorial_taskflow_api_etl to None, run_after=None
[2022-08-04 00:22:13,183] {processor.py:161} INFO - Processing /home/ndx/Innowise tasks/Innowise_task_5/airflow_env/lib/python3.8/site-packages/airflow/example_dags/tutorial_taskflow_api_etl.py took 0.040 seconds
[2022-08-04 00:22:48,103] {processor.py:153} INFO - Started process (PID=48279) to work on /home/ndx/Innowise tasks/Innowise_task_5/airflow_env/lib/python3.8/site-packages/airflow/example_dags/tutorial_taskflow_api_etl.py
[2022-08-04 00:22:48,108] {processor.py:641} INFO - Processing file /home/ndx/Innowise tasks/Innowise_task_5/airflow_env/lib/python3.8/site-packages/airflow/example_dags/tutorial_taskflow_api_etl.py for tasks to queue
[2022-08-04 00:22:48,109] {logging_mixin.py:115} INFO - [2022-08-04 00:22:48,109] {dagbag.py:508} INFO - Filling up the DagBag from /home/ndx/Innowise tasks/Innowise_task_5/airflow_env/lib/python3.8/site-packages/airflow/example_dags/tutorial_taskflow_api_etl.py
[2022-08-04 00:22:48,119] {processor.py:651} INFO - DAG(s) dict_keys(['tutorial_taskflow_api_etl']) retrieved from /home/ndx/Innowise tasks/Innowise_task_5/airflow_env/lib/python3.8/site-packages/airflow/example_dags/tutorial_taskflow_api_etl.py
[2022-08-04 00:22:48,128] {logging_mixin.py:115} INFO - [2022-08-04 00:22:48,128] {dag.py:2420} INFO - Sync 1 DAGs
[2022-08-04 00:22:48,138] {logging_mixin.py:115} INFO - [2022-08-04 00:22:48,138] {dag.py:2968} INFO - Setting next_dagrun for tutorial_taskflow_api_etl to None, run_after=None
[2022-08-04 00:22:48,145] {processor.py:161} INFO - Processing /home/ndx/Innowise tasks/Innowise_task_5/airflow_env/lib/python3.8/site-packages/airflow/example_dags/tutorial_taskflow_api_etl.py took 0.044 seconds
[2022-08-04 00:23:24,295] {processor.py:153} INFO - Started process (PID=48330) to work on /home/ndx/Innowise tasks/Innowise_task_5/airflow_env/lib/python3.8/site-packages/airflow/example_dags/tutorial_taskflow_api_etl.py
[2022-08-04 00:23:24,300] {processor.py:641} INFO - Processing file /home/ndx/Innowise tasks/Innowise_task_5/airflow_env/lib/python3.8/site-packages/airflow/example_dags/tutorial_taskflow_api_etl.py for tasks to queue
[2022-08-04 00:23:24,301] {logging_mixin.py:115} INFO - [2022-08-04 00:23:24,300] {dagbag.py:508} INFO - Filling up the DagBag from /home/ndx/Innowise tasks/Innowise_task_5/airflow_env/lib/python3.8/site-packages/airflow/example_dags/tutorial_taskflow_api_etl.py
[2022-08-04 00:23:24,311] {processor.py:651} INFO - DAG(s) dict_keys(['tutorial_taskflow_api_etl']) retrieved from /home/ndx/Innowise tasks/Innowise_task_5/airflow_env/lib/python3.8/site-packages/airflow/example_dags/tutorial_taskflow_api_etl.py
[2022-08-04 00:23:24,320] {logging_mixin.py:115} INFO - [2022-08-04 00:23:24,320] {dag.py:2420} INFO - Sync 1 DAGs
[2022-08-04 00:23:24,330] {logging_mixin.py:115} INFO - [2022-08-04 00:23:24,330] {dag.py:2968} INFO - Setting next_dagrun for tutorial_taskflow_api_etl to None, run_after=None
[2022-08-04 00:23:24,337] {processor.py:161} INFO - Processing /home/ndx/Innowise tasks/Innowise_task_5/airflow_env/lib/python3.8/site-packages/airflow/example_dags/tutorial_taskflow_api_etl.py took 0.044 seconds
[2022-08-04 00:23:40,496] {processor.py:153} INFO - Started process (PID=48368) to work on /home/ndx/Innowise tasks/Innowise_task_5/airflow_env/lib/python3.8/site-packages/airflow/example_dags/tutorial_taskflow_api_etl.py
[2022-08-04 00:23:40,501] {processor.py:641} INFO - Processing file /home/ndx/Innowise tasks/Innowise_task_5/airflow_env/lib/python3.8/site-packages/airflow/example_dags/tutorial_taskflow_api_etl.py for tasks to queue
[2022-08-04 00:23:40,502] {logging_mixin.py:115} INFO - [2022-08-04 00:23:40,501] {dagbag.py:508} INFO - Filling up the DagBag from /home/ndx/Innowise tasks/Innowise_task_5/airflow_env/lib/python3.8/site-packages/airflow/example_dags/tutorial_taskflow_api_etl.py
[2022-08-04 00:23:40,511] {processor.py:651} INFO - DAG(s) dict_keys(['tutorial_taskflow_api_etl']) retrieved from /home/ndx/Innowise tasks/Innowise_task_5/airflow_env/lib/python3.8/site-packages/airflow/example_dags/tutorial_taskflow_api_etl.py
[2022-08-04 00:23:40,538] {logging_mixin.py:115} INFO - [2022-08-04 00:23:40,538] {dag.py:2420} INFO - Sync 1 DAGs
[2022-08-04 00:23:40,546] {logging_mixin.py:115} INFO - [2022-08-04 00:23:40,546] {dag.py:2968} INFO - Setting next_dagrun for tutorial_taskflow_api_etl to None, run_after=None
[2022-08-04 00:23:40,554] {processor.py:161} INFO - Processing /home/ndx/Innowise tasks/Innowise_task_5/airflow_env/lib/python3.8/site-packages/airflow/example_dags/tutorial_taskflow_api_etl.py took 0.060 seconds
[2022-08-04 00:24:12,444] {processor.py:153} INFO - Started process (PID=48485) to work on /home/ndx/Innowise tasks/Innowise_task_5/airflow_env/lib/python3.8/site-packages/airflow/example_dags/tutorial_taskflow_api_etl.py
[2022-08-04 00:24:12,450] {processor.py:641} INFO - Processing file /home/ndx/Innowise tasks/Innowise_task_5/airflow_env/lib/python3.8/site-packages/airflow/example_dags/tutorial_taskflow_api_etl.py for tasks to queue
[2022-08-04 00:24:12,450] {logging_mixin.py:115} INFO - [2022-08-04 00:24:12,450] {dagbag.py:508} INFO - Filling up the DagBag from /home/ndx/Innowise tasks/Innowise_task_5/airflow_env/lib/python3.8/site-packages/airflow/example_dags/tutorial_taskflow_api_etl.py
[2022-08-04 00:24:12,461] {processor.py:651} INFO - DAG(s) dict_keys(['tutorial_taskflow_api_etl']) retrieved from /home/ndx/Innowise tasks/Innowise_task_5/airflow_env/lib/python3.8/site-packages/airflow/example_dags/tutorial_taskflow_api_etl.py
[2022-08-04 00:24:12,490] {logging_mixin.py:115} INFO - [2022-08-04 00:24:12,489] {dag.py:2420} INFO - Sync 1 DAGs
[2022-08-04 00:24:12,499] {logging_mixin.py:115} INFO - [2022-08-04 00:24:12,499] {dag.py:2968} INFO - Setting next_dagrun for tutorial_taskflow_api_etl to None, run_after=None
[2022-08-04 00:24:12,507] {processor.py:161} INFO - Processing /home/ndx/Innowise tasks/Innowise_task_5/airflow_env/lib/python3.8/site-packages/airflow/example_dags/tutorial_taskflow_api_etl.py took 0.065 seconds
[2022-08-04 00:24:28,452] {processor.py:153} INFO - Started process (PID=48521) to work on /home/ndx/Innowise tasks/Innowise_task_5/airflow_env/lib/python3.8/site-packages/airflow/example_dags/tutorial_taskflow_api_etl.py
[2022-08-04 00:24:28,457] {processor.py:641} INFO - Processing file /home/ndx/Innowise tasks/Innowise_task_5/airflow_env/lib/python3.8/site-packages/airflow/example_dags/tutorial_taskflow_api_etl.py for tasks to queue
[2022-08-04 00:24:28,458] {logging_mixin.py:115} INFO - [2022-08-04 00:24:28,458] {dagbag.py:508} INFO - Filling up the DagBag from /home/ndx/Innowise tasks/Innowise_task_5/airflow_env/lib/python3.8/site-packages/airflow/example_dags/tutorial_taskflow_api_etl.py
[2022-08-04 00:24:28,467] {processor.py:651} INFO - DAG(s) dict_keys(['tutorial_taskflow_api_etl']) retrieved from /home/ndx/Innowise tasks/Innowise_task_5/airflow_env/lib/python3.8/site-packages/airflow/example_dags/tutorial_taskflow_api_etl.py
[2022-08-04 00:24:28,472] {logging_mixin.py:115} INFO - [2022-08-04 00:24:28,472] {dag.py:2420} INFO - Sync 1 DAGs
[2022-08-04 00:24:28,482] {logging_mixin.py:115} INFO - [2022-08-04 00:24:28,482] {dag.py:2968} INFO - Setting next_dagrun for tutorial_taskflow_api_etl to None, run_after=None
[2022-08-04 00:24:28,488] {processor.py:161} INFO - Processing /home/ndx/Innowise tasks/Innowise_task_5/airflow_env/lib/python3.8/site-packages/airflow/example_dags/tutorial_taskflow_api_etl.py took 0.038 seconds
[2022-08-04 00:24:45,879] {processor.py:153} INFO - Started process (PID=48564) to work on /home/ndx/Innowise tasks/Innowise_task_5/airflow_env/lib/python3.8/site-packages/airflow/example_dags/tutorial_taskflow_api_etl.py
[2022-08-04 00:24:45,884] {processor.py:641} INFO - Processing file /home/ndx/Innowise tasks/Innowise_task_5/airflow_env/lib/python3.8/site-packages/airflow/example_dags/tutorial_taskflow_api_etl.py for tasks to queue
[2022-08-04 00:24:45,885] {logging_mixin.py:115} INFO - [2022-08-04 00:24:45,885] {dagbag.py:508} INFO - Filling up the DagBag from /home/ndx/Innowise tasks/Innowise_task_5/airflow_env/lib/python3.8/site-packages/airflow/example_dags/tutorial_taskflow_api_etl.py
[2022-08-04 00:24:45,894] {processor.py:651} INFO - DAG(s) dict_keys(['tutorial_taskflow_api_etl']) retrieved from /home/ndx/Innowise tasks/Innowise_task_5/airflow_env/lib/python3.8/site-packages/airflow/example_dags/tutorial_taskflow_api_etl.py
[2022-08-04 00:24:45,918] {logging_mixin.py:115} INFO - [2022-08-04 00:24:45,918] {dag.py:2420} INFO - Sync 1 DAGs
[2022-08-04 00:24:45,926] {logging_mixin.py:115} INFO - [2022-08-04 00:24:45,926] {dag.py:2968} INFO - Setting next_dagrun for tutorial_taskflow_api_etl to None, run_after=None
[2022-08-04 00:24:45,934] {processor.py:161} INFO - Processing /home/ndx/Innowise tasks/Innowise_task_5/airflow_env/lib/python3.8/site-packages/airflow/example_dags/tutorial_taskflow_api_etl.py took 0.057 seconds
