[2022-08-04 00:00:30,249] {processor.py:153} INFO - Started process (PID=44797) to work on /home/ndx/Innowise tasks/Innowise_task_5/airflow_env/lib/python3.8/site-packages/airflow/example_dags/tutorial.py
[2022-08-04 00:00:30,249] {processor.py:641} INFO - Processing file /home/ndx/Innowise tasks/Innowise_task_5/airflow_env/lib/python3.8/site-packages/airflow/example_dags/tutorial.py for tasks to queue
[2022-08-04 00:00:30,249] {logging_mixin.py:115} INFO - [2022-08-04 00:00:30,249] {dagbag.py:508} INFO - Filling up the DagBag from /home/ndx/Innowise tasks/Innowise_task_5/airflow_env/lib/python3.8/site-packages/airflow/example_dags/tutorial.py
[2022-08-04 00:00:30,251] {processor.py:651} INFO - DAG(s) dict_keys(['tutorial']) retrieved from /home/ndx/Innowise tasks/Innowise_task_5/airflow_env/lib/python3.8/site-packages/airflow/example_dags/tutorial.py
[2022-08-04 00:00:30,258] {logging_mixin.py:115} INFO - [2022-08-04 00:00:30,258] {dag.py:2420} INFO - Sync 1 DAGs
[2022-08-04 00:00:30,266] {logging_mixin.py:115} INFO - [2022-08-04 00:00:30,266] {dag.py:2968} INFO - Setting next_dagrun for tutorial to 2022-08-02T21:00:30.265996+00:00, run_after=2022-08-03T21:00:30.265996+00:00
[2022-08-04 00:00:30,278] {processor.py:161} INFO - Processing /home/ndx/Innowise tasks/Innowise_task_5/airflow_env/lib/python3.8/site-packages/airflow/example_dags/tutorial.py took 0.030 seconds
[2022-08-04 00:01:01,055] {processor.py:153} INFO - Started process (PID=44966) to work on /home/ndx/Innowise tasks/Innowise_task_5/airflow_env/lib/python3.8/site-packages/airflow/example_dags/tutorial.py
[2022-08-04 00:01:01,060] {processor.py:641} INFO - Processing file /home/ndx/Innowise tasks/Innowise_task_5/airflow_env/lib/python3.8/site-packages/airflow/example_dags/tutorial.py for tasks to queue
[2022-08-04 00:01:01,060] {logging_mixin.py:115} INFO - [2022-08-04 00:01:01,060] {dagbag.py:508} INFO - Filling up the DagBag from /home/ndx/Innowise tasks/Innowise_task_5/airflow_env/lib/python3.8/site-packages/airflow/example_dags/tutorial.py
[2022-08-04 00:01:01,063] {processor.py:651} INFO - DAG(s) dict_keys(['tutorial']) retrieved from /home/ndx/Innowise tasks/Innowise_task_5/airflow_env/lib/python3.8/site-packages/airflow/example_dags/tutorial.py
[2022-08-04 00:01:01,072] {logging_mixin.py:115} INFO - [2022-08-04 00:01:01,072] {dag.py:2420} INFO - Sync 1 DAGs
[2022-08-04 00:01:01,081] {logging_mixin.py:115} INFO - [2022-08-04 00:01:01,081] {dag.py:2968} INFO - Setting next_dagrun for tutorial to 2022-08-02T21:01:01.081567+00:00, run_after=2022-08-03T21:01:01.081567+00:00
[2022-08-04 00:01:01,088] {processor.py:161} INFO - Processing /home/ndx/Innowise tasks/Innowise_task_5/airflow_env/lib/python3.8/site-packages/airflow/example_dags/tutorial.py took 0.035 seconds
[2022-08-04 00:01:38,224] {processor.py:153} INFO - Started process (PID=45095) to work on /home/ndx/Innowise tasks/Innowise_task_5/airflow_env/lib/python3.8/site-packages/airflow/example_dags/tutorial.py
[2022-08-04 00:01:38,229] {processor.py:641} INFO - Processing file /home/ndx/Innowise tasks/Innowise_task_5/airflow_env/lib/python3.8/site-packages/airflow/example_dags/tutorial.py for tasks to queue
[2022-08-04 00:01:38,229] {logging_mixin.py:115} INFO - [2022-08-04 00:01:38,229] {dagbag.py:508} INFO - Filling up the DagBag from /home/ndx/Innowise tasks/Innowise_task_5/airflow_env/lib/python3.8/site-packages/airflow/example_dags/tutorial.py
[2022-08-04 00:01:38,233] {processor.py:651} INFO - DAG(s) dict_keys(['tutorial']) retrieved from /home/ndx/Innowise tasks/Innowise_task_5/airflow_env/lib/python3.8/site-packages/airflow/example_dags/tutorial.py
[2022-08-04 00:01:38,243] {logging_mixin.py:115} INFO - [2022-08-04 00:01:38,243] {dag.py:2420} INFO - Sync 1 DAGs
[2022-08-04 00:01:38,252] {logging_mixin.py:115} INFO - [2022-08-04 00:01:38,252] {dag.py:2968} INFO - Setting next_dagrun for tutorial to 2022-08-02T21:01:38.252286+00:00, run_after=2022-08-03T21:01:38.252286+00:00
[2022-08-04 00:01:38,259] {processor.py:161} INFO - Processing /home/ndx/Innowise tasks/Innowise_task_5/airflow_env/lib/python3.8/site-packages/airflow/example_dags/tutorial.py took 0.037 seconds
[2022-08-04 00:02:12,637] {processor.py:153} INFO - Started process (PID=45233) to work on /home/ndx/Innowise tasks/Innowise_task_5/airflow_env/lib/python3.8/site-packages/airflow/example_dags/tutorial.py
[2022-08-04 00:02:12,642] {processor.py:641} INFO - Processing file /home/ndx/Innowise tasks/Innowise_task_5/airflow_env/lib/python3.8/site-packages/airflow/example_dags/tutorial.py for tasks to queue
[2022-08-04 00:02:12,642] {logging_mixin.py:115} INFO - [2022-08-04 00:02:12,642] {dagbag.py:508} INFO - Filling up the DagBag from /home/ndx/Innowise tasks/Innowise_task_5/airflow_env/lib/python3.8/site-packages/airflow/example_dags/tutorial.py
[2022-08-04 00:02:12,645] {processor.py:651} INFO - DAG(s) dict_keys(['tutorial']) retrieved from /home/ndx/Innowise tasks/Innowise_task_5/airflow_env/lib/python3.8/site-packages/airflow/example_dags/tutorial.py
[2022-08-04 00:02:12,652] {logging_mixin.py:115} INFO - [2022-08-04 00:02:12,651] {dag.py:2420} INFO - Sync 1 DAGs
[2022-08-04 00:02:12,660] {logging_mixin.py:115} INFO - [2022-08-04 00:02:12,660] {dag.py:2968} INFO - Setting next_dagrun for tutorial to 2022-08-02T21:02:12.660007+00:00, run_after=2022-08-03T21:02:12.660007+00:00
[2022-08-04 00:02:12,668] {processor.py:161} INFO - Processing /home/ndx/Innowise tasks/Innowise_task_5/airflow_env/lib/python3.8/site-packages/airflow/example_dags/tutorial.py took 0.032 seconds
[2022-08-04 00:02:47,510] {processor.py:153} INFO - Started process (PID=45333) to work on /home/ndx/Innowise tasks/Innowise_task_5/airflow_env/lib/python3.8/site-packages/airflow/example_dags/tutorial.py
[2022-08-04 00:02:47,515] {processor.py:641} INFO - Processing file /home/ndx/Innowise tasks/Innowise_task_5/airflow_env/lib/python3.8/site-packages/airflow/example_dags/tutorial.py for tasks to queue
[2022-08-04 00:02:47,515] {logging_mixin.py:115} INFO - [2022-08-04 00:02:47,515] {dagbag.py:508} INFO - Filling up the DagBag from /home/ndx/Innowise tasks/Innowise_task_5/airflow_env/lib/python3.8/site-packages/airflow/example_dags/tutorial.py
[2022-08-04 00:02:47,519] {processor.py:651} INFO - DAG(s) dict_keys(['tutorial']) retrieved from /home/ndx/Innowise tasks/Innowise_task_5/airflow_env/lib/python3.8/site-packages/airflow/example_dags/tutorial.py
[2022-08-04 00:02:47,528] {logging_mixin.py:115} INFO - [2022-08-04 00:02:47,528] {dag.py:2420} INFO - Sync 1 DAGs
[2022-08-04 00:02:47,537] {logging_mixin.py:115} INFO - [2022-08-04 00:02:47,537] {dag.py:2968} INFO - Setting next_dagrun for tutorial to 2022-08-02T21:02:47.537112+00:00, run_after=2022-08-03T21:02:47.537112+00:00
[2022-08-04 00:02:47,544] {processor.py:161} INFO - Processing /home/ndx/Innowise tasks/Innowise_task_5/airflow_env/lib/python3.8/site-packages/airflow/example_dags/tutorial.py took 0.036 seconds
[2022-08-04 00:03:21,500] {processor.py:153} INFO - Started process (PID=45381) to work on /home/ndx/Innowise tasks/Innowise_task_5/airflow_env/lib/python3.8/site-packages/airflow/example_dags/tutorial.py
[2022-08-04 00:03:21,506] {processor.py:641} INFO - Processing file /home/ndx/Innowise tasks/Innowise_task_5/airflow_env/lib/python3.8/site-packages/airflow/example_dags/tutorial.py for tasks to queue
[2022-08-04 00:03:21,506] {logging_mixin.py:115} INFO - [2022-08-04 00:03:21,506] {dagbag.py:508} INFO - Filling up the DagBag from /home/ndx/Innowise tasks/Innowise_task_5/airflow_env/lib/python3.8/site-packages/airflow/example_dags/tutorial.py
[2022-08-04 00:03:21,510] {processor.py:651} INFO - DAG(s) dict_keys(['tutorial']) retrieved from /home/ndx/Innowise tasks/Innowise_task_5/airflow_env/lib/python3.8/site-packages/airflow/example_dags/tutorial.py
[2022-08-04 00:03:21,519] {logging_mixin.py:115} INFO - [2022-08-04 00:03:21,519] {dag.py:2420} INFO - Sync 1 DAGs
[2022-08-04 00:03:21,528] {logging_mixin.py:115} INFO - [2022-08-04 00:03:21,528] {dag.py:2968} INFO - Setting next_dagrun for tutorial to 2022-08-02T21:03:21.528300+00:00, run_after=2022-08-03T21:03:21.528300+00:00
[2022-08-04 00:03:21,534] {processor.py:161} INFO - Processing /home/ndx/Innowise tasks/Innowise_task_5/airflow_env/lib/python3.8/site-packages/airflow/example_dags/tutorial.py took 0.036 seconds
[2022-08-04 00:03:57,160] {processor.py:153} INFO - Started process (PID=45462) to work on /home/ndx/Innowise tasks/Innowise_task_5/airflow_env/lib/python3.8/site-packages/airflow/example_dags/tutorial.py
[2022-08-04 00:03:57,165] {processor.py:641} INFO - Processing file /home/ndx/Innowise tasks/Innowise_task_5/airflow_env/lib/python3.8/site-packages/airflow/example_dags/tutorial.py for tasks to queue
[2022-08-04 00:03:57,166] {logging_mixin.py:115} INFO - [2022-08-04 00:03:57,166] {dagbag.py:508} INFO - Filling up the DagBag from /home/ndx/Innowise tasks/Innowise_task_5/airflow_env/lib/python3.8/site-packages/airflow/example_dags/tutorial.py
[2022-08-04 00:03:57,170] {processor.py:651} INFO - DAG(s) dict_keys(['tutorial']) retrieved from /home/ndx/Innowise tasks/Innowise_task_5/airflow_env/lib/python3.8/site-packages/airflow/example_dags/tutorial.py
[2022-08-04 00:03:57,179] {logging_mixin.py:115} INFO - [2022-08-04 00:03:57,179] {dag.py:2420} INFO - Sync 1 DAGs
[2022-08-04 00:03:57,187] {logging_mixin.py:115} INFO - [2022-08-04 00:03:57,187] {dag.py:2968} INFO - Setting next_dagrun for tutorial to 2022-08-02T21:03:57.187693+00:00, run_after=2022-08-03T21:03:57.187693+00:00
[2022-08-04 00:03:57,195] {processor.py:161} INFO - Processing /home/ndx/Innowise tasks/Innowise_task_5/airflow_env/lib/python3.8/site-packages/airflow/example_dags/tutorial.py took 0.036 seconds
[2022-08-04 00:04:31,969] {processor.py:153} INFO - Started process (PID=45517) to work on /home/ndx/Innowise tasks/Innowise_task_5/airflow_env/lib/python3.8/site-packages/airflow/example_dags/tutorial.py
[2022-08-04 00:04:31,969] {processor.py:641} INFO - Processing file /home/ndx/Innowise tasks/Innowise_task_5/airflow_env/lib/python3.8/site-packages/airflow/example_dags/tutorial.py for tasks to queue
[2022-08-04 00:04:31,970] {logging_mixin.py:115} INFO - [2022-08-04 00:04:31,970] {dagbag.py:508} INFO - Filling up the DagBag from /home/ndx/Innowise tasks/Innowise_task_5/airflow_env/lib/python3.8/site-packages/airflow/example_dags/tutorial.py
[2022-08-04 00:04:31,973] {processor.py:651} INFO - DAG(s) dict_keys(['tutorial']) retrieved from /home/ndx/Innowise tasks/Innowise_task_5/airflow_env/lib/python3.8/site-packages/airflow/example_dags/tutorial.py
[2022-08-04 00:04:31,982] {logging_mixin.py:115} INFO - [2022-08-04 00:04:31,982] {dag.py:2420} INFO - Sync 1 DAGs
[2022-08-04 00:04:31,991] {logging_mixin.py:115} INFO - [2022-08-04 00:04:31,991] {dag.py:2968} INFO - Setting next_dagrun for tutorial to 2022-08-02T21:04:31.991631+00:00, run_after=2022-08-03T21:04:31.991631+00:00
[2022-08-04 00:04:31,998] {processor.py:161} INFO - Processing /home/ndx/Innowise tasks/Innowise_task_5/airflow_env/lib/python3.8/site-packages/airflow/example_dags/tutorial.py took 0.031 seconds
[2022-08-04 00:05:05,106] {processor.py:153} INFO - Started process (PID=45645) to work on /home/ndx/Innowise tasks/Innowise_task_5/airflow_env/lib/python3.8/site-packages/airflow/example_dags/tutorial.py
[2022-08-04 00:05:05,111] {processor.py:641} INFO - Processing file /home/ndx/Innowise tasks/Innowise_task_5/airflow_env/lib/python3.8/site-packages/airflow/example_dags/tutorial.py for tasks to queue
[2022-08-04 00:05:05,112] {logging_mixin.py:115} INFO - [2022-08-04 00:05:05,112] {dagbag.py:508} INFO - Filling up the DagBag from /home/ndx/Innowise tasks/Innowise_task_5/airflow_env/lib/python3.8/site-packages/airflow/example_dags/tutorial.py
[2022-08-04 00:05:05,116] {processor.py:651} INFO - DAG(s) dict_keys(['tutorial']) retrieved from /home/ndx/Innowise tasks/Innowise_task_5/airflow_env/lib/python3.8/site-packages/airflow/example_dags/tutorial.py
[2022-08-04 00:05:05,124] {logging_mixin.py:115} INFO - [2022-08-04 00:05:05,124] {dag.py:2420} INFO - Sync 1 DAGs
[2022-08-04 00:05:05,133] {logging_mixin.py:115} INFO - [2022-08-04 00:05:05,133] {dag.py:2968} INFO - Setting next_dagrun for tutorial to 2022-08-02T21:05:05.133361+00:00, run_after=2022-08-03T21:05:05.133361+00:00
[2022-08-04 00:05:05,143] {processor.py:161} INFO - Processing /home/ndx/Innowise tasks/Innowise_task_5/airflow_env/lib/python3.8/site-packages/airflow/example_dags/tutorial.py took 0.038 seconds
[2022-08-04 00:05:39,044] {processor.py:153} INFO - Started process (PID=45782) to work on /home/ndx/Innowise tasks/Innowise_task_5/airflow_env/lib/python3.8/site-packages/airflow/example_dags/tutorial.py
[2022-08-04 00:05:39,049] {processor.py:641} INFO - Processing file /home/ndx/Innowise tasks/Innowise_task_5/airflow_env/lib/python3.8/site-packages/airflow/example_dags/tutorial.py for tasks to queue
[2022-08-04 00:05:39,050] {logging_mixin.py:115} INFO - [2022-08-04 00:05:39,050] {dagbag.py:508} INFO - Filling up the DagBag from /home/ndx/Innowise tasks/Innowise_task_5/airflow_env/lib/python3.8/site-packages/airflow/example_dags/tutorial.py
[2022-08-04 00:05:39,054] {processor.py:651} INFO - DAG(s) dict_keys(['tutorial']) retrieved from /home/ndx/Innowise tasks/Innowise_task_5/airflow_env/lib/python3.8/site-packages/airflow/example_dags/tutorial.py
[2022-08-04 00:05:39,062] {logging_mixin.py:115} INFO - [2022-08-04 00:05:39,062] {dag.py:2420} INFO - Sync 1 DAGs
[2022-08-04 00:05:39,071] {logging_mixin.py:115} INFO - [2022-08-04 00:05:39,071] {dag.py:2968} INFO - Setting next_dagrun for tutorial to 2022-08-02T21:05:39.071724+00:00, run_after=2022-08-03T21:05:39.071724+00:00
[2022-08-04 00:05:39,083] {processor.py:161} INFO - Processing /home/ndx/Innowise tasks/Innowise_task_5/airflow_env/lib/python3.8/site-packages/airflow/example_dags/tutorial.py took 0.041 seconds
[2022-08-04 00:06:12,350] {processor.py:153} INFO - Started process (PID=45848) to work on /home/ndx/Innowise tasks/Innowise_task_5/airflow_env/lib/python3.8/site-packages/airflow/example_dags/tutorial.py
[2022-08-04 00:06:12,351] {processor.py:641} INFO - Processing file /home/ndx/Innowise tasks/Innowise_task_5/airflow_env/lib/python3.8/site-packages/airflow/example_dags/tutorial.py for tasks to queue
[2022-08-04 00:06:12,351] {logging_mixin.py:115} INFO - [2022-08-04 00:06:12,351] {dagbag.py:508} INFO - Filling up the DagBag from /home/ndx/Innowise tasks/Innowise_task_5/airflow_env/lib/python3.8/site-packages/airflow/example_dags/tutorial.py
[2022-08-04 00:06:12,354] {processor.py:651} INFO - DAG(s) dict_keys(['tutorial']) retrieved from /home/ndx/Innowise tasks/Innowise_task_5/airflow_env/lib/python3.8/site-packages/airflow/example_dags/tutorial.py
[2022-08-04 00:06:12,364] {logging_mixin.py:115} INFO - [2022-08-04 00:06:12,364] {dag.py:2420} INFO - Sync 1 DAGs
[2022-08-04 00:06:12,374] {logging_mixin.py:115} INFO - [2022-08-04 00:06:12,374] {dag.py:2968} INFO - Setting next_dagrun for tutorial to 2022-08-02T21:06:12.374518+00:00, run_after=2022-08-03T21:06:12.374518+00:00
[2022-08-04 00:06:12,383] {processor.py:161} INFO - Processing /home/ndx/Innowise tasks/Innowise_task_5/airflow_env/lib/python3.8/site-packages/airflow/example_dags/tutorial.py took 0.034 seconds
[2022-08-04 00:06:46,618] {processor.py:153} INFO - Started process (PID=45953) to work on /home/ndx/Innowise tasks/Innowise_task_5/airflow_env/lib/python3.8/site-packages/airflow/example_dags/tutorial.py
[2022-08-04 00:06:46,624] {processor.py:641} INFO - Processing file /home/ndx/Innowise tasks/Innowise_task_5/airflow_env/lib/python3.8/site-packages/airflow/example_dags/tutorial.py for tasks to queue
[2022-08-04 00:06:46,624] {logging_mixin.py:115} INFO - [2022-08-04 00:06:46,624] {dagbag.py:508} INFO - Filling up the DagBag from /home/ndx/Innowise tasks/Innowise_task_5/airflow_env/lib/python3.8/site-packages/airflow/example_dags/tutorial.py
[2022-08-04 00:06:46,628] {processor.py:651} INFO - DAG(s) dict_keys(['tutorial']) retrieved from /home/ndx/Innowise tasks/Innowise_task_5/airflow_env/lib/python3.8/site-packages/airflow/example_dags/tutorial.py
[2022-08-04 00:06:46,637] {logging_mixin.py:115} INFO - [2022-08-04 00:06:46,637] {dag.py:2420} INFO - Sync 1 DAGs
[2022-08-04 00:06:46,646] {logging_mixin.py:115} INFO - [2022-08-04 00:06:46,646] {dag.py:2968} INFO - Setting next_dagrun for tutorial to 2022-08-02T21:06:46.646691+00:00, run_after=2022-08-03T21:06:46.646691+00:00
[2022-08-04 00:06:46,654] {processor.py:161} INFO - Processing /home/ndx/Innowise tasks/Innowise_task_5/airflow_env/lib/python3.8/site-packages/airflow/example_dags/tutorial.py took 0.037 seconds
[2022-08-04 00:07:20,399] {processor.py:153} INFO - Started process (PID=46025) to work on /home/ndx/Innowise tasks/Innowise_task_5/airflow_env/lib/python3.8/site-packages/airflow/example_dags/tutorial.py
[2022-08-04 00:07:20,405] {processor.py:641} INFO - Processing file /home/ndx/Innowise tasks/Innowise_task_5/airflow_env/lib/python3.8/site-packages/airflow/example_dags/tutorial.py for tasks to queue
[2022-08-04 00:07:20,405] {logging_mixin.py:115} INFO - [2022-08-04 00:07:20,405] {dagbag.py:508} INFO - Filling up the DagBag from /home/ndx/Innowise tasks/Innowise_task_5/airflow_env/lib/python3.8/site-packages/airflow/example_dags/tutorial.py
[2022-08-04 00:07:20,409] {processor.py:651} INFO - DAG(s) dict_keys(['tutorial']) retrieved from /home/ndx/Innowise tasks/Innowise_task_5/airflow_env/lib/python3.8/site-packages/airflow/example_dags/tutorial.py
[2022-08-04 00:07:20,418] {logging_mixin.py:115} INFO - [2022-08-04 00:07:20,418] {dag.py:2420} INFO - Sync 1 DAGs
[2022-08-04 00:07:20,428] {logging_mixin.py:115} INFO - [2022-08-04 00:07:20,428] {dag.py:2968} INFO - Setting next_dagrun for tutorial to 2022-08-02T21:07:20.428168+00:00, run_after=2022-08-03T21:07:20.428168+00:00
[2022-08-04 00:07:20,436] {processor.py:161} INFO - Processing /home/ndx/Innowise tasks/Innowise_task_5/airflow_env/lib/python3.8/site-packages/airflow/example_dags/tutorial.py took 0.039 seconds
[2022-08-04 00:07:53,870] {processor.py:153} INFO - Started process (PID=46098) to work on /home/ndx/Innowise tasks/Innowise_task_5/airflow_env/lib/python3.8/site-packages/airflow/example_dags/tutorial.py
[2022-08-04 00:07:53,876] {processor.py:641} INFO - Processing file /home/ndx/Innowise tasks/Innowise_task_5/airflow_env/lib/python3.8/site-packages/airflow/example_dags/tutorial.py for tasks to queue
[2022-08-04 00:07:53,876] {logging_mixin.py:115} INFO - [2022-08-04 00:07:53,876] {dagbag.py:508} INFO - Filling up the DagBag from /home/ndx/Innowise tasks/Innowise_task_5/airflow_env/lib/python3.8/site-packages/airflow/example_dags/tutorial.py
[2022-08-04 00:07:53,880] {processor.py:651} INFO - DAG(s) dict_keys(['tutorial']) retrieved from /home/ndx/Innowise tasks/Innowise_task_5/airflow_env/lib/python3.8/site-packages/airflow/example_dags/tutorial.py
[2022-08-04 00:07:53,888] {logging_mixin.py:115} INFO - [2022-08-04 00:07:53,888] {dag.py:2420} INFO - Sync 1 DAGs
[2022-08-04 00:07:53,898] {logging_mixin.py:115} INFO - [2022-08-04 00:07:53,898] {dag.py:2968} INFO - Setting next_dagrun for tutorial to 2022-08-02T21:07:53.897938+00:00, run_after=2022-08-03T21:07:53.897938+00:00
[2022-08-04 00:07:53,906] {processor.py:161} INFO - Processing /home/ndx/Innowise tasks/Innowise_task_5/airflow_env/lib/python3.8/site-packages/airflow/example_dags/tutorial.py took 0.037 seconds
[2022-08-04 00:08:27,785] {processor.py:153} INFO - Started process (PID=46156) to work on /home/ndx/Innowise tasks/Innowise_task_5/airflow_env/lib/python3.8/site-packages/airflow/example_dags/tutorial.py
[2022-08-04 00:08:27,790] {processor.py:641} INFO - Processing file /home/ndx/Innowise tasks/Innowise_task_5/airflow_env/lib/python3.8/site-packages/airflow/example_dags/tutorial.py for tasks to queue
[2022-08-04 00:08:27,791] {logging_mixin.py:115} INFO - [2022-08-04 00:08:27,791] {dagbag.py:508} INFO - Filling up the DagBag from /home/ndx/Innowise tasks/Innowise_task_5/airflow_env/lib/python3.8/site-packages/airflow/example_dags/tutorial.py
[2022-08-04 00:08:27,794] {processor.py:651} INFO - DAG(s) dict_keys(['tutorial']) retrieved from /home/ndx/Innowise tasks/Innowise_task_5/airflow_env/lib/python3.8/site-packages/airflow/example_dags/tutorial.py
[2022-08-04 00:08:27,803] {logging_mixin.py:115} INFO - [2022-08-04 00:08:27,803] {dag.py:2420} INFO - Sync 1 DAGs
[2022-08-04 00:08:27,812] {logging_mixin.py:115} INFO - [2022-08-04 00:08:27,812] {dag.py:2968} INFO - Setting next_dagrun for tutorial to 2022-08-02T21:08:27.812545+00:00, run_after=2022-08-03T21:08:27.812545+00:00
[2022-08-04 00:08:27,820] {processor.py:161} INFO - Processing /home/ndx/Innowise tasks/Innowise_task_5/airflow_env/lib/python3.8/site-packages/airflow/example_dags/tutorial.py took 0.037 seconds
[2022-08-04 00:09:00,867] {processor.py:153} INFO - Started process (PID=46289) to work on /home/ndx/Innowise tasks/Innowise_task_5/airflow_env/lib/python3.8/site-packages/airflow/example_dags/tutorial.py
[2022-08-04 00:09:00,872] {processor.py:641} INFO - Processing file /home/ndx/Innowise tasks/Innowise_task_5/airflow_env/lib/python3.8/site-packages/airflow/example_dags/tutorial.py for tasks to queue
[2022-08-04 00:09:00,873] {logging_mixin.py:115} INFO - [2022-08-04 00:09:00,872] {dagbag.py:508} INFO - Filling up the DagBag from /home/ndx/Innowise tasks/Innowise_task_5/airflow_env/lib/python3.8/site-packages/airflow/example_dags/tutorial.py
[2022-08-04 00:09:00,876] {processor.py:651} INFO - DAG(s) dict_keys(['tutorial']) retrieved from /home/ndx/Innowise tasks/Innowise_task_5/airflow_env/lib/python3.8/site-packages/airflow/example_dags/tutorial.py
[2022-08-04 00:09:00,885] {logging_mixin.py:115} INFO - [2022-08-04 00:09:00,885] {dag.py:2420} INFO - Sync 1 DAGs
[2022-08-04 00:09:00,894] {logging_mixin.py:115} INFO - [2022-08-04 00:09:00,894] {dag.py:2968} INFO - Setting next_dagrun for tutorial to 2022-08-02T21:09:00.894324+00:00, run_after=2022-08-03T21:09:00.894324+00:00
[2022-08-04 00:09:00,905] {processor.py:161} INFO - Processing /home/ndx/Innowise tasks/Innowise_task_5/airflow_env/lib/python3.8/site-packages/airflow/example_dags/tutorial.py took 0.040 seconds
[2022-08-04 00:09:40,808] {processor.py:153} INFO - Started process (PID=46376) to work on /home/ndx/Innowise tasks/Innowise_task_5/airflow_env/lib/python3.8/site-packages/airflow/example_dags/tutorial.py
[2022-08-04 00:09:40,814] {processor.py:641} INFO - Processing file /home/ndx/Innowise tasks/Innowise_task_5/airflow_env/lib/python3.8/site-packages/airflow/example_dags/tutorial.py for tasks to queue
[2022-08-04 00:09:40,815] {logging_mixin.py:115} INFO - [2022-08-04 00:09:40,814] {dagbag.py:508} INFO - Filling up the DagBag from /home/ndx/Innowise tasks/Innowise_task_5/airflow_env/lib/python3.8/site-packages/airflow/example_dags/tutorial.py
[2022-08-04 00:09:40,819] {processor.py:651} INFO - DAG(s) dict_keys(['tutorial']) retrieved from /home/ndx/Innowise tasks/Innowise_task_5/airflow_env/lib/python3.8/site-packages/airflow/example_dags/tutorial.py
[2022-08-04 00:09:40,828] {logging_mixin.py:115} INFO - [2022-08-04 00:09:40,828] {dag.py:2420} INFO - Sync 1 DAGs
[2022-08-04 00:09:40,837] {logging_mixin.py:115} INFO - [2022-08-04 00:09:40,837] {dag.py:2968} INFO - Setting next_dagrun for tutorial to 2022-08-02T21:09:40.837469+00:00, run_after=2022-08-03T21:09:40.837469+00:00
[2022-08-04 00:09:40,846] {processor.py:161} INFO - Processing /home/ndx/Innowise tasks/Innowise_task_5/airflow_env/lib/python3.8/site-packages/airflow/example_dags/tutorial.py took 0.039 seconds
[2022-08-04 00:10:12,252] {processor.py:153} INFO - Started process (PID=46445) to work on /home/ndx/Innowise tasks/Innowise_task_5/airflow_env/lib/python3.8/site-packages/airflow/example_dags/tutorial.py
[2022-08-04 00:10:12,258] {processor.py:641} INFO - Processing file /home/ndx/Innowise tasks/Innowise_task_5/airflow_env/lib/python3.8/site-packages/airflow/example_dags/tutorial.py for tasks to queue
[2022-08-04 00:10:12,259] {logging_mixin.py:115} INFO - [2022-08-04 00:10:12,258] {dagbag.py:508} INFO - Filling up the DagBag from /home/ndx/Innowise tasks/Innowise_task_5/airflow_env/lib/python3.8/site-packages/airflow/example_dags/tutorial.py
[2022-08-04 00:10:12,262] {processor.py:651} INFO - DAG(s) dict_keys(['tutorial']) retrieved from /home/ndx/Innowise tasks/Innowise_task_5/airflow_env/lib/python3.8/site-packages/airflow/example_dags/tutorial.py
[2022-08-04 00:10:12,272] {logging_mixin.py:115} INFO - [2022-08-04 00:10:12,271] {dag.py:2420} INFO - Sync 1 DAGs
[2022-08-04 00:10:12,281] {logging_mixin.py:115} INFO - [2022-08-04 00:10:12,281] {dag.py:2968} INFO - Setting next_dagrun for tutorial to 2022-08-02T21:10:12.281056+00:00, run_after=2022-08-03T21:10:12.281056+00:00
[2022-08-04 00:10:12,290] {processor.py:161} INFO - Processing /home/ndx/Innowise tasks/Innowise_task_5/airflow_env/lib/python3.8/site-packages/airflow/example_dags/tutorial.py took 0.040 seconds
[2022-08-04 00:10:46,501] {processor.py:153} INFO - Started process (PID=46550) to work on /home/ndx/Innowise tasks/Innowise_task_5/airflow_env/lib/python3.8/site-packages/airflow/example_dags/tutorial.py
[2022-08-04 00:10:46,506] {processor.py:641} INFO - Processing file /home/ndx/Innowise tasks/Innowise_task_5/airflow_env/lib/python3.8/site-packages/airflow/example_dags/tutorial.py for tasks to queue
[2022-08-04 00:10:46,507] {logging_mixin.py:115} INFO - [2022-08-04 00:10:46,507] {dagbag.py:508} INFO - Filling up the DagBag from /home/ndx/Innowise tasks/Innowise_task_5/airflow_env/lib/python3.8/site-packages/airflow/example_dags/tutorial.py
[2022-08-04 00:10:46,511] {processor.py:651} INFO - DAG(s) dict_keys(['tutorial']) retrieved from /home/ndx/Innowise tasks/Innowise_task_5/airflow_env/lib/python3.8/site-packages/airflow/example_dags/tutorial.py
[2022-08-04 00:10:46,519] {logging_mixin.py:115} INFO - [2022-08-04 00:10:46,519] {dag.py:2420} INFO - Sync 1 DAGs
[2022-08-04 00:10:46,527] {logging_mixin.py:115} INFO - [2022-08-04 00:10:46,527] {dag.py:2968} INFO - Setting next_dagrun for tutorial to 2022-08-02T21:10:46.527749+00:00, run_after=2022-08-03T21:10:46.527749+00:00
[2022-08-04 00:10:46,535] {processor.py:161} INFO - Processing /home/ndx/Innowise tasks/Innowise_task_5/airflow_env/lib/python3.8/site-packages/airflow/example_dags/tutorial.py took 0.036 seconds
[2022-08-04 00:11:20,190] {processor.py:153} INFO - Started process (PID=46620) to work on /home/ndx/Innowise tasks/Innowise_task_5/airflow_env/lib/python3.8/site-packages/airflow/example_dags/tutorial.py
[2022-08-04 00:11:20,195] {processor.py:641} INFO - Processing file /home/ndx/Innowise tasks/Innowise_task_5/airflow_env/lib/python3.8/site-packages/airflow/example_dags/tutorial.py for tasks to queue
[2022-08-04 00:11:20,195] {logging_mixin.py:115} INFO - [2022-08-04 00:11:20,195] {dagbag.py:508} INFO - Filling up the DagBag from /home/ndx/Innowise tasks/Innowise_task_5/airflow_env/lib/python3.8/site-packages/airflow/example_dags/tutorial.py
[2022-08-04 00:11:20,199] {processor.py:651} INFO - DAG(s) dict_keys(['tutorial']) retrieved from /home/ndx/Innowise tasks/Innowise_task_5/airflow_env/lib/python3.8/site-packages/airflow/example_dags/tutorial.py
[2022-08-04 00:11:20,209] {logging_mixin.py:115} INFO - [2022-08-04 00:11:20,209] {dag.py:2420} INFO - Sync 1 DAGs
[2022-08-04 00:11:20,219] {logging_mixin.py:115} INFO - [2022-08-04 00:11:20,219] {dag.py:2968} INFO - Setting next_dagrun for tutorial to 2022-08-02T21:11:20.218806+00:00, run_after=2022-08-03T21:11:20.218806+00:00
[2022-08-04 00:11:20,227] {processor.py:161} INFO - Processing /home/ndx/Innowise tasks/Innowise_task_5/airflow_env/lib/python3.8/site-packages/airflow/example_dags/tutorial.py took 0.040 seconds
[2022-08-04 00:11:54,153] {processor.py:153} INFO - Started process (PID=46678) to work on /home/ndx/Innowise tasks/Innowise_task_5/airflow_env/lib/python3.8/site-packages/airflow/example_dags/tutorial.py
[2022-08-04 00:11:54,158] {processor.py:641} INFO - Processing file /home/ndx/Innowise tasks/Innowise_task_5/airflow_env/lib/python3.8/site-packages/airflow/example_dags/tutorial.py for tasks to queue
[2022-08-04 00:11:54,159] {logging_mixin.py:115} INFO - [2022-08-04 00:11:54,159] {dagbag.py:508} INFO - Filling up the DagBag from /home/ndx/Innowise tasks/Innowise_task_5/airflow_env/lib/python3.8/site-packages/airflow/example_dags/tutorial.py
[2022-08-04 00:11:54,163] {processor.py:651} INFO - DAG(s) dict_keys(['tutorial']) retrieved from /home/ndx/Innowise tasks/Innowise_task_5/airflow_env/lib/python3.8/site-packages/airflow/example_dags/tutorial.py
[2022-08-04 00:11:54,171] {logging_mixin.py:115} INFO - [2022-08-04 00:11:54,171] {dag.py:2420} INFO - Sync 1 DAGs
[2022-08-04 00:11:54,180] {logging_mixin.py:115} INFO - [2022-08-04 00:11:54,180] {dag.py:2968} INFO - Setting next_dagrun for tutorial to 2022-08-02T21:11:54.180304+00:00, run_after=2022-08-03T21:11:54.180304+00:00
[2022-08-04 00:11:54,188] {processor.py:161} INFO - Processing /home/ndx/Innowise tasks/Innowise_task_5/airflow_env/lib/python3.8/site-packages/airflow/example_dags/tutorial.py took 0.037 seconds
[2022-08-04 00:12:28,723] {processor.py:153} INFO - Started process (PID=46733) to work on /home/ndx/Innowise tasks/Innowise_task_5/airflow_env/lib/python3.8/site-packages/airflow/example_dags/tutorial.py
[2022-08-04 00:12:28,728] {processor.py:641} INFO - Processing file /home/ndx/Innowise tasks/Innowise_task_5/airflow_env/lib/python3.8/site-packages/airflow/example_dags/tutorial.py for tasks to queue
[2022-08-04 00:12:28,729] {logging_mixin.py:115} INFO - [2022-08-04 00:12:28,729] {dagbag.py:508} INFO - Filling up the DagBag from /home/ndx/Innowise tasks/Innowise_task_5/airflow_env/lib/python3.8/site-packages/airflow/example_dags/tutorial.py
[2022-08-04 00:12:28,733] {processor.py:651} INFO - DAG(s) dict_keys(['tutorial']) retrieved from /home/ndx/Innowise tasks/Innowise_task_5/airflow_env/lib/python3.8/site-packages/airflow/example_dags/tutorial.py
[2022-08-04 00:12:28,742] {logging_mixin.py:115} INFO - [2022-08-04 00:12:28,741] {dag.py:2420} INFO - Sync 1 DAGs
[2022-08-04 00:12:28,751] {logging_mixin.py:115} INFO - [2022-08-04 00:12:28,751] {dag.py:2968} INFO - Setting next_dagrun for tutorial to 2022-08-02T21:12:28.750842+00:00, run_after=2022-08-03T21:12:28.750842+00:00
[2022-08-04 00:12:28,759] {processor.py:161} INFO - Processing /home/ndx/Innowise tasks/Innowise_task_5/airflow_env/lib/python3.8/site-packages/airflow/example_dags/tutorial.py took 0.038 seconds
[2022-08-04 00:13:02,967] {processor.py:153} INFO - Started process (PID=46804) to work on /home/ndx/Innowise tasks/Innowise_task_5/airflow_env/lib/python3.8/site-packages/airflow/example_dags/tutorial.py
[2022-08-04 00:13:02,973] {processor.py:641} INFO - Processing file /home/ndx/Innowise tasks/Innowise_task_5/airflow_env/lib/python3.8/site-packages/airflow/example_dags/tutorial.py for tasks to queue
[2022-08-04 00:13:02,973] {logging_mixin.py:115} INFO - [2022-08-04 00:13:02,973] {dagbag.py:508} INFO - Filling up the DagBag from /home/ndx/Innowise tasks/Innowise_task_5/airflow_env/lib/python3.8/site-packages/airflow/example_dags/tutorial.py
[2022-08-04 00:13:02,977] {processor.py:651} INFO - DAG(s) dict_keys(['tutorial']) retrieved from /home/ndx/Innowise tasks/Innowise_task_5/airflow_env/lib/python3.8/site-packages/airflow/example_dags/tutorial.py
[2022-08-04 00:13:02,987] {logging_mixin.py:115} INFO - [2022-08-04 00:13:02,987] {dag.py:2420} INFO - Sync 1 DAGs
[2022-08-04 00:13:02,997] {logging_mixin.py:115} INFO - [2022-08-04 00:13:02,997] {dag.py:2968} INFO - Setting next_dagrun for tutorial to 2022-08-02T21:13:02.997596+00:00, run_after=2022-08-03T21:13:02.997596+00:00
[2022-08-04 00:13:03,006] {processor.py:161} INFO - Processing /home/ndx/Innowise tasks/Innowise_task_5/airflow_env/lib/python3.8/site-packages/airflow/example_dags/tutorial.py took 0.040 seconds
[2022-08-04 00:13:36,656] {processor.py:153} INFO - Started process (PID=46917) to work on /home/ndx/Innowise tasks/Innowise_task_5/airflow_env/lib/python3.8/site-packages/airflow/example_dags/tutorial.py
[2022-08-04 00:13:36,661] {processor.py:641} INFO - Processing file /home/ndx/Innowise tasks/Innowise_task_5/airflow_env/lib/python3.8/site-packages/airflow/example_dags/tutorial.py for tasks to queue
[2022-08-04 00:13:36,662] {logging_mixin.py:115} INFO - [2022-08-04 00:13:36,662] {dagbag.py:508} INFO - Filling up the DagBag from /home/ndx/Innowise tasks/Innowise_task_5/airflow_env/lib/python3.8/site-packages/airflow/example_dags/tutorial.py
[2022-08-04 00:13:36,666] {processor.py:651} INFO - DAG(s) dict_keys(['tutorial']) retrieved from /home/ndx/Innowise tasks/Innowise_task_5/airflow_env/lib/python3.8/site-packages/airflow/example_dags/tutorial.py
[2022-08-04 00:13:36,675] {logging_mixin.py:115} INFO - [2022-08-04 00:13:36,675] {dag.py:2420} INFO - Sync 1 DAGs
[2022-08-04 00:13:36,684] {logging_mixin.py:115} INFO - [2022-08-04 00:13:36,684] {dag.py:2968} INFO - Setting next_dagrun for tutorial to 2022-08-02T21:13:36.684207+00:00, run_after=2022-08-03T21:13:36.684207+00:00
[2022-08-04 00:13:36,692] {processor.py:161} INFO - Processing /home/ndx/Innowise tasks/Innowise_task_5/airflow_env/lib/python3.8/site-packages/airflow/example_dags/tutorial.py took 0.037 seconds
[2022-08-04 00:14:09,784] {processor.py:153} INFO - Started process (PID=46970) to work on /home/ndx/Innowise tasks/Innowise_task_5/airflow_env/lib/python3.8/site-packages/airflow/example_dags/tutorial.py
[2022-08-04 00:14:09,789] {processor.py:641} INFO - Processing file /home/ndx/Innowise tasks/Innowise_task_5/airflow_env/lib/python3.8/site-packages/airflow/example_dags/tutorial.py for tasks to queue
[2022-08-04 00:14:09,790] {logging_mixin.py:115} INFO - [2022-08-04 00:14:09,790] {dagbag.py:508} INFO - Filling up the DagBag from /home/ndx/Innowise tasks/Innowise_task_5/airflow_env/lib/python3.8/site-packages/airflow/example_dags/tutorial.py
[2022-08-04 00:14:09,794] {processor.py:651} INFO - DAG(s) dict_keys(['tutorial']) retrieved from /home/ndx/Innowise tasks/Innowise_task_5/airflow_env/lib/python3.8/site-packages/airflow/example_dags/tutorial.py
[2022-08-04 00:14:09,802] {logging_mixin.py:115} INFO - [2022-08-04 00:14:09,802] {dag.py:2420} INFO - Sync 1 DAGs
[2022-08-04 00:14:09,812] {logging_mixin.py:115} INFO - [2022-08-04 00:14:09,812] {dag.py:2968} INFO - Setting next_dagrun for tutorial to 2022-08-02T21:14:09.812008+00:00, run_after=2022-08-03T21:14:09.812008+00:00
[2022-08-04 00:14:09,821] {processor.py:161} INFO - Processing /home/ndx/Innowise tasks/Innowise_task_5/airflow_env/lib/python3.8/site-packages/airflow/example_dags/tutorial.py took 0.039 seconds
[2022-08-04 00:14:44,804] {processor.py:153} INFO - Started process (PID=47110) to work on /home/ndx/Innowise tasks/Innowise_task_5/airflow_env/lib/python3.8/site-packages/airflow/example_dags/tutorial.py
[2022-08-04 00:14:44,809] {processor.py:641} INFO - Processing file /home/ndx/Innowise tasks/Innowise_task_5/airflow_env/lib/python3.8/site-packages/airflow/example_dags/tutorial.py for tasks to queue
[2022-08-04 00:14:44,810] {logging_mixin.py:115} INFO - [2022-08-04 00:14:44,810] {dagbag.py:508} INFO - Filling up the DagBag from /home/ndx/Innowise tasks/Innowise_task_5/airflow_env/lib/python3.8/site-packages/airflow/example_dags/tutorial.py
[2022-08-04 00:14:44,814] {processor.py:651} INFO - DAG(s) dict_keys(['tutorial']) retrieved from /home/ndx/Innowise tasks/Innowise_task_5/airflow_env/lib/python3.8/site-packages/airflow/example_dags/tutorial.py
[2022-08-04 00:14:44,822] {logging_mixin.py:115} INFO - [2022-08-04 00:14:44,822] {dag.py:2420} INFO - Sync 1 DAGs
[2022-08-04 00:14:44,831] {logging_mixin.py:115} INFO - [2022-08-04 00:14:44,831] {dag.py:2968} INFO - Setting next_dagrun for tutorial to 2022-08-02T21:14:44.831321+00:00, run_after=2022-08-03T21:14:44.831321+00:00
[2022-08-04 00:14:44,840] {processor.py:161} INFO - Processing /home/ndx/Innowise tasks/Innowise_task_5/airflow_env/lib/python3.8/site-packages/airflow/example_dags/tutorial.py took 0.038 seconds
[2022-08-04 00:15:22,843] {processor.py:153} INFO - Started process (PID=47221) to work on /home/ndx/Innowise tasks/Innowise_task_5/airflow_env/lib/python3.8/site-packages/airflow/example_dags/tutorial.py
[2022-08-04 00:15:22,848] {processor.py:641} INFO - Processing file /home/ndx/Innowise tasks/Innowise_task_5/airflow_env/lib/python3.8/site-packages/airflow/example_dags/tutorial.py for tasks to queue
[2022-08-04 00:15:22,848] {logging_mixin.py:115} INFO - [2022-08-04 00:15:22,848] {dagbag.py:508} INFO - Filling up the DagBag from /home/ndx/Innowise tasks/Innowise_task_5/airflow_env/lib/python3.8/site-packages/airflow/example_dags/tutorial.py
[2022-08-04 00:15:22,852] {processor.py:651} INFO - DAG(s) dict_keys(['tutorial']) retrieved from /home/ndx/Innowise tasks/Innowise_task_5/airflow_env/lib/python3.8/site-packages/airflow/example_dags/tutorial.py
[2022-08-04 00:15:22,861] {logging_mixin.py:115} INFO - [2022-08-04 00:15:22,861] {dag.py:2420} INFO - Sync 1 DAGs
[2022-08-04 00:15:22,870] {logging_mixin.py:115} INFO - [2022-08-04 00:15:22,870] {dag.py:2968} INFO - Setting next_dagrun for tutorial to 2022-08-02T21:15:22.870209+00:00, run_after=2022-08-03T21:15:22.870209+00:00
[2022-08-04 00:15:22,879] {processor.py:161} INFO - Processing /home/ndx/Innowise tasks/Innowise_task_5/airflow_env/lib/python3.8/site-packages/airflow/example_dags/tutorial.py took 0.038 seconds
[2022-08-04 00:15:57,378] {processor.py:153} INFO - Started process (PID=47259) to work on /home/ndx/Innowise tasks/Innowise_task_5/airflow_env/lib/python3.8/site-packages/airflow/example_dags/tutorial.py
[2022-08-04 00:15:57,383] {processor.py:641} INFO - Processing file /home/ndx/Innowise tasks/Innowise_task_5/airflow_env/lib/python3.8/site-packages/airflow/example_dags/tutorial.py for tasks to queue
[2022-08-04 00:15:57,384] {logging_mixin.py:115} INFO - [2022-08-04 00:15:57,384] {dagbag.py:508} INFO - Filling up the DagBag from /home/ndx/Innowise tasks/Innowise_task_5/airflow_env/lib/python3.8/site-packages/airflow/example_dags/tutorial.py
[2022-08-04 00:15:57,387] {processor.py:651} INFO - DAG(s) dict_keys(['tutorial']) retrieved from /home/ndx/Innowise tasks/Innowise_task_5/airflow_env/lib/python3.8/site-packages/airflow/example_dags/tutorial.py
[2022-08-04 00:15:57,396] {logging_mixin.py:115} INFO - [2022-08-04 00:15:57,396] {dag.py:2420} INFO - Sync 1 DAGs
[2022-08-04 00:15:57,405] {logging_mixin.py:115} INFO - [2022-08-04 00:15:57,405] {dag.py:2968} INFO - Setting next_dagrun for tutorial to 2022-08-02T21:15:57.404839+00:00, run_after=2022-08-03T21:15:57.404839+00:00
[2022-08-04 00:15:57,414] {processor.py:161} INFO - Processing /home/ndx/Innowise tasks/Innowise_task_5/airflow_env/lib/python3.8/site-packages/airflow/example_dags/tutorial.py took 0.037 seconds
[2022-08-04 00:16:30,345] {processor.py:153} INFO - Started process (PID=47339) to work on /home/ndx/Innowise tasks/Innowise_task_5/airflow_env/lib/python3.8/site-packages/airflow/example_dags/tutorial.py
[2022-08-04 00:16:30,350] {processor.py:641} INFO - Processing file /home/ndx/Innowise tasks/Innowise_task_5/airflow_env/lib/python3.8/site-packages/airflow/example_dags/tutorial.py for tasks to queue
[2022-08-04 00:16:30,351] {logging_mixin.py:115} INFO - [2022-08-04 00:16:30,351] {dagbag.py:508} INFO - Filling up the DagBag from /home/ndx/Innowise tasks/Innowise_task_5/airflow_env/lib/python3.8/site-packages/airflow/example_dags/tutorial.py
[2022-08-04 00:16:30,354] {processor.py:651} INFO - DAG(s) dict_keys(['tutorial']) retrieved from /home/ndx/Innowise tasks/Innowise_task_5/airflow_env/lib/python3.8/site-packages/airflow/example_dags/tutorial.py
[2022-08-04 00:16:30,363] {logging_mixin.py:115} INFO - [2022-08-04 00:16:30,363] {dag.py:2420} INFO - Sync 1 DAGs
[2022-08-04 00:16:30,372] {logging_mixin.py:115} INFO - [2022-08-04 00:16:30,372] {dag.py:2968} INFO - Setting next_dagrun for tutorial to 2022-08-02T21:16:30.372400+00:00, run_after=2022-08-03T21:16:30.372400+00:00
[2022-08-04 00:16:30,380] {processor.py:161} INFO - Processing /home/ndx/Innowise tasks/Innowise_task_5/airflow_env/lib/python3.8/site-packages/airflow/example_dags/tutorial.py took 0.036 seconds
[2022-08-04 00:17:05,746] {processor.py:153} INFO - Started process (PID=47439) to work on /home/ndx/Innowise tasks/Innowise_task_5/airflow_env/lib/python3.8/site-packages/airflow/example_dags/tutorial.py
[2022-08-04 00:17:05,751] {processor.py:641} INFO - Processing file /home/ndx/Innowise tasks/Innowise_task_5/airflow_env/lib/python3.8/site-packages/airflow/example_dags/tutorial.py for tasks to queue
[2022-08-04 00:17:05,752] {logging_mixin.py:115} INFO - [2022-08-04 00:17:05,752] {dagbag.py:508} INFO - Filling up the DagBag from /home/ndx/Innowise tasks/Innowise_task_5/airflow_env/lib/python3.8/site-packages/airflow/example_dags/tutorial.py
[2022-08-04 00:17:05,756] {processor.py:651} INFO - DAG(s) dict_keys(['tutorial']) retrieved from /home/ndx/Innowise tasks/Innowise_task_5/airflow_env/lib/python3.8/site-packages/airflow/example_dags/tutorial.py
[2022-08-04 00:17:05,764] {logging_mixin.py:115} INFO - [2022-08-04 00:17:05,764] {dag.py:2420} INFO - Sync 1 DAGs
[2022-08-04 00:17:05,773] {logging_mixin.py:115} INFO - [2022-08-04 00:17:05,772] {dag.py:2968} INFO - Setting next_dagrun for tutorial to 2022-08-02T21:17:05.772806+00:00, run_after=2022-08-03T21:17:05.772806+00:00
[2022-08-04 00:17:05,780] {processor.py:161} INFO - Processing /home/ndx/Innowise tasks/Innowise_task_5/airflow_env/lib/python3.8/site-packages/airflow/example_dags/tutorial.py took 0.036 seconds
[2022-08-04 00:17:41,063] {processor.py:153} INFO - Started process (PID=47503) to work on /home/ndx/Innowise tasks/Innowise_task_5/airflow_env/lib/python3.8/site-packages/airflow/example_dags/tutorial.py
[2022-08-04 00:17:41,068] {processor.py:641} INFO - Processing file /home/ndx/Innowise tasks/Innowise_task_5/airflow_env/lib/python3.8/site-packages/airflow/example_dags/tutorial.py for tasks to queue
[2022-08-04 00:17:41,069] {logging_mixin.py:115} INFO - [2022-08-04 00:17:41,069] {dagbag.py:508} INFO - Filling up the DagBag from /home/ndx/Innowise tasks/Innowise_task_5/airflow_env/lib/python3.8/site-packages/airflow/example_dags/tutorial.py
[2022-08-04 00:17:41,072] {processor.py:651} INFO - DAG(s) dict_keys(['tutorial']) retrieved from /home/ndx/Innowise tasks/Innowise_task_5/airflow_env/lib/python3.8/site-packages/airflow/example_dags/tutorial.py
[2022-08-04 00:17:41,083] {logging_mixin.py:115} INFO - [2022-08-04 00:17:41,083] {dag.py:2420} INFO - Sync 1 DAGs
[2022-08-04 00:17:41,092] {logging_mixin.py:115} INFO - [2022-08-04 00:17:41,092] {dag.py:2968} INFO - Setting next_dagrun for tutorial to 2022-08-02T21:17:41.092536+00:00, run_after=2022-08-03T21:17:41.092536+00:00
[2022-08-04 00:17:41,100] {processor.py:161} INFO - Processing /home/ndx/Innowise tasks/Innowise_task_5/airflow_env/lib/python3.8/site-packages/airflow/example_dags/tutorial.py took 0.039 seconds
[2022-08-04 00:18:20,313] {processor.py:153} INFO - Started process (PID=47583) to work on /home/ndx/Innowise tasks/Innowise_task_5/airflow_env/lib/python3.8/site-packages/airflow/example_dags/tutorial.py
[2022-08-04 00:18:20,318] {processor.py:641} INFO - Processing file /home/ndx/Innowise tasks/Innowise_task_5/airflow_env/lib/python3.8/site-packages/airflow/example_dags/tutorial.py for tasks to queue
[2022-08-04 00:18:20,319] {logging_mixin.py:115} INFO - [2022-08-04 00:18:20,319] {dagbag.py:508} INFO - Filling up the DagBag from /home/ndx/Innowise tasks/Innowise_task_5/airflow_env/lib/python3.8/site-packages/airflow/example_dags/tutorial.py
[2022-08-04 00:18:20,322] {processor.py:651} INFO - DAG(s) dict_keys(['tutorial']) retrieved from /home/ndx/Innowise tasks/Innowise_task_5/airflow_env/lib/python3.8/site-packages/airflow/example_dags/tutorial.py
[2022-08-04 00:18:20,331] {logging_mixin.py:115} INFO - [2022-08-04 00:18:20,331] {dag.py:2420} INFO - Sync 1 DAGs
[2022-08-04 00:18:20,340] {logging_mixin.py:115} INFO - [2022-08-04 00:18:20,340] {dag.py:2968} INFO - Setting next_dagrun for tutorial to 2022-08-02T21:18:20.340398+00:00, run_after=2022-08-03T21:18:20.340398+00:00
[2022-08-04 00:18:20,349] {processor.py:161} INFO - Processing /home/ndx/Innowise tasks/Innowise_task_5/airflow_env/lib/python3.8/site-packages/airflow/example_dags/tutorial.py took 0.038 seconds
[2022-08-04 00:18:54,004] {processor.py:153} INFO - Started process (PID=47624) to work on /home/ndx/Innowise tasks/Innowise_task_5/airflow_env/lib/python3.8/site-packages/airflow/example_dags/tutorial.py
[2022-08-04 00:18:54,010] {processor.py:641} INFO - Processing file /home/ndx/Innowise tasks/Innowise_task_5/airflow_env/lib/python3.8/site-packages/airflow/example_dags/tutorial.py for tasks to queue
[2022-08-04 00:18:54,010] {logging_mixin.py:115} INFO - [2022-08-04 00:18:54,010] {dagbag.py:508} INFO - Filling up the DagBag from /home/ndx/Innowise tasks/Innowise_task_5/airflow_env/lib/python3.8/site-packages/airflow/example_dags/tutorial.py
[2022-08-04 00:18:54,014] {processor.py:651} INFO - DAG(s) dict_keys(['tutorial']) retrieved from /home/ndx/Innowise tasks/Innowise_task_5/airflow_env/lib/python3.8/site-packages/airflow/example_dags/tutorial.py
[2022-08-04 00:18:54,023] {logging_mixin.py:115} INFO - [2022-08-04 00:18:54,023] {dag.py:2420} INFO - Sync 1 DAGs
[2022-08-04 00:18:54,032] {logging_mixin.py:115} INFO - [2022-08-04 00:18:54,032] {dag.py:2968} INFO - Setting next_dagrun for tutorial to 2022-08-02T21:18:54.032334+00:00, run_after=2022-08-03T21:18:54.032334+00:00
[2022-08-04 00:18:54,041] {processor.py:161} INFO - Processing /home/ndx/Innowise tasks/Innowise_task_5/airflow_env/lib/python3.8/site-packages/airflow/example_dags/tutorial.py took 0.038 seconds
[2022-08-04 00:19:28,797] {processor.py:153} INFO - Started process (PID=47838) to work on /home/ndx/Innowise tasks/Innowise_task_5/airflow_env/lib/python3.8/site-packages/airflow/example_dags/tutorial.py
[2022-08-04 00:19:28,803] {processor.py:641} INFO - Processing file /home/ndx/Innowise tasks/Innowise_task_5/airflow_env/lib/python3.8/site-packages/airflow/example_dags/tutorial.py for tasks to queue
[2022-08-04 00:19:28,803] {logging_mixin.py:115} INFO - [2022-08-04 00:19:28,803] {dagbag.py:508} INFO - Filling up the DagBag from /home/ndx/Innowise tasks/Innowise_task_5/airflow_env/lib/python3.8/site-packages/airflow/example_dags/tutorial.py
[2022-08-04 00:19:28,807] {processor.py:651} INFO - DAG(s) dict_keys(['tutorial']) retrieved from /home/ndx/Innowise tasks/Innowise_task_5/airflow_env/lib/python3.8/site-packages/airflow/example_dags/tutorial.py
[2022-08-04 00:19:28,816] {logging_mixin.py:115} INFO - [2022-08-04 00:19:28,816] {dag.py:2420} INFO - Sync 1 DAGs
[2022-08-04 00:19:28,824] {logging_mixin.py:115} INFO - [2022-08-04 00:19:28,824] {dag.py:2968} INFO - Setting next_dagrun for tutorial to 2022-08-02T21:19:28.824755+00:00, run_after=2022-08-03T21:19:28.824755+00:00
[2022-08-04 00:19:28,832] {processor.py:161} INFO - Processing /home/ndx/Innowise tasks/Innowise_task_5/airflow_env/lib/python3.8/site-packages/airflow/example_dags/tutorial.py took 0.036 seconds
[2022-08-04 00:20:01,793] {processor.py:153} INFO - Started process (PID=47903) to work on /home/ndx/Innowise tasks/Innowise_task_5/airflow_env/lib/python3.8/site-packages/airflow/example_dags/tutorial.py
[2022-08-04 00:20:01,798] {processor.py:641} INFO - Processing file /home/ndx/Innowise tasks/Innowise_task_5/airflow_env/lib/python3.8/site-packages/airflow/example_dags/tutorial.py for tasks to queue
[2022-08-04 00:20:01,799] {logging_mixin.py:115} INFO - [2022-08-04 00:20:01,799] {dagbag.py:508} INFO - Filling up the DagBag from /home/ndx/Innowise tasks/Innowise_task_5/airflow_env/lib/python3.8/site-packages/airflow/example_dags/tutorial.py
[2022-08-04 00:20:01,803] {processor.py:651} INFO - DAG(s) dict_keys(['tutorial']) retrieved from /home/ndx/Innowise tasks/Innowise_task_5/airflow_env/lib/python3.8/site-packages/airflow/example_dags/tutorial.py
[2022-08-04 00:20:01,812] {logging_mixin.py:115} INFO - [2022-08-04 00:20:01,812] {dag.py:2420} INFO - Sync 1 DAGs
[2022-08-04 00:20:01,821] {logging_mixin.py:115} INFO - [2022-08-04 00:20:01,821] {dag.py:2968} INFO - Setting next_dagrun for tutorial to 2022-08-02T21:20:01.820988+00:00, run_after=2022-08-03T21:20:01.820988+00:00
[2022-08-04 00:20:01,828] {processor.py:161} INFO - Processing /home/ndx/Innowise tasks/Innowise_task_5/airflow_env/lib/python3.8/site-packages/airflow/example_dags/tutorial.py took 0.038 seconds
[2022-08-04 00:20:36,578] {processor.py:153} INFO - Started process (PID=48001) to work on /home/ndx/Innowise tasks/Innowise_task_5/airflow_env/lib/python3.8/site-packages/airflow/example_dags/tutorial.py
[2022-08-04 00:20:36,583] {processor.py:641} INFO - Processing file /home/ndx/Innowise tasks/Innowise_task_5/airflow_env/lib/python3.8/site-packages/airflow/example_dags/tutorial.py for tasks to queue
[2022-08-04 00:20:36,584] {logging_mixin.py:115} INFO - [2022-08-04 00:20:36,583] {dagbag.py:508} INFO - Filling up the DagBag from /home/ndx/Innowise tasks/Innowise_task_5/airflow_env/lib/python3.8/site-packages/airflow/example_dags/tutorial.py
[2022-08-04 00:20:36,587] {processor.py:651} INFO - DAG(s) dict_keys(['tutorial']) retrieved from /home/ndx/Innowise tasks/Innowise_task_5/airflow_env/lib/python3.8/site-packages/airflow/example_dags/tutorial.py
[2022-08-04 00:20:36,596] {logging_mixin.py:115} INFO - [2022-08-04 00:20:36,596] {dag.py:2420} INFO - Sync 1 DAGs
[2022-08-04 00:20:36,606] {logging_mixin.py:115} INFO - [2022-08-04 00:20:36,606] {dag.py:2968} INFO - Setting next_dagrun for tutorial to 2022-08-02T21:20:36.606447+00:00, run_after=2022-08-03T21:20:36.606447+00:00
[2022-08-04 00:20:36,613] {processor.py:161} INFO - Processing /home/ndx/Innowise tasks/Innowise_task_5/airflow_env/lib/python3.8/site-packages/airflow/example_dags/tutorial.py took 0.037 seconds
[2022-08-04 00:21:08,525] {processor.py:153} INFO - Started process (PID=48097) to work on /home/ndx/Innowise tasks/Innowise_task_5/airflow_env/lib/python3.8/site-packages/airflow/example_dags/tutorial.py
[2022-08-04 00:21:08,531] {processor.py:641} INFO - Processing file /home/ndx/Innowise tasks/Innowise_task_5/airflow_env/lib/python3.8/site-packages/airflow/example_dags/tutorial.py for tasks to queue
[2022-08-04 00:21:08,531] {logging_mixin.py:115} INFO - [2022-08-04 00:21:08,531] {dagbag.py:508} INFO - Filling up the DagBag from /home/ndx/Innowise tasks/Innowise_task_5/airflow_env/lib/python3.8/site-packages/airflow/example_dags/tutorial.py
[2022-08-04 00:21:08,536] {processor.py:651} INFO - DAG(s) dict_keys(['tutorial']) retrieved from /home/ndx/Innowise tasks/Innowise_task_5/airflow_env/lib/python3.8/site-packages/airflow/example_dags/tutorial.py
[2022-08-04 00:21:08,545] {logging_mixin.py:115} INFO - [2022-08-04 00:21:08,545] {dag.py:2420} INFO - Sync 1 DAGs
[2022-08-04 00:21:08,557] {logging_mixin.py:115} INFO - [2022-08-04 00:21:08,557] {dag.py:2968} INFO - Setting next_dagrun for tutorial to 2022-08-02T21:21:08.557166+00:00, run_after=2022-08-03T21:21:08.557166+00:00
[2022-08-04 00:21:08,566] {processor.py:161} INFO - Processing /home/ndx/Innowise tasks/Innowise_task_5/airflow_env/lib/python3.8/site-packages/airflow/example_dags/tutorial.py took 0.042 seconds
[2022-08-04 00:21:43,341] {processor.py:153} INFO - Started process (PID=48159) to work on /home/ndx/Innowise tasks/Innowise_task_5/airflow_env/lib/python3.8/site-packages/airflow/example_dags/tutorial.py
[2022-08-04 00:21:43,346] {processor.py:641} INFO - Processing file /home/ndx/Innowise tasks/Innowise_task_5/airflow_env/lib/python3.8/site-packages/airflow/example_dags/tutorial.py for tasks to queue
[2022-08-04 00:21:43,347] {logging_mixin.py:115} INFO - [2022-08-04 00:21:43,347] {dagbag.py:508} INFO - Filling up the DagBag from /home/ndx/Innowise tasks/Innowise_task_5/airflow_env/lib/python3.8/site-packages/airflow/example_dags/tutorial.py
[2022-08-04 00:21:43,351] {processor.py:651} INFO - DAG(s) dict_keys(['tutorial']) retrieved from /home/ndx/Innowise tasks/Innowise_task_5/airflow_env/lib/python3.8/site-packages/airflow/example_dags/tutorial.py
[2022-08-04 00:21:43,360] {logging_mixin.py:115} INFO - [2022-08-04 00:21:43,360] {dag.py:2420} INFO - Sync 1 DAGs
[2022-08-04 00:21:43,370] {logging_mixin.py:115} INFO - [2022-08-04 00:21:43,370] {dag.py:2968} INFO - Setting next_dagrun for tutorial to 2022-08-02T21:21:43.370731+00:00, run_after=2022-08-03T21:21:43.370731+00:00
[2022-08-04 00:21:43,377] {processor.py:161} INFO - Processing /home/ndx/Innowise tasks/Innowise_task_5/airflow_env/lib/python3.8/site-packages/airflow/example_dags/tutorial.py took 0.038 seconds
[2022-08-04 00:22:17,841] {processor.py:153} INFO - Started process (PID=48228) to work on /home/ndx/Innowise tasks/Innowise_task_5/airflow_env/lib/python3.8/site-packages/airflow/example_dags/tutorial.py
[2022-08-04 00:22:17,846] {processor.py:641} INFO - Processing file /home/ndx/Innowise tasks/Innowise_task_5/airflow_env/lib/python3.8/site-packages/airflow/example_dags/tutorial.py for tasks to queue
[2022-08-04 00:22:17,846] {logging_mixin.py:115} INFO - [2022-08-04 00:22:17,846] {dagbag.py:508} INFO - Filling up the DagBag from /home/ndx/Innowise tasks/Innowise_task_5/airflow_env/lib/python3.8/site-packages/airflow/example_dags/tutorial.py
[2022-08-04 00:22:17,850] {processor.py:651} INFO - DAG(s) dict_keys(['tutorial']) retrieved from /home/ndx/Innowise tasks/Innowise_task_5/airflow_env/lib/python3.8/site-packages/airflow/example_dags/tutorial.py
[2022-08-04 00:22:17,860] {logging_mixin.py:115} INFO - [2022-08-04 00:22:17,860] {dag.py:2420} INFO - Sync 1 DAGs
[2022-08-04 00:22:17,872] {logging_mixin.py:115} INFO - [2022-08-04 00:22:17,872] {dag.py:2968} INFO - Setting next_dagrun for tutorial to 2022-08-02T21:22:17.872056+00:00, run_after=2022-08-03T21:22:17.872056+00:00
[2022-08-04 00:22:17,879] {processor.py:161} INFO - Processing /home/ndx/Innowise tasks/Innowise_task_5/airflow_env/lib/python3.8/site-packages/airflow/example_dags/tutorial.py took 0.040 seconds
[2022-08-04 00:22:53,611] {processor.py:153} INFO - Started process (PID=48285) to work on /home/ndx/Innowise tasks/Innowise_task_5/airflow_env/lib/python3.8/site-packages/airflow/example_dags/tutorial.py
[2022-08-04 00:22:53,616] {processor.py:641} INFO - Processing file /home/ndx/Innowise tasks/Innowise_task_5/airflow_env/lib/python3.8/site-packages/airflow/example_dags/tutorial.py for tasks to queue
[2022-08-04 00:22:53,617] {logging_mixin.py:115} INFO - [2022-08-04 00:22:53,617] {dagbag.py:508} INFO - Filling up the DagBag from /home/ndx/Innowise tasks/Innowise_task_5/airflow_env/lib/python3.8/site-packages/airflow/example_dags/tutorial.py
[2022-08-04 00:22:53,622] {processor.py:651} INFO - DAG(s) dict_keys(['tutorial']) retrieved from /home/ndx/Innowise tasks/Innowise_task_5/airflow_env/lib/python3.8/site-packages/airflow/example_dags/tutorial.py
[2022-08-04 00:22:53,633] {logging_mixin.py:115} INFO - [2022-08-04 00:22:53,633] {dag.py:2420} INFO - Sync 1 DAGs
[2022-08-04 00:22:53,647] {logging_mixin.py:115} INFO - [2022-08-04 00:22:53,647] {dag.py:2968} INFO - Setting next_dagrun for tutorial to 2022-08-02T21:22:53.647056+00:00, run_after=2022-08-03T21:22:53.647056+00:00
[2022-08-04 00:22:53,655] {processor.py:161} INFO - Processing /home/ndx/Innowise tasks/Innowise_task_5/airflow_env/lib/python3.8/site-packages/airflow/example_dags/tutorial.py took 0.046 seconds
[2022-08-04 00:23:28,724] {processor.py:153} INFO - Started process (PID=48335) to work on /home/ndx/Innowise tasks/Innowise_task_5/airflow_env/lib/python3.8/site-packages/airflow/example_dags/tutorial.py
[2022-08-04 00:23:28,730] {processor.py:641} INFO - Processing file /home/ndx/Innowise tasks/Innowise_task_5/airflow_env/lib/python3.8/site-packages/airflow/example_dags/tutorial.py for tasks to queue
[2022-08-04 00:23:28,730] {logging_mixin.py:115} INFO - [2022-08-04 00:23:28,730] {dagbag.py:508} INFO - Filling up the DagBag from /home/ndx/Innowise tasks/Innowise_task_5/airflow_env/lib/python3.8/site-packages/airflow/example_dags/tutorial.py
[2022-08-04 00:23:28,735] {processor.py:651} INFO - DAG(s) dict_keys(['tutorial']) retrieved from /home/ndx/Innowise tasks/Innowise_task_5/airflow_env/lib/python3.8/site-packages/airflow/example_dags/tutorial.py
[2022-08-04 00:23:28,744] {logging_mixin.py:115} INFO - [2022-08-04 00:23:28,744] {dag.py:2420} INFO - Sync 1 DAGs
[2022-08-04 00:23:28,755] {logging_mixin.py:115} INFO - [2022-08-04 00:23:28,755] {dag.py:2968} INFO - Setting next_dagrun for tutorial to 2022-08-02T21:23:28.755345+00:00, run_after=2022-08-03T21:23:28.755345+00:00
[2022-08-04 00:23:28,762] {processor.py:161} INFO - Processing /home/ndx/Innowise tasks/Innowise_task_5/airflow_env/lib/python3.8/site-packages/airflow/example_dags/tutorial.py took 0.039 seconds
[2022-08-04 00:23:45,496] {processor.py:153} INFO - Started process (PID=48415) to work on /home/ndx/Innowise tasks/Innowise_task_5/airflow_env/lib/python3.8/site-packages/airflow/example_dags/tutorial.py
[2022-08-04 00:23:45,501] {processor.py:641} INFO - Processing file /home/ndx/Innowise tasks/Innowise_task_5/airflow_env/lib/python3.8/site-packages/airflow/example_dags/tutorial.py for tasks to queue
[2022-08-04 00:23:45,501] {logging_mixin.py:115} INFO - [2022-08-04 00:23:45,501] {dagbag.py:508} INFO - Filling up the DagBag from /home/ndx/Innowise tasks/Innowise_task_5/airflow_env/lib/python3.8/site-packages/airflow/example_dags/tutorial.py
[2022-08-04 00:23:45,505] {processor.py:651} INFO - DAG(s) dict_keys(['tutorial']) retrieved from /home/ndx/Innowise tasks/Innowise_task_5/airflow_env/lib/python3.8/site-packages/airflow/example_dags/tutorial.py
[2022-08-04 00:23:45,515] {logging_mixin.py:115} INFO - [2022-08-04 00:23:45,515] {dag.py:2420} INFO - Sync 1 DAGs
[2022-08-04 00:23:45,528] {logging_mixin.py:115} INFO - [2022-08-04 00:23:45,527] {dag.py:2968} INFO - Setting next_dagrun for tutorial to 2022-08-02T21:23:45.527714+00:00, run_after=2022-08-03T21:23:45.527714+00:00
[2022-08-04 00:23:45,535] {processor.py:161} INFO - Processing /home/ndx/Innowise tasks/Innowise_task_5/airflow_env/lib/python3.8/site-packages/airflow/example_dags/tutorial.py took 0.041 seconds
[2022-08-04 00:24:17,577] {processor.py:153} INFO - Started process (PID=48492) to work on /home/ndx/Innowise tasks/Innowise_task_5/airflow_env/lib/python3.8/site-packages/airflow/example_dags/tutorial.py
[2022-08-04 00:24:17,582] {processor.py:641} INFO - Processing file /home/ndx/Innowise tasks/Innowise_task_5/airflow_env/lib/python3.8/site-packages/airflow/example_dags/tutorial.py for tasks to queue
[2022-08-04 00:24:17,583] {logging_mixin.py:115} INFO - [2022-08-04 00:24:17,583] {dagbag.py:508} INFO - Filling up the DagBag from /home/ndx/Innowise tasks/Innowise_task_5/airflow_env/lib/python3.8/site-packages/airflow/example_dags/tutorial.py
[2022-08-04 00:24:17,587] {processor.py:651} INFO - DAG(s) dict_keys(['tutorial']) retrieved from /home/ndx/Innowise tasks/Innowise_task_5/airflow_env/lib/python3.8/site-packages/airflow/example_dags/tutorial.py
[2022-08-04 00:24:17,596] {logging_mixin.py:115} INFO - [2022-08-04 00:24:17,595] {dag.py:2420} INFO - Sync 1 DAGs
[2022-08-04 00:24:17,604] {logging_mixin.py:115} INFO - [2022-08-04 00:24:17,604] {dag.py:2968} INFO - Setting next_dagrun for tutorial to 2022-08-02T21:24:17.604671+00:00, run_after=2022-08-03T21:24:17.604671+00:00
[2022-08-04 00:24:17,613] {processor.py:161} INFO - Processing /home/ndx/Innowise tasks/Innowise_task_5/airflow_env/lib/python3.8/site-packages/airflow/example_dags/tutorial.py took 0.038 seconds
[2022-08-04 00:24:33,451] {processor.py:153} INFO - Started process (PID=48526) to work on /home/ndx/Innowise tasks/Innowise_task_5/airflow_env/lib/python3.8/site-packages/airflow/example_dags/tutorial.py
[2022-08-04 00:24:33,457] {processor.py:641} INFO - Processing file /home/ndx/Innowise tasks/Innowise_task_5/airflow_env/lib/python3.8/site-packages/airflow/example_dags/tutorial.py for tasks to queue
[2022-08-04 00:24:33,457] {logging_mixin.py:115} INFO - [2022-08-04 00:24:33,457] {dagbag.py:508} INFO - Filling up the DagBag from /home/ndx/Innowise tasks/Innowise_task_5/airflow_env/lib/python3.8/site-packages/airflow/example_dags/tutorial.py
[2022-08-04 00:24:33,462] {processor.py:651} INFO - DAG(s) dict_keys(['tutorial']) retrieved from /home/ndx/Innowise tasks/Innowise_task_5/airflow_env/lib/python3.8/site-packages/airflow/example_dags/tutorial.py
[2022-08-04 00:24:33,471] {logging_mixin.py:115} INFO - [2022-08-04 00:24:33,471] {dag.py:2420} INFO - Sync 1 DAGs
[2022-08-04 00:24:33,480] {logging_mixin.py:115} INFO - [2022-08-04 00:24:33,480] {dag.py:2968} INFO - Setting next_dagrun for tutorial to 2022-08-02T21:24:33.480068+00:00, run_after=2022-08-03T21:24:33.480068+00:00
[2022-08-04 00:24:33,487] {processor.py:161} INFO - Processing /home/ndx/Innowise tasks/Innowise_task_5/airflow_env/lib/python3.8/site-packages/airflow/example_dags/tutorial.py took 0.037 seconds
[2022-08-04 00:24:50,879] {processor.py:153} INFO - Started process (PID=48574) to work on /home/ndx/Innowise tasks/Innowise_task_5/airflow_env/lib/python3.8/site-packages/airflow/example_dags/tutorial.py
[2022-08-04 00:24:50,884] {processor.py:641} INFO - Processing file /home/ndx/Innowise tasks/Innowise_task_5/airflow_env/lib/python3.8/site-packages/airflow/example_dags/tutorial.py for tasks to queue
[2022-08-04 00:24:50,884] {logging_mixin.py:115} INFO - [2022-08-04 00:24:50,884] {dagbag.py:508} INFO - Filling up the DagBag from /home/ndx/Innowise tasks/Innowise_task_5/airflow_env/lib/python3.8/site-packages/airflow/example_dags/tutorial.py
[2022-08-04 00:24:50,888] {processor.py:651} INFO - DAG(s) dict_keys(['tutorial']) retrieved from /home/ndx/Innowise tasks/Innowise_task_5/airflow_env/lib/python3.8/site-packages/airflow/example_dags/tutorial.py
[2022-08-04 00:24:50,898] {logging_mixin.py:115} INFO - [2022-08-04 00:24:50,898] {dag.py:2420} INFO - Sync 1 DAGs
[2022-08-04 00:24:50,908] {logging_mixin.py:115} INFO - [2022-08-04 00:24:50,908] {dag.py:2968} INFO - Setting next_dagrun for tutorial to 2022-08-02T21:24:50.908248+00:00, run_after=2022-08-03T21:24:50.908248+00:00
[2022-08-04 00:24:50,915] {processor.py:161} INFO - Processing /home/ndx/Innowise tasks/Innowise_task_5/airflow_env/lib/python3.8/site-packages/airflow/example_dags/tutorial.py took 0.038 seconds
